[2024-03-28 15:44:35,393] {taskinstance.py:1032} INFO - Dependencies all met for <TaskInstance: ingest_data_postgres.download_dataset_task scheduled__2021-01-01T00:00:00+00:00 [queued]>
[2024-03-28 15:44:35,421] {taskinstance.py:1032} INFO - Dependencies all met for <TaskInstance: ingest_data_postgres.download_dataset_task scheduled__2021-01-01T00:00:00+00:00 [queued]>
[2024-03-28 15:44:35,421] {taskinstance.py:1238} INFO - 
--------------------------------------------------------------------------------
[2024-03-28 15:44:35,422] {taskinstance.py:1239} INFO - Starting attempt 1 of 4
[2024-03-28 15:44:35,422] {taskinstance.py:1240} INFO - 
--------------------------------------------------------------------------------
[2024-03-28 15:44:35,455] {taskinstance.py:1259} INFO - Executing <Task(BashOperator): download_dataset_task> on 2021-01-01 00:00:00+00:00
[2024-03-28 15:44:35,463] {standard_task_runner.py:52} INFO - Started process 3039 to run task
[2024-03-28 15:44:35,482] {standard_task_runner.py:76} INFO - Running: ['***', 'tasks', 'run', 'ingest_data_postgres', 'download_dataset_task', 'scheduled__2021-01-01T00:00:00+00:00', '--job-id', '1201', '--raw', '--subdir', 'DAGS_FOLDER/data_ingestion_dag.py', '--cfg-path', '/tmp/tmp81tgcjf7', '--error-file', '/tmp/tmprpzach5d']
[2024-03-28 15:44:35,483] {standard_task_runner.py:77} INFO - Job 1201: Subtask download_dataset_task
[2024-03-28 15:44:35,574] {logging_mixin.py:109} INFO - Running <TaskInstance: ingest_data_postgres.download_dataset_task scheduled__2021-01-01T00:00:00+00:00 [running]> on host 05f84def3a12
[2024-03-28 15:44:35,644] {warnings.py:99} WARNING - /home/***/.local/lib/python3.6/site-packages/***/utils/context.py:152: AirflowContextDeprecationWarning: Accessing 'execution_date' from the template is deprecated and will be removed in a future version. Please use 'data_interval_start' or 'logical_date' instead.
  warnings.warn(_create_deprecation_warning(key, self._deprecation_replacements[key]))

[2024-03-28 15:44:35,683] {taskinstance.py:1426} INFO - Exporting the following env vars:
AIRFLOW_CTX_DAG_OWNER=***
AIRFLOW_CTX_DAG_ID=ingest_data_postgres
AIRFLOW_CTX_TASK_ID=download_dataset_task
AIRFLOW_CTX_EXECUTION_DATE=2021-01-01T00:00:00+00:00
AIRFLOW_CTX_DAG_RUN_ID=scheduled__2021-01-01T00:00:00+00:00
[2024-03-28 15:44:35,685] {subprocess.py:62} INFO - Tmp dir root location: 
 /tmp
[2024-03-28 15:44:35,686] {subprocess.py:74} INFO - Running command: ['bash', '-c', 'curl -sSL https://d37ci6vzurychx.cloudfront.net/trip-data/yellow_tripdata_2021-01.parquet > /opt/***/yellowtaxi_tripdata_2021-01.parquet']
[2024-03-28 15:44:35,712] {subprocess.py:85} INFO - Output:
[2024-03-28 15:44:39,677] {subprocess.py:93} INFO - Command exited with return code 0
[2024-03-28 15:44:39,808] {taskinstance.py:1277} INFO - Marking task as SUCCESS. dag_id=ingest_data_postgres, task_id=download_dataset_task, execution_date=20210101T000000, start_date=20240328T154435, end_date=20240328T154439
[2024-03-28 15:44:39,876] {local_task_job.py:154} INFO - Task exited with return code 0
[2024-03-28 15:44:39,983] {local_task_job.py:264} INFO - 1 downstream tasks scheduled from follow-on schedule check
