[2024-05-18 13:04:17,789] {taskinstance.py:1032} INFO - Dependencies all met for <TaskInstance: ingest_data_bigquery_fhv.bigquery_external_table_task scheduled__2020-03-02T06:00:00+00:00 [queued]>
[2024-05-18 13:04:17,828] {taskinstance.py:1032} INFO - Dependencies all met for <TaskInstance: ingest_data_bigquery_fhv.bigquery_external_table_task scheduled__2020-03-02T06:00:00+00:00 [queued]>
[2024-05-18 13:04:17,835] {taskinstance.py:1238} INFO - 
--------------------------------------------------------------------------------
[2024-05-18 13:04:17,840] {taskinstance.py:1239} INFO - Starting attempt 1 of 3
[2024-05-18 13:04:17,840] {taskinstance.py:1240} INFO - 
--------------------------------------------------------------------------------
[2024-05-18 13:04:17,895] {taskinstance.py:1259} INFO - Executing <Task(BigQueryCreateExternalTableOperator): bigquery_external_table_task> on 2020-03-02 06:00:00+00:00
[2024-05-18 13:04:17,921] {standard_task_runner.py:52} INFO - Started process 8127 to run task
[2024-05-18 13:04:17,940] {standard_task_runner.py:76} INFO - Running: ['***', 'tasks', 'run', 'ingest_data_bigquery_fhv', 'bigquery_external_table_task', 'scheduled__2020-03-02T06:00:00+00:00', '--job-id', '5259', '--raw', '--subdir', 'DAGS_FOLDER/data_ingestion_gcs_fhv_dag .py', '--cfg-path', '/tmp/tmp_qg8fmmd', '--error-file', '/tmp/tmplqukbf1y']
[2024-05-18 13:04:17,957] {standard_task_runner.py:77} INFO - Job 5259: Subtask bigquery_external_table_task
[2024-05-18 13:04:18,134] {logging_mixin.py:109} INFO - Running <TaskInstance: ingest_data_bigquery_fhv.bigquery_external_table_task scheduled__2020-03-02T06:00:00+00:00 [running]> on host 45b18388e83d
[2024-05-18 13:04:18,375] {taskinstance.py:1426} INFO - Exporting the following env vars:
AIRFLOW_CTX_DAG_OWNER=***
AIRFLOW_CTX_DAG_ID=ingest_data_bigquery_fhv
AIRFLOW_CTX_TASK_ID=bigquery_external_table_task
AIRFLOW_CTX_EXECUTION_DATE=2020-03-02T06:00:00+00:00
AIRFLOW_CTX_DAG_RUN_ID=scheduled__2020-03-02T06:00:00+00:00
[2024-05-18 13:04:18,378] {crypto.py:82} WARNING - empty cryptography key - values will not be stored encrypted.
[2024-05-18 13:04:18,387] {warnings.py:99} WARNING - /home/***/.local/lib/python3.6/site-packages/***/providers/google/cloud/hooks/bigquery.py:637: DeprecationWarning: This method is deprecated. Please use `BigQueryHook.create_empty_table` method with passing the `table_resource` object. This gives more flexibility than this method.
  DeprecationWarning,

[2024-05-18 13:04:18,420] {bigquery.py:700} INFO - Creating external table: nyc_tlc_data.fhvtaxi_trips
[2024-05-18 13:04:18,996] {bigquery.py:704} INFO - External table created successfully: nyc_tlc_data.fhvtaxi_trips
[2024-05-18 13:04:19,018] {taskinstance.py:1277} INFO - Marking task as SUCCESS. dag_id=ingest_data_bigquery_fhv, task_id=bigquery_external_table_task, execution_date=20200302T060000, start_date=20240518T130417, end_date=20240518T130419
[2024-05-18 13:04:19,251] {local_task_job.py:154} INFO - Task exited with return code 0
[2024-05-18 13:04:19,357] {local_task_job.py:264} INFO - 0 downstream tasks scheduled from follow-on schedule check
[2024-05-18 13:14:21,969] {taskinstance.py:1032} INFO - Dependencies all met for <TaskInstance: ingest_data_bigquery_fhv.bigquery_external_table_task scheduled__2020-03-02T06:00:00+00:00 [queued]>
[2024-05-18 13:14:22,043] {taskinstance.py:1032} INFO - Dependencies all met for <TaskInstance: ingest_data_bigquery_fhv.bigquery_external_table_task scheduled__2020-03-02T06:00:00+00:00 [queued]>
[2024-05-18 13:14:22,044] {taskinstance.py:1238} INFO - 
--------------------------------------------------------------------------------
[2024-05-18 13:14:22,045] {taskinstance.py:1239} INFO - Starting attempt 1 of 3
[2024-05-18 13:14:22,045] {taskinstance.py:1240} INFO - 
--------------------------------------------------------------------------------
[2024-05-18 13:14:22,081] {taskinstance.py:1259} INFO - Executing <Task(BigQueryCreateExternalTableOperator): bigquery_external_table_task> on 2020-03-02 06:00:00+00:00
[2024-05-18 13:14:22,098] {standard_task_runner.py:52} INFO - Started process 9069 to run task
[2024-05-18 13:14:22,140] {standard_task_runner.py:76} INFO - Running: ['***', 'tasks', 'run', 'ingest_data_bigquery_fhv', 'bigquery_external_table_task', 'scheduled__2020-03-02T06:00:00+00:00', '--job-id', '5351', '--raw', '--subdir', 'DAGS_FOLDER/data_ingestion_gcs_fhv_dag .py', '--cfg-path', '/tmp/tmpbi_bu8n2', '--error-file', '/tmp/tmp9w5d1zjh']
[2024-05-18 13:14:22,173] {standard_task_runner.py:77} INFO - Job 5351: Subtask bigquery_external_table_task
[2024-05-18 13:14:22,657] {logging_mixin.py:109} INFO - Running <TaskInstance: ingest_data_bigquery_fhv.bigquery_external_table_task scheduled__2020-03-02T06:00:00+00:00 [running]> on host 45b18388e83d
[2024-05-18 13:14:22,812] {taskinstance.py:1426} INFO - Exporting the following env vars:
AIRFLOW_CTX_DAG_OWNER=***
AIRFLOW_CTX_DAG_ID=ingest_data_bigquery_fhv
AIRFLOW_CTX_TASK_ID=bigquery_external_table_task
AIRFLOW_CTX_EXECUTION_DATE=2020-03-02T06:00:00+00:00
AIRFLOW_CTX_DAG_RUN_ID=scheduled__2020-03-02T06:00:00+00:00
[2024-05-18 13:14:22,819] {crypto.py:82} WARNING - empty cryptography key - values will not be stored encrypted.
[2024-05-18 13:14:22,861] {warnings.py:99} WARNING - /home/***/.local/lib/python3.6/site-packages/***/providers/google/cloud/hooks/bigquery.py:637: DeprecationWarning: This method is deprecated. Please use `BigQueryHook.create_empty_table` method with passing the `table_resource` object. This gives more flexibility than this method.
  DeprecationWarning,

[2024-05-18 13:14:22,862] {bigquery.py:700} INFO - Creating external table: nyc_tlc_data.fhvtaxi_trips
[2024-05-18 13:14:23,169] {bigquery.py:704} INFO - External table created successfully: nyc_tlc_data.fhvtaxi_trips
[2024-05-18 13:14:23,368] {taskinstance.py:1277} INFO - Marking task as SUCCESS. dag_id=ingest_data_bigquery_fhv, task_id=bigquery_external_table_task, execution_date=20200302T060000, start_date=20240518T131421, end_date=20240518T131423
[2024-05-18 13:14:23,466] {local_task_job.py:154} INFO - Task exited with return code 0
[2024-05-18 13:14:23,760] {local_task_job.py:264} INFO - 0 downstream tasks scheduled from follow-on schedule check
