[2024-12-15 11:53:33,130] {processor.py:163} INFO - Started process (PID=59) to work on /opt/airflow/dags/data_ingestion_gcs_gt_dag .py
[2024-12-15 11:53:33,132] {processor.py:642} INFO - Processing file /opt/airflow/dags/data_ingestion_gcs_gt_dag .py for tasks to queue
[2024-12-15 11:53:33,133] {logging_mixin.py:109} INFO - [2024-12-15 11:53:33,132] {dagbag.py:500} INFO - Filling up the DagBag from /opt/airflow/dags/data_ingestion_gcs_gt_dag .py
[2024-12-15 11:53:36,606] {processor.py:654} INFO - DAG(s) dict_keys(['ingest_data_bigquery_gt']) retrieved from /opt/airflow/dags/data_ingestion_gcs_gt_dag .py
[2024-12-15 11:53:36,667] {logging_mixin.py:109} INFO - [2024-12-15 11:53:36,665] {dag.py:2396} INFO - Sync 1 DAGs
[2024-12-15 11:53:36,764] {logging_mixin.py:109} INFO - [2024-12-15 11:53:36,764] {dag.py:2935} INFO - Setting next_dagrun for ingest_data_bigquery_gt to 2019-01-02 06:00:00+00:00
[2024-12-15 11:53:36,794] {processor.py:171} INFO - Processing /opt/airflow/dags/data_ingestion_gcs_gt_dag .py took 3.685 seconds
[2024-12-15 11:54:07,112] {processor.py:163} INFO - Started process (PID=102) to work on /opt/airflow/dags/data_ingestion_gcs_gt_dag .py
[2024-12-15 11:54:07,114] {processor.py:642} INFO - Processing file /opt/airflow/dags/data_ingestion_gcs_gt_dag .py for tasks to queue
[2024-12-15 11:54:07,115] {logging_mixin.py:109} INFO - [2024-12-15 11:54:07,115] {dagbag.py:500} INFO - Filling up the DagBag from /opt/airflow/dags/data_ingestion_gcs_gt_dag .py
[2024-12-15 11:54:09,717] {processor.py:654} INFO - DAG(s) dict_keys(['ingest_data_bigquery_gt']) retrieved from /opt/airflow/dags/data_ingestion_gcs_gt_dag .py
[2024-12-15 11:54:09,738] {logging_mixin.py:109} INFO - [2024-12-15 11:54:09,736] {dag.py:2396} INFO - Sync 1 DAGs
[2024-12-15 11:54:09,766] {logging_mixin.py:109} INFO - [2024-12-15 11:54:09,766] {dag.py:2935} INFO - Setting next_dagrun for ingest_data_bigquery_gt to 2019-01-02 06:00:00+00:00
[2024-12-15 11:54:09,779] {processor.py:171} INFO - Processing /opt/airflow/dags/data_ingestion_gcs_gt_dag .py took 2.684 seconds
[2024-12-15 11:54:40,390] {processor.py:163} INFO - Started process (PID=152) to work on /opt/airflow/dags/data_ingestion_gcs_gt_dag .py
[2024-12-15 11:54:40,400] {processor.py:642} INFO - Processing file /opt/airflow/dags/data_ingestion_gcs_gt_dag .py for tasks to queue
[2024-12-15 11:54:40,401] {logging_mixin.py:109} INFO - [2024-12-15 11:54:40,401] {dagbag.py:500} INFO - Filling up the DagBag from /opt/airflow/dags/data_ingestion_gcs_gt_dag .py
[2024-12-15 11:54:41,931] {processor.py:654} INFO - DAG(s) dict_keys(['ingest_data_bigquery_gt']) retrieved from /opt/airflow/dags/data_ingestion_gcs_gt_dag .py
[2024-12-15 11:54:41,948] {logging_mixin.py:109} INFO - [2024-12-15 11:54:41,946] {dag.py:2396} INFO - Sync 1 DAGs
[2024-12-15 11:54:41,977] {logging_mixin.py:109} INFO - [2024-12-15 11:54:41,977] {dag.py:2935} INFO - Setting next_dagrun for ingest_data_bigquery_gt to 2019-01-02 06:00:00+00:00
[2024-12-15 11:54:41,988] {processor.py:171} INFO - Processing /opt/airflow/dags/data_ingestion_gcs_gt_dag .py took 1.604 seconds
[2024-12-15 11:55:12,225] {processor.py:163} INFO - Started process (PID=194) to work on /opt/airflow/dags/data_ingestion_gcs_gt_dag .py
[2024-12-15 11:55:12,227] {processor.py:642} INFO - Processing file /opt/airflow/dags/data_ingestion_gcs_gt_dag .py for tasks to queue
[2024-12-15 11:55:12,228] {logging_mixin.py:109} INFO - [2024-12-15 11:55:12,228] {dagbag.py:500} INFO - Filling up the DagBag from /opt/airflow/dags/data_ingestion_gcs_gt_dag .py
[2024-12-15 11:55:13,080] {processor.py:654} INFO - DAG(s) dict_keys(['ingest_data_bigquery_gt']) retrieved from /opt/airflow/dags/data_ingestion_gcs_gt_dag .py
[2024-12-15 11:55:13,092] {logging_mixin.py:109} INFO - [2024-12-15 11:55:13,091] {dag.py:2396} INFO - Sync 1 DAGs
[2024-12-15 11:55:13,112] {logging_mixin.py:109} INFO - [2024-12-15 11:55:13,112] {dag.py:2935} INFO - Setting next_dagrun for ingest_data_bigquery_gt to 2019-01-02 06:00:00+00:00
[2024-12-15 11:55:13,120] {processor.py:171} INFO - Processing /opt/airflow/dags/data_ingestion_gcs_gt_dag .py took 0.899 seconds
[2024-12-15 11:55:43,449] {processor.py:163} INFO - Started process (PID=234) to work on /opt/airflow/dags/data_ingestion_gcs_gt_dag .py
[2024-12-15 11:55:43,451] {processor.py:642} INFO - Processing file /opt/airflow/dags/data_ingestion_gcs_gt_dag .py for tasks to queue
[2024-12-15 11:55:43,452] {logging_mixin.py:109} INFO - [2024-12-15 11:55:43,452] {dagbag.py:500} INFO - Filling up the DagBag from /opt/airflow/dags/data_ingestion_gcs_gt_dag .py
[2024-12-15 11:55:44,320] {processor.py:654} INFO - DAG(s) dict_keys(['ingest_data_bigquery_gt']) retrieved from /opt/airflow/dags/data_ingestion_gcs_gt_dag .py
[2024-12-15 11:55:44,334] {logging_mixin.py:109} INFO - [2024-12-15 11:55:44,333] {dag.py:2396} INFO - Sync 1 DAGs
[2024-12-15 11:55:44,353] {logging_mixin.py:109} INFO - [2024-12-15 11:55:44,353] {dag.py:2935} INFO - Setting next_dagrun for ingest_data_bigquery_gt to 2019-01-02 06:00:00+00:00
[2024-12-15 11:55:44,363] {processor.py:171} INFO - Processing /opt/airflow/dags/data_ingestion_gcs_gt_dag .py took 0.918 seconds
[2024-12-15 11:56:14,977] {processor.py:163} INFO - Started process (PID=284) to work on /opt/airflow/dags/data_ingestion_gcs_gt_dag .py
[2024-12-15 11:56:14,990] {processor.py:642} INFO - Processing file /opt/airflow/dags/data_ingestion_gcs_gt_dag .py for tasks to queue
[2024-12-15 11:56:14,991] {logging_mixin.py:109} INFO - [2024-12-15 11:56:14,991] {dagbag.py:500} INFO - Filling up the DagBag from /opt/airflow/dags/data_ingestion_gcs_gt_dag .py
[2024-12-15 11:56:16,211] {processor.py:654} INFO - DAG(s) dict_keys(['ingest_data_bigquery_gt']) retrieved from /opt/airflow/dags/data_ingestion_gcs_gt_dag .py
[2024-12-15 11:56:16,233] {logging_mixin.py:109} INFO - [2024-12-15 11:56:16,231] {dag.py:2396} INFO - Sync 1 DAGs
[2024-12-15 11:56:16,261] {logging_mixin.py:109} INFO - [2024-12-15 11:56:16,261] {dag.py:2935} INFO - Setting next_dagrun for ingest_data_bigquery_gt to 2019-01-02 06:00:00+00:00
[2024-12-15 11:56:16,272] {processor.py:171} INFO - Processing /opt/airflow/dags/data_ingestion_gcs_gt_dag .py took 1.300 seconds
[2024-12-15 11:56:46,319] {processor.py:163} INFO - Started process (PID=324) to work on /opt/airflow/dags/data_ingestion_gcs_gt_dag .py
[2024-12-15 11:56:46,323] {processor.py:642} INFO - Processing file /opt/airflow/dags/data_ingestion_gcs_gt_dag .py for tasks to queue
[2024-12-15 11:56:46,323] {logging_mixin.py:109} INFO - [2024-12-15 11:56:46,323] {dagbag.py:500} INFO - Filling up the DagBag from /opt/airflow/dags/data_ingestion_gcs_gt_dag .py
[2024-12-15 11:56:47,240] {processor.py:654} INFO - DAG(s) dict_keys(['ingest_data_bigquery_gt']) retrieved from /opt/airflow/dags/data_ingestion_gcs_gt_dag .py
[2024-12-15 11:56:47,255] {logging_mixin.py:109} INFO - [2024-12-15 11:56:47,254] {dag.py:2396} INFO - Sync 1 DAGs
[2024-12-15 11:56:47,275] {logging_mixin.py:109} INFO - [2024-12-15 11:56:47,274] {dag.py:2935} INFO - Setting next_dagrun for ingest_data_bigquery_gt to 2019-01-02 06:00:00+00:00
[2024-12-15 11:56:47,284] {processor.py:171} INFO - Processing /opt/airflow/dags/data_ingestion_gcs_gt_dag .py took 0.970 seconds
[2024-12-15 11:57:17,344] {processor.py:163} INFO - Started process (PID=374) to work on /opt/airflow/dags/data_ingestion_gcs_gt_dag .py
[2024-12-15 11:57:17,346] {processor.py:642} INFO - Processing file /opt/airflow/dags/data_ingestion_gcs_gt_dag .py for tasks to queue
[2024-12-15 11:57:17,347] {logging_mixin.py:109} INFO - [2024-12-15 11:57:17,347] {dagbag.py:500} INFO - Filling up the DagBag from /opt/airflow/dags/data_ingestion_gcs_gt_dag .py
[2024-12-15 11:57:18,637] {processor.py:654} INFO - DAG(s) dict_keys(['ingest_data_bigquery_gt']) retrieved from /opt/airflow/dags/data_ingestion_gcs_gt_dag .py
[2024-12-15 11:57:18,655] {logging_mixin.py:109} INFO - [2024-12-15 11:57:18,653] {dag.py:2396} INFO - Sync 1 DAGs
[2024-12-15 11:57:18,679] {logging_mixin.py:109} INFO - [2024-12-15 11:57:18,678] {dag.py:2935} INFO - Setting next_dagrun for ingest_data_bigquery_gt to 2019-01-02 06:00:00+00:00
[2024-12-15 11:57:18,690] {processor.py:171} INFO - Processing /opt/airflow/dags/data_ingestion_gcs_gt_dag .py took 1.351 seconds
[2024-12-15 11:57:48,826] {processor.py:163} INFO - Started process (PID=414) to work on /opt/airflow/dags/data_ingestion_gcs_gt_dag .py
[2024-12-15 11:57:48,847] {processor.py:642} INFO - Processing file /opt/airflow/dags/data_ingestion_gcs_gt_dag .py for tasks to queue
[2024-12-15 11:57:48,847] {logging_mixin.py:109} INFO - [2024-12-15 11:57:48,847] {dagbag.py:500} INFO - Filling up the DagBag from /opt/airflow/dags/data_ingestion_gcs_gt_dag .py
[2024-12-15 11:57:49,826] {processor.py:654} INFO - DAG(s) dict_keys(['ingest_data_bigquery_gt']) retrieved from /opt/airflow/dags/data_ingestion_gcs_gt_dag .py
[2024-12-15 11:57:49,844] {logging_mixin.py:109} INFO - [2024-12-15 11:57:49,842] {dag.py:2396} INFO - Sync 1 DAGs
[2024-12-15 11:57:49,866] {logging_mixin.py:109} INFO - [2024-12-15 11:57:49,866] {dag.py:2935} INFO - Setting next_dagrun for ingest_data_bigquery_gt to 2019-01-02 06:00:00+00:00
[2024-12-15 11:57:49,876] {processor.py:171} INFO - Processing /opt/airflow/dags/data_ingestion_gcs_gt_dag .py took 1.054 seconds
[2024-12-15 11:58:19,994] {processor.py:163} INFO - Started process (PID=463) to work on /opt/airflow/dags/data_ingestion_gcs_gt_dag .py
[2024-12-15 11:58:19,996] {processor.py:642} INFO - Processing file /opt/airflow/dags/data_ingestion_gcs_gt_dag .py for tasks to queue
[2024-12-15 11:58:19,997] {logging_mixin.py:109} INFO - [2024-12-15 11:58:19,996] {dagbag.py:500} INFO - Filling up the DagBag from /opt/airflow/dags/data_ingestion_gcs_gt_dag .py
[2024-12-15 11:58:20,942] {processor.py:654} INFO - DAG(s) dict_keys(['ingest_data_bigquery_gt']) retrieved from /opt/airflow/dags/data_ingestion_gcs_gt_dag .py
[2024-12-15 11:58:20,960] {logging_mixin.py:109} INFO - [2024-12-15 11:58:20,957] {dag.py:2396} INFO - Sync 1 DAGs
[2024-12-15 11:58:20,986] {logging_mixin.py:109} INFO - [2024-12-15 11:58:20,986] {dag.py:2935} INFO - Setting next_dagrun for ingest_data_bigquery_gt to 2019-01-02 06:00:00+00:00
[2024-12-15 11:58:20,996] {processor.py:171} INFO - Processing /opt/airflow/dags/data_ingestion_gcs_gt_dag .py took 1.007 seconds
[2024-12-15 11:58:51,135] {processor.py:163} INFO - Started process (PID=509) to work on /opt/airflow/dags/data_ingestion_gcs_gt_dag .py
[2024-12-15 11:58:51,141] {processor.py:642} INFO - Processing file /opt/airflow/dags/data_ingestion_gcs_gt_dag .py for tasks to queue
[2024-12-15 11:58:51,142] {logging_mixin.py:109} INFO - [2024-12-15 11:58:51,141] {dagbag.py:500} INFO - Filling up the DagBag from /opt/airflow/dags/data_ingestion_gcs_gt_dag .py
[2024-12-15 11:58:52,607] {processor.py:654} INFO - DAG(s) dict_keys(['ingest_data_bigquery_gt']) retrieved from /opt/airflow/dags/data_ingestion_gcs_gt_dag .py
[2024-12-15 11:58:52,630] {logging_mixin.py:109} INFO - [2024-12-15 11:58:52,628] {dag.py:2396} INFO - Sync 1 DAGs
[2024-12-15 11:58:52,656] {logging_mixin.py:109} INFO - [2024-12-15 11:58:52,656] {dag.py:2935} INFO - Setting next_dagrun for ingest_data_bigquery_gt to 2019-01-02 06:00:00+00:00
[2024-12-15 11:58:52,667] {processor.py:171} INFO - Processing /opt/airflow/dags/data_ingestion_gcs_gt_dag .py took 1.537 seconds
[2024-12-15 11:59:23,077] {processor.py:163} INFO - Started process (PID=549) to work on /opt/airflow/dags/data_ingestion_gcs_gt_dag .py
[2024-12-15 11:59:23,079] {processor.py:642} INFO - Processing file /opt/airflow/dags/data_ingestion_gcs_gt_dag .py for tasks to queue
[2024-12-15 11:59:23,080] {logging_mixin.py:109} INFO - [2024-12-15 11:59:23,080] {dagbag.py:500} INFO - Filling up the DagBag from /opt/airflow/dags/data_ingestion_gcs_gt_dag .py
[2024-12-15 11:59:24,147] {processor.py:654} INFO - DAG(s) dict_keys(['ingest_data_bigquery_gt']) retrieved from /opt/airflow/dags/data_ingestion_gcs_gt_dag .py
[2024-12-15 11:59:24,160] {logging_mixin.py:109} INFO - [2024-12-15 11:59:24,158] {dag.py:2396} INFO - Sync 1 DAGs
[2024-12-15 11:59:24,179] {logging_mixin.py:109} INFO - [2024-12-15 11:59:24,179] {dag.py:2935} INFO - Setting next_dagrun for ingest_data_bigquery_gt to 2019-01-02 06:00:00+00:00
[2024-12-15 11:59:24,188] {processor.py:171} INFO - Processing /opt/airflow/dags/data_ingestion_gcs_gt_dag .py took 1.116 seconds
[2024-12-15 14:19:45,725] {processor.py:163} INFO - Started process (PID=53) to work on /opt/airflow/dags/data_ingestion_gcs_gt_dag .py
[2024-12-15 14:19:45,736] {processor.py:642} INFO - Processing file /opt/airflow/dags/data_ingestion_gcs_gt_dag .py for tasks to queue
[2024-12-15 14:19:45,737] {logging_mixin.py:109} INFO - [2024-12-15 14:19:45,737] {dagbag.py:500} INFO - Filling up the DagBag from /opt/airflow/dags/data_ingestion_gcs_gt_dag .py
[2024-12-15 14:19:48,966] {processor.py:654} INFO - DAG(s) dict_keys(['ingest_data_bigquery_gt']) retrieved from /opt/airflow/dags/data_ingestion_gcs_gt_dag .py
[2024-12-15 14:19:48,991] {logging_mixin.py:109} INFO - [2024-12-15 14:19:48,990] {dag.py:2396} INFO - Sync 1 DAGs
[2024-12-15 14:19:49,022] {logging_mixin.py:109} INFO - [2024-12-15 14:19:49,021] {dag.py:2935} INFO - Setting next_dagrun for ingest_data_bigquery_gt to 2019-01-02 06:00:00+00:00
[2024-12-15 14:19:49,042] {processor.py:171} INFO - Processing /opt/airflow/dags/data_ingestion_gcs_gt_dag .py took 3.326 seconds
[2024-12-15 14:20:19,932] {processor.py:163} INFO - Started process (PID=107) to work on /opt/airflow/dags/data_ingestion_gcs_gt_dag .py
[2024-12-15 14:20:19,941] {processor.py:642} INFO - Processing file /opt/airflow/dags/data_ingestion_gcs_gt_dag .py for tasks to queue
[2024-12-15 14:20:19,942] {logging_mixin.py:109} INFO - [2024-12-15 14:20:19,941] {dagbag.py:500} INFO - Filling up the DagBag from /opt/airflow/dags/data_ingestion_gcs_gt_dag .py
[2024-12-15 14:20:21,626] {processor.py:654} INFO - DAG(s) dict_keys(['ingest_data_bigquery_gt']) retrieved from /opt/airflow/dags/data_ingestion_gcs_gt_dag .py
[2024-12-15 14:20:21,644] {logging_mixin.py:109} INFO - [2024-12-15 14:20:21,642] {dag.py:2396} INFO - Sync 1 DAGs
[2024-12-15 14:20:21,673] {logging_mixin.py:109} INFO - [2024-12-15 14:20:21,673] {dag.py:2935} INFO - Setting next_dagrun for ingest_data_bigquery_gt to 2019-01-02 06:00:00+00:00
[2024-12-15 14:20:21,684] {processor.py:171} INFO - Processing /opt/airflow/dags/data_ingestion_gcs_gt_dag .py took 1.767 seconds
[2024-12-15 14:20:52,134] {processor.py:163} INFO - Started process (PID=147) to work on /opt/airflow/dags/data_ingestion_gcs_gt_dag .py
[2024-12-15 14:20:52,139] {processor.py:642} INFO - Processing file /opt/airflow/dags/data_ingestion_gcs_gt_dag .py for tasks to queue
[2024-12-15 14:20:52,140] {logging_mixin.py:109} INFO - [2024-12-15 14:20:52,140] {dagbag.py:500} INFO - Filling up the DagBag from /opt/airflow/dags/data_ingestion_gcs_gt_dag .py
[2024-12-15 14:20:53,583] {processor.py:654} INFO - DAG(s) dict_keys(['ingest_data_bigquery_gt']) retrieved from /opt/airflow/dags/data_ingestion_gcs_gt_dag .py
[2024-12-15 14:20:53,595] {logging_mixin.py:109} INFO - [2024-12-15 14:20:53,594] {dag.py:2396} INFO - Sync 1 DAGs
[2024-12-15 14:20:53,615] {logging_mixin.py:109} INFO - [2024-12-15 14:20:53,615] {dag.py:2935} INFO - Setting next_dagrun for ingest_data_bigquery_gt to 2019-01-02 06:00:00+00:00
[2024-12-15 14:20:53,623] {processor.py:171} INFO - Processing /opt/airflow/dags/data_ingestion_gcs_gt_dag .py took 1.503 seconds
[2024-12-15 14:21:24,267] {processor.py:163} INFO - Started process (PID=188) to work on /opt/airflow/dags/data_ingestion_gcs_gt_dag .py
[2024-12-15 14:21:24,269] {processor.py:642} INFO - Processing file /opt/airflow/dags/data_ingestion_gcs_gt_dag .py for tasks to queue
[2024-12-15 14:21:24,270] {logging_mixin.py:109} INFO - [2024-12-15 14:21:24,270] {dagbag.py:500} INFO - Filling up the DagBag from /opt/airflow/dags/data_ingestion_gcs_gt_dag .py
[2024-12-15 14:21:25,255] {processor.py:654} INFO - DAG(s) dict_keys(['ingest_data_bigquery_gt']) retrieved from /opt/airflow/dags/data_ingestion_gcs_gt_dag .py
[2024-12-15 14:21:25,273] {logging_mixin.py:109} INFO - [2024-12-15 14:21:25,272] {dag.py:2396} INFO - Sync 1 DAGs
[2024-12-15 14:21:25,293] {logging_mixin.py:109} INFO - [2024-12-15 14:21:25,293] {dag.py:2935} INFO - Setting next_dagrun for ingest_data_bigquery_gt to 2019-01-02 06:00:00+00:00
[2024-12-15 14:21:25,303] {processor.py:171} INFO - Processing /opt/airflow/dags/data_ingestion_gcs_gt_dag .py took 1.041 seconds
[2024-12-15 14:21:55,392] {processor.py:163} INFO - Started process (PID=239) to work on /opt/airflow/dags/data_ingestion_gcs_gt_dag .py
[2024-12-15 14:21:55,394] {processor.py:642} INFO - Processing file /opt/airflow/dags/data_ingestion_gcs_gt_dag .py for tasks to queue
[2024-12-15 14:21:55,395] {logging_mixin.py:109} INFO - [2024-12-15 14:21:55,395] {dagbag.py:500} INFO - Filling up the DagBag from /opt/airflow/dags/data_ingestion_gcs_gt_dag .py
[2024-12-15 14:21:56,432] {processor.py:654} INFO - DAG(s) dict_keys(['ingest_data_bigquery_gt']) retrieved from /opt/airflow/dags/data_ingestion_gcs_gt_dag .py
[2024-12-15 14:21:56,446] {logging_mixin.py:109} INFO - [2024-12-15 14:21:56,445] {dag.py:2396} INFO - Sync 1 DAGs
[2024-12-15 14:21:56,464] {logging_mixin.py:109} INFO - [2024-12-15 14:21:56,464] {dag.py:2935} INFO - Setting next_dagrun for ingest_data_bigquery_gt to 2019-01-02 06:00:00+00:00
[2024-12-15 14:21:56,473] {processor.py:171} INFO - Processing /opt/airflow/dags/data_ingestion_gcs_gt_dag .py took 1.085 seconds
[2024-12-15 14:22:26,515] {processor.py:163} INFO - Started process (PID=279) to work on /opt/airflow/dags/data_ingestion_gcs_gt_dag .py
[2024-12-15 14:22:26,517] {processor.py:642} INFO - Processing file /opt/airflow/dags/data_ingestion_gcs_gt_dag .py for tasks to queue
[2024-12-15 14:22:26,518] {logging_mixin.py:109} INFO - [2024-12-15 14:22:26,518] {dagbag.py:500} INFO - Filling up the DagBag from /opt/airflow/dags/data_ingestion_gcs_gt_dag .py
[2024-12-15 14:22:27,354] {processor.py:654} INFO - DAG(s) dict_keys(['ingest_data_bigquery_gt']) retrieved from /opt/airflow/dags/data_ingestion_gcs_gt_dag .py
[2024-12-15 14:22:27,368] {logging_mixin.py:109} INFO - [2024-12-15 14:22:27,367] {dag.py:2396} INFO - Sync 1 DAGs
[2024-12-15 14:22:27,387] {logging_mixin.py:109} INFO - [2024-12-15 14:22:27,387] {dag.py:2935} INFO - Setting next_dagrun for ingest_data_bigquery_gt to 2019-01-02 06:00:00+00:00
[2024-12-15 14:22:27,397] {processor.py:171} INFO - Processing /opt/airflow/dags/data_ingestion_gcs_gt_dag .py took 0.886 seconds
[2024-12-15 14:22:58,369] {processor.py:163} INFO - Started process (PID=329) to work on /opt/airflow/dags/data_ingestion_gcs_gt_dag .py
[2024-12-15 14:22:58,370] {processor.py:642} INFO - Processing file /opt/airflow/dags/data_ingestion_gcs_gt_dag .py for tasks to queue
[2024-12-15 14:22:58,371] {logging_mixin.py:109} INFO - [2024-12-15 14:22:58,371] {dagbag.py:500} INFO - Filling up the DagBag from /opt/airflow/dags/data_ingestion_gcs_gt_dag .py
[2024-12-15 14:22:59,280] {processor.py:654} INFO - DAG(s) dict_keys(['ingest_data_bigquery_gt']) retrieved from /opt/airflow/dags/data_ingestion_gcs_gt_dag .py
[2024-12-15 14:22:59,295] {logging_mixin.py:109} INFO - [2024-12-15 14:22:59,294] {dag.py:2396} INFO - Sync 1 DAGs
[2024-12-15 14:22:59,313] {logging_mixin.py:109} INFO - [2024-12-15 14:22:59,313] {dag.py:2935} INFO - Setting next_dagrun for ingest_data_bigquery_gt to 2019-01-02 06:00:00+00:00
[2024-12-15 14:22:59,322] {processor.py:171} INFO - Processing /opt/airflow/dags/data_ingestion_gcs_gt_dag .py took 0.957 seconds
[2024-12-15 14:23:29,441] {processor.py:163} INFO - Started process (PID=369) to work on /opt/airflow/dags/data_ingestion_gcs_gt_dag .py
[2024-12-15 14:23:29,443] {processor.py:642} INFO - Processing file /opt/airflow/dags/data_ingestion_gcs_gt_dag .py for tasks to queue
[2024-12-15 14:23:29,444] {logging_mixin.py:109} INFO - [2024-12-15 14:23:29,443] {dagbag.py:500} INFO - Filling up the DagBag from /opt/airflow/dags/data_ingestion_gcs_gt_dag .py
[2024-12-15 14:23:30,365] {processor.py:654} INFO - DAG(s) dict_keys(['ingest_data_bigquery_gt']) retrieved from /opt/airflow/dags/data_ingestion_gcs_gt_dag .py
[2024-12-15 14:23:30,376] {logging_mixin.py:109} INFO - [2024-12-15 14:23:30,375] {dag.py:2396} INFO - Sync 1 DAGs
[2024-12-15 14:23:30,394] {logging_mixin.py:109} INFO - [2024-12-15 14:23:30,394] {dag.py:2935} INFO - Setting next_dagrun for ingest_data_bigquery_gt to 2019-01-02 06:00:00+00:00
[2024-12-15 14:23:30,402] {processor.py:171} INFO - Processing /opt/airflow/dags/data_ingestion_gcs_gt_dag .py took 0.967 seconds
[2024-12-15 14:24:00,463] {processor.py:163} INFO - Started process (PID=419) to work on /opt/airflow/dags/data_ingestion_gcs_gt_dag .py
[2024-12-15 14:24:00,464] {processor.py:642} INFO - Processing file /opt/airflow/dags/data_ingestion_gcs_gt_dag .py for tasks to queue
[2024-12-15 14:24:00,465] {logging_mixin.py:109} INFO - [2024-12-15 14:24:00,465] {dagbag.py:500} INFO - Filling up the DagBag from /opt/airflow/dags/data_ingestion_gcs_gt_dag .py
[2024-12-15 14:24:01,381] {processor.py:654} INFO - DAG(s) dict_keys(['ingest_data_bigquery_gt']) retrieved from /opt/airflow/dags/data_ingestion_gcs_gt_dag .py
[2024-12-15 14:24:01,393] {logging_mixin.py:109} INFO - [2024-12-15 14:24:01,392] {dag.py:2396} INFO - Sync 1 DAGs
[2024-12-15 14:24:01,412] {logging_mixin.py:109} INFO - [2024-12-15 14:24:01,412] {dag.py:2935} INFO - Setting next_dagrun for ingest_data_bigquery_gt to 2019-01-02 06:00:00+00:00
[2024-12-15 14:24:01,421] {processor.py:171} INFO - Processing /opt/airflow/dags/data_ingestion_gcs_gt_dag .py took 0.962 seconds
[2024-12-15 14:24:31,473] {processor.py:163} INFO - Started process (PID=459) to work on /opt/airflow/dags/data_ingestion_gcs_gt_dag .py
[2024-12-15 14:24:31,475] {processor.py:642} INFO - Processing file /opt/airflow/dags/data_ingestion_gcs_gt_dag .py for tasks to queue
[2024-12-15 14:24:31,476] {logging_mixin.py:109} INFO - [2024-12-15 14:24:31,475] {dagbag.py:500} INFO - Filling up the DagBag from /opt/airflow/dags/data_ingestion_gcs_gt_dag .py
[2024-12-15 14:24:32,449] {processor.py:654} INFO - DAG(s) dict_keys(['ingest_data_bigquery_gt']) retrieved from /opt/airflow/dags/data_ingestion_gcs_gt_dag .py
[2024-12-15 14:24:32,461] {logging_mixin.py:109} INFO - [2024-12-15 14:24:32,460] {dag.py:2396} INFO - Sync 1 DAGs
[2024-12-15 14:24:32,480] {logging_mixin.py:109} INFO - [2024-12-15 14:24:32,480] {dag.py:2935} INFO - Setting next_dagrun for ingest_data_bigquery_gt to 2019-01-02 06:00:00+00:00
[2024-12-15 14:24:32,489] {processor.py:171} INFO - Processing /opt/airflow/dags/data_ingestion_gcs_gt_dag .py took 1.021 seconds
[2024-12-15 14:25:03,450] {processor.py:163} INFO - Started process (PID=507) to work on /opt/airflow/dags/data_ingestion_gcs_gt_dag .py
[2024-12-15 14:25:03,452] {processor.py:642} INFO - Processing file /opt/airflow/dags/data_ingestion_gcs_gt_dag .py for tasks to queue
[2024-12-15 14:25:03,453] {logging_mixin.py:109} INFO - [2024-12-15 14:25:03,453] {dagbag.py:500} INFO - Filling up the DagBag from /opt/airflow/dags/data_ingestion_gcs_gt_dag .py
[2024-12-15 14:25:04,404] {processor.py:654} INFO - DAG(s) dict_keys(['ingest_data_bigquery_gt']) retrieved from /opt/airflow/dags/data_ingestion_gcs_gt_dag .py
[2024-12-15 14:25:04,416] {logging_mixin.py:109} INFO - [2024-12-15 14:25:04,415] {dag.py:2396} INFO - Sync 1 DAGs
[2024-12-15 14:25:04,434] {logging_mixin.py:109} INFO - [2024-12-15 14:25:04,434] {dag.py:2935} INFO - Setting next_dagrun for ingest_data_bigquery_gt to 2019-01-02 06:00:00+00:00
[2024-12-15 14:25:04,442] {processor.py:171} INFO - Processing /opt/airflow/dags/data_ingestion_gcs_gt_dag .py took 0.998 seconds
[2024-12-15 14:25:34,873] {processor.py:163} INFO - Started process (PID=550) to work on /opt/airflow/dags/data_ingestion_gcs_gt_dag .py
[2024-12-15 14:25:34,875] {processor.py:642} INFO - Processing file /opt/airflow/dags/data_ingestion_gcs_gt_dag .py for tasks to queue
[2024-12-15 14:25:34,876] {logging_mixin.py:109} INFO - [2024-12-15 14:25:34,875] {dagbag.py:500} INFO - Filling up the DagBag from /opt/airflow/dags/data_ingestion_gcs_gt_dag .py
[2024-12-15 14:25:35,774] {processor.py:654} INFO - DAG(s) dict_keys(['ingest_data_bigquery_gt']) retrieved from /opt/airflow/dags/data_ingestion_gcs_gt_dag .py
[2024-12-15 14:25:35,786] {logging_mixin.py:109} INFO - [2024-12-15 14:25:35,785] {dag.py:2396} INFO - Sync 1 DAGs
[2024-12-15 14:25:35,804] {logging_mixin.py:109} INFO - [2024-12-15 14:25:35,803] {dag.py:2935} INFO - Setting next_dagrun for ingest_data_bigquery_gt to 2019-01-02 06:00:00+00:00
[2024-12-15 14:25:35,813] {processor.py:171} INFO - Processing /opt/airflow/dags/data_ingestion_gcs_gt_dag .py took 0.944 seconds
[2024-12-15 14:26:06,496] {processor.py:163} INFO - Started process (PID=589) to work on /opt/airflow/dags/data_ingestion_gcs_gt_dag .py
[2024-12-15 14:26:06,498] {processor.py:642} INFO - Processing file /opt/airflow/dags/data_ingestion_gcs_gt_dag .py for tasks to queue
[2024-12-15 14:26:06,499] {logging_mixin.py:109} INFO - [2024-12-15 14:26:06,499] {dagbag.py:500} INFO - Filling up the DagBag from /opt/airflow/dags/data_ingestion_gcs_gt_dag .py
[2024-12-15 14:26:07,370] {processor.py:654} INFO - DAG(s) dict_keys(['ingest_data_bigquery_gt']) retrieved from /opt/airflow/dags/data_ingestion_gcs_gt_dag .py
[2024-12-15 14:26:07,383] {logging_mixin.py:109} INFO - [2024-12-15 14:26:07,382] {dag.py:2396} INFO - Sync 1 DAGs
[2024-12-15 14:26:07,402] {logging_mixin.py:109} INFO - [2024-12-15 14:26:07,401] {dag.py:2935} INFO - Setting next_dagrun for ingest_data_bigquery_gt to 2019-01-02 06:00:00+00:00
[2024-12-15 14:26:07,411] {processor.py:171} INFO - Processing /opt/airflow/dags/data_ingestion_gcs_gt_dag .py took 0.919 seconds
[2024-12-15 14:26:37,472] {processor.py:163} INFO - Started process (PID=639) to work on /opt/airflow/dags/data_ingestion_gcs_gt_dag .py
[2024-12-15 14:26:37,474] {processor.py:642} INFO - Processing file /opt/airflow/dags/data_ingestion_gcs_gt_dag .py for tasks to queue
[2024-12-15 14:26:37,474] {logging_mixin.py:109} INFO - [2024-12-15 14:26:37,474] {dagbag.py:500} INFO - Filling up the DagBag from /opt/airflow/dags/data_ingestion_gcs_gt_dag .py
[2024-12-15 14:26:38,574] {processor.py:654} INFO - DAG(s) dict_keys(['ingest_data_bigquery_gt']) retrieved from /opt/airflow/dags/data_ingestion_gcs_gt_dag .py
[2024-12-15 14:26:38,585] {logging_mixin.py:109} INFO - [2024-12-15 14:26:38,584] {dag.py:2396} INFO - Sync 1 DAGs
[2024-12-15 14:26:38,603] {logging_mixin.py:109} INFO - [2024-12-15 14:26:38,603] {dag.py:2935} INFO - Setting next_dagrun for ingest_data_bigquery_gt to 2019-01-02 06:00:00+00:00
[2024-12-15 14:26:38,612] {processor.py:171} INFO - Processing /opt/airflow/dags/data_ingestion_gcs_gt_dag .py took 1.145 seconds
[2024-12-15 14:27:08,704] {processor.py:163} INFO - Started process (PID=679) to work on /opt/airflow/dags/data_ingestion_gcs_gt_dag .py
[2024-12-15 14:27:08,706] {processor.py:642} INFO - Processing file /opt/airflow/dags/data_ingestion_gcs_gt_dag .py for tasks to queue
[2024-12-15 14:27:08,707] {logging_mixin.py:109} INFO - [2024-12-15 14:27:08,707] {dagbag.py:500} INFO - Filling up the DagBag from /opt/airflow/dags/data_ingestion_gcs_gt_dag .py
[2024-12-15 14:27:09,571] {processor.py:654} INFO - DAG(s) dict_keys(['ingest_data_bigquery_gt']) retrieved from /opt/airflow/dags/data_ingestion_gcs_gt_dag .py
[2024-12-15 14:27:09,583] {logging_mixin.py:109} INFO - [2024-12-15 14:27:09,582] {dag.py:2396} INFO - Sync 1 DAGs
[2024-12-15 14:27:09,601] {logging_mixin.py:109} INFO - [2024-12-15 14:27:09,601] {dag.py:2935} INFO - Setting next_dagrun for ingest_data_bigquery_gt to 2019-01-02 06:00:00+00:00
[2024-12-15 14:27:09,610] {processor.py:171} INFO - Processing /opt/airflow/dags/data_ingestion_gcs_gt_dag .py took 0.911 seconds
[2024-12-15 14:27:39,701] {processor.py:163} INFO - Started process (PID=729) to work on /opt/airflow/dags/data_ingestion_gcs_gt_dag .py
[2024-12-15 14:27:39,702] {processor.py:642} INFO - Processing file /opt/airflow/dags/data_ingestion_gcs_gt_dag .py for tasks to queue
[2024-12-15 14:27:39,703] {logging_mixin.py:109} INFO - [2024-12-15 14:27:39,703] {dagbag.py:500} INFO - Filling up the DagBag from /opt/airflow/dags/data_ingestion_gcs_gt_dag .py
[2024-12-15 14:27:40,556] {processor.py:654} INFO - DAG(s) dict_keys(['ingest_data_bigquery_gt']) retrieved from /opt/airflow/dags/data_ingestion_gcs_gt_dag .py
[2024-12-15 14:27:40,568] {logging_mixin.py:109} INFO - [2024-12-15 14:27:40,566] {dag.py:2396} INFO - Sync 1 DAGs
[2024-12-15 14:27:40,585] {logging_mixin.py:109} INFO - [2024-12-15 14:27:40,585] {dag.py:2935} INFO - Setting next_dagrun for ingest_data_bigquery_gt to 2019-01-02 06:00:00+00:00
[2024-12-15 14:27:40,595] {processor.py:171} INFO - Processing /opt/airflow/dags/data_ingestion_gcs_gt_dag .py took 0.898 seconds
[2024-12-15 14:28:10,638] {processor.py:163} INFO - Started process (PID=769) to work on /opt/airflow/dags/data_ingestion_gcs_gt_dag .py
[2024-12-15 14:28:10,640] {processor.py:642} INFO - Processing file /opt/airflow/dags/data_ingestion_gcs_gt_dag .py for tasks to queue
[2024-12-15 14:28:10,641] {logging_mixin.py:109} INFO - [2024-12-15 14:28:10,641] {dagbag.py:500} INFO - Filling up the DagBag from /opt/airflow/dags/data_ingestion_gcs_gt_dag .py
[2024-12-15 14:28:11,562] {processor.py:654} INFO - DAG(s) dict_keys(['ingest_data_bigquery_gt']) retrieved from /opt/airflow/dags/data_ingestion_gcs_gt_dag .py
[2024-12-15 14:28:11,579] {logging_mixin.py:109} INFO - [2024-12-15 14:28:11,577] {dag.py:2396} INFO - Sync 1 DAGs
[2024-12-15 14:28:11,605] {logging_mixin.py:109} INFO - [2024-12-15 14:28:11,605] {dag.py:2935} INFO - Setting next_dagrun for ingest_data_bigquery_gt to 2019-01-02 06:00:00+00:00
[2024-12-15 14:28:11,617] {processor.py:171} INFO - Processing /opt/airflow/dags/data_ingestion_gcs_gt_dag .py took 0.984 seconds
[2024-12-15 14:28:41,748] {processor.py:163} INFO - Started process (PID=819) to work on /opt/airflow/dags/data_ingestion_gcs_gt_dag .py
[2024-12-15 14:28:41,750] {processor.py:642} INFO - Processing file /opt/airflow/dags/data_ingestion_gcs_gt_dag .py for tasks to queue
[2024-12-15 14:28:41,750] {logging_mixin.py:109} INFO - [2024-12-15 14:28:41,750] {dagbag.py:500} INFO - Filling up the DagBag from /opt/airflow/dags/data_ingestion_gcs_gt_dag .py
[2024-12-15 14:28:42,688] {processor.py:654} INFO - DAG(s) dict_keys(['ingest_data_bigquery_gt']) retrieved from /opt/airflow/dags/data_ingestion_gcs_gt_dag .py
[2024-12-15 14:28:42,700] {logging_mixin.py:109} INFO - [2024-12-15 14:28:42,699] {dag.py:2396} INFO - Sync 1 DAGs
[2024-12-15 14:28:42,718] {logging_mixin.py:109} INFO - [2024-12-15 14:28:42,718] {dag.py:2935} INFO - Setting next_dagrun for ingest_data_bigquery_gt to 2019-01-02 06:00:00+00:00
[2024-12-15 14:28:42,727] {processor.py:171} INFO - Processing /opt/airflow/dags/data_ingestion_gcs_gt_dag .py took 0.983 seconds
[2024-12-15 14:29:12,823] {processor.py:163} INFO - Started process (PID=859) to work on /opt/airflow/dags/data_ingestion_gcs_gt_dag .py
[2024-12-15 14:29:12,827] {processor.py:642} INFO - Processing file /opt/airflow/dags/data_ingestion_gcs_gt_dag .py for tasks to queue
[2024-12-15 14:29:12,828] {logging_mixin.py:109} INFO - [2024-12-15 14:29:12,828] {dagbag.py:500} INFO - Filling up the DagBag from /opt/airflow/dags/data_ingestion_gcs_gt_dag .py
[2024-12-15 14:29:13,699] {processor.py:654} INFO - DAG(s) dict_keys(['ingest_data_bigquery_gt']) retrieved from /opt/airflow/dags/data_ingestion_gcs_gt_dag .py
[2024-12-15 14:29:13,711] {logging_mixin.py:109} INFO - [2024-12-15 14:29:13,709] {dag.py:2396} INFO - Sync 1 DAGs
[2024-12-15 14:29:13,729] {logging_mixin.py:109} INFO - [2024-12-15 14:29:13,729] {dag.py:2935} INFO - Setting next_dagrun for ingest_data_bigquery_gt to 2019-01-02 06:00:00+00:00
[2024-12-15 14:29:13,737] {processor.py:171} INFO - Processing /opt/airflow/dags/data_ingestion_gcs_gt_dag .py took 0.919 seconds
[2024-12-15 14:29:43,797] {processor.py:163} INFO - Started process (PID=909) to work on /opt/airflow/dags/data_ingestion_gcs_gt_dag .py
[2024-12-15 14:29:43,798] {processor.py:642} INFO - Processing file /opt/airflow/dags/data_ingestion_gcs_gt_dag .py for tasks to queue
[2024-12-15 14:29:43,799] {logging_mixin.py:109} INFO - [2024-12-15 14:29:43,799] {dagbag.py:500} INFO - Filling up the DagBag from /opt/airflow/dags/data_ingestion_gcs_gt_dag .py
[2024-12-15 14:29:45,074] {processor.py:654} INFO - DAG(s) dict_keys(['ingest_data_bigquery_gt']) retrieved from /opt/airflow/dags/data_ingestion_gcs_gt_dag .py
[2024-12-15 14:29:45,093] {logging_mixin.py:109} INFO - [2024-12-15 14:29:45,090] {dag.py:2396} INFO - Sync 1 DAGs
[2024-12-15 14:29:45,121] {logging_mixin.py:109} INFO - [2024-12-15 14:29:45,121] {dag.py:2935} INFO - Setting next_dagrun for ingest_data_bigquery_gt to 2019-01-02 06:00:00+00:00
[2024-12-15 14:29:45,134] {processor.py:171} INFO - Processing /opt/airflow/dags/data_ingestion_gcs_gt_dag .py took 1.343 seconds
[2024-12-15 14:30:15,832] {processor.py:163} INFO - Started process (PID=950) to work on /opt/airflow/dags/data_ingestion_gcs_gt_dag .py
[2024-12-15 14:30:15,834] {processor.py:642} INFO - Processing file /opt/airflow/dags/data_ingestion_gcs_gt_dag .py for tasks to queue
[2024-12-15 14:30:15,835] {logging_mixin.py:109} INFO - [2024-12-15 14:30:15,834] {dagbag.py:500} INFO - Filling up the DagBag from /opt/airflow/dags/data_ingestion_gcs_gt_dag .py
[2024-12-15 14:30:16,717] {processor.py:654} INFO - DAG(s) dict_keys(['ingest_data_bigquery_gt']) retrieved from /opt/airflow/dags/data_ingestion_gcs_gt_dag .py
[2024-12-15 14:30:16,729] {logging_mixin.py:109} INFO - [2024-12-15 14:30:16,728] {dag.py:2396} INFO - Sync 1 DAGs
[2024-12-15 14:30:16,748] {logging_mixin.py:109} INFO - [2024-12-15 14:30:16,748] {dag.py:2935} INFO - Setting next_dagrun for ingest_data_bigquery_gt to 2019-01-02 06:00:00+00:00
[2024-12-15 14:30:16,757] {processor.py:171} INFO - Processing /opt/airflow/dags/data_ingestion_gcs_gt_dag .py took 0.930 seconds
[2024-12-15 14:30:46,859] {processor.py:163} INFO - Started process (PID=990) to work on /opt/airflow/dags/data_ingestion_gcs_gt_dag .py
[2024-12-15 14:30:46,860] {processor.py:642} INFO - Processing file /opt/airflow/dags/data_ingestion_gcs_gt_dag .py for tasks to queue
[2024-12-15 14:30:46,861] {logging_mixin.py:109} INFO - [2024-12-15 14:30:46,861] {dagbag.py:500} INFO - Filling up the DagBag from /opt/airflow/dags/data_ingestion_gcs_gt_dag .py
[2024-12-15 14:30:47,777] {processor.py:654} INFO - DAG(s) dict_keys(['ingest_data_bigquery_gt']) retrieved from /opt/airflow/dags/data_ingestion_gcs_gt_dag .py
[2024-12-15 14:30:47,789] {logging_mixin.py:109} INFO - [2024-12-15 14:30:47,788] {dag.py:2396} INFO - Sync 1 DAGs
[2024-12-15 14:30:47,808] {logging_mixin.py:109} INFO - [2024-12-15 14:30:47,807] {dag.py:2935} INFO - Setting next_dagrun for ingest_data_bigquery_gt to 2019-01-02 06:00:00+00:00
[2024-12-15 14:30:47,817] {processor.py:171} INFO - Processing /opt/airflow/dags/data_ingestion_gcs_gt_dag .py took 0.963 seconds
[2024-12-15 14:31:17,897] {processor.py:163} INFO - Started process (PID=1040) to work on /opt/airflow/dags/data_ingestion_gcs_gt_dag .py
[2024-12-15 14:31:17,899] {processor.py:642} INFO - Processing file /opt/airflow/dags/data_ingestion_gcs_gt_dag .py for tasks to queue
[2024-12-15 14:31:17,900] {logging_mixin.py:109} INFO - [2024-12-15 14:31:17,900] {dagbag.py:500} INFO - Filling up the DagBag from /opt/airflow/dags/data_ingestion_gcs_gt_dag .py
[2024-12-15 14:31:18,798] {processor.py:654} INFO - DAG(s) dict_keys(['ingest_data_bigquery_gt']) retrieved from /opt/airflow/dags/data_ingestion_gcs_gt_dag .py
[2024-12-15 14:31:18,811] {logging_mixin.py:109} INFO - [2024-12-15 14:31:18,810] {dag.py:2396} INFO - Sync 1 DAGs
[2024-12-15 14:31:18,829] {logging_mixin.py:109} INFO - [2024-12-15 14:31:18,829] {dag.py:2935} INFO - Setting next_dagrun for ingest_data_bigquery_gt to 2019-01-02 06:00:00+00:00
[2024-12-15 14:31:18,838] {processor.py:171} INFO - Processing /opt/airflow/dags/data_ingestion_gcs_gt_dag .py took 0.945 seconds
[2024-12-15 14:31:49,018] {processor.py:163} INFO - Started process (PID=1080) to work on /opt/airflow/dags/data_ingestion_gcs_gt_dag .py
[2024-12-15 14:31:49,020] {processor.py:642} INFO - Processing file /opt/airflow/dags/data_ingestion_gcs_gt_dag .py for tasks to queue
[2024-12-15 14:31:49,020] {logging_mixin.py:109} INFO - [2024-12-15 14:31:49,020] {dagbag.py:500} INFO - Filling up the DagBag from /opt/airflow/dags/data_ingestion_gcs_gt_dag .py
[2024-12-15 14:31:49,888] {processor.py:654} INFO - DAG(s) dict_keys(['ingest_data_bigquery_gt']) retrieved from /opt/airflow/dags/data_ingestion_gcs_gt_dag .py
[2024-12-15 14:31:49,901] {logging_mixin.py:109} INFO - [2024-12-15 14:31:49,900] {dag.py:2396} INFO - Sync 1 DAGs
[2024-12-15 14:31:49,920] {logging_mixin.py:109} INFO - [2024-12-15 14:31:49,920] {dag.py:2935} INFO - Setting next_dagrun for ingest_data_bigquery_gt to 2019-01-02 06:00:00+00:00
[2024-12-15 14:31:49,930] {processor.py:171} INFO - Processing /opt/airflow/dags/data_ingestion_gcs_gt_dag .py took 0.916 seconds
[2024-12-15 14:32:20,018] {processor.py:163} INFO - Started process (PID=1130) to work on /opt/airflow/dags/data_ingestion_gcs_gt_dag .py
[2024-12-15 14:32:20,020] {processor.py:642} INFO - Processing file /opt/airflow/dags/data_ingestion_gcs_gt_dag .py for tasks to queue
[2024-12-15 14:32:20,021] {logging_mixin.py:109} INFO - [2024-12-15 14:32:20,021] {dagbag.py:500} INFO - Filling up the DagBag from /opt/airflow/dags/data_ingestion_gcs_gt_dag .py
[2024-12-15 14:32:20,872] {processor.py:654} INFO - DAG(s) dict_keys(['ingest_data_bigquery_gt']) retrieved from /opt/airflow/dags/data_ingestion_gcs_gt_dag .py
[2024-12-15 14:32:20,883] {logging_mixin.py:109} INFO - [2024-12-15 14:32:20,882] {dag.py:2396} INFO - Sync 1 DAGs
[2024-12-15 14:32:20,900] {logging_mixin.py:109} INFO - [2024-12-15 14:32:20,900] {dag.py:2935} INFO - Setting next_dagrun for ingest_data_bigquery_gt to 2019-01-02 06:00:00+00:00
[2024-12-15 14:32:20,909] {processor.py:171} INFO - Processing /opt/airflow/dags/data_ingestion_gcs_gt_dag .py took 0.897 seconds
[2024-12-15 14:32:50,990] {processor.py:163} INFO - Started process (PID=1170) to work on /opt/airflow/dags/data_ingestion_gcs_gt_dag .py
[2024-12-15 14:32:50,992] {processor.py:642} INFO - Processing file /opt/airflow/dags/data_ingestion_gcs_gt_dag .py for tasks to queue
[2024-12-15 14:32:50,993] {logging_mixin.py:109} INFO - [2024-12-15 14:32:50,993] {dagbag.py:500} INFO - Filling up the DagBag from /opt/airflow/dags/data_ingestion_gcs_gt_dag .py
[2024-12-15 14:32:51,900] {processor.py:654} INFO - DAG(s) dict_keys(['ingest_data_bigquery_gt']) retrieved from /opt/airflow/dags/data_ingestion_gcs_gt_dag .py
[2024-12-15 14:32:51,912] {logging_mixin.py:109} INFO - [2024-12-15 14:32:51,910] {dag.py:2396} INFO - Sync 1 DAGs
[2024-12-15 14:32:51,930] {logging_mixin.py:109} INFO - [2024-12-15 14:32:51,929] {dag.py:2935} INFO - Setting next_dagrun for ingest_data_bigquery_gt to 2019-01-02 06:00:00+00:00
[2024-12-15 14:32:51,938] {processor.py:171} INFO - Processing /opt/airflow/dags/data_ingestion_gcs_gt_dag .py took 0.953 seconds
[2024-12-15 14:33:22,059] {processor.py:163} INFO - Started process (PID=1219) to work on /opt/airflow/dags/data_ingestion_gcs_gt_dag .py
[2024-12-15 14:33:22,062] {processor.py:642} INFO - Processing file /opt/airflow/dags/data_ingestion_gcs_gt_dag .py for tasks to queue
[2024-12-15 14:33:22,063] {logging_mixin.py:109} INFO - [2024-12-15 14:33:22,062] {dagbag.py:500} INFO - Filling up the DagBag from /opt/airflow/dags/data_ingestion_gcs_gt_dag .py
[2024-12-15 14:33:23,006] {processor.py:654} INFO - DAG(s) dict_keys(['ingest_data_bigquery_gt']) retrieved from /opt/airflow/dags/data_ingestion_gcs_gt_dag .py
[2024-12-15 14:33:23,018] {logging_mixin.py:109} INFO - [2024-12-15 14:33:23,016] {dag.py:2396} INFO - Sync 1 DAGs
[2024-12-15 14:33:23,035] {logging_mixin.py:109} INFO - [2024-12-15 14:33:23,035] {dag.py:2935} INFO - Setting next_dagrun for ingest_data_bigquery_gt to 2019-01-02 06:00:00+00:00
[2024-12-15 14:33:23,045] {processor.py:171} INFO - Processing /opt/airflow/dags/data_ingestion_gcs_gt_dag .py took 0.990 seconds
[2024-12-15 14:33:53,117] {processor.py:163} INFO - Started process (PID=1260) to work on /opt/airflow/dags/data_ingestion_gcs_gt_dag .py
[2024-12-15 14:33:53,118] {processor.py:642} INFO - Processing file /opt/airflow/dags/data_ingestion_gcs_gt_dag .py for tasks to queue
[2024-12-15 14:33:53,119] {logging_mixin.py:109} INFO - [2024-12-15 14:33:53,119] {dagbag.py:500} INFO - Filling up the DagBag from /opt/airflow/dags/data_ingestion_gcs_gt_dag .py
[2024-12-15 14:33:53,989] {processor.py:654} INFO - DAG(s) dict_keys(['ingest_data_bigquery_gt']) retrieved from /opt/airflow/dags/data_ingestion_gcs_gt_dag .py
[2024-12-15 14:33:54,001] {logging_mixin.py:109} INFO - [2024-12-15 14:33:54,000] {dag.py:2396} INFO - Sync 1 DAGs
[2024-12-15 14:33:54,020] {logging_mixin.py:109} INFO - [2024-12-15 14:33:54,020] {dag.py:2935} INFO - Setting next_dagrun for ingest_data_bigquery_gt to 2019-01-02 06:00:00+00:00
[2024-12-15 14:33:54,029] {processor.py:171} INFO - Processing /opt/airflow/dags/data_ingestion_gcs_gt_dag .py took 0.918 seconds
[2024-12-15 14:34:24,114] {processor.py:163} INFO - Started process (PID=1309) to work on /opt/airflow/dags/data_ingestion_gcs_gt_dag .py
[2024-12-15 14:34:24,119] {processor.py:642} INFO - Processing file /opt/airflow/dags/data_ingestion_gcs_gt_dag .py for tasks to queue
[2024-12-15 14:34:24,120] {logging_mixin.py:109} INFO - [2024-12-15 14:34:24,120] {dagbag.py:500} INFO - Filling up the DagBag from /opt/airflow/dags/data_ingestion_gcs_gt_dag .py
[2024-12-15 14:34:25,736] {processor.py:654} INFO - DAG(s) dict_keys(['ingest_data_bigquery_gt']) retrieved from /opt/airflow/dags/data_ingestion_gcs_gt_dag .py
[2024-12-15 14:34:25,754] {logging_mixin.py:109} INFO - [2024-12-15 14:34:25,752] {dag.py:2396} INFO - Sync 1 DAGs
[2024-12-15 14:34:25,781] {logging_mixin.py:109} INFO - [2024-12-15 14:34:25,781] {dag.py:2935} INFO - Setting next_dagrun for ingest_data_bigquery_gt to 2019-01-02 06:00:00+00:00
[2024-12-15 14:34:25,792] {processor.py:171} INFO - Processing /opt/airflow/dags/data_ingestion_gcs_gt_dag .py took 1.683 seconds
[2024-12-15 14:34:56,481] {processor.py:163} INFO - Started process (PID=1350) to work on /opt/airflow/dags/data_ingestion_gcs_gt_dag .py
[2024-12-15 14:34:56,485] {processor.py:642} INFO - Processing file /opt/airflow/dags/data_ingestion_gcs_gt_dag .py for tasks to queue
[2024-12-15 14:34:56,485] {logging_mixin.py:109} INFO - [2024-12-15 14:34:56,485] {dagbag.py:500} INFO - Filling up the DagBag from /opt/airflow/dags/data_ingestion_gcs_gt_dag .py
[2024-12-15 14:34:57,439] {processor.py:654} INFO - DAG(s) dict_keys(['ingest_data_bigquery_gt']) retrieved from /opt/airflow/dags/data_ingestion_gcs_gt_dag .py
[2024-12-15 14:34:57,454] {logging_mixin.py:109} INFO - [2024-12-15 14:34:57,453] {dag.py:2396} INFO - Sync 1 DAGs
[2024-12-15 14:34:57,471] {logging_mixin.py:109} INFO - [2024-12-15 14:34:57,471] {dag.py:2935} INFO - Setting next_dagrun for ingest_data_bigquery_gt to 2019-01-02 06:00:00+00:00
[2024-12-15 14:34:57,481] {processor.py:171} INFO - Processing /opt/airflow/dags/data_ingestion_gcs_gt_dag .py took 1.006 seconds
[2024-12-15 14:35:27,520] {processor.py:163} INFO - Started process (PID=1391) to work on /opt/airflow/dags/data_ingestion_gcs_gt_dag .py
[2024-12-15 14:35:27,524] {processor.py:642} INFO - Processing file /opt/airflow/dags/data_ingestion_gcs_gt_dag .py for tasks to queue
[2024-12-15 14:35:27,525] {logging_mixin.py:109} INFO - [2024-12-15 14:35:27,525] {dagbag.py:500} INFO - Filling up the DagBag from /opt/airflow/dags/data_ingestion_gcs_gt_dag .py
[2024-12-15 14:35:28,370] {processor.py:654} INFO - DAG(s) dict_keys(['ingest_data_bigquery_gt']) retrieved from /opt/airflow/dags/data_ingestion_gcs_gt_dag .py
[2024-12-15 14:35:28,382] {logging_mixin.py:109} INFO - [2024-12-15 14:35:28,381] {dag.py:2396} INFO - Sync 1 DAGs
[2024-12-15 14:35:28,401] {logging_mixin.py:109} INFO - [2024-12-15 14:35:28,401] {dag.py:2935} INFO - Setting next_dagrun for ingest_data_bigquery_gt to 2019-01-02 06:00:00+00:00
[2024-12-15 14:35:28,410] {processor.py:171} INFO - Processing /opt/airflow/dags/data_ingestion_gcs_gt_dag .py took 0.895 seconds
[2024-12-15 14:35:58,463] {processor.py:163} INFO - Started process (PID=1441) to work on /opt/airflow/dags/data_ingestion_gcs_gt_dag .py
[2024-12-15 14:35:58,464] {processor.py:642} INFO - Processing file /opt/airflow/dags/data_ingestion_gcs_gt_dag .py for tasks to queue
[2024-12-15 14:35:58,465] {logging_mixin.py:109} INFO - [2024-12-15 14:35:58,465] {dagbag.py:500} INFO - Filling up the DagBag from /opt/airflow/dags/data_ingestion_gcs_gt_dag .py
[2024-12-15 14:35:59,307] {processor.py:654} INFO - DAG(s) dict_keys(['ingest_data_bigquery_gt']) retrieved from /opt/airflow/dags/data_ingestion_gcs_gt_dag .py
[2024-12-15 14:35:59,319] {logging_mixin.py:109} INFO - [2024-12-15 14:35:59,318] {dag.py:2396} INFO - Sync 1 DAGs
[2024-12-15 14:35:59,339] {logging_mixin.py:109} INFO - [2024-12-15 14:35:59,339] {dag.py:2935} INFO - Setting next_dagrun for ingest_data_bigquery_gt to 2019-01-02 06:00:00+00:00
[2024-12-15 14:35:59,348] {processor.py:171} INFO - Processing /opt/airflow/dags/data_ingestion_gcs_gt_dag .py took 0.889 seconds
[2024-12-15 14:36:29,793] {processor.py:163} INFO - Started process (PID=1481) to work on /opt/airflow/dags/data_ingestion_gcs_gt_dag .py
[2024-12-15 14:36:29,796] {processor.py:642} INFO - Processing file /opt/airflow/dags/data_ingestion_gcs_gt_dag .py for tasks to queue
[2024-12-15 14:36:29,797] {logging_mixin.py:109} INFO - [2024-12-15 14:36:29,796] {dagbag.py:500} INFO - Filling up the DagBag from /opt/airflow/dags/data_ingestion_gcs_gt_dag .py
[2024-12-15 14:36:30,727] {processor.py:654} INFO - DAG(s) dict_keys(['ingest_data_bigquery_gt']) retrieved from /opt/airflow/dags/data_ingestion_gcs_gt_dag .py
[2024-12-15 14:36:30,743] {logging_mixin.py:109} INFO - [2024-12-15 14:36:30,742] {dag.py:2396} INFO - Sync 1 DAGs
[2024-12-15 14:36:30,774] {logging_mixin.py:109} INFO - [2024-12-15 14:36:30,774] {dag.py:2935} INFO - Setting next_dagrun for ingest_data_bigquery_gt to 2019-01-02 06:00:00+00:00
[2024-12-15 14:36:30,786] {processor.py:171} INFO - Processing /opt/airflow/dags/data_ingestion_gcs_gt_dag .py took 0.998 seconds
[2024-12-15 14:37:00,875] {processor.py:163} INFO - Started process (PID=1531) to work on /opt/airflow/dags/data_ingestion_gcs_gt_dag .py
[2024-12-15 14:37:00,877] {processor.py:642} INFO - Processing file /opt/airflow/dags/data_ingestion_gcs_gt_dag .py for tasks to queue
[2024-12-15 14:37:00,878] {logging_mixin.py:109} INFO - [2024-12-15 14:37:00,878] {dagbag.py:500} INFO - Filling up the DagBag from /opt/airflow/dags/data_ingestion_gcs_gt_dag .py
[2024-12-15 14:37:01,853] {processor.py:654} INFO - DAG(s) dict_keys(['ingest_data_bigquery_gt']) retrieved from /opt/airflow/dags/data_ingestion_gcs_gt_dag .py
[2024-12-15 14:37:01,866] {logging_mixin.py:109} INFO - [2024-12-15 14:37:01,864] {dag.py:2396} INFO - Sync 1 DAGs
[2024-12-15 14:37:01,887] {logging_mixin.py:109} INFO - [2024-12-15 14:37:01,886] {dag.py:2935} INFO - Setting next_dagrun for ingest_data_bigquery_gt to 2019-01-02 06:00:00+00:00
[2024-12-15 14:37:01,897] {processor.py:171} INFO - Processing /opt/airflow/dags/data_ingestion_gcs_gt_dag .py took 1.026 seconds
[2024-12-15 14:37:32,013] {processor.py:163} INFO - Started process (PID=1571) to work on /opt/airflow/dags/data_ingestion_gcs_gt_dag .py
[2024-12-15 14:37:32,015] {processor.py:642} INFO - Processing file /opt/airflow/dags/data_ingestion_gcs_gt_dag .py for tasks to queue
[2024-12-15 14:37:32,016] {logging_mixin.py:109} INFO - [2024-12-15 14:37:32,016] {dagbag.py:500} INFO - Filling up the DagBag from /opt/airflow/dags/data_ingestion_gcs_gt_dag .py
[2024-12-15 14:37:32,929] {processor.py:654} INFO - DAG(s) dict_keys(['ingest_data_bigquery_gt']) retrieved from /opt/airflow/dags/data_ingestion_gcs_gt_dag .py
[2024-12-15 14:37:32,949] {logging_mixin.py:109} INFO - [2024-12-15 14:37:32,947] {dag.py:2396} INFO - Sync 1 DAGs
[2024-12-15 14:37:32,974] {logging_mixin.py:109} INFO - [2024-12-15 14:37:32,974] {dag.py:2935} INFO - Setting next_dagrun for ingest_data_bigquery_gt to 2019-01-02 06:00:00+00:00
[2024-12-15 14:37:32,985] {processor.py:171} INFO - Processing /opt/airflow/dags/data_ingestion_gcs_gt_dag .py took 0.976 seconds
[2024-12-15 14:38:03,111] {processor.py:163} INFO - Started process (PID=1622) to work on /opt/airflow/dags/data_ingestion_gcs_gt_dag .py
[2024-12-15 14:38:03,114] {processor.py:642} INFO - Processing file /opt/airflow/dags/data_ingestion_gcs_gt_dag .py for tasks to queue
[2024-12-15 14:38:03,115] {logging_mixin.py:109} INFO - [2024-12-15 14:38:03,115] {dagbag.py:500} INFO - Filling up the DagBag from /opt/airflow/dags/data_ingestion_gcs_gt_dag .py
[2024-12-15 14:38:04,212] {processor.py:654} INFO - DAG(s) dict_keys(['ingest_data_bigquery_gt']) retrieved from /opt/airflow/dags/data_ingestion_gcs_gt_dag .py
[2024-12-15 14:38:04,234] {logging_mixin.py:109} INFO - [2024-12-15 14:38:04,232] {dag.py:2396} INFO - Sync 1 DAGs
[2024-12-15 14:38:04,262] {logging_mixin.py:109} INFO - [2024-12-15 14:38:04,262] {dag.py:2935} INFO - Setting next_dagrun for ingest_data_bigquery_gt to 2019-01-02 06:00:00+00:00
[2024-12-15 14:38:04,274] {processor.py:171} INFO - Processing /opt/airflow/dags/data_ingestion_gcs_gt_dag .py took 1.170 seconds
[2024-12-15 14:38:34,589] {processor.py:163} INFO - Started process (PID=1662) to work on /opt/airflow/dags/data_ingestion_gcs_gt_dag .py
[2024-12-15 14:38:34,590] {processor.py:642} INFO - Processing file /opt/airflow/dags/data_ingestion_gcs_gt_dag .py for tasks to queue
[2024-12-15 14:38:34,591] {logging_mixin.py:109} INFO - [2024-12-15 14:38:34,591] {dagbag.py:500} INFO - Filling up the DagBag from /opt/airflow/dags/data_ingestion_gcs_gt_dag .py
[2024-12-15 14:38:35,508] {processor.py:654} INFO - DAG(s) dict_keys(['ingest_data_bigquery_gt']) retrieved from /opt/airflow/dags/data_ingestion_gcs_gt_dag .py
[2024-12-15 14:38:35,522] {logging_mixin.py:109} INFO - [2024-12-15 14:38:35,521] {dag.py:2396} INFO - Sync 1 DAGs
[2024-12-15 14:38:35,541] {logging_mixin.py:109} INFO - [2024-12-15 14:38:35,541] {dag.py:2935} INFO - Setting next_dagrun for ingest_data_bigquery_gt to 2019-01-02 06:00:00+00:00
[2024-12-15 14:38:35,553] {processor.py:171} INFO - Processing /opt/airflow/dags/data_ingestion_gcs_gt_dag .py took 0.968 seconds
[2024-12-15 14:39:05,597] {processor.py:163} INFO - Started process (PID=1702) to work on /opt/airflow/dags/data_ingestion_gcs_gt_dag .py
[2024-12-15 14:39:05,599] {processor.py:642} INFO - Processing file /opt/airflow/dags/data_ingestion_gcs_gt_dag .py for tasks to queue
[2024-12-15 14:39:05,600] {logging_mixin.py:109} INFO - [2024-12-15 14:39:05,600] {dagbag.py:500} INFO - Filling up the DagBag from /opt/airflow/dags/data_ingestion_gcs_gt_dag .py
[2024-12-15 14:39:06,499] {processor.py:654} INFO - DAG(s) dict_keys(['ingest_data_bigquery_gt']) retrieved from /opt/airflow/dags/data_ingestion_gcs_gt_dag .py
[2024-12-15 14:39:06,512] {logging_mixin.py:109} INFO - [2024-12-15 14:39:06,511] {dag.py:2396} INFO - Sync 1 DAGs
[2024-12-15 14:39:06,532] {logging_mixin.py:109} INFO - [2024-12-15 14:39:06,532] {dag.py:2935} INFO - Setting next_dagrun for ingest_data_bigquery_gt to 2019-01-02 06:00:00+00:00
[2024-12-15 14:39:06,541] {processor.py:171} INFO - Processing /opt/airflow/dags/data_ingestion_gcs_gt_dag .py took 0.950 seconds
[2024-12-15 14:39:37,341] {processor.py:163} INFO - Started process (PID=1752) to work on /opt/airflow/dags/data_ingestion_gcs_gt_dag .py
[2024-12-15 14:39:37,343] {processor.py:642} INFO - Processing file /opt/airflow/dags/data_ingestion_gcs_gt_dag .py for tasks to queue
[2024-12-15 14:39:37,344] {logging_mixin.py:109} INFO - [2024-12-15 14:39:37,344] {dagbag.py:500} INFO - Filling up the DagBag from /opt/airflow/dags/data_ingestion_gcs_gt_dag .py
[2024-12-15 14:39:38,239] {processor.py:654} INFO - DAG(s) dict_keys(['ingest_data_bigquery_gt']) retrieved from /opt/airflow/dags/data_ingestion_gcs_gt_dag .py
[2024-12-15 14:39:38,256] {logging_mixin.py:109} INFO - [2024-12-15 14:39:38,254] {dag.py:2396} INFO - Sync 1 DAGs
[2024-12-15 14:39:38,282] {logging_mixin.py:109} INFO - [2024-12-15 14:39:38,282] {dag.py:2935} INFO - Setting next_dagrun for ingest_data_bigquery_gt to 2019-01-02 06:00:00+00:00
[2024-12-15 14:39:38,293] {processor.py:171} INFO - Processing /opt/airflow/dags/data_ingestion_gcs_gt_dag .py took 0.956 seconds
[2024-12-15 14:40:08,449] {processor.py:163} INFO - Started process (PID=1793) to work on /opt/airflow/dags/data_ingestion_gcs_gt_dag .py
[2024-12-15 14:40:08,451] {processor.py:642} INFO - Processing file /opt/airflow/dags/data_ingestion_gcs_gt_dag .py for tasks to queue
[2024-12-15 14:40:08,452] {logging_mixin.py:109} INFO - [2024-12-15 14:40:08,452] {dagbag.py:500} INFO - Filling up the DagBag from /opt/airflow/dags/data_ingestion_gcs_gt_dag .py
[2024-12-15 14:40:09,314] {processor.py:654} INFO - DAG(s) dict_keys(['ingest_data_bigquery_gt']) retrieved from /opt/airflow/dags/data_ingestion_gcs_gt_dag .py
[2024-12-15 14:40:09,326] {logging_mixin.py:109} INFO - [2024-12-15 14:40:09,325] {dag.py:2396} INFO - Sync 1 DAGs
[2024-12-15 14:40:09,345] {logging_mixin.py:109} INFO - [2024-12-15 14:40:09,345] {dag.py:2935} INFO - Setting next_dagrun for ingest_data_bigquery_gt to 2019-01-02 06:00:00+00:00
[2024-12-15 14:40:09,355] {processor.py:171} INFO - Processing /opt/airflow/dags/data_ingestion_gcs_gt_dag .py took 0.910 seconds
[2024-12-15 14:40:39,578] {processor.py:163} INFO - Started process (PID=1843) to work on /opt/airflow/dags/data_ingestion_gcs_gt_dag .py
[2024-12-15 14:40:39,580] {processor.py:642} INFO - Processing file /opt/airflow/dags/data_ingestion_gcs_gt_dag .py for tasks to queue
[2024-12-15 14:40:39,581] {logging_mixin.py:109} INFO - [2024-12-15 14:40:39,581] {dagbag.py:500} INFO - Filling up the DagBag from /opt/airflow/dags/data_ingestion_gcs_gt_dag .py
[2024-12-15 14:40:40,446] {processor.py:654} INFO - DAG(s) dict_keys(['ingest_data_bigquery_gt']) retrieved from /opt/airflow/dags/data_ingestion_gcs_gt_dag .py
[2024-12-15 14:40:40,459] {logging_mixin.py:109} INFO - [2024-12-15 14:40:40,457] {dag.py:2396} INFO - Sync 1 DAGs
[2024-12-15 14:40:40,477] {logging_mixin.py:109} INFO - [2024-12-15 14:40:40,477] {dag.py:2935} INFO - Setting next_dagrun for ingest_data_bigquery_gt to 2019-01-02 06:00:00+00:00
[2024-12-15 14:40:40,486] {processor.py:171} INFO - Processing /opt/airflow/dags/data_ingestion_gcs_gt_dag .py took 0.912 seconds
[2024-12-15 14:41:10,708] {processor.py:163} INFO - Started process (PID=1883) to work on /opt/airflow/dags/data_ingestion_gcs_gt_dag .py
[2024-12-15 14:41:10,710] {processor.py:642} INFO - Processing file /opt/airflow/dags/data_ingestion_gcs_gt_dag .py for tasks to queue
[2024-12-15 14:41:10,711] {logging_mixin.py:109} INFO - [2024-12-15 14:41:10,711] {dagbag.py:500} INFO - Filling up the DagBag from /opt/airflow/dags/data_ingestion_gcs_gt_dag .py
[2024-12-15 14:41:11,618] {processor.py:654} INFO - DAG(s) dict_keys(['ingest_data_bigquery_gt']) retrieved from /opt/airflow/dags/data_ingestion_gcs_gt_dag .py
[2024-12-15 14:41:11,629] {logging_mixin.py:109} INFO - [2024-12-15 14:41:11,628] {dag.py:2396} INFO - Sync 1 DAGs
[2024-12-15 14:41:11,646] {logging_mixin.py:109} INFO - [2024-12-15 14:41:11,646] {dag.py:2935} INFO - Setting next_dagrun for ingest_data_bigquery_gt to 2019-01-02 06:00:00+00:00
[2024-12-15 14:41:11,654] {processor.py:171} INFO - Processing /opt/airflow/dags/data_ingestion_gcs_gt_dag .py took 0.950 seconds
[2024-12-15 14:41:41,724] {processor.py:163} INFO - Started process (PID=1933) to work on /opt/airflow/dags/data_ingestion_gcs_gt_dag .py
[2024-12-15 14:41:41,725] {processor.py:642} INFO - Processing file /opt/airflow/dags/data_ingestion_gcs_gt_dag .py for tasks to queue
[2024-12-15 14:41:41,726] {logging_mixin.py:109} INFO - [2024-12-15 14:41:41,726] {dagbag.py:500} INFO - Filling up the DagBag from /opt/airflow/dags/data_ingestion_gcs_gt_dag .py
[2024-12-15 14:41:42,661] {processor.py:654} INFO - DAG(s) dict_keys(['ingest_data_bigquery_gt']) retrieved from /opt/airflow/dags/data_ingestion_gcs_gt_dag .py
[2024-12-15 14:41:42,674] {logging_mixin.py:109} INFO - [2024-12-15 14:41:42,672] {dag.py:2396} INFO - Sync 1 DAGs
[2024-12-15 14:41:42,692] {logging_mixin.py:109} INFO - [2024-12-15 14:41:42,692] {dag.py:2935} INFO - Setting next_dagrun for ingest_data_bigquery_gt to 2019-01-02 06:00:00+00:00
[2024-12-15 14:41:42,702] {processor.py:171} INFO - Processing /opt/airflow/dags/data_ingestion_gcs_gt_dag .py took 0.983 seconds
[2024-12-15 14:42:12,863] {processor.py:163} INFO - Started process (PID=1974) to work on /opt/airflow/dags/data_ingestion_gcs_gt_dag .py
[2024-12-15 14:42:12,865] {processor.py:642} INFO - Processing file /opt/airflow/dags/data_ingestion_gcs_gt_dag .py for tasks to queue
[2024-12-15 14:42:12,866] {logging_mixin.py:109} INFO - [2024-12-15 14:42:12,866] {dagbag.py:500} INFO - Filling up the DagBag from /opt/airflow/dags/data_ingestion_gcs_gt_dag .py
[2024-12-15 14:42:13,776] {processor.py:654} INFO - DAG(s) dict_keys(['ingest_data_bigquery_gt']) retrieved from /opt/airflow/dags/data_ingestion_gcs_gt_dag .py
[2024-12-15 14:42:13,789] {logging_mixin.py:109} INFO - [2024-12-15 14:42:13,788] {dag.py:2396} INFO - Sync 1 DAGs
[2024-12-15 14:42:13,808] {logging_mixin.py:109} INFO - [2024-12-15 14:42:13,808] {dag.py:2935} INFO - Setting next_dagrun for ingest_data_bigquery_gt to 2019-01-02 06:00:00+00:00
[2024-12-15 14:42:13,818] {processor.py:171} INFO - Processing /opt/airflow/dags/data_ingestion_gcs_gt_dag .py took 0.960 seconds
[2024-12-15 14:42:43,866] {processor.py:163} INFO - Started process (PID=2024) to work on /opt/airflow/dags/data_ingestion_gcs_gt_dag .py
[2024-12-15 14:42:43,868] {processor.py:642} INFO - Processing file /opt/airflow/dags/data_ingestion_gcs_gt_dag .py for tasks to queue
[2024-12-15 14:42:43,869] {logging_mixin.py:109} INFO - [2024-12-15 14:42:43,869] {dagbag.py:500} INFO - Filling up the DagBag from /opt/airflow/dags/data_ingestion_gcs_gt_dag .py
[2024-12-15 14:42:45,014] {processor.py:654} INFO - DAG(s) dict_keys(['ingest_data_bigquery_gt']) retrieved from /opt/airflow/dags/data_ingestion_gcs_gt_dag .py
[2024-12-15 14:42:45,033] {logging_mixin.py:109} INFO - [2024-12-15 14:42:45,031] {dag.py:2396} INFO - Sync 1 DAGs
[2024-12-15 14:42:45,062] {logging_mixin.py:109} INFO - [2024-12-15 14:42:45,061] {dag.py:2935} INFO - Setting next_dagrun for ingest_data_bigquery_gt to 2019-01-02 06:00:00+00:00
[2024-12-15 14:42:45,074] {processor.py:171} INFO - Processing /opt/airflow/dags/data_ingestion_gcs_gt_dag .py took 1.214 seconds
[2024-12-15 14:43:15,210] {processor.py:163} INFO - Started process (PID=2065) to work on /opt/airflow/dags/data_ingestion_gcs_gt_dag .py
[2024-12-15 14:43:15,212] {processor.py:642} INFO - Processing file /opt/airflow/dags/data_ingestion_gcs_gt_dag .py for tasks to queue
[2024-12-15 14:43:15,213] {logging_mixin.py:109} INFO - [2024-12-15 14:43:15,213] {dagbag.py:500} INFO - Filling up the DagBag from /opt/airflow/dags/data_ingestion_gcs_gt_dag .py
[2024-12-15 14:43:16,110] {processor.py:654} INFO - DAG(s) dict_keys(['ingest_data_bigquery_gt']) retrieved from /opt/airflow/dags/data_ingestion_gcs_gt_dag .py
[2024-12-15 14:43:16,122] {logging_mixin.py:109} INFO - [2024-12-15 14:43:16,121] {dag.py:2396} INFO - Sync 1 DAGs
[2024-12-15 14:43:16,141] {logging_mixin.py:109} INFO - [2024-12-15 14:43:16,141] {dag.py:2935} INFO - Setting next_dagrun for ingest_data_bigquery_gt to 2019-01-02 06:00:00+00:00
[2024-12-15 14:43:16,150] {processor.py:171} INFO - Processing /opt/airflow/dags/data_ingestion_gcs_gt_dag .py took 0.945 seconds
[2024-12-15 14:43:47,076] {processor.py:163} INFO - Started process (PID=2105) to work on /opt/airflow/dags/data_ingestion_gcs_gt_dag .py
[2024-12-15 14:43:47,078] {processor.py:642} INFO - Processing file /opt/airflow/dags/data_ingestion_gcs_gt_dag .py for tasks to queue
[2024-12-15 14:43:47,079] {logging_mixin.py:109} INFO - [2024-12-15 14:43:47,079] {dagbag.py:500} INFO - Filling up the DagBag from /opt/airflow/dags/data_ingestion_gcs_gt_dag .py
[2024-12-15 14:43:47,933] {processor.py:654} INFO - DAG(s) dict_keys(['ingest_data_bigquery_gt']) retrieved from /opt/airflow/dags/data_ingestion_gcs_gt_dag .py
[2024-12-15 14:43:47,946] {logging_mixin.py:109} INFO - [2024-12-15 14:43:47,945] {dag.py:2396} INFO - Sync 1 DAGs
[2024-12-15 14:43:47,964] {logging_mixin.py:109} INFO - [2024-12-15 14:43:47,964] {dag.py:2935} INFO - Setting next_dagrun for ingest_data_bigquery_gt to 2019-01-02 06:00:00+00:00
[2024-12-15 14:43:47,973] {processor.py:171} INFO - Processing /opt/airflow/dags/data_ingestion_gcs_gt_dag .py took 0.901 seconds
[2024-12-15 14:44:18,071] {processor.py:163} INFO - Started process (PID=2156) to work on /opt/airflow/dags/data_ingestion_gcs_gt_dag .py
[2024-12-15 14:44:18,073] {processor.py:642} INFO - Processing file /opt/airflow/dags/data_ingestion_gcs_gt_dag .py for tasks to queue
[2024-12-15 14:44:18,074] {logging_mixin.py:109} INFO - [2024-12-15 14:44:18,073] {dagbag.py:500} INFO - Filling up the DagBag from /opt/airflow/dags/data_ingestion_gcs_gt_dag .py
[2024-12-15 14:44:19,010] {processor.py:654} INFO - DAG(s) dict_keys(['ingest_data_bigquery_gt']) retrieved from /opt/airflow/dags/data_ingestion_gcs_gt_dag .py
[2024-12-15 14:44:19,027] {logging_mixin.py:109} INFO - [2024-12-15 14:44:19,025] {dag.py:2396} INFO - Sync 1 DAGs
[2024-12-15 14:44:19,051] {logging_mixin.py:109} INFO - [2024-12-15 14:44:19,051] {dag.py:2935} INFO - Setting next_dagrun for ingest_data_bigquery_gt to 2019-01-02 06:00:00+00:00
[2024-12-15 14:44:19,061] {processor.py:171} INFO - Processing /opt/airflow/dags/data_ingestion_gcs_gt_dag .py took 0.995 seconds
[2024-12-15 14:44:49,192] {processor.py:163} INFO - Started process (PID=2196) to work on /opt/airflow/dags/data_ingestion_gcs_gt_dag .py
[2024-12-15 14:44:49,193] {processor.py:642} INFO - Processing file /opt/airflow/dags/data_ingestion_gcs_gt_dag .py for tasks to queue
[2024-12-15 14:44:49,194] {logging_mixin.py:109} INFO - [2024-12-15 14:44:49,194] {dagbag.py:500} INFO - Filling up the DagBag from /opt/airflow/dags/data_ingestion_gcs_gt_dag .py
[2024-12-15 14:44:50,099] {processor.py:654} INFO - DAG(s) dict_keys(['ingest_data_bigquery_gt']) retrieved from /opt/airflow/dags/data_ingestion_gcs_gt_dag .py
[2024-12-15 14:44:50,112] {logging_mixin.py:109} INFO - [2024-12-15 14:44:50,111] {dag.py:2396} INFO - Sync 1 DAGs
[2024-12-15 14:44:50,131] {logging_mixin.py:109} INFO - [2024-12-15 14:44:50,131] {dag.py:2935} INFO - Setting next_dagrun for ingest_data_bigquery_gt to 2019-01-02 06:00:00+00:00
[2024-12-15 14:44:50,141] {processor.py:171} INFO - Processing /opt/airflow/dags/data_ingestion_gcs_gt_dag .py took 0.954 seconds
[2024-12-15 14:45:20,221] {processor.py:163} INFO - Started process (PID=2246) to work on /opt/airflow/dags/data_ingestion_gcs_gt_dag .py
[2024-12-15 14:45:20,225] {processor.py:642} INFO - Processing file /opt/airflow/dags/data_ingestion_gcs_gt_dag .py for tasks to queue
[2024-12-15 14:45:20,226] {logging_mixin.py:109} INFO - [2024-12-15 14:45:20,226] {dagbag.py:500} INFO - Filling up the DagBag from /opt/airflow/dags/data_ingestion_gcs_gt_dag .py
[2024-12-15 14:45:21,191] {processor.py:654} INFO - DAG(s) dict_keys(['ingest_data_bigquery_gt']) retrieved from /opt/airflow/dags/data_ingestion_gcs_gt_dag .py
[2024-12-15 14:45:21,203] {logging_mixin.py:109} INFO - [2024-12-15 14:45:21,202] {dag.py:2396} INFO - Sync 1 DAGs
[2024-12-15 14:45:21,221] {logging_mixin.py:109} INFO - [2024-12-15 14:45:21,221] {dag.py:2935} INFO - Setting next_dagrun for ingest_data_bigquery_gt to 2019-01-02 06:00:00+00:00
[2024-12-15 14:45:21,229] {processor.py:171} INFO - Processing /opt/airflow/dags/data_ingestion_gcs_gt_dag .py took 1.013 seconds
[2024-12-15 14:45:51,310] {processor.py:163} INFO - Started process (PID=2286) to work on /opt/airflow/dags/data_ingestion_gcs_gt_dag .py
[2024-12-15 14:45:51,312] {processor.py:642} INFO - Processing file /opt/airflow/dags/data_ingestion_gcs_gt_dag .py for tasks to queue
[2024-12-15 14:45:51,313] {logging_mixin.py:109} INFO - [2024-12-15 14:45:51,313] {dagbag.py:500} INFO - Filling up the DagBag from /opt/airflow/dags/data_ingestion_gcs_gt_dag .py
[2024-12-15 14:45:52,319] {processor.py:654} INFO - DAG(s) dict_keys(['ingest_data_bigquery_gt']) retrieved from /opt/airflow/dags/data_ingestion_gcs_gt_dag .py
[2024-12-15 14:45:52,336] {logging_mixin.py:109} INFO - [2024-12-15 14:45:52,335] {dag.py:2396} INFO - Sync 1 DAGs
[2024-12-15 14:45:52,356] {logging_mixin.py:109} INFO - [2024-12-15 14:45:52,356] {dag.py:2935} INFO - Setting next_dagrun for ingest_data_bigquery_gt to 2019-01-02 06:00:00+00:00
[2024-12-15 14:45:52,366] {processor.py:171} INFO - Processing /opt/airflow/dags/data_ingestion_gcs_gt_dag .py took 1.060 seconds
[2024-12-15 14:46:22,449] {processor.py:163} INFO - Started process (PID=2336) to work on /opt/airflow/dags/data_ingestion_gcs_gt_dag .py
[2024-12-15 14:46:22,452] {processor.py:642} INFO - Processing file /opt/airflow/dags/data_ingestion_gcs_gt_dag .py for tasks to queue
[2024-12-15 14:46:22,453] {logging_mixin.py:109} INFO - [2024-12-15 14:46:22,453] {dagbag.py:500} INFO - Filling up the DagBag from /opt/airflow/dags/data_ingestion_gcs_gt_dag .py
[2024-12-15 14:46:23,458] {processor.py:654} INFO - DAG(s) dict_keys(['ingest_data_bigquery_gt']) retrieved from /opt/airflow/dags/data_ingestion_gcs_gt_dag .py
[2024-12-15 14:46:23,475] {logging_mixin.py:109} INFO - [2024-12-15 14:46:23,473] {dag.py:2396} INFO - Sync 1 DAGs
[2024-12-15 14:46:23,501] {logging_mixin.py:109} INFO - [2024-12-15 14:46:23,501] {dag.py:2935} INFO - Setting next_dagrun for ingest_data_bigquery_gt to 2019-01-02 06:00:00+00:00
[2024-12-15 14:46:23,513] {processor.py:171} INFO - Processing /opt/airflow/dags/data_ingestion_gcs_gt_dag .py took 1.069 seconds
[2024-12-15 14:46:53,592] {processor.py:163} INFO - Started process (PID=2376) to work on /opt/airflow/dags/data_ingestion_gcs_gt_dag .py
[2024-12-15 14:46:53,593] {processor.py:642} INFO - Processing file /opt/airflow/dags/data_ingestion_gcs_gt_dag .py for tasks to queue
[2024-12-15 14:46:53,594] {logging_mixin.py:109} INFO - [2024-12-15 14:46:53,594] {dagbag.py:500} INFO - Filling up the DagBag from /opt/airflow/dags/data_ingestion_gcs_gt_dag .py
[2024-12-15 14:46:54,467] {processor.py:654} INFO - DAG(s) dict_keys(['ingest_data_bigquery_gt']) retrieved from /opt/airflow/dags/data_ingestion_gcs_gt_dag .py
[2024-12-15 14:46:54,479] {logging_mixin.py:109} INFO - [2024-12-15 14:46:54,478] {dag.py:2396} INFO - Sync 1 DAGs
[2024-12-15 14:46:54,497] {logging_mixin.py:109} INFO - [2024-12-15 14:46:54,497] {dag.py:2935} INFO - Setting next_dagrun for ingest_data_bigquery_gt to 2019-01-02 06:00:00+00:00
[2024-12-15 14:46:54,507] {processor.py:171} INFO - Processing /opt/airflow/dags/data_ingestion_gcs_gt_dag .py took 0.920 seconds
[2024-12-15 14:47:24,623] {processor.py:163} INFO - Started process (PID=2415) to work on /opt/airflow/dags/data_ingestion_gcs_gt_dag .py
[2024-12-15 14:47:24,626] {processor.py:642} INFO - Processing file /opt/airflow/dags/data_ingestion_gcs_gt_dag .py for tasks to queue
[2024-12-15 14:47:24,626] {logging_mixin.py:109} INFO - [2024-12-15 14:47:24,626] {dagbag.py:500} INFO - Filling up the DagBag from /opt/airflow/dags/data_ingestion_gcs_gt_dag .py
[2024-12-15 14:47:25,524] {processor.py:654} INFO - DAG(s) dict_keys(['ingest_data_bigquery_gt']) retrieved from /opt/airflow/dags/data_ingestion_gcs_gt_dag .py
[2024-12-15 14:47:25,538] {logging_mixin.py:109} INFO - [2024-12-15 14:47:25,536] {dag.py:2396} INFO - Sync 1 DAGs
[2024-12-15 14:47:25,560] {logging_mixin.py:109} INFO - [2024-12-15 14:47:25,560] {dag.py:2935} INFO - Setting next_dagrun for ingest_data_bigquery_gt to 2019-01-02 06:00:00+00:00
[2024-12-15 14:47:25,569] {processor.py:171} INFO - Processing /opt/airflow/dags/data_ingestion_gcs_gt_dag .py took 0.950 seconds
