[2024-05-03 17:14:02,523] {taskinstance.py:1032} INFO - Dependencies all met for <TaskInstance: ingest_data_bigquery_yt.local_to_gcs_task scheduled__2019-09-02T06:00:00+00:00 [queued]>
[2024-05-03 17:14:02,554] {taskinstance.py:1032} INFO - Dependencies all met for <TaskInstance: ingest_data_bigquery_yt.local_to_gcs_task scheduled__2019-09-02T06:00:00+00:00 [queued]>
[2024-05-03 17:14:02,555] {taskinstance.py:1238} INFO - 
--------------------------------------------------------------------------------
[2024-05-03 17:14:02,557] {taskinstance.py:1239} INFO - Starting attempt 2 of 3
[2024-05-03 17:14:02,559] {taskinstance.py:1240} INFO - 
--------------------------------------------------------------------------------
[2024-05-03 17:14:02,604] {taskinstance.py:1259} INFO - Executing <Task(PythonOperator): local_to_gcs_task> on 2019-09-02 06:00:00+00:00
[2024-05-03 17:14:02,612] {standard_task_runner.py:52} INFO - Started process 1009 to run task
[2024-05-03 17:14:02,625] {standard_task_runner.py:76} INFO - Running: ['***', 'tasks', 'run', 'ingest_data_bigquery_yt', 'local_to_gcs_task', 'scheduled__2019-09-02T06:00:00+00:00', '--job-id', '4301', '--raw', '--subdir', 'DAGS_FOLDER/data_ingstion_gcs_yt_dag.py', '--cfg-path', '/tmp/tmpekwltud8', '--error-file', '/tmp/tmptthdgoqj']
[2024-05-03 17:14:02,643] {standard_task_runner.py:77} INFO - Job 4301: Subtask local_to_gcs_task
[2024-05-03 17:14:02,823] {logging_mixin.py:109} INFO - Running <TaskInstance: ingest_data_bigquery_yt.local_to_gcs_task scheduled__2019-09-02T06:00:00+00:00 [running]> on host f0ab9bf9b587
[2024-05-03 17:14:02,927] {warnings.py:99} WARNING - /home/***/.local/lib/python3.6/site-packages/***/utils/context.py:152: AirflowContextDeprecationWarning: Accessing 'execution_date' from the template is deprecated and will be removed in a future version. Please use 'data_interval_start' or 'logical_date' instead.
  warnings.warn(_create_deprecation_warning(key, self._deprecation_replacements[key]))

[2024-05-03 17:14:02,988] {taskinstance.py:1426} INFO - Exporting the following env vars:
AIRFLOW_CTX_DAG_OWNER=***
AIRFLOW_CTX_DAG_ID=ingest_data_bigquery_yt
AIRFLOW_CTX_TASK_ID=local_to_gcs_task
AIRFLOW_CTX_EXECUTION_DATE=2019-09-02T06:00:00+00:00
AIRFLOW_CTX_DAG_RUN_ID=scheduled__2019-09-02T06:00:00+00:00
[2024-05-03 17:35:53,078] {local_task_job.py:154} INFO - Task exited with return code Negsignal.SIGKILL
[2024-05-03 17:35:53,504] {taskinstance.py:1277} INFO - Marking task as UP_FOR_RETRY. dag_id=ingest_data_bigquery_yt, task_id=local_to_gcs_task, execution_date=20190902T060000, start_date=20240503T171402, end_date=20240503T173553
[2024-05-03 17:35:53,905] {local_task_job.py:264} INFO - 0 downstream tasks scheduled from follow-on schedule check
[2024-05-05 13:43:13,408] {taskinstance.py:1032} INFO - Dependencies all met for <TaskInstance: ingest_data_bigquery_yt.local_to_gcs_task scheduled__2019-09-02T06:00:00+00:00 [queued]>
[2024-05-05 13:43:13,463] {taskinstance.py:1032} INFO - Dependencies all met for <TaskInstance: ingest_data_bigquery_yt.local_to_gcs_task scheduled__2019-09-02T06:00:00+00:00 [queued]>
[2024-05-05 13:43:13,465] {taskinstance.py:1238} INFO - 
--------------------------------------------------------------------------------
[2024-05-05 13:43:13,466] {taskinstance.py:1239} INFO - Starting attempt 2 of 3
[2024-05-05 13:43:13,466] {taskinstance.py:1240} INFO - 
--------------------------------------------------------------------------------
[2024-05-05 13:43:13,539] {taskinstance.py:1259} INFO - Executing <Task(PythonOperator): local_to_gcs_task> on 2019-09-02 06:00:00+00:00
[2024-05-05 13:43:13,585] {standard_task_runner.py:52} INFO - Started process 1431 to run task
[2024-05-05 13:43:13,620] {standard_task_runner.py:76} INFO - Running: ['***', 'tasks', 'run', 'ingest_data_bigquery_yt', 'local_to_gcs_task', 'scheduled__2019-09-02T06:00:00+00:00', '--job-id', '4376', '--raw', '--subdir', 'DAGS_FOLDER/data_ingstion_gcs_yt_dag.py', '--cfg-path', '/tmp/tmpjnm6rd0t', '--error-file', '/tmp/tmpse1ezo00']
[2024-05-05 13:43:13,644] {standard_task_runner.py:77} INFO - Job 4376: Subtask local_to_gcs_task
[2024-05-05 13:43:13,885] {logging_mixin.py:109} INFO - Running <TaskInstance: ingest_data_bigquery_yt.local_to_gcs_task scheduled__2019-09-02T06:00:00+00:00 [running]> on host 19865117eb6d
[2024-05-05 13:43:14,048] {warnings.py:99} WARNING - /home/***/.local/lib/python3.6/site-packages/***/utils/context.py:152: AirflowContextDeprecationWarning: Accessing 'execution_date' from the template is deprecated and will be removed in a future version. Please use 'data_interval_start' or 'logical_date' instead.
  warnings.warn(_create_deprecation_warning(key, self._deprecation_replacements[key]))

[2024-05-05 13:43:14,154] {taskinstance.py:1426} INFO - Exporting the following env vars:
AIRFLOW_CTX_DAG_OWNER=***
AIRFLOW_CTX_DAG_ID=ingest_data_bigquery_yt
AIRFLOW_CTX_TASK_ID=local_to_gcs_task
AIRFLOW_CTX_EXECUTION_DATE=2019-09-02T06:00:00+00:00
AIRFLOW_CTX_DAG_RUN_ID=scheduled__2019-09-02T06:00:00+00:00
[2024-05-06 09:00:22,402] {taskinstance.py:1032} INFO - Dependencies all met for <TaskInstance: ingest_data_bigquery_yt.local_to_gcs_task scheduled__2019-09-02T06:00:00+00:00 [queued]>
[2024-05-06 09:00:22,605] {taskinstance.py:1032} INFO - Dependencies all met for <TaskInstance: ingest_data_bigquery_yt.local_to_gcs_task scheduled__2019-09-02T06:00:00+00:00 [queued]>
[2024-05-06 09:00:22,606] {taskinstance.py:1238} INFO - 
--------------------------------------------------------------------------------
[2024-05-06 09:00:22,606] {taskinstance.py:1239} INFO - Starting attempt 2 of 3
[2024-05-06 09:00:22,606] {taskinstance.py:1240} INFO - 
--------------------------------------------------------------------------------
[2024-05-06 09:00:22,705] {taskinstance.py:1259} INFO - Executing <Task(PythonOperator): local_to_gcs_task> on 2019-09-02 06:00:00+00:00
[2024-05-06 09:00:22,757] {standard_task_runner.py:52} INFO - Started process 305 to run task
[2024-05-06 09:00:22,784] {standard_task_runner.py:76} INFO - Running: ['***', 'tasks', 'run', 'ingest_data_bigquery_yt', 'local_to_gcs_task', 'scheduled__2019-09-02T06:00:00+00:00', '--job-id', '4537', '--raw', '--subdir', 'DAGS_FOLDER/data_ingstion_gcs_yt_dag.py', '--cfg-path', '/tmp/tmp19wrcqok', '--error-file', '/tmp/tmpp7mbkf94']
[2024-05-06 09:00:22,853] {standard_task_runner.py:77} INFO - Job 4537: Subtask local_to_gcs_task
[2024-05-06 09:00:23,219] {logging_mixin.py:109} INFO - Running <TaskInstance: ingest_data_bigquery_yt.local_to_gcs_task scheduled__2019-09-02T06:00:00+00:00 [running]> on host 1aa5194a14e3
[2024-05-06 09:00:23,483] {warnings.py:99} WARNING - /home/***/.local/lib/python3.6/site-packages/***/utils/context.py:152: AirflowContextDeprecationWarning: Accessing 'execution_date' from the template is deprecated and will be removed in a future version. Please use 'data_interval_start' or 'logical_date' instead.
  warnings.warn(_create_deprecation_warning(key, self._deprecation_replacements[key]))

[2024-05-06 09:00:23,677] {taskinstance.py:1426} INFO - Exporting the following env vars:
AIRFLOW_CTX_DAG_OWNER=***
AIRFLOW_CTX_DAG_ID=ingest_data_bigquery_yt
AIRFLOW_CTX_TASK_ID=local_to_gcs_task
AIRFLOW_CTX_EXECUTION_DATE=2019-09-02T06:00:00+00:00
AIRFLOW_CTX_DAG_RUN_ID=scheduled__2019-09-02T06:00:00+00:00
