[2024-03-28 15:52:44,195] {taskinstance.py:1032} INFO - Dependencies all met for <TaskInstance: ingest_data_postgres.ingest_to_postgres_task scheduled__2021-01-03T00:00:00+00:00 [queued]>
[2024-03-28 15:52:44,291] {taskinstance.py:1032} INFO - Dependencies all met for <TaskInstance: ingest_data_postgres.ingest_to_postgres_task scheduled__2021-01-03T00:00:00+00:00 [queued]>
[2024-03-28 15:52:44,291] {taskinstance.py:1238} INFO - 
--------------------------------------------------------------------------------
[2024-03-28 15:52:44,291] {taskinstance.py:1239} INFO - Starting attempt 1 of 4
[2024-03-28 15:52:44,291] {taskinstance.py:1240} INFO - 
--------------------------------------------------------------------------------
[2024-03-28 15:52:44,382] {taskinstance.py:1259} INFO - Executing <Task(PythonOperator): ingest_to_postgres_task> on 2021-01-03 00:00:00+00:00
[2024-03-28 15:52:44,419] {standard_task_runner.py:52} INFO - Started process 3512 to run task
[2024-03-28 15:52:44,492] {standard_task_runner.py:76} INFO - Running: ['***', 'tasks', 'run', 'ingest_data_postgres', 'ingest_to_postgres_task', 'scheduled__2021-01-03T00:00:00+00:00', '--job-id', '1223', '--raw', '--subdir', 'DAGS_FOLDER/data_ingestion_dag.py', '--cfg-path', '/tmp/tmprv8xf78b', '--error-file', '/tmp/tmpwex47vji']
[2024-03-28 15:52:44,493] {standard_task_runner.py:77} INFO - Job 1223: Subtask ingest_to_postgres_task
[2024-03-28 15:52:44,920] {logging_mixin.py:109} INFO - Running <TaskInstance: ingest_data_postgres.ingest_to_postgres_task scheduled__2021-01-03T00:00:00+00:00 [running]> on host 05f84def3a12
[2024-03-28 15:52:45,204] {warnings.py:99} WARNING - /home/***/.local/lib/python3.6/site-packages/***/utils/context.py:152: AirflowContextDeprecationWarning: Accessing 'execution_date' from the template is deprecated and will be removed in a future version. Please use 'data_interval_start' or 'logical_date' instead.
  warnings.warn(_create_deprecation_warning(key, self._deprecation_replacements[key]))

[2024-03-28 15:52:45,349] {taskinstance.py:1426} INFO - Exporting the following env vars:
AIRFLOW_CTX_DAG_OWNER=***
AIRFLOW_CTX_DAG_ID=ingest_data_postgres
AIRFLOW_CTX_TASK_ID=ingest_to_postgres_task
AIRFLOW_CTX_EXECUTION_DATE=2021-01-03T00:00:00+00:00
AIRFLOW_CTX_DAG_RUN_ID=scheduled__2021-01-03T00:00:00+00:00
[2024-03-28 15:52:45,351] {logging_mixin.py:109} INFO - yellow_taxi_2021_01 /opt/***/yellowtaxi_tripdata_2021-01.parquet
[2024-03-28 15:52:45,351] {logging_mixin.py:109} INFO - Starting data ingestion process...
[2024-03-28 15:52:46,471] {taskinstance.py:1700} ERROR - Task failed with exception
Traceback (most recent call last):
  File "/home/airflow/.local/lib/python3.6/site-packages/airflow/models/taskinstance.py", line 1329, in _run_raw_task
    self._execute_task_with_callbacks(context)
  File "/home/airflow/.local/lib/python3.6/site-packages/airflow/models/taskinstance.py", line 1455, in _execute_task_with_callbacks
    result = self._execute_task(context, self.task)
  File "/home/airflow/.local/lib/python3.6/site-packages/airflow/models/taskinstance.py", line 1511, in _execute_task
    result = execute_callable(context=context)
  File "/home/airflow/.local/lib/python3.6/site-packages/airflow/operators/python.py", line 174, in execute
    return_value = self.execute_callable()
  File "/home/airflow/.local/lib/python3.6/site-packages/airflow/operators/python.py", line 185, in execute_callable
    return self.python_callable(*self.op_args, **self.op_kwargs)
  File "/opt/airflow/dags/ingest_script.py", line 20, in ingest_callable
    df = pd.read_parquet(parquet_file)
  File "/home/airflow/.local/lib/python3.6/site-packages/pandas/io/parquet.py", line 317, in read_parquet
    return impl.read(path, columns=columns, **kwargs)
  File "/home/airflow/.local/lib/python3.6/site-packages/pandas/io/parquet.py", line 142, in read
    path, columns=columns, filesystem=fs, **kwargs
  File "/home/airflow/.local/lib/python3.6/site-packages/pyarrow/parquet.py", line 1869, in read_table
    coerce_int96_timestamp_unit=coerce_int96_timestamp_unit
  File "/home/airflow/.local/lib/python3.6/site-packages/pyarrow/parquet.py", line 1679, in __init__
    [fragment], schema=fragment.physical_schema,
  File "pyarrow/_dataset.pyx", line 952, in pyarrow._dataset.Fragment.physical_schema.__get__
  File "pyarrow/error.pxi", line 143, in pyarrow.lib.pyarrow_internal_check_status
  File "pyarrow/error.pxi", line 99, in pyarrow.lib.check_status
pyarrow.lib.ArrowInvalid: Could not open Parquet input source '/opt/***/yellowtaxi_tripdata_2021-01.parquet': Parquet magic bytes not found in footer. Either the file is corrupted or this is not a parquet file.
[2024-03-28 15:52:46,556] {taskinstance.py:1277} INFO - Marking task as UP_FOR_RETRY. dag_id=ingest_data_postgres, task_id=ingest_to_postgres_task, execution_date=20210103T000000, start_date=20240328T155244, end_date=20240328T155246
[2024-03-28 15:52:46,619] {standard_task_runner.py:92} ERROR - Failed to execute job 1223 for task ingest_to_postgres_task
Traceback (most recent call last):
  File "/home/airflow/.local/lib/python3.6/site-packages/airflow/task/task_runner/standard_task_runner.py", line 85, in _start_by_fork
    args.func(args, dag=self.dag)
  File "/home/airflow/.local/lib/python3.6/site-packages/airflow/cli/cli_parser.py", line 48, in command
    return func(*args, **kwargs)
  File "/home/airflow/.local/lib/python3.6/site-packages/airflow/utils/cli.py", line 92, in wrapper
    return f(*args, **kwargs)
  File "/home/airflow/.local/lib/python3.6/site-packages/airflow/cli/commands/task_command.py", line 298, in task_run
    _run_task_by_selected_method(args, dag, ti)
  File "/home/airflow/.local/lib/python3.6/site-packages/airflow/cli/commands/task_command.py", line 107, in _run_task_by_selected_method
    _run_raw_task(args, ti)
  File "/home/airflow/.local/lib/python3.6/site-packages/airflow/cli/commands/task_command.py", line 184, in _run_raw_task
    error_file=args.error_file,
  File "/home/airflow/.local/lib/python3.6/site-packages/airflow/utils/session.py", line 70, in wrapper
    return func(*args, session=session, **kwargs)
  File "/home/airflow/.local/lib/python3.6/site-packages/airflow/models/taskinstance.py", line 1329, in _run_raw_task
    self._execute_task_with_callbacks(context)
  File "/home/airflow/.local/lib/python3.6/site-packages/airflow/models/taskinstance.py", line 1455, in _execute_task_with_callbacks
    result = self._execute_task(context, self.task)
  File "/home/airflow/.local/lib/python3.6/site-packages/airflow/models/taskinstance.py", line 1511, in _execute_task
    result = execute_callable(context=context)
  File "/home/airflow/.local/lib/python3.6/site-packages/airflow/operators/python.py", line 174, in execute
    return_value = self.execute_callable()
  File "/home/airflow/.local/lib/python3.6/site-packages/airflow/operators/python.py", line 185, in execute_callable
    return self.python_callable(*self.op_args, **self.op_kwargs)
  File "/opt/airflow/dags/ingest_script.py", line 20, in ingest_callable
    df = pd.read_parquet(parquet_file)
  File "/home/airflow/.local/lib/python3.6/site-packages/pandas/io/parquet.py", line 317, in read_parquet
    return impl.read(path, columns=columns, **kwargs)
  File "/home/airflow/.local/lib/python3.6/site-packages/pandas/io/parquet.py", line 142, in read
    path, columns=columns, filesystem=fs, **kwargs
  File "/home/airflow/.local/lib/python3.6/site-packages/pyarrow/parquet.py", line 1869, in read_table
    coerce_int96_timestamp_unit=coerce_int96_timestamp_unit
  File "/home/airflow/.local/lib/python3.6/site-packages/pyarrow/parquet.py", line 1679, in __init__
    [fragment], schema=fragment.physical_schema,
  File "pyarrow/_dataset.pyx", line 952, in pyarrow._dataset.Fragment.physical_schema.__get__
  File "pyarrow/error.pxi", line 143, in pyarrow.lib.pyarrow_internal_check_status
  File "pyarrow/error.pxi", line 99, in pyarrow.lib.check_status
pyarrow.lib.ArrowInvalid: Could not open Parquet input source '/opt/***/yellowtaxi_tripdata_2021-01.parquet': Parquet magic bytes not found in footer. Either the file is corrupted or this is not a parquet file.
[2024-03-28 15:52:46,845] {local_task_job.py:154} INFO - Task exited with return code 1
[2024-03-28 15:52:47,308] {local_task_job.py:264} INFO - 0 downstream tasks scheduled from follow-on schedule check
