[2024-05-03 17:43:49,616] {taskinstance.py:1032} INFO - Dependencies all met for <TaskInstance: ingest_data_bigquery_yt.bigquery_external_table_task scheduled__2019-05-02T06:00:00+00:00 [queued]>
[2024-05-03 17:43:49,631] {taskinstance.py:1032} INFO - Dependencies all met for <TaskInstance: ingest_data_bigquery_yt.bigquery_external_table_task scheduled__2019-05-02T06:00:00+00:00 [queued]>
[2024-05-03 17:43:49,632] {taskinstance.py:1238} INFO - 
--------------------------------------------------------------------------------
[2024-05-03 17:43:49,632] {taskinstance.py:1239} INFO - Starting attempt 1 of 3
[2024-05-03 17:43:49,632] {taskinstance.py:1240} INFO - 
--------------------------------------------------------------------------------
[2024-05-03 17:43:49,646] {taskinstance.py:1259} INFO - Executing <Task(BigQueryCreateExternalTableOperator): bigquery_external_table_task> on 2019-05-02 06:00:00+00:00
[2024-05-03 17:43:49,665] {standard_task_runner.py:76} INFO - Running: ['***', 'tasks', 'run', 'ingest_data_bigquery_yt', 'bigquery_external_table_task', 'scheduled__2019-05-02T06:00:00+00:00', '--job-id', '4327', '--raw', '--subdir', 'DAGS_FOLDER/data_ingstion_gcs_yt_dag.py', '--cfg-path', '/tmp/tmppalnps1i', '--error-file', '/tmp/tmp4wkodpyl']
[2024-05-03 17:43:49,656] {standard_task_runner.py:52} INFO - Started process 1376 to run task
[2024-05-03 17:43:49,673] {standard_task_runner.py:77} INFO - Job 4327: Subtask bigquery_external_table_task
[2024-05-03 17:43:49,755] {logging_mixin.py:109} INFO - Running <TaskInstance: ingest_data_bigquery_yt.bigquery_external_table_task scheduled__2019-05-02T06:00:00+00:00 [running]> on host f0ab9bf9b587
[2024-05-03 17:43:49,845] {taskinstance.py:1426} INFO - Exporting the following env vars:
AIRFLOW_CTX_DAG_OWNER=***
AIRFLOW_CTX_DAG_ID=ingest_data_bigquery_yt
AIRFLOW_CTX_TASK_ID=bigquery_external_table_task
AIRFLOW_CTX_EXECUTION_DATE=2019-05-02T06:00:00+00:00
AIRFLOW_CTX_DAG_RUN_ID=scheduled__2019-05-02T06:00:00+00:00
[2024-05-03 17:43:49,850] {crypto.py:82} WARNING - empty cryptography key - values will not be stored encrypted.
[2024-05-03 17:43:49,867] {warnings.py:99} WARNING - /home/***/.local/lib/python3.6/site-packages/***/providers/google/cloud/hooks/bigquery.py:637: DeprecationWarning: This method is deprecated. Please use `BigQueryHook.create_empty_table` method with passing the `table_resource` object. This gives more flexibility than this method.
  DeprecationWarning,

[2024-05-03 17:43:49,868] {bigquery.py:700} INFO - Creating external table: nyc_tlc_data.yellowtaxi_trips
[2024-05-03 17:43:50,185] {bigquery.py:704} INFO - External table created successfully: nyc_tlc_data.yellowtaxi_trips
[2024-05-03 17:43:50,200] {taskinstance.py:1277} INFO - Marking task as SUCCESS. dag_id=ingest_data_bigquery_yt, task_id=bigquery_external_table_task, execution_date=20190502T060000, start_date=20240503T174349, end_date=20240503T174350
[2024-05-03 17:43:50,251] {local_task_job.py:154} INFO - Task exited with return code 0
[2024-05-03 17:43:50,290] {local_task_job.py:264} INFO - 0 downstream tasks scheduled from follow-on schedule check
[2024-05-12 11:01:50,236] {taskinstance.py:1032} INFO - Dependencies all met for <TaskInstance: ingest_data_bigquery_yt.bigquery_external_table_task scheduled__2019-05-02T06:00:00+00:00 [queued]>
[2024-05-12 11:01:50,268] {taskinstance.py:1032} INFO - Dependencies all met for <TaskInstance: ingest_data_bigquery_yt.bigquery_external_table_task scheduled__2019-05-02T06:00:00+00:00 [queued]>
[2024-05-12 11:01:50,269] {taskinstance.py:1238} INFO - 
--------------------------------------------------------------------------------
[2024-05-12 11:01:50,269] {taskinstance.py:1239} INFO - Starting attempt 1 of 3
[2024-05-12 11:01:50,269] {taskinstance.py:1240} INFO - 
--------------------------------------------------------------------------------
[2024-05-12 11:01:50,293] {taskinstance.py:1259} INFO - Executing <Task(BigQueryCreateExternalTableOperator): bigquery_external_table_task> on 2019-05-02 06:00:00+00:00
[2024-05-12 11:01:50,303] {standard_task_runner.py:52} INFO - Started process 372 to run task
[2024-05-12 11:01:50,318] {standard_task_runner.py:76} INFO - Running: ['***', 'tasks', 'run', 'ingest_data_bigquery_yt', 'bigquery_external_table_task', 'scheduled__2019-05-02T06:00:00+00:00', '--job-id', '4721', '--raw', '--subdir', 'DAGS_FOLDER/data_ingstion_gcs_yt_dag.py', '--cfg-path', '/tmp/tmpo_yfda8j', '--error-file', '/tmp/tmpw41z1mrk']
[2024-05-12 11:01:50,326] {standard_task_runner.py:77} INFO - Job 4721: Subtask bigquery_external_table_task
[2024-05-12 11:01:50,428] {logging_mixin.py:109} INFO - Running <TaskInstance: ingest_data_bigquery_yt.bigquery_external_table_task scheduled__2019-05-02T06:00:00+00:00 [running]> on host 14618ddd22a7
[2024-05-12 11:01:50,532] {taskinstance.py:1426} INFO - Exporting the following env vars:
AIRFLOW_CTX_DAG_OWNER=***
AIRFLOW_CTX_DAG_ID=ingest_data_bigquery_yt
AIRFLOW_CTX_TASK_ID=bigquery_external_table_task
AIRFLOW_CTX_EXECUTION_DATE=2019-05-02T06:00:00+00:00
AIRFLOW_CTX_DAG_RUN_ID=scheduled__2019-05-02T06:00:00+00:00
[2024-05-12 11:01:50,537] {crypto.py:82} WARNING - empty cryptography key - values will not be stored encrypted.
[2024-05-12 11:01:50,548] {warnings.py:99} WARNING - /home/***/.local/lib/python3.6/site-packages/***/providers/google/cloud/hooks/bigquery.py:637: DeprecationWarning: This method is deprecated. Please use `BigQueryHook.create_empty_table` method with passing the `table_resource` object. This gives more flexibility than this method.
  DeprecationWarning,

[2024-05-12 11:01:50,549] {bigquery.py:700} INFO - Creating external table: nyc_tlc_data.yellowtaxi_trips
[2024-05-12 11:01:50,861] {bigquery.py:704} INFO - External table created successfully: nyc_tlc_data.yellowtaxi_trips
[2024-05-12 11:01:50,879] {taskinstance.py:1277} INFO - Marking task as SUCCESS. dag_id=ingest_data_bigquery_yt, task_id=bigquery_external_table_task, execution_date=20190502T060000, start_date=20240512T110150, end_date=20240512T110150
[2024-05-12 11:01:50,939] {local_task_job.py:154} INFO - Task exited with return code 0
[2024-05-12 11:01:50,981] {local_task_job.py:264} INFO - 0 downstream tasks scheduled from follow-on schedule check
