[2024-05-18 13:54:46,595] {taskinstance.py:1032} INFO - Dependencies all met for <TaskInstance: ingest_data_bigquery_fhvhv.download_dataset_task scheduled__2019-08-02T06:00:00+00:00 [queued]>
[2024-05-18 13:54:46,736] {taskinstance.py:1032} INFO - Dependencies all met for <TaskInstance: ingest_data_bigquery_fhvhv.download_dataset_task scheduled__2019-08-02T06:00:00+00:00 [queued]>
[2024-05-18 13:54:46,739] {taskinstance.py:1238} INFO - 
--------------------------------------------------------------------------------
[2024-05-18 13:54:46,739] {taskinstance.py:1239} INFO - Starting attempt 1 of 3
[2024-05-18 13:54:46,739] {taskinstance.py:1240} INFO - 
--------------------------------------------------------------------------------
[2024-05-18 13:54:46,865] {taskinstance.py:1259} INFO - Executing <Task(BashOperator): download_dataset_task> on 2019-08-02 06:00:00+00:00
[2024-05-18 13:54:46,957] {standard_task_runner.py:76} INFO - Running: ['***', 'tasks', 'run', 'ingest_data_bigquery_fhvhv', 'download_dataset_task', 'scheduled__2019-08-02T06:00:00+00:00', '--job-id', '5419', '--raw', '--subdir', 'DAGS_FOLDER/data_ingestion_gcs_fhvhv_dag.py', '--cfg-path', '/tmp/tmp_id2sk_c', '--error-file', '/tmp/tmpr4b0_wv1']
[2024-05-18 13:54:46,988] {standard_task_runner.py:77} INFO - Job 5419: Subtask download_dataset_task
[2024-05-18 13:54:46,940] {standard_task_runner.py:52} INFO - Started process 11301 to run task
[2024-05-18 13:54:47,391] {logging_mixin.py:109} INFO - Running <TaskInstance: ingest_data_bigquery_fhvhv.download_dataset_task scheduled__2019-08-02T06:00:00+00:00 [running]> on host 45b18388e83d
[2024-05-18 13:54:47,552] {warnings.py:99} WARNING - /home/***/.local/lib/python3.6/site-packages/***/utils/context.py:152: AirflowContextDeprecationWarning: Accessing 'execution_date' from the template is deprecated and will be removed in a future version. Please use 'data_interval_start' or 'logical_date' instead.
  warnings.warn(_create_deprecation_warning(key, self._deprecation_replacements[key]))

[2024-05-18 13:54:47,687] {taskinstance.py:1426} INFO - Exporting the following env vars:
AIRFLOW_CTX_DAG_OWNER=***
AIRFLOW_CTX_DAG_ID=ingest_data_bigquery_fhvhv
AIRFLOW_CTX_TASK_ID=download_dataset_task
AIRFLOW_CTX_EXECUTION_DATE=2019-08-02T06:00:00+00:00
AIRFLOW_CTX_DAG_RUN_ID=scheduled__2019-08-02T06:00:00+00:00
[2024-05-18 13:54:47,701] {subprocess.py:62} INFO - Tmp dir root location: 
 /tmp
[2024-05-18 13:54:47,711] {subprocess.py:74} INFO - Running command: ['bash', '-c', 'curl -sSL https://d37ci6vzurychx.cloudfront.net/trip-data/fhvhv_tripdata_2019-08.parquet > /opt/***/raw_data/fhvhvtaxi_tripdata_2019-08.parquet']
[2024-05-18 13:54:47,878] {subprocess.py:85} INFO - Output:
[2024-05-18 13:55:25,852] {subprocess.py:93} INFO - Command exited with return code 0
[2024-05-18 13:55:26,246] {taskinstance.py:1277} INFO - Marking task as SUCCESS. dag_id=ingest_data_bigquery_fhvhv, task_id=download_dataset_task, execution_date=20190802T060000, start_date=20240518T135446, end_date=20240518T135526
[2024-05-18 13:55:26,500] {local_task_job.py:154} INFO - Task exited with return code 0
[2024-05-18 13:55:27,081] {local_task_job.py:264} INFO - 1 downstream tasks scheduled from follow-on schedule check
[2024-12-16 15:19:16,125] {taskinstance.py:1032} INFO - Dependencies all met for <TaskInstance: ingest_data_bigquery_fhvhv.download_dataset_task scheduled__2019-08-02T06:00:00+00:00 [queued]>
[2024-12-16 15:19:16,199] {taskinstance.py:1032} INFO - Dependencies all met for <TaskInstance: ingest_data_bigquery_fhvhv.download_dataset_task scheduled__2019-08-02T06:00:00+00:00 [queued]>
[2024-12-16 15:19:16,199] {taskinstance.py:1238} INFO - 
--------------------------------------------------------------------------------
[2024-12-16 15:19:16,201] {taskinstance.py:1239} INFO - Starting attempt 1 of 3
[2024-12-16 15:19:16,202] {taskinstance.py:1240} INFO - 
--------------------------------------------------------------------------------
[2024-12-16 15:19:16,257] {taskinstance.py:1259} INFO - Executing <Task(BashOperator): download_dataset_task> on 2019-08-02 06:00:00+00:00
[2024-12-16 15:19:16,275] {standard_task_runner.py:52} INFO - Started process 5968 to run task
[2024-12-16 15:19:16,321] {standard_task_runner.py:76} INFO - Running: ['***', 'tasks', 'run', 'ingest_data_bigquery_fhvhv', 'download_dataset_task', 'scheduled__2019-08-02T06:00:00+00:00', '--job-id', '5651', '--raw', '--subdir', 'DAGS_FOLDER/data_ingestion_gcs_fhvhv_dag.py', '--cfg-path', '/tmp/tmpz4jx_e33', '--error-file', '/tmp/tmpezy4o0p4']
[2024-12-16 15:19:16,341] {standard_task_runner.py:77} INFO - Job 5651: Subtask download_dataset_task
[2024-12-16 15:19:16,631] {logging_mixin.py:109} INFO - Running <TaskInstance: ingest_data_bigquery_fhvhv.download_dataset_task scheduled__2019-08-02T06:00:00+00:00 [running]> on host 78f99e82b508
[2024-12-16 15:19:16,936] {warnings.py:99} WARNING - /home/***/.local/lib/python3.6/site-packages/***/utils/context.py:152: AirflowContextDeprecationWarning: Accessing 'execution_date' from the template is deprecated and will be removed in a future version. Please use 'data_interval_start' or 'logical_date' instead.
  warnings.warn(_create_deprecation_warning(key, self._deprecation_replacements[key]))

[2024-12-16 15:19:17,011] {taskinstance.py:1426} INFO - Exporting the following env vars:
AIRFLOW_CTX_DAG_OWNER=***
AIRFLOW_CTX_DAG_ID=ingest_data_bigquery_fhvhv
AIRFLOW_CTX_TASK_ID=download_dataset_task
AIRFLOW_CTX_EXECUTION_DATE=2019-08-02T06:00:00+00:00
AIRFLOW_CTX_DAG_RUN_ID=scheduled__2019-08-02T06:00:00+00:00
[2024-12-16 15:19:17,013] {subprocess.py:62} INFO - Tmp dir root location: 
 /tmp
[2024-12-16 15:19:17,014] {subprocess.py:74} INFO - Running command: ['bash', '-c', 'curl -sSL https://d37ci6vzurychx.cloudfront.net/trip-data/fhvhv_tripdata_2019-08.parquet > /opt/***/raw_data/fhvhvtaxi_tripdata_2019-08.parquet']
[2024-12-16 15:19:17,091] {subprocess.py:85} INFO - Output:
[2024-12-16 15:19:52,637] {subprocess.py:93} INFO - Command exited with return code 0
[2024-12-16 15:19:52,793] {taskinstance.py:1277} INFO - Marking task as SUCCESS. dag_id=ingest_data_bigquery_fhvhv, task_id=download_dataset_task, execution_date=20190802T060000, start_date=20241216T151916, end_date=20241216T151952
[2024-12-16 15:19:53,113] {local_task_job.py:154} INFO - Task exited with return code 0
[2024-12-16 15:19:53,510] {local_task_job.py:264} INFO - 1 downstream tasks scheduled from follow-on schedule check
[2024-12-29 14:02:14,746] {taskinstance.py:1032} INFO - Dependencies all met for <TaskInstance: ingest_data_bigquery_fhvhv.download_dataset_task scheduled__2019-08-02T06:00:00+00:00 [queued]>
[2024-12-29 14:02:14,824] {taskinstance.py:1032} INFO - Dependencies all met for <TaskInstance: ingest_data_bigquery_fhvhv.download_dataset_task scheduled__2019-08-02T06:00:00+00:00 [queued]>
[2024-12-29 14:02:14,824] {taskinstance.py:1238} INFO - 
--------------------------------------------------------------------------------
[2024-12-29 14:02:14,824] {taskinstance.py:1239} INFO - Starting attempt 1 of 3
[2024-12-29 14:02:14,826] {taskinstance.py:1240} INFO - 
--------------------------------------------------------------------------------
[2024-12-29 14:02:14,888] {taskinstance.py:1259} INFO - Executing <Task(BashOperator): download_dataset_task> on 2019-08-02 06:00:00+00:00
[2024-12-29 14:02:14,943] {standard_task_runner.py:52} INFO - Started process 815 to run task
[2024-12-29 14:02:14,970] {standard_task_runner.py:76} INFO - Running: ['***', 'tasks', 'run', 'ingest_data_bigquery_fhvhv', 'download_dataset_task', 'scheduled__2019-08-02T06:00:00+00:00', '--job-id', '5875', '--raw', '--subdir', 'DAGS_FOLDER/data_ingestion_gcs_fhvhv_dag.py', '--cfg-path', '/tmp/tmplif7_eds', '--error-file', '/tmp/tmpxu6ihil_']
[2024-12-29 14:02:15,038] {standard_task_runner.py:77} INFO - Job 5875: Subtask download_dataset_task
[2024-12-29 14:02:15,308] {logging_mixin.py:109} INFO - Running <TaskInstance: ingest_data_bigquery_fhvhv.download_dataset_task scheduled__2019-08-02T06:00:00+00:00 [running]> on host 4b90d914d43e
[2024-12-29 14:02:15,409] {warnings.py:99} WARNING - /home/***/.local/lib/python3.6/site-packages/***/utils/context.py:152: AirflowContextDeprecationWarning: Accessing 'execution_date' from the template is deprecated and will be removed in a future version. Please use 'data_interval_start' or 'logical_date' instead.
  warnings.warn(_create_deprecation_warning(key, self._deprecation_replacements[key]))

[2024-12-29 14:02:15,496] {taskinstance.py:1426} INFO - Exporting the following env vars:
AIRFLOW_CTX_DAG_OWNER=***
AIRFLOW_CTX_DAG_ID=ingest_data_bigquery_fhvhv
AIRFLOW_CTX_TASK_ID=download_dataset_task
AIRFLOW_CTX_EXECUTION_DATE=2019-08-02T06:00:00+00:00
AIRFLOW_CTX_DAG_RUN_ID=scheduled__2019-08-02T06:00:00+00:00
[2024-12-29 14:02:15,498] {subprocess.py:62} INFO - Tmp dir root location: 
 /tmp
[2024-12-29 14:02:15,499] {subprocess.py:74} INFO - Running command: ['bash', '-c', 'curl -sSL https://d37ci6vzurychx.cloudfront.net/trip-data/fhvhv_tripdata_2019-08.parquet > /opt/***/raw_data/fhvhvtaxi_tripdata_2019-08.parquet']
[2024-12-29 14:02:15,645] {subprocess.py:85} INFO - Output:
[2024-12-29 14:03:00,366] {subprocess.py:93} INFO - Command exited with return code 0
[2024-12-29 14:03:01,083] {taskinstance.py:1277} INFO - Marking task as SUCCESS. dag_id=ingest_data_bigquery_fhvhv, task_id=download_dataset_task, execution_date=20190802T060000, start_date=20241229T140214, end_date=20241229T140301
[2024-12-29 14:03:01,305] {local_task_job.py:154} INFO - Task exited with return code 0
[2024-12-29 14:03:01,548] {local_task_job.py:264} INFO - 1 downstream tasks scheduled from follow-on schedule check
[2025-01-01 04:50:46,956] {taskinstance.py:1032} INFO - Dependencies all met for <TaskInstance: ingest_data_bigquery_fhvhv.download_dataset_task scheduled__2019-08-02T06:00:00+00:00 [queued]>
[2025-01-01 04:50:46,969] {taskinstance.py:1032} INFO - Dependencies all met for <TaskInstance: ingest_data_bigquery_fhvhv.download_dataset_task scheduled__2019-08-02T06:00:00+00:00 [queued]>
[2025-01-01 04:50:46,969] {taskinstance.py:1238} INFO - 
--------------------------------------------------------------------------------
[2025-01-01 04:50:46,969] {taskinstance.py:1239} INFO - Starting attempt 1 of 3
[2025-01-01 04:50:46,970] {taskinstance.py:1240} INFO - 
--------------------------------------------------------------------------------
[2025-01-01 04:50:46,981] {taskinstance.py:1259} INFO - Executing <Task(BashOperator): download_dataset_task> on 2019-08-02 06:00:00+00:00
[2025-01-01 04:50:46,988] {standard_task_runner.py:52} INFO - Started process 3196 to run task
[2025-01-01 04:50:46,993] {standard_task_runner.py:76} INFO - Running: ['***', 'tasks', 'run', 'ingest_data_bigquery_fhvhv', 'download_dataset_task', 'scheduled__2019-08-02T06:00:00+00:00', '--job-id', '6184', '--raw', '--subdir', 'DAGS_FOLDER/data_ingestion_gcs_fhvhv_dag.py', '--cfg-path', '/tmp/tmpc0lt5gnn', '--error-file', '/tmp/tmp2xglibve']
[2025-01-01 04:50:46,997] {standard_task_runner.py:77} INFO - Job 6184: Subtask download_dataset_task
[2025-01-01 04:50:47,073] {logging_mixin.py:109} INFO - Running <TaskInstance: ingest_data_bigquery_fhvhv.download_dataset_task scheduled__2019-08-02T06:00:00+00:00 [running]> on host 4228b0d90dbc
[2025-01-01 04:50:47,121] {warnings.py:99} WARNING - /home/***/.local/lib/python3.6/site-packages/***/utils/context.py:152: AirflowContextDeprecationWarning: Accessing 'execution_date' from the template is deprecated and will be removed in a future version. Please use 'data_interval_start' or 'logical_date' instead.
  warnings.warn(_create_deprecation_warning(key, self._deprecation_replacements[key]))

[2025-01-01 04:50:47,146] {taskinstance.py:1426} INFO - Exporting the following env vars:
AIRFLOW_CTX_DAG_OWNER=***
AIRFLOW_CTX_DAG_ID=ingest_data_bigquery_fhvhv
AIRFLOW_CTX_TASK_ID=download_dataset_task
AIRFLOW_CTX_EXECUTION_DATE=2019-08-02T06:00:00+00:00
AIRFLOW_CTX_DAG_RUN_ID=scheduled__2019-08-02T06:00:00+00:00
[2025-01-01 04:50:47,148] {subprocess.py:62} INFO - Tmp dir root location: 
 /tmp
[2025-01-01 04:50:47,149] {subprocess.py:74} INFO - Running command: ['bash', '-c', 'curl -sSL https://d37ci6vzurychx.cloudfront.net/trip-data/fhvhv_tripdata_2019-08.parquet > /opt/***/raw_data/fhvhvtaxi_tripdata_2019-08.parquet']
[2025-01-01 04:50:47,164] {subprocess.py:85} INFO - Output:
[2025-01-01 04:51:16,576] {subprocess.py:93} INFO - Command exited with return code 0
[2025-01-01 04:51:16,615] {taskinstance.py:1277} INFO - Marking task as SUCCESS. dag_id=ingest_data_bigquery_fhvhv, task_id=download_dataset_task, execution_date=20190802T060000, start_date=20250101T045046, end_date=20250101T045116
[2025-01-01 04:51:16,668] {local_task_job.py:154} INFO - Task exited with return code 0
[2025-01-01 04:51:16,713] {local_task_job.py:264} INFO - 1 downstream tasks scheduled from follow-on schedule check
[2025-01-01 11:29:33,351] {taskinstance.py:1032} INFO - Dependencies all met for <TaskInstance: ingest_data_bigquery_fhvhv.download_dataset_task scheduled__2019-08-02T06:00:00+00:00 [queued]>
[2025-01-01 11:29:33,367] {taskinstance.py:1032} INFO - Dependencies all met for <TaskInstance: ingest_data_bigquery_fhvhv.download_dataset_task scheduled__2019-08-02T06:00:00+00:00 [queued]>
[2025-01-01 11:29:33,367] {taskinstance.py:1238} INFO - 
--------------------------------------------------------------------------------
[2025-01-01 11:29:33,367] {taskinstance.py:1239} INFO - Starting attempt 1 of 3
[2025-01-01 11:29:33,367] {taskinstance.py:1240} INFO - 
--------------------------------------------------------------------------------
[2025-01-01 11:29:33,380] {taskinstance.py:1259} INFO - Executing <Task(BashOperator): download_dataset_task> on 2019-08-02 06:00:00+00:00
[2025-01-01 11:29:33,389] {standard_task_runner.py:52} INFO - Started process 6260 to run task
[2025-01-01 11:29:33,394] {standard_task_runner.py:76} INFO - Running: ['***', 'tasks', 'run', 'ingest_data_bigquery_fhvhv', 'download_dataset_task', 'scheduled__2019-08-02T06:00:00+00:00', '--job-id', '6300', '--raw', '--subdir', 'DAGS_FOLDER/data_ingestion_gcs_fhvhv_dag.py', '--cfg-path', '/tmp/tmpp8dh83hj', '--error-file', '/tmp/tmpkepvj3be']
[2025-01-01 11:29:33,399] {standard_task_runner.py:77} INFO - Job 6300: Subtask download_dataset_task
[2025-01-01 11:29:33,479] {logging_mixin.py:109} INFO - Running <TaskInstance: ingest_data_bigquery_fhvhv.download_dataset_task scheduled__2019-08-02T06:00:00+00:00 [running]> on host b9549a156c09
[2025-01-01 11:29:33,527] {warnings.py:99} WARNING - /home/***/.local/lib/python3.6/site-packages/***/utils/context.py:152: AirflowContextDeprecationWarning: Accessing 'execution_date' from the template is deprecated and will be removed in a future version. Please use 'data_interval_start' or 'logical_date' instead.
  warnings.warn(_create_deprecation_warning(key, self._deprecation_replacements[key]))

[2025-01-01 11:29:33,555] {taskinstance.py:1426} INFO - Exporting the following env vars:
AIRFLOW_CTX_DAG_OWNER=***
AIRFLOW_CTX_DAG_ID=ingest_data_bigquery_fhvhv
AIRFLOW_CTX_TASK_ID=download_dataset_task
AIRFLOW_CTX_EXECUTION_DATE=2019-08-02T06:00:00+00:00
AIRFLOW_CTX_DAG_RUN_ID=scheduled__2019-08-02T06:00:00+00:00
[2025-01-01 11:29:33,557] {subprocess.py:62} INFO - Tmp dir root location: 
 /tmp
[2025-01-01 11:29:33,558] {subprocess.py:74} INFO - Running command: ['bash', '-c', 'curl -sSL https://d37ci6vzurychx.cloudfront.net/trip-data/fhvhv_tripdata_2019-08.parquet > /opt/***/raw_data/fhvhvtaxi_tripdata_2019-08.parquet']
[2025-01-01 11:29:33,577] {subprocess.py:85} INFO - Output:
[2025-01-01 11:30:14,715] {subprocess.py:93} INFO - Command exited with return code 0
[2025-01-01 11:30:14,754] {taskinstance.py:1277} INFO - Marking task as SUCCESS. dag_id=ingest_data_bigquery_fhvhv, task_id=download_dataset_task, execution_date=20190802T060000, start_date=20250101T112933, end_date=20250101T113014
[2025-01-01 11:30:14,796] {local_task_job.py:154} INFO - Task exited with return code 0
[2025-01-01 11:30:14,843] {local_task_job.py:264} INFO - 1 downstream tasks scheduled from follow-on schedule check
