[2025-01-14 15:35:24,854] {taskinstance.py:1032} INFO - Dependencies all met for <TaskInstance: ingest_data_bigquery_gt_2022.bigquery_external_table_task scheduled__2022-05-02T06:00:00+00:00 [queued]>
[2025-01-14 15:35:24,949] {taskinstance.py:1032} INFO - Dependencies all met for <TaskInstance: ingest_data_bigquery_gt_2022.bigquery_external_table_task scheduled__2022-05-02T06:00:00+00:00 [queued]>
[2025-01-14 15:35:24,953] {taskinstance.py:1238} INFO - 
--------------------------------------------------------------------------------
[2025-01-14 15:35:24,955] {taskinstance.py:1239} INFO - Starting attempt 1 of 3
[2025-01-14 15:35:24,955] {taskinstance.py:1240} INFO - 
--------------------------------------------------------------------------------
[2025-01-14 15:35:25,035] {taskinstance.py:1259} INFO - Executing <Task(BigQueryCreateExternalTableOperator): bigquery_external_table_task> on 2022-05-02 06:00:00+00:00
[2025-01-14 15:35:25,066] {standard_task_runner.py:52} INFO - Started process 1966 to run task
[2025-01-14 15:35:25,110] {standard_task_runner.py:76} INFO - Running: ['***', 'tasks', 'run', 'ingest_data_bigquery_gt_2022', 'bigquery_external_table_task', 'scheduled__2022-05-02T06:00:00+00:00', '--job-id', '6462', '--raw', '--subdir', 'DAGS_FOLDER/data_ingestion_gcs_gt_dag_2022.py', '--cfg-path', '/tmp/tmpkop93cpe', '--error-file', '/tmp/tmpx26ufgrz']
[2025-01-14 15:35:25,137] {standard_task_runner.py:77} INFO - Job 6462: Subtask bigquery_external_table_task
[2025-01-14 15:35:25,397] {logging_mixin.py:109} INFO - Running <TaskInstance: ingest_data_bigquery_gt_2022.bigquery_external_table_task scheduled__2022-05-02T06:00:00+00:00 [running]> on host d4593c1e0983
[2025-01-14 15:35:25,606] {taskinstance.py:1426} INFO - Exporting the following env vars:
AIRFLOW_CTX_DAG_OWNER=***
AIRFLOW_CTX_DAG_ID=ingest_data_bigquery_gt_2022
AIRFLOW_CTX_TASK_ID=bigquery_external_table_task
AIRFLOW_CTX_EXECUTION_DATE=2022-05-02T06:00:00+00:00
AIRFLOW_CTX_DAG_RUN_ID=scheduled__2022-05-02T06:00:00+00:00
[2025-01-14 15:35:25,630] {crypto.py:82} WARNING - empty cryptography key - values will not be stored encrypted.
[2025-01-14 15:35:25,679] {warnings.py:99} WARNING - /home/***/.local/lib/python3.6/site-packages/***/providers/google/cloud/hooks/bigquery.py:637: DeprecationWarning: This method is deprecated. Please use `BigQueryHook.create_empty_table` method with passing the `table_resource` object. This gives more flexibility than this method.
  DeprecationWarning,

[2025-01-14 15:35:25,690] {bigquery.py:700} INFO - Creating external table: nyc_tlc_data.greentaxi_trips
[2025-01-14 15:35:26,211] {bigquery.py:704} INFO - External table created successfully: nyc_tlc_data.greentaxi_trips
[2025-01-14 15:35:26,237] {taskinstance.py:1277} INFO - Marking task as SUCCESS. dag_id=ingest_data_bigquery_gt_2022, task_id=bigquery_external_table_task, execution_date=20220502T060000, start_date=20250114T153524, end_date=20250114T153526
[2025-01-14 15:35:26,356] {local_task_job.py:154} INFO - Task exited with return code 0
[2025-01-14 15:35:26,444] {local_task_job.py:264} INFO - 0 downstream tasks scheduled from follow-on schedule check
