[2024-12-16 14:34:26,895] {taskinstance.py:1032} INFO - Dependencies all met for <TaskInstance: ingest_data_bigquery_fhv.local_to_gcs_task scheduled__2020-02-02T06:00:00+00:00 [queued]>
[2024-12-16 14:34:26,909] {taskinstance.py:1032} INFO - Dependencies all met for <TaskInstance: ingest_data_bigquery_fhv.local_to_gcs_task scheduled__2020-02-02T06:00:00+00:00 [queued]>
[2024-12-16 14:34:26,909] {taskinstance.py:1238} INFO - 
--------------------------------------------------------------------------------
[2024-12-16 14:34:26,909] {taskinstance.py:1239} INFO - Starting attempt 6 of 6
[2024-12-16 14:34:26,909] {taskinstance.py:1240} INFO - 
--------------------------------------------------------------------------------
[2024-12-16 14:34:26,921] {taskinstance.py:1259} INFO - Executing <Task(PythonOperator): local_to_gcs_task> on 2020-02-02 06:00:00+00:00
[2024-12-16 14:34:26,928] {standard_task_runner.py:52} INFO - Started process 3901 to run task
[2024-12-16 14:34:26,933] {standard_task_runner.py:76} INFO - Running: ['***', 'tasks', 'run', 'ingest_data_bigquery_fhv', 'local_to_gcs_task', 'scheduled__2020-02-02T06:00:00+00:00', '--job-id', '5643', '--raw', '--subdir', 'DAGS_FOLDER/data_ingestion_gcs_fhv_dag .py', '--cfg-path', '/tmp/tmp5dd7_zj6', '--error-file', '/tmp/tmpljaib3xj']
[2024-12-16 14:34:26,939] {standard_task_runner.py:77} INFO - Job 5643: Subtask local_to_gcs_task
[2024-12-16 14:34:27,023] {logging_mixin.py:109} INFO - Running <TaskInstance: ingest_data_bigquery_fhv.local_to_gcs_task scheduled__2020-02-02T06:00:00+00:00 [running]> on host 78f99e82b508
[2024-12-16 14:34:27,079] {warnings.py:99} WARNING - /home/***/.local/lib/python3.6/site-packages/***/utils/context.py:152: AirflowContextDeprecationWarning: Accessing 'execution_date' from the template is deprecated and will be removed in a future version. Please use 'data_interval_start' or 'logical_date' instead.
  warnings.warn(_create_deprecation_warning(key, self._deprecation_replacements[key]))

[2024-12-16 14:34:27,111] {taskinstance.py:1426} INFO - Exporting the following env vars:
AIRFLOW_CTX_DAG_OWNER=***
AIRFLOW_CTX_DAG_ID=ingest_data_bigquery_fhv
AIRFLOW_CTX_TASK_ID=local_to_gcs_task
AIRFLOW_CTX_EXECUTION_DATE=2020-02-02T06:00:00+00:00
AIRFLOW_CTX_DAG_RUN_ID=scheduled__2020-02-02T06:00:00+00:00
[2024-12-16 14:34:34,012] {python.py:175} INFO - Done. Returned value was: None
[2024-12-16 14:34:34,033] {taskinstance.py:1277} INFO - Marking task as SUCCESS. dag_id=ingest_data_bigquery_fhv, task_id=local_to_gcs_task, execution_date=20200202T060000, start_date=20241216T143426, end_date=20241216T143434
[2024-12-16 14:34:34,089] {local_task_job.py:154} INFO - Task exited with return code 0
[2024-12-16 14:34:34,132] {local_task_job.py:264} INFO - 1 downstream tasks scheduled from follow-on schedule check
