[2024-05-02 08:02:10,606] {taskinstance.py:1032} INFO - Dependencies all met for <TaskInstance: ingest_data_bigquery_yt.download_dataset_task scheduled__2019-07-02T06:00:00+00:00 [queued]>
[2024-05-02 08:02:10,615] {taskinstance.py:1032} INFO - Dependencies all met for <TaskInstance: ingest_data_bigquery_yt.download_dataset_task scheduled__2019-07-02T06:00:00+00:00 [queued]>
[2024-05-02 08:02:10,615] {taskinstance.py:1238} INFO - 
--------------------------------------------------------------------------------
[2024-05-02 08:02:10,615] {taskinstance.py:1239} INFO - Starting attempt 3 of 4
[2024-05-02 08:02:10,615] {taskinstance.py:1240} INFO - 
--------------------------------------------------------------------------------
[2024-05-02 08:02:10,624] {taskinstance.py:1259} INFO - Executing <Task(BashOperator): download_dataset_task> on 2019-07-02 06:00:00+00:00
[2024-05-02 08:02:10,629] {standard_task_runner.py:52} INFO - Started process 146 to run task
[2024-05-02 08:02:10,633] {standard_task_runner.py:76} INFO - Running: ['***', 'tasks', 'run', 'ingest_data_bigquery_yt', 'download_dataset_task', 'scheduled__2019-07-02T06:00:00+00:00', '--job-id', '3771', '--raw', '--subdir', 'DAGS_FOLDER/data_ingestion_gcs_yt_dag.py', '--cfg-path', '/tmp/tmpjrefhn3d', '--error-file', '/tmp/tmpr025ttuh']
[2024-05-02 08:02:10,637] {standard_task_runner.py:77} INFO - Job 3771: Subtask download_dataset_task
[2024-05-02 08:02:10,689] {logging_mixin.py:109} INFO - Running <TaskInstance: ingest_data_bigquery_yt.download_dataset_task scheduled__2019-07-02T06:00:00+00:00 [running]> on host 1b6fe6e4a3b5
[2024-05-02 08:02:10,720] {warnings.py:99} WARNING - /home/***/.local/lib/python3.6/site-packages/***/utils/context.py:152: AirflowContextDeprecationWarning: Accessing 'execution_date' from the template is deprecated and will be removed in a future version. Please use 'data_interval_start' or 'logical_date' instead.
  warnings.warn(_create_deprecation_warning(key, self._deprecation_replacements[key]))

[2024-05-02 08:02:10,744] {taskinstance.py:1426} INFO - Exporting the following env vars:
AIRFLOW_CTX_DAG_OWNER=***
AIRFLOW_CTX_DAG_ID=ingest_data_bigquery_yt
AIRFLOW_CTX_TASK_ID=download_dataset_task
AIRFLOW_CTX_EXECUTION_DATE=2019-07-02T06:00:00+00:00
AIRFLOW_CTX_DAG_RUN_ID=scheduled__2019-07-02T06:00:00+00:00
[2024-05-02 08:02:10,746] {subprocess.py:62} INFO - Tmp dir root location: 
 /tmp
[2024-05-02 08:02:10,746] {subprocess.py:74} INFO - Running command: ['bash', '-c', 'curl -sSL https://github.com/DataTalksClub/nyc-tlc-data/releases/download/yellow/yellow_tripdata_2019-07.csv.gz > /opt/***/raw_data/yellowtaxi_tripdata_2019-07.csv.gz | gzip -d > /opt/***/raw_data/yellowtaxi_tripdata_2019-07.csv && rm /opt/***/raw_data/yellowtaxi_tripdata_2019-07.csv.gz']
[2024-05-02 08:02:10,758] {subprocess.py:85} INFO - Output:
[2024-05-02 08:02:10,765] {subprocess.py:89} INFO - 
[2024-05-02 08:02:10,765] {subprocess.py:89} INFO - gzip: stdin: unexpected end of file
[2024-05-02 08:02:12,805] {subprocess.py:93} INFO - Command exited with return code 1
[2024-05-02 08:02:12,822] {taskinstance.py:1700} ERROR - Task failed with exception
Traceback (most recent call last):
  File "/home/airflow/.local/lib/python3.6/site-packages/airflow/models/taskinstance.py", line 1329, in _run_raw_task
    self._execute_task_with_callbacks(context)
  File "/home/airflow/.local/lib/python3.6/site-packages/airflow/models/taskinstance.py", line 1455, in _execute_task_with_callbacks
    result = self._execute_task(context, self.task)
  File "/home/airflow/.local/lib/python3.6/site-packages/airflow/models/taskinstance.py", line 1511, in _execute_task
    result = execute_callable(context=context)
  File "/home/airflow/.local/lib/python3.6/site-packages/airflow/operators/bash.py", line 188, in execute
    f'Bash command failed. The command returned a non-zero exit code {result.exit_code}.'
airflow.exceptions.AirflowException: Bash command failed. The command returned a non-zero exit code 1.
[2024-05-02 08:02:12,828] {taskinstance.py:1277} INFO - Marking task as UP_FOR_RETRY. dag_id=ingest_data_bigquery_yt, task_id=download_dataset_task, execution_date=20190702T060000, start_date=20240502T080210, end_date=20240502T080212
[2024-05-02 08:02:12,846] {standard_task_runner.py:92} ERROR - Failed to execute job 3771 for task download_dataset_task
Traceback (most recent call last):
  File "/home/airflow/.local/lib/python3.6/site-packages/airflow/task/task_runner/standard_task_runner.py", line 85, in _start_by_fork
    args.func(args, dag=self.dag)
  File "/home/airflow/.local/lib/python3.6/site-packages/airflow/cli/cli_parser.py", line 48, in command
    return func(*args, **kwargs)
  File "/home/airflow/.local/lib/python3.6/site-packages/airflow/utils/cli.py", line 92, in wrapper
    return f(*args, **kwargs)
  File "/home/airflow/.local/lib/python3.6/site-packages/airflow/cli/commands/task_command.py", line 298, in task_run
    _run_task_by_selected_method(args, dag, ti)
  File "/home/airflow/.local/lib/python3.6/site-packages/airflow/cli/commands/task_command.py", line 107, in _run_task_by_selected_method
    _run_raw_task(args, ti)
  File "/home/airflow/.local/lib/python3.6/site-packages/airflow/cli/commands/task_command.py", line 184, in _run_raw_task
    error_file=args.error_file,
  File "/home/airflow/.local/lib/python3.6/site-packages/airflow/utils/session.py", line 70, in wrapper
    return func(*args, session=session, **kwargs)
  File "/home/airflow/.local/lib/python3.6/site-packages/airflow/models/taskinstance.py", line 1329, in _run_raw_task
    self._execute_task_with_callbacks(context)
  File "/home/airflow/.local/lib/python3.6/site-packages/airflow/models/taskinstance.py", line 1455, in _execute_task_with_callbacks
    result = self._execute_task(context, self.task)
  File "/home/airflow/.local/lib/python3.6/site-packages/airflow/models/taskinstance.py", line 1511, in _execute_task
    result = execute_callable(context=context)
  File "/home/airflow/.local/lib/python3.6/site-packages/airflow/operators/bash.py", line 188, in execute
    f'Bash command failed. The command returned a non-zero exit code {result.exit_code}.'
airflow.exceptions.AirflowException: Bash command failed. The command returned a non-zero exit code 1.
[2024-05-02 08:02:12,857] {local_task_job.py:154} INFO - Task exited with return code 1
[2024-05-02 08:02:12,893] {local_task_job.py:264} INFO - 0 downstream tasks scheduled from follow-on schedule check
[2024-05-03 08:31:09,858] {taskinstance.py:1032} INFO - Dependencies all met for <TaskInstance: ingest_data_bigquery_yt.download_dataset_task scheduled__2019-07-02T06:00:00+00:00 [queued]>
[2024-05-03 08:31:09,871] {taskinstance.py:1032} INFO - Dependencies all met for <TaskInstance: ingest_data_bigquery_yt.download_dataset_task scheduled__2019-07-02T06:00:00+00:00 [queued]>
[2024-05-03 08:31:09,871] {taskinstance.py:1238} INFO - 
--------------------------------------------------------------------------------
[2024-05-03 08:31:09,872] {taskinstance.py:1239} INFO - Starting attempt 3 of 4
[2024-05-03 08:31:09,872] {taskinstance.py:1240} INFO - 
--------------------------------------------------------------------------------
[2024-05-03 08:31:09,883] {taskinstance.py:1259} INFO - Executing <Task(BashOperator): download_dataset_task> on 2019-07-02 06:00:00+00:00
[2024-05-03 08:31:09,890] {standard_task_runner.py:52} INFO - Started process 306 to run task
[2024-05-03 08:31:09,895] {standard_task_runner.py:76} INFO - Running: ['***', 'tasks', 'run', 'ingest_data_bigquery_yt', 'download_dataset_task', 'scheduled__2019-07-02T06:00:00+00:00', '--job-id', '3922', '--raw', '--subdir', 'DAGS_FOLDER/data_ingestion_gcs_yt_dag.py', '--cfg-path', '/tmp/tmpc3r62h21', '--error-file', '/tmp/tmpa36n3_g2']
[2024-05-03 08:31:09,899] {standard_task_runner.py:77} INFO - Job 3922: Subtask download_dataset_task
[2024-05-03 08:31:09,959] {logging_mixin.py:109} INFO - Running <TaskInstance: ingest_data_bigquery_yt.download_dataset_task scheduled__2019-07-02T06:00:00+00:00 [running]> on host 5bfe1025092b
[2024-05-03 08:31:09,999] {warnings.py:99} WARNING - /home/***/.local/lib/python3.6/site-packages/***/utils/context.py:152: AirflowContextDeprecationWarning: Accessing 'execution_date' from the template is deprecated and will be removed in a future version. Please use 'data_interval_start' or 'logical_date' instead.
  warnings.warn(_create_deprecation_warning(key, self._deprecation_replacements[key]))

[2024-05-03 08:31:10,020] {taskinstance.py:1426} INFO - Exporting the following env vars:
AIRFLOW_CTX_DAG_OWNER=***
AIRFLOW_CTX_DAG_ID=ingest_data_bigquery_yt
AIRFLOW_CTX_TASK_ID=download_dataset_task
AIRFLOW_CTX_EXECUTION_DATE=2019-07-02T06:00:00+00:00
AIRFLOW_CTX_DAG_RUN_ID=scheduled__2019-07-02T06:00:00+00:00
[2024-05-03 08:31:10,022] {subprocess.py:62} INFO - Tmp dir root location: 
 /tmp
[2024-05-03 08:31:10,023] {subprocess.py:74} INFO - Running command: ['bash', '-c', 'curl -sSL https://github.com/DataTalksClub/nyc-tlc-data/releases/download/yellow/yellow_tripdata_2019-07.csv.gz > /opt/***/raw_data/yellowtaxi_tripdata_2019-07.csv.gz && gunzip /opt/***/raw_data/yellowtaxi_tripdata_2019-07.csv.gz']
[2024-05-03 08:31:10,036] {subprocess.py:85} INFO - Output:
[2024-05-03 08:31:15,588] {subprocess.py:93} INFO - Command exited with return code 0
[2024-05-03 08:31:15,619] {taskinstance.py:1277} INFO - Marking task as SUCCESS. dag_id=ingest_data_bigquery_yt, task_id=download_dataset_task, execution_date=20190702T060000, start_date=20240503T083109, end_date=20240503T083115
[2024-05-03 08:31:15,669] {local_task_job.py:154} INFO - Task exited with return code 0
[2024-05-03 08:31:15,708] {local_task_job.py:264} INFO - 1 downstream tasks scheduled from follow-on schedule check
[2024-05-03 15:56:53,597] {taskinstance.py:1032} INFO - Dependencies all met for <TaskInstance: ingest_data_bigquery_yt.download_dataset_task scheduled__2019-07-02T06:00:00+00:00 [queued]>
[2024-05-03 15:56:53,744] {taskinstance.py:1032} INFO - Dependencies all met for <TaskInstance: ingest_data_bigquery_yt.download_dataset_task scheduled__2019-07-02T06:00:00+00:00 [queued]>
[2024-05-03 15:56:53,744] {taskinstance.py:1238} INFO - 
--------------------------------------------------------------------------------
[2024-05-03 15:56:53,744] {taskinstance.py:1239} INFO - Starting attempt 3 of 3
[2024-05-03 15:56:53,744] {taskinstance.py:1240} INFO - 
--------------------------------------------------------------------------------
[2024-05-03 15:56:53,864] {taskinstance.py:1259} INFO - Executing <Task(BashOperator): download_dataset_task> on 2019-07-02 06:00:00+00:00
[2024-05-03 15:56:53,932] {standard_task_runner.py:76} INFO - Running: ['***', 'tasks', 'run', 'ingest_data_bigquery_yt', 'download_dataset_task', 'scheduled__2019-07-02T06:00:00+00:00', '--job-id', '4145', '--raw', '--subdir', 'DAGS_FOLDER/data_ingstion_gcs_yt_dag.py', '--cfg-path', '/tmp/tmpk0t8rpca', '--error-file', '/tmp/tmp58eykpxl']
[2024-05-03 15:56:53,986] {standard_task_runner.py:77} INFO - Job 4145: Subtask download_dataset_task
[2024-05-03 15:56:53,901] {standard_task_runner.py:52} INFO - Started process 132 to run task
[2024-05-03 15:56:54,588] {logging_mixin.py:109} INFO - Running <TaskInstance: ingest_data_bigquery_yt.download_dataset_task scheduled__2019-07-02T06:00:00+00:00 [running]> on host f603d4872b21
[2024-05-03 15:56:55,128] {warnings.py:99} WARNING - /home/***/.local/lib/python3.6/site-packages/***/utils/context.py:152: AirflowContextDeprecationWarning: Accessing 'execution_date' from the template is deprecated and will be removed in a future version. Please use 'data_interval_start' or 'logical_date' instead.
  warnings.warn(_create_deprecation_warning(key, self._deprecation_replacements[key]))

[2024-05-03 15:56:55,232] {taskinstance.py:1426} INFO - Exporting the following env vars:
AIRFLOW_CTX_DAG_OWNER=***
AIRFLOW_CTX_DAG_ID=ingest_data_bigquery_yt
AIRFLOW_CTX_TASK_ID=download_dataset_task
AIRFLOW_CTX_EXECUTION_DATE=2019-07-02T06:00:00+00:00
AIRFLOW_CTX_DAG_RUN_ID=scheduled__2019-07-02T06:00:00+00:00
[2024-05-03 15:56:55,233] {subprocess.py:62} INFO - Tmp dir root location: 
 /tmp
[2024-05-03 15:56:55,235] {subprocess.py:74} INFO - Running command: ['bash', '-c', 'curl -sSL https://github.com/DataTalksClub/nyc-tlc-data/releases/download/yellow/yellow_tripdata_2019-07.csv.gz > /opt/***/raw_data/yellowtaxi_tripdata_2019-07.csv.gz && gunzip /opt/***/raw_data/yellowtaxi_tripdata_2019-07.csv.gz']
[2024-05-03 15:56:55,413] {subprocess.py:85} INFO - Output:
[2024-05-03 15:57:32,927] {subprocess.py:93} INFO - Command exited with return code 0
[2024-05-03 15:57:33,142] {taskinstance.py:1277} INFO - Marking task as SUCCESS. dag_id=ingest_data_bigquery_yt, task_id=download_dataset_task, execution_date=20190702T060000, start_date=20240503T155653, end_date=20240503T155733
[2024-05-03 15:57:33,331] {local_task_job.py:154} INFO - Task exited with return code 0
[2024-05-03 15:57:33,698] {local_task_job.py:264} INFO - 1 downstream tasks scheduled from follow-on schedule check
[2024-05-06 07:11:49,764] {taskinstance.py:1032} INFO - Dependencies all met for <TaskInstance: ingest_data_bigquery_yt.download_dataset_task scheduled__2019-07-02T06:00:00+00:00 [queued]>
[2024-05-06 07:11:49,782] {taskinstance.py:1032} INFO - Dependencies all met for <TaskInstance: ingest_data_bigquery_yt.download_dataset_task scheduled__2019-07-02T06:00:00+00:00 [queued]>
[2024-05-06 07:11:49,783] {taskinstance.py:1238} INFO - 
--------------------------------------------------------------------------------
[2024-05-06 07:11:49,783] {taskinstance.py:1239} INFO - Starting attempt 3 of 5
[2024-05-06 07:11:49,784] {taskinstance.py:1240} INFO - 
--------------------------------------------------------------------------------
[2024-05-06 07:11:49,802] {taskinstance.py:1259} INFO - Executing <Task(BashOperator): download_dataset_task> on 2019-07-02 06:00:00+00:00
[2024-05-06 07:11:49,811] {standard_task_runner.py:52} INFO - Started process 1898 to run task
[2024-05-06 07:11:49,828] {standard_task_runner.py:76} INFO - Running: ['***', 'tasks', 'run', 'ingest_data_bigquery_yt', 'download_dataset_task', 'scheduled__2019-07-02T06:00:00+00:00', '--job-id', '4486', '--raw', '--subdir', 'DAGS_FOLDER/data_ingstion_gcs_yt_dag.py', '--cfg-path', '/tmp/tmp07vdak45', '--error-file', '/tmp/tmpzsd9heo8']
[2024-05-06 07:11:49,834] {standard_task_runner.py:77} INFO - Job 4486: Subtask download_dataset_task
[2024-05-06 07:11:49,919] {logging_mixin.py:109} INFO - Running <TaskInstance: ingest_data_bigquery_yt.download_dataset_task scheduled__2019-07-02T06:00:00+00:00 [running]> on host 1aa5194a14e3
[2024-05-06 07:11:49,960] {warnings.py:99} WARNING - /home/***/.local/lib/python3.6/site-packages/***/utils/context.py:152: AirflowContextDeprecationWarning: Accessing 'execution_date' from the template is deprecated and will be removed in a future version. Please use 'data_interval_start' or 'logical_date' instead.
  warnings.warn(_create_deprecation_warning(key, self._deprecation_replacements[key]))

[2024-05-06 07:11:49,984] {taskinstance.py:1426} INFO - Exporting the following env vars:
AIRFLOW_CTX_DAG_OWNER=***
AIRFLOW_CTX_DAG_ID=ingest_data_bigquery_yt
AIRFLOW_CTX_TASK_ID=download_dataset_task
AIRFLOW_CTX_EXECUTION_DATE=2019-07-02T06:00:00+00:00
AIRFLOW_CTX_DAG_RUN_ID=scheduled__2019-07-02T06:00:00+00:00
[2024-05-06 07:11:49,986] {subprocess.py:62} INFO - Tmp dir root location: 
 /tmp
[2024-05-06 07:11:49,987] {subprocess.py:74} INFO - Running command: ['bash', '-c', 'curl -sSL https://github.com/DataTalksClub/nyc-tlc-data/releases/download/yellow/yellow_tripdata_2019-07.csv.gz > /opt/***/raw_data/yellowtaxi_tripdata_2019-07.csv.gz && gunzip /opt/***/raw_data/yellowtaxi_tripdata_2019-07.csv.gz']
[2024-05-06 07:11:50,000] {subprocess.py:85} INFO - Output:
[2024-05-06 07:11:55,755] {subprocess.py:93} INFO - Command exited with return code 0
[2024-05-06 07:11:55,788] {taskinstance.py:1277} INFO - Marking task as SUCCESS. dag_id=ingest_data_bigquery_yt, task_id=download_dataset_task, execution_date=20190702T060000, start_date=20240506T071149, end_date=20240506T071155
[2024-05-06 07:11:55,837] {local_task_job.py:154} INFO - Task exited with return code 0
[2024-05-06 07:11:55,880] {local_task_job.py:264} INFO - 1 downstream tasks scheduled from follow-on schedule check
[2024-05-12 10:41:13,942] {taskinstance.py:1026} INFO - Dependencies not met for <TaskInstance: ingest_data_bigquery_yt.download_dataset_task scheduled__2019-07-02T06:00:00+00:00 [success]>, dependency 'Task Instance State' FAILED: Task is in the 'success' state.
[2024-05-12 10:41:13,951] {local_task_job.py:99} INFO - Task is not able to be run
[2024-05-12 11:00:56,306] {taskinstance.py:1032} INFO - Dependencies all met for <TaskInstance: ingest_data_bigquery_yt.download_dataset_task scheduled__2019-07-02T06:00:00+00:00 [queued]>
[2024-05-12 11:00:56,352] {taskinstance.py:1032} INFO - Dependencies all met for <TaskInstance: ingest_data_bigquery_yt.download_dataset_task scheduled__2019-07-02T06:00:00+00:00 [queued]>
[2024-05-12 11:00:56,353] {taskinstance.py:1238} INFO - 
--------------------------------------------------------------------------------
[2024-05-12 11:00:56,353] {taskinstance.py:1239} INFO - Starting attempt 3 of 5
[2024-05-12 11:00:56,354] {taskinstance.py:1240} INFO - 
--------------------------------------------------------------------------------
[2024-05-12 11:00:56,377] {taskinstance.py:1259} INFO - Executing <Task(BashOperator): download_dataset_task> on 2019-07-02 06:00:00+00:00
[2024-05-12 11:00:56,386] {standard_task_runner.py:52} INFO - Started process 317 to run task
[2024-05-12 11:00:56,409] {standard_task_runner.py:76} INFO - Running: ['***', 'tasks', 'run', 'ingest_data_bigquery_yt', 'download_dataset_task', 'scheduled__2019-07-02T06:00:00+00:00', '--job-id', '4718', '--raw', '--subdir', 'DAGS_FOLDER/data_ingstion_gcs_yt_dag.py', '--cfg-path', '/tmp/tmpcxmdyp94', '--error-file', '/tmp/tmp_3nalkhu']
[2024-05-12 11:00:56,420] {standard_task_runner.py:77} INFO - Job 4718: Subtask download_dataset_task
[2024-05-12 11:00:56,548] {logging_mixin.py:109} INFO - Running <TaskInstance: ingest_data_bigquery_yt.download_dataset_task scheduled__2019-07-02T06:00:00+00:00 [running]> on host 14618ddd22a7
[2024-05-12 11:00:56,615] {warnings.py:99} WARNING - /home/***/.local/lib/python3.6/site-packages/***/utils/context.py:152: AirflowContextDeprecationWarning: Accessing 'execution_date' from the template is deprecated and will be removed in a future version. Please use 'data_interval_start' or 'logical_date' instead.
  warnings.warn(_create_deprecation_warning(key, self._deprecation_replacements[key]))

[2024-05-12 11:00:56,652] {taskinstance.py:1426} INFO - Exporting the following env vars:
AIRFLOW_CTX_DAG_OWNER=***
AIRFLOW_CTX_DAG_ID=ingest_data_bigquery_yt
AIRFLOW_CTX_TASK_ID=download_dataset_task
AIRFLOW_CTX_EXECUTION_DATE=2019-07-02T06:00:00+00:00
AIRFLOW_CTX_DAG_RUN_ID=scheduled__2019-07-02T06:00:00+00:00
[2024-05-12 11:00:56,653] {subprocess.py:62} INFO - Tmp dir root location: 
 /tmp
[2024-05-12 11:00:56,654] {subprocess.py:74} INFO - Running command: ['bash', '-c', 'curl -sSL https://github.com/DataTalksClub/nyc-tlc-data/releases/download/yellow/yellow_tripdata_2019-07.csv.gz > /opt/***/raw_data/yellowtaxi_tripdata_2019-07.csv.gz && gunzip /opt/***/raw_data/yellowtaxi_tripdata_2019-07.csv.gz']
[2024-05-12 11:00:56,672] {subprocess.py:85} INFO - Output:
[2024-05-12 11:01:09,516] {subprocess.py:93} INFO - Command exited with return code 0
[2024-05-12 11:01:09,573] {taskinstance.py:1277} INFO - Marking task as SUCCESS. dag_id=ingest_data_bigquery_yt, task_id=download_dataset_task, execution_date=20190702T060000, start_date=20240512T110056, end_date=20240512T110109
[2024-05-12 11:01:09,654] {local_task_job.py:154} INFO - Task exited with return code 0
[2024-05-12 11:01:09,751] {local_task_job.py:264} INFO - 1 downstream tasks scheduled from follow-on schedule check
