[2024-05-12 11:05:40,484] {taskinstance.py:1032} INFO - Dependencies all met for <TaskInstance: ingest_data_bigquery_yt.local_to_gcs_task scheduled__2019-08-02T06:00:00+00:00 [queued]>
[2024-05-12 11:05:40,635] {taskinstance.py:1032} INFO - Dependencies all met for <TaskInstance: ingest_data_bigquery_yt.local_to_gcs_task scheduled__2019-08-02T06:00:00+00:00 [queued]>
[2024-05-12 11:05:40,635] {taskinstance.py:1238} INFO - 
--------------------------------------------------------------------------------
[2024-05-12 11:05:40,635] {taskinstance.py:1239} INFO - Starting attempt 6 of 8
[2024-05-12 11:05:40,636] {taskinstance.py:1240} INFO - 
--------------------------------------------------------------------------------
[2024-05-12 11:05:40,873] {taskinstance.py:1259} INFO - Executing <Task(PythonOperator): local_to_gcs_task> on 2019-08-02 06:00:00+00:00
[2024-05-12 11:05:40,895] {standard_task_runner.py:52} INFO - Started process 604 to run task
[2024-05-12 11:05:40,946] {standard_task_runner.py:76} INFO - Running: ['***', 'tasks', 'run', 'ingest_data_bigquery_yt', 'local_to_gcs_task', 'scheduled__2019-08-02T06:00:00+00:00', '--job-id', '4731', '--raw', '--subdir', 'DAGS_FOLDER/data_ingstion_gcs_yt_dag.py', '--cfg-path', '/tmp/tmpb_1c412h', '--error-file', '/tmp/tmpmmgdg2hs']
[2024-05-12 11:05:40,993] {standard_task_runner.py:77} INFO - Job 4731: Subtask local_to_gcs_task
[2024-05-12 11:05:41,223] {logging_mixin.py:109} INFO - Running <TaskInstance: ingest_data_bigquery_yt.local_to_gcs_task scheduled__2019-08-02T06:00:00+00:00 [running]> on host 14618ddd22a7
[2024-05-12 11:05:41,495] {warnings.py:99} WARNING - /home/***/.local/lib/python3.6/site-packages/***/utils/context.py:152: AirflowContextDeprecationWarning: Accessing 'execution_date' from the template is deprecated and will be removed in a future version. Please use 'data_interval_start' or 'logical_date' instead.
  warnings.warn(_create_deprecation_warning(key, self._deprecation_replacements[key]))

[2024-05-12 11:05:41,590] {taskinstance.py:1426} INFO - Exporting the following env vars:
AIRFLOW_CTX_DAG_OWNER=***
AIRFLOW_CTX_DAG_ID=ingest_data_bigquery_yt
AIRFLOW_CTX_TASK_ID=local_to_gcs_task
AIRFLOW_CTX_EXECUTION_DATE=2019-08-02T06:00:00+00:00
AIRFLOW_CTX_DAG_RUN_ID=scheduled__2019-08-02T06:00:00+00:00
[2024-05-12 11:06:48,211] {warnings.py:99} WARNING - /home/***/.local/lib/python3.6/site-packages/***/operators/python.py:174: DtypeWarning: Columns (6) have mixed types.Specify dtype option on import or set low_memory=False.
  return_value = self.execute_callable()

