[2024-05-18 12:23:11,764] {taskinstance.py:1032} INFO - Dependencies all met for <TaskInstance: ingest_data_bigquery_fhv.local_to_gcs_task scheduled__2020-02-02T06:00:00+00:00 [queued]>
[2024-05-18 12:23:12,216] {taskinstance.py:1032} INFO - Dependencies all met for <TaskInstance: ingest_data_bigquery_fhv.local_to_gcs_task scheduled__2020-02-02T06:00:00+00:00 [queued]>
[2024-05-18 12:23:12,220] {taskinstance.py:1238} INFO - 
--------------------------------------------------------------------------------
[2024-05-18 12:23:12,221] {taskinstance.py:1239} INFO - Starting attempt 1 of 3
[2024-05-18 12:23:12,223] {taskinstance.py:1240} INFO - 
--------------------------------------------------------------------------------
[2024-05-18 12:23:12,511] {taskinstance.py:1259} INFO - Executing <Task(PythonOperator): local_to_gcs_task> on 2020-02-02 06:00:00+00:00
[2024-05-18 12:23:12,574] {standard_task_runner.py:52} INFO - Started process 5169 to run task
[2024-05-18 12:23:12,600] {standard_task_runner.py:76} INFO - Running: ['***', 'tasks', 'run', 'ingest_data_bigquery_fhv', 'local_to_gcs_task', 'scheduled__2020-02-02T06:00:00+00:00', '--job-id', '5034', '--raw', '--subdir', 'DAGS_FOLDER/data_ingestion_gcs_fhv_dag .py', '--cfg-path', '/tmp/tmpdep40d0m', '--error-file', '/tmp/tmp147_9rhq']
[2024-05-18 12:23:12,680] {standard_task_runner.py:77} INFO - Job 5034: Subtask local_to_gcs_task
[2024-05-18 12:23:13,017] {logging_mixin.py:109} INFO - Running <TaskInstance: ingest_data_bigquery_fhv.local_to_gcs_task scheduled__2020-02-02T06:00:00+00:00 [running]> on host 45b18388e83d
[2024-05-18 12:23:13,357] {warnings.py:99} WARNING - /home/***/.local/lib/python3.6/site-packages/***/utils/context.py:152: AirflowContextDeprecationWarning: Accessing 'execution_date' from the template is deprecated and will be removed in a future version. Please use 'data_interval_start' or 'logical_date' instead.
  warnings.warn(_create_deprecation_warning(key, self._deprecation_replacements[key]))

[2024-05-18 12:23:13,646] {taskinstance.py:1426} INFO - Exporting the following env vars:
AIRFLOW_CTX_DAG_OWNER=***
AIRFLOW_CTX_DAG_ID=ingest_data_bigquery_fhv
AIRFLOW_CTX_TASK_ID=local_to_gcs_task
AIRFLOW_CTX_EXECUTION_DATE=2020-02-02T06:00:00+00:00
AIRFLOW_CTX_DAG_RUN_ID=scheduled__2020-02-02T06:00:00+00:00
[2024-05-18 12:23:13,760] {taskinstance.py:1700} ERROR - Task failed with exception
Traceback (most recent call last):
  File "/home/airflow/.local/lib/python3.6/site-packages/airflow/models/taskinstance.py", line 1329, in _run_raw_task
    self._execute_task_with_callbacks(context)
  File "/home/airflow/.local/lib/python3.6/site-packages/airflow/models/taskinstance.py", line 1455, in _execute_task_with_callbacks
    result = self._execute_task(context, self.task)
  File "/home/airflow/.local/lib/python3.6/site-packages/airflow/models/taskinstance.py", line 1511, in _execute_task
    result = execute_callable(context=context)
  File "/home/airflow/.local/lib/python3.6/site-packages/airflow/operators/python.py", line 174, in execute
    return_value = self.execute_callable()
  File "/home/airflow/.local/lib/python3.6/site-packages/airflow/operators/python.py", line 185, in execute_callable
    return self.python_callable(*self.op_args, **self.op_kwargs)
  File "/opt/airflow/dags/data_ingestion_gcs_fhv_dag .py", line 82, in upload_to_gcs
    __clean_file(raw_file_name, clean_file_name)
  File "/opt/airflow/dags/data_ingestion_gcs_fhv_dag .py", line 59, in __clean_file
    parse_dates=["pickup_datetime", "dropOff_datetime"],
  File "/home/airflow/.local/lib/python3.6/site-packages/pandas/io/parsers.py", line 688, in read_csv
    return _read(filepath_or_buffer, kwds)
  File "/home/airflow/.local/lib/python3.6/site-packages/pandas/io/parsers.py", line 454, in _read
    parser = TextFileReader(fp_or_buf, **kwds)
  File "/home/airflow/.local/lib/python3.6/site-packages/pandas/io/parsers.py", line 948, in __init__
    self._make_engine(self.engine)
  File "/home/airflow/.local/lib/python3.6/site-packages/pandas/io/parsers.py", line 1180, in _make_engine
    self._engine = CParserWrapper(self.f, **self.options)
  File "/home/airflow/.local/lib/python3.6/site-packages/pandas/io/parsers.py", line 2068, in __init__
    self._validate_parse_dates_presence(self.names)
  File "/home/airflow/.local/lib/python3.6/site-packages/pandas/io/parsers.py", line 1546, in _validate_parse_dates_presence
    f"Missing column provided to 'parse_dates': '{missing_cols}'"
ValueError: Missing column provided to 'parse_dates': 'dropOff_datetime'
[2024-05-18 12:23:13,843] {taskinstance.py:1277} INFO - Marking task as UP_FOR_RETRY. dag_id=ingest_data_bigquery_fhv, task_id=local_to_gcs_task, execution_date=20200202T060000, start_date=20240518T122311, end_date=20240518T122313
[2024-05-18 12:23:14,013] {standard_task_runner.py:92} ERROR - Failed to execute job 5034 for task local_to_gcs_task
Traceback (most recent call last):
  File "/home/airflow/.local/lib/python3.6/site-packages/airflow/task/task_runner/standard_task_runner.py", line 85, in _start_by_fork
    args.func(args, dag=self.dag)
  File "/home/airflow/.local/lib/python3.6/site-packages/airflow/cli/cli_parser.py", line 48, in command
    return func(*args, **kwargs)
  File "/home/airflow/.local/lib/python3.6/site-packages/airflow/utils/cli.py", line 92, in wrapper
    return f(*args, **kwargs)
  File "/home/airflow/.local/lib/python3.6/site-packages/airflow/cli/commands/task_command.py", line 298, in task_run
    _run_task_by_selected_method(args, dag, ti)
  File "/home/airflow/.local/lib/python3.6/site-packages/airflow/cli/commands/task_command.py", line 107, in _run_task_by_selected_method
    _run_raw_task(args, ti)
  File "/home/airflow/.local/lib/python3.6/site-packages/airflow/cli/commands/task_command.py", line 184, in _run_raw_task
    error_file=args.error_file,
  File "/home/airflow/.local/lib/python3.6/site-packages/airflow/utils/session.py", line 70, in wrapper
    return func(*args, session=session, **kwargs)
  File "/home/airflow/.local/lib/python3.6/site-packages/airflow/models/taskinstance.py", line 1329, in _run_raw_task
    self._execute_task_with_callbacks(context)
  File "/home/airflow/.local/lib/python3.6/site-packages/airflow/models/taskinstance.py", line 1455, in _execute_task_with_callbacks
    result = self._execute_task(context, self.task)
  File "/home/airflow/.local/lib/python3.6/site-packages/airflow/models/taskinstance.py", line 1511, in _execute_task
    result = execute_callable(context=context)
  File "/home/airflow/.local/lib/python3.6/site-packages/airflow/operators/python.py", line 174, in execute
    return_value = self.execute_callable()
  File "/home/airflow/.local/lib/python3.6/site-packages/airflow/operators/python.py", line 185, in execute_callable
    return self.python_callable(*self.op_args, **self.op_kwargs)
  File "/opt/airflow/dags/data_ingestion_gcs_fhv_dag .py", line 82, in upload_to_gcs
    __clean_file(raw_file_name, clean_file_name)
  File "/opt/airflow/dags/data_ingestion_gcs_fhv_dag .py", line 59, in __clean_file
    parse_dates=["pickup_datetime", "dropOff_datetime"],
  File "/home/airflow/.local/lib/python3.6/site-packages/pandas/io/parsers.py", line 688, in read_csv
    return _read(filepath_or_buffer, kwds)
  File "/home/airflow/.local/lib/python3.6/site-packages/pandas/io/parsers.py", line 454, in _read
    parser = TextFileReader(fp_or_buf, **kwds)
  File "/home/airflow/.local/lib/python3.6/site-packages/pandas/io/parsers.py", line 948, in __init__
    self._make_engine(self.engine)
  File "/home/airflow/.local/lib/python3.6/site-packages/pandas/io/parsers.py", line 1180, in _make_engine
    self._engine = CParserWrapper(self.f, **self.options)
  File "/home/airflow/.local/lib/python3.6/site-packages/pandas/io/parsers.py", line 2068, in __init__
    self._validate_parse_dates_presence(self.names)
  File "/home/airflow/.local/lib/python3.6/site-packages/pandas/io/parsers.py", line 1546, in _validate_parse_dates_presence
    f"Missing column provided to 'parse_dates': '{missing_cols}'"
ValueError: Missing column provided to 'parse_dates': 'dropOff_datetime'
[2024-05-18 12:23:14,109] {local_task_job.py:154} INFO - Task exited with return code 1
[2024-05-18 12:23:14,224] {local_task_job.py:264} INFO - 0 downstream tasks scheduled from follow-on schedule check
[2024-05-18 12:49:24,660] {taskinstance.py:1032} INFO - Dependencies all met for <TaskInstance: ingest_data_bigquery_fhv.local_to_gcs_task scheduled__2020-02-02T06:00:00+00:00 [queued]>
[2024-05-18 12:49:24,721] {taskinstance.py:1032} INFO - Dependencies all met for <TaskInstance: ingest_data_bigquery_fhv.local_to_gcs_task scheduled__2020-02-02T06:00:00+00:00 [queued]>
[2024-05-18 12:49:24,723] {taskinstance.py:1238} INFO - 
--------------------------------------------------------------------------------
[2024-05-18 12:49:24,728] {taskinstance.py:1239} INFO - Starting attempt 1 of 3
[2024-05-18 12:49:24,728] {taskinstance.py:1240} INFO - 
--------------------------------------------------------------------------------
[2024-05-18 12:49:24,777] {taskinstance.py:1259} INFO - Executing <Task(PythonOperator): local_to_gcs_task> on 2020-02-02 06:00:00+00:00
[2024-05-18 12:49:24,863] {standard_task_runner.py:76} INFO - Running: ['***', 'tasks', 'run', 'ingest_data_bigquery_fhv', 'local_to_gcs_task', 'scheduled__2020-02-02T06:00:00+00:00', '--job-id', '5146', '--raw', '--subdir', 'DAGS_FOLDER/data_ingestion_gcs_fhv_dag .py', '--cfg-path', '/tmp/tmpidlz_9pf', '--error-file', '/tmp/tmppp4k1t44']
[2024-05-18 12:49:24,899] {standard_task_runner.py:77} INFO - Job 5146: Subtask local_to_gcs_task
[2024-05-18 12:49:24,846] {standard_task_runner.py:52} INFO - Started process 6884 to run task
[2024-05-18 12:49:25,168] {logging_mixin.py:109} INFO - Running <TaskInstance: ingest_data_bigquery_fhv.local_to_gcs_task scheduled__2020-02-02T06:00:00+00:00 [running]> on host 45b18388e83d
[2024-05-18 12:49:25,333] {warnings.py:99} WARNING - /home/***/.local/lib/python3.6/site-packages/***/utils/context.py:152: AirflowContextDeprecationWarning: Accessing 'execution_date' from the template is deprecated and will be removed in a future version. Please use 'data_interval_start' or 'logical_date' instead.
  warnings.warn(_create_deprecation_warning(key, self._deprecation_replacements[key]))

[2024-05-18 12:49:25,416] {taskinstance.py:1426} INFO - Exporting the following env vars:
AIRFLOW_CTX_DAG_OWNER=***
AIRFLOW_CTX_DAG_ID=ingest_data_bigquery_fhv
AIRFLOW_CTX_TASK_ID=local_to_gcs_task
AIRFLOW_CTX_EXECUTION_DATE=2020-02-02T06:00:00+00:00
AIRFLOW_CTX_DAG_RUN_ID=scheduled__2020-02-02T06:00:00+00:00
[2024-05-18 12:49:25,497] {taskinstance.py:1700} ERROR - Task failed with exception
Traceback (most recent call last):
  File "/home/airflow/.local/lib/python3.6/site-packages/airflow/models/taskinstance.py", line 1329, in _run_raw_task
    self._execute_task_with_callbacks(context)
  File "/home/airflow/.local/lib/python3.6/site-packages/airflow/models/taskinstance.py", line 1455, in _execute_task_with_callbacks
    result = self._execute_task(context, self.task)
  File "/home/airflow/.local/lib/python3.6/site-packages/airflow/models/taskinstance.py", line 1511, in _execute_task
    result = execute_callable(context=context)
  File "/home/airflow/.local/lib/python3.6/site-packages/airflow/operators/python.py", line 174, in execute
    return_value = self.execute_callable()
  File "/home/airflow/.local/lib/python3.6/site-packages/airflow/operators/python.py", line 185, in execute_callable
    return self.python_callable(*self.op_args, **self.op_kwargs)
  File "/opt/airflow/dags/data_ingestion_gcs_fhv_dag .py", line 84, in upload_to_gcs
    __clean_file(raw_file_name, clean_file_name)
  File "/opt/airflow/dags/data_ingestion_gcs_fhv_dag .py", line 59, in __clean_file
    parse_dates=["pickup_datetime", "dropOff_datetime"],
  File "/home/airflow/.local/lib/python3.6/site-packages/pandas/io/parsers.py", line 688, in read_csv
    return _read(filepath_or_buffer, kwds)
  File "/home/airflow/.local/lib/python3.6/site-packages/pandas/io/parsers.py", line 454, in _read
    parser = TextFileReader(fp_or_buf, **kwds)
  File "/home/airflow/.local/lib/python3.6/site-packages/pandas/io/parsers.py", line 948, in __init__
    self._make_engine(self.engine)
  File "/home/airflow/.local/lib/python3.6/site-packages/pandas/io/parsers.py", line 1180, in _make_engine
    self._engine = CParserWrapper(self.f, **self.options)
  File "/home/airflow/.local/lib/python3.6/site-packages/pandas/io/parsers.py", line 2068, in __init__
    self._validate_parse_dates_presence(self.names)
  File "/home/airflow/.local/lib/python3.6/site-packages/pandas/io/parsers.py", line 1546, in _validate_parse_dates_presence
    f"Missing column provided to 'parse_dates': '{missing_cols}'"
ValueError: Missing column provided to 'parse_dates': 'dropOff_datetime'
[2024-05-18 12:49:25,552] {taskinstance.py:1277} INFO - Marking task as UP_FOR_RETRY. dag_id=ingest_data_bigquery_fhv, task_id=local_to_gcs_task, execution_date=20200202T060000, start_date=20240518T124924, end_date=20240518T124925
[2024-05-18 12:49:25,614] {standard_task_runner.py:92} ERROR - Failed to execute job 5146 for task local_to_gcs_task
Traceback (most recent call last):
  File "/home/airflow/.local/lib/python3.6/site-packages/airflow/task/task_runner/standard_task_runner.py", line 85, in _start_by_fork
    args.func(args, dag=self.dag)
  File "/home/airflow/.local/lib/python3.6/site-packages/airflow/cli/cli_parser.py", line 48, in command
    return func(*args, **kwargs)
  File "/home/airflow/.local/lib/python3.6/site-packages/airflow/utils/cli.py", line 92, in wrapper
    return f(*args, **kwargs)
  File "/home/airflow/.local/lib/python3.6/site-packages/airflow/cli/commands/task_command.py", line 298, in task_run
    _run_task_by_selected_method(args, dag, ti)
  File "/home/airflow/.local/lib/python3.6/site-packages/airflow/cli/commands/task_command.py", line 107, in _run_task_by_selected_method
    _run_raw_task(args, ti)
  File "/home/airflow/.local/lib/python3.6/site-packages/airflow/cli/commands/task_command.py", line 184, in _run_raw_task
    error_file=args.error_file,
  File "/home/airflow/.local/lib/python3.6/site-packages/airflow/utils/session.py", line 70, in wrapper
    return func(*args, session=session, **kwargs)
  File "/home/airflow/.local/lib/python3.6/site-packages/airflow/models/taskinstance.py", line 1329, in _run_raw_task
    self._execute_task_with_callbacks(context)
  File "/home/airflow/.local/lib/python3.6/site-packages/airflow/models/taskinstance.py", line 1455, in _execute_task_with_callbacks
    result = self._execute_task(context, self.task)
  File "/home/airflow/.local/lib/python3.6/site-packages/airflow/models/taskinstance.py", line 1511, in _execute_task
    result = execute_callable(context=context)
  File "/home/airflow/.local/lib/python3.6/site-packages/airflow/operators/python.py", line 174, in execute
    return_value = self.execute_callable()
  File "/home/airflow/.local/lib/python3.6/site-packages/airflow/operators/python.py", line 185, in execute_callable
    return self.python_callable(*self.op_args, **self.op_kwargs)
  File "/opt/airflow/dags/data_ingestion_gcs_fhv_dag .py", line 84, in upload_to_gcs
    __clean_file(raw_file_name, clean_file_name)
  File "/opt/airflow/dags/data_ingestion_gcs_fhv_dag .py", line 59, in __clean_file
    parse_dates=["pickup_datetime", "dropOff_datetime"],
  File "/home/airflow/.local/lib/python3.6/site-packages/pandas/io/parsers.py", line 688, in read_csv
    return _read(filepath_or_buffer, kwds)
  File "/home/airflow/.local/lib/python3.6/site-packages/pandas/io/parsers.py", line 454, in _read
    parser = TextFileReader(fp_or_buf, **kwds)
  File "/home/airflow/.local/lib/python3.6/site-packages/pandas/io/parsers.py", line 948, in __init__
    self._make_engine(self.engine)
  File "/home/airflow/.local/lib/python3.6/site-packages/pandas/io/parsers.py", line 1180, in _make_engine
    self._engine = CParserWrapper(self.f, **self.options)
  File "/home/airflow/.local/lib/python3.6/site-packages/pandas/io/parsers.py", line 2068, in __init__
    self._validate_parse_dates_presence(self.names)
  File "/home/airflow/.local/lib/python3.6/site-packages/pandas/io/parsers.py", line 1546, in _validate_parse_dates_presence
    f"Missing column provided to 'parse_dates': '{missing_cols}'"
ValueError: Missing column provided to 'parse_dates': 'dropOff_datetime'
[2024-05-18 12:49:25,660] {local_task_job.py:154} INFO - Task exited with return code 1
[2024-05-18 12:49:25,780] {local_task_job.py:264} INFO - 0 downstream tasks scheduled from follow-on schedule check
[2024-05-18 13:03:49,529] {taskinstance.py:1032} INFO - Dependencies all met for <TaskInstance: ingest_data_bigquery_fhv.local_to_gcs_task scheduled__2020-02-02T06:00:00+00:00 [queued]>
[2024-05-18 13:03:49,616] {taskinstance.py:1032} INFO - Dependencies all met for <TaskInstance: ingest_data_bigquery_fhv.local_to_gcs_task scheduled__2020-02-02T06:00:00+00:00 [queued]>
[2024-05-18 13:03:49,627] {taskinstance.py:1238} INFO - 
--------------------------------------------------------------------------------
[2024-05-18 13:03:49,628] {taskinstance.py:1239} INFO - Starting attempt 1 of 3
[2024-05-18 13:03:49,635] {taskinstance.py:1240} INFO - 
--------------------------------------------------------------------------------
[2024-05-18 13:03:49,872] {taskinstance.py:1259} INFO - Executing <Task(PythonOperator): local_to_gcs_task> on 2020-02-02 06:00:00+00:00
[2024-05-18 13:03:49,901] {standard_task_runner.py:52} INFO - Started process 8029 to run task
[2024-05-18 13:03:49,978] {standard_task_runner.py:76} INFO - Running: ['***', 'tasks', 'run', 'ingest_data_bigquery_fhv', 'local_to_gcs_task', 'scheduled__2020-02-02T06:00:00+00:00', '--job-id', '5253', '--raw', '--subdir', 'DAGS_FOLDER/data_ingestion_gcs_fhv_dag .py', '--cfg-path', '/tmp/tmphg9lca7u', '--error-file', '/tmp/tmp3njf1mzt']
[2024-05-18 13:03:50,034] {standard_task_runner.py:77} INFO - Job 5253: Subtask local_to_gcs_task
[2024-05-18 13:03:50,760] {logging_mixin.py:109} INFO - Running <TaskInstance: ingest_data_bigquery_fhv.local_to_gcs_task scheduled__2020-02-02T06:00:00+00:00 [running]> on host 45b18388e83d
[2024-05-18 13:03:51,057] {warnings.py:99} WARNING - /home/***/.local/lib/python3.6/site-packages/***/utils/context.py:152: AirflowContextDeprecationWarning: Accessing 'execution_date' from the template is deprecated and will be removed in a future version. Please use 'data_interval_start' or 'logical_date' instead.
  warnings.warn(_create_deprecation_warning(key, self._deprecation_replacements[key]))

[2024-05-18 13:03:51,192] {taskinstance.py:1426} INFO - Exporting the following env vars:
AIRFLOW_CTX_DAG_OWNER=***
AIRFLOW_CTX_DAG_ID=ingest_data_bigquery_fhv
AIRFLOW_CTX_TASK_ID=local_to_gcs_task
AIRFLOW_CTX_EXECUTION_DATE=2020-02-02T06:00:00+00:00
AIRFLOW_CTX_DAG_RUN_ID=scheduled__2020-02-02T06:00:00+00:00
[2024-05-18 13:04:00,583] {taskinstance.py:1700} ERROR - Task failed with exception
Traceback (most recent call last):
  File "pandas/_libs/parsers.pyx", line 1119, in pandas._libs.parsers.TextReader._convert_tokens
  File "pandas/_libs/parsers.pyx", line 1244, in pandas._libs.parsers.TextReader._convert_with_dtype
  File "pandas/_libs/parsers.pyx", line 1259, in pandas._libs.parsers.TextReader._string_convert
  File "pandas/_libs/parsers.pyx", line 1450, in pandas._libs.parsers._string_box_utf8
UnicodeDecodeError: 'utf-8' codec can't decode byte 0xa0 in position 0: invalid start byte

During handling of the above exception, another exception occurred:

Traceback (most recent call last):
  File "/home/airflow/.local/lib/python3.6/site-packages/airflow/models/taskinstance.py", line 1329, in _run_raw_task
    self._execute_task_with_callbacks(context)
  File "/home/airflow/.local/lib/python3.6/site-packages/airflow/models/taskinstance.py", line 1455, in _execute_task_with_callbacks
    result = self._execute_task(context, self.task)
  File "/home/airflow/.local/lib/python3.6/site-packages/airflow/models/taskinstance.py", line 1511, in _execute_task
    result = execute_callable(context=context)
  File "/home/airflow/.local/lib/python3.6/site-packages/airflow/operators/python.py", line 174, in execute
    return_value = self.execute_callable()
  File "/home/airflow/.local/lib/python3.6/site-packages/airflow/operators/python.py", line 185, in execute_callable
    return self.python_callable(*self.op_args, **self.op_kwargs)
  File "/opt/airflow/dags/data_ingestion_gcs_fhv_dag .py", line 84, in upload_to_gcs
    __clean_file(raw_file_name, clean_file_name)
  File "/opt/airflow/dags/data_ingestion_gcs_fhv_dag .py", line 57, in __clean_file
    df = pd.read_csv(raw_file_name, low_memory=True)
  File "/home/airflow/.local/lib/python3.6/site-packages/pandas/io/parsers.py", line 688, in read_csv
    return _read(filepath_or_buffer, kwds)
  File "/home/airflow/.local/lib/python3.6/site-packages/pandas/io/parsers.py", line 460, in _read
    data = parser.read(nrows)
  File "/home/airflow/.local/lib/python3.6/site-packages/pandas/io/parsers.py", line 1198, in read
    ret = self._engine.read(nrows)
  File "/home/airflow/.local/lib/python3.6/site-packages/pandas/io/parsers.py", line 2157, in read
    data = self._reader.read(nrows)
  File "pandas/_libs/parsers.pyx", line 847, in pandas._libs.parsers.TextReader.read
  File "pandas/_libs/parsers.pyx", line 862, in pandas._libs.parsers.TextReader._read_low_memory
  File "pandas/_libs/parsers.pyx", line 941, in pandas._libs.parsers.TextReader._read_rows
  File "pandas/_libs/parsers.pyx", line 1073, in pandas._libs.parsers.TextReader._convert_column_data
  File "pandas/_libs/parsers.pyx", line 1126, in pandas._libs.parsers.TextReader._convert_tokens
  File "pandas/_libs/parsers.pyx", line 1244, in pandas._libs.parsers.TextReader._convert_with_dtype
  File "pandas/_libs/parsers.pyx", line 1259, in pandas._libs.parsers.TextReader._string_convert
  File "pandas/_libs/parsers.pyx", line 1450, in pandas._libs.parsers._string_box_utf8
UnicodeDecodeError: 'utf-8' codec can't decode byte 0xa0 in position 0: invalid start byte
[2024-05-18 13:04:00,681] {taskinstance.py:1277} INFO - Marking task as UP_FOR_RETRY. dag_id=ingest_data_bigquery_fhv, task_id=local_to_gcs_task, execution_date=20200202T060000, start_date=20240518T130349, end_date=20240518T130400
[2024-05-18 13:04:00,727] {standard_task_runner.py:92} ERROR - Failed to execute job 5253 for task local_to_gcs_task
Traceback (most recent call last):
  File "pandas/_libs/parsers.pyx", line 1119, in pandas._libs.parsers.TextReader._convert_tokens
  File "pandas/_libs/parsers.pyx", line 1244, in pandas._libs.parsers.TextReader._convert_with_dtype
  File "pandas/_libs/parsers.pyx", line 1259, in pandas._libs.parsers.TextReader._string_convert
  File "pandas/_libs/parsers.pyx", line 1450, in pandas._libs.parsers._string_box_utf8
UnicodeDecodeError: 'utf-8' codec can't decode byte 0xa0 in position 0: invalid start byte

During handling of the above exception, another exception occurred:

Traceback (most recent call last):
  File "/home/airflow/.local/lib/python3.6/site-packages/airflow/task/task_runner/standard_task_runner.py", line 85, in _start_by_fork
    args.func(args, dag=self.dag)
  File "/home/airflow/.local/lib/python3.6/site-packages/airflow/cli/cli_parser.py", line 48, in command
    return func(*args, **kwargs)
  File "/home/airflow/.local/lib/python3.6/site-packages/airflow/utils/cli.py", line 92, in wrapper
    return f(*args, **kwargs)
  File "/home/airflow/.local/lib/python3.6/site-packages/airflow/cli/commands/task_command.py", line 298, in task_run
    _run_task_by_selected_method(args, dag, ti)
  File "/home/airflow/.local/lib/python3.6/site-packages/airflow/cli/commands/task_command.py", line 107, in _run_task_by_selected_method
    _run_raw_task(args, ti)
  File "/home/airflow/.local/lib/python3.6/site-packages/airflow/cli/commands/task_command.py", line 184, in _run_raw_task
    error_file=args.error_file,
  File "/home/airflow/.local/lib/python3.6/site-packages/airflow/utils/session.py", line 70, in wrapper
    return func(*args, session=session, **kwargs)
  File "/home/airflow/.local/lib/python3.6/site-packages/airflow/models/taskinstance.py", line 1329, in _run_raw_task
    self._execute_task_with_callbacks(context)
  File "/home/airflow/.local/lib/python3.6/site-packages/airflow/models/taskinstance.py", line 1455, in _execute_task_with_callbacks
    result = self._execute_task(context, self.task)
  File "/home/airflow/.local/lib/python3.6/site-packages/airflow/models/taskinstance.py", line 1511, in _execute_task
    result = execute_callable(context=context)
  File "/home/airflow/.local/lib/python3.6/site-packages/airflow/operators/python.py", line 174, in execute
    return_value = self.execute_callable()
  File "/home/airflow/.local/lib/python3.6/site-packages/airflow/operators/python.py", line 185, in execute_callable
    return self.python_callable(*self.op_args, **self.op_kwargs)
  File "/opt/airflow/dags/data_ingestion_gcs_fhv_dag .py", line 84, in upload_to_gcs
    __clean_file(raw_file_name, clean_file_name)
  File "/opt/airflow/dags/data_ingestion_gcs_fhv_dag .py", line 57, in __clean_file
    df = pd.read_csv(raw_file_name, low_memory=True)
  File "/home/airflow/.local/lib/python3.6/site-packages/pandas/io/parsers.py", line 688, in read_csv
    return _read(filepath_or_buffer, kwds)
  File "/home/airflow/.local/lib/python3.6/site-packages/pandas/io/parsers.py", line 460, in _read
    data = parser.read(nrows)
  File "/home/airflow/.local/lib/python3.6/site-packages/pandas/io/parsers.py", line 1198, in read
    ret = self._engine.read(nrows)
  File "/home/airflow/.local/lib/python3.6/site-packages/pandas/io/parsers.py", line 2157, in read
    data = self._reader.read(nrows)
  File "pandas/_libs/parsers.pyx", line 847, in pandas._libs.parsers.TextReader.read
  File "pandas/_libs/parsers.pyx", line 862, in pandas._libs.parsers.TextReader._read_low_memory
  File "pandas/_libs/parsers.pyx", line 941, in pandas._libs.parsers.TextReader._read_rows
  File "pandas/_libs/parsers.pyx", line 1073, in pandas._libs.parsers.TextReader._convert_column_data
  File "pandas/_libs/parsers.pyx", line 1126, in pandas._libs.parsers.TextReader._convert_tokens
  File "pandas/_libs/parsers.pyx", line 1244, in pandas._libs.parsers.TextReader._convert_with_dtype
  File "pandas/_libs/parsers.pyx", line 1259, in pandas._libs.parsers.TextReader._string_convert
  File "pandas/_libs/parsers.pyx", line 1450, in pandas._libs.parsers._string_box_utf8
UnicodeDecodeError: 'utf-8' codec can't decode byte 0xa0 in position 0: invalid start byte
[2024-05-18 13:04:00,773] {local_task_job.py:154} INFO - Task exited with return code 1
[2024-05-18 13:04:00,859] {local_task_job.py:264} INFO - 0 downstream tasks scheduled from follow-on schedule check
[2024-05-18 13:13:55,625] {taskinstance.py:1032} INFO - Dependencies all met for <TaskInstance: ingest_data_bigquery_fhv.local_to_gcs_task scheduled__2020-02-02T06:00:00+00:00 [queued]>
[2024-05-18 13:13:55,654] {taskinstance.py:1032} INFO - Dependencies all met for <TaskInstance: ingest_data_bigquery_fhv.local_to_gcs_task scheduled__2020-02-02T06:00:00+00:00 [queued]>
[2024-05-18 13:13:55,654] {taskinstance.py:1238} INFO - 
--------------------------------------------------------------------------------
[2024-05-18 13:13:55,655] {taskinstance.py:1239} INFO - Starting attempt 1 of 3
[2024-05-18 13:13:55,655] {taskinstance.py:1240} INFO - 
--------------------------------------------------------------------------------
[2024-05-18 13:13:55,691] {taskinstance.py:1259} INFO - Executing <Task(PythonOperator): local_to_gcs_task> on 2020-02-02 06:00:00+00:00
[2024-05-18 13:13:55,741] {standard_task_runner.py:52} INFO - Started process 8988 to run task
[2024-05-18 13:13:55,804] {standard_task_runner.py:76} INFO - Running: ['***', 'tasks', 'run', 'ingest_data_bigquery_fhv', 'local_to_gcs_task', 'scheduled__2020-02-02T06:00:00+00:00', '--job-id', '5344', '--raw', '--subdir', 'DAGS_FOLDER/data_ingestion_gcs_fhv_dag .py', '--cfg-path', '/tmp/tmpnva7227u', '--error-file', '/tmp/tmpw0nk2053']
[2024-05-18 13:13:55,838] {standard_task_runner.py:77} INFO - Job 5344: Subtask local_to_gcs_task
[2024-05-18 13:13:56,326] {logging_mixin.py:109} INFO - Running <TaskInstance: ingest_data_bigquery_fhv.local_to_gcs_task scheduled__2020-02-02T06:00:00+00:00 [running]> on host 45b18388e83d
[2024-05-18 13:13:56,520] {warnings.py:99} WARNING - /home/***/.local/lib/python3.6/site-packages/***/utils/context.py:152: AirflowContextDeprecationWarning: Accessing 'execution_date' from the template is deprecated and will be removed in a future version. Please use 'data_interval_start' or 'logical_date' instead.
  warnings.warn(_create_deprecation_warning(key, self._deprecation_replacements[key]))

[2024-05-18 13:13:56,602] {taskinstance.py:1426} INFO - Exporting the following env vars:
AIRFLOW_CTX_DAG_OWNER=***
AIRFLOW_CTX_DAG_ID=ingest_data_bigquery_fhv
AIRFLOW_CTX_TASK_ID=local_to_gcs_task
AIRFLOW_CTX_EXECUTION_DATE=2020-02-02T06:00:00+00:00
AIRFLOW_CTX_DAG_RUN_ID=scheduled__2020-02-02T06:00:00+00:00
[2024-05-18 13:14:05,874] {taskinstance.py:1700} ERROR - Task failed with exception
Traceback (most recent call last):
  File "pandas/_libs/parsers.pyx", line 1119, in pandas._libs.parsers.TextReader._convert_tokens
  File "pandas/_libs/parsers.pyx", line 1244, in pandas._libs.parsers.TextReader._convert_with_dtype
  File "pandas/_libs/parsers.pyx", line 1259, in pandas._libs.parsers.TextReader._string_convert
  File "pandas/_libs/parsers.pyx", line 1450, in pandas._libs.parsers._string_box_utf8
UnicodeDecodeError: 'utf-8' codec can't decode byte 0xa0 in position 0: invalid start byte

During handling of the above exception, another exception occurred:

Traceback (most recent call last):
  File "/home/airflow/.local/lib/python3.6/site-packages/airflow/models/taskinstance.py", line 1329, in _run_raw_task
    self._execute_task_with_callbacks(context)
  File "/home/airflow/.local/lib/python3.6/site-packages/airflow/models/taskinstance.py", line 1455, in _execute_task_with_callbacks
    result = self._execute_task(context, self.task)
  File "/home/airflow/.local/lib/python3.6/site-packages/airflow/models/taskinstance.py", line 1511, in _execute_task
    result = execute_callable(context=context)
  File "/home/airflow/.local/lib/python3.6/site-packages/airflow/operators/python.py", line 174, in execute
    return_value = self.execute_callable()
  File "/home/airflow/.local/lib/python3.6/site-packages/airflow/operators/python.py", line 185, in execute_callable
    return self.python_callable(*self.op_args, **self.op_kwargs)
  File "/opt/airflow/dags/data_ingestion_gcs_fhv_dag .py", line 103, in upload_to_gcs
    __clean_file(raw_file_name, clean_file_name)
  File "/opt/airflow/dags/data_ingestion_gcs_fhv_dag .py", line 76, in __clean_file
    df = pd.read_csv(raw_file_name, low_memory=True)
  File "/home/airflow/.local/lib/python3.6/site-packages/pandas/io/parsers.py", line 688, in read_csv
    return _read(filepath_or_buffer, kwds)
  File "/home/airflow/.local/lib/python3.6/site-packages/pandas/io/parsers.py", line 460, in _read
    data = parser.read(nrows)
  File "/home/airflow/.local/lib/python3.6/site-packages/pandas/io/parsers.py", line 1198, in read
    ret = self._engine.read(nrows)
  File "/home/airflow/.local/lib/python3.6/site-packages/pandas/io/parsers.py", line 2157, in read
    data = self._reader.read(nrows)
  File "pandas/_libs/parsers.pyx", line 847, in pandas._libs.parsers.TextReader.read
  File "pandas/_libs/parsers.pyx", line 862, in pandas._libs.parsers.TextReader._read_low_memory
  File "pandas/_libs/parsers.pyx", line 941, in pandas._libs.parsers.TextReader._read_rows
  File "pandas/_libs/parsers.pyx", line 1073, in pandas._libs.parsers.TextReader._convert_column_data
  File "pandas/_libs/parsers.pyx", line 1126, in pandas._libs.parsers.TextReader._convert_tokens
  File "pandas/_libs/parsers.pyx", line 1244, in pandas._libs.parsers.TextReader._convert_with_dtype
  File "pandas/_libs/parsers.pyx", line 1259, in pandas._libs.parsers.TextReader._string_convert
  File "pandas/_libs/parsers.pyx", line 1450, in pandas._libs.parsers._string_box_utf8
UnicodeDecodeError: 'utf-8' codec can't decode byte 0xa0 in position 0: invalid start byte
[2024-05-18 13:14:06,014] {taskinstance.py:1277} INFO - Marking task as UP_FOR_RETRY. dag_id=ingest_data_bigquery_fhv, task_id=local_to_gcs_task, execution_date=20200202T060000, start_date=20240518T131355, end_date=20240518T131406
[2024-05-18 13:14:06,365] {standard_task_runner.py:92} ERROR - Failed to execute job 5344 for task local_to_gcs_task
Traceback (most recent call last):
  File "pandas/_libs/parsers.pyx", line 1119, in pandas._libs.parsers.TextReader._convert_tokens
  File "pandas/_libs/parsers.pyx", line 1244, in pandas._libs.parsers.TextReader._convert_with_dtype
  File "pandas/_libs/parsers.pyx", line 1259, in pandas._libs.parsers.TextReader._string_convert
  File "pandas/_libs/parsers.pyx", line 1450, in pandas._libs.parsers._string_box_utf8
UnicodeDecodeError: 'utf-8' codec can't decode byte 0xa0 in position 0: invalid start byte

During handling of the above exception, another exception occurred:

Traceback (most recent call last):
  File "/home/airflow/.local/lib/python3.6/site-packages/airflow/task/task_runner/standard_task_runner.py", line 85, in _start_by_fork
    args.func(args, dag=self.dag)
  File "/home/airflow/.local/lib/python3.6/site-packages/airflow/cli/cli_parser.py", line 48, in command
    return func(*args, **kwargs)
  File "/home/airflow/.local/lib/python3.6/site-packages/airflow/utils/cli.py", line 92, in wrapper
    return f(*args, **kwargs)
  File "/home/airflow/.local/lib/python3.6/site-packages/airflow/cli/commands/task_command.py", line 298, in task_run
    _run_task_by_selected_method(args, dag, ti)
  File "/home/airflow/.local/lib/python3.6/site-packages/airflow/cli/commands/task_command.py", line 107, in _run_task_by_selected_method
    _run_raw_task(args, ti)
  File "/home/airflow/.local/lib/python3.6/site-packages/airflow/cli/commands/task_command.py", line 184, in _run_raw_task
    error_file=args.error_file,
  File "/home/airflow/.local/lib/python3.6/site-packages/airflow/utils/session.py", line 70, in wrapper
    return func(*args, session=session, **kwargs)
  File "/home/airflow/.local/lib/python3.6/site-packages/airflow/models/taskinstance.py", line 1329, in _run_raw_task
    self._execute_task_with_callbacks(context)
  File "/home/airflow/.local/lib/python3.6/site-packages/airflow/models/taskinstance.py", line 1455, in _execute_task_with_callbacks
    result = self._execute_task(context, self.task)
  File "/home/airflow/.local/lib/python3.6/site-packages/airflow/models/taskinstance.py", line 1511, in _execute_task
    result = execute_callable(context=context)
  File "/home/airflow/.local/lib/python3.6/site-packages/airflow/operators/python.py", line 174, in execute
    return_value = self.execute_callable()
  File "/home/airflow/.local/lib/python3.6/site-packages/airflow/operators/python.py", line 185, in execute_callable
    return self.python_callable(*self.op_args, **self.op_kwargs)
  File "/opt/airflow/dags/data_ingestion_gcs_fhv_dag .py", line 103, in upload_to_gcs
    __clean_file(raw_file_name, clean_file_name)
  File "/opt/airflow/dags/data_ingestion_gcs_fhv_dag .py", line 76, in __clean_file
    df = pd.read_csv(raw_file_name, low_memory=True)
  File "/home/airflow/.local/lib/python3.6/site-packages/pandas/io/parsers.py", line 688, in read_csv
    return _read(filepath_or_buffer, kwds)
  File "/home/airflow/.local/lib/python3.6/site-packages/pandas/io/parsers.py", line 460, in _read
    data = parser.read(nrows)
  File "/home/airflow/.local/lib/python3.6/site-packages/pandas/io/parsers.py", line 1198, in read
    ret = self._engine.read(nrows)
  File "/home/airflow/.local/lib/python3.6/site-packages/pandas/io/parsers.py", line 2157, in read
    data = self._reader.read(nrows)
  File "pandas/_libs/parsers.pyx", line 847, in pandas._libs.parsers.TextReader.read
  File "pandas/_libs/parsers.pyx", line 862, in pandas._libs.parsers.TextReader._read_low_memory
  File "pandas/_libs/parsers.pyx", line 941, in pandas._libs.parsers.TextReader._read_rows
  File "pandas/_libs/parsers.pyx", line 1073, in pandas._libs.parsers.TextReader._convert_column_data
  File "pandas/_libs/parsers.pyx", line 1126, in pandas._libs.parsers.TextReader._convert_tokens
  File "pandas/_libs/parsers.pyx", line 1244, in pandas._libs.parsers.TextReader._convert_with_dtype
  File "pandas/_libs/parsers.pyx", line 1259, in pandas._libs.parsers.TextReader._string_convert
  File "pandas/_libs/parsers.pyx", line 1450, in pandas._libs.parsers._string_box_utf8
UnicodeDecodeError: 'utf-8' codec can't decode byte 0xa0 in position 0: invalid start byte
[2024-05-18 13:14:06,422] {local_task_job.py:154} INFO - Task exited with return code 1
[2024-05-18 13:14:06,798] {local_task_job.py:264} INFO - 0 downstream tasks scheduled from follow-on schedule check
