[2024-03-29 08:21:39,063] {taskinstance.py:1032} INFO - Dependencies all met for <TaskInstance: ingest_data_bigquery.bigquery_external_table_task scheduled__2021-06-02T06:00:00+00:00 [queued]>
[2024-03-29 08:21:39,259] {taskinstance.py:1032} INFO - Dependencies all met for <TaskInstance: ingest_data_bigquery.bigquery_external_table_task scheduled__2021-06-02T06:00:00+00:00 [queued]>
[2024-03-29 08:21:39,260] {taskinstance.py:1238} INFO - 
--------------------------------------------------------------------------------
[2024-03-29 08:21:39,261] {taskinstance.py:1239} INFO - Starting attempt 3 of 4
[2024-03-29 08:21:39,262] {taskinstance.py:1240} INFO - 
--------------------------------------------------------------------------------
[2024-03-29 08:21:39,358] {taskinstance.py:1259} INFO - Executing <Task(BigQueryCreateExternalTableOperator): bigquery_external_table_task> on 2021-06-02 06:00:00+00:00
[2024-03-29 08:21:39,514] {standard_task_runner.py:76} INFO - Running: ['***', 'tasks', 'run', 'ingest_data_bigquery', 'bigquery_external_table_task', 'scheduled__2021-06-02T06:00:00+00:00', '--job-id', '1737', '--raw', '--subdir', 'DAGS_FOLDER/data_ingestion_gcs_dag.py', '--cfg-path', '/tmp/tmp4q6yiu8t', '--error-file', '/tmp/tmponnq4g55']
[2024-03-29 08:21:39,611] {standard_task_runner.py:77} INFO - Job 1737: Subtask bigquery_external_table_task
[2024-03-29 08:21:39,404] {standard_task_runner.py:52} INFO - Started process 1159 to run task
[2024-03-29 08:21:41,216] {logging_mixin.py:109} INFO - Running <TaskInstance: ingest_data_bigquery.bigquery_external_table_task scheduled__2021-06-02T06:00:00+00:00 [running]> on host b5e5a5778b83
[2024-03-29 08:21:42,193] {warnings.py:99} WARNING - /home/***/.local/lib/python3.6/site-packages/***/utils/context.py:152: AirflowContextDeprecationWarning: Accessing 'execution_date' from the template is deprecated and will be removed in a future version. Please use 'data_interval_start' or 'logical_date' instead.
  warnings.warn(_create_deprecation_warning(key, self._deprecation_replacements[key]))

[2024-03-29 08:21:42,545] {taskinstance.py:1426} INFO - Exporting the following env vars:
AIRFLOW_CTX_DAG_OWNER=***
AIRFLOW_CTX_DAG_ID=ingest_data_bigquery
AIRFLOW_CTX_TASK_ID=bigquery_external_table_task
AIRFLOW_CTX_EXECUTION_DATE=2021-06-02T06:00:00+00:00
AIRFLOW_CTX_DAG_RUN_ID=scheduled__2021-06-02T06:00:00+00:00
[2024-03-29 08:21:42,618] {crypto.py:82} WARNING - empty cryptography key - values will not be stored encrypted.
[2024-03-29 08:21:42,934] {warnings.py:99} WARNING - /home/***/.local/lib/python3.6/site-packages/***/providers/google/cloud/hooks/bigquery.py:637: DeprecationWarning: This method is deprecated. Please use `BigQueryHook.create_empty_table` method with passing the `table_resource` object. This gives more flexibility than this method.
  DeprecationWarning,

[2024-03-29 08:21:42,987] {bigquery.py:700} INFO - Creating external table: test_dataset.external_table
[2024-03-29 08:21:44,577] {taskinstance.py:1700} ERROR - Task failed with exception
Traceback (most recent call last):
  File "/home/airflow/.local/lib/python3.6/site-packages/airflow/models/taskinstance.py", line 1329, in _run_raw_task
    self._execute_task_with_callbacks(context)
  File "/home/airflow/.local/lib/python3.6/site-packages/airflow/models/taskinstance.py", line 1455, in _execute_task_with_callbacks
    result = self._execute_task(context, self.task)
  File "/home/airflow/.local/lib/python3.6/site-packages/airflow/models/taskinstance.py", line 1511, in _execute_task
    result = execute_callable(context=context)
  File "/home/airflow/.local/lib/python3.6/site-packages/airflow/providers/google/cloud/operators/bigquery.py", line 1226, in execute
    encryption_configuration=self.encryption_configuration,
  File "/home/airflow/.local/lib/python3.6/site-packages/airflow/providers/google/common/hooks/base_google.py", line 430, in inner_wrapper
    return func(self, *args, **kwargs)
  File "/home/airflow/.local/lib/python3.6/site-packages/airflow/providers/google/cloud/hooks/bigquery.py", line 702, in create_external_table
    table_resource=table.to_api_repr(), project_id=project_id, location=location, exists_ok=True
  File "/home/airflow/.local/lib/python3.6/site-packages/airflow/providers/google/common/hooks/base_google.py", line 430, in inner_wrapper
    return func(self, *args, **kwargs)
  File "/home/airflow/.local/lib/python3.6/site-packages/airflow/providers/google/cloud/hooks/bigquery.py", line 408, in create_empty_table
    table=table, exists_ok=exists_ok, retry=retry
  File "/home/airflow/.local/lib/python3.6/site-packages/google/cloud/bigquery/client.py", line 755, in create_table
    timeout=timeout,
  File "/home/airflow/.local/lib/python3.6/site-packages/google/cloud/bigquery/client.py", line 782, in _call_api
    return call()
  File "/home/airflow/.local/lib/python3.6/site-packages/google/api_core/retry.py", line 291, in retry_wrapped_func
    on_error=on_error,
  File "/home/airflow/.local/lib/python3.6/site-packages/google/api_core/retry.py", line 189, in retry_target
    return target()
  File "/home/airflow/.local/lib/python3.6/site-packages/google/cloud/_http.py", line 484, in api_request
    raise exceptions.from_http_response(response)
google.api_core.exceptions.BadRequest: 400 POST https://bigquery.googleapis.com/bigquery/v2/projects/ny-rides-peter-415106/datasets/test_dataset/tables?prettyPrint=false: When defining a table with an ExternalDataConfiguration, a schema must be present on either the Table or the ExternalDataConfiguration. If the schema is present on both, the schemas must be the same.
[2024-03-29 08:21:44,877] {taskinstance.py:1277} INFO - Marking task as UP_FOR_RETRY. dag_id=ingest_data_bigquery, task_id=bigquery_external_table_task, execution_date=20210602T060000, start_date=20240329T082139, end_date=20240329T082144
[2024-03-29 08:21:44,993] {standard_task_runner.py:92} ERROR - Failed to execute job 1737 for task bigquery_external_table_task
Traceback (most recent call last):
  File "/home/airflow/.local/lib/python3.6/site-packages/airflow/task/task_runner/standard_task_runner.py", line 85, in _start_by_fork
    args.func(args, dag=self.dag)
  File "/home/airflow/.local/lib/python3.6/site-packages/airflow/cli/cli_parser.py", line 48, in command
    return func(*args, **kwargs)
  File "/home/airflow/.local/lib/python3.6/site-packages/airflow/utils/cli.py", line 92, in wrapper
    return f(*args, **kwargs)
  File "/home/airflow/.local/lib/python3.6/site-packages/airflow/cli/commands/task_command.py", line 298, in task_run
    _run_task_by_selected_method(args, dag, ti)
  File "/home/airflow/.local/lib/python3.6/site-packages/airflow/cli/commands/task_command.py", line 107, in _run_task_by_selected_method
    _run_raw_task(args, ti)
  File "/home/airflow/.local/lib/python3.6/site-packages/airflow/cli/commands/task_command.py", line 184, in _run_raw_task
    error_file=args.error_file,
  File "/home/airflow/.local/lib/python3.6/site-packages/airflow/utils/session.py", line 70, in wrapper
    return func(*args, session=session, **kwargs)
  File "/home/airflow/.local/lib/python3.6/site-packages/airflow/models/taskinstance.py", line 1329, in _run_raw_task
    self._execute_task_with_callbacks(context)
  File "/home/airflow/.local/lib/python3.6/site-packages/airflow/models/taskinstance.py", line 1455, in _execute_task_with_callbacks
    result = self._execute_task(context, self.task)
  File "/home/airflow/.local/lib/python3.6/site-packages/airflow/models/taskinstance.py", line 1511, in _execute_task
    result = execute_callable(context=context)
  File "/home/airflow/.local/lib/python3.6/site-packages/airflow/providers/google/cloud/operators/bigquery.py", line 1226, in execute
    encryption_configuration=self.encryption_configuration,
  File "/home/airflow/.local/lib/python3.6/site-packages/airflow/providers/google/common/hooks/base_google.py", line 430, in inner_wrapper
    return func(self, *args, **kwargs)
  File "/home/airflow/.local/lib/python3.6/site-packages/airflow/providers/google/cloud/hooks/bigquery.py", line 702, in create_external_table
    table_resource=table.to_api_repr(), project_id=project_id, location=location, exists_ok=True
  File "/home/airflow/.local/lib/python3.6/site-packages/airflow/providers/google/common/hooks/base_google.py", line 430, in inner_wrapper
    return func(self, *args, **kwargs)
  File "/home/airflow/.local/lib/python3.6/site-packages/airflow/providers/google/cloud/hooks/bigquery.py", line 408, in create_empty_table
    table=table, exists_ok=exists_ok, retry=retry
  File "/home/airflow/.local/lib/python3.6/site-packages/google/cloud/bigquery/client.py", line 755, in create_table
    timeout=timeout,
  File "/home/airflow/.local/lib/python3.6/site-packages/google/cloud/bigquery/client.py", line 782, in _call_api
    return call()
  File "/home/airflow/.local/lib/python3.6/site-packages/google/api_core/retry.py", line 291, in retry_wrapped_func
    on_error=on_error,
  File "/home/airflow/.local/lib/python3.6/site-packages/google/api_core/retry.py", line 189, in retry_target
    return target()
  File "/home/airflow/.local/lib/python3.6/site-packages/google/cloud/_http.py", line 484, in api_request
    raise exceptions.from_http_response(response)
google.api_core.exceptions.BadRequest: 400 POST https://bigquery.googleapis.com/bigquery/v2/projects/ny-rides-peter-415106/datasets/test_dataset/tables?prettyPrint=false: When defining a table with an ExternalDataConfiguration, a schema must be present on either the Table or the ExternalDataConfiguration. If the schema is present on both, the schemas must be the same.
[2024-03-29 08:21:45,117] {local_task_job.py:154} INFO - Task exited with return code 1
[2024-03-29 08:21:45,502] {local_task_job.py:264} INFO - 0 downstream tasks scheduled from follow-on schedule check
[2024-03-30 03:40:41,089] {taskinstance.py:1032} INFO - Dependencies all met for <TaskInstance: ingest_data_bigquery.bigquery_external_table_task scheduled__2021-06-02T06:00:00+00:00 [queued]>
[2024-03-30 03:40:41,122] {taskinstance.py:1032} INFO - Dependencies all met for <TaskInstance: ingest_data_bigquery.bigquery_external_table_task scheduled__2021-06-02T06:00:00+00:00 [queued]>
[2024-03-30 03:40:41,124] {taskinstance.py:1238} INFO - 
--------------------------------------------------------------------------------
[2024-03-30 03:40:41,125] {taskinstance.py:1239} INFO - Starting attempt 3 of 4
[2024-03-30 03:40:41,128] {taskinstance.py:1240} INFO - 
--------------------------------------------------------------------------------
[2024-03-30 03:40:41,174] {taskinstance.py:1259} INFO - Executing <Task(BigQueryCreateExternalTableOperator): bigquery_external_table_task> on 2021-06-02 06:00:00+00:00
[2024-03-30 03:40:41,188] {standard_task_runner.py:52} INFO - Started process 1145 to run task
[2024-03-30 03:40:41,195] {standard_task_runner.py:76} INFO - Running: ['***', 'tasks', 'run', 'ingest_data_bigquery', 'bigquery_external_table_task', 'scheduled__2021-06-02T06:00:00+00:00', '--job-id', '1885', '--raw', '--subdir', 'DAGS_FOLDER/data_ingestion_gcs_dag.py', '--cfg-path', '/tmp/tmpx2l05t6h', '--error-file', '/tmp/tmp6irps21w']
[2024-03-30 03:40:41,211] {standard_task_runner.py:77} INFO - Job 1885: Subtask bigquery_external_table_task
[2024-03-30 03:40:41,269] {logging_mixin.py:109} INFO - Running <TaskInstance: ingest_data_bigquery.bigquery_external_table_task scheduled__2021-06-02T06:00:00+00:00 [running]> on host 98c5b3fde4c4
[2024-03-30 03:40:41,303] {warnings.py:99} WARNING - /home/***/.local/lib/python3.6/site-packages/***/utils/context.py:152: AirflowContextDeprecationWarning: Accessing 'execution_date' from the template is deprecated and will be removed in a future version. Please use 'data_interval_start' or 'logical_date' instead.
  warnings.warn(_create_deprecation_warning(key, self._deprecation_replacements[key]))

[2024-03-30 03:40:41,326] {taskinstance.py:1426} INFO - Exporting the following env vars:
AIRFLOW_CTX_DAG_OWNER=***
AIRFLOW_CTX_DAG_ID=ingest_data_bigquery
AIRFLOW_CTX_TASK_ID=bigquery_external_table_task
AIRFLOW_CTX_EXECUTION_DATE=2021-06-02T06:00:00+00:00
AIRFLOW_CTX_DAG_RUN_ID=scheduled__2021-06-02T06:00:00+00:00
[2024-03-30 03:40:41,327] {crypto.py:82} WARNING - empty cryptography key - values will not be stored encrypted.
[2024-03-30 03:40:41,338] {warnings.py:99} WARNING - /home/***/.local/lib/python3.6/site-packages/***/providers/google/cloud/hooks/bigquery.py:637: DeprecationWarning: This method is deprecated. Please use `BigQueryHook.create_empty_table` method with passing the `table_resource` object. This gives more flexibility than this method.
  DeprecationWarning,

[2024-03-30 03:40:41,339] {bigquery.py:700} INFO - Creating external table: test_dataset.external_table
[2024-03-30 03:40:41,466] {taskinstance.py:1700} ERROR - Task failed with exception
Traceback (most recent call last):
  File "/home/airflow/.local/lib/python3.6/site-packages/airflow/models/taskinstance.py", line 1329, in _run_raw_task
    self._execute_task_with_callbacks(context)
  File "/home/airflow/.local/lib/python3.6/site-packages/airflow/models/taskinstance.py", line 1455, in _execute_task_with_callbacks
    result = self._execute_task(context, self.task)
  File "/home/airflow/.local/lib/python3.6/site-packages/airflow/models/taskinstance.py", line 1511, in _execute_task
    result = execute_callable(context=context)
  File "/home/airflow/.local/lib/python3.6/site-packages/airflow/providers/google/cloud/operators/bigquery.py", line 1226, in execute
    encryption_configuration=self.encryption_configuration,
  File "/home/airflow/.local/lib/python3.6/site-packages/airflow/providers/google/common/hooks/base_google.py", line 430, in inner_wrapper
    return func(self, *args, **kwargs)
  File "/home/airflow/.local/lib/python3.6/site-packages/airflow/providers/google/cloud/hooks/bigquery.py", line 702, in create_external_table
    table_resource=table.to_api_repr(), project_id=project_id, location=location, exists_ok=True
  File "/home/airflow/.local/lib/python3.6/site-packages/airflow/providers/google/common/hooks/base_google.py", line 430, in inner_wrapper
    return func(self, *args, **kwargs)
  File "/home/airflow/.local/lib/python3.6/site-packages/airflow/providers/google/cloud/hooks/bigquery.py", line 408, in create_empty_table
    table=table, exists_ok=exists_ok, retry=retry
  File "/home/airflow/.local/lib/python3.6/site-packages/google/cloud/bigquery/client.py", line 755, in create_table
    timeout=timeout,
  File "/home/airflow/.local/lib/python3.6/site-packages/google/cloud/bigquery/client.py", line 782, in _call_api
    return call()
  File "/home/airflow/.local/lib/python3.6/site-packages/google/api_core/retry.py", line 291, in retry_wrapped_func
    on_error=on_error,
  File "/home/airflow/.local/lib/python3.6/site-packages/google/api_core/retry.py", line 189, in retry_target
    return target()
  File "/home/airflow/.local/lib/python3.6/site-packages/google/cloud/_http.py", line 484, in api_request
    raise exceptions.from_http_response(response)
google.api_core.exceptions.BadRequest: 400 POST https://bigquery.googleapis.com/bigquery/v2/projects/ny-rides-peter-415106/datasets/test_dataset/tables?prettyPrint=false: Invalid value for type: NUMBER is not a valid value
[2024-03-30 03:40:41,483] {taskinstance.py:1277} INFO - Marking task as UP_FOR_RETRY. dag_id=ingest_data_bigquery, task_id=bigquery_external_table_task, execution_date=20210602T060000, start_date=20240330T034041, end_date=20240330T034041
[2024-03-30 03:40:41,495] {standard_task_runner.py:92} ERROR - Failed to execute job 1885 for task bigquery_external_table_task
Traceback (most recent call last):
  File "/home/airflow/.local/lib/python3.6/site-packages/airflow/task/task_runner/standard_task_runner.py", line 85, in _start_by_fork
    args.func(args, dag=self.dag)
  File "/home/airflow/.local/lib/python3.6/site-packages/airflow/cli/cli_parser.py", line 48, in command
    return func(*args, **kwargs)
  File "/home/airflow/.local/lib/python3.6/site-packages/airflow/utils/cli.py", line 92, in wrapper
    return f(*args, **kwargs)
  File "/home/airflow/.local/lib/python3.6/site-packages/airflow/cli/commands/task_command.py", line 298, in task_run
    _run_task_by_selected_method(args, dag, ti)
  File "/home/airflow/.local/lib/python3.6/site-packages/airflow/cli/commands/task_command.py", line 107, in _run_task_by_selected_method
    _run_raw_task(args, ti)
  File "/home/airflow/.local/lib/python3.6/site-packages/airflow/cli/commands/task_command.py", line 184, in _run_raw_task
    error_file=args.error_file,
  File "/home/airflow/.local/lib/python3.6/site-packages/airflow/utils/session.py", line 70, in wrapper
    return func(*args, session=session, **kwargs)
  File "/home/airflow/.local/lib/python3.6/site-packages/airflow/models/taskinstance.py", line 1329, in _run_raw_task
    self._execute_task_with_callbacks(context)
  File "/home/airflow/.local/lib/python3.6/site-packages/airflow/models/taskinstance.py", line 1455, in _execute_task_with_callbacks
    result = self._execute_task(context, self.task)
  File "/home/airflow/.local/lib/python3.6/site-packages/airflow/models/taskinstance.py", line 1511, in _execute_task
    result = execute_callable(context=context)
  File "/home/airflow/.local/lib/python3.6/site-packages/airflow/providers/google/cloud/operators/bigquery.py", line 1226, in execute
    encryption_configuration=self.encryption_configuration,
  File "/home/airflow/.local/lib/python3.6/site-packages/airflow/providers/google/common/hooks/base_google.py", line 430, in inner_wrapper
    return func(self, *args, **kwargs)
  File "/home/airflow/.local/lib/python3.6/site-packages/airflow/providers/google/cloud/hooks/bigquery.py", line 702, in create_external_table
    table_resource=table.to_api_repr(), project_id=project_id, location=location, exists_ok=True
  File "/home/airflow/.local/lib/python3.6/site-packages/airflow/providers/google/common/hooks/base_google.py", line 430, in inner_wrapper
    return func(self, *args, **kwargs)
  File "/home/airflow/.local/lib/python3.6/site-packages/airflow/providers/google/cloud/hooks/bigquery.py", line 408, in create_empty_table
    table=table, exists_ok=exists_ok, retry=retry
  File "/home/airflow/.local/lib/python3.6/site-packages/google/cloud/bigquery/client.py", line 755, in create_table
    timeout=timeout,
  File "/home/airflow/.local/lib/python3.6/site-packages/google/cloud/bigquery/client.py", line 782, in _call_api
    return call()
  File "/home/airflow/.local/lib/python3.6/site-packages/google/api_core/retry.py", line 291, in retry_wrapped_func
    on_error=on_error,
  File "/home/airflow/.local/lib/python3.6/site-packages/google/api_core/retry.py", line 189, in retry_target
    return target()
  File "/home/airflow/.local/lib/python3.6/site-packages/google/cloud/_http.py", line 484, in api_request
    raise exceptions.from_http_response(response)
google.api_core.exceptions.BadRequest: 400 POST https://bigquery.googleapis.com/bigquery/v2/projects/ny-rides-peter-415106/datasets/test_dataset/tables?prettyPrint=false: Invalid value for type: NUMBER is not a valid value
[2024-03-30 03:40:41,507] {local_task_job.py:154} INFO - Task exited with return code 1
[2024-03-30 03:40:41,540] {local_task_job.py:264} INFO - 0 downstream tasks scheduled from follow-on schedule check
[2024-03-30 03:52:41,687] {taskinstance.py:1032} INFO - Dependencies all met for <TaskInstance: ingest_data_bigquery.bigquery_external_table_task scheduled__2021-06-02T06:00:00+00:00 [queued]>
[2024-03-30 03:52:41,860] {taskinstance.py:1032} INFO - Dependencies all met for <TaskInstance: ingest_data_bigquery.bigquery_external_table_task scheduled__2021-06-02T06:00:00+00:00 [queued]>
[2024-03-30 03:52:41,871] {taskinstance.py:1238} INFO - 
--------------------------------------------------------------------------------
[2024-03-30 03:52:41,879] {taskinstance.py:1239} INFO - Starting attempt 3 of 4
[2024-03-30 03:52:41,879] {taskinstance.py:1240} INFO - 
--------------------------------------------------------------------------------
[2024-03-30 03:52:42,150] {taskinstance.py:1259} INFO - Executing <Task(BigQueryCreateExternalTableOperator): bigquery_external_table_task> on 2021-06-02 06:00:00+00:00
[2024-03-30 03:52:42,310] {standard_task_runner.py:76} INFO - Running: ['***', 'tasks', 'run', 'ingest_data_bigquery', 'bigquery_external_table_task', 'scheduled__2021-06-02T06:00:00+00:00', '--job-id', '1960', '--raw', '--subdir', 'DAGS_FOLDER/data_ingestion_gcs_dag.py', '--cfg-path', '/tmp/tmp8_93gcvv', '--error-file', '/tmp/tmp44d95xse']
[2024-03-30 03:52:42,363] {standard_task_runner.py:77} INFO - Job 1960: Subtask bigquery_external_table_task
[2024-03-30 03:52:42,229] {standard_task_runner.py:52} INFO - Started process 1965 to run task
[2024-03-30 03:52:43,192] {logging_mixin.py:109} INFO - Running <TaskInstance: ingest_data_bigquery.bigquery_external_table_task scheduled__2021-06-02T06:00:00+00:00 [running]> on host 98c5b3fde4c4
[2024-03-30 03:52:43,741] {warnings.py:99} WARNING - /home/***/.local/lib/python3.6/site-packages/***/utils/context.py:152: AirflowContextDeprecationWarning: Accessing 'execution_date' from the template is deprecated and will be removed in a future version. Please use 'data_interval_start' or 'logical_date' instead.
  warnings.warn(_create_deprecation_warning(key, self._deprecation_replacements[key]))

[2024-03-30 03:52:43,922] {taskinstance.py:1426} INFO - Exporting the following env vars:
AIRFLOW_CTX_DAG_OWNER=***
AIRFLOW_CTX_DAG_ID=ingest_data_bigquery
AIRFLOW_CTX_TASK_ID=bigquery_external_table_task
AIRFLOW_CTX_EXECUTION_DATE=2021-06-02T06:00:00+00:00
AIRFLOW_CTX_DAG_RUN_ID=scheduled__2021-06-02T06:00:00+00:00
[2024-03-30 03:52:43,928] {crypto.py:82} WARNING - empty cryptography key - values will not be stored encrypted.
[2024-03-30 03:52:44,037] {warnings.py:99} WARNING - /home/***/.local/lib/python3.6/site-packages/***/providers/google/cloud/hooks/bigquery.py:637: DeprecationWarning: This method is deprecated. Please use `BigQueryHook.create_empty_table` method with passing the `table_resource` object. This gives more flexibility than this method.
  DeprecationWarning,

[2024-03-30 03:52:44,062] {bigquery.py:700} INFO - Creating external table: test_dataset.external_table
[2024-03-30 03:52:44,847] {bigquery.py:704} INFO - External table created successfully: test_dataset.external_table
[2024-03-30 03:52:45,139] {taskinstance.py:1277} INFO - Marking task as SUCCESS. dag_id=ingest_data_bigquery, task_id=bigquery_external_table_task, execution_date=20210602T060000, start_date=20240330T035241, end_date=20240330T035245
[2024-03-30 03:52:45,434] {local_task_job.py:154} INFO - Task exited with return code 0
[2024-03-30 03:52:45,744] {local_task_job.py:264} INFO - 0 downstream tasks scheduled from follow-on schedule check
