[2024-03-29 08:27:44,895] {taskinstance.py:1032} INFO - Dependencies all met for <TaskInstance: ingest_data_bigquery.bigquery_external_table_task scheduled__2022-09-02T06:00:00+00:00 [queued]>
[2024-03-29 08:27:44,929] {taskinstance.py:1032} INFO - Dependencies all met for <TaskInstance: ingest_data_bigquery.bigquery_external_table_task scheduled__2022-09-02T06:00:00+00:00 [queued]>
[2024-03-29 08:27:44,929] {taskinstance.py:1238} INFO - 
--------------------------------------------------------------------------------
[2024-03-29 08:27:44,929] {taskinstance.py:1239} INFO - Starting attempt 1 of 4
[2024-03-29 08:27:44,929] {taskinstance.py:1240} INFO - 
--------------------------------------------------------------------------------
[2024-03-29 08:27:44,972] {taskinstance.py:1259} INFO - Executing <Task(BigQueryCreateExternalTableOperator): bigquery_external_table_task> on 2022-09-02 06:00:00+00:00
[2024-03-29 08:27:44,981] {standard_task_runner.py:52} INFO - Started process 1661 to run task
[2024-03-29 08:27:45,103] {standard_task_runner.py:76} INFO - Running: ['***', 'tasks', 'run', 'ingest_data_bigquery', 'bigquery_external_table_task', 'scheduled__2022-09-02T06:00:00+00:00', '--job-id', '1799', '--raw', '--subdir', 'DAGS_FOLDER/data_ingestion_gcs_dag.py', '--cfg-path', '/tmp/tmpx6v76tg_', '--error-file', '/tmp/tmphzogzqem']
[2024-03-29 08:27:45,147] {standard_task_runner.py:77} INFO - Job 1799: Subtask bigquery_external_table_task
[2024-03-29 08:27:45,536] {logging_mixin.py:109} INFO - Running <TaskInstance: ingest_data_bigquery.bigquery_external_table_task scheduled__2022-09-02T06:00:00+00:00 [running]> on host b5e5a5778b83
[2024-03-29 08:27:45,814] {warnings.py:99} WARNING - /home/***/.local/lib/python3.6/site-packages/***/utils/context.py:152: AirflowContextDeprecationWarning: Accessing 'execution_date' from the template is deprecated and will be removed in a future version. Please use 'data_interval_start' or 'logical_date' instead.
  warnings.warn(_create_deprecation_warning(key, self._deprecation_replacements[key]))

[2024-03-29 08:27:45,943] {taskinstance.py:1426} INFO - Exporting the following env vars:
AIRFLOW_CTX_DAG_OWNER=***
AIRFLOW_CTX_DAG_ID=ingest_data_bigquery
AIRFLOW_CTX_TASK_ID=bigquery_external_table_task
AIRFLOW_CTX_EXECUTION_DATE=2022-09-02T06:00:00+00:00
AIRFLOW_CTX_DAG_RUN_ID=scheduled__2022-09-02T06:00:00+00:00
[2024-03-29 08:27:45,951] {crypto.py:82} WARNING - empty cryptography key - values will not be stored encrypted.
[2024-03-29 08:27:45,994] {warnings.py:99} WARNING - /home/***/.local/lib/python3.6/site-packages/***/providers/google/cloud/hooks/bigquery.py:637: DeprecationWarning: This method is deprecated. Please use `BigQueryHook.create_empty_table` method with passing the `table_resource` object. This gives more flexibility than this method.
  DeprecationWarning,

[2024-03-29 08:27:45,996] {bigquery.py:700} INFO - Creating external table: test_dataset.external_table
[2024-03-29 08:27:46,468] {taskinstance.py:1700} ERROR - Task failed with exception
Traceback (most recent call last):
  File "/home/airflow/.local/lib/python3.6/site-packages/airflow/models/taskinstance.py", line 1329, in _run_raw_task
    self._execute_task_with_callbacks(context)
  File "/home/airflow/.local/lib/python3.6/site-packages/airflow/models/taskinstance.py", line 1455, in _execute_task_with_callbacks
    result = self._execute_task(context, self.task)
  File "/home/airflow/.local/lib/python3.6/site-packages/airflow/models/taskinstance.py", line 1511, in _execute_task
    result = execute_callable(context=context)
  File "/home/airflow/.local/lib/python3.6/site-packages/airflow/providers/google/cloud/operators/bigquery.py", line 1226, in execute
    encryption_configuration=self.encryption_configuration,
  File "/home/airflow/.local/lib/python3.6/site-packages/airflow/providers/google/common/hooks/base_google.py", line 430, in inner_wrapper
    return func(self, *args, **kwargs)
  File "/home/airflow/.local/lib/python3.6/site-packages/airflow/providers/google/cloud/hooks/bigquery.py", line 702, in create_external_table
    table_resource=table.to_api_repr(), project_id=project_id, location=location, exists_ok=True
  File "/home/airflow/.local/lib/python3.6/site-packages/airflow/providers/google/common/hooks/base_google.py", line 430, in inner_wrapper
    return func(self, *args, **kwargs)
  File "/home/airflow/.local/lib/python3.6/site-packages/airflow/providers/google/cloud/hooks/bigquery.py", line 408, in create_empty_table
    table=table, exists_ok=exists_ok, retry=retry
  File "/home/airflow/.local/lib/python3.6/site-packages/google/cloud/bigquery/client.py", line 755, in create_table
    timeout=timeout,
  File "/home/airflow/.local/lib/python3.6/site-packages/google/cloud/bigquery/client.py", line 782, in _call_api
    return call()
  File "/home/airflow/.local/lib/python3.6/site-packages/google/api_core/retry.py", line 291, in retry_wrapped_func
    on_error=on_error,
  File "/home/airflow/.local/lib/python3.6/site-packages/google/api_core/retry.py", line 189, in retry_target
    return target()
  File "/home/airflow/.local/lib/python3.6/site-packages/google/cloud/_http.py", line 484, in api_request
    raise exceptions.from_http_response(response)
google.api_core.exceptions.BadRequest: 400 POST https://bigquery.googleapis.com/bigquery/v2/projects/ny-rides-peter-415106/datasets/test_dataset/tables?prettyPrint=false: When defining a table with an ExternalDataConfiguration, a schema must be present on either the Table or the ExternalDataConfiguration. If the schema is present on both, the schemas must be the same.
[2024-03-29 08:27:46,496] {taskinstance.py:1277} INFO - Marking task as UP_FOR_RETRY. dag_id=ingest_data_bigquery, task_id=bigquery_external_table_task, execution_date=20220902T060000, start_date=20240329T082744, end_date=20240329T082746
[2024-03-29 08:27:46,629] {standard_task_runner.py:92} ERROR - Failed to execute job 1799 for task bigquery_external_table_task
Traceback (most recent call last):
  File "/home/airflow/.local/lib/python3.6/site-packages/airflow/task/task_runner/standard_task_runner.py", line 85, in _start_by_fork
    args.func(args, dag=self.dag)
  File "/home/airflow/.local/lib/python3.6/site-packages/airflow/cli/cli_parser.py", line 48, in command
    return func(*args, **kwargs)
  File "/home/airflow/.local/lib/python3.6/site-packages/airflow/utils/cli.py", line 92, in wrapper
    return f(*args, **kwargs)
  File "/home/airflow/.local/lib/python3.6/site-packages/airflow/cli/commands/task_command.py", line 298, in task_run
    _run_task_by_selected_method(args, dag, ti)
  File "/home/airflow/.local/lib/python3.6/site-packages/airflow/cli/commands/task_command.py", line 107, in _run_task_by_selected_method
    _run_raw_task(args, ti)
  File "/home/airflow/.local/lib/python3.6/site-packages/airflow/cli/commands/task_command.py", line 184, in _run_raw_task
    error_file=args.error_file,
  File "/home/airflow/.local/lib/python3.6/site-packages/airflow/utils/session.py", line 70, in wrapper
    return func(*args, session=session, **kwargs)
  File "/home/airflow/.local/lib/python3.6/site-packages/airflow/models/taskinstance.py", line 1329, in _run_raw_task
    self._execute_task_with_callbacks(context)
  File "/home/airflow/.local/lib/python3.6/site-packages/airflow/models/taskinstance.py", line 1455, in _execute_task_with_callbacks
    result = self._execute_task(context, self.task)
  File "/home/airflow/.local/lib/python3.6/site-packages/airflow/models/taskinstance.py", line 1511, in _execute_task
    result = execute_callable(context=context)
  File "/home/airflow/.local/lib/python3.6/site-packages/airflow/providers/google/cloud/operators/bigquery.py", line 1226, in execute
    encryption_configuration=self.encryption_configuration,
  File "/home/airflow/.local/lib/python3.6/site-packages/airflow/providers/google/common/hooks/base_google.py", line 430, in inner_wrapper
    return func(self, *args, **kwargs)
  File "/home/airflow/.local/lib/python3.6/site-packages/airflow/providers/google/cloud/hooks/bigquery.py", line 702, in create_external_table
    table_resource=table.to_api_repr(), project_id=project_id, location=location, exists_ok=True
  File "/home/airflow/.local/lib/python3.6/site-packages/airflow/providers/google/common/hooks/base_google.py", line 430, in inner_wrapper
    return func(self, *args, **kwargs)
  File "/home/airflow/.local/lib/python3.6/site-packages/airflow/providers/google/cloud/hooks/bigquery.py", line 408, in create_empty_table
    table=table, exists_ok=exists_ok, retry=retry
  File "/home/airflow/.local/lib/python3.6/site-packages/google/cloud/bigquery/client.py", line 755, in create_table
    timeout=timeout,
  File "/home/airflow/.local/lib/python3.6/site-packages/google/cloud/bigquery/client.py", line 782, in _call_api
    return call()
  File "/home/airflow/.local/lib/python3.6/site-packages/google/api_core/retry.py", line 291, in retry_wrapped_func
    on_error=on_error,
  File "/home/airflow/.local/lib/python3.6/site-packages/google/api_core/retry.py", line 189, in retry_target
    return target()
  File "/home/airflow/.local/lib/python3.6/site-packages/google/cloud/_http.py", line 484, in api_request
    raise exceptions.from_http_response(response)
google.api_core.exceptions.BadRequest: 400 POST https://bigquery.googleapis.com/bigquery/v2/projects/ny-rides-peter-415106/datasets/test_dataset/tables?prettyPrint=false: When defining a table with an ExternalDataConfiguration, a schema must be present on either the Table or the ExternalDataConfiguration. If the schema is present on both, the schemas must be the same.
[2024-03-29 08:27:46,772] {local_task_job.py:154} INFO - Task exited with return code 1
[2024-03-29 08:27:46,950] {local_task_job.py:264} INFO - 0 downstream tasks scheduled from follow-on schedule check
[2024-03-30 03:53:44,854] {taskinstance.py:1032} INFO - Dependencies all met for <TaskInstance: ingest_data_bigquery.bigquery_external_table_task scheduled__2022-09-02T06:00:00+00:00 [queued]>
[2024-03-30 03:53:44,881] {taskinstance.py:1032} INFO - Dependencies all met for <TaskInstance: ingest_data_bigquery.bigquery_external_table_task scheduled__2022-09-02T06:00:00+00:00 [queued]>
[2024-03-30 03:53:44,882] {taskinstance.py:1238} INFO - 
--------------------------------------------------------------------------------
[2024-03-30 03:53:44,882] {taskinstance.py:1239} INFO - Starting attempt 1 of 4
[2024-03-30 03:53:44,882] {taskinstance.py:1240} INFO - 
--------------------------------------------------------------------------------
[2024-03-30 03:53:45,140] {taskinstance.py:1259} INFO - Executing <Task(BigQueryCreateExternalTableOperator): bigquery_external_table_task> on 2022-09-02 06:00:00+00:00
[2024-03-30 03:53:45,271] {standard_task_runner.py:76} INFO - Running: ['***', 'tasks', 'run', 'ingest_data_bigquery', 'bigquery_external_table_task', 'scheduled__2022-09-02T06:00:00+00:00', '--job-id', '2012', '--raw', '--subdir', 'DAGS_FOLDER/data_ingestion_gcs_dag.py', '--cfg-path', '/tmp/tmpv_t53psn', '--error-file', '/tmp/tmpu5teuch4']
[2024-03-30 03:53:45,293] {standard_task_runner.py:77} INFO - Job 2012: Subtask bigquery_external_table_task
[2024-03-30 03:53:45,190] {standard_task_runner.py:52} INFO - Started process 2196 to run task
[2024-03-30 03:53:45,566] {logging_mixin.py:109} INFO - Running <TaskInstance: ingest_data_bigquery.bigquery_external_table_task scheduled__2022-09-02T06:00:00+00:00 [running]> on host 98c5b3fde4c4
[2024-03-30 03:53:45,791] {warnings.py:99} WARNING - /home/***/.local/lib/python3.6/site-packages/***/utils/context.py:152: AirflowContextDeprecationWarning: Accessing 'execution_date' from the template is deprecated and will be removed in a future version. Please use 'data_interval_start' or 'logical_date' instead.
  warnings.warn(_create_deprecation_warning(key, self._deprecation_replacements[key]))

[2024-03-30 03:53:46,126] {taskinstance.py:1426} INFO - Exporting the following env vars:
AIRFLOW_CTX_DAG_OWNER=***
AIRFLOW_CTX_DAG_ID=ingest_data_bigquery
AIRFLOW_CTX_TASK_ID=bigquery_external_table_task
AIRFLOW_CTX_EXECUTION_DATE=2022-09-02T06:00:00+00:00
AIRFLOW_CTX_DAG_RUN_ID=scheduled__2022-09-02T06:00:00+00:00
[2024-03-30 03:53:46,143] {crypto.py:82} WARNING - empty cryptography key - values will not be stored encrypted.
[2024-03-30 03:53:46,293] {warnings.py:99} WARNING - /home/***/.local/lib/python3.6/site-packages/***/providers/google/cloud/hooks/bigquery.py:637: DeprecationWarning: This method is deprecated. Please use `BigQueryHook.create_empty_table` method with passing the `table_resource` object. This gives more flexibility than this method.
  DeprecationWarning,

[2024-03-30 03:53:46,331] {bigquery.py:700} INFO - Creating external table: test_dataset.external_table
[2024-03-30 03:53:47,414] {bigquery.py:704} INFO - External table created successfully: test_dataset.external_table
[2024-03-30 03:53:47,938] {taskinstance.py:1277} INFO - Marking task as SUCCESS. dag_id=ingest_data_bigquery, task_id=bigquery_external_table_task, execution_date=20220902T060000, start_date=20240330T035344, end_date=20240330T035347
[2024-03-30 03:53:48,152] {local_task_job.py:154} INFO - Task exited with return code 0
[2024-03-30 03:53:48,279] {local_task_job.py:264} INFO - 0 downstream tasks scheduled from follow-on schedule check
[2024-03-30 04:25:57,711] {taskinstance.py:1032} INFO - Dependencies all met for <TaskInstance: ingest_data_bigquery.bigquery_external_table_task scheduled__2022-09-02T06:00:00+00:00 [queued]>
[2024-03-30 04:25:57,744] {taskinstance.py:1032} INFO - Dependencies all met for <TaskInstance: ingest_data_bigquery.bigquery_external_table_task scheduled__2022-09-02T06:00:00+00:00 [queued]>
[2024-03-30 04:25:57,745] {taskinstance.py:1238} INFO - 
--------------------------------------------------------------------------------
[2024-03-30 04:25:57,746] {taskinstance.py:1239} INFO - Starting attempt 1 of 4
[2024-03-30 04:25:57,746] {taskinstance.py:1240} INFO - 
--------------------------------------------------------------------------------
[2024-03-30 04:25:57,786] {taskinstance.py:1259} INFO - Executing <Task(BigQueryCreateExternalTableOperator): bigquery_external_table_task> on 2022-09-02 06:00:00+00:00
[2024-03-30 04:25:57,794] {standard_task_runner.py:52} INFO - Started process 4501 to run task
[2024-03-30 04:25:57,821] {standard_task_runner.py:76} INFO - Running: ['***', 'tasks', 'run', 'ingest_data_bigquery', 'bigquery_external_table_task', 'scheduled__2022-09-02T06:00:00+00:00', '--job-id', '2238', '--raw', '--subdir', 'DAGS_FOLDER/data_ingestion_gcs_dag.py', '--cfg-path', '/tmp/tmperacdle5', '--error-file', '/tmp/tmp7rf86da8']
[2024-03-30 04:25:57,840] {standard_task_runner.py:77} INFO - Job 2238: Subtask bigquery_external_table_task
[2024-03-30 04:25:58,152] {logging_mixin.py:109} INFO - Running <TaskInstance: ingest_data_bigquery.bigquery_external_table_task scheduled__2022-09-02T06:00:00+00:00 [running]> on host 98c5b3fde4c4
[2024-03-30 04:25:58,337] {warnings.py:99} WARNING - /home/***/.local/lib/python3.6/site-packages/***/utils/context.py:152: AirflowContextDeprecationWarning: Accessing 'execution_date' from the template is deprecated and will be removed in a future version. Please use 'data_interval_start' or 'logical_date' instead.
  warnings.warn(_create_deprecation_warning(key, self._deprecation_replacements[key]))

[2024-03-30 04:25:58,404] {taskinstance.py:1426} INFO - Exporting the following env vars:
AIRFLOW_CTX_DAG_OWNER=***
AIRFLOW_CTX_DAG_ID=ingest_data_bigquery
AIRFLOW_CTX_TASK_ID=bigquery_external_table_task
AIRFLOW_CTX_EXECUTION_DATE=2022-09-02T06:00:00+00:00
AIRFLOW_CTX_DAG_RUN_ID=scheduled__2022-09-02T06:00:00+00:00
[2024-03-30 04:25:58,406] {crypto.py:82} WARNING - empty cryptography key - values will not be stored encrypted.
[2024-03-30 04:25:58,429] {warnings.py:99} WARNING - /home/***/.local/lib/python3.6/site-packages/***/providers/google/cloud/hooks/bigquery.py:637: DeprecationWarning: This method is deprecated. Please use `BigQueryHook.create_empty_table` method with passing the `table_resource` object. This gives more flexibility than this method.
  DeprecationWarning,

[2024-03-30 04:25:58,432] {bigquery.py:700} INFO - Creating external table: test_dataset.yellowtaxi_trips
[2024-03-30 04:25:58,904] {bigquery.py:704} INFO - External table created successfully: test_dataset.yellowtaxi_trips
[2024-03-30 04:25:59,012] {taskinstance.py:1277} INFO - Marking task as SUCCESS. dag_id=ingest_data_bigquery, task_id=bigquery_external_table_task, execution_date=20220902T060000, start_date=20240330T042557, end_date=20240330T042559
[2024-03-30 04:25:59,207] {local_task_job.py:154} INFO - Task exited with return code 0
[2024-03-30 04:25:59,359] {local_task_job.py:264} INFO - 0 downstream tasks scheduled from follow-on schedule check
[2024-03-30 04:44:40,207] {taskinstance.py:1032} INFO - Dependencies all met for <TaskInstance: ingest_data_bigquery.bigquery_external_table_task scheduled__2022-09-02T06:00:00+00:00 [queued]>
[2024-03-30 04:44:40,224] {taskinstance.py:1032} INFO - Dependencies all met for <TaskInstance: ingest_data_bigquery.bigquery_external_table_task scheduled__2022-09-02T06:00:00+00:00 [queued]>
[2024-03-30 04:44:40,225] {taskinstance.py:1238} INFO - 
--------------------------------------------------------------------------------
[2024-03-30 04:44:40,226] {taskinstance.py:1239} INFO - Starting attempt 1 of 4
[2024-03-30 04:44:40,226] {taskinstance.py:1240} INFO - 
--------------------------------------------------------------------------------
[2024-03-30 04:44:40,242] {taskinstance.py:1259} INFO - Executing <Task(BigQueryCreateExternalTableOperator): bigquery_external_table_task> on 2022-09-02 06:00:00+00:00
[2024-03-30 04:44:40,250] {standard_task_runner.py:52} INFO - Started process 5709 to run task
[2024-03-30 04:44:40,256] {standard_task_runner.py:76} INFO - Running: ['***', 'tasks', 'run', 'ingest_data_bigquery', 'bigquery_external_table_task', 'scheduled__2022-09-02T06:00:00+00:00', '--job-id', '2348', '--raw', '--subdir', 'DAGS_FOLDER/data_ingestion_gcs_dag.py', '--cfg-path', '/tmp/tmpkbtk8o7y', '--error-file', '/tmp/tmp2o1n_044']
[2024-03-30 04:44:40,261] {standard_task_runner.py:77} INFO - Job 2348: Subtask bigquery_external_table_task
[2024-03-30 04:44:40,332] {logging_mixin.py:109} INFO - Running <TaskInstance: ingest_data_bigquery.bigquery_external_table_task scheduled__2022-09-02T06:00:00+00:00 [running]> on host 98c5b3fde4c4
[2024-03-30 04:44:40,374] {warnings.py:99} WARNING - /home/***/.local/lib/python3.6/site-packages/***/utils/context.py:152: AirflowContextDeprecationWarning: Accessing 'execution_date' from the template is deprecated and will be removed in a future version. Please use 'data_interval_start' or 'logical_date' instead.
  warnings.warn(_create_deprecation_warning(key, self._deprecation_replacements[key]))

[2024-03-30 04:44:40,399] {taskinstance.py:1426} INFO - Exporting the following env vars:
AIRFLOW_CTX_DAG_OWNER=***
AIRFLOW_CTX_DAG_ID=ingest_data_bigquery
AIRFLOW_CTX_TASK_ID=bigquery_external_table_task
AIRFLOW_CTX_EXECUTION_DATE=2022-09-02T06:00:00+00:00
AIRFLOW_CTX_DAG_RUN_ID=scheduled__2022-09-02T06:00:00+00:00
[2024-03-30 04:44:40,402] {crypto.py:82} WARNING - empty cryptography key - values will not be stored encrypted.
[2024-03-30 04:44:40,410] {warnings.py:99} WARNING - /home/***/.local/lib/python3.6/site-packages/***/providers/google/cloud/hooks/bigquery.py:637: DeprecationWarning: This method is deprecated. Please use `BigQueryHook.create_empty_table` method with passing the `table_resource` object. This gives more flexibility than this method.
  DeprecationWarning,

[2024-03-30 04:44:40,411] {bigquery.py:700} INFO - Creating external table: test_dataset.yellowtaxi_trips
[2024-03-30 04:44:40,706] {bigquery.py:704} INFO - External table created successfully: test_dataset.yellowtaxi_trips
[2024-03-30 04:44:40,719] {taskinstance.py:1277} INFO - Marking task as SUCCESS. dag_id=ingest_data_bigquery, task_id=bigquery_external_table_task, execution_date=20220902T060000, start_date=20240330T044440, end_date=20240330T044440
[2024-03-30 04:44:40,757] {local_task_job.py:154} INFO - Task exited with return code 0
[2024-03-30 04:44:40,790] {local_task_job.py:264} INFO - 0 downstream tasks scheduled from follow-on schedule check
[2024-03-30 05:00:30,841] {taskinstance.py:1032} INFO - Dependencies all met for <TaskInstance: ingest_data_bigquery.bigquery_external_table_task scheduled__2022-09-02T06:00:00+00:00 [queued]>
[2024-03-30 05:00:30,935] {taskinstance.py:1032} INFO - Dependencies all met for <TaskInstance: ingest_data_bigquery.bigquery_external_table_task scheduled__2022-09-02T06:00:00+00:00 [queued]>
[2024-03-30 05:00:30,935] {taskinstance.py:1238} INFO - 
--------------------------------------------------------------------------------
[2024-03-30 05:00:30,936] {taskinstance.py:1239} INFO - Starting attempt 1 of 4
[2024-03-30 05:00:30,936] {taskinstance.py:1240} INFO - 
--------------------------------------------------------------------------------
[2024-03-30 05:00:30,987] {taskinstance.py:1259} INFO - Executing <Task(BigQueryCreateExternalTableOperator): bigquery_external_table_task> on 2022-09-02 06:00:00+00:00
[2024-03-30 05:00:31,006] {standard_task_runner.py:52} INFO - Started process 6930 to run task
[2024-03-30 05:00:31,045] {standard_task_runner.py:76} INFO - Running: ['***', 'tasks', 'run', 'ingest_data_bigquery', 'bigquery_external_table_task', 'scheduled__2022-09-02T06:00:00+00:00', '--job-id', '2481', '--raw', '--subdir', 'DAGS_FOLDER/data_ingestion_gcs_dag.py', '--cfg-path', '/tmp/tmp18c1ojn_', '--error-file', '/tmp/tmpx9e1089q']
[2024-03-30 05:00:31,093] {standard_task_runner.py:77} INFO - Job 2481: Subtask bigquery_external_table_task
[2024-03-30 05:00:31,347] {logging_mixin.py:109} INFO - Running <TaskInstance: ingest_data_bigquery.bigquery_external_table_task scheduled__2022-09-02T06:00:00+00:00 [running]> on host 98c5b3fde4c4
[2024-03-30 05:00:31,477] {warnings.py:99} WARNING - /home/***/.local/lib/python3.6/site-packages/***/utils/context.py:152: AirflowContextDeprecationWarning: Accessing 'execution_date' from the template is deprecated and will be removed in a future version. Please use 'data_interval_start' or 'logical_date' instead.
  warnings.warn(_create_deprecation_warning(key, self._deprecation_replacements[key]))

[2024-03-30 05:00:31,536] {taskinstance.py:1426} INFO - Exporting the following env vars:
AIRFLOW_CTX_DAG_OWNER=***
AIRFLOW_CTX_DAG_ID=ingest_data_bigquery
AIRFLOW_CTX_TASK_ID=bigquery_external_table_task
AIRFLOW_CTX_EXECUTION_DATE=2022-09-02T06:00:00+00:00
AIRFLOW_CTX_DAG_RUN_ID=scheduled__2022-09-02T06:00:00+00:00
[2024-03-30 05:00:31,537] {crypto.py:82} WARNING - empty cryptography key - values will not be stored encrypted.
[2024-03-30 05:00:31,593] {warnings.py:99} WARNING - /home/***/.local/lib/python3.6/site-packages/***/providers/google/cloud/hooks/bigquery.py:637: DeprecationWarning: This method is deprecated. Please use `BigQueryHook.create_empty_table` method with passing the `table_resource` object. This gives more flexibility than this method.
  DeprecationWarning,

[2024-03-30 05:00:31,594] {bigquery.py:700} INFO - Creating external table: test_dataset.yellowtaxi_trips
[2024-03-30 05:00:32,248] {bigquery.py:704} INFO - External table created successfully: test_dataset.yellowtaxi_trips
[2024-03-30 05:00:32,304] {taskinstance.py:1277} INFO - Marking task as SUCCESS. dag_id=ingest_data_bigquery, task_id=bigquery_external_table_task, execution_date=20220902T060000, start_date=20240330T050030, end_date=20240330T050032
[2024-03-30 05:00:32,418] {local_task_job.py:154} INFO - Task exited with return code 0
[2024-03-30 05:00:32,525] {local_task_job.py:264} INFO - 0 downstream tasks scheduled from follow-on schedule check
[2024-03-30 09:03:10,122] {taskinstance.py:1032} INFO - Dependencies all met for <TaskInstance: ingest_data_bigquery.bigquery_external_table_task scheduled__2022-09-02T06:00:00+00:00 [queued]>
[2024-03-30 09:03:10,197] {taskinstance.py:1032} INFO - Dependencies all met for <TaskInstance: ingest_data_bigquery.bigquery_external_table_task scheduled__2022-09-02T06:00:00+00:00 [queued]>
[2024-03-30 09:03:10,198] {taskinstance.py:1238} INFO - 
--------------------------------------------------------------------------------
[2024-03-30 09:03:10,199] {taskinstance.py:1239} INFO - Starting attempt 1 of 4
[2024-03-30 09:03:10,199] {taskinstance.py:1240} INFO - 
--------------------------------------------------------------------------------
[2024-03-30 09:03:10,264] {taskinstance.py:1259} INFO - Executing <Task(BigQueryCreateExternalTableOperator): bigquery_external_table_task> on 2022-09-02 06:00:00+00:00
[2024-03-30 09:03:10,292] {standard_task_runner.py:52} INFO - Started process 18479 to run task
[2024-03-30 09:03:10,408] {standard_task_runner.py:76} INFO - Running: ['***', 'tasks', 'run', 'ingest_data_bigquery', 'bigquery_external_table_task', 'scheduled__2022-09-02T06:00:00+00:00', '--job-id', '2597', '--raw', '--subdir', 'DAGS_FOLDER/data_ingestion_gcs_dag.py', '--cfg-path', '/tmp/tmppxnejym8', '--error-file', '/tmp/tmpl4b8euln']
[2024-03-30 09:03:10,471] {standard_task_runner.py:77} INFO - Job 2597: Subtask bigquery_external_table_task
[2024-03-30 09:03:10,978] {logging_mixin.py:109} INFO - Running <TaskInstance: ingest_data_bigquery.bigquery_external_table_task scheduled__2022-09-02T06:00:00+00:00 [running]> on host 98c5b3fde4c4
[2024-03-30 09:03:11,351] {taskinstance.py:1426} INFO - Exporting the following env vars:
AIRFLOW_CTX_DAG_OWNER=***
AIRFLOW_CTX_DAG_ID=ingest_data_bigquery
AIRFLOW_CTX_TASK_ID=bigquery_external_table_task
AIRFLOW_CTX_EXECUTION_DATE=2022-09-02T06:00:00+00:00
AIRFLOW_CTX_DAG_RUN_ID=scheduled__2022-09-02T06:00:00+00:00
[2024-03-30 09:03:11,372] {crypto.py:82} WARNING - empty cryptography key - values will not be stored encrypted.
[2024-03-30 09:03:11,457] {warnings.py:99} WARNING - /home/***/.local/lib/python3.6/site-packages/***/providers/google/cloud/hooks/bigquery.py:637: DeprecationWarning: This method is deprecated. Please use `BigQueryHook.create_empty_table` method with passing the `table_resource` object. This gives more flexibility than this method.
  DeprecationWarning,

[2024-03-30 09:03:11,467] {bigquery.py:700} INFO - Creating external table: test_dataset.yellowtaxi_trips
[2024-03-30 09:03:12,065] {bigquery.py:704} INFO - External table created successfully: test_dataset.yellowtaxi_trips
[2024-03-30 09:03:12,089] {taskinstance.py:1277} INFO - Marking task as SUCCESS. dag_id=ingest_data_bigquery, task_id=bigquery_external_table_task, execution_date=20220902T060000, start_date=20240330T090310, end_date=20240330T090312
[2024-03-30 09:03:12,202] {local_task_job.py:154} INFO - Task exited with return code 0
[2024-03-30 09:03:12,285] {local_task_job.py:264} INFO - 0 downstream tasks scheduled from follow-on schedule check
[2024-04-30 03:02:14,989] {taskinstance.py:1032} INFO - Dependencies all met for <TaskInstance: ingest_data_bigquery.bigquery_external_table_task scheduled__2022-09-02T06:00:00+00:00 [queued]>
[2024-04-30 03:02:15,066] {taskinstance.py:1032} INFO - Dependencies all met for <TaskInstance: ingest_data_bigquery.bigquery_external_table_task scheduled__2022-09-02T06:00:00+00:00 [queued]>
[2024-04-30 03:02:15,066] {taskinstance.py:1238} INFO - 
--------------------------------------------------------------------------------
[2024-04-30 03:02:15,066] {taskinstance.py:1239} INFO - Starting attempt 1 of 2
[2024-04-30 03:02:15,066] {taskinstance.py:1240} INFO - 
--------------------------------------------------------------------------------
[2024-04-30 03:02:15,146] {taskinstance.py:1259} INFO - Executing <Task(BigQueryCreateExternalTableOperator): bigquery_external_table_task> on 2022-09-02 06:00:00+00:00
[2024-04-30 03:02:15,212] {standard_task_runner.py:76} INFO - Running: ['***', 'tasks', 'run', 'ingest_data_bigquery', 'bigquery_external_table_task', 'scheduled__2022-09-02T06:00:00+00:00', '--job-id', '3203', '--raw', '--subdir', 'DAGS_FOLDER/data_ingestion_gcs_dag.py', '--cfg-path', '/tmp/tmptj1031k5', '--error-file', '/tmp/tmpeujz0egr']
[2024-04-30 03:02:15,238] {standard_task_runner.py:77} INFO - Job 3203: Subtask bigquery_external_table_task
[2024-04-30 03:02:15,187] {standard_task_runner.py:52} INFO - Started process 990 to run task
[2024-04-30 03:02:15,617] {logging_mixin.py:109} INFO - Running <TaskInstance: ingest_data_bigquery.bigquery_external_table_task scheduled__2022-09-02T06:00:00+00:00 [running]> on host 02dc49e0e362
[2024-04-30 03:02:15,943] {taskinstance.py:1426} INFO - Exporting the following env vars:
AIRFLOW_CTX_DAG_OWNER=***
AIRFLOW_CTX_DAG_ID=ingest_data_bigquery
AIRFLOW_CTX_TASK_ID=bigquery_external_table_task
AIRFLOW_CTX_EXECUTION_DATE=2022-09-02T06:00:00+00:00
AIRFLOW_CTX_DAG_RUN_ID=scheduled__2022-09-02T06:00:00+00:00
[2024-04-30 03:02:15,967] {crypto.py:82} WARNING - empty cryptography key - values will not be stored encrypted.
[2024-04-30 03:02:16,045] {warnings.py:99} WARNING - /home/***/.local/lib/python3.6/site-packages/***/providers/google/cloud/hooks/bigquery.py:637: DeprecationWarning: This method is deprecated. Please use `BigQueryHook.create_empty_table` method with passing the `table_resource` object. This gives more flexibility than this method.
  DeprecationWarning,

[2024-04-30 03:02:16,067] {bigquery.py:700} INFO - Creating external table: test_dataset.yellowtaxi_trips
[2024-04-30 03:02:16,472] {bigquery.py:704} INFO - External table created successfully: test_dataset.yellowtaxi_trips
[2024-04-30 03:02:16,570] {taskinstance.py:1277} INFO - Marking task as SUCCESS. dag_id=ingest_data_bigquery, task_id=bigquery_external_table_task, execution_date=20220902T060000, start_date=20240430T030215, end_date=20240430T030216
[2024-04-30 03:02:16,727] {local_task_job.py:154} INFO - Task exited with return code 0
[2024-04-30 03:02:16,834] {local_task_job.py:264} INFO - 0 downstream tasks scheduled from follow-on schedule check
[2024-04-30 04:34:28,443] {taskinstance.py:1032} INFO - Dependencies all met for <TaskInstance: ingest_data_bigquery.bigquery_external_table_task scheduled__2022-09-02T06:00:00+00:00 [queued]>
[2024-04-30 04:34:28,465] {taskinstance.py:1032} INFO - Dependencies all met for <TaskInstance: ingest_data_bigquery.bigquery_external_table_task scheduled__2022-09-02T06:00:00+00:00 [queued]>
[2024-04-30 04:34:28,465] {taskinstance.py:1238} INFO - 
--------------------------------------------------------------------------------
[2024-04-30 04:34:28,465] {taskinstance.py:1239} INFO - Starting attempt 1 of 2
[2024-04-30 04:34:28,466] {taskinstance.py:1240} INFO - 
--------------------------------------------------------------------------------
[2024-04-30 04:34:28,479] {taskinstance.py:1259} INFO - Executing <Task(BigQueryCreateExternalTableOperator): bigquery_external_table_task> on 2022-09-02 06:00:00+00:00
[2024-04-30 04:34:28,493] {standard_task_runner.py:76} INFO - Running: ['***', 'tasks', 'run', 'ingest_data_bigquery', 'bigquery_external_table_task', 'scheduled__2022-09-02T06:00:00+00:00', '--job-id', '3292', '--raw', '--subdir', 'DAGS_FOLDER/data_ingestion_gcs_dag.py', '--cfg-path', '/tmp/tmp46f72z_7', '--error-file', '/tmp/tmp8cuo9czn']
[2024-04-30 04:34:28,488] {standard_task_runner.py:52} INFO - Started process 5660 to run task
[2024-04-30 04:34:28,501] {standard_task_runner.py:77} INFO - Job 3292: Subtask bigquery_external_table_task
[2024-04-30 04:34:28,587] {logging_mixin.py:109} INFO - Running <TaskInstance: ingest_data_bigquery.bigquery_external_table_task scheduled__2022-09-02T06:00:00+00:00 [running]> on host 02dc49e0e362
[2024-04-30 04:34:28,659] {taskinstance.py:1426} INFO - Exporting the following env vars:
AIRFLOW_CTX_DAG_OWNER=***
AIRFLOW_CTX_DAG_ID=ingest_data_bigquery
AIRFLOW_CTX_TASK_ID=bigquery_external_table_task
AIRFLOW_CTX_EXECUTION_DATE=2022-09-02T06:00:00+00:00
AIRFLOW_CTX_DAG_RUN_ID=scheduled__2022-09-02T06:00:00+00:00
[2024-04-30 04:34:28,663] {crypto.py:82} WARNING - empty cryptography key - values will not be stored encrypted.
[2024-04-30 04:34:28,676] {warnings.py:99} WARNING - /home/***/.local/lib/python3.6/site-packages/***/providers/google/cloud/hooks/bigquery.py:637: DeprecationWarning: This method is deprecated. Please use `BigQueryHook.create_empty_table` method with passing the `table_resource` object. This gives more flexibility than this method.
  DeprecationWarning,

[2024-04-30 04:34:28,677] {bigquery.py:700} INFO - Creating external table: test_dataset.yellowtaxi_trips
[2024-04-30 04:34:28,945] {bigquery.py:704} INFO - External table created successfully: test_dataset.yellowtaxi_trips
[2024-04-30 04:34:28,957] {taskinstance.py:1277} INFO - Marking task as SUCCESS. dag_id=ingest_data_bigquery, task_id=bigquery_external_table_task, execution_date=20220902T060000, start_date=20240430T043428, end_date=20240430T043428
[2024-04-30 04:34:29,003] {local_task_job.py:154} INFO - Task exited with return code 0
[2024-04-30 04:34:29,037] {local_task_job.py:264} INFO - 0 downstream tasks scheduled from follow-on schedule check
