[2024-05-19 09:57:44,646] {taskinstance.py:1032} INFO - Dependencies all met for <TaskInstance: ingest_data_bigquery_fhvhv.bigquery_external_table_task scheduled__2019-02-02T06:00:00+00:00 [queued]>
[2024-05-19 09:57:44,655] {taskinstance.py:1032} INFO - Dependencies all met for <TaskInstance: ingest_data_bigquery_fhvhv.bigquery_external_table_task scheduled__2019-02-02T06:00:00+00:00 [queued]>
[2024-05-19 09:57:44,655] {taskinstance.py:1238} INFO - 
--------------------------------------------------------------------------------
[2024-05-19 09:57:44,655] {taskinstance.py:1239} INFO - Starting attempt 1 of 3
[2024-05-19 09:57:44,655] {taskinstance.py:1240} INFO - 
--------------------------------------------------------------------------------
[2024-05-19 09:57:44,666] {taskinstance.py:1259} INFO - Executing <Task(BigQueryCreateExternalTableOperator): bigquery_external_table_task> on 2019-02-02 06:00:00+00:00
[2024-05-19 09:57:44,677] {standard_task_runner.py:76} INFO - Running: ['***', 'tasks', 'run', 'ingest_data_bigquery_fhvhv', 'bigquery_external_table_task', 'scheduled__2019-02-02T06:00:00+00:00', '--job-id', '5550', '--raw', '--subdir', 'DAGS_FOLDER/data_ingestion_gcs_fhvhv_dag.py', '--cfg-path', '/tmp/tmp8mgy5pr4', '--error-file', '/tmp/tmpmdxxymly']
[2024-05-19 09:57:44,681] {standard_task_runner.py:77} INFO - Job 5550: Subtask bigquery_external_table_task
[2024-05-19 09:57:44,675] {standard_task_runner.py:52} INFO - Started process 688 to run task
[2024-05-19 09:57:44,741] {logging_mixin.py:109} INFO - Running <TaskInstance: ingest_data_bigquery_fhvhv.bigquery_external_table_task scheduled__2019-02-02T06:00:00+00:00 [running]> on host 21ddcf4b9b7e
[2024-05-19 09:57:44,803] {taskinstance.py:1426} INFO - Exporting the following env vars:
AIRFLOW_CTX_DAG_OWNER=***
AIRFLOW_CTX_DAG_ID=ingest_data_bigquery_fhvhv
AIRFLOW_CTX_TASK_ID=bigquery_external_table_task
AIRFLOW_CTX_EXECUTION_DATE=2019-02-02T06:00:00+00:00
AIRFLOW_CTX_DAG_RUN_ID=scheduled__2019-02-02T06:00:00+00:00
[2024-05-19 09:57:44,806] {crypto.py:82} WARNING - empty cryptography key - values will not be stored encrypted.
[2024-05-19 09:57:44,814] {warnings.py:99} WARNING - /home/***/.local/lib/python3.6/site-packages/***/providers/google/cloud/hooks/bigquery.py:637: DeprecationWarning: This method is deprecated. Please use `BigQueryHook.create_empty_table` method with passing the `table_resource` object. This gives more flexibility than this method.
  DeprecationWarning,

[2024-05-19 09:57:44,815] {bigquery.py:700} INFO - Creating external table: nyc_tlc_data.fhvhvtaxi_trips
[2024-05-19 09:57:45,354] {bigquery.py:704} INFO - External table created successfully: nyc_tlc_data.fhvhvtaxi_trips
[2024-05-19 09:57:45,368] {taskinstance.py:1277} INFO - Marking task as SUCCESS. dag_id=ingest_data_bigquery_fhvhv, task_id=bigquery_external_table_task, execution_date=20190202T060000, start_date=20240519T095744, end_date=20240519T095745
[2024-05-19 09:57:45,419] {local_task_job.py:154} INFO - Task exited with return code 0
[2024-05-19 09:57:45,458] {local_task_job.py:264} INFO - 0 downstream tasks scheduled from follow-on schedule check
[2024-12-29 13:58:39,063] {taskinstance.py:1032} INFO - Dependencies all met for <TaskInstance: ingest_data_bigquery_fhvhv.bigquery_external_table_task scheduled__2019-02-02T06:00:00+00:00 [queued]>
[2024-12-29 13:58:39,078] {taskinstance.py:1032} INFO - Dependencies all met for <TaskInstance: ingest_data_bigquery_fhvhv.bigquery_external_table_task scheduled__2019-02-02T06:00:00+00:00 [queued]>
[2024-12-29 13:58:39,078] {taskinstance.py:1238} INFO - 
--------------------------------------------------------------------------------
[2024-12-29 13:58:39,078] {taskinstance.py:1239} INFO - Starting attempt 1 of 3
[2024-12-29 13:58:39,078] {taskinstance.py:1240} INFO - 
--------------------------------------------------------------------------------
[2024-12-29 13:58:39,091] {taskinstance.py:1259} INFO - Executing <Task(BigQueryCreateExternalTableOperator): bigquery_external_table_task> on 2019-02-02 06:00:00+00:00
[2024-12-29 13:58:39,097] {standard_task_runner.py:52} INFO - Started process 607 to run task
[2024-12-29 13:58:39,103] {standard_task_runner.py:76} INFO - Running: ['***', 'tasks', 'run', 'ingest_data_bigquery_fhvhv', 'bigquery_external_table_task', 'scheduled__2019-02-02T06:00:00+00:00', '--job-id', '5867', '--raw', '--subdir', 'DAGS_FOLDER/data_ingestion_gcs_fhvhv_dag.py', '--cfg-path', '/tmp/tmpvyzblnba', '--error-file', '/tmp/tmpork6bpdt']
[2024-12-29 13:58:39,109] {standard_task_runner.py:77} INFO - Job 5867: Subtask bigquery_external_table_task
[2024-12-29 13:58:39,177] {logging_mixin.py:109} INFO - Running <TaskInstance: ingest_data_bigquery_fhvhv.bigquery_external_table_task scheduled__2019-02-02T06:00:00+00:00 [running]> on host 4b90d914d43e
[2024-12-29 13:58:39,257] {taskinstance.py:1426} INFO - Exporting the following env vars:
AIRFLOW_CTX_DAG_OWNER=***
AIRFLOW_CTX_DAG_ID=ingest_data_bigquery_fhvhv
AIRFLOW_CTX_TASK_ID=bigquery_external_table_task
AIRFLOW_CTX_EXECUTION_DATE=2019-02-02T06:00:00+00:00
AIRFLOW_CTX_DAG_RUN_ID=scheduled__2019-02-02T06:00:00+00:00
[2024-12-29 13:58:39,263] {crypto.py:82} WARNING - empty cryptography key - values will not be stored encrypted.
[2024-12-29 13:58:39,276] {warnings.py:99} WARNING - /home/***/.local/lib/python3.6/site-packages/***/providers/google/cloud/hooks/bigquery.py:637: DeprecationWarning: This method is deprecated. Please use `BigQueryHook.create_empty_table` method with passing the `table_resource` object. This gives more flexibility than this method.
  DeprecationWarning,

[2024-12-29 13:58:39,277] {bigquery.py:700} INFO - Creating external table: nyc_tlc_data.fhvhvtaxi_trips
[2024-12-29 13:58:39,643] {bigquery.py:704} INFO - External table created successfully: nyc_tlc_data.fhvhvtaxi_trips
[2024-12-29 13:58:39,665] {taskinstance.py:1277} INFO - Marking task as SUCCESS. dag_id=ingest_data_bigquery_fhvhv, task_id=bigquery_external_table_task, execution_date=20190202T060000, start_date=20241229T135839, end_date=20241229T135839
[2024-12-29 13:58:39,728] {local_task_job.py:154} INFO - Task exited with return code 0
[2024-12-29 13:58:39,785] {local_task_job.py:264} INFO - 0 downstream tasks scheduled from follow-on schedule check
[2024-12-31 15:12:57,239] {taskinstance.py:1032} INFO - Dependencies all met for <TaskInstance: ingest_data_bigquery_fhvhv.bigquery_external_table_task scheduled__2019-02-02T06:00:00+00:00 [queued]>
[2024-12-31 15:12:57,253] {taskinstance.py:1032} INFO - Dependencies all met for <TaskInstance: ingest_data_bigquery_fhvhv.bigquery_external_table_task scheduled__2019-02-02T06:00:00+00:00 [queued]>
[2024-12-31 15:12:57,254] {taskinstance.py:1238} INFO - 
--------------------------------------------------------------------------------
[2024-12-31 15:12:57,254] {taskinstance.py:1239} INFO - Starting attempt 1 of 3
[2024-12-31 15:12:57,254] {taskinstance.py:1240} INFO - 
--------------------------------------------------------------------------------
[2024-12-31 15:12:57,266] {taskinstance.py:1259} INFO - Executing <Task(BigQueryCreateExternalTableOperator): bigquery_external_table_task> on 2019-02-02 06:00:00+00:00
[2024-12-31 15:12:57,279] {standard_task_runner.py:76} INFO - Running: ['***', 'tasks', 'run', 'ingest_data_bigquery_fhvhv', 'bigquery_external_table_task', 'scheduled__2019-02-02T06:00:00+00:00', '--job-id', '6136', '--raw', '--subdir', 'DAGS_FOLDER/data_ingestion_gcs_fhvhv_dag.py', '--cfg-path', '/tmp/tmp045mabjc', '--error-file', '/tmp/tmp1460f856']
[2024-12-31 15:12:57,273] {standard_task_runner.py:52} INFO - Started process 4091 to run task
[2024-12-31 15:12:57,285] {standard_task_runner.py:77} INFO - Job 6136: Subtask bigquery_external_table_task
[2024-12-31 15:12:57,351] {logging_mixin.py:109} INFO - Running <TaskInstance: ingest_data_bigquery_fhvhv.bigquery_external_table_task scheduled__2019-02-02T06:00:00+00:00 [running]> on host 32dbdd895fc9
[2024-12-31 15:12:57,411] {taskinstance.py:1426} INFO - Exporting the following env vars:
AIRFLOW_CTX_DAG_OWNER=***
AIRFLOW_CTX_DAG_ID=ingest_data_bigquery_fhvhv
AIRFLOW_CTX_TASK_ID=bigquery_external_table_task
AIRFLOW_CTX_EXECUTION_DATE=2019-02-02T06:00:00+00:00
AIRFLOW_CTX_DAG_RUN_ID=scheduled__2019-02-02T06:00:00+00:00
[2024-12-31 15:12:57,414] {crypto.py:82} WARNING - empty cryptography key - values will not be stored encrypted.
[2024-12-31 15:12:57,424] {warnings.py:99} WARNING - /home/***/.local/lib/python3.6/site-packages/***/providers/google/cloud/hooks/bigquery.py:637: DeprecationWarning: This method is deprecated. Please use `BigQueryHook.create_empty_table` method with passing the `table_resource` object. This gives more flexibility than this method.
  DeprecationWarning,

[2024-12-31 15:12:57,425] {bigquery.py:700} INFO - Creating external table: nyc_tlc_data.fhvhvtaxi_trips
[2024-12-31 15:12:57,677] {bigquery.py:704} INFO - External table created successfully: nyc_tlc_data.fhvhvtaxi_trips
[2024-12-31 15:12:57,690] {taskinstance.py:1277} INFO - Marking task as SUCCESS. dag_id=ingest_data_bigquery_fhvhv, task_id=bigquery_external_table_task, execution_date=20190202T060000, start_date=20241231T151257, end_date=20241231T151257
[2024-12-31 15:12:57,742] {local_task_job.py:154} INFO - Task exited with return code 0
[2024-12-31 15:12:57,775] {local_task_job.py:264} INFO - 0 downstream tasks scheduled from follow-on schedule check
[2024-12-31 15:26:54,629] {taskinstance.py:1032} INFO - Dependencies all met for <TaskInstance: ingest_data_bigquery_fhvhv.bigquery_external_table_task scheduled__2019-02-02T06:00:00+00:00 [queued]>
[2024-12-31 15:26:54,646] {taskinstance.py:1032} INFO - Dependencies all met for <TaskInstance: ingest_data_bigquery_fhvhv.bigquery_external_table_task scheduled__2019-02-02T06:00:00+00:00 [queued]>
[2024-12-31 15:26:54,646] {taskinstance.py:1238} INFO - 
--------------------------------------------------------------------------------
[2024-12-31 15:26:54,646] {taskinstance.py:1239} INFO - Starting attempt 1 of 3
[2024-12-31 15:26:54,647] {taskinstance.py:1240} INFO - 
--------------------------------------------------------------------------------
[2024-12-31 15:26:54,661] {taskinstance.py:1259} INFO - Executing <Task(BigQueryCreateExternalTableOperator): bigquery_external_table_task> on 2019-02-02 06:00:00+00:00
[2024-12-31 15:26:54,673] {standard_task_runner.py:76} INFO - Running: ['***', 'tasks', 'run', 'ingest_data_bigquery_fhvhv', 'bigquery_external_table_task', 'scheduled__2019-02-02T06:00:00+00:00', '--job-id', '6140', '--raw', '--subdir', 'DAGS_FOLDER/data_ingestion_gcs_fhvhv_dag.py', '--cfg-path', '/tmp/tmpjhs_4a0j', '--error-file', '/tmp/tmprmbfck4z']
[2024-12-31 15:26:54,669] {standard_task_runner.py:52} INFO - Started process 4751 to run task
[2024-12-31 15:26:54,678] {standard_task_runner.py:77} INFO - Job 6140: Subtask bigquery_external_table_task
[2024-12-31 15:26:54,742] {logging_mixin.py:109} INFO - Running <TaskInstance: ingest_data_bigquery_fhvhv.bigquery_external_table_task scheduled__2019-02-02T06:00:00+00:00 [running]> on host 32dbdd895fc9
[2024-12-31 15:26:54,795] {taskinstance.py:1426} INFO - Exporting the following env vars:
AIRFLOW_CTX_DAG_OWNER=***
AIRFLOW_CTX_DAG_ID=ingest_data_bigquery_fhvhv
AIRFLOW_CTX_TASK_ID=bigquery_external_table_task
AIRFLOW_CTX_EXECUTION_DATE=2019-02-02T06:00:00+00:00
AIRFLOW_CTX_DAG_RUN_ID=scheduled__2019-02-02T06:00:00+00:00
[2024-12-31 15:26:54,799] {crypto.py:82} WARNING - empty cryptography key - values will not be stored encrypted.
[2024-12-31 15:26:54,809] {warnings.py:99} WARNING - /home/***/.local/lib/python3.6/site-packages/***/providers/google/cloud/hooks/bigquery.py:637: DeprecationWarning: This method is deprecated. Please use `BigQueryHook.create_empty_table` method with passing the `table_resource` object. This gives more flexibility than this method.
  DeprecationWarning,

[2024-12-31 15:26:54,810] {bigquery.py:700} INFO - Creating external table: nyc_tlc_data.fhvhvtaxi_trips
[2024-12-31 15:26:55,028] {bigquery.py:704} INFO - External table created successfully: nyc_tlc_data.fhvhvtaxi_trips
[2024-12-31 15:26:55,044] {taskinstance.py:1277} INFO - Marking task as SUCCESS. dag_id=ingest_data_bigquery_fhvhv, task_id=bigquery_external_table_task, execution_date=20190202T060000, start_date=20241231T152654, end_date=20241231T152655
[2024-12-31 15:26:55,093] {local_task_job.py:154} INFO - Task exited with return code 0
[2024-12-31 15:26:55,133] {local_task_job.py:264} INFO - 0 downstream tasks scheduled from follow-on schedule check
[2025-01-01 04:41:43,629] {taskinstance.py:1032} INFO - Dependencies all met for <TaskInstance: ingest_data_bigquery_fhvhv.bigquery_external_table_task scheduled__2019-02-02T06:00:00+00:00 [queued]>
[2025-01-01 04:41:43,646] {taskinstance.py:1032} INFO - Dependencies all met for <TaskInstance: ingest_data_bigquery_fhvhv.bigquery_external_table_task scheduled__2019-02-02T06:00:00+00:00 [queued]>
[2025-01-01 04:41:43,647] {taskinstance.py:1238} INFO - 
--------------------------------------------------------------------------------
[2025-01-01 04:41:43,647] {taskinstance.py:1239} INFO - Starting attempt 1 of 3
[2025-01-01 04:41:43,647] {taskinstance.py:1240} INFO - 
--------------------------------------------------------------------------------
[2025-01-01 04:41:43,659] {taskinstance.py:1259} INFO - Executing <Task(BigQueryCreateExternalTableOperator): bigquery_external_table_task> on 2019-02-02 06:00:00+00:00
[2025-01-01 04:41:43,666] {standard_task_runner.py:52} INFO - Started process 2678 to run task
[2025-01-01 04:41:43,673] {standard_task_runner.py:76} INFO - Running: ['***', 'tasks', 'run', 'ingest_data_bigquery_fhvhv', 'bigquery_external_table_task', 'scheduled__2019-02-02T06:00:00+00:00', '--job-id', '6168', '--raw', '--subdir', 'DAGS_FOLDER/data_ingestion_gcs_fhvhv_dag.py', '--cfg-path', '/tmp/tmpinf8de9p', '--error-file', '/tmp/tmpdqafyha3']
[2025-01-01 04:41:43,679] {standard_task_runner.py:77} INFO - Job 6168: Subtask bigquery_external_table_task
[2025-01-01 04:41:43,753] {logging_mixin.py:109} INFO - Running <TaskInstance: ingest_data_bigquery_fhvhv.bigquery_external_table_task scheduled__2019-02-02T06:00:00+00:00 [running]> on host 4228b0d90dbc
[2025-01-01 04:41:43,832] {taskinstance.py:1426} INFO - Exporting the following env vars:
AIRFLOW_CTX_DAG_OWNER=***
AIRFLOW_CTX_DAG_ID=ingest_data_bigquery_fhvhv
AIRFLOW_CTX_TASK_ID=bigquery_external_table_task
AIRFLOW_CTX_EXECUTION_DATE=2019-02-02T06:00:00+00:00
AIRFLOW_CTX_DAG_RUN_ID=scheduled__2019-02-02T06:00:00+00:00
[2025-01-01 04:41:43,836] {crypto.py:82} WARNING - empty cryptography key - values will not be stored encrypted.
[2025-01-01 04:41:43,851] {warnings.py:99} WARNING - /home/***/.local/lib/python3.6/site-packages/***/providers/google/cloud/hooks/bigquery.py:637: DeprecationWarning: This method is deprecated. Please use `BigQueryHook.create_empty_table` method with passing the `table_resource` object. This gives more flexibility than this method.
  DeprecationWarning,

[2025-01-01 04:41:43,853] {bigquery.py:700} INFO - Creating external table: nyc_tlc_data.fhvhvtaxi_trips
[2025-01-01 04:41:44,067] {bigquery.py:704} INFO - External table created successfully: nyc_tlc_data.fhvhvtaxi_trips
[2025-01-01 04:41:44,080] {taskinstance.py:1277} INFO - Marking task as SUCCESS. dag_id=ingest_data_bigquery_fhvhv, task_id=bigquery_external_table_task, execution_date=20190202T060000, start_date=20250101T044143, end_date=20250101T044144
[2025-01-01 04:41:44,134] {local_task_job.py:154} INFO - Task exited with return code 0
[2025-01-01 04:41:44,170] {local_task_job.py:264} INFO - 0 downstream tasks scheduled from follow-on schedule check
[2025-01-01 11:00:15,426] {taskinstance.py:1032} INFO - Dependencies all met for <TaskInstance: ingest_data_bigquery_fhvhv.bigquery_external_table_task scheduled__2019-02-02T06:00:00+00:00 [queued]>
[2025-01-01 11:00:15,446] {taskinstance.py:1032} INFO - Dependencies all met for <TaskInstance: ingest_data_bigquery_fhvhv.bigquery_external_table_task scheduled__2019-02-02T06:00:00+00:00 [queued]>
[2025-01-01 11:00:15,446] {taskinstance.py:1238} INFO - 
--------------------------------------------------------------------------------
[2025-01-01 11:00:15,446] {taskinstance.py:1239} INFO - Starting attempt 1 of 3
[2025-01-01 11:00:15,446] {taskinstance.py:1240} INFO - 
--------------------------------------------------------------------------------
[2025-01-01 11:00:15,461] {taskinstance.py:1259} INFO - Executing <Task(BigQueryCreateExternalTableOperator): bigquery_external_table_task> on 2019-02-02 06:00:00+00:00
[2025-01-01 11:00:15,472] {standard_task_runner.py:52} INFO - Started process 4817 to run task
[2025-01-01 11:00:15,479] {standard_task_runner.py:76} INFO - Running: ['***', 'tasks', 'run', 'ingest_data_bigquery_fhvhv', 'bigquery_external_table_task', 'scheduled__2019-02-02T06:00:00+00:00', '--job-id', '6275', '--raw', '--subdir', 'DAGS_FOLDER/data_ingestion_gcs_fhvhv_dag.py', '--cfg-path', '/tmp/tmp3v6uzurh', '--error-file', '/tmp/tmpr8or6oxd']
[2025-01-01 11:00:15,485] {standard_task_runner.py:77} INFO - Job 6275: Subtask bigquery_external_table_task
[2025-01-01 11:00:15,564] {logging_mixin.py:109} INFO - Running <TaskInstance: ingest_data_bigquery_fhvhv.bigquery_external_table_task scheduled__2019-02-02T06:00:00+00:00 [running]> on host b9549a156c09
[2025-01-01 11:00:15,637] {taskinstance.py:1426} INFO - Exporting the following env vars:
AIRFLOW_CTX_DAG_OWNER=***
AIRFLOW_CTX_DAG_ID=ingest_data_bigquery_fhvhv
AIRFLOW_CTX_TASK_ID=bigquery_external_table_task
AIRFLOW_CTX_EXECUTION_DATE=2019-02-02T06:00:00+00:00
AIRFLOW_CTX_DAG_RUN_ID=scheduled__2019-02-02T06:00:00+00:00
[2025-01-01 11:00:15,642] {crypto.py:82} WARNING - empty cryptography key - values will not be stored encrypted.
[2025-01-01 11:00:15,653] {warnings.py:99} WARNING - /home/***/.local/lib/python3.6/site-packages/***/providers/google/cloud/hooks/bigquery.py:637: DeprecationWarning: This method is deprecated. Please use `BigQueryHook.create_empty_table` method with passing the `table_resource` object. This gives more flexibility than this method.
  DeprecationWarning,

[2025-01-01 11:00:15,654] {bigquery.py:700} INFO - Creating external table: nyc_tlc_data.fhvhvtaxi_trips
[2025-01-01 11:00:15,865] {bigquery.py:704} INFO - External table created successfully: nyc_tlc_data.fhvhvtaxi_trips
[2025-01-01 11:00:15,880] {taskinstance.py:1277} INFO - Marking task as SUCCESS. dag_id=ingest_data_bigquery_fhvhv, task_id=bigquery_external_table_task, execution_date=20190202T060000, start_date=20250101T110015, end_date=20250101T110015
[2025-01-01 11:00:15,942] {local_task_job.py:154} INFO - Task exited with return code 0
[2025-01-01 11:00:15,982] {local_task_job.py:264} INFO - 0 downstream tasks scheduled from follow-on schedule check
[2025-01-01 11:09:48,244] {taskinstance.py:1032} INFO - Dependencies all met for <TaskInstance: ingest_data_bigquery_fhvhv.bigquery_external_table_task scheduled__2019-02-02T06:00:00+00:00 [queued]>
[2025-01-01 11:09:48,265] {taskinstance.py:1032} INFO - Dependencies all met for <TaskInstance: ingest_data_bigquery_fhvhv.bigquery_external_table_task scheduled__2019-02-02T06:00:00+00:00 [queued]>
[2025-01-01 11:09:48,265] {taskinstance.py:1238} INFO - 
--------------------------------------------------------------------------------
[2025-01-01 11:09:48,266] {taskinstance.py:1239} INFO - Starting attempt 1 of 3
[2025-01-01 11:09:48,266] {taskinstance.py:1240} INFO - 
--------------------------------------------------------------------------------
[2025-01-01 11:09:48,283] {taskinstance.py:1259} INFO - Executing <Task(BigQueryCreateExternalTableOperator): bigquery_external_table_task> on 2019-02-02 06:00:00+00:00
[2025-01-01 11:09:48,295] {standard_task_runner.py:52} INFO - Started process 5273 to run task
[2025-01-01 11:09:48,301] {standard_task_runner.py:76} INFO - Running: ['***', 'tasks', 'run', 'ingest_data_bigquery_fhvhv', 'bigquery_external_table_task', 'scheduled__2019-02-02T06:00:00+00:00', '--job-id', '6281', '--raw', '--subdir', 'DAGS_FOLDER/data_ingestion_gcs_fhvhv_dag.py', '--cfg-path', '/tmp/tmp6d7yaoce', '--error-file', '/tmp/tmp918oykcy']
[2025-01-01 11:09:48,308] {standard_task_runner.py:77} INFO - Job 6281: Subtask bigquery_external_table_task
[2025-01-01 11:09:48,404] {logging_mixin.py:109} INFO - Running <TaskInstance: ingest_data_bigquery_fhvhv.bigquery_external_table_task scheduled__2019-02-02T06:00:00+00:00 [running]> on host b9549a156c09
[2025-01-01 11:09:48,492] {taskinstance.py:1426} INFO - Exporting the following env vars:
AIRFLOW_CTX_DAG_OWNER=***
AIRFLOW_CTX_DAG_ID=ingest_data_bigquery_fhvhv
AIRFLOW_CTX_TASK_ID=bigquery_external_table_task
AIRFLOW_CTX_EXECUTION_DATE=2019-02-02T06:00:00+00:00
AIRFLOW_CTX_DAG_RUN_ID=scheduled__2019-02-02T06:00:00+00:00
[2025-01-01 11:09:48,497] {crypto.py:82} WARNING - empty cryptography key - values will not be stored encrypted.
[2025-01-01 11:09:48,511] {warnings.py:99} WARNING - /home/***/.local/lib/python3.6/site-packages/***/providers/google/cloud/hooks/bigquery.py:637: DeprecationWarning: This method is deprecated. Please use `BigQueryHook.create_empty_table` method with passing the `table_resource` object. This gives more flexibility than this method.
  DeprecationWarning,

[2025-01-01 11:09:48,513] {bigquery.py:700} INFO - Creating external table: nyc_tlc_data.fhvhvtaxi_trips
[2025-01-01 11:09:48,725] {bigquery.py:704} INFO - External table created successfully: nyc_tlc_data.fhvhvtaxi_trips
[2025-01-01 11:09:48,740] {taskinstance.py:1277} INFO - Marking task as SUCCESS. dag_id=ingest_data_bigquery_fhvhv, task_id=bigquery_external_table_task, execution_date=20190202T060000, start_date=20250101T110948, end_date=20250101T110948
[2025-01-01 11:09:48,765] {local_task_job.py:154} INFO - Task exited with return code 0
[2025-01-01 11:09:48,805] {local_task_job.py:264} INFO - 0 downstream tasks scheduled from follow-on schedule check
