[2024-12-29 16:00:59,663] {taskinstance.py:1032} INFO - Dependencies all met for <TaskInstance: ingest_data_bigquery_fhvhv.bigquery_external_table_task scheduled__2019-11-02T06:00:00+00:00 [queued]>
[2024-12-29 16:00:59,675] {taskinstance.py:1032} INFO - Dependencies all met for <TaskInstance: ingest_data_bigquery_fhvhv.bigquery_external_table_task scheduled__2019-11-02T06:00:00+00:00 [queued]>
[2024-12-29 16:00:59,675] {taskinstance.py:1238} INFO - 
--------------------------------------------------------------------------------
[2024-12-29 16:00:59,675] {taskinstance.py:1239} INFO - Starting attempt 1 of 3
[2024-12-29 16:00:59,675] {taskinstance.py:1240} INFO - 
--------------------------------------------------------------------------------
[2024-12-29 16:00:59,686] {taskinstance.py:1259} INFO - Executing <Task(BigQueryCreateExternalTableOperator): bigquery_external_table_task> on 2019-11-02 06:00:00+00:00
[2024-12-29 16:00:59,694] {standard_task_runner.py:52} INFO - Started process 1192 to run task
[2024-12-29 16:00:59,700] {standard_task_runner.py:76} INFO - Running: ['***', 'tasks', 'run', 'ingest_data_bigquery_fhvhv', 'bigquery_external_table_task', 'scheduled__2019-11-02T06:00:00+00:00', '--job-id', '6041', '--raw', '--subdir', 'DAGS_FOLDER/data_ingestion_gcs_fhvhv_dag.py', '--cfg-path', '/tmp/tmpkflfbca_', '--error-file', '/tmp/tmp_8dvuoaz']
[2024-12-29 16:00:59,706] {standard_task_runner.py:77} INFO - Job 6041: Subtask bigquery_external_table_task
[2024-12-29 16:00:59,778] {logging_mixin.py:109} INFO - Running <TaskInstance: ingest_data_bigquery_fhvhv.bigquery_external_table_task scheduled__2019-11-02T06:00:00+00:00 [running]> on host 0c347e2f1967
[2024-12-29 16:00:59,838] {taskinstance.py:1426} INFO - Exporting the following env vars:
AIRFLOW_CTX_DAG_OWNER=***
AIRFLOW_CTX_DAG_ID=ingest_data_bigquery_fhvhv
AIRFLOW_CTX_TASK_ID=bigquery_external_table_task
AIRFLOW_CTX_EXECUTION_DATE=2019-11-02T06:00:00+00:00
AIRFLOW_CTX_DAG_RUN_ID=scheduled__2019-11-02T06:00:00+00:00
[2024-12-29 16:00:59,843] {crypto.py:82} WARNING - empty cryptography key - values will not be stored encrypted.
[2024-12-29 16:00:59,851] {warnings.py:99} WARNING - /home/***/.local/lib/python3.6/site-packages/***/providers/google/cloud/hooks/bigquery.py:637: DeprecationWarning: This method is deprecated. Please use `BigQueryHook.create_empty_table` method with passing the `table_resource` object. This gives more flexibility than this method.
  DeprecationWarning,

[2024-12-29 16:00:59,852] {bigquery.py:700} INFO - Creating external table: nyc_tlc_data.fhvhvtaxi_trips
[2024-12-29 16:01:00,129] {bigquery.py:704} INFO - External table created successfully: nyc_tlc_data.fhvhvtaxi_trips
[2024-12-29 16:01:00,148] {taskinstance.py:1277} INFO - Marking task as SUCCESS. dag_id=ingest_data_bigquery_fhvhv, task_id=bigquery_external_table_task, execution_date=20191102T060000, start_date=20241229T160059, end_date=20241229T160100
[2024-12-29 16:01:00,203] {local_task_job.py:154} INFO - Task exited with return code 0
[2024-12-29 16:01:00,248] {local_task_job.py:264} INFO - 0 downstream tasks scheduled from follow-on schedule check
[2025-01-01 04:58:01,627] {taskinstance.py:1032} INFO - Dependencies all met for <TaskInstance: ingest_data_bigquery_fhvhv.bigquery_external_table_task scheduled__2019-11-02T06:00:00+00:00 [queued]>
[2025-01-01 04:58:01,645] {taskinstance.py:1032} INFO - Dependencies all met for <TaskInstance: ingest_data_bigquery_fhvhv.bigquery_external_table_task scheduled__2019-11-02T06:00:00+00:00 [queued]>
[2025-01-01 04:58:01,645] {taskinstance.py:1238} INFO - 
--------------------------------------------------------------------------------
[2025-01-01 04:58:01,645] {taskinstance.py:1239} INFO - Starting attempt 1 of 3
[2025-01-01 04:58:01,645] {taskinstance.py:1240} INFO - 
--------------------------------------------------------------------------------
[2025-01-01 04:58:01,664] {taskinstance.py:1259} INFO - Executing <Task(BigQueryCreateExternalTableOperator): bigquery_external_table_task> on 2019-11-02 06:00:00+00:00
[2025-01-01 04:58:01,673] {standard_task_runner.py:52} INFO - Started process 3622 to run task
[2025-01-01 04:58:01,688] {standard_task_runner.py:76} INFO - Running: ['***', 'tasks', 'run', 'ingest_data_bigquery_fhvhv', 'bigquery_external_table_task', 'scheduled__2019-11-02T06:00:00+00:00', '--job-id', '6195', '--raw', '--subdir', 'DAGS_FOLDER/data_ingestion_gcs_fhvhv_dag.py', '--cfg-path', '/tmp/tmporzq8xu5', '--error-file', '/tmp/tmp7blz1t36']
[2025-01-01 04:58:01,693] {standard_task_runner.py:77} INFO - Job 6195: Subtask bigquery_external_table_task
[2025-01-01 04:58:01,774] {logging_mixin.py:109} INFO - Running <TaskInstance: ingest_data_bigquery_fhvhv.bigquery_external_table_task scheduled__2019-11-02T06:00:00+00:00 [running]> on host 4228b0d90dbc
[2025-01-01 04:58:01,848] {taskinstance.py:1426} INFO - Exporting the following env vars:
AIRFLOW_CTX_DAG_OWNER=***
AIRFLOW_CTX_DAG_ID=ingest_data_bigquery_fhvhv
AIRFLOW_CTX_TASK_ID=bigquery_external_table_task
AIRFLOW_CTX_EXECUTION_DATE=2019-11-02T06:00:00+00:00
AIRFLOW_CTX_DAG_RUN_ID=scheduled__2019-11-02T06:00:00+00:00
[2025-01-01 04:58:01,851] {crypto.py:82} WARNING - empty cryptography key - values will not be stored encrypted.
[2025-01-01 04:58:01,860] {warnings.py:99} WARNING - /home/***/.local/lib/python3.6/site-packages/***/providers/google/cloud/hooks/bigquery.py:637: DeprecationWarning: This method is deprecated. Please use `BigQueryHook.create_empty_table` method with passing the `table_resource` object. This gives more flexibility than this method.
  DeprecationWarning,

[2025-01-01 04:58:01,862] {bigquery.py:700} INFO - Creating external table: nyc_tlc_data.fhvhvtaxi_trips
[2025-01-01 04:58:02,123] {bigquery.py:704} INFO - External table created successfully: nyc_tlc_data.fhvhvtaxi_trips
[2025-01-01 04:58:02,142] {taskinstance.py:1277} INFO - Marking task as SUCCESS. dag_id=ingest_data_bigquery_fhvhv, task_id=bigquery_external_table_task, execution_date=20191102T060000, start_date=20250101T045801, end_date=20250101T045802
[2025-01-01 04:58:02,183] {local_task_job.py:154} INFO - Task exited with return code 0
[2025-01-01 04:58:02,225] {local_task_job.py:264} INFO - 0 downstream tasks scheduled from follow-on schedule check
[2025-01-01 11:36:33,773] {taskinstance.py:1032} INFO - Dependencies all met for <TaskInstance: ingest_data_bigquery_fhvhv.bigquery_external_table_task scheduled__2019-11-02T06:00:00+00:00 [queued]>
[2025-01-01 11:36:33,790] {taskinstance.py:1032} INFO - Dependencies all met for <TaskInstance: ingest_data_bigquery_fhvhv.bigquery_external_table_task scheduled__2019-11-02T06:00:00+00:00 [queued]>
[2025-01-01 11:36:33,790] {taskinstance.py:1238} INFO - 
--------------------------------------------------------------------------------
[2025-01-01 11:36:33,790] {taskinstance.py:1239} INFO - Starting attempt 1 of 3
[2025-01-01 11:36:33,790] {taskinstance.py:1240} INFO - 
--------------------------------------------------------------------------------
[2025-01-01 11:36:33,803] {taskinstance.py:1259} INFO - Executing <Task(BigQueryCreateExternalTableOperator): bigquery_external_table_task> on 2019-11-02 06:00:00+00:00
[2025-01-01 11:36:33,813] {standard_task_runner.py:52} INFO - Started process 6666 to run task
[2025-01-01 11:36:33,820] {standard_task_runner.py:76} INFO - Running: ['***', 'tasks', 'run', 'ingest_data_bigquery_fhvhv', 'bigquery_external_table_task', 'scheduled__2019-11-02T06:00:00+00:00', '--job-id', '6311', '--raw', '--subdir', 'DAGS_FOLDER/data_ingestion_gcs_fhvhv_dag.py', '--cfg-path', '/tmp/tmpmf9vsvg1', '--error-file', '/tmp/tmpfwgcpajt']
[2025-01-01 11:36:33,826] {standard_task_runner.py:77} INFO - Job 6311: Subtask bigquery_external_table_task
[2025-01-01 11:36:33,921] {logging_mixin.py:109} INFO - Running <TaskInstance: ingest_data_bigquery_fhvhv.bigquery_external_table_task scheduled__2019-11-02T06:00:00+00:00 [running]> on host b9549a156c09
[2025-01-01 11:36:34,012] {taskinstance.py:1426} INFO - Exporting the following env vars:
AIRFLOW_CTX_DAG_OWNER=***
AIRFLOW_CTX_DAG_ID=ingest_data_bigquery_fhvhv
AIRFLOW_CTX_TASK_ID=bigquery_external_table_task
AIRFLOW_CTX_EXECUTION_DATE=2019-11-02T06:00:00+00:00
AIRFLOW_CTX_DAG_RUN_ID=scheduled__2019-11-02T06:00:00+00:00
[2025-01-01 11:36:34,017] {crypto.py:82} WARNING - empty cryptography key - values will not be stored encrypted.
[2025-01-01 11:36:34,027] {warnings.py:99} WARNING - /home/***/.local/lib/python3.6/site-packages/***/providers/google/cloud/hooks/bigquery.py:637: DeprecationWarning: This method is deprecated. Please use `BigQueryHook.create_empty_table` method with passing the `table_resource` object. This gives more flexibility than this method.
  DeprecationWarning,

[2025-01-01 11:36:34,028] {bigquery.py:700} INFO - Creating external table: nyc_tlc_data.fhvhvtaxi_trips
[2025-01-01 11:36:34,362] {bigquery.py:704} INFO - External table created successfully: nyc_tlc_data.fhvhvtaxi_trips
[2025-01-01 11:36:34,383] {taskinstance.py:1277} INFO - Marking task as SUCCESS. dag_id=ingest_data_bigquery_fhvhv, task_id=bigquery_external_table_task, execution_date=20191102T060000, start_date=20250101T113633, end_date=20250101T113634
[2025-01-01 11:36:34,448] {local_task_job.py:154} INFO - Task exited with return code 0
[2025-01-01 11:36:34,488] {local_task_job.py:264} INFO - 0 downstream tasks scheduled from follow-on schedule check
