[2024-05-18 12:22:55,362] {taskinstance.py:1032} INFO - Dependencies all met for <TaskInstance: ingest_data_bigquery_fhv.local_to_gcs_task scheduled__2019-09-02T06:00:00+00:00 [queued]>
[2024-05-18 12:22:55,531] {taskinstance.py:1032} INFO - Dependencies all met for <TaskInstance: ingest_data_bigquery_fhv.local_to_gcs_task scheduled__2019-09-02T06:00:00+00:00 [queued]>
[2024-05-18 12:22:55,537] {taskinstance.py:1238} INFO - 
--------------------------------------------------------------------------------
[2024-05-18 12:22:55,538] {taskinstance.py:1239} INFO - Starting attempt 1 of 3
[2024-05-18 12:22:55,543] {taskinstance.py:1240} INFO - 
--------------------------------------------------------------------------------
[2024-05-18 12:22:55,680] {taskinstance.py:1259} INFO - Executing <Task(PythonOperator): local_to_gcs_task> on 2019-09-02 06:00:00+00:00
[2024-05-18 12:22:55,913] {standard_task_runner.py:76} INFO - Running: ['***', 'tasks', 'run', 'ingest_data_bigquery_fhv', 'local_to_gcs_task', 'scheduled__2019-09-02T06:00:00+00:00', '--job-id', '5027', '--raw', '--subdir', 'DAGS_FOLDER/data_ingestion_gcs_fhv_dag .py', '--cfg-path', '/tmp/tmpibt4k8wo', '--error-file', '/tmp/tmp1g3ufxxj']
[2024-05-18 12:22:56,060] {standard_task_runner.py:77} INFO - Job 5027: Subtask local_to_gcs_task
[2024-05-18 12:22:55,791] {standard_task_runner.py:52} INFO - Started process 5152 to run task
[2024-05-18 12:22:56,739] {logging_mixin.py:109} INFO - Running <TaskInstance: ingest_data_bigquery_fhv.local_to_gcs_task scheduled__2019-09-02T06:00:00+00:00 [running]> on host 45b18388e83d
[2024-05-18 12:22:57,182] {warnings.py:99} WARNING - /home/***/.local/lib/python3.6/site-packages/***/utils/context.py:152: AirflowContextDeprecationWarning: Accessing 'execution_date' from the template is deprecated and will be removed in a future version. Please use 'data_interval_start' or 'logical_date' instead.
  warnings.warn(_create_deprecation_warning(key, self._deprecation_replacements[key]))

[2024-05-18 12:22:57,546] {taskinstance.py:1426} INFO - Exporting the following env vars:
AIRFLOW_CTX_DAG_OWNER=***
AIRFLOW_CTX_DAG_ID=ingest_data_bigquery_fhv
AIRFLOW_CTX_TASK_ID=local_to_gcs_task
AIRFLOW_CTX_EXECUTION_DATE=2019-09-02T06:00:00+00:00
AIRFLOW_CTX_DAG_RUN_ID=scheduled__2019-09-02T06:00:00+00:00
[2024-05-18 12:23:32,029] {python.py:175} INFO - Done. Returned value was: None
[2024-05-18 12:23:32,315] {taskinstance.py:1277} INFO - Marking task as SUCCESS. dag_id=ingest_data_bigquery_fhv, task_id=local_to_gcs_task, execution_date=20190902T060000, start_date=20240518T122255, end_date=20240518T122332
[2024-05-18 12:23:32,528] {local_task_job.py:154} INFO - Task exited with return code 0
[2024-05-18 12:23:32,595] {local_task_job.py:264} INFO - 1 downstream tasks scheduled from follow-on schedule check
[2024-05-18 12:49:18,736] {taskinstance.py:1032} INFO - Dependencies all met for <TaskInstance: ingest_data_bigquery_fhv.local_to_gcs_task scheduled__2019-09-02T06:00:00+00:00 [queued]>
[2024-05-18 12:49:18,803] {taskinstance.py:1032} INFO - Dependencies all met for <TaskInstance: ingest_data_bigquery_fhv.local_to_gcs_task scheduled__2019-09-02T06:00:00+00:00 [queued]>
[2024-05-18 12:49:18,805] {taskinstance.py:1238} INFO - 
--------------------------------------------------------------------------------
[2024-05-18 12:49:18,806] {taskinstance.py:1239} INFO - Starting attempt 1 of 3
[2024-05-18 12:49:18,806] {taskinstance.py:1240} INFO - 
--------------------------------------------------------------------------------
[2024-05-18 12:49:18,839] {taskinstance.py:1259} INFO - Executing <Task(PythonOperator): local_to_gcs_task> on 2019-09-02 06:00:00+00:00
[2024-05-18 12:49:18,876] {standard_task_runner.py:52} INFO - Started process 6860 to run task
[2024-05-18 12:49:18,891] {standard_task_runner.py:76} INFO - Running: ['***', 'tasks', 'run', 'ingest_data_bigquery_fhv', 'local_to_gcs_task', 'scheduled__2019-09-02T06:00:00+00:00', '--job-id', '5137', '--raw', '--subdir', 'DAGS_FOLDER/data_ingestion_gcs_fhv_dag .py', '--cfg-path', '/tmp/tmp5axzftc_', '--error-file', '/tmp/tmpgd5p3r7k']
[2024-05-18 12:49:18,912] {standard_task_runner.py:77} INFO - Job 5137: Subtask local_to_gcs_task
[2024-05-18 12:49:19,174] {logging_mixin.py:109} INFO - Running <TaskInstance: ingest_data_bigquery_fhv.local_to_gcs_task scheduled__2019-09-02T06:00:00+00:00 [running]> on host 45b18388e83d
[2024-05-18 12:49:19,290] {warnings.py:99} WARNING - /home/***/.local/lib/python3.6/site-packages/***/utils/context.py:152: AirflowContextDeprecationWarning: Accessing 'execution_date' from the template is deprecated and will be removed in a future version. Please use 'data_interval_start' or 'logical_date' instead.
  warnings.warn(_create_deprecation_warning(key, self._deprecation_replacements[key]))

[2024-05-18 12:49:19,355] {taskinstance.py:1426} INFO - Exporting the following env vars:
AIRFLOW_CTX_DAG_OWNER=***
AIRFLOW_CTX_DAG_ID=ingest_data_bigquery_fhv
AIRFLOW_CTX_TASK_ID=local_to_gcs_task
AIRFLOW_CTX_EXECUTION_DATE=2019-09-02T06:00:00+00:00
AIRFLOW_CTX_DAG_RUN_ID=scheduled__2019-09-02T06:00:00+00:00
[2024-05-18 12:49:37,856] {python.py:175} INFO - Done. Returned value was: None
[2024-05-18 12:49:37,897] {taskinstance.py:1277} INFO - Marking task as SUCCESS. dag_id=ingest_data_bigquery_fhv, task_id=local_to_gcs_task, execution_date=20190902T060000, start_date=20240518T124918, end_date=20240518T124937
[2024-05-18 12:49:38,140] {local_task_job.py:154} INFO - Task exited with return code 0
[2024-05-18 12:49:38,463] {local_task_job.py:264} INFO - 0 downstream tasks scheduled from follow-on schedule check
[2024-05-18 13:03:42,177] {taskinstance.py:1032} INFO - Dependencies all met for <TaskInstance: ingest_data_bigquery_fhv.local_to_gcs_task scheduled__2019-09-02T06:00:00+00:00 [queued]>
[2024-05-18 13:03:42,252] {taskinstance.py:1032} INFO - Dependencies all met for <TaskInstance: ingest_data_bigquery_fhv.local_to_gcs_task scheduled__2019-09-02T06:00:00+00:00 [queued]>
[2024-05-18 13:03:42,253] {taskinstance.py:1238} INFO - 
--------------------------------------------------------------------------------
[2024-05-18 13:03:42,253] {taskinstance.py:1239} INFO - Starting attempt 1 of 3
[2024-05-18 13:03:42,253] {taskinstance.py:1240} INFO - 
--------------------------------------------------------------------------------
[2024-05-18 13:03:42,275] {taskinstance.py:1259} INFO - Executing <Task(PythonOperator): local_to_gcs_task> on 2019-09-02 06:00:00+00:00
[2024-05-18 13:03:42,301] {standard_task_runner.py:52} INFO - Started process 8012 to run task
[2024-05-18 13:03:42,325] {standard_task_runner.py:76} INFO - Running: ['***', 'tasks', 'run', 'ingest_data_bigquery_fhv', 'local_to_gcs_task', 'scheduled__2019-09-02T06:00:00+00:00', '--job-id', '5245', '--raw', '--subdir', 'DAGS_FOLDER/data_ingestion_gcs_fhv_dag .py', '--cfg-path', '/tmp/tmp9apv64b6', '--error-file', '/tmp/tmp367xnysd']
[2024-05-18 13:03:42,403] {standard_task_runner.py:77} INFO - Job 5245: Subtask local_to_gcs_task
[2024-05-18 13:03:42,851] {logging_mixin.py:109} INFO - Running <TaskInstance: ingest_data_bigquery_fhv.local_to_gcs_task scheduled__2019-09-02T06:00:00+00:00 [running]> on host 45b18388e83d
[2024-05-18 13:03:43,055] {warnings.py:99} WARNING - /home/***/.local/lib/python3.6/site-packages/***/utils/context.py:152: AirflowContextDeprecationWarning: Accessing 'execution_date' from the template is deprecated and will be removed in a future version. Please use 'data_interval_start' or 'logical_date' instead.
  warnings.warn(_create_deprecation_warning(key, self._deprecation_replacements[key]))

[2024-05-18 13:03:43,196] {taskinstance.py:1426} INFO - Exporting the following env vars:
AIRFLOW_CTX_DAG_OWNER=***
AIRFLOW_CTX_DAG_ID=ingest_data_bigquery_fhv
AIRFLOW_CTX_TASK_ID=local_to_gcs_task
AIRFLOW_CTX_EXECUTION_DATE=2019-09-02T06:00:00+00:00
AIRFLOW_CTX_DAG_RUN_ID=scheduled__2019-09-02T06:00:00+00:00
[2024-05-18 13:04:07,251] {python.py:175} INFO - Done. Returned value was: None
[2024-05-18 13:04:07,285] {taskinstance.py:1277} INFO - Marking task as SUCCESS. dag_id=ingest_data_bigquery_fhv, task_id=local_to_gcs_task, execution_date=20190902T060000, start_date=20240518T130342, end_date=20240518T130407
[2024-05-18 13:04:07,520] {local_task_job.py:154} INFO - Task exited with return code 0
[2024-05-18 13:04:07,589] {local_task_job.py:264} INFO - 1 downstream tasks scheduled from follow-on schedule check
[2024-05-18 13:13:56,387] {taskinstance.py:1032} INFO - Dependencies all met for <TaskInstance: ingest_data_bigquery_fhv.local_to_gcs_task scheduled__2019-09-02T06:00:00+00:00 [queued]>
[2024-05-18 13:13:56,508] {taskinstance.py:1032} INFO - Dependencies all met for <TaskInstance: ingest_data_bigquery_fhv.local_to_gcs_task scheduled__2019-09-02T06:00:00+00:00 [queued]>
[2024-05-18 13:13:56,508] {taskinstance.py:1238} INFO - 
--------------------------------------------------------------------------------
[2024-05-18 13:13:56,508] {taskinstance.py:1239} INFO - Starting attempt 1 of 3
[2024-05-18 13:13:56,508] {taskinstance.py:1240} INFO - 
--------------------------------------------------------------------------------
[2024-05-18 13:13:56,616] {taskinstance.py:1259} INFO - Executing <Task(PythonOperator): local_to_gcs_task> on 2019-09-02 06:00:00+00:00
[2024-05-18 13:13:56,676] {standard_task_runner.py:52} INFO - Started process 8994 to run task
[2024-05-18 13:13:56,691] {standard_task_runner.py:76} INFO - Running: ['***', 'tasks', 'run', 'ingest_data_bigquery_fhv', 'local_to_gcs_task', 'scheduled__2019-09-02T06:00:00+00:00', '--job-id', '5347', '--raw', '--subdir', 'DAGS_FOLDER/data_ingestion_gcs_fhv_dag .py', '--cfg-path', '/tmp/tmpah6if4bt', '--error-file', '/tmp/tmpozenrbz_']
[2024-05-18 13:13:56,745] {standard_task_runner.py:77} INFO - Job 5347: Subtask local_to_gcs_task
[2024-05-18 13:13:56,919] {logging_mixin.py:109} INFO - Running <TaskInstance: ingest_data_bigquery_fhv.local_to_gcs_task scheduled__2019-09-02T06:00:00+00:00 [running]> on host 45b18388e83d
[2024-05-18 13:13:57,018] {warnings.py:99} WARNING - /home/***/.local/lib/python3.6/site-packages/***/utils/context.py:152: AirflowContextDeprecationWarning: Accessing 'execution_date' from the template is deprecated and will be removed in a future version. Please use 'data_interval_start' or 'logical_date' instead.
  warnings.warn(_create_deprecation_warning(key, self._deprecation_replacements[key]))

[2024-05-18 13:13:57,119] {taskinstance.py:1426} INFO - Exporting the following env vars:
AIRFLOW_CTX_DAG_OWNER=***
AIRFLOW_CTX_DAG_ID=ingest_data_bigquery_fhv
AIRFLOW_CTX_TASK_ID=local_to_gcs_task
AIRFLOW_CTX_EXECUTION_DATE=2019-09-02T06:00:00+00:00
AIRFLOW_CTX_DAG_RUN_ID=scheduled__2019-09-02T06:00:00+00:00
[2024-05-18 13:14:19,281] {python.py:175} INFO - Done. Returned value was: None
[2024-05-18 13:14:19,311] {taskinstance.py:1277} INFO - Marking task as SUCCESS. dag_id=ingest_data_bigquery_fhv, task_id=local_to_gcs_task, execution_date=20190902T060000, start_date=20240518T131356, end_date=20240518T131419
[2024-05-18 13:14:19,604] {local_task_job.py:154} INFO - Task exited with return code 0
[2024-05-18 13:14:19,672] {local_task_job.py:264} INFO - 1 downstream tasks scheduled from follow-on schedule check
