[2024-05-03 17:40:50,558] {taskinstance.py:1032} INFO - Dependencies all met for <TaskInstance: ingest_data_bigquery_yt.bigquery_external_table_task scheduled__2019-03-02T06:00:00+00:00 [queued]>
[2024-05-03 17:40:50,615] {taskinstance.py:1032} INFO - Dependencies all met for <TaskInstance: ingest_data_bigquery_yt.bigquery_external_table_task scheduled__2019-03-02T06:00:00+00:00 [queued]>
[2024-05-03 17:40:50,623] {taskinstance.py:1238} INFO - 
--------------------------------------------------------------------------------
[2024-05-03 17:40:50,624] {taskinstance.py:1239} INFO - Starting attempt 1 of 3
[2024-05-03 17:40:50,625] {taskinstance.py:1240} INFO - 
--------------------------------------------------------------------------------
[2024-05-03 17:40:50,675] {taskinstance.py:1259} INFO - Executing <Task(BigQueryCreateExternalTableOperator): bigquery_external_table_task> on 2019-03-02 06:00:00+00:00
[2024-05-03 17:40:50,697] {standard_task_runner.py:52} INFO - Started process 1198 to run task
[2024-05-03 17:40:50,726] {standard_task_runner.py:76} INFO - Running: ['***', 'tasks', 'run', 'ingest_data_bigquery_yt', 'bigquery_external_table_task', 'scheduled__2019-03-02T06:00:00+00:00', '--job-id', '4317', '--raw', '--subdir', 'DAGS_FOLDER/data_ingstion_gcs_yt_dag.py', '--cfg-path', '/tmp/tmp6x7kbp5e', '--error-file', '/tmp/tmpgduy4vv_']
[2024-05-03 17:40:50,756] {standard_task_runner.py:77} INFO - Job 4317: Subtask bigquery_external_table_task
[2024-05-03 17:40:50,963] {logging_mixin.py:109} INFO - Running <TaskInstance: ingest_data_bigquery_yt.bigquery_external_table_task scheduled__2019-03-02T06:00:00+00:00 [running]> on host f0ab9bf9b587
[2024-05-03 17:40:51,126] {taskinstance.py:1426} INFO - Exporting the following env vars:
AIRFLOW_CTX_DAG_OWNER=***
AIRFLOW_CTX_DAG_ID=ingest_data_bigquery_yt
AIRFLOW_CTX_TASK_ID=bigquery_external_table_task
AIRFLOW_CTX_EXECUTION_DATE=2019-03-02T06:00:00+00:00
AIRFLOW_CTX_DAG_RUN_ID=scheduled__2019-03-02T06:00:00+00:00
[2024-05-03 17:40:51,131] {crypto.py:82} WARNING - empty cryptography key - values will not be stored encrypted.
[2024-05-03 17:40:51,184] {warnings.py:99} WARNING - /home/***/.local/lib/python3.6/site-packages/***/providers/google/cloud/hooks/bigquery.py:637: DeprecationWarning: This method is deprecated. Please use `BigQueryHook.create_empty_table` method with passing the `table_resource` object. This gives more flexibility than this method.
  DeprecationWarning,

[2024-05-03 17:40:51,190] {bigquery.py:700} INFO - Creating external table: nyc_tlc_data.yellowtaxi_trips
[2024-05-03 17:40:51,605] {bigquery.py:704} INFO - External table created successfully: nyc_tlc_data.yellowtaxi_trips
[2024-05-03 17:40:51,654] {taskinstance.py:1277} INFO - Marking task as SUCCESS. dag_id=ingest_data_bigquery_yt, task_id=bigquery_external_table_task, execution_date=20190302T060000, start_date=20240503T174050, end_date=20240503T174051
[2024-05-03 17:40:51,733] {local_task_job.py:154} INFO - Task exited with return code 0
[2024-05-03 17:40:51,804] {local_task_job.py:264} INFO - 0 downstream tasks scheduled from follow-on schedule check
[2024-05-12 10:59:52,122] {taskinstance.py:1032} INFO - Dependencies all met for <TaskInstance: ingest_data_bigquery_yt.bigquery_external_table_task scheduled__2019-03-02T06:00:00+00:00 [queued]>
[2024-05-12 10:59:52,137] {taskinstance.py:1032} INFO - Dependencies all met for <TaskInstance: ingest_data_bigquery_yt.bigquery_external_table_task scheduled__2019-03-02T06:00:00+00:00 [queued]>
[2024-05-12 10:59:52,137] {taskinstance.py:1238} INFO - 
--------------------------------------------------------------------------------
[2024-05-12 10:59:52,138] {taskinstance.py:1239} INFO - Starting attempt 1 of 3
[2024-05-12 10:59:52,138] {taskinstance.py:1240} INFO - 
--------------------------------------------------------------------------------
[2024-05-12 10:59:52,152] {taskinstance.py:1259} INFO - Executing <Task(BigQueryCreateExternalTableOperator): bigquery_external_table_task> on 2019-03-02 06:00:00+00:00
[2024-05-12 10:59:52,160] {standard_task_runner.py:52} INFO - Started process 235 to run task
[2024-05-12 10:59:52,166] {standard_task_runner.py:76} INFO - Running: ['***', 'tasks', 'run', 'ingest_data_bigquery_yt', 'bigquery_external_table_task', 'scheduled__2019-03-02T06:00:00+00:00', '--job-id', '4711', '--raw', '--subdir', 'DAGS_FOLDER/data_ingstion_gcs_yt_dag.py', '--cfg-path', '/tmp/tmp8718ahzc', '--error-file', '/tmp/tmpvfst7va4']
[2024-05-12 10:59:52,171] {standard_task_runner.py:77} INFO - Job 4711: Subtask bigquery_external_table_task
[2024-05-12 10:59:52,242] {logging_mixin.py:109} INFO - Running <TaskInstance: ingest_data_bigquery_yt.bigquery_external_table_task scheduled__2019-03-02T06:00:00+00:00 [running]> on host 14618ddd22a7
[2024-05-12 10:59:52,308] {taskinstance.py:1426} INFO - Exporting the following env vars:
AIRFLOW_CTX_DAG_OWNER=***
AIRFLOW_CTX_DAG_ID=ingest_data_bigquery_yt
AIRFLOW_CTX_TASK_ID=bigquery_external_table_task
AIRFLOW_CTX_EXECUTION_DATE=2019-03-02T06:00:00+00:00
AIRFLOW_CTX_DAG_RUN_ID=scheduled__2019-03-02T06:00:00+00:00
[2024-05-12 10:59:52,316] {crypto.py:82} WARNING - empty cryptography key - values will not be stored encrypted.
[2024-05-12 10:59:52,329] {warnings.py:99} WARNING - /home/***/.local/lib/python3.6/site-packages/***/providers/google/cloud/hooks/bigquery.py:637: DeprecationWarning: This method is deprecated. Please use `BigQueryHook.create_empty_table` method with passing the `table_resource` object. This gives more flexibility than this method.
  DeprecationWarning,

[2024-05-12 10:59:52,330] {bigquery.py:700} INFO - Creating external table: nyc_tlc_data.yellowtaxi_trips
[2024-05-12 10:59:52,734] {bigquery.py:704} INFO - External table created successfully: nyc_tlc_data.yellowtaxi_trips
[2024-05-12 10:59:52,751] {taskinstance.py:1277} INFO - Marking task as SUCCESS. dag_id=ingest_data_bigquery_yt, task_id=bigquery_external_table_task, execution_date=20190302T060000, start_date=20240512T105952, end_date=20240512T105952
[2024-05-12 10:59:52,792] {local_task_job.py:154} INFO - Task exited with return code 0
[2024-05-12 10:59:52,852] {local_task_job.py:264} INFO - 0 downstream tasks scheduled from follow-on schedule check
