[2024-05-02 16:27:52,647] {taskinstance.py:1032} INFO - Dependencies all met for <TaskInstance: ingest_data_bigquery_yt.bigquery_external_table_task scheduled__2019-10-02T06:00:00+00:00 [queued]>
[2024-05-02 16:27:52,662] {taskinstance.py:1032} INFO - Dependencies all met for <TaskInstance: ingest_data_bigquery_yt.bigquery_external_table_task scheduled__2019-10-02T06:00:00+00:00 [queued]>
[2024-05-02 16:27:52,662] {taskinstance.py:1238} INFO - 
--------------------------------------------------------------------------------
[2024-05-02 16:27:52,662] {taskinstance.py:1239} INFO - Starting attempt 1 of 2
[2024-05-02 16:27:52,662] {taskinstance.py:1240} INFO - 
--------------------------------------------------------------------------------
[2024-05-02 16:27:52,676] {taskinstance.py:1259} INFO - Executing <Task(BigQueryCreateExternalTableOperator): bigquery_external_table_task> on 2019-10-02 06:00:00+00:00
[2024-05-02 16:27:52,685] {standard_task_runner.py:52} INFO - Started process 198 to run task
[2024-05-02 16:27:52,692] {standard_task_runner.py:76} INFO - Running: ['***', 'tasks', 'run', 'ingest_data_bigquery_yt', 'bigquery_external_table_task', 'scheduled__2019-10-02T06:00:00+00:00', '--job-id', '3792', '--raw', '--subdir', 'DAGS_FOLDER/data_ingestion_gcs_yt_dag.py', '--cfg-path', '/tmp/tmp0qg9suzm', '--error-file', '/tmp/tmpc16376tb']
[2024-05-02 16:27:52,699] {standard_task_runner.py:77} INFO - Job 3792: Subtask bigquery_external_table_task
[2024-05-02 16:27:52,784] {logging_mixin.py:109} INFO - Running <TaskInstance: ingest_data_bigquery_yt.bigquery_external_table_task scheduled__2019-10-02T06:00:00+00:00 [running]> on host 1ed1a38cd1e3
[2024-05-02 16:27:52,875] {taskinstance.py:1426} INFO - Exporting the following env vars:
AIRFLOW_CTX_DAG_OWNER=***
AIRFLOW_CTX_DAG_ID=ingest_data_bigquery_yt
AIRFLOW_CTX_TASK_ID=bigquery_external_table_task
AIRFLOW_CTX_EXECUTION_DATE=2019-10-02T06:00:00+00:00
AIRFLOW_CTX_DAG_RUN_ID=scheduled__2019-10-02T06:00:00+00:00
[2024-05-02 16:27:52,881] {crypto.py:82} WARNING - empty cryptography key - values will not be stored encrypted.
[2024-05-02 16:27:52,895] {warnings.py:99} WARNING - /home/***/.local/lib/python3.6/site-packages/***/providers/google/cloud/hooks/bigquery.py:637: DeprecationWarning: This method is deprecated. Please use `BigQueryHook.create_empty_table` method with passing the `table_resource` object. This gives more flexibility than this method.
  DeprecationWarning,

[2024-05-02 16:27:52,896] {bigquery.py:700} INFO - Creating external table: nyc_tlc_data.yellowtaxi_trips
[2024-05-02 16:27:53,285] {bigquery.py:704} INFO - External table created successfully: nyc_tlc_data.yellowtaxi_trips
[2024-05-02 16:27:53,306] {taskinstance.py:1277} INFO - Marking task as SUCCESS. dag_id=ingest_data_bigquery_yt, task_id=bigquery_external_table_task, execution_date=20191002T060000, start_date=20240502T162752, end_date=20240502T162753
[2024-05-02 16:27:53,356] {local_task_job.py:154} INFO - Task exited with return code 0
[2024-05-02 16:27:53,407] {local_task_job.py:264} INFO - 0 downstream tasks scheduled from follow-on schedule check
[2024-05-03 17:44:58,268] {taskinstance.py:1032} INFO - Dependencies all met for <TaskInstance: ingest_data_bigquery_yt.bigquery_external_table_task scheduled__2019-10-02T06:00:00+00:00 [queued]>
[2024-05-03 17:44:58,288] {taskinstance.py:1032} INFO - Dependencies all met for <TaskInstance: ingest_data_bigquery_yt.bigquery_external_table_task scheduled__2019-10-02T06:00:00+00:00 [queued]>
[2024-05-03 17:44:58,289] {taskinstance.py:1238} INFO - 
--------------------------------------------------------------------------------
[2024-05-03 17:44:58,289] {taskinstance.py:1239} INFO - Starting attempt 1 of 3
[2024-05-03 17:44:58,290] {taskinstance.py:1240} INFO - 
--------------------------------------------------------------------------------
[2024-05-03 17:44:58,309] {taskinstance.py:1259} INFO - Executing <Task(BigQueryCreateExternalTableOperator): bigquery_external_table_task> on 2019-10-02 06:00:00+00:00
[2024-05-03 17:44:58,318] {standard_task_runner.py:52} INFO - Started process 1439 to run task
[2024-05-03 17:44:58,337] {standard_task_runner.py:76} INFO - Running: ['***', 'tasks', 'run', 'ingest_data_bigquery_yt', 'bigquery_external_table_task', 'scheduled__2019-10-02T06:00:00+00:00', '--job-id', '4330', '--raw', '--subdir', 'DAGS_FOLDER/data_ingstion_gcs_yt_dag.py', '--cfg-path', '/tmp/tmp82v4dxlz', '--error-file', '/tmp/tmp07619_75']
[2024-05-03 17:44:58,344] {standard_task_runner.py:77} INFO - Job 4330: Subtask bigquery_external_table_task
[2024-05-03 17:44:58,450] {logging_mixin.py:109} INFO - Running <TaskInstance: ingest_data_bigquery_yt.bigquery_external_table_task scheduled__2019-10-02T06:00:00+00:00 [running]> on host f0ab9bf9b587
[2024-05-03 17:44:58,539] {taskinstance.py:1426} INFO - Exporting the following env vars:
AIRFLOW_CTX_DAG_OWNER=***
AIRFLOW_CTX_DAG_ID=ingest_data_bigquery_yt
AIRFLOW_CTX_TASK_ID=bigquery_external_table_task
AIRFLOW_CTX_EXECUTION_DATE=2019-10-02T06:00:00+00:00
AIRFLOW_CTX_DAG_RUN_ID=scheduled__2019-10-02T06:00:00+00:00
[2024-05-03 17:44:58,546] {crypto.py:82} WARNING - empty cryptography key - values will not be stored encrypted.
[2024-05-03 17:44:58,558] {warnings.py:99} WARNING - /home/***/.local/lib/python3.6/site-packages/***/providers/google/cloud/hooks/bigquery.py:637: DeprecationWarning: This method is deprecated. Please use `BigQueryHook.create_empty_table` method with passing the `table_resource` object. This gives more flexibility than this method.
  DeprecationWarning,

[2024-05-03 17:44:58,560] {bigquery.py:700} INFO - Creating external table: nyc_tlc_data.yellowtaxi_trips
[2024-05-03 17:44:58,867] {bigquery.py:704} INFO - External table created successfully: nyc_tlc_data.yellowtaxi_trips
[2024-05-03 17:44:58,888] {taskinstance.py:1277} INFO - Marking task as SUCCESS. dag_id=ingest_data_bigquery_yt, task_id=bigquery_external_table_task, execution_date=20191002T060000, start_date=20240503T174458, end_date=20240503T174458
[2024-05-03 17:44:58,946] {local_task_job.py:154} INFO - Task exited with return code 0
[2024-05-03 17:44:59,017] {local_task_job.py:264} INFO - 0 downstream tasks scheduled from follow-on schedule check
[2024-05-12 11:52:31,731] {taskinstance.py:1032} INFO - Dependencies all met for <TaskInstance: ingest_data_bigquery_yt.bigquery_external_table_task scheduled__2019-10-02T06:00:00+00:00 [queued]>
[2024-05-12 11:52:31,746] {taskinstance.py:1032} INFO - Dependencies all met for <TaskInstance: ingest_data_bigquery_yt.bigquery_external_table_task scheduled__2019-10-02T06:00:00+00:00 [queued]>
[2024-05-12 11:52:31,746] {taskinstance.py:1238} INFO - 
--------------------------------------------------------------------------------
[2024-05-12 11:52:31,746] {taskinstance.py:1239} INFO - Starting attempt 1 of 3
[2024-05-12 11:52:31,746] {taskinstance.py:1240} INFO - 
--------------------------------------------------------------------------------
[2024-05-12 11:52:31,760] {taskinstance.py:1259} INFO - Executing <Task(BigQueryCreateExternalTableOperator): bigquery_external_table_task> on 2019-10-02 06:00:00+00:00
[2024-05-12 11:52:31,769] {standard_task_runner.py:52} INFO - Started process 1184 to run task
[2024-05-12 11:52:31,780] {standard_task_runner.py:76} INFO - Running: ['***', 'tasks', 'run', 'ingest_data_bigquery_yt', 'bigquery_external_table_task', 'scheduled__2019-10-02T06:00:00+00:00', '--job-id', '4792', '--raw', '--subdir', 'DAGS_FOLDER/data_ingstion_gcs_yt_dag.py', '--cfg-path', '/tmp/tmpxs8e52sf', '--error-file', '/tmp/tmpvoh20wyy']
[2024-05-12 11:52:31,784] {standard_task_runner.py:77} INFO - Job 4792: Subtask bigquery_external_table_task
[2024-05-12 11:52:31,870] {logging_mixin.py:109} INFO - Running <TaskInstance: ingest_data_bigquery_yt.bigquery_external_table_task scheduled__2019-10-02T06:00:00+00:00 [running]> on host 0d4ef9daeab6
[2024-05-12 11:52:31,995] {taskinstance.py:1426} INFO - Exporting the following env vars:
AIRFLOW_CTX_DAG_OWNER=***
AIRFLOW_CTX_DAG_ID=ingest_data_bigquery_yt
AIRFLOW_CTX_TASK_ID=bigquery_external_table_task
AIRFLOW_CTX_EXECUTION_DATE=2019-10-02T06:00:00+00:00
AIRFLOW_CTX_DAG_RUN_ID=scheduled__2019-10-02T06:00:00+00:00
[2024-05-12 11:52:31,999] {crypto.py:82} WARNING - empty cryptography key - values will not be stored encrypted.
[2024-05-12 11:52:32,010] {warnings.py:99} WARNING - /home/***/.local/lib/python3.6/site-packages/***/providers/google/cloud/hooks/bigquery.py:637: DeprecationWarning: This method is deprecated. Please use `BigQueryHook.create_empty_table` method with passing the `table_resource` object. This gives more flexibility than this method.
  DeprecationWarning,

[2024-05-12 11:52:32,011] {bigquery.py:700} INFO - Creating external table: nyc_tlc_data.yellowtaxi_trips
[2024-05-12 11:52:32,383] {bigquery.py:704} INFO - External table created successfully: nyc_tlc_data.yellowtaxi_trips
[2024-05-12 11:52:32,397] {taskinstance.py:1277} INFO - Marking task as SUCCESS. dag_id=ingest_data_bigquery_yt, task_id=bigquery_external_table_task, execution_date=20191002T060000, start_date=20240512T115231, end_date=20240512T115232
[2024-05-12 11:52:32,448] {local_task_job.py:154} INFO - Task exited with return code 0
[2024-05-12 11:52:32,492] {local_task_job.py:264} INFO - 0 downstream tasks scheduled from follow-on schedule check
