[2024-05-19 03:42:01,191] {taskinstance.py:1032} INFO - Dependencies all met for <TaskInstance: ingest_data_bigquery_fhvhv.download_dataset_task scheduled__2020-08-02T06:00:00+00:00 [queued]>
[2024-05-19 03:42:01,204] {taskinstance.py:1032} INFO - Dependencies all met for <TaskInstance: ingest_data_bigquery_fhvhv.download_dataset_task scheduled__2020-08-02T06:00:00+00:00 [queued]>
[2024-05-19 03:42:01,205] {taskinstance.py:1238} INFO - 
--------------------------------------------------------------------------------
[2024-05-19 03:42:01,205] {taskinstance.py:1239} INFO - Starting attempt 1 of 3
[2024-05-19 03:42:01,205] {taskinstance.py:1240} INFO - 
--------------------------------------------------------------------------------
[2024-05-19 03:42:01,218] {taskinstance.py:1259} INFO - Executing <Task(BashOperator): download_dataset_task> on 2020-08-02 06:00:00+00:00
[2024-05-19 03:42:01,225] {standard_task_runner.py:52} INFO - Started process 566 to run task
[2024-05-19 03:42:01,231] {standard_task_runner.py:76} INFO - Running: ['***', 'tasks', 'run', 'ingest_data_bigquery_fhvhv', 'download_dataset_task', 'scheduled__2020-08-02T06:00:00+00:00', '--job-id', '5459', '--raw', '--subdir', 'DAGS_FOLDER/data_ingestion_gcs_fhvhv_dag.py', '--cfg-path', '/tmp/tmp1t7qsw5u', '--error-file', '/tmp/tmplqw48xgz']
[2024-05-19 03:42:01,238] {standard_task_runner.py:77} INFO - Job 5459: Subtask download_dataset_task
[2024-05-19 03:42:01,320] {logging_mixin.py:109} INFO - Running <TaskInstance: ingest_data_bigquery_fhvhv.download_dataset_task scheduled__2020-08-02T06:00:00+00:00 [running]> on host 56455cb8b229
[2024-05-19 03:42:01,365] {warnings.py:99} WARNING - /home/***/.local/lib/python3.6/site-packages/***/utils/context.py:152: AirflowContextDeprecationWarning: Accessing 'execution_date' from the template is deprecated and will be removed in a future version. Please use 'data_interval_start' or 'logical_date' instead.
  warnings.warn(_create_deprecation_warning(key, self._deprecation_replacements[key]))

[2024-05-19 03:42:01,393] {taskinstance.py:1426} INFO - Exporting the following env vars:
AIRFLOW_CTX_DAG_OWNER=***
AIRFLOW_CTX_DAG_ID=ingest_data_bigquery_fhvhv
AIRFLOW_CTX_TASK_ID=download_dataset_task
AIRFLOW_CTX_EXECUTION_DATE=2020-08-02T06:00:00+00:00
AIRFLOW_CTX_DAG_RUN_ID=scheduled__2020-08-02T06:00:00+00:00
[2024-05-19 03:42:01,394] {subprocess.py:62} INFO - Tmp dir root location: 
 /tmp
[2024-05-19 03:42:01,396] {subprocess.py:74} INFO - Running command: ['bash', '-c', 'curl -sSL https://d37ci6vzurychx.cloudfront.net/trip-data/fhvhv_tripdata_2020-08.parquet > /opt/***/raw_data/fhvhvtaxi_tripdata_2020-08.parquet']
[2024-05-19 03:42:01,410] {subprocess.py:85} INFO - Output:
[2024-05-19 03:42:19,998] {subprocess.py:93} INFO - Command exited with return code 0
[2024-05-19 03:42:20,048] {taskinstance.py:1277} INFO - Marking task as SUCCESS. dag_id=ingest_data_bigquery_fhvhv, task_id=download_dataset_task, execution_date=20200802T060000, start_date=20240519T034201, end_date=20240519T034220
[2024-05-19 03:42:20,114] {local_task_job.py:154} INFO - Task exited with return code 0
[2024-05-19 03:42:20,171] {local_task_job.py:264} INFO - 1 downstream tasks scheduled from follow-on schedule check
[2024-12-29 14:26:17,448] {taskinstance.py:1032} INFO - Dependencies all met for <TaskInstance: ingest_data_bigquery_fhvhv.download_dataset_task scheduled__2020-08-02T06:00:00+00:00 [queued]>
[2024-12-29 14:26:17,483] {taskinstance.py:1032} INFO - Dependencies all met for <TaskInstance: ingest_data_bigquery_fhvhv.download_dataset_task scheduled__2020-08-02T06:00:00+00:00 [queued]>
[2024-12-29 14:26:17,483] {taskinstance.py:1238} INFO - 
--------------------------------------------------------------------------------
[2024-12-29 14:26:17,484] {taskinstance.py:1239} INFO - Starting attempt 1 of 3
[2024-12-29 14:26:17,484] {taskinstance.py:1240} INFO - 
--------------------------------------------------------------------------------
[2024-12-29 14:26:17,508] {taskinstance.py:1259} INFO - Executing <Task(BashOperator): download_dataset_task> on 2020-08-02 06:00:00+00:00
[2024-12-29 14:26:17,516] {standard_task_runner.py:52} INFO - Started process 124 to run task
[2024-12-29 14:26:17,533] {standard_task_runner.py:76} INFO - Running: ['***', 'tasks', 'run', 'ingest_data_bigquery_fhvhv', 'download_dataset_task', 'scheduled__2020-08-02T06:00:00+00:00', '--job-id', '5923', '--raw', '--subdir', 'DAGS_FOLDER/data_ingestion_gcs_fhvhv_dag.py', '--cfg-path', '/tmp/tmpvy4a8uq9', '--error-file', '/tmp/tmpwuiuntzf']
[2024-12-29 14:26:17,547] {standard_task_runner.py:77} INFO - Job 5923: Subtask download_dataset_task
[2024-12-29 14:26:17,658] {logging_mixin.py:109} INFO - Running <TaskInstance: ingest_data_bigquery_fhvhv.download_dataset_task scheduled__2020-08-02T06:00:00+00:00 [running]> on host f6575b1efae7
[2024-12-29 14:26:17,729] {warnings.py:99} WARNING - /home/***/.local/lib/python3.6/site-packages/***/utils/context.py:152: AirflowContextDeprecationWarning: Accessing 'execution_date' from the template is deprecated and will be removed in a future version. Please use 'data_interval_start' or 'logical_date' instead.
  warnings.warn(_create_deprecation_warning(key, self._deprecation_replacements[key]))

[2024-12-29 14:26:17,778] {taskinstance.py:1426} INFO - Exporting the following env vars:
AIRFLOW_CTX_DAG_OWNER=***
AIRFLOW_CTX_DAG_ID=ingest_data_bigquery_fhvhv
AIRFLOW_CTX_TASK_ID=download_dataset_task
AIRFLOW_CTX_EXECUTION_DATE=2020-08-02T06:00:00+00:00
AIRFLOW_CTX_DAG_RUN_ID=scheduled__2020-08-02T06:00:00+00:00
[2024-12-29 14:26:17,779] {subprocess.py:62} INFO - Tmp dir root location: 
 /tmp
[2024-12-29 14:26:17,781] {subprocess.py:74} INFO - Running command: ['bash', '-c', 'curl -sSL https://d37ci6vzurychx.cloudfront.net/trip-data/fhvhv_tripdata_2020-08.parquet > /opt/***/raw_data/fhvhvtaxi_tripdata_2020-08.parquet']
[2024-12-29 14:26:17,835] {subprocess.py:85} INFO - Output:
[2024-12-29 14:26:35,091] {subprocess.py:93} INFO - Command exited with return code 0
[2024-12-29 14:26:35,647] {taskinstance.py:1277} INFO - Marking task as SUCCESS. dag_id=ingest_data_bigquery_fhvhv, task_id=download_dataset_task, execution_date=20200802T060000, start_date=20241229T142617, end_date=20241229T142635
[2024-12-29 14:26:35,744] {local_task_job.py:154} INFO - Task exited with return code 0
[2024-12-29 14:26:35,957] {local_task_job.py:264} INFO - 1 downstream tasks scheduled from follow-on schedule check
[2025-01-01 05:08:37,658] {taskinstance.py:1032} INFO - Dependencies all met for <TaskInstance: ingest_data_bigquery_fhvhv.download_dataset_task scheduled__2020-08-02T06:00:00+00:00 [queued]>
[2025-01-01 05:08:37,674] {taskinstance.py:1032} INFO - Dependencies all met for <TaskInstance: ingest_data_bigquery_fhvhv.download_dataset_task scheduled__2020-08-02T06:00:00+00:00 [queued]>
[2025-01-01 05:08:37,675] {taskinstance.py:1238} INFO - 
--------------------------------------------------------------------------------
[2025-01-01 05:08:37,675] {taskinstance.py:1239} INFO - Starting attempt 1 of 3
[2025-01-01 05:08:37,675] {taskinstance.py:1240} INFO - 
--------------------------------------------------------------------------------
[2025-01-01 05:08:37,688] {taskinstance.py:1259} INFO - Executing <Task(BashOperator): download_dataset_task> on 2020-08-02 06:00:00+00:00
[2025-01-01 05:08:37,696] {standard_task_runner.py:52} INFO - Started process 4286 to run task
[2025-01-01 05:08:37,701] {standard_task_runner.py:76} INFO - Running: ['***', 'tasks', 'run', 'ingest_data_bigquery_fhvhv', 'download_dataset_task', 'scheduled__2020-08-02T06:00:00+00:00', '--job-id', '6220', '--raw', '--subdir', 'DAGS_FOLDER/data_ingestion_gcs_fhvhv_dag.py', '--cfg-path', '/tmp/tmpwo052die', '--error-file', '/tmp/tmpogn7t6ry']
[2025-01-01 05:08:37,705] {standard_task_runner.py:77} INFO - Job 6220: Subtask download_dataset_task
[2025-01-01 05:08:37,790] {logging_mixin.py:109} INFO - Running <TaskInstance: ingest_data_bigquery_fhvhv.download_dataset_task scheduled__2020-08-02T06:00:00+00:00 [running]> on host 4228b0d90dbc
[2025-01-01 05:08:37,841] {warnings.py:99} WARNING - /home/***/.local/lib/python3.6/site-packages/***/utils/context.py:152: AirflowContextDeprecationWarning: Accessing 'execution_date' from the template is deprecated and will be removed in a future version. Please use 'data_interval_start' or 'logical_date' instead.
  warnings.warn(_create_deprecation_warning(key, self._deprecation_replacements[key]))

[2025-01-01 05:08:37,871] {taskinstance.py:1426} INFO - Exporting the following env vars:
AIRFLOW_CTX_DAG_OWNER=***
AIRFLOW_CTX_DAG_ID=ingest_data_bigquery_fhvhv
AIRFLOW_CTX_TASK_ID=download_dataset_task
AIRFLOW_CTX_EXECUTION_DATE=2020-08-02T06:00:00+00:00
AIRFLOW_CTX_DAG_RUN_ID=scheduled__2020-08-02T06:00:00+00:00
[2025-01-01 05:08:37,873] {subprocess.py:62} INFO - Tmp dir root location: 
 /tmp
[2025-01-01 05:08:37,874] {subprocess.py:74} INFO - Running command: ['bash', '-c', 'curl -sSL https://d37ci6vzurychx.cloudfront.net/trip-data/fhvhv_tripdata_2020-08.parquet > /opt/***/raw_data/fhvhvtaxi_tripdata_2020-08.parquet']
[2025-01-01 05:08:37,891] {subprocess.py:85} INFO - Output:
[2025-01-01 05:08:58,076] {subprocess.py:93} INFO - Command exited with return code 0
[2025-01-01 05:08:58,124] {taskinstance.py:1277} INFO - Marking task as SUCCESS. dag_id=ingest_data_bigquery_fhvhv, task_id=download_dataset_task, execution_date=20200802T060000, start_date=20250101T050837, end_date=20250101T050858
[2025-01-01 05:08:58,171] {local_task_job.py:154} INFO - Task exited with return code 0
[2025-01-01 05:08:58,222] {local_task_job.py:264} INFO - 1 downstream tasks scheduled from follow-on schedule check
[2025-01-01 11:48:41,464] {taskinstance.py:1032} INFO - Dependencies all met for <TaskInstance: ingest_data_bigquery_fhvhv.download_dataset_task scheduled__2020-08-02T06:00:00+00:00 [queued]>
[2025-01-01 11:48:41,485] {taskinstance.py:1032} INFO - Dependencies all met for <TaskInstance: ingest_data_bigquery_fhvhv.download_dataset_task scheduled__2020-08-02T06:00:00+00:00 [queued]>
[2025-01-01 11:48:41,486] {taskinstance.py:1238} INFO - 
--------------------------------------------------------------------------------
[2025-01-01 11:48:41,486] {taskinstance.py:1239} INFO - Starting attempt 1 of 3
[2025-01-01 11:48:41,486] {taskinstance.py:1240} INFO - 
--------------------------------------------------------------------------------
[2025-01-01 11:48:41,503] {taskinstance.py:1259} INFO - Executing <Task(BashOperator): download_dataset_task> on 2020-08-02 06:00:00+00:00
[2025-01-01 11:48:41,514] {standard_task_runner.py:52} INFO - Started process 7402 to run task
[2025-01-01 11:48:41,520] {standard_task_runner.py:76} INFO - Running: ['***', 'tasks', 'run', 'ingest_data_bigquery_fhvhv', 'download_dataset_task', 'scheduled__2020-08-02T06:00:00+00:00', '--job-id', '6336', '--raw', '--subdir', 'DAGS_FOLDER/data_ingestion_gcs_fhvhv_dag.py', '--cfg-path', '/tmp/tmprel6urgn', '--error-file', '/tmp/tmp19n1bk6u']
[2025-01-01 11:48:41,527] {standard_task_runner.py:77} INFO - Job 6336: Subtask download_dataset_task
[2025-01-01 11:48:41,625] {logging_mixin.py:109} INFO - Running <TaskInstance: ingest_data_bigquery_fhvhv.download_dataset_task scheduled__2020-08-02T06:00:00+00:00 [running]> on host b9549a156c09
[2025-01-01 11:48:41,699] {warnings.py:99} WARNING - /home/***/.local/lib/python3.6/site-packages/***/utils/context.py:152: AirflowContextDeprecationWarning: Accessing 'execution_date' from the template is deprecated and will be removed in a future version. Please use 'data_interval_start' or 'logical_date' instead.
  warnings.warn(_create_deprecation_warning(key, self._deprecation_replacements[key]))

[2025-01-01 11:48:41,745] {taskinstance.py:1426} INFO - Exporting the following env vars:
AIRFLOW_CTX_DAG_OWNER=***
AIRFLOW_CTX_DAG_ID=ingest_data_bigquery_fhvhv
AIRFLOW_CTX_TASK_ID=download_dataset_task
AIRFLOW_CTX_EXECUTION_DATE=2020-08-02T06:00:00+00:00
AIRFLOW_CTX_DAG_RUN_ID=scheduled__2020-08-02T06:00:00+00:00
[2025-01-01 11:48:41,747] {subprocess.py:62} INFO - Tmp dir root location: 
 /tmp
[2025-01-01 11:48:41,748] {subprocess.py:74} INFO - Running command: ['bash', '-c', 'curl -sSL https://d37ci6vzurychx.cloudfront.net/trip-data/fhvhv_tripdata_2020-08.parquet > /opt/***/raw_data/fhvhvtaxi_tripdata_2020-08.parquet']
[2025-01-01 11:48:41,767] {subprocess.py:85} INFO - Output:
[2025-01-01 11:49:06,643] {subprocess.py:93} INFO - Command exited with return code 0
[2025-01-01 11:49:06,682] {taskinstance.py:1277} INFO - Marking task as SUCCESS. dag_id=ingest_data_bigquery_fhvhv, task_id=download_dataset_task, execution_date=20200802T060000, start_date=20250101T114841, end_date=20250101T114906
[2025-01-01 11:49:06,744] {local_task_job.py:154} INFO - Task exited with return code 0
[2025-01-01 11:49:06,796] {local_task_job.py:264} INFO - 1 downstream tasks scheduled from follow-on schedule check
