[2024-03-30 12:12:18,363] {taskinstance.py:1032} INFO - Dependencies all met for <TaskInstance: ingest_data_bigquery.local_to_gcs_task scheduled__2023-10-02T06:00:00+00:00 [queued]>
[2024-03-30 12:12:18,374] {taskinstance.py:1032} INFO - Dependencies all met for <TaskInstance: ingest_data_bigquery.local_to_gcs_task scheduled__2023-10-02T06:00:00+00:00 [queued]>
[2024-03-30 12:12:18,374] {taskinstance.py:1238} INFO - 
--------------------------------------------------------------------------------
[2024-03-30 12:12:18,374] {taskinstance.py:1239} INFO - Starting attempt 2 of 4
[2024-03-30 12:12:18,374] {taskinstance.py:1240} INFO - 
--------------------------------------------------------------------------------
[2024-03-30 12:12:18,387] {taskinstance.py:1259} INFO - Executing <Task(PythonOperator): local_to_gcs_task> on 2023-10-02 06:00:00+00:00
[2024-03-30 12:12:18,393] {standard_task_runner.py:52} INFO - Started process 29881 to run task
[2024-03-30 12:12:18,397] {standard_task_runner.py:76} INFO - Running: ['***', 'tasks', 'run', 'ingest_data_bigquery', 'local_to_gcs_task', 'scheduled__2023-10-02T06:00:00+00:00', '--job-id', '2958', '--raw', '--subdir', 'DAGS_FOLDER/data_ingestion_gcs_dag.py', '--cfg-path', '/tmp/tmpr6mviif6', '--error-file', '/tmp/tmpl78hez6h']
[2024-03-30 12:12:18,402] {standard_task_runner.py:77} INFO - Job 2958: Subtask local_to_gcs_task
[2024-03-30 12:12:18,462] {logging_mixin.py:109} INFO - Running <TaskInstance: ingest_data_bigquery.local_to_gcs_task scheduled__2023-10-02T06:00:00+00:00 [running]> on host 98c5b3fde4c4
[2024-03-30 12:12:18,497] {warnings.py:99} WARNING - /home/***/.local/lib/python3.6/site-packages/***/utils/context.py:152: AirflowContextDeprecationWarning: Accessing 'execution_date' from the template is deprecated and will be removed in a future version. Please use 'data_interval_start' or 'logical_date' instead.
  warnings.warn(_create_deprecation_warning(key, self._deprecation_replacements[key]))

[2024-03-30 12:12:18,520] {taskinstance.py:1426} INFO - Exporting the following env vars:
AIRFLOW_CTX_DAG_OWNER=***
AIRFLOW_CTX_DAG_ID=ingest_data_bigquery
AIRFLOW_CTX_TASK_ID=local_to_gcs_task
AIRFLOW_CTX_EXECUTION_DATE=2023-10-02T06:00:00+00:00
AIRFLOW_CTX_DAG_RUN_ID=scheduled__2023-10-02T06:00:00+00:00
[2024-03-30 12:12:20,711] {taskinstance.py:1700} ERROR - Task failed with exception
Traceback (most recent call last):
  File "/home/airflow/.local/lib/python3.6/site-packages/airflow/models/taskinstance.py", line 1329, in _run_raw_task
    self._execute_task_with_callbacks(context)
  File "/home/airflow/.local/lib/python3.6/site-packages/airflow/models/taskinstance.py", line 1455, in _execute_task_with_callbacks
    result = self._execute_task(context, self.task)
  File "/home/airflow/.local/lib/python3.6/site-packages/airflow/models/taskinstance.py", line 1511, in _execute_task
    result = execute_callable(context=context)
  File "/home/airflow/.local/lib/python3.6/site-packages/airflow/operators/python.py", line 174, in execute
    return_value = self.execute_callable()
  File "/home/airflow/.local/lib/python3.6/site-packages/airflow/operators/python.py", line 185, in execute_callable
    return self.python_callable(*self.op_args, **self.op_kwargs)
  File "/opt/airflow/dags/data_ingestion_gcs_dag.py", line 68, in upload_to_gcs
    df.to_parquet(clean_file_name, index=False)
  File "/home/airflow/.local/lib/python3.6/site-packages/pandas/util/_decorators.py", line 199, in wrapper
    return func(*args, **kwargs)
  File "/home/airflow/.local/lib/python3.6/site-packages/pandas/core/frame.py", line 2372, in to_parquet
    **kwargs,
  File "/home/airflow/.local/lib/python3.6/site-packages/pandas/io/parquet.py", line 276, in to_parquet
    **kwargs,
  File "/home/airflow/.local/lib/python3.6/site-packages/pandas/io/parquet.py", line 101, in write
    table = self.api.Table.from_pandas(df, **from_pandas_kwargs)
  File "pyarrow/table.pxi", line 1561, in pyarrow.lib.Table.from_pandas
  File "/home/airflow/.local/lib/python3.6/site-packages/pyarrow/pandas_compat.py", line 607, in dataframe_to_arrays
    arrays[i] = maybe_fut.result()
  File "/usr/local/lib/python3.6/concurrent/futures/_base.py", line 425, in result
    return self.__get_result()
  File "/usr/local/lib/python3.6/concurrent/futures/_base.py", line 384, in __get_result
    raise self._exception
  File "/usr/local/lib/python3.6/concurrent/futures/thread.py", line 56, in run
    result = self.fn(*self.args, **self.kwargs)
  File "/home/airflow/.local/lib/python3.6/site-packages/pyarrow/pandas_compat.py", line 581, in convert_column
    raise e
  File "/home/airflow/.local/lib/python3.6/site-packages/pyarrow/pandas_compat.py", line 575, in convert_column
    result = pa.array(col, type=type_, from_pandas=True, safe=safe)
  File "pyarrow/array.pxi", line 302, in pyarrow.lib.array
  File "pyarrow/array.pxi", line 83, in pyarrow.lib._ndarray_to_array
  File "pyarrow/error.pxi", line 122, in pyarrow.lib.check_status
pyarrow.lib.ArrowTypeError: ("Expected bytes, got a 'int' object", 'Conversion failed for column store_and_fwd_flag with type object')
[2024-03-30 12:12:20,728] {taskinstance.py:1277} INFO - Marking task as UP_FOR_RETRY. dag_id=ingest_data_bigquery, task_id=local_to_gcs_task, execution_date=20231002T060000, start_date=20240330T121218, end_date=20240330T121220
[2024-03-30 12:12:20,743] {standard_task_runner.py:92} ERROR - Failed to execute job 2958 for task local_to_gcs_task
Traceback (most recent call last):
  File "/home/airflow/.local/lib/python3.6/site-packages/airflow/task/task_runner/standard_task_runner.py", line 85, in _start_by_fork
    args.func(args, dag=self.dag)
  File "/home/airflow/.local/lib/python3.6/site-packages/airflow/cli/cli_parser.py", line 48, in command
    return func(*args, **kwargs)
  File "/home/airflow/.local/lib/python3.6/site-packages/airflow/utils/cli.py", line 92, in wrapper
    return f(*args, **kwargs)
  File "/home/airflow/.local/lib/python3.6/site-packages/airflow/cli/commands/task_command.py", line 298, in task_run
    _run_task_by_selected_method(args, dag, ti)
  File "/home/airflow/.local/lib/python3.6/site-packages/airflow/cli/commands/task_command.py", line 107, in _run_task_by_selected_method
    _run_raw_task(args, ti)
  File "/home/airflow/.local/lib/python3.6/site-packages/airflow/cli/commands/task_command.py", line 184, in _run_raw_task
    error_file=args.error_file,
  File "/home/airflow/.local/lib/python3.6/site-packages/airflow/utils/session.py", line 70, in wrapper
    return func(*args, session=session, **kwargs)
  File "/home/airflow/.local/lib/python3.6/site-packages/airflow/models/taskinstance.py", line 1329, in _run_raw_task
    self._execute_task_with_callbacks(context)
  File "/home/airflow/.local/lib/python3.6/site-packages/airflow/models/taskinstance.py", line 1455, in _execute_task_with_callbacks
    result = self._execute_task(context, self.task)
  File "/home/airflow/.local/lib/python3.6/site-packages/airflow/models/taskinstance.py", line 1511, in _execute_task
    result = execute_callable(context=context)
  File "/home/airflow/.local/lib/python3.6/site-packages/airflow/operators/python.py", line 174, in execute
    return_value = self.execute_callable()
  File "/home/airflow/.local/lib/python3.6/site-packages/airflow/operators/python.py", line 185, in execute_callable
    return self.python_callable(*self.op_args, **self.op_kwargs)
  File "/opt/airflow/dags/data_ingestion_gcs_dag.py", line 68, in upload_to_gcs
    df.to_parquet(clean_file_name, index=False)
  File "/home/airflow/.local/lib/python3.6/site-packages/pandas/util/_decorators.py", line 199, in wrapper
    return func(*args, **kwargs)
  File "/home/airflow/.local/lib/python3.6/site-packages/pandas/core/frame.py", line 2372, in to_parquet
    **kwargs,
  File "/home/airflow/.local/lib/python3.6/site-packages/pandas/io/parquet.py", line 276, in to_parquet
    **kwargs,
  File "/home/airflow/.local/lib/python3.6/site-packages/pandas/io/parquet.py", line 101, in write
    table = self.api.Table.from_pandas(df, **from_pandas_kwargs)
  File "pyarrow/table.pxi", line 1561, in pyarrow.lib.Table.from_pandas
  File "/home/airflow/.local/lib/python3.6/site-packages/pyarrow/pandas_compat.py", line 607, in dataframe_to_arrays
    arrays[i] = maybe_fut.result()
  File "/usr/local/lib/python3.6/concurrent/futures/_base.py", line 425, in result
    return self.__get_result()
  File "/usr/local/lib/python3.6/concurrent/futures/_base.py", line 384, in __get_result
    raise self._exception
  File "/usr/local/lib/python3.6/concurrent/futures/thread.py", line 56, in run
    result = self.fn(*self.args, **self.kwargs)
  File "/home/airflow/.local/lib/python3.6/site-packages/pyarrow/pandas_compat.py", line 581, in convert_column
    raise e
  File "/home/airflow/.local/lib/python3.6/site-packages/pyarrow/pandas_compat.py", line 575, in convert_column
    result = pa.array(col, type=type_, from_pandas=True, safe=safe)
  File "pyarrow/array.pxi", line 302, in pyarrow.lib.array
  File "pyarrow/array.pxi", line 83, in pyarrow.lib._ndarray_to_array
  File "pyarrow/error.pxi", line 122, in pyarrow.lib.check_status
pyarrow.lib.ArrowTypeError: ("Expected bytes, got a 'int' object", 'Conversion failed for column store_and_fwd_flag with type object')
[2024-03-30 12:12:20,792] {local_task_job.py:154} INFO - Task exited with return code 1
[2024-03-30 12:12:20,834] {local_task_job.py:264} INFO - 0 downstream tasks scheduled from follow-on schedule check
[2024-04-30 07:33:40,297] {taskinstance.py:1032} INFO - Dependencies all met for <TaskInstance: ingest_data_bigquery.local_to_gcs_task scheduled__2023-10-02T06:00:00+00:00 [queued]>
[2024-04-30 07:33:40,310] {taskinstance.py:1032} INFO - Dependencies all met for <TaskInstance: ingest_data_bigquery.local_to_gcs_task scheduled__2023-10-02T06:00:00+00:00 [queued]>
[2024-04-30 07:33:40,311] {taskinstance.py:1238} INFO - 
--------------------------------------------------------------------------------
[2024-04-30 07:33:40,311] {taskinstance.py:1239} INFO - Starting attempt 2 of 3
[2024-04-30 07:33:40,311] {taskinstance.py:1240} INFO - 
--------------------------------------------------------------------------------
[2024-04-30 07:33:40,324] {taskinstance.py:1259} INFO - Executing <Task(PythonOperator): local_to_gcs_task> on 2023-10-02 06:00:00+00:00
[2024-04-30 07:33:40,331] {standard_task_runner.py:52} INFO - Started process 2367 to run task
[2024-04-30 07:33:40,337] {standard_task_runner.py:76} INFO - Running: ['***', 'tasks', 'run', 'ingest_data_bigquery', 'local_to_gcs_task', 'scheduled__2023-10-02T06:00:00+00:00', '--job-id', '3652', '--raw', '--subdir', 'DAGS_FOLDER/data_ingestion_gcs_dag.py', '--cfg-path', '/tmp/tmpfm1apd64', '--error-file', '/tmp/tmpkpb2i2dl']
[2024-04-30 07:33:40,343] {standard_task_runner.py:77} INFO - Job 3652: Subtask local_to_gcs_task
[2024-04-30 07:33:40,416] {logging_mixin.py:109} INFO - Running <TaskInstance: ingest_data_bigquery.local_to_gcs_task scheduled__2023-10-02T06:00:00+00:00 [running]> on host 4d5ad4aa2a9b
[2024-04-30 07:33:40,461] {warnings.py:99} WARNING - /home/***/.local/lib/python3.6/site-packages/***/utils/context.py:152: AirflowContextDeprecationWarning: Accessing 'execution_date' from the template is deprecated and will be removed in a future version. Please use 'data_interval_start' or 'logical_date' instead.
  warnings.warn(_create_deprecation_warning(key, self._deprecation_replacements[key]))

[2024-04-30 07:33:40,492] {taskinstance.py:1426} INFO - Exporting the following env vars:
AIRFLOW_CTX_DAG_OWNER=***
AIRFLOW_CTX_DAG_ID=ingest_data_bigquery
AIRFLOW_CTX_TASK_ID=local_to_gcs_task
AIRFLOW_CTX_EXECUTION_DATE=2023-10-02T06:00:00+00:00
AIRFLOW_CTX_DAG_RUN_ID=scheduled__2023-10-02T06:00:00+00:00
[2024-04-30 07:33:40,545] {taskinstance.py:1700} ERROR - Task failed with exception
Traceback (most recent call last):
  File "/home/airflow/.local/lib/python3.6/site-packages/airflow/models/taskinstance.py", line 1329, in _run_raw_task
    self._execute_task_with_callbacks(context)
  File "/home/airflow/.local/lib/python3.6/site-packages/airflow/models/taskinstance.py", line 1455, in _execute_task_with_callbacks
    result = self._execute_task(context, self.task)
  File "/home/airflow/.local/lib/python3.6/site-packages/airflow/models/taskinstance.py", line 1511, in _execute_task
    result = execute_callable(context=context)
  File "/home/airflow/.local/lib/python3.6/site-packages/airflow/operators/python.py", line 174, in execute
    return_value = self.execute_callable()
  File "/home/airflow/.local/lib/python3.6/site-packages/airflow/operators/python.py", line 185, in execute_callable
    return self.python_callable(*self.op_args, **self.op_kwargs)
  File "/opt/airflow/dags/data_ingestion_gcs_dag.py", line 81, in upload_to_gcs
    __clean_file(raw_file_name, clean_file_name)
  File "/opt/airflow/dags/data_ingestion_gcs_dag.py", line 57, in __clean_file
    df = pd.read_parquet(raw_file_name)
  File "/home/airflow/.local/lib/python3.6/site-packages/pandas/io/parquet.py", line 317, in read_parquet
    return impl.read(path, columns=columns, **kwargs)
  File "/home/airflow/.local/lib/python3.6/site-packages/pandas/io/parquet.py", line 142, in read
    path, columns=columns, filesystem=fs, **kwargs
  File "/home/airflow/.local/lib/python3.6/site-packages/pyarrow/parquet.py", line 1869, in read_table
    coerce_int96_timestamp_unit=coerce_int96_timestamp_unit
  File "/home/airflow/.local/lib/python3.6/site-packages/pyarrow/parquet.py", line 1697, in __init__
    ignore_prefixes=ignore_prefixes)
  File "/home/airflow/.local/lib/python3.6/site-packages/pyarrow/dataset.py", line 655, in dataset
    return _filesystem_dataset(source, **kwargs)
  File "/home/airflow/.local/lib/python3.6/site-packages/pyarrow/dataset.py", line 400, in _filesystem_dataset
    fs, paths_or_selector = _ensure_single_source(source, filesystem)
  File "/home/airflow/.local/lib/python3.6/site-packages/pyarrow/dataset.py", line 376, in _ensure_single_source
    raise FileNotFoundError(path)
FileNotFoundError: /opt/***/raw_data/yellowtaxi_tripdata_2023-10.parquet
[2024-04-30 07:33:40,566] {taskinstance.py:1277} INFO - Marking task as UP_FOR_RETRY. dag_id=ingest_data_bigquery, task_id=local_to_gcs_task, execution_date=20231002T060000, start_date=20240430T073340, end_date=20240430T073340
[2024-04-30 07:33:40,584] {standard_task_runner.py:92} ERROR - Failed to execute job 3652 for task local_to_gcs_task
Traceback (most recent call last):
  File "/home/airflow/.local/lib/python3.6/site-packages/airflow/task/task_runner/standard_task_runner.py", line 85, in _start_by_fork
    args.func(args, dag=self.dag)
  File "/home/airflow/.local/lib/python3.6/site-packages/airflow/cli/cli_parser.py", line 48, in command
    return func(*args, **kwargs)
  File "/home/airflow/.local/lib/python3.6/site-packages/airflow/utils/cli.py", line 92, in wrapper
    return f(*args, **kwargs)
  File "/home/airflow/.local/lib/python3.6/site-packages/airflow/cli/commands/task_command.py", line 298, in task_run
    _run_task_by_selected_method(args, dag, ti)
  File "/home/airflow/.local/lib/python3.6/site-packages/airflow/cli/commands/task_command.py", line 107, in _run_task_by_selected_method
    _run_raw_task(args, ti)
  File "/home/airflow/.local/lib/python3.6/site-packages/airflow/cli/commands/task_command.py", line 184, in _run_raw_task
    error_file=args.error_file,
  File "/home/airflow/.local/lib/python3.6/site-packages/airflow/utils/session.py", line 70, in wrapper
    return func(*args, session=session, **kwargs)
  File "/home/airflow/.local/lib/python3.6/site-packages/airflow/models/taskinstance.py", line 1329, in _run_raw_task
    self._execute_task_with_callbacks(context)
  File "/home/airflow/.local/lib/python3.6/site-packages/airflow/models/taskinstance.py", line 1455, in _execute_task_with_callbacks
    result = self._execute_task(context, self.task)
  File "/home/airflow/.local/lib/python3.6/site-packages/airflow/models/taskinstance.py", line 1511, in _execute_task
    result = execute_callable(context=context)
  File "/home/airflow/.local/lib/python3.6/site-packages/airflow/operators/python.py", line 174, in execute
    return_value = self.execute_callable()
  File "/home/airflow/.local/lib/python3.6/site-packages/airflow/operators/python.py", line 185, in execute_callable
    return self.python_callable(*self.op_args, **self.op_kwargs)
  File "/opt/airflow/dags/data_ingestion_gcs_dag.py", line 81, in upload_to_gcs
    __clean_file(raw_file_name, clean_file_name)
  File "/opt/airflow/dags/data_ingestion_gcs_dag.py", line 57, in __clean_file
    df = pd.read_parquet(raw_file_name)
  File "/home/airflow/.local/lib/python3.6/site-packages/pandas/io/parquet.py", line 317, in read_parquet
    return impl.read(path, columns=columns, **kwargs)
  File "/home/airflow/.local/lib/python3.6/site-packages/pandas/io/parquet.py", line 142, in read
    path, columns=columns, filesystem=fs, **kwargs
  File "/home/airflow/.local/lib/python3.6/site-packages/pyarrow/parquet.py", line 1869, in read_table
    coerce_int96_timestamp_unit=coerce_int96_timestamp_unit
  File "/home/airflow/.local/lib/python3.6/site-packages/pyarrow/parquet.py", line 1697, in __init__
    ignore_prefixes=ignore_prefixes)
  File "/home/airflow/.local/lib/python3.6/site-packages/pyarrow/dataset.py", line 655, in dataset
    return _filesystem_dataset(source, **kwargs)
  File "/home/airflow/.local/lib/python3.6/site-packages/pyarrow/dataset.py", line 400, in _filesystem_dataset
    fs, paths_or_selector = _ensure_single_source(source, filesystem)
  File "/home/airflow/.local/lib/python3.6/site-packages/pyarrow/dataset.py", line 376, in _ensure_single_source
    raise FileNotFoundError(path)
FileNotFoundError: /opt/***/raw_data/yellowtaxi_tripdata_2023-10.parquet
[2024-04-30 07:33:40,639] {local_task_job.py:154} INFO - Task exited with return code 1
[2024-04-30 07:33:40,690] {local_task_job.py:264} INFO - 0 downstream tasks scheduled from follow-on schedule check
