[2024-12-16 15:54:09,654] {taskinstance.py:1032} INFO - Dependencies all met for <TaskInstance: ingest_data_bigquery_fhvhv.local_to_gcs_task scheduled__2020-05-02T06:00:00+00:00 [queued]>
[2024-12-16 15:54:09,779] {taskinstance.py:1032} INFO - Dependencies all met for <TaskInstance: ingest_data_bigquery_fhvhv.local_to_gcs_task scheduled__2020-05-02T06:00:00+00:00 [queued]>
[2024-12-16 15:54:09,779] {taskinstance.py:1238} INFO - 
--------------------------------------------------------------------------------
[2024-12-16 15:54:09,790] {taskinstance.py:1239} INFO - Starting attempt 3 of 3
[2024-12-16 15:54:09,790] {taskinstance.py:1240} INFO - 
--------------------------------------------------------------------------------
[2024-12-16 15:54:09,881] {taskinstance.py:1259} INFO - Executing <Task(PythonOperator): local_to_gcs_task> on 2020-05-02 06:00:00+00:00
[2024-12-16 15:54:09,900] {standard_task_runner.py:52} INFO - Started process 102 to run task
[2024-12-16 15:54:09,935] {standard_task_runner.py:76} INFO - Running: ['***', 'tasks', 'run', 'ingest_data_bigquery_fhvhv', 'local_to_gcs_task', 'scheduled__2020-05-02T06:00:00+00:00', '--job-id', '5712', '--raw', '--subdir', 'DAGS_FOLDER/data_ingestion_gcs_fhvhv_dag.py', '--cfg-path', '/tmp/tmpgkzi5ml4', '--error-file', '/tmp/tmpri5t72jt']
[2024-12-16 15:54:09,958] {standard_task_runner.py:77} INFO - Job 5712: Subtask local_to_gcs_task
[2024-12-16 15:54:10,189] {logging_mixin.py:109} INFO - Running <TaskInstance: ingest_data_bigquery_fhvhv.local_to_gcs_task scheduled__2020-05-02T06:00:00+00:00 [running]> on host 78f99e82b508
[2024-12-16 15:54:10,300] {warnings.py:99} WARNING - /home/***/.local/lib/python3.6/site-packages/***/utils/context.py:152: AirflowContextDeprecationWarning: Accessing 'execution_date' from the template is deprecated and will be removed in a future version. Please use 'data_interval_start' or 'logical_date' instead.
  warnings.warn(_create_deprecation_warning(key, self._deprecation_replacements[key]))

[2024-12-16 15:54:10,445] {taskinstance.py:1426} INFO - Exporting the following env vars:
AIRFLOW_CTX_DAG_OWNER=***
AIRFLOW_CTX_DAG_ID=ingest_data_bigquery_fhvhv
AIRFLOW_CTX_TASK_ID=local_to_gcs_task
AIRFLOW_CTX_EXECUTION_DATE=2020-05-02T06:00:00+00:00
AIRFLOW_CTX_DAG_RUN_ID=scheduled__2020-05-02T06:00:00+00:00
[2024-12-16 15:54:43,263] {local_task_job.py:154} INFO - Task exited with return code Negsignal.SIGKILL
[2024-12-16 15:54:45,961] {taskinstance.py:1277} INFO - Marking task as FAILED. dag_id=ingest_data_bigquery_fhvhv, task_id=local_to_gcs_task, execution_date=20200502T060000, start_date=20241216T155409, end_date=20241216T155445
[2024-12-16 15:54:46,540] {local_task_job.py:264} INFO - 0 downstream tasks scheduled from follow-on schedule check
[2024-12-29 16:11:48,733] {taskinstance.py:1032} INFO - Dependencies all met for <TaskInstance: ingest_data_bigquery_fhvhv.local_to_gcs_task scheduled__2020-05-02T06:00:00+00:00 [queued]>
[2024-12-29 16:11:48,746] {taskinstance.py:1032} INFO - Dependencies all met for <TaskInstance: ingest_data_bigquery_fhvhv.local_to_gcs_task scheduled__2020-05-02T06:00:00+00:00 [queued]>
[2024-12-29 16:11:48,746] {taskinstance.py:1238} INFO - 
--------------------------------------------------------------------------------
[2024-12-29 16:11:48,746] {taskinstance.py:1239} INFO - Starting attempt 3 of 5
[2024-12-29 16:11:48,746] {taskinstance.py:1240} INFO - 
--------------------------------------------------------------------------------
[2024-12-29 16:11:48,757] {taskinstance.py:1259} INFO - Executing <Task(PythonOperator): local_to_gcs_task> on 2020-05-02 06:00:00+00:00
[2024-12-29 16:11:48,763] {standard_task_runner.py:52} INFO - Started process 1812 to run task
[2024-12-29 16:11:48,767] {standard_task_runner.py:76} INFO - Running: ['***', 'tasks', 'run', 'ingest_data_bigquery_fhvhv', 'local_to_gcs_task', 'scheduled__2020-05-02T06:00:00+00:00', '--job-id', '6058', '--raw', '--subdir', 'DAGS_FOLDER/data_ingestion_gcs_fhvhv_dag.py', '--cfg-path', '/tmp/tmphyymfsj_', '--error-file', '/tmp/tmp_fpcmvjo']
[2024-12-29 16:11:48,771] {standard_task_runner.py:77} INFO - Job 6058: Subtask local_to_gcs_task
[2024-12-29 16:11:48,837] {logging_mixin.py:109} INFO - Running <TaskInstance: ingest_data_bigquery_fhvhv.local_to_gcs_task scheduled__2020-05-02T06:00:00+00:00 [running]> on host 0c347e2f1967
[2024-12-29 16:11:48,874] {warnings.py:99} WARNING - /home/***/.local/lib/python3.6/site-packages/***/utils/context.py:152: AirflowContextDeprecationWarning: Accessing 'execution_date' from the template is deprecated and will be removed in a future version. Please use 'data_interval_start' or 'logical_date' instead.
  warnings.warn(_create_deprecation_warning(key, self._deprecation_replacements[key]))

[2024-12-29 16:11:48,897] {taskinstance.py:1426} INFO - Exporting the following env vars:
AIRFLOW_CTX_DAG_OWNER=***
AIRFLOW_CTX_DAG_ID=ingest_data_bigquery_fhvhv
AIRFLOW_CTX_TASK_ID=local_to_gcs_task
AIRFLOW_CTX_EXECUTION_DATE=2020-05-02T06:00:00+00:00
AIRFLOW_CTX_DAG_RUN_ID=scheduled__2020-05-02T06:00:00+00:00
[2024-12-29 16:12:02,692] {python.py:175} INFO - Done. Returned value was: None
[2024-12-29 16:12:02,707] {taskinstance.py:1277} INFO - Marking task as SUCCESS. dag_id=ingest_data_bigquery_fhvhv, task_id=local_to_gcs_task, execution_date=20200502T060000, start_date=20241229T161148, end_date=20241229T161202
[2024-12-29 16:12:02,769] {local_task_job.py:154} INFO - Task exited with return code 0
[2024-12-29 16:12:02,804] {local_task_job.py:264} INFO - 1 downstream tasks scheduled from follow-on schedule check
