[2024-03-29 08:27:44,288] {taskinstance.py:1032} INFO - Dependencies all met for <TaskInstance: ingest_data_bigquery.bigquery_external_table_task scheduled__2022-08-02T06:00:00+00:00 [queued]>
[2024-03-29 08:27:44,369] {taskinstance.py:1032} INFO - Dependencies all met for <TaskInstance: ingest_data_bigquery.bigquery_external_table_task scheduled__2022-08-02T06:00:00+00:00 [queued]>
[2024-03-29 08:27:44,370] {taskinstance.py:1238} INFO - 
--------------------------------------------------------------------------------
[2024-03-29 08:27:44,370] {taskinstance.py:1239} INFO - Starting attempt 1 of 4
[2024-03-29 08:27:44,370] {taskinstance.py:1240} INFO - 
--------------------------------------------------------------------------------
[2024-03-29 08:27:44,548] {taskinstance.py:1259} INFO - Executing <Task(BigQueryCreateExternalTableOperator): bigquery_external_table_task> on 2022-08-02 06:00:00+00:00
[2024-03-29 08:27:44,583] {standard_task_runner.py:52} INFO - Started process 1659 to run task
[2024-03-29 08:27:44,634] {standard_task_runner.py:76} INFO - Running: ['***', 'tasks', 'run', 'ingest_data_bigquery', 'bigquery_external_table_task', 'scheduled__2022-08-02T06:00:00+00:00', '--job-id', '1798', '--raw', '--subdir', 'DAGS_FOLDER/data_ingestion_gcs_dag.py', '--cfg-path', '/tmp/tmp8wv_xck_', '--error-file', '/tmp/tmpm_gyrgzm']
[2024-03-29 08:27:44,712] {standard_task_runner.py:77} INFO - Job 1798: Subtask bigquery_external_table_task
[2024-03-29 08:27:45,076] {logging_mixin.py:109} INFO - Running <TaskInstance: ingest_data_bigquery.bigquery_external_table_task scheduled__2022-08-02T06:00:00+00:00 [running]> on host b5e5a5778b83
[2024-03-29 08:27:45,243] {warnings.py:99} WARNING - /home/***/.local/lib/python3.6/site-packages/***/utils/context.py:152: AirflowContextDeprecationWarning: Accessing 'execution_date' from the template is deprecated and will be removed in a future version. Please use 'data_interval_start' or 'logical_date' instead.
  warnings.warn(_create_deprecation_warning(key, self._deprecation_replacements[key]))

[2024-03-29 08:27:45,332] {taskinstance.py:1426} INFO - Exporting the following env vars:
AIRFLOW_CTX_DAG_OWNER=***
AIRFLOW_CTX_DAG_ID=ingest_data_bigquery
AIRFLOW_CTX_TASK_ID=bigquery_external_table_task
AIRFLOW_CTX_EXECUTION_DATE=2022-08-02T06:00:00+00:00
AIRFLOW_CTX_DAG_RUN_ID=scheduled__2022-08-02T06:00:00+00:00
[2024-03-29 08:27:45,335] {crypto.py:82} WARNING - empty cryptography key - values will not be stored encrypted.
[2024-03-29 08:27:45,386] {warnings.py:99} WARNING - /home/***/.local/lib/python3.6/site-packages/***/providers/google/cloud/hooks/bigquery.py:637: DeprecationWarning: This method is deprecated. Please use `BigQueryHook.create_empty_table` method with passing the `table_resource` object. This gives more flexibility than this method.
  DeprecationWarning,

[2024-03-29 08:27:45,393] {bigquery.py:700} INFO - Creating external table: test_dataset.external_table
[2024-03-29 08:27:45,926] {taskinstance.py:1700} ERROR - Task failed with exception
Traceback (most recent call last):
  File "/home/airflow/.local/lib/python3.6/site-packages/airflow/models/taskinstance.py", line 1329, in _run_raw_task
    self._execute_task_with_callbacks(context)
  File "/home/airflow/.local/lib/python3.6/site-packages/airflow/models/taskinstance.py", line 1455, in _execute_task_with_callbacks
    result = self._execute_task(context, self.task)
  File "/home/airflow/.local/lib/python3.6/site-packages/airflow/models/taskinstance.py", line 1511, in _execute_task
    result = execute_callable(context=context)
  File "/home/airflow/.local/lib/python3.6/site-packages/airflow/providers/google/cloud/operators/bigquery.py", line 1226, in execute
    encryption_configuration=self.encryption_configuration,
  File "/home/airflow/.local/lib/python3.6/site-packages/airflow/providers/google/common/hooks/base_google.py", line 430, in inner_wrapper
    return func(self, *args, **kwargs)
  File "/home/airflow/.local/lib/python3.6/site-packages/airflow/providers/google/cloud/hooks/bigquery.py", line 702, in create_external_table
    table_resource=table.to_api_repr(), project_id=project_id, location=location, exists_ok=True
  File "/home/airflow/.local/lib/python3.6/site-packages/airflow/providers/google/common/hooks/base_google.py", line 430, in inner_wrapper
    return func(self, *args, **kwargs)
  File "/home/airflow/.local/lib/python3.6/site-packages/airflow/providers/google/cloud/hooks/bigquery.py", line 408, in create_empty_table
    table=table, exists_ok=exists_ok, retry=retry
  File "/home/airflow/.local/lib/python3.6/site-packages/google/cloud/bigquery/client.py", line 755, in create_table
    timeout=timeout,
  File "/home/airflow/.local/lib/python3.6/site-packages/google/cloud/bigquery/client.py", line 782, in _call_api
    return call()
  File "/home/airflow/.local/lib/python3.6/site-packages/google/api_core/retry.py", line 291, in retry_wrapped_func
    on_error=on_error,
  File "/home/airflow/.local/lib/python3.6/site-packages/google/api_core/retry.py", line 189, in retry_target
    return target()
  File "/home/airflow/.local/lib/python3.6/site-packages/google/cloud/_http.py", line 484, in api_request
    raise exceptions.from_http_response(response)
google.api_core.exceptions.BadRequest: 400 POST https://bigquery.googleapis.com/bigquery/v2/projects/ny-rides-peter-415106/datasets/test_dataset/tables?prettyPrint=false: When defining a table with an ExternalDataConfiguration, a schema must be present on either the Table or the ExternalDataConfiguration. If the schema is present on both, the schemas must be the same.
[2024-03-29 08:27:45,963] {taskinstance.py:1277} INFO - Marking task as UP_FOR_RETRY. dag_id=ingest_data_bigquery, task_id=bigquery_external_table_task, execution_date=20220802T060000, start_date=20240329T082744, end_date=20240329T082745
[2024-03-29 08:27:46,031] {standard_task_runner.py:92} ERROR - Failed to execute job 1798 for task bigquery_external_table_task
Traceback (most recent call last):
  File "/home/airflow/.local/lib/python3.6/site-packages/airflow/task/task_runner/standard_task_runner.py", line 85, in _start_by_fork
    args.func(args, dag=self.dag)
  File "/home/airflow/.local/lib/python3.6/site-packages/airflow/cli/cli_parser.py", line 48, in command
    return func(*args, **kwargs)
  File "/home/airflow/.local/lib/python3.6/site-packages/airflow/utils/cli.py", line 92, in wrapper
    return f(*args, **kwargs)
  File "/home/airflow/.local/lib/python3.6/site-packages/airflow/cli/commands/task_command.py", line 298, in task_run
    _run_task_by_selected_method(args, dag, ti)
  File "/home/airflow/.local/lib/python3.6/site-packages/airflow/cli/commands/task_command.py", line 107, in _run_task_by_selected_method
    _run_raw_task(args, ti)
  File "/home/airflow/.local/lib/python3.6/site-packages/airflow/cli/commands/task_command.py", line 184, in _run_raw_task
    error_file=args.error_file,
  File "/home/airflow/.local/lib/python3.6/site-packages/airflow/utils/session.py", line 70, in wrapper
    return func(*args, session=session, **kwargs)
  File "/home/airflow/.local/lib/python3.6/site-packages/airflow/models/taskinstance.py", line 1329, in _run_raw_task
    self._execute_task_with_callbacks(context)
  File "/home/airflow/.local/lib/python3.6/site-packages/airflow/models/taskinstance.py", line 1455, in _execute_task_with_callbacks
    result = self._execute_task(context, self.task)
  File "/home/airflow/.local/lib/python3.6/site-packages/airflow/models/taskinstance.py", line 1511, in _execute_task
    result = execute_callable(context=context)
  File "/home/airflow/.local/lib/python3.6/site-packages/airflow/providers/google/cloud/operators/bigquery.py", line 1226, in execute
    encryption_configuration=self.encryption_configuration,
  File "/home/airflow/.local/lib/python3.6/site-packages/airflow/providers/google/common/hooks/base_google.py", line 430, in inner_wrapper
    return func(self, *args, **kwargs)
  File "/home/airflow/.local/lib/python3.6/site-packages/airflow/providers/google/cloud/hooks/bigquery.py", line 702, in create_external_table
    table_resource=table.to_api_repr(), project_id=project_id, location=location, exists_ok=True
  File "/home/airflow/.local/lib/python3.6/site-packages/airflow/providers/google/common/hooks/base_google.py", line 430, in inner_wrapper
    return func(self, *args, **kwargs)
  File "/home/airflow/.local/lib/python3.6/site-packages/airflow/providers/google/cloud/hooks/bigquery.py", line 408, in create_empty_table
    table=table, exists_ok=exists_ok, retry=retry
  File "/home/airflow/.local/lib/python3.6/site-packages/google/cloud/bigquery/client.py", line 755, in create_table
    timeout=timeout,
  File "/home/airflow/.local/lib/python3.6/site-packages/google/cloud/bigquery/client.py", line 782, in _call_api
    return call()
  File "/home/airflow/.local/lib/python3.6/site-packages/google/api_core/retry.py", line 291, in retry_wrapped_func
    on_error=on_error,
  File "/home/airflow/.local/lib/python3.6/site-packages/google/api_core/retry.py", line 189, in retry_target
    return target()
  File "/home/airflow/.local/lib/python3.6/site-packages/google/cloud/_http.py", line 484, in api_request
    raise exceptions.from_http_response(response)
google.api_core.exceptions.BadRequest: 400 POST https://bigquery.googleapis.com/bigquery/v2/projects/ny-rides-peter-415106/datasets/test_dataset/tables?prettyPrint=false: When defining a table with an ExternalDataConfiguration, a schema must be present on either the Table or the ExternalDataConfiguration. If the schema is present on both, the schemas must be the same.
[2024-03-29 08:27:46,154] {local_task_job.py:154} INFO - Task exited with return code 1
[2024-03-29 08:27:46,628] {local_task_job.py:264} INFO - 0 downstream tasks scheduled from follow-on schedule check
[2024-03-30 03:53:37,675] {taskinstance.py:1032} INFO - Dependencies all met for <TaskInstance: ingest_data_bigquery.bigquery_external_table_task scheduled__2022-08-02T06:00:00+00:00 [queued]>
[2024-03-30 03:53:37,892] {taskinstance.py:1032} INFO - Dependencies all met for <TaskInstance: ingest_data_bigquery.bigquery_external_table_task scheduled__2022-08-02T06:00:00+00:00 [queued]>
[2024-03-30 03:53:37,892] {taskinstance.py:1238} INFO - 
--------------------------------------------------------------------------------
[2024-03-30 03:53:37,892] {taskinstance.py:1239} INFO - Starting attempt 1 of 4
[2024-03-30 03:53:37,892] {taskinstance.py:1240} INFO - 
--------------------------------------------------------------------------------
[2024-03-30 03:53:38,099] {taskinstance.py:1259} INFO - Executing <Task(BigQueryCreateExternalTableOperator): bigquery_external_table_task> on 2022-08-02 06:00:00+00:00
[2024-03-30 03:53:38,160] {standard_task_runner.py:52} INFO - Started process 2170 to run task
[2024-03-30 03:53:38,254] {standard_task_runner.py:76} INFO - Running: ['***', 'tasks', 'run', 'ingest_data_bigquery', 'bigquery_external_table_task', 'scheduled__2022-08-02T06:00:00+00:00', '--job-id', '2001', '--raw', '--subdir', 'DAGS_FOLDER/data_ingestion_gcs_dag.py', '--cfg-path', '/tmp/tmphduosoff', '--error-file', '/tmp/tmphwevflfu']
[2024-03-30 03:53:38,323] {standard_task_runner.py:77} INFO - Job 2001: Subtask bigquery_external_table_task
[2024-03-30 03:53:38,498] {logging_mixin.py:109} INFO - Running <TaskInstance: ingest_data_bigquery.bigquery_external_table_task scheduled__2022-08-02T06:00:00+00:00 [running]> on host 98c5b3fde4c4
[2024-03-30 03:53:38,793] {warnings.py:99} WARNING - /home/***/.local/lib/python3.6/site-packages/***/utils/context.py:152: AirflowContextDeprecationWarning: Accessing 'execution_date' from the template is deprecated and will be removed in a future version. Please use 'data_interval_start' or 'logical_date' instead.
  warnings.warn(_create_deprecation_warning(key, self._deprecation_replacements[key]))

[2024-03-30 03:53:38,967] {taskinstance.py:1426} INFO - Exporting the following env vars:
AIRFLOW_CTX_DAG_OWNER=***
AIRFLOW_CTX_DAG_ID=ingest_data_bigquery
AIRFLOW_CTX_TASK_ID=bigquery_external_table_task
AIRFLOW_CTX_EXECUTION_DATE=2022-08-02T06:00:00+00:00
AIRFLOW_CTX_DAG_RUN_ID=scheduled__2022-08-02T06:00:00+00:00
[2024-03-30 03:53:38,969] {crypto.py:82} WARNING - empty cryptography key - values will not be stored encrypted.
[2024-03-30 03:53:39,065] {warnings.py:99} WARNING - /home/***/.local/lib/python3.6/site-packages/***/providers/google/cloud/hooks/bigquery.py:637: DeprecationWarning: This method is deprecated. Please use `BigQueryHook.create_empty_table` method with passing the `table_resource` object. This gives more flexibility than this method.
  DeprecationWarning,

[2024-03-30 03:53:39,103] {bigquery.py:700} INFO - Creating external table: test_dataset.external_table
[2024-03-30 03:53:40,021] {bigquery.py:704} INFO - External table created successfully: test_dataset.external_table
[2024-03-30 03:53:40,038] {taskinstance.py:1277} INFO - Marking task as SUCCESS. dag_id=ingest_data_bigquery, task_id=bigquery_external_table_task, execution_date=20220802T060000, start_date=20240330T035337, end_date=20240330T035340
[2024-03-30 03:53:40,208] {local_task_job.py:154} INFO - Task exited with return code 0
[2024-03-30 03:53:40,341] {local_task_job.py:264} INFO - 0 downstream tasks scheduled from follow-on schedule check
[2024-03-30 04:19:14,357] {taskinstance.py:1032} INFO - Dependencies all met for <TaskInstance: ingest_data_bigquery.bigquery_external_table_task scheduled__2022-08-02T06:00:00+00:00 [queued]>
[2024-03-30 04:19:14,383] {taskinstance.py:1032} INFO - Dependencies all met for <TaskInstance: ingest_data_bigquery.bigquery_external_table_task scheduled__2022-08-02T06:00:00+00:00 [queued]>
[2024-03-30 04:19:14,383] {taskinstance.py:1238} INFO - 
--------------------------------------------------------------------------------
[2024-03-30 04:19:14,383] {taskinstance.py:1239} INFO - Starting attempt 1 of 4
[2024-03-30 04:19:14,383] {taskinstance.py:1240} INFO - 
--------------------------------------------------------------------------------
[2024-03-30 04:19:14,406] {taskinstance.py:1259} INFO - Executing <Task(BigQueryCreateExternalTableOperator): bigquery_external_table_task> on 2022-08-02 06:00:00+00:00
[2024-03-30 04:19:14,417] {standard_task_runner.py:52} INFO - Started process 3831 to run task
[2024-03-30 04:19:14,454] {standard_task_runner.py:76} INFO - Running: ['***', 'tasks', 'run', 'ingest_data_bigquery', 'bigquery_external_table_task', 'scheduled__2022-08-02T06:00:00+00:00', '--job-id', '2151', '--raw', '--subdir', 'DAGS_FOLDER/data_ingestion_gcs_dag.py', '--cfg-path', '/tmp/tmp4rj7t9id', '--error-file', '/tmp/tmp3zou9c7x']
[2024-03-30 04:19:14,477] {standard_task_runner.py:77} INFO - Job 2151: Subtask bigquery_external_table_task
[2024-03-30 04:19:14,610] {logging_mixin.py:109} INFO - Running <TaskInstance: ingest_data_bigquery.bigquery_external_table_task scheduled__2022-08-02T06:00:00+00:00 [running]> on host 98c5b3fde4c4
[2024-03-30 04:19:14,725] {warnings.py:99} WARNING - /home/***/.local/lib/python3.6/site-packages/***/utils/context.py:152: AirflowContextDeprecationWarning: Accessing 'execution_date' from the template is deprecated and will be removed in a future version. Please use 'data_interval_start' or 'logical_date' instead.
  warnings.warn(_create_deprecation_warning(key, self._deprecation_replacements[key]))

[2024-03-30 04:19:14,761] {taskinstance.py:1426} INFO - Exporting the following env vars:
AIRFLOW_CTX_DAG_OWNER=***
AIRFLOW_CTX_DAG_ID=ingest_data_bigquery
AIRFLOW_CTX_TASK_ID=bigquery_external_table_task
AIRFLOW_CTX_EXECUTION_DATE=2022-08-02T06:00:00+00:00
AIRFLOW_CTX_DAG_RUN_ID=scheduled__2022-08-02T06:00:00+00:00
[2024-03-30 04:19:14,763] {crypto.py:82} WARNING - empty cryptography key - values will not be stored encrypted.
[2024-03-30 04:19:14,774] {warnings.py:99} WARNING - /home/***/.local/lib/python3.6/site-packages/***/providers/google/cloud/hooks/bigquery.py:637: DeprecationWarning: This method is deprecated. Please use `BigQueryHook.create_empty_table` method with passing the `table_resource` object. This gives more flexibility than this method.
  DeprecationWarning,

[2024-03-30 04:19:14,776] {bigquery.py:700} INFO - Creating external table: test_dataset.yellowtaxi_trips
[2024-03-30 04:19:15,139] {bigquery.py:704} INFO - External table created successfully: test_dataset.yellowtaxi_trips
[2024-03-30 04:19:15,158] {taskinstance.py:1277} INFO - Marking task as SUCCESS. dag_id=ingest_data_bigquery, task_id=bigquery_external_table_task, execution_date=20220802T060000, start_date=20240330T041914, end_date=20240330T041915
[2024-03-30 04:19:15,207] {local_task_job.py:154} INFO - Task exited with return code 0
[2024-03-30 04:19:15,247] {local_task_job.py:264} INFO - 0 downstream tasks scheduled from follow-on schedule check
[2024-03-30 04:19:15,269] {dagrun.py:545} INFO - Marking run <DagRun ingest_data_bigquery @ 2022-08-02 06:00:00+00:00: scheduled__2022-08-02T06:00:00+00:00, externally triggered: False> successful
[2024-03-30 04:19:15,271] {dagrun.py:605} INFO - DagRun Finished: dag_id=ingest_data_bigquery, execution_date=2022-08-02 06:00:00+00:00, run_id=scheduled__2022-08-02T06:00:00+00:00, run_start_date=2024-03-30 04:18:47.213111+00:00, run_end_date=2024-03-30 04:19:15.271370+00:00, run_duration=28.058259, state=success, external_trigger=False, run_type=scheduled, data_interval_start=2022-08-02 06:00:00+00:00, data_interval_end=2022-09-02 06:00:00+00:00, dag_hash=3c96cb0b8efedbcc6cd1d83d3c490f1d
[2024-03-30 04:25:58,169] {taskinstance.py:1032} INFO - Dependencies all met for <TaskInstance: ingest_data_bigquery.bigquery_external_table_task scheduled__2022-08-02T06:00:00+00:00 [queued]>
[2024-03-30 04:25:58,223] {taskinstance.py:1032} INFO - Dependencies all met for <TaskInstance: ingest_data_bigquery.bigquery_external_table_task scheduled__2022-08-02T06:00:00+00:00 [queued]>
[2024-03-30 04:25:58,223] {taskinstance.py:1238} INFO - 
--------------------------------------------------------------------------------
[2024-03-30 04:25:58,224] {taskinstance.py:1239} INFO - Starting attempt 1 of 4
[2024-03-30 04:25:58,225] {taskinstance.py:1240} INFO - 
--------------------------------------------------------------------------------
[2024-03-30 04:25:58,286] {taskinstance.py:1259} INFO - Executing <Task(BigQueryCreateExternalTableOperator): bigquery_external_table_task> on 2022-08-02 06:00:00+00:00
[2024-03-30 04:25:58,337] {standard_task_runner.py:76} INFO - Running: ['***', 'tasks', 'run', 'ingest_data_bigquery', 'bigquery_external_table_task', 'scheduled__2022-08-02T06:00:00+00:00', '--job-id', '2241', '--raw', '--subdir', 'DAGS_FOLDER/data_ingestion_gcs_dag.py', '--cfg-path', '/tmp/tmp7i2trm43', '--error-file', '/tmp/tmpygj1izfh']
[2024-03-30 04:25:58,370] {standard_task_runner.py:77} INFO - Job 2241: Subtask bigquery_external_table_task
[2024-03-30 04:25:58,315] {standard_task_runner.py:52} INFO - Started process 4505 to run task
[2024-03-30 04:25:58,844] {logging_mixin.py:109} INFO - Running <TaskInstance: ingest_data_bigquery.bigquery_external_table_task scheduled__2022-08-02T06:00:00+00:00 [running]> on host 98c5b3fde4c4
[2024-03-30 04:25:59,106] {warnings.py:99} WARNING - /home/***/.local/lib/python3.6/site-packages/***/utils/context.py:152: AirflowContextDeprecationWarning: Accessing 'execution_date' from the template is deprecated and will be removed in a future version. Please use 'data_interval_start' or 'logical_date' instead.
  warnings.warn(_create_deprecation_warning(key, self._deprecation_replacements[key]))

[2024-03-30 04:25:59,229] {taskinstance.py:1426} INFO - Exporting the following env vars:
AIRFLOW_CTX_DAG_OWNER=***
AIRFLOW_CTX_DAG_ID=ingest_data_bigquery
AIRFLOW_CTX_TASK_ID=bigquery_external_table_task
AIRFLOW_CTX_EXECUTION_DATE=2022-08-02T06:00:00+00:00
AIRFLOW_CTX_DAG_RUN_ID=scheduled__2022-08-02T06:00:00+00:00
[2024-03-30 04:25:59,231] {crypto.py:82} WARNING - empty cryptography key - values will not be stored encrypted.
[2024-03-30 04:25:59,265] {warnings.py:99} WARNING - /home/***/.local/lib/python3.6/site-packages/***/providers/google/cloud/hooks/bigquery.py:637: DeprecationWarning: This method is deprecated. Please use `BigQueryHook.create_empty_table` method with passing the `table_resource` object. This gives more flexibility than this method.
  DeprecationWarning,

[2024-03-30 04:25:59,269] {bigquery.py:700} INFO - Creating external table: test_dataset.yellowtaxi_trips
[2024-03-30 04:25:59,910] {bigquery.py:704} INFO - External table created successfully: test_dataset.yellowtaxi_trips
[2024-03-30 04:25:59,938] {taskinstance.py:1277} INFO - Marking task as SUCCESS. dag_id=ingest_data_bigquery, task_id=bigquery_external_table_task, execution_date=20220802T060000, start_date=20240330T042558, end_date=20240330T042559
[2024-03-30 04:26:00,066] {local_task_job.py:154} INFO - Task exited with return code 0
[2024-03-30 04:26:00,160] {local_task_job.py:264} INFO - 0 downstream tasks scheduled from follow-on schedule check
[2024-03-30 04:44:02,131] {taskinstance.py:1032} INFO - Dependencies all met for <TaskInstance: ingest_data_bigquery.bigquery_external_table_task scheduled__2022-08-02T06:00:00+00:00 [queued]>
[2024-03-30 04:44:02,144] {taskinstance.py:1032} INFO - Dependencies all met for <TaskInstance: ingest_data_bigquery.bigquery_external_table_task scheduled__2022-08-02T06:00:00+00:00 [queued]>
[2024-03-30 04:44:02,145] {taskinstance.py:1238} INFO - 
--------------------------------------------------------------------------------
[2024-03-30 04:44:02,145] {taskinstance.py:1239} INFO - Starting attempt 1 of 4
[2024-03-30 04:44:02,145] {taskinstance.py:1240} INFO - 
--------------------------------------------------------------------------------
[2024-03-30 04:44:02,155] {taskinstance.py:1259} INFO - Executing <Task(BigQueryCreateExternalTableOperator): bigquery_external_table_task> on 2022-08-02 06:00:00+00:00
[2024-03-30 04:44:02,161] {standard_task_runner.py:52} INFO - Started process 5620 to run task
[2024-03-30 04:44:02,167] {standard_task_runner.py:76} INFO - Running: ['***', 'tasks', 'run', 'ingest_data_bigquery', 'bigquery_external_table_task', 'scheduled__2022-08-02T06:00:00+00:00', '--job-id', '2328', '--raw', '--subdir', 'DAGS_FOLDER/data_ingestion_gcs_dag.py', '--cfg-path', '/tmp/tmppx9_mbh7', '--error-file', '/tmp/tmp3xdwjjn4']
[2024-03-30 04:44:02,173] {standard_task_runner.py:77} INFO - Job 2328: Subtask bigquery_external_table_task
[2024-03-30 04:44:02,242] {logging_mixin.py:109} INFO - Running <TaskInstance: ingest_data_bigquery.bigquery_external_table_task scheduled__2022-08-02T06:00:00+00:00 [running]> on host 98c5b3fde4c4
[2024-03-30 04:44:02,279] {warnings.py:99} WARNING - /home/***/.local/lib/python3.6/site-packages/***/utils/context.py:152: AirflowContextDeprecationWarning: Accessing 'execution_date' from the template is deprecated and will be removed in a future version. Please use 'data_interval_start' or 'logical_date' instead.
  warnings.warn(_create_deprecation_warning(key, self._deprecation_replacements[key]))

[2024-03-30 04:44:02,303] {taskinstance.py:1426} INFO - Exporting the following env vars:
AIRFLOW_CTX_DAG_OWNER=***
AIRFLOW_CTX_DAG_ID=ingest_data_bigquery
AIRFLOW_CTX_TASK_ID=bigquery_external_table_task
AIRFLOW_CTX_EXECUTION_DATE=2022-08-02T06:00:00+00:00
AIRFLOW_CTX_DAG_RUN_ID=scheduled__2022-08-02T06:00:00+00:00
[2024-03-30 04:44:02,304] {crypto.py:82} WARNING - empty cryptography key - values will not be stored encrypted.
[2024-03-30 04:44:02,312] {warnings.py:99} WARNING - /home/***/.local/lib/python3.6/site-packages/***/providers/google/cloud/hooks/bigquery.py:637: DeprecationWarning: This method is deprecated. Please use `BigQueryHook.create_empty_table` method with passing the `table_resource` object. This gives more flexibility than this method.
  DeprecationWarning,

[2024-03-30 04:44:02,313] {bigquery.py:700} INFO - Creating external table: test_dataset.yellowtaxi_trips
[2024-03-30 04:44:02,676] {bigquery.py:704} INFO - External table created successfully: test_dataset.yellowtaxi_trips
[2024-03-30 04:44:02,689] {taskinstance.py:1277} INFO - Marking task as SUCCESS. dag_id=ingest_data_bigquery, task_id=bigquery_external_table_task, execution_date=20220802T060000, start_date=20240330T044402, end_date=20240330T044402
[2024-03-30 04:44:02,709] {local_task_job.py:154} INFO - Task exited with return code 0
[2024-03-30 04:44:02,926] {local_task_job.py:264} INFO - 0 downstream tasks scheduled from follow-on schedule check
[2024-03-30 05:00:26,146] {taskinstance.py:1032} INFO - Dependencies all met for <TaskInstance: ingest_data_bigquery.bigquery_external_table_task scheduled__2022-08-02T06:00:00+00:00 [queued]>
[2024-03-30 05:00:26,246] {taskinstance.py:1032} INFO - Dependencies all met for <TaskInstance: ingest_data_bigquery.bigquery_external_table_task scheduled__2022-08-02T06:00:00+00:00 [queued]>
[2024-03-30 05:00:26,248] {taskinstance.py:1238} INFO - 
--------------------------------------------------------------------------------
[2024-03-30 05:00:26,249] {taskinstance.py:1239} INFO - Starting attempt 1 of 4
[2024-03-30 05:00:26,249] {taskinstance.py:1240} INFO - 
--------------------------------------------------------------------------------
[2024-03-30 05:00:26,765] {taskinstance.py:1259} INFO - Executing <Task(BigQueryCreateExternalTableOperator): bigquery_external_table_task> on 2022-08-02 06:00:00+00:00
[2024-03-30 05:00:26,821] {standard_task_runner.py:76} INFO - Running: ['***', 'tasks', 'run', 'ingest_data_bigquery', 'bigquery_external_table_task', 'scheduled__2022-08-02T06:00:00+00:00', '--job-id', '2478', '--raw', '--subdir', 'DAGS_FOLDER/data_ingestion_gcs_dag.py', '--cfg-path', '/tmp/tmp9u9_y193', '--error-file', '/tmp/tmperncjh6x']
[2024-03-30 05:00:26,871] {standard_task_runner.py:77} INFO - Job 2478: Subtask bigquery_external_table_task
[2024-03-30 05:00:26,774] {standard_task_runner.py:52} INFO - Started process 6913 to run task
[2024-03-30 05:00:27,522] {logging_mixin.py:109} INFO - Running <TaskInstance: ingest_data_bigquery.bigquery_external_table_task scheduled__2022-08-02T06:00:00+00:00 [running]> on host 98c5b3fde4c4
[2024-03-30 05:00:28,284] {warnings.py:99} WARNING - /home/***/.local/lib/python3.6/site-packages/***/utils/context.py:152: AirflowContextDeprecationWarning: Accessing 'execution_date' from the template is deprecated and will be removed in a future version. Please use 'data_interval_start' or 'logical_date' instead.
  warnings.warn(_create_deprecation_warning(key, self._deprecation_replacements[key]))

[2024-03-30 05:00:28,415] {taskinstance.py:1426} INFO - Exporting the following env vars:
AIRFLOW_CTX_DAG_OWNER=***
AIRFLOW_CTX_DAG_ID=ingest_data_bigquery
AIRFLOW_CTX_TASK_ID=bigquery_external_table_task
AIRFLOW_CTX_EXECUTION_DATE=2022-08-02T06:00:00+00:00
AIRFLOW_CTX_DAG_RUN_ID=scheduled__2022-08-02T06:00:00+00:00
[2024-03-30 05:00:28,417] {crypto.py:82} WARNING - empty cryptography key - values will not be stored encrypted.
[2024-03-30 05:00:28,469] {warnings.py:99} WARNING - /home/***/.local/lib/python3.6/site-packages/***/providers/google/cloud/hooks/bigquery.py:637: DeprecationWarning: This method is deprecated. Please use `BigQueryHook.create_empty_table` method with passing the `table_resource` object. This gives more flexibility than this method.
  DeprecationWarning,

[2024-03-30 05:00:28,475] {bigquery.py:700} INFO - Creating external table: test_dataset.yellowtaxi_trips
[2024-03-30 05:00:29,251] {bigquery.py:704} INFO - External table created successfully: test_dataset.yellowtaxi_trips
[2024-03-30 05:00:29,279] {taskinstance.py:1277} INFO - Marking task as SUCCESS. dag_id=ingest_data_bigquery, task_id=bigquery_external_table_task, execution_date=20220802T060000, start_date=20240330T050026, end_date=20240330T050029
[2024-03-30 05:00:29,411] {local_task_job.py:154} INFO - Task exited with return code 0
[2024-03-30 05:00:29,719] {local_task_job.py:264} INFO - 0 downstream tasks scheduled from follow-on schedule check
[2024-03-30 09:03:10,032] {taskinstance.py:1032} INFO - Dependencies all met for <TaskInstance: ingest_data_bigquery.bigquery_external_table_task scheduled__2022-08-02T06:00:00+00:00 [queued]>
[2024-03-30 09:03:10,087] {taskinstance.py:1032} INFO - Dependencies all met for <TaskInstance: ingest_data_bigquery.bigquery_external_table_task scheduled__2022-08-02T06:00:00+00:00 [queued]>
[2024-03-30 09:03:10,087] {taskinstance.py:1238} INFO - 
--------------------------------------------------------------------------------
[2024-03-30 09:03:10,087] {taskinstance.py:1239} INFO - Starting attempt 1 of 4
[2024-03-30 09:03:10,087] {taskinstance.py:1240} INFO - 
--------------------------------------------------------------------------------
[2024-03-30 09:03:10,129] {taskinstance.py:1259} INFO - Executing <Task(BigQueryCreateExternalTableOperator): bigquery_external_table_task> on 2022-08-02 06:00:00+00:00
[2024-03-30 09:03:10,158] {standard_task_runner.py:52} INFO - Started process 18478 to run task
[2024-03-30 09:03:10,201] {standard_task_runner.py:76} INFO - Running: ['***', 'tasks', 'run', 'ingest_data_bigquery', 'bigquery_external_table_task', 'scheduled__2022-08-02T06:00:00+00:00', '--job-id', '2598', '--raw', '--subdir', 'DAGS_FOLDER/data_ingestion_gcs_dag.py', '--cfg-path', '/tmp/tmp_s0djt3p', '--error-file', '/tmp/tmpoua7vkyf']
[2024-03-30 09:03:10,249] {standard_task_runner.py:77} INFO - Job 2598: Subtask bigquery_external_table_task
[2024-03-30 09:03:10,842] {logging_mixin.py:109} INFO - Running <TaskInstance: ingest_data_bigquery.bigquery_external_table_task scheduled__2022-08-02T06:00:00+00:00 [running]> on host 98c5b3fde4c4
[2024-03-30 09:03:11,222] {taskinstance.py:1426} INFO - Exporting the following env vars:
AIRFLOW_CTX_DAG_OWNER=***
AIRFLOW_CTX_DAG_ID=ingest_data_bigquery
AIRFLOW_CTX_TASK_ID=bigquery_external_table_task
AIRFLOW_CTX_EXECUTION_DATE=2022-08-02T06:00:00+00:00
AIRFLOW_CTX_DAG_RUN_ID=scheduled__2022-08-02T06:00:00+00:00
[2024-03-30 09:03:11,227] {crypto.py:82} WARNING - empty cryptography key - values will not be stored encrypted.
[2024-03-30 09:03:11,247] {warnings.py:99} WARNING - /home/***/.local/lib/python3.6/site-packages/***/providers/google/cloud/hooks/bigquery.py:637: DeprecationWarning: This method is deprecated. Please use `BigQueryHook.create_empty_table` method with passing the `table_resource` object. This gives more flexibility than this method.
  DeprecationWarning,

[2024-03-30 09:03:11,249] {bigquery.py:700} INFO - Creating external table: test_dataset.yellowtaxi_trips
[2024-03-30 09:03:11,823] {bigquery.py:704} INFO - External table created successfully: test_dataset.yellowtaxi_trips
[2024-03-30 09:03:12,066] {taskinstance.py:1277} INFO - Marking task as SUCCESS. dag_id=ingest_data_bigquery, task_id=bigquery_external_table_task, execution_date=20220802T060000, start_date=20240330T090310, end_date=20240330T090312
[2024-03-30 09:03:12,281] {local_task_job.py:154} INFO - Task exited with return code 0
[2024-03-30 09:03:12,411] {local_task_job.py:264} INFO - 0 downstream tasks scheduled from follow-on schedule check
[2024-04-30 03:02:16,188] {taskinstance.py:1032} INFO - Dependencies all met for <TaskInstance: ingest_data_bigquery.bigquery_external_table_task scheduled__2022-08-02T06:00:00+00:00 [queued]>
[2024-04-30 03:02:16,248] {taskinstance.py:1032} INFO - Dependencies all met for <TaskInstance: ingest_data_bigquery.bigquery_external_table_task scheduled__2022-08-02T06:00:00+00:00 [queued]>
[2024-04-30 03:02:16,248] {taskinstance.py:1238} INFO - 
--------------------------------------------------------------------------------
[2024-04-30 03:02:16,249] {taskinstance.py:1239} INFO - Starting attempt 1 of 2
[2024-04-30 03:02:16,249] {taskinstance.py:1240} INFO - 
--------------------------------------------------------------------------------
[2024-04-30 03:02:16,330] {taskinstance.py:1259} INFO - Executing <Task(BigQueryCreateExternalTableOperator): bigquery_external_table_task> on 2022-08-02 06:00:00+00:00
[2024-04-30 03:02:16,379] {standard_task_runner.py:52} INFO - Started process 999 to run task
[2024-04-30 03:02:16,430] {standard_task_runner.py:76} INFO - Running: ['***', 'tasks', 'run', 'ingest_data_bigquery', 'bigquery_external_table_task', 'scheduled__2022-08-02T06:00:00+00:00', '--job-id', '3206', '--raw', '--subdir', 'DAGS_FOLDER/data_ingestion_gcs_dag.py', '--cfg-path', '/tmp/tmp7sc06zlz', '--error-file', '/tmp/tmp9l041rq8']
[2024-04-30 03:02:16,473] {standard_task_runner.py:77} INFO - Job 3206: Subtask bigquery_external_table_task
[2024-04-30 03:02:16,807] {logging_mixin.py:109} INFO - Running <TaskInstance: ingest_data_bigquery.bigquery_external_table_task scheduled__2022-08-02T06:00:00+00:00 [running]> on host 02dc49e0e362
[2024-04-30 03:02:17,129] {taskinstance.py:1426} INFO - Exporting the following env vars:
AIRFLOW_CTX_DAG_OWNER=***
AIRFLOW_CTX_DAG_ID=ingest_data_bigquery
AIRFLOW_CTX_TASK_ID=bigquery_external_table_task
AIRFLOW_CTX_EXECUTION_DATE=2022-08-02T06:00:00+00:00
AIRFLOW_CTX_DAG_RUN_ID=scheduled__2022-08-02T06:00:00+00:00
[2024-04-30 03:02:17,133] {crypto.py:82} WARNING - empty cryptography key - values will not be stored encrypted.
[2024-04-30 03:02:17,145] {warnings.py:99} WARNING - /home/***/.local/lib/python3.6/site-packages/***/providers/google/cloud/hooks/bigquery.py:637: DeprecationWarning: This method is deprecated. Please use `BigQueryHook.create_empty_table` method with passing the `table_resource` object. This gives more flexibility than this method.
  DeprecationWarning,

[2024-04-30 03:02:17,146] {bigquery.py:700} INFO - Creating external table: test_dataset.yellowtaxi_trips
[2024-04-30 03:02:17,537] {bigquery.py:704} INFO - External table created successfully: test_dataset.yellowtaxi_trips
[2024-04-30 03:02:17,571] {taskinstance.py:1277} INFO - Marking task as SUCCESS. dag_id=ingest_data_bigquery, task_id=bigquery_external_table_task, execution_date=20220802T060000, start_date=20240430T030216, end_date=20240430T030217
[2024-04-30 03:02:17,666] {local_task_job.py:154} INFO - Task exited with return code 0
[2024-04-30 03:02:17,954] {local_task_job.py:264} INFO - 0 downstream tasks scheduled from follow-on schedule check
[2024-04-30 04:34:00,636] {taskinstance.py:1032} INFO - Dependencies all met for <TaskInstance: ingest_data_bigquery.bigquery_external_table_task scheduled__2022-08-02T06:00:00+00:00 [queued]>
[2024-04-30 04:34:00,655] {taskinstance.py:1032} INFO - Dependencies all met for <TaskInstance: ingest_data_bigquery.bigquery_external_table_task scheduled__2022-08-02T06:00:00+00:00 [queued]>
[2024-04-30 04:34:00,656] {taskinstance.py:1238} INFO - 
--------------------------------------------------------------------------------
[2024-04-30 04:34:00,656] {taskinstance.py:1239} INFO - Starting attempt 1 of 2
[2024-04-30 04:34:00,657] {taskinstance.py:1240} INFO - 
--------------------------------------------------------------------------------
[2024-04-30 04:34:00,674] {taskinstance.py:1259} INFO - Executing <Task(BigQueryCreateExternalTableOperator): bigquery_external_table_task> on 2022-08-02 06:00:00+00:00
[2024-04-30 04:34:00,683] {standard_task_runner.py:52} INFO - Started process 5562 to run task
[2024-04-30 04:34:00,693] {standard_task_runner.py:76} INFO - Running: ['***', 'tasks', 'run', 'ingest_data_bigquery', 'bigquery_external_table_task', 'scheduled__2022-08-02T06:00:00+00:00', '--job-id', '3283', '--raw', '--subdir', 'DAGS_FOLDER/data_ingestion_gcs_dag.py', '--cfg-path', '/tmp/tmpaoz6gavf', '--error-file', '/tmp/tmp5iow9bha']
[2024-04-30 04:34:00,702] {standard_task_runner.py:77} INFO - Job 3283: Subtask bigquery_external_table_task
[2024-04-30 04:34:00,794] {logging_mixin.py:109} INFO - Running <TaskInstance: ingest_data_bigquery.bigquery_external_table_task scheduled__2022-08-02T06:00:00+00:00 [running]> on host 02dc49e0e362
[2024-04-30 04:34:00,877] {taskinstance.py:1426} INFO - Exporting the following env vars:
AIRFLOW_CTX_DAG_OWNER=***
AIRFLOW_CTX_DAG_ID=ingest_data_bigquery
AIRFLOW_CTX_TASK_ID=bigquery_external_table_task
AIRFLOW_CTX_EXECUTION_DATE=2022-08-02T06:00:00+00:00
AIRFLOW_CTX_DAG_RUN_ID=scheduled__2022-08-02T06:00:00+00:00
[2024-04-30 04:34:00,882] {crypto.py:82} WARNING - empty cryptography key - values will not be stored encrypted.
[2024-04-30 04:34:00,896] {warnings.py:99} WARNING - /home/***/.local/lib/python3.6/site-packages/***/providers/google/cloud/hooks/bigquery.py:637: DeprecationWarning: This method is deprecated. Please use `BigQueryHook.create_empty_table` method with passing the `table_resource` object. This gives more flexibility than this method.
  DeprecationWarning,

[2024-04-30 04:34:00,897] {bigquery.py:700} INFO - Creating external table: test_dataset.yellowtaxi_trips
[2024-04-30 04:34:01,174] {bigquery.py:704} INFO - External table created successfully: test_dataset.yellowtaxi_trips
[2024-04-30 04:34:01,188] {taskinstance.py:1277} INFO - Marking task as SUCCESS. dag_id=ingest_data_bigquery, task_id=bigquery_external_table_task, execution_date=20220802T060000, start_date=20240430T043400, end_date=20240430T043401
[2024-04-30 04:34:01,231] {local_task_job.py:154} INFO - Task exited with return code 0
[2024-04-30 04:34:01,276] {local_task_job.py:264} INFO - 0 downstream tasks scheduled from follow-on schedule check
