[2024-05-12 12:42:10,912] {taskinstance.py:1032} INFO - Dependencies all met for <TaskInstance: ingest_data_bigquery_gt.bigquery_external_table_task scheduled__2019-10-02T06:00:00+00:00 [queued]>
[2024-05-12 12:42:10,968] {taskinstance.py:1032} INFO - Dependencies all met for <TaskInstance: ingest_data_bigquery_gt.bigquery_external_table_task scheduled__2019-10-02T06:00:00+00:00 [queued]>
[2024-05-12 12:42:10,971] {taskinstance.py:1238} INFO - 
--------------------------------------------------------------------------------
[2024-05-12 12:42:10,971] {taskinstance.py:1239} INFO - Starting attempt 1 of 3
[2024-05-12 12:42:10,973] {taskinstance.py:1240} INFO - 
--------------------------------------------------------------------------------
[2024-05-12 12:42:11,066] {taskinstance.py:1259} INFO - Executing <Task(BigQueryCreateExternalTableOperator): bigquery_external_table_task> on 2019-10-02 06:00:00+00:00
[2024-05-12 12:42:11,095] {standard_task_runner.py:52} INFO - Started process 782 to run task
[2024-05-12 12:42:11,130] {standard_task_runner.py:76} INFO - Running: ['***', 'tasks', 'run', 'ingest_data_bigquery_gt', 'bigquery_external_table_task', 'scheduled__2019-10-02T06:00:00+00:00', '--job-id', '4859', '--raw', '--subdir', 'DAGS_FOLDER/data_ingestion_gcs_gt_dag .py', '--cfg-path', '/tmp/tmpopx28pvv', '--error-file', '/tmp/tmpxnt9f6iu']
[2024-05-12 12:42:11,160] {standard_task_runner.py:77} INFO - Job 4859: Subtask bigquery_external_table_task
[2024-05-12 12:42:11,357] {logging_mixin.py:109} INFO - Running <TaskInstance: ingest_data_bigquery_gt.bigquery_external_table_task scheduled__2019-10-02T06:00:00+00:00 [running]> on host 31858b145400
[2024-05-12 12:42:11,601] {taskinstance.py:1426} INFO - Exporting the following env vars:
AIRFLOW_CTX_DAG_OWNER=***
AIRFLOW_CTX_DAG_ID=ingest_data_bigquery_gt
AIRFLOW_CTX_TASK_ID=bigquery_external_table_task
AIRFLOW_CTX_EXECUTION_DATE=2019-10-02T06:00:00+00:00
AIRFLOW_CTX_DAG_RUN_ID=scheduled__2019-10-02T06:00:00+00:00
[2024-05-12 12:42:11,606] {crypto.py:82} WARNING - empty cryptography key - values will not be stored encrypted.
[2024-05-12 12:42:11,632] {warnings.py:99} WARNING - /home/***/.local/lib/python3.6/site-packages/***/providers/google/cloud/hooks/bigquery.py:637: DeprecationWarning: This method is deprecated. Please use `BigQueryHook.create_empty_table` method with passing the `table_resource` object. This gives more flexibility than this method.
  DeprecationWarning,

[2024-05-12 12:42:11,633] {bigquery.py:700} INFO - Creating external table: nyc_tlc_data.greentaxi_trips
[2024-05-12 12:42:11,956] {bigquery.py:704} INFO - External table created successfully: nyc_tlc_data.greentaxi_trips
[2024-05-12 12:42:11,977] {taskinstance.py:1277} INFO - Marking task as SUCCESS. dag_id=ingest_data_bigquery_gt, task_id=bigquery_external_table_task, execution_date=20191002T060000, start_date=20240512T124210, end_date=20240512T124211
[2024-05-12 12:42:12,067] {local_task_job.py:154} INFO - Task exited with return code 0
[2024-05-12 12:42:12,120] {local_task_job.py:264} INFO - 0 downstream tasks scheduled from follow-on schedule check
[2024-05-18 11:09:57,270] {taskinstance.py:1032} INFO - Dependencies all met for <TaskInstance: ingest_data_bigquery_gt.bigquery_external_table_task scheduled__2019-10-02T06:00:00+00:00 [queued]>
[2024-05-18 11:09:57,333] {taskinstance.py:1032} INFO - Dependencies all met for <TaskInstance: ingest_data_bigquery_gt.bigquery_external_table_task scheduled__2019-10-02T06:00:00+00:00 [queued]>
[2024-05-18 11:09:57,333] {taskinstance.py:1238} INFO - 
--------------------------------------------------------------------------------
[2024-05-18 11:09:57,334] {taskinstance.py:1239} INFO - Starting attempt 1 of 3
[2024-05-18 11:09:57,334] {taskinstance.py:1240} INFO - 
--------------------------------------------------------------------------------
[2024-05-18 11:09:57,417] {taskinstance.py:1259} INFO - Executing <Task(BigQueryCreateExternalTableOperator): bigquery_external_table_task> on 2019-10-02 06:00:00+00:00
[2024-05-18 11:09:57,448] {standard_task_runner.py:52} INFO - Started process 1315 to run task
[2024-05-18 11:09:57,481] {standard_task_runner.py:76} INFO - Running: ['***', 'tasks', 'run', 'ingest_data_bigquery_gt', 'bigquery_external_table_task', 'scheduled__2019-10-02T06:00:00+00:00', '--job-id', '4951', '--raw', '--subdir', 'DAGS_FOLDER/data_ingestion_gcs_gt_dag .py', '--cfg-path', '/tmp/tmp_5v4n0nf', '--error-file', '/tmp/tmpeefmh4ww']
[2024-05-18 11:09:57,502] {standard_task_runner.py:77} INFO - Job 4951: Subtask bigquery_external_table_task
[2024-05-18 11:09:57,702] {logging_mixin.py:109} INFO - Running <TaskInstance: ingest_data_bigquery_gt.bigquery_external_table_task scheduled__2019-10-02T06:00:00+00:00 [running]> on host 45b18388e83d
[2024-05-18 11:09:58,112] {taskinstance.py:1426} INFO - Exporting the following env vars:
AIRFLOW_CTX_DAG_OWNER=***
AIRFLOW_CTX_DAG_ID=ingest_data_bigquery_gt
AIRFLOW_CTX_TASK_ID=bigquery_external_table_task
AIRFLOW_CTX_EXECUTION_DATE=2019-10-02T06:00:00+00:00
AIRFLOW_CTX_DAG_RUN_ID=scheduled__2019-10-02T06:00:00+00:00
[2024-05-18 11:09:58,126] {crypto.py:82} WARNING - empty cryptography key - values will not be stored encrypted.
[2024-05-18 11:09:58,204] {warnings.py:99} WARNING - /home/***/.local/lib/python3.6/site-packages/***/providers/google/cloud/hooks/bigquery.py:637: DeprecationWarning: This method is deprecated. Please use `BigQueryHook.create_empty_table` method with passing the `table_resource` object. This gives more flexibility than this method.
  DeprecationWarning,

[2024-05-18 11:09:58,220] {bigquery.py:700} INFO - Creating external table: nyc_tlc_data.greentaxi_trips
[2024-05-18 11:09:58,709] {bigquery.py:704} INFO - External table created successfully: nyc_tlc_data.greentaxi_trips
[2024-05-18 11:09:58,733] {taskinstance.py:1277} INFO - Marking task as SUCCESS. dag_id=ingest_data_bigquery_gt, task_id=bigquery_external_table_task, execution_date=20191002T060000, start_date=20240518T110957, end_date=20240518T110958
[2024-05-18 11:09:58,918] {local_task_job.py:154} INFO - Task exited with return code 0
[2024-05-18 11:09:59,510] {local_task_job.py:264} INFO - 0 downstream tasks scheduled from follow-on schedule check
