[2024-03-29 08:27:32,521] {taskinstance.py:1032} INFO - Dependencies all met for <TaskInstance: ingest_data_bigquery.local_to_gcs_task scheduled__2022-10-02T06:00:00+00:00 [queued]>
[2024-03-29 08:27:32,634] {taskinstance.py:1032} INFO - Dependencies all met for <TaskInstance: ingest_data_bigquery.local_to_gcs_task scheduled__2022-10-02T06:00:00+00:00 [queued]>
[2024-03-29 08:27:32,634] {taskinstance.py:1238} INFO - 
--------------------------------------------------------------------------------
[2024-03-29 08:27:32,634] {taskinstance.py:1239} INFO - Starting attempt 1 of 4
[2024-03-29 08:27:32,634] {taskinstance.py:1240} INFO - 
--------------------------------------------------------------------------------
[2024-03-29 08:27:32,731] {taskinstance.py:1259} INFO - Executing <Task(PythonOperator): local_to_gcs_task> on 2022-10-02 06:00:00+00:00
[2024-03-29 08:27:32,804] {standard_task_runner.py:76} INFO - Running: ['***', 'tasks', 'run', 'ingest_data_bigquery', 'local_to_gcs_task', 'scheduled__2022-10-02T06:00:00+00:00', '--job-id', '1786', '--raw', '--subdir', 'DAGS_FOLDER/data_ingestion_gcs_dag.py', '--cfg-path', '/tmp/tmpkbl4nd3v', '--error-file', '/tmp/tmpf6sw9bpv']
[2024-03-29 08:27:32,857] {standard_task_runner.py:77} INFO - Job 1786: Subtask local_to_gcs_task
[2024-03-29 08:27:32,763] {standard_task_runner.py:52} INFO - Started process 1613 to run task
[2024-03-29 08:27:33,224] {logging_mixin.py:109} INFO - Running <TaskInstance: ingest_data_bigquery.local_to_gcs_task scheduled__2022-10-02T06:00:00+00:00 [running]> on host b5e5a5778b83
[2024-03-29 08:27:33,501] {warnings.py:99} WARNING - /home/***/.local/lib/python3.6/site-packages/***/utils/context.py:152: AirflowContextDeprecationWarning: Accessing 'execution_date' from the template is deprecated and will be removed in a future version. Please use 'data_interval_start' or 'logical_date' instead.
  warnings.warn(_create_deprecation_warning(key, self._deprecation_replacements[key]))

[2024-03-29 08:27:33,756] {taskinstance.py:1426} INFO - Exporting the following env vars:
AIRFLOW_CTX_DAG_OWNER=***
AIRFLOW_CTX_DAG_ID=ingest_data_bigquery
AIRFLOW_CTX_TASK_ID=local_to_gcs_task
AIRFLOW_CTX_EXECUTION_DATE=2022-10-02T06:00:00+00:00
AIRFLOW_CTX_DAG_RUN_ID=scheduled__2022-10-02T06:00:00+00:00
[2024-03-29 08:27:36,173] {logging_mixin.py:109} INFO - File /opt/***/yellowtaxi_tripdata_2022-10.parquet uploaded to yellowtaxi_tripdata/yellow_taxi_2022_10.parquet.
[2024-03-29 08:27:36,174] {python.py:175} INFO - Done. Returned value was: None
[2024-03-29 08:27:36,674] {taskinstance.py:1277} INFO - Marking task as SUCCESS. dag_id=ingest_data_bigquery, task_id=local_to_gcs_task, execution_date=20221002T060000, start_date=20240329T082732, end_date=20240329T082736
[2024-03-29 08:27:36,919] {local_task_job.py:154} INFO - Task exited with return code 0
[2024-03-29 08:27:37,320] {local_task_job.py:264} INFO - 1 downstream tasks scheduled from follow-on schedule check
[2024-03-30 03:53:33,808] {taskinstance.py:1032} INFO - Dependencies all met for <TaskInstance: ingest_data_bigquery.local_to_gcs_task scheduled__2022-10-02T06:00:00+00:00 [queued]>
[2024-03-30 03:53:33,859] {taskinstance.py:1032} INFO - Dependencies all met for <TaskInstance: ingest_data_bigquery.local_to_gcs_task scheduled__2022-10-02T06:00:00+00:00 [queued]>
[2024-03-30 03:53:33,859] {taskinstance.py:1238} INFO - 
--------------------------------------------------------------------------------
[2024-03-30 03:53:33,859] {taskinstance.py:1239} INFO - Starting attempt 1 of 4
[2024-03-30 03:53:33,859] {taskinstance.py:1240} INFO - 
--------------------------------------------------------------------------------
[2024-03-30 03:53:33,923] {taskinstance.py:1259} INFO - Executing <Task(PythonOperator): local_to_gcs_task> on 2022-10-02 06:00:00+00:00
[2024-03-30 03:53:33,947] {standard_task_runner.py:52} INFO - Started process 2143 to run task
[2024-03-30 03:53:33,990] {standard_task_runner.py:76} INFO - Running: ['***', 'tasks', 'run', 'ingest_data_bigquery', 'local_to_gcs_task', 'scheduled__2022-10-02T06:00:00+00:00', '--job-id', '1997', '--raw', '--subdir', 'DAGS_FOLDER/data_ingestion_gcs_dag.py', '--cfg-path', '/tmp/tmphl75iaso', '--error-file', '/tmp/tmpy6ow2tiq']
[2024-03-30 03:53:34,033] {standard_task_runner.py:77} INFO - Job 1997: Subtask local_to_gcs_task
[2024-03-30 03:53:34,441] {logging_mixin.py:109} INFO - Running <TaskInstance: ingest_data_bigquery.local_to_gcs_task scheduled__2022-10-02T06:00:00+00:00 [running]> on host 98c5b3fde4c4
[2024-03-30 03:53:34,759] {warnings.py:99} WARNING - /home/***/.local/lib/python3.6/site-packages/***/utils/context.py:152: AirflowContextDeprecationWarning: Accessing 'execution_date' from the template is deprecated and will be removed in a future version. Please use 'data_interval_start' or 'logical_date' instead.
  warnings.warn(_create_deprecation_warning(key, self._deprecation_replacements[key]))

[2024-03-30 03:53:34,860] {taskinstance.py:1426} INFO - Exporting the following env vars:
AIRFLOW_CTX_DAG_OWNER=***
AIRFLOW_CTX_DAG_ID=ingest_data_bigquery
AIRFLOW_CTX_TASK_ID=local_to_gcs_task
AIRFLOW_CTX_EXECUTION_DATE=2022-10-02T06:00:00+00:00
AIRFLOW_CTX_DAG_RUN_ID=scheduled__2022-10-02T06:00:00+00:00
[2024-03-30 03:53:36,440] {logging_mixin.py:109} INFO - File /opt/***/yellowtaxi_tripdata_2022-10.parquet uploaded to yellowtaxi_tripdata/yellow_taxi_2022_10.parquet.
[2024-03-30 03:53:36,440] {python.py:175} INFO - Done. Returned value was: None
[2024-03-30 03:53:36,588] {taskinstance.py:1277} INFO - Marking task as SUCCESS. dag_id=ingest_data_bigquery, task_id=local_to_gcs_task, execution_date=20221002T060000, start_date=20240330T035333, end_date=20240330T035336
[2024-03-30 03:53:36,758] {local_task_job.py:154} INFO - Task exited with return code 0
[2024-03-30 03:53:37,144] {local_task_job.py:264} INFO - 0 downstream tasks scheduled from follow-on schedule check
[2024-03-30 04:19:06,272] {taskinstance.py:1032} INFO - Dependencies all met for <TaskInstance: ingest_data_bigquery.local_to_gcs_task scheduled__2022-10-02T06:00:00+00:00 [queued]>
[2024-03-30 04:19:06,441] {taskinstance.py:1032} INFO - Dependencies all met for <TaskInstance: ingest_data_bigquery.local_to_gcs_task scheduled__2022-10-02T06:00:00+00:00 [queued]>
[2024-03-30 04:19:06,442] {taskinstance.py:1238} INFO - 
--------------------------------------------------------------------------------
[2024-03-30 04:19:06,442] {taskinstance.py:1239} INFO - Starting attempt 1 of 4
[2024-03-30 04:19:06,447] {taskinstance.py:1240} INFO - 
--------------------------------------------------------------------------------
[2024-03-30 04:19:06,585] {taskinstance.py:1259} INFO - Executing <Task(PythonOperator): local_to_gcs_task> on 2022-10-02 06:00:00+00:00
[2024-03-30 04:19:06,644] {standard_task_runner.py:52} INFO - Started process 3810 to run task
[2024-03-30 04:19:06,705] {standard_task_runner.py:76} INFO - Running: ['***', 'tasks', 'run', 'ingest_data_bigquery', 'local_to_gcs_task', 'scheduled__2022-10-02T06:00:00+00:00', '--job-id', '2144', '--raw', '--subdir', 'DAGS_FOLDER/data_ingestion_gcs_dag.py', '--cfg-path', '/tmp/tmpz2yc26l2', '--error-file', '/tmp/tmpzffj9s_h']
[2024-03-30 04:19:06,793] {standard_task_runner.py:77} INFO - Job 2144: Subtask local_to_gcs_task
[2024-03-30 04:19:07,270] {logging_mixin.py:109} INFO - Running <TaskInstance: ingest_data_bigquery.local_to_gcs_task scheduled__2022-10-02T06:00:00+00:00 [running]> on host 98c5b3fde4c4
[2024-03-30 04:19:07,941] {warnings.py:99} WARNING - /home/***/.local/lib/python3.6/site-packages/***/utils/context.py:152: AirflowContextDeprecationWarning: Accessing 'execution_date' from the template is deprecated and will be removed in a future version. Please use 'data_interval_start' or 'logical_date' instead.
  warnings.warn(_create_deprecation_warning(key, self._deprecation_replacements[key]))

[2024-03-30 04:19:08,145] {taskinstance.py:1426} INFO - Exporting the following env vars:
AIRFLOW_CTX_DAG_OWNER=***
AIRFLOW_CTX_DAG_ID=ingest_data_bigquery
AIRFLOW_CTX_TASK_ID=local_to_gcs_task
AIRFLOW_CTX_EXECUTION_DATE=2022-10-02T06:00:00+00:00
AIRFLOW_CTX_DAG_RUN_ID=scheduled__2022-10-02T06:00:00+00:00
[2024-03-30 04:19:10,428] {logging_mixin.py:109} INFO - File /opt/***/yellowtaxi_tripdata_2022-10.parquet uploaded to yellowtaxi_tripdata/yellow_taxi_2022_10.parquet.
[2024-03-30 04:19:10,428] {python.py:175} INFO - Done. Returned value was: None
[2024-03-30 04:19:10,529] {taskinstance.py:1277} INFO - Marking task as SUCCESS. dag_id=ingest_data_bigquery, task_id=local_to_gcs_task, execution_date=20221002T060000, start_date=20240330T041906, end_date=20240330T041910
[2024-03-30 04:19:10,800] {local_task_job.py:154} INFO - Task exited with return code 0
[2024-03-30 04:19:10,978] {local_task_job.py:264} INFO - 1 downstream tasks scheduled from follow-on schedule check
[2024-03-30 04:25:46,536] {taskinstance.py:1032} INFO - Dependencies all met for <TaskInstance: ingest_data_bigquery.local_to_gcs_task scheduled__2022-10-02T06:00:00+00:00 [queued]>
[2024-03-30 04:25:46,595] {taskinstance.py:1032} INFO - Dependencies all met for <TaskInstance: ingest_data_bigquery.local_to_gcs_task scheduled__2022-10-02T06:00:00+00:00 [queued]>
[2024-03-30 04:25:46,602] {taskinstance.py:1238} INFO - 
--------------------------------------------------------------------------------
[2024-03-30 04:25:46,603] {taskinstance.py:1239} INFO - Starting attempt 1 of 4
[2024-03-30 04:25:46,604] {taskinstance.py:1240} INFO - 
--------------------------------------------------------------------------------
[2024-03-30 04:25:47,328] {taskinstance.py:1259} INFO - Executing <Task(PythonOperator): local_to_gcs_task> on 2022-10-02 06:00:00+00:00
[2024-03-30 04:25:47,452] {standard_task_runner.py:76} INFO - Running: ['***', 'tasks', 'run', 'ingest_data_bigquery', 'local_to_gcs_task', 'scheduled__2022-10-02T06:00:00+00:00', '--job-id', '2223', '--raw', '--subdir', 'DAGS_FOLDER/data_ingestion_gcs_dag.py', '--cfg-path', '/tmp/tmp6tk734sh', '--error-file', '/tmp/tmpnyneu1jd']
[2024-03-30 04:25:47,497] {standard_task_runner.py:77} INFO - Job 2223: Subtask local_to_gcs_task
[2024-03-30 04:25:47,389] {standard_task_runner.py:52} INFO - Started process 4458 to run task
[2024-03-30 04:25:48,077] {logging_mixin.py:109} INFO - Running <TaskInstance: ingest_data_bigquery.local_to_gcs_task scheduled__2022-10-02T06:00:00+00:00 [running]> on host 98c5b3fde4c4
[2024-03-30 04:25:48,663] {warnings.py:99} WARNING - /home/***/.local/lib/python3.6/site-packages/***/utils/context.py:152: AirflowContextDeprecationWarning: Accessing 'execution_date' from the template is deprecated and will be removed in a future version. Please use 'data_interval_start' or 'logical_date' instead.
  warnings.warn(_create_deprecation_warning(key, self._deprecation_replacements[key]))

[2024-03-30 04:25:48,762] {taskinstance.py:1426} INFO - Exporting the following env vars:
AIRFLOW_CTX_DAG_OWNER=***
AIRFLOW_CTX_DAG_ID=ingest_data_bigquery
AIRFLOW_CTX_TASK_ID=local_to_gcs_task
AIRFLOW_CTX_EXECUTION_DATE=2022-10-02T06:00:00+00:00
AIRFLOW_CTX_DAG_RUN_ID=scheduled__2022-10-02T06:00:00+00:00
[2024-03-30 04:25:50,033] {logging_mixin.py:109} INFO - File /opt/***/yellowtaxi_tripdata_2022-10.parquet uploaded to yellowtaxi_tripdata/yellow_taxi_2022_10.parquet.
[2024-03-30 04:25:50,034] {python.py:175} INFO - Done. Returned value was: None
[2024-03-30 04:25:50,250] {taskinstance.py:1277} INFO - Marking task as SUCCESS. dag_id=ingest_data_bigquery, task_id=local_to_gcs_task, execution_date=20221002T060000, start_date=20240330T042546, end_date=20240330T042550
[2024-03-30 04:25:50,423] {local_task_job.py:154} INFO - Task exited with return code 0
[2024-03-30 04:25:50,513] {local_task_job.py:264} INFO - 1 downstream tasks scheduled from follow-on schedule check
[2024-03-30 04:44:36,253] {taskinstance.py:1032} INFO - Dependencies all met for <TaskInstance: ingest_data_bigquery.local_to_gcs_task scheduled__2022-10-02T06:00:00+00:00 [queued]>
[2024-03-30 04:44:36,382] {taskinstance.py:1032} INFO - Dependencies all met for <TaskInstance: ingest_data_bigquery.local_to_gcs_task scheduled__2022-10-02T06:00:00+00:00 [queued]>
[2024-03-30 04:44:36,388] {taskinstance.py:1238} INFO - 
--------------------------------------------------------------------------------
[2024-03-30 04:44:36,389] {taskinstance.py:1239} INFO - Starting attempt 1 of 4
[2024-03-30 04:44:36,390] {taskinstance.py:1240} INFO - 
--------------------------------------------------------------------------------
[2024-03-30 04:44:36,499] {taskinstance.py:1259} INFO - Executing <Task(PythonOperator): local_to_gcs_task> on 2022-10-02 06:00:00+00:00
[2024-03-30 04:44:36,584] {standard_task_runner.py:52} INFO - Started process 5700 to run task
[2024-03-30 04:44:36,578] {standard_task_runner.py:76} INFO - Running: ['***', 'tasks', 'run', 'ingest_data_bigquery', 'local_to_gcs_task', 'scheduled__2022-10-02T06:00:00+00:00', '--job-id', '2344', '--raw', '--subdir', 'DAGS_FOLDER/data_ingestion_gcs_dag.py', '--cfg-path', '/tmp/tmpnv0ub436', '--error-file', '/tmp/tmpe8fuxtwr']
[2024-03-30 04:44:36,708] {standard_task_runner.py:77} INFO - Job 2344: Subtask local_to_gcs_task
[2024-03-30 04:44:37,270] {logging_mixin.py:109} INFO - Running <TaskInstance: ingest_data_bigquery.local_to_gcs_task scheduled__2022-10-02T06:00:00+00:00 [running]> on host 98c5b3fde4c4
[2024-03-30 04:44:37,651] {warnings.py:99} WARNING - /home/***/.local/lib/python3.6/site-packages/***/utils/context.py:152: AirflowContextDeprecationWarning: Accessing 'execution_date' from the template is deprecated and will be removed in a future version. Please use 'data_interval_start' or 'logical_date' instead.
  warnings.warn(_create_deprecation_warning(key, self._deprecation_replacements[key]))

[2024-03-30 04:44:37,733] {taskinstance.py:1426} INFO - Exporting the following env vars:
AIRFLOW_CTX_DAG_OWNER=***
AIRFLOW_CTX_DAG_ID=ingest_data_bigquery
AIRFLOW_CTX_TASK_ID=local_to_gcs_task
AIRFLOW_CTX_EXECUTION_DATE=2022-10-02T06:00:00+00:00
AIRFLOW_CTX_DAG_RUN_ID=scheduled__2022-10-02T06:00:00+00:00
[2024-03-30 04:44:38,320] {logging_mixin.py:109} INFO - File /opt/***/yellowtaxi_tripdata_2022-10.parquet uploaded to yellowtaxi_tripdata/yellow_taxi_2022_10.parquet.
[2024-03-30 04:44:38,321] {python.py:175} INFO - Done. Returned value was: None
[2024-03-30 04:44:38,350] {taskinstance.py:1277} INFO - Marking task as SUCCESS. dag_id=ingest_data_bigquery, task_id=local_to_gcs_task, execution_date=20221002T060000, start_date=20240330T044436, end_date=20240330T044438
[2024-03-30 04:44:38,417] {local_task_job.py:154} INFO - Task exited with return code 0
[2024-03-30 04:44:38,483] {local_task_job.py:264} INFO - 1 downstream tasks scheduled from follow-on schedule check
[2024-03-30 05:00:21,426] {taskinstance.py:1032} INFO - Dependencies all met for <TaskInstance: ingest_data_bigquery.local_to_gcs_task scheduled__2022-10-02T06:00:00+00:00 [queued]>
[2024-03-30 05:00:21,567] {taskinstance.py:1032} INFO - Dependencies all met for <TaskInstance: ingest_data_bigquery.local_to_gcs_task scheduled__2022-10-02T06:00:00+00:00 [queued]>
[2024-03-30 05:00:21,567] {taskinstance.py:1238} INFO - 
--------------------------------------------------------------------------------
[2024-03-30 05:00:21,568] {taskinstance.py:1239} INFO - Starting attempt 1 of 4
[2024-03-30 05:00:21,568] {taskinstance.py:1240} INFO - 
--------------------------------------------------------------------------------
[2024-03-30 05:00:21,612] {taskinstance.py:1259} INFO - Executing <Task(PythonOperator): local_to_gcs_task> on 2022-10-02 06:00:00+00:00
[2024-03-30 05:00:21,641] {standard_task_runner.py:52} INFO - Started process 6885 to run task
[2024-03-30 05:00:21,680] {standard_task_runner.py:76} INFO - Running: ['***', 'tasks', 'run', 'ingest_data_bigquery', 'local_to_gcs_task', 'scheduled__2022-10-02T06:00:00+00:00', '--job-id', '2468', '--raw', '--subdir', 'DAGS_FOLDER/data_ingestion_gcs_dag.py', '--cfg-path', '/tmp/tmp6rz8lcji', '--error-file', '/tmp/tmp0l4jx6vp']
[2024-03-30 05:00:21,731] {standard_task_runner.py:77} INFO - Job 2468: Subtask local_to_gcs_task
[2024-03-30 05:00:21,960] {logging_mixin.py:109} INFO - Running <TaskInstance: ingest_data_bigquery.local_to_gcs_task scheduled__2022-10-02T06:00:00+00:00 [running]> on host 98c5b3fde4c4
[2024-03-30 05:00:22,250] {warnings.py:99} WARNING - /home/***/.local/lib/python3.6/site-packages/***/utils/context.py:152: AirflowContextDeprecationWarning: Accessing 'execution_date' from the template is deprecated and will be removed in a future version. Please use 'data_interval_start' or 'logical_date' instead.
  warnings.warn(_create_deprecation_warning(key, self._deprecation_replacements[key]))

[2024-03-30 05:00:22,374] {taskinstance.py:1426} INFO - Exporting the following env vars:
AIRFLOW_CTX_DAG_OWNER=***
AIRFLOW_CTX_DAG_ID=ingest_data_bigquery
AIRFLOW_CTX_TASK_ID=local_to_gcs_task
AIRFLOW_CTX_EXECUTION_DATE=2022-10-02T06:00:00+00:00
AIRFLOW_CTX_DAG_RUN_ID=scheduled__2022-10-02T06:00:00+00:00
[2024-03-30 05:00:23,648] {logging_mixin.py:109} INFO - File /opt/***/yellowtaxi_tripdata_2022-10.parquet uploaded to yellowtaxi_tripdata/yellow_taxi_2022_10.parquet.
[2024-03-30 05:00:23,648] {python.py:175} INFO - Done. Returned value was: None
[2024-03-30 05:00:23,679] {taskinstance.py:1277} INFO - Marking task as SUCCESS. dag_id=ingest_data_bigquery, task_id=local_to_gcs_task, execution_date=20221002T060000, start_date=20240330T050021, end_date=20240330T050023
[2024-03-30 05:00:23,792] {local_task_job.py:154} INFO - Task exited with return code 0
[2024-03-30 05:00:23,891] {local_task_job.py:264} INFO - 1 downstream tasks scheduled from follow-on schedule check
[2024-03-30 09:02:51,409] {taskinstance.py:1032} INFO - Dependencies all met for <TaskInstance: ingest_data_bigquery.local_to_gcs_task scheduled__2022-10-02T06:00:00+00:00 [queued]>
[2024-03-30 09:02:51,484] {taskinstance.py:1032} INFO - Dependencies all met for <TaskInstance: ingest_data_bigquery.local_to_gcs_task scheduled__2022-10-02T06:00:00+00:00 [queued]>
[2024-03-30 09:02:51,485] {taskinstance.py:1238} INFO - 
--------------------------------------------------------------------------------
[2024-03-30 09:02:51,487] {taskinstance.py:1239} INFO - Starting attempt 1 of 4
[2024-03-30 09:02:51,488] {taskinstance.py:1240} INFO - 
--------------------------------------------------------------------------------
[2024-03-30 09:02:51,581] {taskinstance.py:1259} INFO - Executing <Task(PythonOperator): local_to_gcs_task> on 2022-10-02 06:00:00+00:00
[2024-03-30 09:02:51,756] {standard_task_runner.py:52} INFO - Started process 18427 to run task
[2024-03-30 09:02:52,023] {standard_task_runner.py:76} INFO - Running: ['***', 'tasks', 'run', 'ingest_data_bigquery', 'local_to_gcs_task', 'scheduled__2022-10-02T06:00:00+00:00', '--job-id', '2582', '--raw', '--subdir', 'DAGS_FOLDER/data_ingestion_gcs_dag.py', '--cfg-path', '/tmp/tmp3crdgw2g', '--error-file', '/tmp/tmpkfiye4zs']
[2024-03-30 09:02:52,178] {standard_task_runner.py:77} INFO - Job 2582: Subtask local_to_gcs_task
[2024-03-30 09:02:53,793] {logging_mixin.py:109} INFO - Running <TaskInstance: ingest_data_bigquery.local_to_gcs_task scheduled__2022-10-02T06:00:00+00:00 [running]> on host 98c5b3fde4c4
[2024-03-30 09:02:55,396] {warnings.py:99} WARNING - /home/***/.local/lib/python3.6/site-packages/***/utils/context.py:152: AirflowContextDeprecationWarning: Accessing 'execution_date' from the template is deprecated and will be removed in a future version. Please use 'data_interval_start' or 'logical_date' instead.
  warnings.warn(_create_deprecation_warning(key, self._deprecation_replacements[key]))

[2024-03-30 09:02:55,996] {taskinstance.py:1426} INFO - Exporting the following env vars:
AIRFLOW_CTX_DAG_OWNER=***
AIRFLOW_CTX_DAG_ID=ingest_data_bigquery
AIRFLOW_CTX_TASK_ID=local_to_gcs_task
AIRFLOW_CTX_EXECUTION_DATE=2022-10-02T06:00:00+00:00
AIRFLOW_CTX_DAG_RUN_ID=scheduled__2022-10-02T06:00:00+00:00
[2024-03-30 09:03:02,864] {logging_mixin.py:109} INFO - File /opt/***/yellowtaxi_tripdata_2022-10.parquet uploaded to yellowtaxi_tripdata/yellow_taxi_2022_10.parquet.
[2024-03-30 09:03:02,864] {python.py:175} INFO - Done. Returned value was: None
[2024-03-30 09:03:02,992] {taskinstance.py:1277} INFO - Marking task as SUCCESS. dag_id=ingest_data_bigquery, task_id=local_to_gcs_task, execution_date=20221002T060000, start_date=20240330T090251, end_date=20240330T090302
[2024-03-30 09:03:03,123] {local_task_job.py:154} INFO - Task exited with return code 0
[2024-03-30 09:03:03,345] {local_task_job.py:264} INFO - 1 downstream tasks scheduled from follow-on schedule check
[2024-03-30 11:57:15,514] {taskinstance.py:1032} INFO - Dependencies all met for <TaskInstance: ingest_data_bigquery.local_to_gcs_task scheduled__2022-10-02T06:00:00+00:00 [queued]>
[2024-03-30 11:57:15,578] {taskinstance.py:1032} INFO - Dependencies all met for <TaskInstance: ingest_data_bigquery.local_to_gcs_task scheduled__2022-10-02T06:00:00+00:00 [queued]>
[2024-03-30 11:57:15,578] {taskinstance.py:1238} INFO - 
--------------------------------------------------------------------------------
[2024-03-30 11:57:15,579] {taskinstance.py:1239} INFO - Starting attempt 1 of 4
[2024-03-30 11:57:15,580] {taskinstance.py:1240} INFO - 
--------------------------------------------------------------------------------
[2024-03-30 11:57:15,635] {taskinstance.py:1259} INFO - Executing <Task(PythonOperator): local_to_gcs_task> on 2022-10-02 06:00:00+00:00
[2024-03-30 11:57:15,662] {standard_task_runner.py:52} INFO - Started process 28523 to run task
[2024-03-30 11:57:15,718] {standard_task_runner.py:76} INFO - Running: ['***', 'tasks', 'run', 'ingest_data_bigquery', 'local_to_gcs_task', 'scheduled__2022-10-02T06:00:00+00:00', '--job-id', '2894', '--raw', '--subdir', 'DAGS_FOLDER/data_ingestion_gcs_dag.py', '--cfg-path', '/tmp/tmp5jwwt8sc', '--error-file', '/tmp/tmpaxtku4u8']
[2024-03-30 11:57:15,747] {standard_task_runner.py:77} INFO - Job 2894: Subtask local_to_gcs_task
[2024-03-30 11:57:15,985] {logging_mixin.py:109} INFO - Running <TaskInstance: ingest_data_bigquery.local_to_gcs_task scheduled__2022-10-02T06:00:00+00:00 [running]> on host 98c5b3fde4c4
[2024-03-30 11:57:16,107] {warnings.py:99} WARNING - /home/***/.local/lib/python3.6/site-packages/***/utils/context.py:152: AirflowContextDeprecationWarning: Accessing 'execution_date' from the template is deprecated and will be removed in a future version. Please use 'data_interval_start' or 'logical_date' instead.
  warnings.warn(_create_deprecation_warning(key, self._deprecation_replacements[key]))

[2024-03-30 11:57:16,217] {taskinstance.py:1426} INFO - Exporting the following env vars:
AIRFLOW_CTX_DAG_OWNER=***
AIRFLOW_CTX_DAG_ID=ingest_data_bigquery
AIRFLOW_CTX_TASK_ID=local_to_gcs_task
AIRFLOW_CTX_EXECUTION_DATE=2022-10-02T06:00:00+00:00
AIRFLOW_CTX_DAG_RUN_ID=scheduled__2022-10-02T06:00:00+00:00
[2024-03-30 11:57:22,034] {taskinstance.py:1700} ERROR - Task failed with exception
Traceback (most recent call last):
  File "/home/airflow/.local/lib/python3.6/site-packages/airflow/models/taskinstance.py", line 1329, in _run_raw_task
    self._execute_task_with_callbacks(context)
  File "/home/airflow/.local/lib/python3.6/site-packages/airflow/models/taskinstance.py", line 1455, in _execute_task_with_callbacks
    result = self._execute_task(context, self.task)
  File "/home/airflow/.local/lib/python3.6/site-packages/airflow/models/taskinstance.py", line 1511, in _execute_task
    result = execute_callable(context=context)
  File "/home/airflow/.local/lib/python3.6/site-packages/airflow/operators/python.py", line 174, in execute
    return_value = self.execute_callable()
  File "/home/airflow/.local/lib/python3.6/site-packages/airflow/operators/python.py", line 185, in execute_callable
    return self.python_callable(*self.op_args, **self.op_kwargs)
  File "/opt/airflow/dags/data_ingestion_gcs_dag.py", line 68, in upload_to_gcs
    df.to_parquet(clean_file_name, index=False)
  File "/home/airflow/.local/lib/python3.6/site-packages/pandas/util/_decorators.py", line 199, in wrapper
    return func(*args, **kwargs)
  File "/home/airflow/.local/lib/python3.6/site-packages/pandas/core/frame.py", line 2372, in to_parquet
    **kwargs,
  File "/home/airflow/.local/lib/python3.6/site-packages/pandas/io/parquet.py", line 276, in to_parquet
    **kwargs,
  File "/home/airflow/.local/lib/python3.6/site-packages/pandas/io/parquet.py", line 101, in write
    table = self.api.Table.from_pandas(df, **from_pandas_kwargs)
  File "pyarrow/table.pxi", line 1561, in pyarrow.lib.Table.from_pandas
  File "/home/airflow/.local/lib/python3.6/site-packages/pyarrow/pandas_compat.py", line 607, in dataframe_to_arrays
    arrays[i] = maybe_fut.result()
  File "/usr/local/lib/python3.6/concurrent/futures/_base.py", line 425, in result
    return self.__get_result()
  File "/usr/local/lib/python3.6/concurrent/futures/_base.py", line 384, in __get_result
    raise self._exception
  File "/usr/local/lib/python3.6/concurrent/futures/thread.py", line 56, in run
    result = self.fn(*self.args, **self.kwargs)
  File "/home/airflow/.local/lib/python3.6/site-packages/pyarrow/pandas_compat.py", line 581, in convert_column
    raise e
  File "/home/airflow/.local/lib/python3.6/site-packages/pyarrow/pandas_compat.py", line 575, in convert_column
    result = pa.array(col, type=type_, from_pandas=True, safe=safe)
  File "pyarrow/array.pxi", line 302, in pyarrow.lib.array
  File "pyarrow/array.pxi", line 83, in pyarrow.lib._ndarray_to_array
  File "pyarrow/error.pxi", line 122, in pyarrow.lib.check_status
pyarrow.lib.ArrowTypeError: ("Expected bytes, got a 'int' object", 'Conversion failed for column store_and_fwd_flag with type object')
[2024-03-30 11:57:22,061] {taskinstance.py:1277} INFO - Marking task as UP_FOR_RETRY. dag_id=ingest_data_bigquery, task_id=local_to_gcs_task, execution_date=20221002T060000, start_date=20240330T115715, end_date=20240330T115722
[2024-03-30 11:57:22,088] {standard_task_runner.py:92} ERROR - Failed to execute job 2894 for task local_to_gcs_task
Traceback (most recent call last):
  File "/home/airflow/.local/lib/python3.6/site-packages/airflow/task/task_runner/standard_task_runner.py", line 85, in _start_by_fork
    args.func(args, dag=self.dag)
  File "/home/airflow/.local/lib/python3.6/site-packages/airflow/cli/cli_parser.py", line 48, in command
    return func(*args, **kwargs)
  File "/home/airflow/.local/lib/python3.6/site-packages/airflow/utils/cli.py", line 92, in wrapper
    return f(*args, **kwargs)
  File "/home/airflow/.local/lib/python3.6/site-packages/airflow/cli/commands/task_command.py", line 298, in task_run
    _run_task_by_selected_method(args, dag, ti)
  File "/home/airflow/.local/lib/python3.6/site-packages/airflow/cli/commands/task_command.py", line 107, in _run_task_by_selected_method
    _run_raw_task(args, ti)
  File "/home/airflow/.local/lib/python3.6/site-packages/airflow/cli/commands/task_command.py", line 184, in _run_raw_task
    error_file=args.error_file,
  File "/home/airflow/.local/lib/python3.6/site-packages/airflow/utils/session.py", line 70, in wrapper
    return func(*args, session=session, **kwargs)
  File "/home/airflow/.local/lib/python3.6/site-packages/airflow/models/taskinstance.py", line 1329, in _run_raw_task
    self._execute_task_with_callbacks(context)
  File "/home/airflow/.local/lib/python3.6/site-packages/airflow/models/taskinstance.py", line 1455, in _execute_task_with_callbacks
    result = self._execute_task(context, self.task)
  File "/home/airflow/.local/lib/python3.6/site-packages/airflow/models/taskinstance.py", line 1511, in _execute_task
    result = execute_callable(context=context)
  File "/home/airflow/.local/lib/python3.6/site-packages/airflow/operators/python.py", line 174, in execute
    return_value = self.execute_callable()
  File "/home/airflow/.local/lib/python3.6/site-packages/airflow/operators/python.py", line 185, in execute_callable
    return self.python_callable(*self.op_args, **self.op_kwargs)
  File "/opt/airflow/dags/data_ingestion_gcs_dag.py", line 68, in upload_to_gcs
    df.to_parquet(clean_file_name, index=False)
  File "/home/airflow/.local/lib/python3.6/site-packages/pandas/util/_decorators.py", line 199, in wrapper
    return func(*args, **kwargs)
  File "/home/airflow/.local/lib/python3.6/site-packages/pandas/core/frame.py", line 2372, in to_parquet
    **kwargs,
  File "/home/airflow/.local/lib/python3.6/site-packages/pandas/io/parquet.py", line 276, in to_parquet
    **kwargs,
  File "/home/airflow/.local/lib/python3.6/site-packages/pandas/io/parquet.py", line 101, in write
    table = self.api.Table.from_pandas(df, **from_pandas_kwargs)
  File "pyarrow/table.pxi", line 1561, in pyarrow.lib.Table.from_pandas
  File "/home/airflow/.local/lib/python3.6/site-packages/pyarrow/pandas_compat.py", line 607, in dataframe_to_arrays
    arrays[i] = maybe_fut.result()
  File "/usr/local/lib/python3.6/concurrent/futures/_base.py", line 425, in result
    return self.__get_result()
  File "/usr/local/lib/python3.6/concurrent/futures/_base.py", line 384, in __get_result
    raise self._exception
  File "/usr/local/lib/python3.6/concurrent/futures/thread.py", line 56, in run
    result = self.fn(*self.args, **self.kwargs)
  File "/home/airflow/.local/lib/python3.6/site-packages/pyarrow/pandas_compat.py", line 581, in convert_column
    raise e
  File "/home/airflow/.local/lib/python3.6/site-packages/pyarrow/pandas_compat.py", line 575, in convert_column
    result = pa.array(col, type=type_, from_pandas=True, safe=safe)
  File "pyarrow/array.pxi", line 302, in pyarrow.lib.array
  File "pyarrow/array.pxi", line 83, in pyarrow.lib._ndarray_to_array
  File "pyarrow/error.pxi", line 122, in pyarrow.lib.check_status
pyarrow.lib.ArrowTypeError: ("Expected bytes, got a 'int' object", 'Conversion failed for column store_and_fwd_flag with type object')
[2024-03-30 11:57:22,135] {local_task_job.py:154} INFO - Task exited with return code 1
[2024-03-30 11:57:22,181] {local_task_job.py:264} INFO - 0 downstream tasks scheduled from follow-on schedule check
[2024-04-30 03:02:01,701] {taskinstance.py:1032} INFO - Dependencies all met for <TaskInstance: ingest_data_bigquery.local_to_gcs_task scheduled__2022-10-02T06:00:00+00:00 [queued]>
[2024-04-30 03:02:01,966] {taskinstance.py:1032} INFO - Dependencies all met for <TaskInstance: ingest_data_bigquery.local_to_gcs_task scheduled__2022-10-02T06:00:00+00:00 [queued]>
[2024-04-30 03:02:01,970] {taskinstance.py:1238} INFO - 
--------------------------------------------------------------------------------
[2024-04-30 03:02:01,973] {taskinstance.py:1239} INFO - Starting attempt 1 of 2
[2024-04-30 03:02:01,986] {taskinstance.py:1240} INFO - 
--------------------------------------------------------------------------------
[2024-04-30 03:02:02,144] {taskinstance.py:1259} INFO - Executing <Task(PythonOperator): local_to_gcs_task> on 2022-10-02 06:00:00+00:00
[2024-04-30 03:02:02,158] {standard_task_runner.py:52} INFO - Started process 941 to run task
[2024-04-30 03:02:02,222] {standard_task_runner.py:76} INFO - Running: ['***', 'tasks', 'run', 'ingest_data_bigquery', 'local_to_gcs_task', 'scheduled__2022-10-02T06:00:00+00:00', '--job-id', '3191', '--raw', '--subdir', 'DAGS_FOLDER/data_ingestion_gcs_dag.py', '--cfg-path', '/tmp/tmp5g5s2hos', '--error-file', '/tmp/tmpoadq8v7_']
[2024-04-30 03:02:02,272] {standard_task_runner.py:77} INFO - Job 3191: Subtask local_to_gcs_task
[2024-04-30 03:02:02,915] {logging_mixin.py:109} INFO - Running <TaskInstance: ingest_data_bigquery.local_to_gcs_task scheduled__2022-10-02T06:00:00+00:00 [running]> on host 02dc49e0e362
[2024-04-30 03:02:03,664] {warnings.py:99} WARNING - /home/***/.local/lib/python3.6/site-packages/***/utils/context.py:152: AirflowContextDeprecationWarning: Accessing 'execution_date' from the template is deprecated and will be removed in a future version. Please use 'data_interval_start' or 'logical_date' instead.
  warnings.warn(_create_deprecation_warning(key, self._deprecation_replacements[key]))

[2024-04-30 03:02:03,824] {taskinstance.py:1426} INFO - Exporting the following env vars:
AIRFLOW_CTX_DAG_OWNER=***
AIRFLOW_CTX_DAG_ID=ingest_data_bigquery
AIRFLOW_CTX_TASK_ID=local_to_gcs_task
AIRFLOW_CTX_EXECUTION_DATE=2022-10-02T06:00:00+00:00
AIRFLOW_CTX_DAG_RUN_ID=scheduled__2022-10-02T06:00:00+00:00
[2024-04-30 03:02:05,293] {python.py:175} INFO - Done. Returned value was: None
[2024-04-30 03:02:05,672] {taskinstance.py:1277} INFO - Marking task as SUCCESS. dag_id=ingest_data_bigquery, task_id=local_to_gcs_task, execution_date=20221002T060000, start_date=20240430T030201, end_date=20240430T030205
[2024-04-30 03:02:06,111] {local_task_job.py:154} INFO - Task exited with return code 0
[2024-04-30 03:02:06,430] {local_task_job.py:264} INFO - 1 downstream tasks scheduled from follow-on schedule check
[2024-04-30 04:34:14,557] {taskinstance.py:1032} INFO - Dependencies all met for <TaskInstance: ingest_data_bigquery.local_to_gcs_task scheduled__2022-10-02T06:00:00+00:00 [queued]>
[2024-04-30 04:34:14,605] {taskinstance.py:1032} INFO - Dependencies all met for <TaskInstance: ingest_data_bigquery.local_to_gcs_task scheduled__2022-10-02T06:00:00+00:00 [queued]>
[2024-04-30 04:34:14,606] {taskinstance.py:1238} INFO - 
--------------------------------------------------------------------------------
[2024-04-30 04:34:14,607] {taskinstance.py:1239} INFO - Starting attempt 1 of 2
[2024-04-30 04:34:14,607] {taskinstance.py:1240} INFO - 
--------------------------------------------------------------------------------
[2024-04-30 04:34:14,630] {taskinstance.py:1259} INFO - Executing <Task(PythonOperator): local_to_gcs_task> on 2022-10-02 06:00:00+00:00
[2024-04-30 04:34:14,645] {standard_task_runner.py:52} INFO - Started process 5612 to run task
[2024-04-30 04:34:14,657] {standard_task_runner.py:76} INFO - Running: ['***', 'tasks', 'run', 'ingest_data_bigquery', 'local_to_gcs_task', 'scheduled__2022-10-02T06:00:00+00:00', '--job-id', '3290', '--raw', '--subdir', 'DAGS_FOLDER/data_ingestion_gcs_dag.py', '--cfg-path', '/tmp/tmptf529yw7', '--error-file', '/tmp/tmpxhyu92gp']
[2024-04-30 04:34:14,677] {standard_task_runner.py:77} INFO - Job 3290: Subtask local_to_gcs_task
[2024-04-30 04:34:14,819] {logging_mixin.py:109} INFO - Running <TaskInstance: ingest_data_bigquery.local_to_gcs_task scheduled__2022-10-02T06:00:00+00:00 [running]> on host 02dc49e0e362
[2024-04-30 04:34:14,907] {warnings.py:99} WARNING - /home/***/.local/lib/python3.6/site-packages/***/utils/context.py:152: AirflowContextDeprecationWarning: Accessing 'execution_date' from the template is deprecated and will be removed in a future version. Please use 'data_interval_start' or 'logical_date' instead.
  warnings.warn(_create_deprecation_warning(key, self._deprecation_replacements[key]))

[2024-04-30 04:34:14,956] {taskinstance.py:1426} INFO - Exporting the following env vars:
AIRFLOW_CTX_DAG_OWNER=***
AIRFLOW_CTX_DAG_ID=ingest_data_bigquery
AIRFLOW_CTX_TASK_ID=local_to_gcs_task
AIRFLOW_CTX_EXECUTION_DATE=2022-10-02T06:00:00+00:00
AIRFLOW_CTX_DAG_RUN_ID=scheduled__2022-10-02T06:00:00+00:00
[2024-04-30 04:34:29,183] {python.py:175} INFO - Done. Returned value was: None
[2024-04-30 04:34:29,200] {taskinstance.py:1277} INFO - Marking task as SUCCESS. dag_id=ingest_data_bigquery, task_id=local_to_gcs_task, execution_date=20221002T060000, start_date=20240430T043414, end_date=20240430T043429
[2024-04-30 04:34:29,237] {local_task_job.py:154} INFO - Task exited with return code 0
[2024-04-30 04:34:29,278] {local_task_job.py:264} INFO - 1 downstream tasks scheduled from follow-on schedule check
