[2024-05-18 12:31:09,910] {taskinstance.py:1032} INFO - Dependencies all met for <TaskInstance: ingest_data_bigquery_fhv.local_to_gcs_task scheduled__2020-09-02T06:00:00+00:00 [queued]>
[2024-05-18 12:31:09,923] {taskinstance.py:1032} INFO - Dependencies all met for <TaskInstance: ingest_data_bigquery_fhv.local_to_gcs_task scheduled__2020-09-02T06:00:00+00:00 [queued]>
[2024-05-18 12:31:09,923] {taskinstance.py:1238} INFO - 
--------------------------------------------------------------------------------
[2024-05-18 12:31:09,924] {taskinstance.py:1239} INFO - Starting attempt 2 of 3
[2024-05-18 12:31:09,924] {taskinstance.py:1240} INFO - 
--------------------------------------------------------------------------------
[2024-05-18 12:31:09,940] {taskinstance.py:1259} INFO - Executing <Task(PythonOperator): local_to_gcs_task> on 2020-09-02 06:00:00+00:00
[2024-05-18 12:31:09,950] {standard_task_runner.py:52} INFO - Started process 5777 to run task
[2024-05-18 12:31:09,963] {standard_task_runner.py:76} INFO - Running: ['***', 'tasks', 'run', 'ingest_data_bigquery_fhv', 'local_to_gcs_task', 'scheduled__2020-09-02T06:00:00+00:00', '--job-id', '5086', '--raw', '--subdir', 'DAGS_FOLDER/data_ingestion_gcs_fhv_dag .py', '--cfg-path', '/tmp/tmpnnf5omg2', '--error-file', '/tmp/tmpkkxjbofj']
[2024-05-18 12:31:09,967] {standard_task_runner.py:77} INFO - Job 5086: Subtask local_to_gcs_task
[2024-05-18 12:31:10,054] {logging_mixin.py:109} INFO - Running <TaskInstance: ingest_data_bigquery_fhv.local_to_gcs_task scheduled__2020-09-02T06:00:00+00:00 [running]> on host 45b18388e83d
[2024-05-18 12:31:10,117] {warnings.py:99} WARNING - /home/***/.local/lib/python3.6/site-packages/***/utils/context.py:152: AirflowContextDeprecationWarning: Accessing 'execution_date' from the template is deprecated and will be removed in a future version. Please use 'data_interval_start' or 'logical_date' instead.
  warnings.warn(_create_deprecation_warning(key, self._deprecation_replacements[key]))

[2024-05-18 12:31:10,178] {taskinstance.py:1426} INFO - Exporting the following env vars:
AIRFLOW_CTX_DAG_OWNER=***
AIRFLOW_CTX_DAG_ID=ingest_data_bigquery_fhv
AIRFLOW_CTX_TASK_ID=local_to_gcs_task
AIRFLOW_CTX_EXECUTION_DATE=2020-09-02T06:00:00+00:00
AIRFLOW_CTX_DAG_RUN_ID=scheduled__2020-09-02T06:00:00+00:00
[2024-05-18 12:31:10,196] {taskinstance.py:1700} ERROR - Task failed with exception
Traceback (most recent call last):
  File "/home/airflow/.local/lib/python3.6/site-packages/airflow/models/taskinstance.py", line 1329, in _run_raw_task
    self._execute_task_with_callbacks(context)
  File "/home/airflow/.local/lib/python3.6/site-packages/airflow/models/taskinstance.py", line 1455, in _execute_task_with_callbacks
    result = self._execute_task(context, self.task)
  File "/home/airflow/.local/lib/python3.6/site-packages/airflow/models/taskinstance.py", line 1511, in _execute_task
    result = execute_callable(context=context)
  File "/home/airflow/.local/lib/python3.6/site-packages/airflow/operators/python.py", line 174, in execute
    return_value = self.execute_callable()
  File "/home/airflow/.local/lib/python3.6/site-packages/airflow/operators/python.py", line 185, in execute_callable
    return self.python_callable(*self.op_args, **self.op_kwargs)
  File "/opt/airflow/dags/data_ingestion_gcs_fhv_dag .py", line 82, in upload_to_gcs
    __clean_file(raw_file_name, clean_file_name)
  File "/opt/airflow/dags/data_ingestion_gcs_fhv_dag .py", line 59, in __clean_file
    parse_dates=["pickup_datetime", "dropOff_datetime"],
  File "/home/airflow/.local/lib/python3.6/site-packages/pandas/io/parsers.py", line 688, in read_csv
    return _read(filepath_or_buffer, kwds)
  File "/home/airflow/.local/lib/python3.6/site-packages/pandas/io/parsers.py", line 454, in _read
    parser = TextFileReader(fp_or_buf, **kwds)
  File "/home/airflow/.local/lib/python3.6/site-packages/pandas/io/parsers.py", line 948, in __init__
    self._make_engine(self.engine)
  File "/home/airflow/.local/lib/python3.6/site-packages/pandas/io/parsers.py", line 1180, in _make_engine
    self._engine = CParserWrapper(self.f, **self.options)
  File "/home/airflow/.local/lib/python3.6/site-packages/pandas/io/parsers.py", line 2068, in __init__
    self._validate_parse_dates_presence(self.names)
  File "/home/airflow/.local/lib/python3.6/site-packages/pandas/io/parsers.py", line 1546, in _validate_parse_dates_presence
    f"Missing column provided to 'parse_dates': '{missing_cols}'"
ValueError: Missing column provided to 'parse_dates': 'dropOff_datetime'
[2024-05-18 12:31:10,235] {taskinstance.py:1277} INFO - Marking task as UP_FOR_RETRY. dag_id=ingest_data_bigquery_fhv, task_id=local_to_gcs_task, execution_date=20200902T060000, start_date=20240518T123109, end_date=20240518T123110
[2024-05-18 12:31:10,264] {standard_task_runner.py:92} ERROR - Failed to execute job 5086 for task local_to_gcs_task
Traceback (most recent call last):
  File "/home/airflow/.local/lib/python3.6/site-packages/airflow/task/task_runner/standard_task_runner.py", line 85, in _start_by_fork
    args.func(args, dag=self.dag)
  File "/home/airflow/.local/lib/python3.6/site-packages/airflow/cli/cli_parser.py", line 48, in command
    return func(*args, **kwargs)
  File "/home/airflow/.local/lib/python3.6/site-packages/airflow/utils/cli.py", line 92, in wrapper
    return f(*args, **kwargs)
  File "/home/airflow/.local/lib/python3.6/site-packages/airflow/cli/commands/task_command.py", line 298, in task_run
    _run_task_by_selected_method(args, dag, ti)
  File "/home/airflow/.local/lib/python3.6/site-packages/airflow/cli/commands/task_command.py", line 107, in _run_task_by_selected_method
    _run_raw_task(args, ti)
  File "/home/airflow/.local/lib/python3.6/site-packages/airflow/cli/commands/task_command.py", line 184, in _run_raw_task
    error_file=args.error_file,
  File "/home/airflow/.local/lib/python3.6/site-packages/airflow/utils/session.py", line 70, in wrapper
    return func(*args, session=session, **kwargs)
  File "/home/airflow/.local/lib/python3.6/site-packages/airflow/models/taskinstance.py", line 1329, in _run_raw_task
    self._execute_task_with_callbacks(context)
  File "/home/airflow/.local/lib/python3.6/site-packages/airflow/models/taskinstance.py", line 1455, in _execute_task_with_callbacks
    result = self._execute_task(context, self.task)
  File "/home/airflow/.local/lib/python3.6/site-packages/airflow/models/taskinstance.py", line 1511, in _execute_task
    result = execute_callable(context=context)
  File "/home/airflow/.local/lib/python3.6/site-packages/airflow/operators/python.py", line 174, in execute
    return_value = self.execute_callable()
  File "/home/airflow/.local/lib/python3.6/site-packages/airflow/operators/python.py", line 185, in execute_callable
    return self.python_callable(*self.op_args, **self.op_kwargs)
  File "/opt/airflow/dags/data_ingestion_gcs_fhv_dag .py", line 82, in upload_to_gcs
    __clean_file(raw_file_name, clean_file_name)
  File "/opt/airflow/dags/data_ingestion_gcs_fhv_dag .py", line 59, in __clean_file
    parse_dates=["pickup_datetime", "dropOff_datetime"],
  File "/home/airflow/.local/lib/python3.6/site-packages/pandas/io/parsers.py", line 688, in read_csv
    return _read(filepath_or_buffer, kwds)
  File "/home/airflow/.local/lib/python3.6/site-packages/pandas/io/parsers.py", line 454, in _read
    parser = TextFileReader(fp_or_buf, **kwds)
  File "/home/airflow/.local/lib/python3.6/site-packages/pandas/io/parsers.py", line 948, in __init__
    self._make_engine(self.engine)
  File "/home/airflow/.local/lib/python3.6/site-packages/pandas/io/parsers.py", line 1180, in _make_engine
    self._engine = CParserWrapper(self.f, **self.options)
  File "/home/airflow/.local/lib/python3.6/site-packages/pandas/io/parsers.py", line 2068, in __init__
    self._validate_parse_dates_presence(self.names)
  File "/home/airflow/.local/lib/python3.6/site-packages/pandas/io/parsers.py", line 1546, in _validate_parse_dates_presence
    f"Missing column provided to 'parse_dates': '{missing_cols}'"
ValueError: Missing column provided to 'parse_dates': 'dropOff_datetime'
[2024-05-18 12:31:10,307] {local_task_job.py:154} INFO - Task exited with return code 1
[2024-05-18 12:31:10,560] {local_task_job.py:264} INFO - 0 downstream tasks scheduled from follow-on schedule check
[2024-05-18 12:55:19,666] {taskinstance.py:1032} INFO - Dependencies all met for <TaskInstance: ingest_data_bigquery_fhv.local_to_gcs_task scheduled__2020-09-02T06:00:00+00:00 [queued]>
[2024-05-18 12:55:19,677] {taskinstance.py:1032} INFO - Dependencies all met for <TaskInstance: ingest_data_bigquery_fhv.local_to_gcs_task scheduled__2020-09-02T06:00:00+00:00 [queued]>
[2024-05-18 12:55:19,677] {taskinstance.py:1238} INFO - 
--------------------------------------------------------------------------------
[2024-05-18 12:55:19,678] {taskinstance.py:1239} INFO - Starting attempt 2 of 3
[2024-05-18 12:55:19,678] {taskinstance.py:1240} INFO - 
--------------------------------------------------------------------------------
[2024-05-18 12:55:19,692] {taskinstance.py:1259} INFO - Executing <Task(PythonOperator): local_to_gcs_task> on 2020-09-02 06:00:00+00:00
[2024-05-18 12:55:19,701] {standard_task_runner.py:52} INFO - Started process 7363 to run task
[2024-05-18 12:55:19,707] {standard_task_runner.py:76} INFO - Running: ['***', 'tasks', 'run', 'ingest_data_bigquery_fhv', 'local_to_gcs_task', 'scheduled__2020-09-02T06:00:00+00:00', '--job-id', '5191', '--raw', '--subdir', 'DAGS_FOLDER/data_ingestion_gcs_fhv_dag .py', '--cfg-path', '/tmp/tmpg1q96lkl', '--error-file', '/tmp/tmp2xo3dhh2']
[2024-05-18 12:55:19,711] {standard_task_runner.py:77} INFO - Job 5191: Subtask local_to_gcs_task
[2024-05-18 12:55:19,787] {logging_mixin.py:109} INFO - Running <TaskInstance: ingest_data_bigquery_fhv.local_to_gcs_task scheduled__2020-09-02T06:00:00+00:00 [running]> on host 45b18388e83d
[2024-05-18 12:55:19,843] {warnings.py:99} WARNING - /home/***/.local/lib/python3.6/site-packages/***/utils/context.py:152: AirflowContextDeprecationWarning: Accessing 'execution_date' from the template is deprecated and will be removed in a future version. Please use 'data_interval_start' or 'logical_date' instead.
  warnings.warn(_create_deprecation_warning(key, self._deprecation_replacements[key]))

[2024-05-18 12:55:19,873] {taskinstance.py:1426} INFO - Exporting the following env vars:
AIRFLOW_CTX_DAG_OWNER=***
AIRFLOW_CTX_DAG_ID=ingest_data_bigquery_fhv
AIRFLOW_CTX_TASK_ID=local_to_gcs_task
AIRFLOW_CTX_EXECUTION_DATE=2020-09-02T06:00:00+00:00
AIRFLOW_CTX_DAG_RUN_ID=scheduled__2020-09-02T06:00:00+00:00
[2024-05-18 12:55:19,887] {taskinstance.py:1700} ERROR - Task failed with exception
Traceback (most recent call last):
  File "/home/airflow/.local/lib/python3.6/site-packages/airflow/models/taskinstance.py", line 1329, in _run_raw_task
    self._execute_task_with_callbacks(context)
  File "/home/airflow/.local/lib/python3.6/site-packages/airflow/models/taskinstance.py", line 1455, in _execute_task_with_callbacks
    result = self._execute_task(context, self.task)
  File "/home/airflow/.local/lib/python3.6/site-packages/airflow/models/taskinstance.py", line 1511, in _execute_task
    result = execute_callable(context=context)
  File "/home/airflow/.local/lib/python3.6/site-packages/airflow/operators/python.py", line 174, in execute
    return_value = self.execute_callable()
  File "/home/airflow/.local/lib/python3.6/site-packages/airflow/operators/python.py", line 185, in execute_callable
    return self.python_callable(*self.op_args, **self.op_kwargs)
  File "/opt/airflow/dags/data_ingestion_gcs_fhv_dag .py", line 84, in upload_to_gcs
    __clean_file(raw_file_name, clean_file_name)
  File "/opt/airflow/dags/data_ingestion_gcs_fhv_dag .py", line 59, in __clean_file
    parse_dates=["pickup_datetime", "dropOff_datetime"],
  File "/home/airflow/.local/lib/python3.6/site-packages/pandas/io/parsers.py", line 688, in read_csv
    return _read(filepath_or_buffer, kwds)
  File "/home/airflow/.local/lib/python3.6/site-packages/pandas/io/parsers.py", line 454, in _read
    parser = TextFileReader(fp_or_buf, **kwds)
  File "/home/airflow/.local/lib/python3.6/site-packages/pandas/io/parsers.py", line 948, in __init__
    self._make_engine(self.engine)
  File "/home/airflow/.local/lib/python3.6/site-packages/pandas/io/parsers.py", line 1180, in _make_engine
    self._engine = CParserWrapper(self.f, **self.options)
  File "/home/airflow/.local/lib/python3.6/site-packages/pandas/io/parsers.py", line 2068, in __init__
    self._validate_parse_dates_presence(self.names)
  File "/home/airflow/.local/lib/python3.6/site-packages/pandas/io/parsers.py", line 1546, in _validate_parse_dates_presence
    f"Missing column provided to 'parse_dates': '{missing_cols}'"
ValueError: Missing column provided to 'parse_dates': 'dropOff_datetime'
[2024-05-18 12:55:19,901] {taskinstance.py:1277} INFO - Marking task as UP_FOR_RETRY. dag_id=ingest_data_bigquery_fhv, task_id=local_to_gcs_task, execution_date=20200902T060000, start_date=20240518T125519, end_date=20240518T125519
[2024-05-18 12:55:19,912] {standard_task_runner.py:92} ERROR - Failed to execute job 5191 for task local_to_gcs_task
Traceback (most recent call last):
  File "/home/airflow/.local/lib/python3.6/site-packages/airflow/task/task_runner/standard_task_runner.py", line 85, in _start_by_fork
    args.func(args, dag=self.dag)
  File "/home/airflow/.local/lib/python3.6/site-packages/airflow/cli/cli_parser.py", line 48, in command
    return func(*args, **kwargs)
  File "/home/airflow/.local/lib/python3.6/site-packages/airflow/utils/cli.py", line 92, in wrapper
    return f(*args, **kwargs)
  File "/home/airflow/.local/lib/python3.6/site-packages/airflow/cli/commands/task_command.py", line 298, in task_run
    _run_task_by_selected_method(args, dag, ti)
  File "/home/airflow/.local/lib/python3.6/site-packages/airflow/cli/commands/task_command.py", line 107, in _run_task_by_selected_method
    _run_raw_task(args, ti)
  File "/home/airflow/.local/lib/python3.6/site-packages/airflow/cli/commands/task_command.py", line 184, in _run_raw_task
    error_file=args.error_file,
  File "/home/airflow/.local/lib/python3.6/site-packages/airflow/utils/session.py", line 70, in wrapper
    return func(*args, session=session, **kwargs)
  File "/home/airflow/.local/lib/python3.6/site-packages/airflow/models/taskinstance.py", line 1329, in _run_raw_task
    self._execute_task_with_callbacks(context)
  File "/home/airflow/.local/lib/python3.6/site-packages/airflow/models/taskinstance.py", line 1455, in _execute_task_with_callbacks
    result = self._execute_task(context, self.task)
  File "/home/airflow/.local/lib/python3.6/site-packages/airflow/models/taskinstance.py", line 1511, in _execute_task
    result = execute_callable(context=context)
  File "/home/airflow/.local/lib/python3.6/site-packages/airflow/operators/python.py", line 174, in execute
    return_value = self.execute_callable()
  File "/home/airflow/.local/lib/python3.6/site-packages/airflow/operators/python.py", line 185, in execute_callable
    return self.python_callable(*self.op_args, **self.op_kwargs)
  File "/opt/airflow/dags/data_ingestion_gcs_fhv_dag .py", line 84, in upload_to_gcs
    __clean_file(raw_file_name, clean_file_name)
  File "/opt/airflow/dags/data_ingestion_gcs_fhv_dag .py", line 59, in __clean_file
    parse_dates=["pickup_datetime", "dropOff_datetime"],
  File "/home/airflow/.local/lib/python3.6/site-packages/pandas/io/parsers.py", line 688, in read_csv
    return _read(filepath_or_buffer, kwds)
  File "/home/airflow/.local/lib/python3.6/site-packages/pandas/io/parsers.py", line 454, in _read
    parser = TextFileReader(fp_or_buf, **kwds)
  File "/home/airflow/.local/lib/python3.6/site-packages/pandas/io/parsers.py", line 948, in __init__
    self._make_engine(self.engine)
  File "/home/airflow/.local/lib/python3.6/site-packages/pandas/io/parsers.py", line 1180, in _make_engine
    self._engine = CParserWrapper(self.f, **self.options)
  File "/home/airflow/.local/lib/python3.6/site-packages/pandas/io/parsers.py", line 2068, in __init__
    self._validate_parse_dates_presence(self.names)
  File "/home/airflow/.local/lib/python3.6/site-packages/pandas/io/parsers.py", line 1546, in _validate_parse_dates_presence
    f"Missing column provided to 'parse_dates': '{missing_cols}'"
ValueError: Missing column provided to 'parse_dates': 'dropOff_datetime'
[2024-05-18 12:55:19,966] {local_task_job.py:154} INFO - Task exited with return code 1
[2024-05-18 12:55:20,021] {local_task_job.py:264} INFO - 0 downstream tasks scheduled from follow-on schedule check
