[2024-05-18 12:36:11,618] {taskinstance.py:1032} INFO - Dependencies all met for <TaskInstance: ingest_data_bigquery_fhv.local_to_gcs_task scheduled__2020-09-02T06:00:00+00:00 [queued]>
[2024-05-18 12:36:11,654] {taskinstance.py:1032} INFO - Dependencies all met for <TaskInstance: ingest_data_bigquery_fhv.local_to_gcs_task scheduled__2020-09-02T06:00:00+00:00 [queued]>
[2024-05-18 12:36:11,655] {taskinstance.py:1238} INFO - 
--------------------------------------------------------------------------------
[2024-05-18 12:36:11,655] {taskinstance.py:1239} INFO - Starting attempt 3 of 3
[2024-05-18 12:36:11,655] {taskinstance.py:1240} INFO - 
--------------------------------------------------------------------------------
[2024-05-18 12:36:11,678] {taskinstance.py:1259} INFO - Executing <Task(PythonOperator): local_to_gcs_task> on 2020-09-02 06:00:00+00:00
[2024-05-18 12:36:11,696] {standard_task_runner.py:52} INFO - Started process 6092 to run task
[2024-05-18 12:36:11,713] {standard_task_runner.py:76} INFO - Running: ['***', 'tasks', 'run', 'ingest_data_bigquery_fhv', 'local_to_gcs_task', 'scheduled__2020-09-02T06:00:00+00:00', '--job-id', '5108', '--raw', '--subdir', 'DAGS_FOLDER/data_ingestion_gcs_fhv_dag .py', '--cfg-path', '/tmp/tmp21bsjkqd', '--error-file', '/tmp/tmp32sz4wtl']
[2024-05-18 12:36:11,742] {standard_task_runner.py:77} INFO - Job 5108: Subtask local_to_gcs_task
[2024-05-18 12:36:12,052] {logging_mixin.py:109} INFO - Running <TaskInstance: ingest_data_bigquery_fhv.local_to_gcs_task scheduled__2020-09-02T06:00:00+00:00 [running]> on host 45b18388e83d
[2024-05-18 12:36:12,161] {warnings.py:99} WARNING - /home/***/.local/lib/python3.6/site-packages/***/utils/context.py:152: AirflowContextDeprecationWarning: Accessing 'execution_date' from the template is deprecated and will be removed in a future version. Please use 'data_interval_start' or 'logical_date' instead.
  warnings.warn(_create_deprecation_warning(key, self._deprecation_replacements[key]))

[2024-05-18 12:36:12,196] {taskinstance.py:1426} INFO - Exporting the following env vars:
AIRFLOW_CTX_DAG_OWNER=***
AIRFLOW_CTX_DAG_ID=ingest_data_bigquery_fhv
AIRFLOW_CTX_TASK_ID=local_to_gcs_task
AIRFLOW_CTX_EXECUTION_DATE=2020-09-02T06:00:00+00:00
AIRFLOW_CTX_DAG_RUN_ID=scheduled__2020-09-02T06:00:00+00:00
[2024-05-18 12:36:12,212] {taskinstance.py:1700} ERROR - Task failed with exception
Traceback (most recent call last):
  File "/home/airflow/.local/lib/python3.6/site-packages/airflow/models/taskinstance.py", line 1329, in _run_raw_task
    self._execute_task_with_callbacks(context)
  File "/home/airflow/.local/lib/python3.6/site-packages/airflow/models/taskinstance.py", line 1455, in _execute_task_with_callbacks
    result = self._execute_task(context, self.task)
  File "/home/airflow/.local/lib/python3.6/site-packages/airflow/models/taskinstance.py", line 1511, in _execute_task
    result = execute_callable(context=context)
  File "/home/airflow/.local/lib/python3.6/site-packages/airflow/operators/python.py", line 174, in execute
    return_value = self.execute_callable()
  File "/home/airflow/.local/lib/python3.6/site-packages/airflow/operators/python.py", line 185, in execute_callable
    return self.python_callable(*self.op_args, **self.op_kwargs)
  File "/opt/airflow/dags/data_ingestion_gcs_fhv_dag .py", line 82, in upload_to_gcs
    __clean_file(raw_file_name, clean_file_name)
  File "/opt/airflow/dags/data_ingestion_gcs_fhv_dag .py", line 59, in __clean_file
    parse_dates=["pickup_datetime", "dropOff_datetime"],
  File "/home/airflow/.local/lib/python3.6/site-packages/pandas/io/parsers.py", line 688, in read_csv
    return _read(filepath_or_buffer, kwds)
  File "/home/airflow/.local/lib/python3.6/site-packages/pandas/io/parsers.py", line 454, in _read
    parser = TextFileReader(fp_or_buf, **kwds)
  File "/home/airflow/.local/lib/python3.6/site-packages/pandas/io/parsers.py", line 948, in __init__
    self._make_engine(self.engine)
  File "/home/airflow/.local/lib/python3.6/site-packages/pandas/io/parsers.py", line 1180, in _make_engine
    self._engine = CParserWrapper(self.f, **self.options)
  File "/home/airflow/.local/lib/python3.6/site-packages/pandas/io/parsers.py", line 2068, in __init__
    self._validate_parse_dates_presence(self.names)
  File "/home/airflow/.local/lib/python3.6/site-packages/pandas/io/parsers.py", line 1546, in _validate_parse_dates_presence
    f"Missing column provided to 'parse_dates': '{missing_cols}'"
ValueError: Missing column provided to 'parse_dates': 'dropOff_datetime'
[2024-05-18 12:36:12,232] {taskinstance.py:1277} INFO - Marking task as FAILED. dag_id=ingest_data_bigquery_fhv, task_id=local_to_gcs_task, execution_date=20200902T060000, start_date=20240518T123611, end_date=20240518T123612
[2024-05-18 12:36:12,248] {standard_task_runner.py:92} ERROR - Failed to execute job 5108 for task local_to_gcs_task
Traceback (most recent call last):
  File "/home/airflow/.local/lib/python3.6/site-packages/airflow/task/task_runner/standard_task_runner.py", line 85, in _start_by_fork
    args.func(args, dag=self.dag)
  File "/home/airflow/.local/lib/python3.6/site-packages/airflow/cli/cli_parser.py", line 48, in command
    return func(*args, **kwargs)
  File "/home/airflow/.local/lib/python3.6/site-packages/airflow/utils/cli.py", line 92, in wrapper
    return f(*args, **kwargs)
  File "/home/airflow/.local/lib/python3.6/site-packages/airflow/cli/commands/task_command.py", line 298, in task_run
    _run_task_by_selected_method(args, dag, ti)
  File "/home/airflow/.local/lib/python3.6/site-packages/airflow/cli/commands/task_command.py", line 107, in _run_task_by_selected_method
    _run_raw_task(args, ti)
  File "/home/airflow/.local/lib/python3.6/site-packages/airflow/cli/commands/task_command.py", line 184, in _run_raw_task
    error_file=args.error_file,
  File "/home/airflow/.local/lib/python3.6/site-packages/airflow/utils/session.py", line 70, in wrapper
    return func(*args, session=session, **kwargs)
  File "/home/airflow/.local/lib/python3.6/site-packages/airflow/models/taskinstance.py", line 1329, in _run_raw_task
    self._execute_task_with_callbacks(context)
  File "/home/airflow/.local/lib/python3.6/site-packages/airflow/models/taskinstance.py", line 1455, in _execute_task_with_callbacks
    result = self._execute_task(context, self.task)
  File "/home/airflow/.local/lib/python3.6/site-packages/airflow/models/taskinstance.py", line 1511, in _execute_task
    result = execute_callable(context=context)
  File "/home/airflow/.local/lib/python3.6/site-packages/airflow/operators/python.py", line 174, in execute
    return_value = self.execute_callable()
  File "/home/airflow/.local/lib/python3.6/site-packages/airflow/operators/python.py", line 185, in execute_callable
    return self.python_callable(*self.op_args, **self.op_kwargs)
  File "/opt/airflow/dags/data_ingestion_gcs_fhv_dag .py", line 82, in upload_to_gcs
    __clean_file(raw_file_name, clean_file_name)
  File "/opt/airflow/dags/data_ingestion_gcs_fhv_dag .py", line 59, in __clean_file
    parse_dates=["pickup_datetime", "dropOff_datetime"],
  File "/home/airflow/.local/lib/python3.6/site-packages/pandas/io/parsers.py", line 688, in read_csv
    return _read(filepath_or_buffer, kwds)
  File "/home/airflow/.local/lib/python3.6/site-packages/pandas/io/parsers.py", line 454, in _read
    parser = TextFileReader(fp_or_buf, **kwds)
  File "/home/airflow/.local/lib/python3.6/site-packages/pandas/io/parsers.py", line 948, in __init__
    self._make_engine(self.engine)
  File "/home/airflow/.local/lib/python3.6/site-packages/pandas/io/parsers.py", line 1180, in _make_engine
    self._engine = CParserWrapper(self.f, **self.options)
  File "/home/airflow/.local/lib/python3.6/site-packages/pandas/io/parsers.py", line 2068, in __init__
    self._validate_parse_dates_presence(self.names)
  File "/home/airflow/.local/lib/python3.6/site-packages/pandas/io/parsers.py", line 1546, in _validate_parse_dates_presence
    f"Missing column provided to 'parse_dates': '{missing_cols}'"
ValueError: Missing column provided to 'parse_dates': 'dropOff_datetime'
[2024-05-18 12:36:12,283] {local_task_job.py:154} INFO - Task exited with return code 1
[2024-05-18 12:36:12,383] {local_task_job.py:264} INFO - 0 downstream tasks scheduled from follow-on schedule check
[2024-05-18 13:00:21,106] {taskinstance.py:1032} INFO - Dependencies all met for <TaskInstance: ingest_data_bigquery_fhv.local_to_gcs_task scheduled__2020-09-02T06:00:00+00:00 [queued]>
[2024-05-18 13:00:21,121] {taskinstance.py:1032} INFO - Dependencies all met for <TaskInstance: ingest_data_bigquery_fhv.local_to_gcs_task scheduled__2020-09-02T06:00:00+00:00 [queued]>
[2024-05-18 13:00:21,122] {taskinstance.py:1238} INFO - 
--------------------------------------------------------------------------------
[2024-05-18 13:00:21,122] {taskinstance.py:1239} INFO - Starting attempt 3 of 3
[2024-05-18 13:00:21,122] {taskinstance.py:1240} INFO - 
--------------------------------------------------------------------------------
[2024-05-18 13:00:21,133] {taskinstance.py:1259} INFO - Executing <Task(PythonOperator): local_to_gcs_task> on 2020-09-02 06:00:00+00:00
[2024-05-18 13:00:21,144] {standard_task_runner.py:52} INFO - Started process 7678 to run task
[2024-05-18 13:00:21,148] {standard_task_runner.py:76} INFO - Running: ['***', 'tasks', 'run', 'ingest_data_bigquery_fhv', 'local_to_gcs_task', 'scheduled__2020-09-02T06:00:00+00:00', '--job-id', '5213', '--raw', '--subdir', 'DAGS_FOLDER/data_ingestion_gcs_fhv_dag .py', '--cfg-path', '/tmp/tmpoc5evxmk', '--error-file', '/tmp/tmp4cqu_q04']
[2024-05-18 13:00:21,152] {standard_task_runner.py:77} INFO - Job 5213: Subtask local_to_gcs_task
[2024-05-18 13:00:21,222] {logging_mixin.py:109} INFO - Running <TaskInstance: ingest_data_bigquery_fhv.local_to_gcs_task scheduled__2020-09-02T06:00:00+00:00 [running]> on host 45b18388e83d
[2024-05-18 13:00:21,264] {warnings.py:99} WARNING - /home/***/.local/lib/python3.6/site-packages/***/utils/context.py:152: AirflowContextDeprecationWarning: Accessing 'execution_date' from the template is deprecated and will be removed in a future version. Please use 'data_interval_start' or 'logical_date' instead.
  warnings.warn(_create_deprecation_warning(key, self._deprecation_replacements[key]))

[2024-05-18 13:00:21,293] {taskinstance.py:1426} INFO - Exporting the following env vars:
AIRFLOW_CTX_DAG_OWNER=***
AIRFLOW_CTX_DAG_ID=ingest_data_bigquery_fhv
AIRFLOW_CTX_TASK_ID=local_to_gcs_task
AIRFLOW_CTX_EXECUTION_DATE=2020-09-02T06:00:00+00:00
AIRFLOW_CTX_DAG_RUN_ID=scheduled__2020-09-02T06:00:00+00:00
[2024-05-18 13:00:21,307] {taskinstance.py:1700} ERROR - Task failed with exception
Traceback (most recent call last):
  File "/home/airflow/.local/lib/python3.6/site-packages/airflow/models/taskinstance.py", line 1329, in _run_raw_task
    self._execute_task_with_callbacks(context)
  File "/home/airflow/.local/lib/python3.6/site-packages/airflow/models/taskinstance.py", line 1455, in _execute_task_with_callbacks
    result = self._execute_task(context, self.task)
  File "/home/airflow/.local/lib/python3.6/site-packages/airflow/models/taskinstance.py", line 1511, in _execute_task
    result = execute_callable(context=context)
  File "/home/airflow/.local/lib/python3.6/site-packages/airflow/operators/python.py", line 174, in execute
    return_value = self.execute_callable()
  File "/home/airflow/.local/lib/python3.6/site-packages/airflow/operators/python.py", line 185, in execute_callable
    return self.python_callable(*self.op_args, **self.op_kwargs)
  File "/opt/airflow/dags/data_ingestion_gcs_fhv_dag .py", line 84, in upload_to_gcs
    __clean_file(raw_file_name, clean_file_name)
  File "/opt/airflow/dags/data_ingestion_gcs_fhv_dag .py", line 59, in __clean_file
    parse_dates=["pickup_datetime", "dropOff_datetime"],
  File "/home/airflow/.local/lib/python3.6/site-packages/pandas/io/parsers.py", line 688, in read_csv
    return _read(filepath_or_buffer, kwds)
  File "/home/airflow/.local/lib/python3.6/site-packages/pandas/io/parsers.py", line 454, in _read
    parser = TextFileReader(fp_or_buf, **kwds)
  File "/home/airflow/.local/lib/python3.6/site-packages/pandas/io/parsers.py", line 948, in __init__
    self._make_engine(self.engine)
  File "/home/airflow/.local/lib/python3.6/site-packages/pandas/io/parsers.py", line 1180, in _make_engine
    self._engine = CParserWrapper(self.f, **self.options)
  File "/home/airflow/.local/lib/python3.6/site-packages/pandas/io/parsers.py", line 2068, in __init__
    self._validate_parse_dates_presence(self.names)
  File "/home/airflow/.local/lib/python3.6/site-packages/pandas/io/parsers.py", line 1546, in _validate_parse_dates_presence
    f"Missing column provided to 'parse_dates': '{missing_cols}'"
ValueError: Missing column provided to 'parse_dates': 'dropOff_datetime'
[2024-05-18 13:00:21,324] {taskinstance.py:1277} INFO - Marking task as FAILED. dag_id=ingest_data_bigquery_fhv, task_id=local_to_gcs_task, execution_date=20200902T060000, start_date=20240518T130021, end_date=20240518T130021
[2024-05-18 13:00:21,337] {standard_task_runner.py:92} ERROR - Failed to execute job 5213 for task local_to_gcs_task
Traceback (most recent call last):
  File "/home/airflow/.local/lib/python3.6/site-packages/airflow/task/task_runner/standard_task_runner.py", line 85, in _start_by_fork
    args.func(args, dag=self.dag)
  File "/home/airflow/.local/lib/python3.6/site-packages/airflow/cli/cli_parser.py", line 48, in command
    return func(*args, **kwargs)
  File "/home/airflow/.local/lib/python3.6/site-packages/airflow/utils/cli.py", line 92, in wrapper
    return f(*args, **kwargs)
  File "/home/airflow/.local/lib/python3.6/site-packages/airflow/cli/commands/task_command.py", line 298, in task_run
    _run_task_by_selected_method(args, dag, ti)
  File "/home/airflow/.local/lib/python3.6/site-packages/airflow/cli/commands/task_command.py", line 107, in _run_task_by_selected_method
    _run_raw_task(args, ti)
  File "/home/airflow/.local/lib/python3.6/site-packages/airflow/cli/commands/task_command.py", line 184, in _run_raw_task
    error_file=args.error_file,
  File "/home/airflow/.local/lib/python3.6/site-packages/airflow/utils/session.py", line 70, in wrapper
    return func(*args, session=session, **kwargs)
  File "/home/airflow/.local/lib/python3.6/site-packages/airflow/models/taskinstance.py", line 1329, in _run_raw_task
    self._execute_task_with_callbacks(context)
  File "/home/airflow/.local/lib/python3.6/site-packages/airflow/models/taskinstance.py", line 1455, in _execute_task_with_callbacks
    result = self._execute_task(context, self.task)
  File "/home/airflow/.local/lib/python3.6/site-packages/airflow/models/taskinstance.py", line 1511, in _execute_task
    result = execute_callable(context=context)
  File "/home/airflow/.local/lib/python3.6/site-packages/airflow/operators/python.py", line 174, in execute
    return_value = self.execute_callable()
  File "/home/airflow/.local/lib/python3.6/site-packages/airflow/operators/python.py", line 185, in execute_callable
    return self.python_callable(*self.op_args, **self.op_kwargs)
  File "/opt/airflow/dags/data_ingestion_gcs_fhv_dag .py", line 84, in upload_to_gcs
    __clean_file(raw_file_name, clean_file_name)
  File "/opt/airflow/dags/data_ingestion_gcs_fhv_dag .py", line 59, in __clean_file
    parse_dates=["pickup_datetime", "dropOff_datetime"],
  File "/home/airflow/.local/lib/python3.6/site-packages/pandas/io/parsers.py", line 688, in read_csv
    return _read(filepath_or_buffer, kwds)
  File "/home/airflow/.local/lib/python3.6/site-packages/pandas/io/parsers.py", line 454, in _read
    parser = TextFileReader(fp_or_buf, **kwds)
  File "/home/airflow/.local/lib/python3.6/site-packages/pandas/io/parsers.py", line 948, in __init__
    self._make_engine(self.engine)
  File "/home/airflow/.local/lib/python3.6/site-packages/pandas/io/parsers.py", line 1180, in _make_engine
    self._engine = CParserWrapper(self.f, **self.options)
  File "/home/airflow/.local/lib/python3.6/site-packages/pandas/io/parsers.py", line 2068, in __init__
    self._validate_parse_dates_presence(self.names)
  File "/home/airflow/.local/lib/python3.6/site-packages/pandas/io/parsers.py", line 1546, in _validate_parse_dates_presence
    f"Missing column provided to 'parse_dates': '{missing_cols}'"
ValueError: Missing column provided to 'parse_dates': 'dropOff_datetime'
[2024-05-18 13:00:21,368] {local_task_job.py:154} INFO - Task exited with return code 1
[2024-05-18 13:00:21,413] {local_task_job.py:264} INFO - 0 downstream tasks scheduled from follow-on schedule check
