[2024-05-18 13:54:46,869] {taskinstance.py:1032} INFO - Dependencies all met for <TaskInstance: ingest_data_bigquery_fhvhv.download_dataset_task scheduled__2019-10-02T06:00:00+00:00 [queued]>
[2024-05-18 13:54:46,908] {taskinstance.py:1032} INFO - Dependencies all met for <TaskInstance: ingest_data_bigquery_fhvhv.download_dataset_task scheduled__2019-10-02T06:00:00+00:00 [queued]>
[2024-05-18 13:54:46,911] {taskinstance.py:1238} INFO - 
--------------------------------------------------------------------------------
[2024-05-18 13:54:46,912] {taskinstance.py:1239} INFO - Starting attempt 1 of 3
[2024-05-18 13:54:46,913] {taskinstance.py:1240} INFO - 
--------------------------------------------------------------------------------
[2024-05-18 13:54:46,964] {taskinstance.py:1259} INFO - Executing <Task(BashOperator): download_dataset_task> on 2019-10-02 06:00:00+00:00
[2024-05-18 13:54:46,997] {standard_task_runner.py:52} INFO - Started process 11302 to run task
[2024-05-18 13:54:47,029] {standard_task_runner.py:76} INFO - Running: ['***', 'tasks', 'run', 'ingest_data_bigquery_fhvhv', 'download_dataset_task', 'scheduled__2019-10-02T06:00:00+00:00', '--job-id', '5420', '--raw', '--subdir', 'DAGS_FOLDER/data_ingestion_gcs_fhvhv_dag.py', '--cfg-path', '/tmp/tmpom5jmskg', '--error-file', '/tmp/tmp3lisbn80']
[2024-05-18 13:54:47,048] {standard_task_runner.py:77} INFO - Job 5420: Subtask download_dataset_task
[2024-05-18 13:54:47,264] {logging_mixin.py:109} INFO - Running <TaskInstance: ingest_data_bigquery_fhvhv.download_dataset_task scheduled__2019-10-02T06:00:00+00:00 [running]> on host 45b18388e83d
[2024-05-18 13:54:47,369] {warnings.py:99} WARNING - /home/***/.local/lib/python3.6/site-packages/***/utils/context.py:152: AirflowContextDeprecationWarning: Accessing 'execution_date' from the template is deprecated and will be removed in a future version. Please use 'data_interval_start' or 'logical_date' instead.
  warnings.warn(_create_deprecation_warning(key, self._deprecation_replacements[key]))

[2024-05-18 13:54:47,451] {taskinstance.py:1426} INFO - Exporting the following env vars:
AIRFLOW_CTX_DAG_OWNER=***
AIRFLOW_CTX_DAG_ID=ingest_data_bigquery_fhvhv
AIRFLOW_CTX_TASK_ID=download_dataset_task
AIRFLOW_CTX_EXECUTION_DATE=2019-10-02T06:00:00+00:00
AIRFLOW_CTX_DAG_RUN_ID=scheduled__2019-10-02T06:00:00+00:00
[2024-05-18 13:54:47,452] {subprocess.py:62} INFO - Tmp dir root location: 
 /tmp
[2024-05-18 13:54:47,453] {subprocess.py:74} INFO - Running command: ['bash', '-c', 'curl -sSL https://d37ci6vzurychx.cloudfront.net/trip-data/fhvhv_tripdata_2019-10.parquet > /opt/***/raw_data/fhvhvtaxi_tripdata_2019-10.parquet']
[2024-05-18 13:54:47,607] {subprocess.py:85} INFO - Output:
[2024-05-18 13:55:27,600] {subprocess.py:93} INFO - Command exited with return code 0
[2024-05-18 13:55:28,154] {taskinstance.py:1277} INFO - Marking task as SUCCESS. dag_id=ingest_data_bigquery_fhvhv, task_id=download_dataset_task, execution_date=20191002T060000, start_date=20240518T135446, end_date=20240518T135528
[2024-05-18 13:55:28,754] {local_task_job.py:154} INFO - Task exited with return code 0
[2024-05-18 13:55:29,532] {local_task_job.py:264} INFO - 0 downstream tasks scheduled from follow-on schedule check
[2024-12-16 15:19:17,963] {taskinstance.py:1032} INFO - Dependencies all met for <TaskInstance: ingest_data_bigquery_fhvhv.download_dataset_task scheduled__2019-10-02T06:00:00+00:00 [queued]>
[2024-12-16 15:19:18,092] {taskinstance.py:1032} INFO - Dependencies all met for <TaskInstance: ingest_data_bigquery_fhvhv.download_dataset_task scheduled__2019-10-02T06:00:00+00:00 [queued]>
[2024-12-16 15:19:18,092] {taskinstance.py:1238} INFO - 
--------------------------------------------------------------------------------
[2024-12-16 15:19:18,092] {taskinstance.py:1239} INFO - Starting attempt 1 of 3
[2024-12-16 15:19:18,092] {taskinstance.py:1240} INFO - 
--------------------------------------------------------------------------------
[2024-12-16 15:19:18,177] {taskinstance.py:1259} INFO - Executing <Task(BashOperator): download_dataset_task> on 2019-10-02 06:00:00+00:00
[2024-12-16 15:19:18,208] {standard_task_runner.py:52} INFO - Started process 5981 to run task
[2024-12-16 15:19:18,319] {standard_task_runner.py:76} INFO - Running: ['***', 'tasks', 'run', 'ingest_data_bigquery_fhvhv', 'download_dataset_task', 'scheduled__2019-10-02T06:00:00+00:00', '--job-id', '5654', '--raw', '--subdir', 'DAGS_FOLDER/data_ingestion_gcs_fhvhv_dag.py', '--cfg-path', '/tmp/tmp16q3xtvi', '--error-file', '/tmp/tmp4fdp0i9h']
[2024-12-16 15:19:18,392] {standard_task_runner.py:77} INFO - Job 5654: Subtask download_dataset_task
[2024-12-16 15:19:18,956] {logging_mixin.py:109} INFO - Running <TaskInstance: ingest_data_bigquery_fhvhv.download_dataset_task scheduled__2019-10-02T06:00:00+00:00 [running]> on host 78f99e82b508
[2024-12-16 15:19:19,142] {warnings.py:99} WARNING - /home/***/.local/lib/python3.6/site-packages/***/utils/context.py:152: AirflowContextDeprecationWarning: Accessing 'execution_date' from the template is deprecated and will be removed in a future version. Please use 'data_interval_start' or 'logical_date' instead.
  warnings.warn(_create_deprecation_warning(key, self._deprecation_replacements[key]))

[2024-12-16 15:19:19,231] {taskinstance.py:1426} INFO - Exporting the following env vars:
AIRFLOW_CTX_DAG_OWNER=***
AIRFLOW_CTX_DAG_ID=ingest_data_bigquery_fhvhv
AIRFLOW_CTX_TASK_ID=download_dataset_task
AIRFLOW_CTX_EXECUTION_DATE=2019-10-02T06:00:00+00:00
AIRFLOW_CTX_DAG_RUN_ID=scheduled__2019-10-02T06:00:00+00:00
[2024-12-16 15:19:19,235] {subprocess.py:62} INFO - Tmp dir root location: 
 /tmp
[2024-12-16 15:19:19,239] {subprocess.py:74} INFO - Running command: ['bash', '-c', 'curl -sSL https://d37ci6vzurychx.cloudfront.net/trip-data/fhvhv_tripdata_2019-10.parquet > /opt/***/raw_data/fhvhvtaxi_tripdata_2019-10.parquet']
[2024-12-16 15:19:19,315] {subprocess.py:85} INFO - Output:
[2024-12-16 15:19:57,372] {subprocess.py:93} INFO - Command exited with return code 0
[2024-12-16 15:19:57,482] {taskinstance.py:1277} INFO - Marking task as SUCCESS. dag_id=ingest_data_bigquery_fhvhv, task_id=download_dataset_task, execution_date=20191002T060000, start_date=20241216T151917, end_date=20241216T151957
[2024-12-16 15:19:57,568] {local_task_job.py:154} INFO - Task exited with return code 0
[2024-12-16 15:19:57,742] {local_task_job.py:264} INFO - 1 downstream tasks scheduled from follow-on schedule check
[2024-12-29 14:02:16,246] {taskinstance.py:1032} INFO - Dependencies all met for <TaskInstance: ingest_data_bigquery_fhvhv.download_dataset_task scheduled__2019-10-02T06:00:00+00:00 [queued]>
[2024-12-29 14:02:16,371] {taskinstance.py:1032} INFO - Dependencies all met for <TaskInstance: ingest_data_bigquery_fhvhv.download_dataset_task scheduled__2019-10-02T06:00:00+00:00 [queued]>
[2024-12-29 14:02:16,374] {taskinstance.py:1238} INFO - 
--------------------------------------------------------------------------------
[2024-12-29 14:02:16,375] {taskinstance.py:1239} INFO - Starting attempt 1 of 3
[2024-12-29 14:02:16,377] {taskinstance.py:1240} INFO - 
--------------------------------------------------------------------------------
[2024-12-29 14:02:16,481] {taskinstance.py:1259} INFO - Executing <Task(BashOperator): download_dataset_task> on 2019-10-02 06:00:00+00:00
[2024-12-29 14:02:16,537] {standard_task_runner.py:52} INFO - Started process 831 to run task
[2024-12-29 14:02:16,587] {standard_task_runner.py:76} INFO - Running: ['***', 'tasks', 'run', 'ingest_data_bigquery_fhvhv', 'download_dataset_task', 'scheduled__2019-10-02T06:00:00+00:00', '--job-id', '5876', '--raw', '--subdir', 'DAGS_FOLDER/data_ingestion_gcs_fhvhv_dag.py', '--cfg-path', '/tmp/tmpsuvwvyl6', '--error-file', '/tmp/tmped6dkak4']
[2024-12-29 14:02:16,615] {standard_task_runner.py:77} INFO - Job 5876: Subtask download_dataset_task
[2024-12-29 14:02:16,858] {logging_mixin.py:109} INFO - Running <TaskInstance: ingest_data_bigquery_fhvhv.download_dataset_task scheduled__2019-10-02T06:00:00+00:00 [running]> on host 4b90d914d43e
[2024-12-29 14:02:17,068] {warnings.py:99} WARNING - /home/***/.local/lib/python3.6/site-packages/***/utils/context.py:152: AirflowContextDeprecationWarning: Accessing 'execution_date' from the template is deprecated and will be removed in a future version. Please use 'data_interval_start' or 'logical_date' instead.
  warnings.warn(_create_deprecation_warning(key, self._deprecation_replacements[key]))

[2024-12-29 14:02:17,190] {taskinstance.py:1426} INFO - Exporting the following env vars:
AIRFLOW_CTX_DAG_OWNER=***
AIRFLOW_CTX_DAG_ID=ingest_data_bigquery_fhvhv
AIRFLOW_CTX_TASK_ID=download_dataset_task
AIRFLOW_CTX_EXECUTION_DATE=2019-10-02T06:00:00+00:00
AIRFLOW_CTX_DAG_RUN_ID=scheduled__2019-10-02T06:00:00+00:00
[2024-12-29 14:02:17,203] {subprocess.py:62} INFO - Tmp dir root location: 
 /tmp
[2024-12-29 14:02:17,208] {subprocess.py:74} INFO - Running command: ['bash', '-c', 'curl -sSL https://d37ci6vzurychx.cloudfront.net/trip-data/fhvhv_tripdata_2019-10.parquet > /opt/***/raw_data/fhvhvtaxi_tripdata_2019-10.parquet']
[2024-12-29 14:02:17,313] {subprocess.py:85} INFO - Output:
[2024-12-29 14:03:05,468] {subprocess.py:93} INFO - Command exited with return code 0
[2024-12-29 14:03:05,621] {taskinstance.py:1277} INFO - Marking task as SUCCESS. dag_id=ingest_data_bigquery_fhvhv, task_id=download_dataset_task, execution_date=20191002T060000, start_date=20241229T140216, end_date=20241229T140305
[2024-12-29 14:03:05,988] {local_task_job.py:154} INFO - Task exited with return code 0
[2024-12-29 14:03:06,697] {local_task_job.py:264} INFO - 0 downstream tasks scheduled from follow-on schedule check
[2025-01-01 04:54:26,510] {taskinstance.py:1032} INFO - Dependencies all met for <TaskInstance: ingest_data_bigquery_fhvhv.download_dataset_task scheduled__2019-10-02T06:00:00+00:00 [queued]>
[2025-01-01 04:54:26,522] {taskinstance.py:1032} INFO - Dependencies all met for <TaskInstance: ingest_data_bigquery_fhvhv.download_dataset_task scheduled__2019-10-02T06:00:00+00:00 [queued]>
[2025-01-01 04:54:26,523] {taskinstance.py:1238} INFO - 
--------------------------------------------------------------------------------
[2025-01-01 04:54:26,523] {taskinstance.py:1239} INFO - Starting attempt 1 of 3
[2025-01-01 04:54:26,523] {taskinstance.py:1240} INFO - 
--------------------------------------------------------------------------------
[2025-01-01 04:54:26,534] {taskinstance.py:1259} INFO - Executing <Task(BashOperator): download_dataset_task> on 2019-10-02 06:00:00+00:00
[2025-01-01 04:54:26,542] {standard_task_runner.py:52} INFO - Started process 3416 to run task
[2025-01-01 04:54:26,549] {standard_task_runner.py:76} INFO - Running: ['***', 'tasks', 'run', 'ingest_data_bigquery_fhvhv', 'download_dataset_task', 'scheduled__2019-10-02T06:00:00+00:00', '--job-id', '6190', '--raw', '--subdir', 'DAGS_FOLDER/data_ingestion_gcs_fhvhv_dag.py', '--cfg-path', '/tmp/tmptvgas380', '--error-file', '/tmp/tmp0qc13xmw']
[2025-01-01 04:54:26,555] {standard_task_runner.py:77} INFO - Job 6190: Subtask download_dataset_task
[2025-01-01 04:54:26,630] {logging_mixin.py:109} INFO - Running <TaskInstance: ingest_data_bigquery_fhvhv.download_dataset_task scheduled__2019-10-02T06:00:00+00:00 [running]> on host 4228b0d90dbc
[2025-01-01 04:54:26,699] {warnings.py:99} WARNING - /home/***/.local/lib/python3.6/site-packages/***/utils/context.py:152: AirflowContextDeprecationWarning: Accessing 'execution_date' from the template is deprecated and will be removed in a future version. Please use 'data_interval_start' or 'logical_date' instead.
  warnings.warn(_create_deprecation_warning(key, self._deprecation_replacements[key]))

[2025-01-01 04:54:26,734] {taskinstance.py:1426} INFO - Exporting the following env vars:
AIRFLOW_CTX_DAG_OWNER=***
AIRFLOW_CTX_DAG_ID=ingest_data_bigquery_fhvhv
AIRFLOW_CTX_TASK_ID=download_dataset_task
AIRFLOW_CTX_EXECUTION_DATE=2019-10-02T06:00:00+00:00
AIRFLOW_CTX_DAG_RUN_ID=scheduled__2019-10-02T06:00:00+00:00
[2025-01-01 04:54:26,736] {subprocess.py:62} INFO - Tmp dir root location: 
 /tmp
[2025-01-01 04:54:26,737] {subprocess.py:74} INFO - Running command: ['bash', '-c', 'curl -sSL https://d37ci6vzurychx.cloudfront.net/trip-data/fhvhv_tripdata_2019-10.parquet > /opt/***/raw_data/fhvhvtaxi_tripdata_2019-10.parquet']
[2025-01-01 04:54:26,753] {subprocess.py:85} INFO - Output:
[2025-01-01 04:55:11,814] {subprocess.py:93} INFO - Command exited with return code 0
[2025-01-01 04:55:11,848] {taskinstance.py:1277} INFO - Marking task as SUCCESS. dag_id=ingest_data_bigquery_fhvhv, task_id=download_dataset_task, execution_date=20191002T060000, start_date=20250101T045426, end_date=20250101T045511
[2025-01-01 04:55:11,891] {local_task_job.py:154} INFO - Task exited with return code 0
[2025-01-01 04:55:11,932] {local_task_job.py:264} INFO - 1 downstream tasks scheduled from follow-on schedule check
[2025-01-01 11:33:15,988] {taskinstance.py:1032} INFO - Dependencies all met for <TaskInstance: ingest_data_bigquery_fhvhv.download_dataset_task scheduled__2019-10-02T06:00:00+00:00 [queued]>
[2025-01-01 11:33:16,004] {taskinstance.py:1032} INFO - Dependencies all met for <TaskInstance: ingest_data_bigquery_fhvhv.download_dataset_task scheduled__2019-10-02T06:00:00+00:00 [queued]>
[2025-01-01 11:33:16,004] {taskinstance.py:1238} INFO - 
--------------------------------------------------------------------------------
[2025-01-01 11:33:16,004] {taskinstance.py:1239} INFO - Starting attempt 1 of 3
[2025-01-01 11:33:16,004] {taskinstance.py:1240} INFO - 
--------------------------------------------------------------------------------
[2025-01-01 11:33:16,019] {taskinstance.py:1259} INFO - Executing <Task(BashOperator): download_dataset_task> on 2019-10-02 06:00:00+00:00
[2025-01-01 11:33:16,029] {standard_task_runner.py:52} INFO - Started process 6479 to run task
[2025-01-01 11:33:16,037] {standard_task_runner.py:76} INFO - Running: ['***', 'tasks', 'run', 'ingest_data_bigquery_fhvhv', 'download_dataset_task', 'scheduled__2019-10-02T06:00:00+00:00', '--job-id', '6306', '--raw', '--subdir', 'DAGS_FOLDER/data_ingestion_gcs_fhvhv_dag.py', '--cfg-path', '/tmp/tmpbjw1m9f8', '--error-file', '/tmp/tmp2o3bkorc']
[2025-01-01 11:33:16,043] {standard_task_runner.py:77} INFO - Job 6306: Subtask download_dataset_task
[2025-01-01 11:33:16,155] {logging_mixin.py:109} INFO - Running <TaskInstance: ingest_data_bigquery_fhvhv.download_dataset_task scheduled__2019-10-02T06:00:00+00:00 [running]> on host b9549a156c09
[2025-01-01 11:33:16,225] {warnings.py:99} WARNING - /home/***/.local/lib/python3.6/site-packages/***/utils/context.py:152: AirflowContextDeprecationWarning: Accessing 'execution_date' from the template is deprecated and will be removed in a future version. Please use 'data_interval_start' or 'logical_date' instead.
  warnings.warn(_create_deprecation_warning(key, self._deprecation_replacements[key]))

[2025-01-01 11:33:16,258] {taskinstance.py:1426} INFO - Exporting the following env vars:
AIRFLOW_CTX_DAG_OWNER=***
AIRFLOW_CTX_DAG_ID=ingest_data_bigquery_fhvhv
AIRFLOW_CTX_TASK_ID=download_dataset_task
AIRFLOW_CTX_EXECUTION_DATE=2019-10-02T06:00:00+00:00
AIRFLOW_CTX_DAG_RUN_ID=scheduled__2019-10-02T06:00:00+00:00
[2025-01-01 11:33:16,260] {subprocess.py:62} INFO - Tmp dir root location: 
 /tmp
[2025-01-01 11:33:16,262] {subprocess.py:74} INFO - Running command: ['bash', '-c', 'curl -sSL https://d37ci6vzurychx.cloudfront.net/trip-data/fhvhv_tripdata_2019-10.parquet > /opt/***/raw_data/fhvhvtaxi_tripdata_2019-10.parquet']
[2025-01-01 11:33:16,283] {subprocess.py:85} INFO - Output:
[2025-01-01 11:33:46,663] {subprocess.py:93} INFO - Command exited with return code 0
[2025-01-01 11:33:46,751] {taskinstance.py:1277} INFO - Marking task as SUCCESS. dag_id=ingest_data_bigquery_fhvhv, task_id=download_dataset_task, execution_date=20191002T060000, start_date=20250101T113315, end_date=20250101T113346
[2025-01-01 11:33:46,799] {local_task_job.py:154} INFO - Task exited with return code 0
[2025-01-01 11:33:46,865] {local_task_job.py:264} INFO - 1 downstream tasks scheduled from follow-on schedule check
