[2024-05-12 12:41:33,620] {taskinstance.py:1032} INFO - Dependencies all met for <TaskInstance: ingest_data_bigquery_gt.download_dataset_task scheduled__2019-02-02T06:00:00+00:00 [queued]>
[2024-05-12 12:41:33,784] {taskinstance.py:1032} INFO - Dependencies all met for <TaskInstance: ingest_data_bigquery_gt.download_dataset_task scheduled__2019-02-02T06:00:00+00:00 [queued]>
[2024-05-12 12:41:33,784] {taskinstance.py:1238} INFO - 
--------------------------------------------------------------------------------
[2024-05-12 12:41:33,784] {taskinstance.py:1239} INFO - Starting attempt 1 of 3
[2024-05-12 12:41:33,785] {taskinstance.py:1240} INFO - 
--------------------------------------------------------------------------------
[2024-05-12 12:41:33,955] {taskinstance.py:1259} INFO - Executing <Task(BashOperator): download_dataset_task> on 2019-02-02 06:00:00+00:00
[2024-05-12 12:41:34,075] {standard_task_runner.py:76} INFO - Running: ['***', 'tasks', 'run', 'ingest_data_bigquery_gt', 'download_dataset_task', 'scheduled__2019-02-02T06:00:00+00:00', '--job-id', '4818', '--raw', '--subdir', 'DAGS_FOLDER/data_ingestion_gcs_gt_dag .py', '--cfg-path', '/tmp/tmpb3zveecm', '--error-file', '/tmp/tmpcp0ftjob']
[2024-05-12 12:41:34,036] {standard_task_runner.py:52} INFO - Started process 525 to run task
[2024-05-12 12:41:34,122] {standard_task_runner.py:77} INFO - Job 4818: Subtask download_dataset_task
[2024-05-12 12:41:34,523] {logging_mixin.py:109} INFO - Running <TaskInstance: ingest_data_bigquery_gt.download_dataset_task scheduled__2019-02-02T06:00:00+00:00 [running]> on host 31858b145400
[2024-05-12 12:41:34,721] {warnings.py:99} WARNING - /home/***/.local/lib/python3.6/site-packages/***/utils/context.py:152: AirflowContextDeprecationWarning: Accessing 'execution_date' from the template is deprecated and will be removed in a future version. Please use 'data_interval_start' or 'logical_date' instead.
  warnings.warn(_create_deprecation_warning(key, self._deprecation_replacements[key]))

[2024-05-12 12:41:34,818] {taskinstance.py:1426} INFO - Exporting the following env vars:
AIRFLOW_CTX_DAG_OWNER=***
AIRFLOW_CTX_DAG_ID=ingest_data_bigquery_gt
AIRFLOW_CTX_TASK_ID=download_dataset_task
AIRFLOW_CTX_EXECUTION_DATE=2019-02-02T06:00:00+00:00
AIRFLOW_CTX_DAG_RUN_ID=scheduled__2019-02-02T06:00:00+00:00
[2024-05-12 12:41:34,821] {subprocess.py:62} INFO - Tmp dir root location: 
 /tmp
[2024-05-12 12:41:34,822] {subprocess.py:74} INFO - Running command: ['bash', '-c', 'curl -sSL https://github.com/DataTalksClub/nyc-tlc-data/releases/download/green/green_tripdata_2019-02.csv.gz > /opt/***/raw_data/greentaxi_tripdata_2019-02.csv.gz && gunzip /opt/***/raw_data/greentaxi_tripdata_2019-02.csv.gz']
[2024-05-12 12:41:34,958] {subprocess.py:85} INFO - Output:
[2024-05-12 12:41:39,384] {subprocess.py:93} INFO - Command exited with return code 0
[2024-05-12 12:41:39,466] {taskinstance.py:1277} INFO - Marking task as SUCCESS. dag_id=ingest_data_bigquery_gt, task_id=download_dataset_task, execution_date=20190202T060000, start_date=20240512T124133, end_date=20240512T124139
[2024-05-12 12:41:39,583] {local_task_job.py:154} INFO - Task exited with return code 0
[2024-05-12 12:41:39,697] {local_task_job.py:264} INFO - 1 downstream tasks scheduled from follow-on schedule check
[2024-05-18 11:09:13,141] {taskinstance.py:1032} INFO - Dependencies all met for <TaskInstance: ingest_data_bigquery_gt.download_dataset_task scheduled__2019-02-02T06:00:00+00:00 [queued]>
[2024-05-18 11:09:13,199] {taskinstance.py:1032} INFO - Dependencies all met for <TaskInstance: ingest_data_bigquery_gt.download_dataset_task scheduled__2019-02-02T06:00:00+00:00 [queued]>
[2024-05-18 11:09:13,202] {taskinstance.py:1238} INFO - 
--------------------------------------------------------------------------------
[2024-05-18 11:09:13,205] {taskinstance.py:1239} INFO - Starting attempt 1 of 3
[2024-05-18 11:09:13,207] {taskinstance.py:1240} INFO - 
--------------------------------------------------------------------------------
[2024-05-18 11:09:13,257] {taskinstance.py:1259} INFO - Executing <Task(BashOperator): download_dataset_task> on 2019-02-02 06:00:00+00:00
[2024-05-18 11:09:13,297] {standard_task_runner.py:52} INFO - Started process 1047 to run task
[2024-05-18 11:09:13,331] {standard_task_runner.py:76} INFO - Running: ['***', 'tasks', 'run', 'ingest_data_bigquery_gt', 'download_dataset_task', 'scheduled__2019-02-02T06:00:00+00:00', '--job-id', '4912', '--raw', '--subdir', 'DAGS_FOLDER/data_ingestion_gcs_gt_dag .py', '--cfg-path', '/tmp/tmphq1hv0ld', '--error-file', '/tmp/tmpzskh0xf8']
[2024-05-18 11:09:13,380] {standard_task_runner.py:77} INFO - Job 4912: Subtask download_dataset_task
[2024-05-18 11:09:13,913] {logging_mixin.py:109} INFO - Running <TaskInstance: ingest_data_bigquery_gt.download_dataset_task scheduled__2019-02-02T06:00:00+00:00 [running]> on host 45b18388e83d
[2024-05-18 11:09:14,074] {warnings.py:99} WARNING - /home/***/.local/lib/python3.6/site-packages/***/utils/context.py:152: AirflowContextDeprecationWarning: Accessing 'execution_date' from the template is deprecated and will be removed in a future version. Please use 'data_interval_start' or 'logical_date' instead.
  warnings.warn(_create_deprecation_warning(key, self._deprecation_replacements[key]))

[2024-05-18 11:09:14,155] {taskinstance.py:1426} INFO - Exporting the following env vars:
AIRFLOW_CTX_DAG_OWNER=***
AIRFLOW_CTX_DAG_ID=ingest_data_bigquery_gt
AIRFLOW_CTX_TASK_ID=download_dataset_task
AIRFLOW_CTX_EXECUTION_DATE=2019-02-02T06:00:00+00:00
AIRFLOW_CTX_DAG_RUN_ID=scheduled__2019-02-02T06:00:00+00:00
[2024-05-18 11:09:14,158] {subprocess.py:62} INFO - Tmp dir root location: 
 /tmp
[2024-05-18 11:09:14,159] {subprocess.py:74} INFO - Running command: ['bash', '-c', 'curl -sSL https://github.com/DataTalksClub/nyc-tlc-data/releases/download/green/green_tripdata_2019-02.csv.gz > /opt/***/raw_data/greentaxi_tripdata_2019-02.csv.gz && gunzip /opt/***/raw_data/greentaxi_tripdata_2019-02.csv.gz']
[2024-05-18 11:09:14,336] {subprocess.py:85} INFO - Output:
[2024-05-18 11:09:26,651] {subprocess.py:93} INFO - Command exited with return code 0
[2024-05-18 11:09:26,913] {taskinstance.py:1277} INFO - Marking task as SUCCESS. dag_id=ingest_data_bigquery_gt, task_id=download_dataset_task, execution_date=20190202T060000, start_date=20240518T110913, end_date=20240518T110926
[2024-05-18 11:09:27,053] {local_task_job.py:154} INFO - Task exited with return code 0
[2024-05-18 11:09:27,391] {local_task_job.py:264} INFO - 1 downstream tasks scheduled from follow-on schedule check
