[2024-05-12 12:41:46,236] {taskinstance.py:1032} INFO - Dependencies all met for <TaskInstance: ingest_data_bigquery_gt.local_to_gcs_task scheduled__2019-02-02T06:00:00+00:00 [queued]>
[2024-05-12 12:41:46,294] {taskinstance.py:1032} INFO - Dependencies all met for <TaskInstance: ingest_data_bigquery_gt.local_to_gcs_task scheduled__2019-02-02T06:00:00+00:00 [queued]>
[2024-05-12 12:41:46,294] {taskinstance.py:1238} INFO - 
--------------------------------------------------------------------------------
[2024-05-12 12:41:46,295] {taskinstance.py:1239} INFO - Starting attempt 1 of 3
[2024-05-12 12:41:46,295] {taskinstance.py:1240} INFO - 
--------------------------------------------------------------------------------
[2024-05-12 12:41:46,344] {taskinstance.py:1259} INFO - Executing <Task(PythonOperator): local_to_gcs_task> on 2019-02-02 06:00:00+00:00
[2024-05-12 12:41:46,404] {standard_task_runner.py:76} INFO - Running: ['***', 'tasks', 'run', 'ingest_data_bigquery_gt', 'local_to_gcs_task', 'scheduled__2019-02-02T06:00:00+00:00', '--job-id', '4831', '--raw', '--subdir', 'DAGS_FOLDER/data_ingestion_gcs_gt_dag .py', '--cfg-path', '/tmp/tmpvh1adcf1', '--error-file', '/tmp/tmpz3mjg39c']
[2024-05-12 12:41:46,438] {standard_task_runner.py:77} INFO - Job 4831: Subtask local_to_gcs_task
[2024-05-12 12:41:46,381] {standard_task_runner.py:52} INFO - Started process 636 to run task
[2024-05-12 12:41:46,788] {logging_mixin.py:109} INFO - Running <TaskInstance: ingest_data_bigquery_gt.local_to_gcs_task scheduled__2019-02-02T06:00:00+00:00 [running]> on host 31858b145400
[2024-05-12 12:41:46,897] {warnings.py:99} WARNING - /home/***/.local/lib/python3.6/site-packages/***/utils/context.py:152: AirflowContextDeprecationWarning: Accessing 'execution_date' from the template is deprecated and will be removed in a future version. Please use 'data_interval_start' or 'logical_date' instead.
  warnings.warn(_create_deprecation_warning(key, self._deprecation_replacements[key]))

[2024-05-12 12:41:47,040] {taskinstance.py:1426} INFO - Exporting the following env vars:
AIRFLOW_CTX_DAG_OWNER=***
AIRFLOW_CTX_DAG_ID=ingest_data_bigquery_gt
AIRFLOW_CTX_TASK_ID=local_to_gcs_task
AIRFLOW_CTX_EXECUTION_DATE=2019-02-02T06:00:00+00:00
AIRFLOW_CTX_DAG_RUN_ID=scheduled__2019-02-02T06:00:00+00:00
[2024-05-12 12:42:02,365] {python.py:175} INFO - Done. Returned value was: None
[2024-05-12 12:42:02,419] {taskinstance.py:1277} INFO - Marking task as SUCCESS. dag_id=ingest_data_bigquery_gt, task_id=local_to_gcs_task, execution_date=20190202T060000, start_date=20240512T124146, end_date=20240512T124202
[2024-05-12 12:42:02,694] {local_task_job.py:154} INFO - Task exited with return code 0
[2024-05-12 12:42:02,790] {local_task_job.py:264} INFO - 1 downstream tasks scheduled from follow-on schedule check
[2024-05-18 11:09:37,701] {taskinstance.py:1032} INFO - Dependencies all met for <TaskInstance: ingest_data_bigquery_gt.local_to_gcs_task scheduled__2019-02-02T06:00:00+00:00 [queued]>
[2024-05-18 11:09:37,778] {taskinstance.py:1032} INFO - Dependencies all met for <TaskInstance: ingest_data_bigquery_gt.local_to_gcs_task scheduled__2019-02-02T06:00:00+00:00 [queued]>
[2024-05-18 11:09:37,779] {taskinstance.py:1238} INFO - 
--------------------------------------------------------------------------------
[2024-05-18 11:09:37,779] {taskinstance.py:1239} INFO - Starting attempt 1 of 3
[2024-05-18 11:09:37,779] {taskinstance.py:1240} INFO - 
--------------------------------------------------------------------------------
[2024-05-18 11:09:37,831] {taskinstance.py:1259} INFO - Executing <Task(PythonOperator): local_to_gcs_task> on 2019-02-02 06:00:00+00:00
[2024-05-18 11:09:37,872] {standard_task_runner.py:52} INFO - Started process 1202 to run task
[2024-05-18 11:09:37,888] {standard_task_runner.py:76} INFO - Running: ['***', 'tasks', 'run', 'ingest_data_bigquery_gt', 'local_to_gcs_task', 'scheduled__2019-02-02T06:00:00+00:00', '--job-id', '4934', '--raw', '--subdir', 'DAGS_FOLDER/data_ingestion_gcs_gt_dag .py', '--cfg-path', '/tmp/tmpe_4tektf', '--error-file', '/tmp/tmpwiocygxf']
[2024-05-18 11:09:37,943] {standard_task_runner.py:77} INFO - Job 4934: Subtask local_to_gcs_task
[2024-05-18 11:09:38,090] {logging_mixin.py:109} INFO - Running <TaskInstance: ingest_data_bigquery_gt.local_to_gcs_task scheduled__2019-02-02T06:00:00+00:00 [running]> on host 45b18388e83d
[2024-05-18 11:09:38,286] {warnings.py:99} WARNING - /home/***/.local/lib/python3.6/site-packages/***/utils/context.py:152: AirflowContextDeprecationWarning: Accessing 'execution_date' from the template is deprecated and will be removed in a future version. Please use 'data_interval_start' or 'logical_date' instead.
  warnings.warn(_create_deprecation_warning(key, self._deprecation_replacements[key]))

[2024-05-18 11:09:38,492] {taskinstance.py:1426} INFO - Exporting the following env vars:
AIRFLOW_CTX_DAG_OWNER=***
AIRFLOW_CTX_DAG_ID=ingest_data_bigquery_gt
AIRFLOW_CTX_TASK_ID=local_to_gcs_task
AIRFLOW_CTX_EXECUTION_DATE=2019-02-02T06:00:00+00:00
AIRFLOW_CTX_DAG_RUN_ID=scheduled__2019-02-02T06:00:00+00:00
[2024-05-18 11:09:53,804] {python.py:175} INFO - Done. Returned value was: None
[2024-05-18 11:09:54,134] {taskinstance.py:1277} INFO - Marking task as SUCCESS. dag_id=ingest_data_bigquery_gt, task_id=local_to_gcs_task, execution_date=20190202T060000, start_date=20240518T110937, end_date=20240518T110954
[2024-05-18 11:09:54,390] {local_task_job.py:154} INFO - Task exited with return code 0
[2024-05-18 11:09:54,488] {local_task_job.py:264} INFO - 1 downstream tasks scheduled from follow-on schedule check
