[2024-05-19 04:20:22,499] {taskinstance.py:1032} INFO - Dependencies all met for <TaskInstance: ingest_data_bigquery_fhvhv.download_dataset_task scheduled__2021-02-02T06:00:00+00:00 [queued]>
[2024-05-19 04:20:22,571] {taskinstance.py:1032} INFO - Dependencies all met for <TaskInstance: ingest_data_bigquery_fhvhv.download_dataset_task scheduled__2021-02-02T06:00:00+00:00 [queued]>
[2024-05-19 04:20:22,573] {taskinstance.py:1238} INFO - 
--------------------------------------------------------------------------------
[2024-05-19 04:20:22,573] {taskinstance.py:1239} INFO - Starting attempt 1 of 3
[2024-05-19 04:20:22,574] {taskinstance.py:1240} INFO - 
--------------------------------------------------------------------------------
[2024-05-19 04:20:22,608] {taskinstance.py:1259} INFO - Executing <Task(BashOperator): download_dataset_task> on 2021-02-02 06:00:00+00:00
[2024-05-19 04:20:22,649] {standard_task_runner.py:76} INFO - Running: ['***', 'tasks', 'run', 'ingest_data_bigquery_fhvhv', 'download_dataset_task', 'scheduled__2021-02-02T06:00:00+00:00', '--job-id', '5500', '--raw', '--subdir', 'DAGS_FOLDER/data_ingestion_gcs_fhvhv_dag.py', '--cfg-path', '/tmp/tmpkz06kslq', '--error-file', '/tmp/tmpgvw_fhzk']
[2024-05-19 04:20:22,656] {standard_task_runner.py:77} INFO - Job 5500: Subtask download_dataset_task
[2024-05-19 04:20:22,629] {standard_task_runner.py:52} INFO - Started process 399 to run task
[2024-05-19 04:20:22,836] {logging_mixin.py:109} INFO - Running <TaskInstance: ingest_data_bigquery_fhvhv.download_dataset_task scheduled__2021-02-02T06:00:00+00:00 [running]> on host b57d73dcebce
[2024-05-19 04:20:22,948] {warnings.py:99} WARNING - /home/***/.local/lib/python3.6/site-packages/***/utils/context.py:152: AirflowContextDeprecationWarning: Accessing 'execution_date' from the template is deprecated and will be removed in a future version. Please use 'data_interval_start' or 'logical_date' instead.
  warnings.warn(_create_deprecation_warning(key, self._deprecation_replacements[key]))

[2024-05-19 04:20:22,983] {taskinstance.py:1426} INFO - Exporting the following env vars:
AIRFLOW_CTX_DAG_OWNER=***
AIRFLOW_CTX_DAG_ID=ingest_data_bigquery_fhvhv
AIRFLOW_CTX_TASK_ID=download_dataset_task
AIRFLOW_CTX_EXECUTION_DATE=2021-02-02T06:00:00+00:00
AIRFLOW_CTX_DAG_RUN_ID=scheduled__2021-02-02T06:00:00+00:00
[2024-05-19 04:20:22,985] {subprocess.py:62} INFO - Tmp dir root location: 
 /tmp
[2024-05-19 04:20:22,986] {subprocess.py:74} INFO - Running command: ['bash', '-c', 'curl -sSL https://d37ci6vzurychx.cloudfront.net/trip-data/fhvhv_tripdata_2021-02.parquet > /opt/***/raw_data/fhvhvtaxi_tripdata_2021-02.parquet']
[2024-05-19 04:20:23,035] {subprocess.py:85} INFO - Output:
[2024-05-19 04:20:41,747] {subprocess.py:93} INFO - Command exited with return code 0
[2024-05-19 04:20:42,215] {taskinstance.py:1277} INFO - Marking task as SUCCESS. dag_id=ingest_data_bigquery_fhvhv, task_id=download_dataset_task, execution_date=20210202T060000, start_date=20240519T042022, end_date=20240519T042042
[2024-05-19 04:20:42,337] {local_task_job.py:154} INFO - Task exited with return code 0
[2024-05-19 04:20:42,507] {local_task_job.py:264} INFO - 1 downstream tasks scheduled from follow-on schedule check
[2024-12-22 09:02:11,986] {taskinstance.py:1032} INFO - Dependencies all met for <TaskInstance: ingest_data_bigquery_fhvhv.download_dataset_task scheduled__2021-02-02T06:00:00+00:00 [queued]>
[2024-12-22 09:02:12,028] {taskinstance.py:1032} INFO - Dependencies all met for <TaskInstance: ingest_data_bigquery_fhvhv.download_dataset_task scheduled__2021-02-02T06:00:00+00:00 [queued]>
[2024-12-22 09:02:12,029] {taskinstance.py:1238} INFO - 
--------------------------------------------------------------------------------
[2024-12-22 09:02:12,035] {taskinstance.py:1239} INFO - Starting attempt 1 of 3
[2024-12-22 09:02:12,043] {taskinstance.py:1240} INFO - 
--------------------------------------------------------------------------------
[2024-12-22 09:02:12,088] {taskinstance.py:1259} INFO - Executing <Task(BashOperator): download_dataset_task> on 2021-02-02 06:00:00+00:00
[2024-12-22 09:02:12,103] {standard_task_runner.py:52} INFO - Started process 132 to run task
[2024-12-22 09:02:12,121] {standard_task_runner.py:76} INFO - Running: ['***', 'tasks', 'run', 'ingest_data_bigquery_fhvhv', 'download_dataset_task', 'scheduled__2021-02-02T06:00:00+00:00', '--job-id', '5735', '--raw', '--subdir', 'DAGS_FOLDER/data_ingestion_gcs_fhvhv_dag.py', '--cfg-path', '/tmp/tmpkmw6ep3c', '--error-file', '/tmp/tmpdad0pnvn']
[2024-12-22 09:02:12,126] {standard_task_runner.py:77} INFO - Job 5735: Subtask download_dataset_task
[2024-12-22 09:02:12,266] {logging_mixin.py:109} INFO - Running <TaskInstance: ingest_data_bigquery_fhvhv.download_dataset_task scheduled__2021-02-02T06:00:00+00:00 [running]> on host 25c45a941f8e
[2024-12-22 09:02:12,389] {warnings.py:99} WARNING - /home/***/.local/lib/python3.6/site-packages/***/utils/context.py:152: AirflowContextDeprecationWarning: Accessing 'execution_date' from the template is deprecated and will be removed in a future version. Please use 'data_interval_start' or 'logical_date' instead.
  warnings.warn(_create_deprecation_warning(key, self._deprecation_replacements[key]))

[2024-12-22 09:02:12,470] {taskinstance.py:1426} INFO - Exporting the following env vars:
AIRFLOW_CTX_DAG_OWNER=***
AIRFLOW_CTX_DAG_ID=ingest_data_bigquery_fhvhv
AIRFLOW_CTX_TASK_ID=download_dataset_task
AIRFLOW_CTX_EXECUTION_DATE=2021-02-02T06:00:00+00:00
AIRFLOW_CTX_DAG_RUN_ID=scheduled__2021-02-02T06:00:00+00:00
[2024-12-22 09:02:12,472] {subprocess.py:62} INFO - Tmp dir root location: 
 /tmp
[2024-12-22 09:02:12,473] {subprocess.py:74} INFO - Running command: ['bash', '-c', 'curl -sSL https://d37ci6vzurychx.cloudfront.net/trip-data/fhvhv_tripdata_2021-02.parquet > /opt/***/raw_data/fhvhvtaxi_tripdata_2021-02.parquet']
[2024-12-22 09:02:12,561] {subprocess.py:85} INFO - Output:
[2024-12-29 14:26:23,164] {taskinstance.py:1032} INFO - Dependencies all met for <TaskInstance: ingest_data_bigquery_fhvhv.download_dataset_task scheduled__2021-02-02T06:00:00+00:00 [queued]>
[2024-12-29 14:26:23,223] {taskinstance.py:1032} INFO - Dependencies all met for <TaskInstance: ingest_data_bigquery_fhvhv.download_dataset_task scheduled__2021-02-02T06:00:00+00:00 [queued]>
[2024-12-29 14:26:23,228] {taskinstance.py:1238} INFO - 
--------------------------------------------------------------------------------
[2024-12-29 14:26:23,229] {taskinstance.py:1239} INFO - Starting attempt 1 of 3
[2024-12-29 14:26:23,229] {taskinstance.py:1240} INFO - 
--------------------------------------------------------------------------------
[2024-12-29 14:26:23,295] {taskinstance.py:1259} INFO - Executing <Task(BashOperator): download_dataset_task> on 2021-02-02 06:00:00+00:00
[2024-12-29 14:26:23,344] {standard_task_runner.py:52} INFO - Started process 165 to run task
[2024-12-29 14:26:23,361] {standard_task_runner.py:76} INFO - Running: ['***', 'tasks', 'run', 'ingest_data_bigquery_fhvhv', 'download_dataset_task', 'scheduled__2021-02-02T06:00:00+00:00', '--job-id', '5929', '--raw', '--subdir', 'DAGS_FOLDER/data_ingestion_gcs_fhvhv_dag.py', '--cfg-path', '/tmp/tmpmr__vqnb', '--error-file', '/tmp/tmpse06ahct']
[2024-12-29 14:26:23,385] {standard_task_runner.py:77} INFO - Job 5929: Subtask download_dataset_task
[2024-12-29 14:26:23,605] {logging_mixin.py:109} INFO - Running <TaskInstance: ingest_data_bigquery_fhvhv.download_dataset_task scheduled__2021-02-02T06:00:00+00:00 [running]> on host f6575b1efae7
[2024-12-29 14:26:23,700] {warnings.py:99} WARNING - /home/***/.local/lib/python3.6/site-packages/***/utils/context.py:152: AirflowContextDeprecationWarning: Accessing 'execution_date' from the template is deprecated and will be removed in a future version. Please use 'data_interval_start' or 'logical_date' instead.
  warnings.warn(_create_deprecation_warning(key, self._deprecation_replacements[key]))

[2024-12-29 14:26:23,758] {taskinstance.py:1426} INFO - Exporting the following env vars:
AIRFLOW_CTX_DAG_OWNER=***
AIRFLOW_CTX_DAG_ID=ingest_data_bigquery_fhvhv
AIRFLOW_CTX_TASK_ID=download_dataset_task
AIRFLOW_CTX_EXECUTION_DATE=2021-02-02T06:00:00+00:00
AIRFLOW_CTX_DAG_RUN_ID=scheduled__2021-02-02T06:00:00+00:00
[2024-12-29 14:26:23,760] {subprocess.py:62} INFO - Tmp dir root location: 
 /tmp
[2024-12-29 14:26:23,761] {subprocess.py:74} INFO - Running command: ['bash', '-c', 'curl -sSL https://d37ci6vzurychx.cloudfront.net/trip-data/fhvhv_tripdata_2021-02.parquet > /opt/***/raw_data/fhvhvtaxi_tripdata_2021-02.parquet']
[2024-12-29 14:26:23,838] {subprocess.py:85} INFO - Output:
[2024-12-29 14:26:42,823] {subprocess.py:93} INFO - Command exited with return code 0
[2024-12-29 14:26:42,929] {taskinstance.py:1277} INFO - Marking task as SUCCESS. dag_id=ingest_data_bigquery_fhvhv, task_id=download_dataset_task, execution_date=20210202T060000, start_date=20241229T142623, end_date=20241229T142642
[2024-12-29 14:26:43,150] {local_task_job.py:154} INFO - Task exited with return code 0
[2024-12-29 14:26:43,326] {local_task_job.py:264} INFO - 1 downstream tasks scheduled from follow-on schedule check
[2025-01-01 05:15:28,991] {taskinstance.py:1032} INFO - Dependencies all met for <TaskInstance: ingest_data_bigquery_fhvhv.download_dataset_task scheduled__2021-02-02T06:00:00+00:00 [queued]>
[2025-01-01 05:15:29,007] {taskinstance.py:1032} INFO - Dependencies all met for <TaskInstance: ingest_data_bigquery_fhvhv.download_dataset_task scheduled__2021-02-02T06:00:00+00:00 [queued]>
[2025-01-01 05:15:29,007] {taskinstance.py:1238} INFO - 
--------------------------------------------------------------------------------
[2025-01-01 05:15:29,007] {taskinstance.py:1239} INFO - Starting attempt 1 of 3
[2025-01-01 05:15:29,007] {taskinstance.py:1240} INFO - 
--------------------------------------------------------------------------------
[2025-01-01 05:15:29,020] {taskinstance.py:1259} INFO - Executing <Task(BashOperator): download_dataset_task> on 2021-02-02 06:00:00+00:00
[2025-01-01 05:15:29,027] {standard_task_runner.py:52} INFO - Started process 4747 to run task
[2025-01-01 05:15:29,033] {standard_task_runner.py:76} INFO - Running: ['***', 'tasks', 'run', 'ingest_data_bigquery_fhvhv', 'download_dataset_task', 'scheduled__2021-02-02T06:00:00+00:00', '--job-id', '6238', '--raw', '--subdir', 'DAGS_FOLDER/data_ingestion_gcs_fhvhv_dag.py', '--cfg-path', '/tmp/tmpuace0r5j', '--error-file', '/tmp/tmpv0cb29s1']
[2025-01-01 05:15:29,037] {standard_task_runner.py:77} INFO - Job 6238: Subtask download_dataset_task
[2025-01-01 05:15:29,113] {logging_mixin.py:109} INFO - Running <TaskInstance: ingest_data_bigquery_fhvhv.download_dataset_task scheduled__2021-02-02T06:00:00+00:00 [running]> on host 4228b0d90dbc
[2025-01-01 05:15:29,163] {warnings.py:99} WARNING - /home/***/.local/lib/python3.6/site-packages/***/utils/context.py:152: AirflowContextDeprecationWarning: Accessing 'execution_date' from the template is deprecated and will be removed in a future version. Please use 'data_interval_start' or 'logical_date' instead.
  warnings.warn(_create_deprecation_warning(key, self._deprecation_replacements[key]))

[2025-01-01 05:15:29,189] {taskinstance.py:1426} INFO - Exporting the following env vars:
AIRFLOW_CTX_DAG_OWNER=***
AIRFLOW_CTX_DAG_ID=ingest_data_bigquery_fhvhv
AIRFLOW_CTX_TASK_ID=download_dataset_task
AIRFLOW_CTX_EXECUTION_DATE=2021-02-02T06:00:00+00:00
AIRFLOW_CTX_DAG_RUN_ID=scheduled__2021-02-02T06:00:00+00:00
[2025-01-01 05:15:29,191] {subprocess.py:62} INFO - Tmp dir root location: 
 /tmp
[2025-01-01 05:15:29,192] {subprocess.py:74} INFO - Running command: ['bash', '-c', 'curl -sSL https://d37ci6vzurychx.cloudfront.net/trip-data/fhvhv_tripdata_2021-02.parquet > /opt/***/raw_data/fhvhvtaxi_tripdata_2021-02.parquet']
[2025-01-01 05:15:29,209] {subprocess.py:85} INFO - Output:
[2025-01-01 05:15:53,637] {subprocess.py:93} INFO - Command exited with return code 0
[2025-01-01 05:15:53,674] {taskinstance.py:1277} INFO - Marking task as SUCCESS. dag_id=ingest_data_bigquery_fhvhv, task_id=download_dataset_task, execution_date=20210202T060000, start_date=20250101T051528, end_date=20250101T051553
[2025-01-01 05:15:53,726] {local_task_job.py:154} INFO - Task exited with return code 0
[2025-01-01 05:15:53,770] {local_task_job.py:264} INFO - 1 downstream tasks scheduled from follow-on schedule check
[2025-01-01 11:55:31,925] {taskinstance.py:1032} INFO - Dependencies all met for <TaskInstance: ingest_data_bigquery_fhvhv.download_dataset_task scheduled__2021-02-02T06:00:00+00:00 [queued]>
[2025-01-01 11:55:31,940] {taskinstance.py:1032} INFO - Dependencies all met for <TaskInstance: ingest_data_bigquery_fhvhv.download_dataset_task scheduled__2021-02-02T06:00:00+00:00 [queued]>
[2025-01-01 11:55:31,940] {taskinstance.py:1238} INFO - 
--------------------------------------------------------------------------------
[2025-01-01 11:55:31,941] {taskinstance.py:1239} INFO - Starting attempt 1 of 3
[2025-01-01 11:55:31,941] {taskinstance.py:1240} INFO - 
--------------------------------------------------------------------------------
[2025-01-01 11:55:31,954] {taskinstance.py:1259} INFO - Executing <Task(BashOperator): download_dataset_task> on 2021-02-02 06:00:00+00:00
[2025-01-01 11:55:31,961] {standard_task_runner.py:52} INFO - Started process 7866 to run task
[2025-01-01 11:55:31,967] {standard_task_runner.py:76} INFO - Running: ['***', 'tasks', 'run', 'ingest_data_bigquery_fhvhv', 'download_dataset_task', 'scheduled__2021-02-02T06:00:00+00:00', '--job-id', '6354', '--raw', '--subdir', 'DAGS_FOLDER/data_ingestion_gcs_fhvhv_dag.py', '--cfg-path', '/tmp/tmpdr4adkh6', '--error-file', '/tmp/tmpg9lr9uk2']
[2025-01-01 11:55:31,971] {standard_task_runner.py:77} INFO - Job 6354: Subtask download_dataset_task
[2025-01-01 11:55:32,052] {logging_mixin.py:109} INFO - Running <TaskInstance: ingest_data_bigquery_fhvhv.download_dataset_task scheduled__2021-02-02T06:00:00+00:00 [running]> on host b9549a156c09
[2025-01-01 11:55:32,105] {warnings.py:99} WARNING - /home/***/.local/lib/python3.6/site-packages/***/utils/context.py:152: AirflowContextDeprecationWarning: Accessing 'execution_date' from the template is deprecated and will be removed in a future version. Please use 'data_interval_start' or 'logical_date' instead.
  warnings.warn(_create_deprecation_warning(key, self._deprecation_replacements[key]))

[2025-01-01 11:55:32,137] {taskinstance.py:1426} INFO - Exporting the following env vars:
AIRFLOW_CTX_DAG_OWNER=***
AIRFLOW_CTX_DAG_ID=ingest_data_bigquery_fhvhv
AIRFLOW_CTX_TASK_ID=download_dataset_task
AIRFLOW_CTX_EXECUTION_DATE=2021-02-02T06:00:00+00:00
AIRFLOW_CTX_DAG_RUN_ID=scheduled__2021-02-02T06:00:00+00:00
[2025-01-01 11:55:32,139] {subprocess.py:62} INFO - Tmp dir root location: 
 /tmp
[2025-01-01 11:55:32,140] {subprocess.py:74} INFO - Running command: ['bash', '-c', 'curl -sSL https://d37ci6vzurychx.cloudfront.net/trip-data/fhvhv_tripdata_2021-02.parquet > /opt/***/raw_data/fhvhvtaxi_tripdata_2021-02.parquet']
[2025-01-01 11:55:32,159] {subprocess.py:85} INFO - Output:
[2025-01-01 11:55:49,584] {subprocess.py:93} INFO - Command exited with return code 0
[2025-01-01 11:55:49,624] {taskinstance.py:1277} INFO - Marking task as SUCCESS. dag_id=ingest_data_bigquery_fhvhv, task_id=download_dataset_task, execution_date=20210202T060000, start_date=20250101T115531, end_date=20250101T115549
[2025-01-01 11:55:49,683] {local_task_job.py:154} INFO - Task exited with return code 0
[2025-01-01 11:55:49,730] {local_task_job.py:264} INFO - 1 downstream tasks scheduled from follow-on schedule check
