[2024-05-03 17:13:56,217] {taskinstance.py:1032} INFO - Dependencies all met for <TaskInstance: ingest_data_bigquery_yt.local_to_gcs_task scheduled__2019-12-02T06:00:00+00:00 [queued]>
[2024-05-03 17:13:56,239] {taskinstance.py:1032} INFO - Dependencies all met for <TaskInstance: ingest_data_bigquery_yt.local_to_gcs_task scheduled__2019-12-02T06:00:00+00:00 [queued]>
[2024-05-03 17:13:56,239] {taskinstance.py:1238} INFO - 
--------------------------------------------------------------------------------
[2024-05-03 17:13:56,240] {taskinstance.py:1239} INFO - Starting attempt 2 of 3
[2024-05-03 17:13:56,240] {taskinstance.py:1240} INFO - 
--------------------------------------------------------------------------------
[2024-05-03 17:13:56,258] {taskinstance.py:1259} INFO - Executing <Task(PythonOperator): local_to_gcs_task> on 2019-12-02 06:00:00+00:00
[2024-05-03 17:13:56,273] {standard_task_runner.py:76} INFO - Running: ['***', 'tasks', 'run', 'ingest_data_bigquery_yt', 'local_to_gcs_task', 'scheduled__2019-12-02T06:00:00+00:00', '--job-id', '4300', '--raw', '--subdir', 'DAGS_FOLDER/data_ingstion_gcs_yt_dag.py', '--cfg-path', '/tmp/tmp80njtqys', '--error-file', '/tmp/tmpac91m7by']
[2024-05-03 17:13:56,267] {standard_task_runner.py:52} INFO - Started process 1001 to run task
[2024-05-03 17:13:56,280] {standard_task_runner.py:77} INFO - Job 4300: Subtask local_to_gcs_task
[2024-05-03 17:13:56,371] {logging_mixin.py:109} INFO - Running <TaskInstance: ingest_data_bigquery_yt.local_to_gcs_task scheduled__2019-12-02T06:00:00+00:00 [running]> on host f0ab9bf9b587
[2024-05-03 17:13:56,426] {warnings.py:99} WARNING - /home/***/.local/lib/python3.6/site-packages/***/utils/context.py:152: AirflowContextDeprecationWarning: Accessing 'execution_date' from the template is deprecated and will be removed in a future version. Please use 'data_interval_start' or 'logical_date' instead.
  warnings.warn(_create_deprecation_warning(key, self._deprecation_replacements[key]))

[2024-05-03 17:13:56,454] {taskinstance.py:1426} INFO - Exporting the following env vars:
AIRFLOW_CTX_DAG_OWNER=***
AIRFLOW_CTX_DAG_ID=ingest_data_bigquery_yt
AIRFLOW_CTX_TASK_ID=local_to_gcs_task
AIRFLOW_CTX_EXECUTION_DATE=2019-12-02T06:00:00+00:00
AIRFLOW_CTX_DAG_RUN_ID=scheduled__2019-12-02T06:00:00+00:00
[2024-05-03 17:29:58,407] {local_task_job.py:154} INFO - Task exited with return code Negsignal.SIGKILL
[2024-05-03 17:29:58,674] {taskinstance.py:1277} INFO - Marking task as UP_FOR_RETRY. dag_id=ingest_data_bigquery_yt, task_id=local_to_gcs_task, execution_date=20191202T060000, start_date=20240503T171356, end_date=20240503T172958
[2024-05-03 17:29:58,878] {local_task_job.py:264} INFO - 0 downstream tasks scheduled from follow-on schedule check
[2024-05-05 13:43:13,364] {taskinstance.py:1032} INFO - Dependencies all met for <TaskInstance: ingest_data_bigquery_yt.local_to_gcs_task scheduled__2019-12-02T06:00:00+00:00 [queued]>
[2024-05-05 13:43:13,446] {taskinstance.py:1032} INFO - Dependencies all met for <TaskInstance: ingest_data_bigquery_yt.local_to_gcs_task scheduled__2019-12-02T06:00:00+00:00 [queued]>
[2024-05-05 13:43:13,446] {taskinstance.py:1238} INFO - 
--------------------------------------------------------------------------------
[2024-05-05 13:43:13,450] {taskinstance.py:1239} INFO - Starting attempt 2 of 3
[2024-05-05 13:43:13,451] {taskinstance.py:1240} INFO - 
--------------------------------------------------------------------------------
[2024-05-05 13:43:13,517] {taskinstance.py:1259} INFO - Executing <Task(PythonOperator): local_to_gcs_task> on 2019-12-02 06:00:00+00:00
[2024-05-05 13:43:13,542] {standard_task_runner.py:52} INFO - Started process 1430 to run task
[2024-05-05 13:43:13,561] {standard_task_runner.py:76} INFO - Running: ['***', 'tasks', 'run', 'ingest_data_bigquery_yt', 'local_to_gcs_task', 'scheduled__2019-12-02T06:00:00+00:00', '--job-id', '4375', '--raw', '--subdir', 'DAGS_FOLDER/data_ingstion_gcs_yt_dag.py', '--cfg-path', '/tmp/tmpizaipdb5', '--error-file', '/tmp/tmp7vpch844']
[2024-05-05 13:43:13,608] {standard_task_runner.py:77} INFO - Job 4375: Subtask local_to_gcs_task
[2024-05-05 13:43:13,797] {logging_mixin.py:109} INFO - Running <TaskInstance: ingest_data_bigquery_yt.local_to_gcs_task scheduled__2019-12-02T06:00:00+00:00 [running]> on host 19865117eb6d
[2024-05-05 13:43:13,936] {warnings.py:99} WARNING - /home/***/.local/lib/python3.6/site-packages/***/utils/context.py:152: AirflowContextDeprecationWarning: Accessing 'execution_date' from the template is deprecated and will be removed in a future version. Please use 'data_interval_start' or 'logical_date' instead.
  warnings.warn(_create_deprecation_warning(key, self._deprecation_replacements[key]))

[2024-05-05 13:43:14,021] {taskinstance.py:1426} INFO - Exporting the following env vars:
AIRFLOW_CTX_DAG_OWNER=***
AIRFLOW_CTX_DAG_ID=ingest_data_bigquery_yt
AIRFLOW_CTX_TASK_ID=local_to_gcs_task
AIRFLOW_CTX_EXECUTION_DATE=2019-12-02T06:00:00+00:00
AIRFLOW_CTX_DAG_RUN_ID=scheduled__2019-12-02T06:00:00+00:00
[2024-05-06 09:00:22,581] {taskinstance.py:1032} INFO - Dependencies all met for <TaskInstance: ingest_data_bigquery_yt.local_to_gcs_task scheduled__2019-12-02T06:00:00+00:00 [queued]>
[2024-05-06 09:00:22,644] {taskinstance.py:1032} INFO - Dependencies all met for <TaskInstance: ingest_data_bigquery_yt.local_to_gcs_task scheduled__2019-12-02T06:00:00+00:00 [queued]>
[2024-05-06 09:00:22,644] {taskinstance.py:1238} INFO - 
--------------------------------------------------------------------------------
[2024-05-06 09:00:22,644] {taskinstance.py:1239} INFO - Starting attempt 2 of 3
[2024-05-06 09:00:22,644] {taskinstance.py:1240} INFO - 
--------------------------------------------------------------------------------
[2024-05-06 09:00:22,724] {taskinstance.py:1259} INFO - Executing <Task(PythonOperator): local_to_gcs_task> on 2019-12-02 06:00:00+00:00
[2024-05-06 09:00:22,753] {standard_task_runner.py:52} INFO - Started process 307 to run task
[2024-05-06 09:00:22,830] {standard_task_runner.py:76} INFO - Running: ['***', 'tasks', 'run', 'ingest_data_bigquery_yt', 'local_to_gcs_task', 'scheduled__2019-12-02T06:00:00+00:00', '--job-id', '4540', '--raw', '--subdir', 'DAGS_FOLDER/data_ingstion_gcs_yt_dag.py', '--cfg-path', '/tmp/tmpqm1_91hp', '--error-file', '/tmp/tmpagh6w5i7']
[2024-05-06 09:00:22,879] {standard_task_runner.py:77} INFO - Job 4540: Subtask local_to_gcs_task
[2024-05-06 09:00:23,321] {logging_mixin.py:109} INFO - Running <TaskInstance: ingest_data_bigquery_yt.local_to_gcs_task scheduled__2019-12-02T06:00:00+00:00 [running]> on host 1aa5194a14e3
[2024-05-06 09:00:23,683] {warnings.py:99} WARNING - /home/***/.local/lib/python3.6/site-packages/***/utils/context.py:152: AirflowContextDeprecationWarning: Accessing 'execution_date' from the template is deprecated and will be removed in a future version. Please use 'data_interval_start' or 'logical_date' instead.
  warnings.warn(_create_deprecation_warning(key, self._deprecation_replacements[key]))

[2024-05-06 09:00:23,869] {taskinstance.py:1426} INFO - Exporting the following env vars:
AIRFLOW_CTX_DAG_OWNER=***
AIRFLOW_CTX_DAG_ID=ingest_data_bigquery_yt
AIRFLOW_CTX_TASK_ID=local_to_gcs_task
AIRFLOW_CTX_EXECUTION_DATE=2019-12-02T06:00:00+00:00
AIRFLOW_CTX_DAG_RUN_ID=scheduled__2019-12-02T06:00:00+00:00
