[2024-03-23 15:59:26,025] {taskinstance.py:1032} INFO - Dependencies all met for <TaskInstance: data_ingestion_gcs_dag.local_to_gcs_task manual__2024-03-23T15:59:21.422815+00:00 [queued]>
[2024-03-23 15:59:26,032] {taskinstance.py:1032} INFO - Dependencies all met for <TaskInstance: data_ingestion_gcs_dag.local_to_gcs_task manual__2024-03-23T15:59:21.422815+00:00 [queued]>
[2024-03-23 15:59:26,033] {taskinstance.py:1238} INFO - 
--------------------------------------------------------------------------------
[2024-03-23 15:59:26,033] {taskinstance.py:1239} INFO - Starting attempt 1 of 2
[2024-03-23 15:59:26,033] {taskinstance.py:1240} INFO - 
--------------------------------------------------------------------------------
[2024-03-23 15:59:26,040] {taskinstance.py:1259} INFO - Executing <Task(PythonOperator): local_to_gcs_task> on 2024-03-23 15:59:21.422815+00:00
[2024-03-23 15:59:26,045] {standard_task_runner.py:52} INFO - Started process 1320 to run task
[2024-03-23 15:59:26,048] {standard_task_runner.py:76} INFO - Running: ['***', 'tasks', 'run', 'data_ingestion_gcs_dag', 'local_to_gcs_task', 'manual__2024-03-23T15:59:21.422815+00:00', '--job-id', '16', '--raw', '--subdir', 'DAGS_FOLDER/data_ingestion_gcs_dag.py', '--cfg-path', '/tmp/tmpwo_a6gpr', '--error-file', '/tmp/tmpf8kmjjtl']
[2024-03-23 15:59:26,051] {standard_task_runner.py:77} INFO - Job 16: Subtask local_to_gcs_task
[2024-03-23 15:59:26,090] {logging_mixin.py:109} INFO - Running <TaskInstance: data_ingestion_gcs_dag.local_to_gcs_task manual__2024-03-23T15:59:21.422815+00:00 [running]> on host 3855987c5136
[2024-03-23 15:59:26,131] {taskinstance.py:1426} INFO - Exporting the following env vars:
AIRFLOW_CTX_DAG_OWNER=***
AIRFLOW_CTX_DAG_ID=data_ingestion_gcs_dag
AIRFLOW_CTX_TASK_ID=local_to_gcs_task
AIRFLOW_CTX_EXECUTION_DATE=2024-03-23T15:59:21.422815+00:00
AIRFLOW_CTX_DAG_RUN_ID=manual__2024-03-23T15:59:21.422815+00:00
[2024-03-23 15:59:26,265] {python.py:175} INFO - Done. Returned value was: None
[2024-03-23 15:59:26,274] {taskinstance.py:1277} INFO - Marking task as SUCCESS. dag_id=data_ingestion_gcs_dag, task_id=local_to_gcs_task, execution_date=20240323T155921, start_date=20240323T155926, end_date=20240323T155926
[2024-03-23 15:59:26,303] {local_task_job.py:154} INFO - Task exited with return code 0
[2024-03-23 15:59:26,329] {local_task_job.py:264} INFO - 1 downstream tasks scheduled from follow-on schedule check
