[2024-03-25 11:28:01,081] {taskinstance.py:1032} INFO - Dependencies all met for <TaskInstance: LocalIngestionDAG.wget scheduled__2024-01-02T06:00:00+00:00 [queued]>
[2024-03-25 11:28:01,099] {taskinstance.py:1032} INFO - Dependencies all met for <TaskInstance: LocalIngestionDAG.wget scheduled__2024-01-02T06:00:00+00:00 [queued]>
[2024-03-25 11:28:01,100] {taskinstance.py:1238} INFO - 
--------------------------------------------------------------------------------
[2024-03-25 11:28:01,100] {taskinstance.py:1239} INFO - Starting attempt 1 of 1
[2024-03-25 11:28:01,100] {taskinstance.py:1240} INFO - 
--------------------------------------------------------------------------------
[2024-03-25 11:28:01,131] {taskinstance.py:1259} INFO - Executing <Task(BashOperator): wget> on 2024-01-02 06:00:00+00:00
[2024-03-25 11:28:01,150] {standard_task_runner.py:52} INFO - Started process 11332 to run task
[2024-03-25 11:28:01,164] {standard_task_runner.py:76} INFO - Running: ['***', 'tasks', 'run', 'LocalIngestionDAG', 'wget', 'scheduled__2024-01-02T06:00:00+00:00', '--job-id', '129', '--raw', '--subdir', 'DAGS_FOLDER/data_ingestion_local.py', '--cfg-path', '/tmp/tmp2zlp4ex0', '--error-file', '/tmp/tmpz79_0aul']
[2024-03-25 11:28:01,181] {standard_task_runner.py:77} INFO - Job 129: Subtask wget
[2024-03-25 11:28:01,311] {logging_mixin.py:109} INFO - Running <TaskInstance: LocalIngestionDAG.wget scheduled__2024-01-02T06:00:00+00:00 [running]> on host 91ae2bae4e06
[2024-03-25 11:28:01,420] {taskinstance.py:1426} INFO - Exporting the following env vars:
AIRFLOW_CTX_DAG_OWNER=***
AIRFLOW_CTX_DAG_ID=LocalIngestionDAG
AIRFLOW_CTX_TASK_ID=wget
AIRFLOW_CTX_EXECUTION_DATE=2024-01-02T06:00:00+00:00
AIRFLOW_CTX_DAG_RUN_ID=scheduled__2024-01-02T06:00:00+00:00
[2024-03-25 11:28:01,422] {subprocess.py:62} INFO - Tmp dir root location: 
 /tmp
[2024-03-25 11:28:01,422] {subprocess.py:74} INFO - Running command: ['bash', '-c', 'echo "hello world"']
[2024-03-25 11:28:01,448] {subprocess.py:85} INFO - Output:
[2024-03-25 11:28:01,454] {subprocess.py:89} INFO - hello world
[2024-03-25 11:28:01,455] {subprocess.py:93} INFO - Command exited with return code 0
[2024-03-25 11:28:01,540] {taskinstance.py:1277} INFO - Marking task as SUCCESS. dag_id=LocalIngestionDAG, task_id=wget, execution_date=20240102T060000, start_date=20240325T112801, end_date=20240325T112801
[2024-03-25 11:28:01,629] {local_task_job.py:154} INFO - Task exited with return code 0
[2024-03-25 11:28:01,679] {local_task_job.py:264} INFO - 1 downstream tasks scheduled from follow-on schedule check
