[2024-12-16 15:34:54,244] {taskinstance.py:1032} INFO - Dependencies all met for <TaskInstance: ingest_data_bigquery_fhvhv.local_to_gcs_task scheduled__2020-04-02T06:00:00+00:00 [queued]>
[2024-12-16 15:34:54,317] {taskinstance.py:1032} INFO - Dependencies all met for <TaskInstance: ingest_data_bigquery_fhvhv.local_to_gcs_task scheduled__2020-04-02T06:00:00+00:00 [queued]>
[2024-12-16 15:34:54,317] {taskinstance.py:1238} INFO - 
--------------------------------------------------------------------------------
[2024-12-16 15:34:54,317] {taskinstance.py:1239} INFO - Starting attempt 2 of 3
[2024-12-16 15:34:54,317] {taskinstance.py:1240} INFO - 
--------------------------------------------------------------------------------
[2024-12-16 15:34:54,364] {taskinstance.py:1259} INFO - Executing <Task(PythonOperator): local_to_gcs_task> on 2020-04-02 06:00:00+00:00
[2024-12-16 15:34:54,399] {standard_task_runner.py:52} INFO - Started process 87 to run task
[2024-12-16 15:34:54,477] {standard_task_runner.py:76} INFO - Running: ['***', 'tasks', 'run', 'ingest_data_bigquery_fhvhv', 'local_to_gcs_task', 'scheduled__2020-04-02T06:00:00+00:00', '--job-id', '5679', '--raw', '--subdir', 'DAGS_FOLDER/data_ingestion_gcs_fhvhv_dag.py', '--cfg-path', '/tmp/tmpinln_x87', '--error-file', '/tmp/tmpouaumt33']
[2024-12-16 15:34:54,517] {standard_task_runner.py:77} INFO - Job 5679: Subtask local_to_gcs_task
[2024-12-16 15:34:54,775] {logging_mixin.py:109} INFO - Running <TaskInstance: ingest_data_bigquery_fhvhv.local_to_gcs_task scheduled__2020-04-02T06:00:00+00:00 [running]> on host 78f99e82b508
[2024-12-16 15:34:54,897] {warnings.py:99} WARNING - /home/***/.local/lib/python3.6/site-packages/***/utils/context.py:152: AirflowContextDeprecationWarning: Accessing 'execution_date' from the template is deprecated and will be removed in a future version. Please use 'data_interval_start' or 'logical_date' instead.
  warnings.warn(_create_deprecation_warning(key, self._deprecation_replacements[key]))

[2024-12-16 15:34:54,998] {taskinstance.py:1426} INFO - Exporting the following env vars:
AIRFLOW_CTX_DAG_OWNER=***
AIRFLOW_CTX_DAG_ID=ingest_data_bigquery_fhvhv
AIRFLOW_CTX_TASK_ID=local_to_gcs_task
AIRFLOW_CTX_EXECUTION_DATE=2020-04-02T06:00:00+00:00
AIRFLOW_CTX_DAG_RUN_ID=scheduled__2020-04-02T06:00:00+00:00
[2024-12-16 15:37:27,618] {local_task_job.py:154} INFO - Task exited with return code Negsignal.SIGKILL
[2024-12-16 15:37:27,953] {taskinstance.py:1277} INFO - Marking task as UP_FOR_RETRY. dag_id=ingest_data_bigquery_fhvhv, task_id=local_to_gcs_task, execution_date=20200402T060000, start_date=20241216T153454, end_date=20241216T153727
[2024-12-16 15:37:28,664] {local_task_job.py:264} INFO - 0 downstream tasks scheduled from follow-on schedule check
[2024-12-29 14:18:11,333] {taskinstance.py:1032} INFO - Dependencies all met for <TaskInstance: ingest_data_bigquery_fhvhv.local_to_gcs_task scheduled__2020-04-02T06:00:00+00:00 [queued]>
[2024-12-29 14:18:11,446] {taskinstance.py:1032} INFO - Dependencies all met for <TaskInstance: ingest_data_bigquery_fhvhv.local_to_gcs_task scheduled__2020-04-02T06:00:00+00:00 [queued]>
[2024-12-29 14:18:11,446] {taskinstance.py:1238} INFO - 
--------------------------------------------------------------------------------
[2024-12-29 14:18:11,446] {taskinstance.py:1239} INFO - Starting attempt 2 of 3
[2024-12-29 14:18:11,446] {taskinstance.py:1240} INFO - 
--------------------------------------------------------------------------------
[2024-12-29 14:18:11,575] {taskinstance.py:1259} INFO - Executing <Task(PythonOperator): local_to_gcs_task> on 2020-04-02 06:00:00+00:00
[2024-12-29 14:18:11,675] {standard_task_runner.py:52} INFO - Started process 103 to run task
[2024-12-29 14:18:11,706] {standard_task_runner.py:76} INFO - Running: ['***', 'tasks', 'run', 'ingest_data_bigquery_fhvhv', 'local_to_gcs_task', 'scheduled__2020-04-02T06:00:00+00:00', '--job-id', '5906', '--raw', '--subdir', 'DAGS_FOLDER/data_ingestion_gcs_fhvhv_dag.py', '--cfg-path', '/tmp/tmpxnws9snp', '--error-file', '/tmp/tmpcl98iszt']
[2024-12-29 14:18:11,809] {standard_task_runner.py:77} INFO - Job 5906: Subtask local_to_gcs_task
[2024-12-29 14:18:12,750] {logging_mixin.py:109} INFO - Running <TaskInstance: ingest_data_bigquery_fhvhv.local_to_gcs_task scheduled__2020-04-02T06:00:00+00:00 [running]> on host 4b90d914d43e
[2024-12-29 14:18:13,133] {warnings.py:99} WARNING - /home/***/.local/lib/python3.6/site-packages/***/utils/context.py:152: AirflowContextDeprecationWarning: Accessing 'execution_date' from the template is deprecated and will be removed in a future version. Please use 'data_interval_start' or 'logical_date' instead.
  warnings.warn(_create_deprecation_warning(key, self._deprecation_replacements[key]))

[2024-12-29 14:18:13,386] {taskinstance.py:1426} INFO - Exporting the following env vars:
AIRFLOW_CTX_DAG_OWNER=***
AIRFLOW_CTX_DAG_ID=ingest_data_bigquery_fhvhv
AIRFLOW_CTX_TASK_ID=local_to_gcs_task
AIRFLOW_CTX_EXECUTION_DATE=2020-04-02T06:00:00+00:00
AIRFLOW_CTX_DAG_RUN_ID=scheduled__2020-04-02T06:00:00+00:00
