[2024-05-19 04:20:25,026] {taskinstance.py:1032} INFO - Dependencies all met for <TaskInstance: ingest_data_bigquery_fhvhv.download_dataset_task scheduled__2021-06-02T06:00:00+00:00 [queued]>
[2024-05-19 04:20:25,044] {taskinstance.py:1032} INFO - Dependencies all met for <TaskInstance: ingest_data_bigquery_fhvhv.download_dataset_task scheduled__2021-06-02T06:00:00+00:00 [queued]>
[2024-05-19 04:20:25,044] {taskinstance.py:1238} INFO - 
--------------------------------------------------------------------------------
[2024-05-19 04:20:25,044] {taskinstance.py:1239} INFO - Starting attempt 1 of 3
[2024-05-19 04:20:25,045] {taskinstance.py:1240} INFO - 
--------------------------------------------------------------------------------
[2024-05-19 04:20:25,065] {taskinstance.py:1259} INFO - Executing <Task(BashOperator): download_dataset_task> on 2021-06-02 06:00:00+00:00
[2024-05-19 04:20:25,076] {standard_task_runner.py:52} INFO - Started process 419 to run task
[2024-05-19 04:20:25,084] {standard_task_runner.py:76} INFO - Running: ['***', 'tasks', 'run', 'ingest_data_bigquery_fhvhv', 'download_dataset_task', 'scheduled__2021-06-02T06:00:00+00:00', '--job-id', '5505', '--raw', '--subdir', 'DAGS_FOLDER/data_ingestion_gcs_fhvhv_dag.py', '--cfg-path', '/tmp/tmp0lhapuip', '--error-file', '/tmp/tmps16phcv1']
[2024-05-19 04:20:25,090] {standard_task_runner.py:77} INFO - Job 5505: Subtask download_dataset_task
[2024-05-19 04:20:25,225] {logging_mixin.py:109} INFO - Running <TaskInstance: ingest_data_bigquery_fhvhv.download_dataset_task scheduled__2021-06-02T06:00:00+00:00 [running]> on host b57d73dcebce
[2024-05-19 04:20:25,303] {warnings.py:99} WARNING - /home/***/.local/lib/python3.6/site-packages/***/utils/context.py:152: AirflowContextDeprecationWarning: Accessing 'execution_date' from the template is deprecated and will be removed in a future version. Please use 'data_interval_start' or 'logical_date' instead.
  warnings.warn(_create_deprecation_warning(key, self._deprecation_replacements[key]))

[2024-05-19 04:20:25,344] {taskinstance.py:1426} INFO - Exporting the following env vars:
AIRFLOW_CTX_DAG_OWNER=***
AIRFLOW_CTX_DAG_ID=ingest_data_bigquery_fhvhv
AIRFLOW_CTX_TASK_ID=download_dataset_task
AIRFLOW_CTX_EXECUTION_DATE=2021-06-02T06:00:00+00:00
AIRFLOW_CTX_DAG_RUN_ID=scheduled__2021-06-02T06:00:00+00:00
[2024-05-19 04:20:25,347] {subprocess.py:62} INFO - Tmp dir root location: 
 /tmp
[2024-05-19 04:20:25,349] {subprocess.py:74} INFO - Running command: ['bash', '-c', 'curl -sSL https://d37ci6vzurychx.cloudfront.net/trip-data/fhvhv_tripdata_2021-06.parquet > /opt/***/raw_data/fhvhvtaxi_tripdata_2021-06.parquet']
[2024-05-19 04:20:25,371] {subprocess.py:85} INFO - Output:
[2024-05-19 04:20:51,114] {subprocess.py:93} INFO - Command exited with return code 0
[2024-05-19 04:20:51,465] {taskinstance.py:1277} INFO - Marking task as SUCCESS. dag_id=ingest_data_bigquery_fhvhv, task_id=download_dataset_task, execution_date=20210602T060000, start_date=20240519T042025, end_date=20240519T042051
[2024-05-19 04:20:51,834] {local_task_job.py:154} INFO - Task exited with return code 0
[2024-05-19 04:20:52,493] {local_task_job.py:264} INFO - 1 downstream tasks scheduled from follow-on schedule check
[2024-12-29 15:10:06,485] {taskinstance.py:1032} INFO - Dependencies all met for <TaskInstance: ingest_data_bigquery_fhvhv.download_dataset_task scheduled__2021-06-02T06:00:00+00:00 [queued]>
[2024-12-29 15:10:06,518] {taskinstance.py:1032} INFO - Dependencies all met for <TaskInstance: ingest_data_bigquery_fhvhv.download_dataset_task scheduled__2021-06-02T06:00:00+00:00 [queued]>
[2024-12-29 15:10:06,518] {taskinstance.py:1238} INFO - 
--------------------------------------------------------------------------------
[2024-12-29 15:10:06,519] {taskinstance.py:1239} INFO - Starting attempt 1 of 3
[2024-12-29 15:10:06,519] {taskinstance.py:1240} INFO - 
--------------------------------------------------------------------------------
[2024-12-29 15:10:06,545] {taskinstance.py:1259} INFO - Executing <Task(BashOperator): download_dataset_task> on 2021-06-02 06:00:00+00:00
[2024-12-29 15:10:06,557] {standard_task_runner.py:52} INFO - Started process 80 to run task
[2024-12-29 15:10:06,585] {standard_task_runner.py:76} INFO - Running: ['***', 'tasks', 'run', 'ingest_data_bigquery_fhvhv', 'download_dataset_task', 'scheduled__2021-06-02T06:00:00+00:00', '--job-id', '5954', '--raw', '--subdir', 'DAGS_FOLDER/data_ingestion_gcs_fhvhv_dag.py', '--cfg-path', '/tmp/tmpn722wfbi', '--error-file', '/tmp/tmpz6cg773i']
[2024-12-29 15:10:06,607] {standard_task_runner.py:77} INFO - Job 5954: Subtask download_dataset_task
[2024-12-29 15:10:06,733] {logging_mixin.py:109} INFO - Running <TaskInstance: ingest_data_bigquery_fhvhv.download_dataset_task scheduled__2021-06-02T06:00:00+00:00 [running]> on host a180708a7c2c
[2024-12-29 15:10:06,812] {warnings.py:99} WARNING - /home/***/.local/lib/python3.6/site-packages/***/utils/context.py:152: AirflowContextDeprecationWarning: Accessing 'execution_date' from the template is deprecated and will be removed in a future version. Please use 'data_interval_start' or 'logical_date' instead.
  warnings.warn(_create_deprecation_warning(key, self._deprecation_replacements[key]))

[2024-12-29 15:10:06,867] {taskinstance.py:1426} INFO - Exporting the following env vars:
AIRFLOW_CTX_DAG_OWNER=***
AIRFLOW_CTX_DAG_ID=ingest_data_bigquery_fhvhv
AIRFLOW_CTX_TASK_ID=download_dataset_task
AIRFLOW_CTX_EXECUTION_DATE=2021-06-02T06:00:00+00:00
AIRFLOW_CTX_DAG_RUN_ID=scheduled__2021-06-02T06:00:00+00:00
[2024-12-29 15:10:06,872] {subprocess.py:62} INFO - Tmp dir root location: 
 /tmp
[2024-12-29 15:10:06,873] {subprocess.py:74} INFO - Running command: ['bash', '-c', 'curl -sSL https://d37ci6vzurychx.cloudfront.net/trip-data/fhvhv_tripdata_2021-06.parquet > /opt/***/raw_data/fhvhvtaxi_tripdata_2021-06.parquet']
[2024-12-29 15:10:06,890] {subprocess.py:85} INFO - Output:
[2024-12-29 15:10:31,332] {subprocess.py:93} INFO - Command exited with return code 0
[2024-12-29 15:10:31,372] {taskinstance.py:1277} INFO - Marking task as SUCCESS. dag_id=ingest_data_bigquery_fhvhv, task_id=download_dataset_task, execution_date=20210602T060000, start_date=20241229T151006, end_date=20241229T151031
[2024-12-29 15:10:31,396] {local_task_job.py:154} INFO - Task exited with return code 0
[2024-12-29 15:10:31,437] {local_task_job.py:264} INFO - 1 downstream tasks scheduled from follow-on schedule check
[2025-01-01 05:20:45,059] {taskinstance.py:1032} INFO - Dependencies all met for <TaskInstance: ingest_data_bigquery_fhvhv.download_dataset_task scheduled__2021-06-02T06:00:00+00:00 [queued]>
[2025-01-01 05:20:45,077] {taskinstance.py:1032} INFO - Dependencies all met for <TaskInstance: ingest_data_bigquery_fhvhv.download_dataset_task scheduled__2021-06-02T06:00:00+00:00 [queued]>
[2025-01-01 05:20:45,077] {taskinstance.py:1238} INFO - 
--------------------------------------------------------------------------------
[2025-01-01 05:20:45,078] {taskinstance.py:1239} INFO - Starting attempt 1 of 3
[2025-01-01 05:20:45,078] {taskinstance.py:1240} INFO - 
--------------------------------------------------------------------------------
[2025-01-01 05:20:45,095] {taskinstance.py:1259} INFO - Executing <Task(BashOperator): download_dataset_task> on 2021-06-02 06:00:00+00:00
[2025-01-01 05:20:45,111] {standard_task_runner.py:76} INFO - Running: ['***', 'tasks', 'run', 'ingest_data_bigquery_fhvhv', 'download_dataset_task', 'scheduled__2021-06-02T06:00:00+00:00', '--job-id', '6250', '--raw', '--subdir', 'DAGS_FOLDER/data_ingestion_gcs_fhvhv_dag.py', '--cfg-path', '/tmp/tmpaj6b42ro', '--error-file', '/tmp/tmpeu76hd5i']
[2025-01-01 05:20:45,106] {standard_task_runner.py:52} INFO - Started process 5081 to run task
[2025-01-01 05:20:45,118] {standard_task_runner.py:77} INFO - Job 6250: Subtask download_dataset_task
[2025-01-01 05:20:45,225] {logging_mixin.py:109} INFO - Running <TaskInstance: ingest_data_bigquery_fhvhv.download_dataset_task scheduled__2021-06-02T06:00:00+00:00 [running]> on host 4228b0d90dbc
[2025-01-01 05:20:45,286] {warnings.py:99} WARNING - /home/***/.local/lib/python3.6/site-packages/***/utils/context.py:152: AirflowContextDeprecationWarning: Accessing 'execution_date' from the template is deprecated and will be removed in a future version. Please use 'data_interval_start' or 'logical_date' instead.
  warnings.warn(_create_deprecation_warning(key, self._deprecation_replacements[key]))

[2025-01-01 05:20:45,320] {taskinstance.py:1426} INFO - Exporting the following env vars:
AIRFLOW_CTX_DAG_OWNER=***
AIRFLOW_CTX_DAG_ID=ingest_data_bigquery_fhvhv
AIRFLOW_CTX_TASK_ID=download_dataset_task
AIRFLOW_CTX_EXECUTION_DATE=2021-06-02T06:00:00+00:00
AIRFLOW_CTX_DAG_RUN_ID=scheduled__2021-06-02T06:00:00+00:00
[2025-01-01 05:20:45,321] {subprocess.py:62} INFO - Tmp dir root location: 
 /tmp
[2025-01-01 05:20:45,323] {subprocess.py:74} INFO - Running command: ['bash', '-c', 'curl -sSL https://d37ci6vzurychx.cloudfront.net/trip-data/fhvhv_tripdata_2021-06.parquet > /opt/***/raw_data/fhvhvtaxi_tripdata_2021-06.parquet']
[2025-01-01 05:20:45,347] {subprocess.py:85} INFO - Output:
[2025-01-01 05:21:09,551] {subprocess.py:93} INFO - Command exited with return code 0
[2025-01-01 05:21:09,587] {taskinstance.py:1277} INFO - Marking task as SUCCESS. dag_id=ingest_data_bigquery_fhvhv, task_id=download_dataset_task, execution_date=20210602T060000, start_date=20250101T052045, end_date=20250101T052109
[2025-01-01 05:21:09,632] {local_task_job.py:154} INFO - Task exited with return code 0
[2025-01-01 05:21:09,675] {local_task_job.py:264} INFO - 1 downstream tasks scheduled from follow-on schedule check
[2025-01-01 12:01:20,341] {taskinstance.py:1032} INFO - Dependencies all met for <TaskInstance: ingest_data_bigquery_fhvhv.download_dataset_task scheduled__2021-06-02T06:00:00+00:00 [queued]>
[2025-01-01 12:01:20,356] {taskinstance.py:1032} INFO - Dependencies all met for <TaskInstance: ingest_data_bigquery_fhvhv.download_dataset_task scheduled__2021-06-02T06:00:00+00:00 [queued]>
[2025-01-01 12:01:20,356] {taskinstance.py:1238} INFO - 
--------------------------------------------------------------------------------
[2025-01-01 12:01:20,356] {taskinstance.py:1239} INFO - Starting attempt 1 of 3
[2025-01-01 12:01:20,356] {taskinstance.py:1240} INFO - 
--------------------------------------------------------------------------------
[2025-01-01 12:01:20,368] {taskinstance.py:1259} INFO - Executing <Task(BashOperator): download_dataset_task> on 2021-06-02 06:00:00+00:00
[2025-01-01 12:01:20,376] {standard_task_runner.py:52} INFO - Started process 8230 to run task
[2025-01-01 12:01:20,381] {standard_task_runner.py:76} INFO - Running: ['***', 'tasks', 'run', 'ingest_data_bigquery_fhvhv', 'download_dataset_task', 'scheduled__2021-06-02T06:00:00+00:00', '--job-id', '6366', '--raw', '--subdir', 'DAGS_FOLDER/data_ingestion_gcs_fhvhv_dag.py', '--cfg-path', '/tmp/tmp7kvib7pl', '--error-file', '/tmp/tmp5z1xe_8m']
[2025-01-01 12:01:20,385] {standard_task_runner.py:77} INFO - Job 6366: Subtask download_dataset_task
[2025-01-01 12:01:20,470] {logging_mixin.py:109} INFO - Running <TaskInstance: ingest_data_bigquery_fhvhv.download_dataset_task scheduled__2021-06-02T06:00:00+00:00 [running]> on host b9549a156c09
[2025-01-01 12:01:20,536] {warnings.py:99} WARNING - /home/***/.local/lib/python3.6/site-packages/***/utils/context.py:152: AirflowContextDeprecationWarning: Accessing 'execution_date' from the template is deprecated and will be removed in a future version. Please use 'data_interval_start' or 'logical_date' instead.
  warnings.warn(_create_deprecation_warning(key, self._deprecation_replacements[key]))

[2025-01-01 12:01:20,568] {taskinstance.py:1426} INFO - Exporting the following env vars:
AIRFLOW_CTX_DAG_OWNER=***
AIRFLOW_CTX_DAG_ID=ingest_data_bigquery_fhvhv
AIRFLOW_CTX_TASK_ID=download_dataset_task
AIRFLOW_CTX_EXECUTION_DATE=2021-06-02T06:00:00+00:00
AIRFLOW_CTX_DAG_RUN_ID=scheduled__2021-06-02T06:00:00+00:00
[2025-01-01 12:01:20,570] {subprocess.py:62} INFO - Tmp dir root location: 
 /tmp
[2025-01-01 12:01:20,571] {subprocess.py:74} INFO - Running command: ['bash', '-c', 'curl -sSL https://d37ci6vzurychx.cloudfront.net/trip-data/fhvhv_tripdata_2021-06.parquet > /opt/***/raw_data/fhvhvtaxi_tripdata_2021-06.parquet']
[2025-01-01 12:01:20,588] {subprocess.py:85} INFO - Output:
[2025-01-01 12:01:53,060] {subprocess.py:93} INFO - Command exited with return code 0
[2025-01-01 12:01:53,179] {taskinstance.py:1277} INFO - Marking task as SUCCESS. dag_id=ingest_data_bigquery_fhvhv, task_id=download_dataset_task, execution_date=20210602T060000, start_date=20250101T120120, end_date=20250101T120153
[2025-01-01 12:01:53,276] {local_task_job.py:154} INFO - Task exited with return code 0
[2025-01-01 12:01:53,493] {local_task_job.py:264} INFO - 1 downstream tasks scheduled from follow-on schedule check
