[2024-03-26 14:34:47,180] {taskinstance.py:1032} INFO - Dependencies all met for <TaskInstance: LocalIngestionDag.wget scheduled__2023-07-02T06:00:00+00:00 [queued]>
[2024-03-26 14:34:47,199] {taskinstance.py:1032} INFO - Dependencies all met for <TaskInstance: LocalIngestionDag.wget scheduled__2023-07-02T06:00:00+00:00 [queued]>
[2024-03-26 14:34:47,200] {taskinstance.py:1238} INFO - 
--------------------------------------------------------------------------------
[2024-03-26 14:34:47,200] {taskinstance.py:1239} INFO - Starting attempt 1 of 1
[2024-03-26 14:34:47,201] {taskinstance.py:1240} INFO - 
--------------------------------------------------------------------------------
[2024-03-26 14:34:47,222] {taskinstance.py:1259} INFO - Executing <Task(BashOperator): wget> on 2023-07-02 06:00:00+00:00
[2024-03-26 14:34:47,231] {standard_task_runner.py:52} INFO - Started process 343 to run task
[2024-03-26 14:34:47,254] {standard_task_runner.py:76} INFO - Running: ['***', 'tasks', 'run', 'LocalIngestionDag', 'wget', 'scheduled__2023-07-02T06:00:00+00:00', '--job-id', '201', '--raw', '--subdir', 'DAGS_FOLDER/data_ingestion_local.py', '--cfg-path', '/tmp/tmpuwd3sy7c', '--error-file', '/tmp/tmpuhob3o8v']
[2024-03-26 14:34:47,255] {standard_task_runner.py:77} INFO - Job 201: Subtask wget
[2024-03-26 14:34:47,346] {logging_mixin.py:109} INFO - Running <TaskInstance: LocalIngestionDag.wget scheduled__2023-07-02T06:00:00+00:00 [running]> on host 55b5831905d1
[2024-03-26 14:34:47,409] {warnings.py:99} WARNING - /home/***/.local/lib/python3.6/site-packages/***/utils/context.py:152: AirflowContextDeprecationWarning: Accessing 'execution_date' from the template is deprecated and will be removed in a future version. Please use 'data_interval_start' or 'logical_date' instead.
  warnings.warn(_create_deprecation_warning(key, self._deprecation_replacements[key]))

[2024-03-26 14:34:47,451] {taskinstance.py:1426} INFO - Exporting the following env vars:
AIRFLOW_CTX_DAG_OWNER=***
AIRFLOW_CTX_DAG_ID=LocalIngestionDag
AIRFLOW_CTX_TASK_ID=wget
AIRFLOW_CTX_EXECUTION_DATE=2023-07-02T06:00:00+00:00
AIRFLOW_CTX_DAG_RUN_ID=scheduled__2023-07-02T06:00:00+00:00
[2024-03-26 14:34:47,453] {subprocess.py:62} INFO - Tmp dir root location: 
 /tmp
[2024-03-26 14:34:47,454] {subprocess.py:74} INFO - Running command: ['bash', '-c', 'curl -sSL https://s3.amazonaws.com/nyc-tlc/trip+data/yellow_tripdata_2023-07.csv > /opt/***/output_2023-07.csv']
[2024-03-26 14:34:47,472] {subprocess.py:85} INFO - Output:
[2024-03-26 14:34:48,431] {subprocess.py:93} INFO - Command exited with return code 0
[2024-03-26 14:34:48,516] {taskinstance.py:1277} INFO - Marking task as SUCCESS. dag_id=LocalIngestionDag, task_id=wget, execution_date=20230702T060000, start_date=20240326T143447, end_date=20240326T143448
[2024-03-26 14:34:48,593] {local_task_job.py:154} INFO - Task exited with return code 0
[2024-03-26 14:34:48,678] {local_task_job.py:264} INFO - 1 downstream tasks scheduled from follow-on schedule check
[2024-03-26 15:30:23,683] {taskinstance.py:1032} INFO - Dependencies all met for <TaskInstance: LocalIngestionDag.wget scheduled__2023-07-02T06:00:00+00:00 [queued]>
[2024-03-26 15:30:23,717] {taskinstance.py:1032} INFO - Dependencies all met for <TaskInstance: LocalIngestionDag.wget scheduled__2023-07-02T06:00:00+00:00 [queued]>
[2024-03-26 15:30:23,723] {taskinstance.py:1238} INFO - 
--------------------------------------------------------------------------------
[2024-03-26 15:30:23,725] {taskinstance.py:1239} INFO - Starting attempt 1 of 1
[2024-03-26 15:30:23,725] {taskinstance.py:1240} INFO - 
--------------------------------------------------------------------------------
[2024-03-26 15:30:23,776] {taskinstance.py:1259} INFO - Executing <Task(BashOperator): wget> on 2023-07-02 06:00:00+00:00
[2024-03-26 15:30:23,818] {standard_task_runner.py:52} INFO - Started process 1089 to run task
[2024-03-26 15:30:23,826] {standard_task_runner.py:76} INFO - Running: ['***', 'tasks', 'run', 'LocalIngestionDag', 'wget', 'scheduled__2023-07-02T06:00:00+00:00', '--job-id', '315', '--raw', '--subdir', 'DAGS_FOLDER/data_ingestion_local.py', '--cfg-path', '/tmp/tmpo9ad8erw', '--error-file', '/tmp/tmpe2hnwvr8']
[2024-03-26 15:30:23,865] {standard_task_runner.py:77} INFO - Job 315: Subtask wget
[2024-03-26 15:30:24,163] {logging_mixin.py:109} INFO - Running <TaskInstance: LocalIngestionDag.wget scheduled__2023-07-02T06:00:00+00:00 [running]> on host 153a478eba08
[2024-03-26 15:30:24,258] {warnings.py:99} WARNING - /home/***/.local/lib/python3.6/site-packages/***/utils/context.py:152: AirflowContextDeprecationWarning: Accessing 'execution_date' from the template is deprecated and will be removed in a future version. Please use 'data_interval_start' or 'logical_date' instead.
  warnings.warn(_create_deprecation_warning(key, self._deprecation_replacements[key]))

[2024-03-26 15:30:24,359] {taskinstance.py:1426} INFO - Exporting the following env vars:
AIRFLOW_CTX_DAG_OWNER=***
AIRFLOW_CTX_DAG_ID=LocalIngestionDag
AIRFLOW_CTX_TASK_ID=wget
AIRFLOW_CTX_EXECUTION_DATE=2023-07-02T06:00:00+00:00
AIRFLOW_CTX_DAG_RUN_ID=scheduled__2023-07-02T06:00:00+00:00
[2024-03-26 15:30:24,364] {subprocess.py:62} INFO - Tmp dir root location: 
 /tmp
[2024-03-26 15:30:24,369] {subprocess.py:74} INFO - Running command: ['bash', '-c', 'curl -sSL https://s3.amazonaws.com/nyc-tlc/trip+data/yellow_tripdata_2023-07.csv > /opt/***/output_2023-07.csv']
[2024-03-26 15:30:24,424] {subprocess.py:85} INFO - Output:
[2024-03-26 15:30:25,402] {subprocess.py:93} INFO - Command exited with return code 0
[2024-03-26 15:30:25,492] {taskinstance.py:1277} INFO - Marking task as SUCCESS. dag_id=LocalIngestionDag, task_id=wget, execution_date=20230702T060000, start_date=20240326T153023, end_date=20240326T153025
[2024-03-26 15:30:25,611] {local_task_job.py:154} INFO - Task exited with return code 0
[2024-03-26 15:30:25,715] {local_task_job.py:264} INFO - 1 downstream tasks scheduled from follow-on schedule check
