[2024-12-16 15:34:56,535] {taskinstance.py:1032} INFO - Dependencies all met for <TaskInstance: ingest_data_bigquery_fhvhv.local_to_gcs_task scheduled__2020-03-02T06:00:00+00:00 [queued]>
[2024-12-16 15:34:56,638] {taskinstance.py:1032} INFO - Dependencies all met for <TaskInstance: ingest_data_bigquery_fhvhv.local_to_gcs_task scheduled__2020-03-02T06:00:00+00:00 [queued]>
[2024-12-16 15:34:56,642] {taskinstance.py:1238} INFO - 
--------------------------------------------------------------------------------
[2024-12-16 15:34:56,642] {taskinstance.py:1239} INFO - Starting attempt 2 of 3
[2024-12-16 15:34:56,643] {taskinstance.py:1240} INFO - 
--------------------------------------------------------------------------------
[2024-12-16 15:34:56,757] {taskinstance.py:1259} INFO - Executing <Task(PythonOperator): local_to_gcs_task> on 2020-03-02 06:00:00+00:00
[2024-12-16 15:34:56,837] {standard_task_runner.py:52} INFO - Started process 129 to run task
[2024-12-16 15:34:56,874] {standard_task_runner.py:76} INFO - Running: ['***', 'tasks', 'run', 'ingest_data_bigquery_fhvhv', 'local_to_gcs_task', 'scheduled__2020-03-02T06:00:00+00:00', '--job-id', '5689', '--raw', '--subdir', 'DAGS_FOLDER/data_ingestion_gcs_fhvhv_dag.py', '--cfg-path', '/tmp/tmp3x936_2d', '--error-file', '/tmp/tmph5tef_w7']
[2024-12-16 15:34:56,905] {standard_task_runner.py:77} INFO - Job 5689: Subtask local_to_gcs_task
[2024-12-16 15:34:57,187] {logging_mixin.py:109} INFO - Running <TaskInstance: ingest_data_bigquery_fhvhv.local_to_gcs_task scheduled__2020-03-02T06:00:00+00:00 [running]> on host 78f99e82b508
[2024-12-16 15:34:57,402] {warnings.py:99} WARNING - /home/***/.local/lib/python3.6/site-packages/***/utils/context.py:152: AirflowContextDeprecationWarning: Accessing 'execution_date' from the template is deprecated and will be removed in a future version. Please use 'data_interval_start' or 'logical_date' instead.
  warnings.warn(_create_deprecation_warning(key, self._deprecation_replacements[key]))

[2024-12-16 15:34:57,458] {taskinstance.py:1426} INFO - Exporting the following env vars:
AIRFLOW_CTX_DAG_OWNER=***
AIRFLOW_CTX_DAG_ID=ingest_data_bigquery_fhvhv
AIRFLOW_CTX_TASK_ID=local_to_gcs_task
AIRFLOW_CTX_EXECUTION_DATE=2020-03-02T06:00:00+00:00
AIRFLOW_CTX_DAG_RUN_ID=scheduled__2020-03-02T06:00:00+00:00
[2024-12-16 15:38:19,780] {local_task_job.py:154} INFO - Task exited with return code Negsignal.SIGKILL
[2024-12-16 15:38:19,993] {taskinstance.py:1277} INFO - Marking task as UP_FOR_RETRY. dag_id=ingest_data_bigquery_fhvhv, task_id=local_to_gcs_task, execution_date=20200302T060000, start_date=20241216T153456, end_date=20241216T153819
[2024-12-16 15:38:20,632] {local_task_job.py:264} INFO - 0 downstream tasks scheduled from follow-on schedule check
[2024-12-29 14:18:11,349] {taskinstance.py:1032} INFO - Dependencies all met for <TaskInstance: ingest_data_bigquery_fhvhv.local_to_gcs_task scheduled__2020-03-02T06:00:00+00:00 [queued]>
[2024-12-29 14:18:11,501] {taskinstance.py:1032} INFO - Dependencies all met for <TaskInstance: ingest_data_bigquery_fhvhv.local_to_gcs_task scheduled__2020-03-02T06:00:00+00:00 [queued]>
[2024-12-29 14:18:11,501] {taskinstance.py:1238} INFO - 
--------------------------------------------------------------------------------
[2024-12-29 14:18:11,501] {taskinstance.py:1239} INFO - Starting attempt 2 of 3
[2024-12-29 14:18:11,501] {taskinstance.py:1240} INFO - 
--------------------------------------------------------------------------------
[2024-12-29 14:18:11,657] {taskinstance.py:1259} INFO - Executing <Task(PythonOperator): local_to_gcs_task> on 2020-03-02 06:00:00+00:00
[2024-12-29 14:18:11,765] {standard_task_runner.py:52} INFO - Started process 110 to run task
[2024-12-29 14:18:11,958] {standard_task_runner.py:76} INFO - Running: ['***', 'tasks', 'run', 'ingest_data_bigquery_fhvhv', 'local_to_gcs_task', 'scheduled__2020-03-02T06:00:00+00:00', '--job-id', '5904', '--raw', '--subdir', 'DAGS_FOLDER/data_ingestion_gcs_fhvhv_dag.py', '--cfg-path', '/tmp/tmpgbygg5de', '--error-file', '/tmp/tmpzglr9402']
[2024-12-29 14:18:12,026] {standard_task_runner.py:77} INFO - Job 5904: Subtask local_to_gcs_task
[2024-12-29 14:18:12,732] {logging_mixin.py:109} INFO - Running <TaskInstance: ingest_data_bigquery_fhvhv.local_to_gcs_task scheduled__2020-03-02T06:00:00+00:00 [running]> on host 4b90d914d43e
[2024-12-29 14:18:13,092] {warnings.py:99} WARNING - /home/***/.local/lib/python3.6/site-packages/***/utils/context.py:152: AirflowContextDeprecationWarning: Accessing 'execution_date' from the template is deprecated and will be removed in a future version. Please use 'data_interval_start' or 'logical_date' instead.
  warnings.warn(_create_deprecation_warning(key, self._deprecation_replacements[key]))

[2024-12-29 14:18:13,311] {taskinstance.py:1426} INFO - Exporting the following env vars:
AIRFLOW_CTX_DAG_OWNER=***
AIRFLOW_CTX_DAG_ID=ingest_data_bigquery_fhvhv
AIRFLOW_CTX_TASK_ID=local_to_gcs_task
AIRFLOW_CTX_EXECUTION_DATE=2020-03-02T06:00:00+00:00
AIRFLOW_CTX_DAG_RUN_ID=scheduled__2020-03-02T06:00:00+00:00
