[2024-05-03 15:56:53,558] {taskinstance.py:1032} INFO - Dependencies all met for <TaskInstance: ingest_data_bigquery_yt.download_dataset_task scheduled__2019-02-02T06:00:00+00:00 [queued]>
[2024-05-03 15:56:53,652] {taskinstance.py:1032} INFO - Dependencies all met for <TaskInstance: ingest_data_bigquery_yt.download_dataset_task scheduled__2019-02-02T06:00:00+00:00 [queued]>
[2024-05-03 15:56:53,652] {taskinstance.py:1238} INFO - 
--------------------------------------------------------------------------------
[2024-05-03 15:56:53,652] {taskinstance.py:1239} INFO - Starting attempt 3 of 3
[2024-05-03 15:56:53,652] {taskinstance.py:1240} INFO - 
--------------------------------------------------------------------------------
[2024-05-03 15:56:53,719] {taskinstance.py:1259} INFO - Executing <Task(BashOperator): download_dataset_task> on 2019-02-02 06:00:00+00:00
[2024-05-03 15:56:53,745] {standard_task_runner.py:52} INFO - Started process 129 to run task
[2024-05-03 15:56:53,772] {standard_task_runner.py:76} INFO - Running: ['***', 'tasks', 'run', 'ingest_data_bigquery_yt', 'download_dataset_task', 'scheduled__2019-02-02T06:00:00+00:00', '--job-id', '4146', '--raw', '--subdir', 'DAGS_FOLDER/data_ingstion_gcs_yt_dag.py', '--cfg-path', '/tmp/tmpvq_nldb7', '--error-file', '/tmp/tmphmjw8aah']
[2024-05-03 15:56:53,796] {standard_task_runner.py:77} INFO - Job 4146: Subtask download_dataset_task
[2024-05-03 15:56:54,539] {logging_mixin.py:109} INFO - Running <TaskInstance: ingest_data_bigquery_yt.download_dataset_task scheduled__2019-02-02T06:00:00+00:00 [running]> on host f603d4872b21
[2024-05-03 15:56:54,946] {warnings.py:99} WARNING - /home/***/.local/lib/python3.6/site-packages/***/utils/context.py:152: AirflowContextDeprecationWarning: Accessing 'execution_date' from the template is deprecated and will be removed in a future version. Please use 'data_interval_start' or 'logical_date' instead.
  warnings.warn(_create_deprecation_warning(key, self._deprecation_replacements[key]))

[2024-05-03 15:56:55,140] {taskinstance.py:1426} INFO - Exporting the following env vars:
AIRFLOW_CTX_DAG_OWNER=***
AIRFLOW_CTX_DAG_ID=ingest_data_bigquery_yt
AIRFLOW_CTX_TASK_ID=download_dataset_task
AIRFLOW_CTX_EXECUTION_DATE=2019-02-02T06:00:00+00:00
AIRFLOW_CTX_DAG_RUN_ID=scheduled__2019-02-02T06:00:00+00:00
[2024-05-03 15:56:55,149] {subprocess.py:62} INFO - Tmp dir root location: 
 /tmp
[2024-05-03 15:56:55,159] {subprocess.py:74} INFO - Running command: ['bash', '-c', 'curl -sSL https://github.com/DataTalksClub/nyc-tlc-data/releases/download/yellow/yellow_tripdata_2019-02.csv.gz > /opt/***/raw_data/yellowtaxi_tripdata_2019-02.csv.gz && gunzip /opt/***/raw_data/yellowtaxi_tripdata_2019-02.csv.gz']
[2024-05-03 15:56:55,253] {subprocess.py:85} INFO - Output:
[2024-05-03 15:57:37,440] {subprocess.py:93} INFO - Command exited with return code 0
[2024-05-03 15:57:37,962] {taskinstance.py:1277} INFO - Marking task as SUCCESS. dag_id=ingest_data_bigquery_yt, task_id=download_dataset_task, execution_date=20190202T060000, start_date=20240503T155653, end_date=20240503T155737
[2024-05-03 15:57:38,264] {local_task_job.py:154} INFO - Task exited with return code 0
[2024-05-03 15:57:38,638] {local_task_job.py:264} INFO - 1 downstream tasks scheduled from follow-on schedule check
