[2024-05-12 12:42:49,661] {taskinstance.py:1032} INFO - Dependencies all met for <TaskInstance: ingest_data_bigquery_gt.bigquery_external_table_task scheduled__2021-04-02T06:00:00+00:00 [queued]>
[2024-05-12 12:42:49,699] {taskinstance.py:1032} INFO - Dependencies all met for <TaskInstance: ingest_data_bigquery_gt.bigquery_external_table_task scheduled__2021-04-02T06:00:00+00:00 [queued]>
[2024-05-12 12:42:49,699] {taskinstance.py:1238} INFO - 
--------------------------------------------------------------------------------
[2024-05-12 12:42:49,699] {taskinstance.py:1239} INFO - Starting attempt 1 of 3
[2024-05-12 12:42:49,699] {taskinstance.py:1240} INFO - 
--------------------------------------------------------------------------------
[2024-05-12 12:42:49,713] {taskinstance.py:1259} INFO - Executing <Task(BigQueryCreateExternalTableOperator): bigquery_external_table_task> on 2021-04-02 06:00:00+00:00
[2024-05-12 12:42:49,724] {standard_task_runner.py:52} INFO - Started process 1058 to run task
[2024-05-12 12:42:49,741] {standard_task_runner.py:76} INFO - Running: ['***', 'tasks', 'run', 'ingest_data_bigquery_gt', 'bigquery_external_table_task', 'scheduled__2021-04-02T06:00:00+00:00', '--job-id', '4903', '--raw', '--subdir', 'DAGS_FOLDER/data_ingestion_gcs_gt_dag .py', '--cfg-path', '/tmp/tmpjz74_n6i', '--error-file', '/tmp/tmpb_ufapnv']
[2024-05-12 12:42:49,745] {standard_task_runner.py:77} INFO - Job 4903: Subtask bigquery_external_table_task
[2024-05-12 12:42:49,880] {logging_mixin.py:109} INFO - Running <TaskInstance: ingest_data_bigquery_gt.bigquery_external_table_task scheduled__2021-04-02T06:00:00+00:00 [running]> on host 31858b145400
[2024-05-12 12:42:50,046] {taskinstance.py:1426} INFO - Exporting the following env vars:
AIRFLOW_CTX_DAG_OWNER=***
AIRFLOW_CTX_DAG_ID=ingest_data_bigquery_gt
AIRFLOW_CTX_TASK_ID=bigquery_external_table_task
AIRFLOW_CTX_EXECUTION_DATE=2021-04-02T06:00:00+00:00
AIRFLOW_CTX_DAG_RUN_ID=scheduled__2021-04-02T06:00:00+00:00
[2024-05-12 12:42:50,050] {crypto.py:82} WARNING - empty cryptography key - values will not be stored encrypted.
[2024-05-12 12:42:50,095] {warnings.py:99} WARNING - /home/***/.local/lib/python3.6/site-packages/***/providers/google/cloud/hooks/bigquery.py:637: DeprecationWarning: This method is deprecated. Please use `BigQueryHook.create_empty_table` method with passing the `table_resource` object. This gives more flexibility than this method.
  DeprecationWarning,

[2024-05-12 12:42:50,095] {bigquery.py:700} INFO - Creating external table: nyc_tlc_data.greentaxi_trips
[2024-05-12 12:42:50,439] {bigquery.py:704} INFO - External table created successfully: nyc_tlc_data.greentaxi_trips
[2024-05-12 12:42:50,459] {taskinstance.py:1277} INFO - Marking task as SUCCESS. dag_id=ingest_data_bigquery_gt, task_id=bigquery_external_table_task, execution_date=20210402T060000, start_date=20240512T124249, end_date=20240512T124250
[2024-05-12 12:42:50,513] {local_task_job.py:154} INFO - Task exited with return code 0
[2024-05-12 12:42:50,549] {local_task_job.py:264} INFO - 0 downstream tasks scheduled from follow-on schedule check
[2024-05-18 11:10:41,587] {taskinstance.py:1032} INFO - Dependencies all met for <TaskInstance: ingest_data_bigquery_gt.bigquery_external_table_task scheduled__2021-04-02T06:00:00+00:00 [queued]>
[2024-05-18 11:10:41,709] {taskinstance.py:1032} INFO - Dependencies all met for <TaskInstance: ingest_data_bigquery_gt.bigquery_external_table_task scheduled__2021-04-02T06:00:00+00:00 [queued]>
[2024-05-18 11:10:41,710] {taskinstance.py:1238} INFO - 
--------------------------------------------------------------------------------
[2024-05-18 11:10:41,710] {taskinstance.py:1239} INFO - Starting attempt 1 of 3
[2024-05-18 11:10:41,711] {taskinstance.py:1240} INFO - 
--------------------------------------------------------------------------------
[2024-05-18 11:10:41,905] {taskinstance.py:1259} INFO - Executing <Task(BigQueryCreateExternalTableOperator): bigquery_external_table_task> on 2021-04-02 06:00:00+00:00
[2024-05-18 11:10:41,969] {standard_task_runner.py:52} INFO - Started process 1595 to run task
[2024-05-18 11:10:42,001] {standard_task_runner.py:76} INFO - Running: ['***', 'tasks', 'run', 'ingest_data_bigquery_gt', 'bigquery_external_table_task', 'scheduled__2021-04-02T06:00:00+00:00', '--job-id', '4997', '--raw', '--subdir', 'DAGS_FOLDER/data_ingestion_gcs_gt_dag .py', '--cfg-path', '/tmp/tmp3b1nmok8', '--error-file', '/tmp/tmpsldy6pna']
[2024-05-18 11:10:42,068] {standard_task_runner.py:77} INFO - Job 4997: Subtask bigquery_external_table_task
[2024-05-18 11:10:42,493] {logging_mixin.py:109} INFO - Running <TaskInstance: ingest_data_bigquery_gt.bigquery_external_table_task scheduled__2021-04-02T06:00:00+00:00 [running]> on host 45b18388e83d
[2024-05-18 11:10:42,959] {taskinstance.py:1426} INFO - Exporting the following env vars:
AIRFLOW_CTX_DAG_OWNER=***
AIRFLOW_CTX_DAG_ID=ingest_data_bigquery_gt
AIRFLOW_CTX_TASK_ID=bigquery_external_table_task
AIRFLOW_CTX_EXECUTION_DATE=2021-04-02T06:00:00+00:00
AIRFLOW_CTX_DAG_RUN_ID=scheduled__2021-04-02T06:00:00+00:00
[2024-05-18 11:10:42,968] {crypto.py:82} WARNING - empty cryptography key - values will not be stored encrypted.
[2024-05-18 11:10:42,983] {warnings.py:99} WARNING - /home/***/.local/lib/python3.6/site-packages/***/providers/google/cloud/hooks/bigquery.py:637: DeprecationWarning: This method is deprecated. Please use `BigQueryHook.create_empty_table` method with passing the `table_resource` object. This gives more flexibility than this method.
  DeprecationWarning,

[2024-05-18 11:10:42,985] {bigquery.py:700} INFO - Creating external table: nyc_tlc_data.greentaxi_trips
[2024-05-18 11:10:43,434] {bigquery.py:704} INFO - External table created successfully: nyc_tlc_data.greentaxi_trips
[2024-05-18 11:10:43,496] {taskinstance.py:1277} INFO - Marking task as SUCCESS. dag_id=ingest_data_bigquery_gt, task_id=bigquery_external_table_task, execution_date=20210402T060000, start_date=20240518T111041, end_date=20240518T111043
[2024-05-18 11:10:43,745] {local_task_job.py:154} INFO - Task exited with return code 0
[2024-05-18 11:10:43,880] {local_task_job.py:264} INFO - 0 downstream tasks scheduled from follow-on schedule check
