[2024-05-18 12:33:19,404] {taskinstance.py:1032} INFO - Dependencies all met for <TaskInstance: ingest_data_bigquery_fhv.download_dataset_task scheduled__2021-05-02T06:00:00+00:00 [queued]>
[2024-05-18 12:33:19,417] {taskinstance.py:1032} INFO - Dependencies all met for <TaskInstance: ingest_data_bigquery_fhv.download_dataset_task scheduled__2021-05-02T06:00:00+00:00 [queued]>
[2024-05-18 12:33:19,417] {taskinstance.py:1238} INFO - 
--------------------------------------------------------------------------------
[2024-05-18 12:33:19,417] {taskinstance.py:1239} INFO - Starting attempt 1 of 3
[2024-05-18 12:33:19,417] {taskinstance.py:1240} INFO - 
--------------------------------------------------------------------------------
[2024-05-18 12:33:19,430] {taskinstance.py:1259} INFO - Executing <Task(BashOperator): download_dataset_task> on 2021-05-02 06:00:00+00:00
[2024-05-18 12:33:19,438] {standard_task_runner.py:52} INFO - Started process 5893 to run task
[2024-05-18 12:33:19,443] {standard_task_runner.py:76} INFO - Running: ['***', 'tasks', 'run', 'ingest_data_bigquery_fhv', 'download_dataset_task', 'scheduled__2021-05-02T06:00:00+00:00', '--job-id', '5092', '--raw', '--subdir', 'DAGS_FOLDER/data_ingestion_gcs_fhv_dag .py', '--cfg-path', '/tmp/tmpt2y8wpfo', '--error-file', '/tmp/tmpp5eq4si8']
[2024-05-18 12:33:19,447] {standard_task_runner.py:77} INFO - Job 5092: Subtask download_dataset_task
[2024-05-18 12:33:19,514] {logging_mixin.py:109} INFO - Running <TaskInstance: ingest_data_bigquery_fhv.download_dataset_task scheduled__2021-05-02T06:00:00+00:00 [running]> on host 45b18388e83d
[2024-05-18 12:33:19,558] {warnings.py:99} WARNING - /home/***/.local/lib/python3.6/site-packages/***/utils/context.py:152: AirflowContextDeprecationWarning: Accessing 'execution_date' from the template is deprecated and will be removed in a future version. Please use 'data_interval_start' or 'logical_date' instead.
  warnings.warn(_create_deprecation_warning(key, self._deprecation_replacements[key]))

[2024-05-18 12:33:19,589] {taskinstance.py:1426} INFO - Exporting the following env vars:
AIRFLOW_CTX_DAG_OWNER=***
AIRFLOW_CTX_DAG_ID=ingest_data_bigquery_fhv
AIRFLOW_CTX_TASK_ID=download_dataset_task
AIRFLOW_CTX_EXECUTION_DATE=2021-05-02T06:00:00+00:00
AIRFLOW_CTX_DAG_RUN_ID=scheduled__2021-05-02T06:00:00+00:00
[2024-05-18 12:33:19,590] {subprocess.py:62} INFO - Tmp dir root location: 
 /tmp
[2024-05-18 12:33:19,591] {subprocess.py:74} INFO - Running command: ['bash', '-c', 'curl -sSL https://github.com/DataTalksClub/nyc-tlc-data/releases/download/fhv/fhv_tripdata_2021-05.csv.gz > /opt/***/raw_data/fhvtaxi_tripdata_2021-05.csv.gz && gunzip /opt/***/raw_data/fhvtaxi_tripdata_2021-05.csv.gz']
[2024-05-18 12:33:19,612] {subprocess.py:85} INFO - Output:
[2024-05-18 12:33:23,908] {subprocess.py:93} INFO - Command exited with return code 0
[2024-05-18 12:33:23,968] {taskinstance.py:1277} INFO - Marking task as SUCCESS. dag_id=ingest_data_bigquery_fhv, task_id=download_dataset_task, execution_date=20210502T060000, start_date=20240518T123319, end_date=20240518T123323
[2024-05-18 12:33:24,053] {local_task_job.py:154} INFO - Task exited with return code 0
[2024-05-18 12:33:24,157] {local_task_job.py:264} INFO - 1 downstream tasks scheduled from follow-on schedule check
[2024-05-18 12:59:40,477] {taskinstance.py:1032} INFO - Dependencies all met for <TaskInstance: ingest_data_bigquery_fhv.download_dataset_task scheduled__2021-05-02T06:00:00+00:00 [queued]>
[2024-05-18 12:59:40,493] {taskinstance.py:1032} INFO - Dependencies all met for <TaskInstance: ingest_data_bigquery_fhv.download_dataset_task scheduled__2021-05-02T06:00:00+00:00 [queued]>
[2024-05-18 12:59:40,493] {taskinstance.py:1238} INFO - 
--------------------------------------------------------------------------------
[2024-05-18 12:59:40,494] {taskinstance.py:1239} INFO - Starting attempt 1 of 3
[2024-05-18 12:59:40,494] {taskinstance.py:1240} INFO - 
--------------------------------------------------------------------------------
[2024-05-18 12:59:40,521] {taskinstance.py:1259} INFO - Executing <Task(BashOperator): download_dataset_task> on 2021-05-02 06:00:00+00:00
[2024-05-18 12:59:40,535] {standard_task_runner.py:52} INFO - Started process 7614 to run task
[2024-05-18 12:59:40,541] {standard_task_runner.py:76} INFO - Running: ['***', 'tasks', 'run', 'ingest_data_bigquery_fhv', 'download_dataset_task', 'scheduled__2021-05-02T06:00:00+00:00', '--job-id', '5205', '--raw', '--subdir', 'DAGS_FOLDER/data_ingestion_gcs_fhv_dag .py', '--cfg-path', '/tmp/tmp1tm89doz', '--error-file', '/tmp/tmpuxr5w1tr']
[2024-05-18 12:59:40,546] {standard_task_runner.py:77} INFO - Job 5205: Subtask download_dataset_task
[2024-05-18 12:59:40,635] {logging_mixin.py:109} INFO - Running <TaskInstance: ingest_data_bigquery_fhv.download_dataset_task scheduled__2021-05-02T06:00:00+00:00 [running]> on host 45b18388e83d
[2024-05-18 12:59:40,692] {warnings.py:99} WARNING - /home/***/.local/lib/python3.6/site-packages/***/utils/context.py:152: AirflowContextDeprecationWarning: Accessing 'execution_date' from the template is deprecated and will be removed in a future version. Please use 'data_interval_start' or 'logical_date' instead.
  warnings.warn(_create_deprecation_warning(key, self._deprecation_replacements[key]))

[2024-05-18 12:59:40,724] {taskinstance.py:1426} INFO - Exporting the following env vars:
AIRFLOW_CTX_DAG_OWNER=***
AIRFLOW_CTX_DAG_ID=ingest_data_bigquery_fhv
AIRFLOW_CTX_TASK_ID=download_dataset_task
AIRFLOW_CTX_EXECUTION_DATE=2021-05-02T06:00:00+00:00
AIRFLOW_CTX_DAG_RUN_ID=scheduled__2021-05-02T06:00:00+00:00
[2024-05-18 12:59:40,726] {subprocess.py:62} INFO - Tmp dir root location: 
 /tmp
[2024-05-18 12:59:40,727] {subprocess.py:74} INFO - Running command: ['bash', '-c', 'curl -sSL https://github.com/DataTalksClub/nyc-tlc-data/releases/download/fhv/fhv_tripdata_2021-05.csv.gz > /opt/***/raw_data/fhvtaxi_tripdata_2021-05.csv.gz && gunzip /opt/***/raw_data/fhvtaxi_tripdata_2021-05.csv.gz']
[2024-05-18 12:59:40,756] {subprocess.py:85} INFO - Output:
[2024-05-18 12:59:46,109] {subprocess.py:93} INFO - Command exited with return code 0
[2024-05-18 12:59:46,152] {taskinstance.py:1277} INFO - Marking task as SUCCESS. dag_id=ingest_data_bigquery_fhv, task_id=download_dataset_task, execution_date=20210502T060000, start_date=20240518T125940, end_date=20240518T125946
[2024-05-18 12:59:46,224] {local_task_job.py:154} INFO - Task exited with return code 0
[2024-05-18 12:59:46,277] {local_task_job.py:264} INFO - 1 downstream tasks scheduled from follow-on schedule check
[2024-05-18 13:04:56,116] {taskinstance.py:1032} INFO - Dependencies all met for <TaskInstance: ingest_data_bigquery_fhv.download_dataset_task scheduled__2021-05-02T06:00:00+00:00 [queued]>
[2024-05-18 13:04:56,166] {taskinstance.py:1032} INFO - Dependencies all met for <TaskInstance: ingest_data_bigquery_fhv.download_dataset_task scheduled__2021-05-02T06:00:00+00:00 [queued]>
[2024-05-18 13:04:56,312] {taskinstance.py:1238} INFO - 
--------------------------------------------------------------------------------
[2024-05-18 13:04:56,314] {taskinstance.py:1239} INFO - Starting attempt 1 of 3
[2024-05-18 13:04:56,315] {taskinstance.py:1240} INFO - 
--------------------------------------------------------------------------------
[2024-05-18 13:04:56,964] {taskinstance.py:1259} INFO - Executing <Task(BashOperator): download_dataset_task> on 2021-05-02 06:00:00+00:00
[2024-05-18 13:04:57,034] {standard_task_runner.py:76} INFO - Running: ['***', 'tasks', 'run', 'ingest_data_bigquery_fhv', 'download_dataset_task', 'scheduled__2021-05-02T06:00:00+00:00', '--job-id', '5284', '--raw', '--subdir', 'DAGS_FOLDER/data_ingestion_gcs_fhv_dag .py', '--cfg-path', '/tmp/tmpcfv7nci0', '--error-file', '/tmp/tmp5qkmojj0']
[2024-05-18 13:04:57,156] {standard_task_runner.py:77} INFO - Job 5284: Subtask download_dataset_task
[2024-05-18 13:04:57,042] {standard_task_runner.py:52} INFO - Started process 8265 to run task
[2024-05-18 13:04:58,071] {logging_mixin.py:109} INFO - Running <TaskInstance: ingest_data_bigquery_fhv.download_dataset_task scheduled__2021-05-02T06:00:00+00:00 [running]> on host 45b18388e83d
[2024-05-18 13:04:59,071] {warnings.py:99} WARNING - /home/***/.local/lib/python3.6/site-packages/***/utils/context.py:152: AirflowContextDeprecationWarning: Accessing 'execution_date' from the template is deprecated and will be removed in a future version. Please use 'data_interval_start' or 'logical_date' instead.
  warnings.warn(_create_deprecation_warning(key, self._deprecation_replacements[key]))

[2024-05-18 13:04:59,201] {taskinstance.py:1426} INFO - Exporting the following env vars:
AIRFLOW_CTX_DAG_OWNER=***
AIRFLOW_CTX_DAG_ID=ingest_data_bigquery_fhv
AIRFLOW_CTX_TASK_ID=download_dataset_task
AIRFLOW_CTX_EXECUTION_DATE=2021-05-02T06:00:00+00:00
AIRFLOW_CTX_DAG_RUN_ID=scheduled__2021-05-02T06:00:00+00:00
[2024-05-18 13:04:59,210] {subprocess.py:62} INFO - Tmp dir root location: 
 /tmp
[2024-05-18 13:04:59,242] {subprocess.py:74} INFO - Running command: ['bash', '-c', 'curl -sSL https://github.com/DataTalksClub/nyc-tlc-data/releases/download/fhv/fhv_tripdata_2021-05.csv.gz > /opt/***/raw_data/fhvtaxi_tripdata_2021-05.csv.gz && gunzip /opt/***/raw_data/fhvtaxi_tripdata_2021-05.csv.gz']
[2024-05-18 13:04:59,518] {subprocess.py:85} INFO - Output:
[2024-05-18 13:05:03,928] {subprocess.py:93} INFO - Command exited with return code 0
[2024-05-18 13:05:03,986] {taskinstance.py:1277} INFO - Marking task as SUCCESS. dag_id=ingest_data_bigquery_fhv, task_id=download_dataset_task, execution_date=20210502T060000, start_date=20240518T130456, end_date=20240518T130503
[2024-05-18 13:05:04,054] {local_task_job.py:154} INFO - Task exited with return code 0
[2024-05-18 13:05:04,200] {local_task_job.py:264} INFO - 1 downstream tasks scheduled from follow-on schedule check
[2024-05-18 13:15:13,193] {taskinstance.py:1032} INFO - Dependencies all met for <TaskInstance: ingest_data_bigquery_fhv.download_dataset_task scheduled__2021-05-02T06:00:00+00:00 [queued]>
[2024-05-18 13:15:13,226] {taskinstance.py:1032} INFO - Dependencies all met for <TaskInstance: ingest_data_bigquery_fhv.download_dataset_task scheduled__2021-05-02T06:00:00+00:00 [queued]>
[2024-05-18 13:15:13,227] {taskinstance.py:1238} INFO - 
--------------------------------------------------------------------------------
[2024-05-18 13:15:13,234] {taskinstance.py:1239} INFO - Starting attempt 1 of 3
[2024-05-18 13:15:13,235] {taskinstance.py:1240} INFO - 
--------------------------------------------------------------------------------
[2024-05-18 13:15:13,263] {taskinstance.py:1259} INFO - Executing <Task(BashOperator): download_dataset_task> on 2021-05-02 06:00:00+00:00
[2024-05-18 13:15:13,306] {standard_task_runner.py:76} INFO - Running: ['***', 'tasks', 'run', 'ingest_data_bigquery_fhv', 'download_dataset_task', 'scheduled__2021-05-02T06:00:00+00:00', '--job-id', '5385', '--raw', '--subdir', 'DAGS_FOLDER/data_ingestion_gcs_fhv_dag .py', '--cfg-path', '/tmp/tmpkbazlhqi', '--error-file', '/tmp/tmpdnfw2961']
[2024-05-18 13:15:13,327] {standard_task_runner.py:77} INFO - Job 5385: Subtask download_dataset_task
[2024-05-18 13:15:13,292] {standard_task_runner.py:52} INFO - Started process 9273 to run task
[2024-05-18 13:15:13,660] {logging_mixin.py:109} INFO - Running <TaskInstance: ingest_data_bigquery_fhv.download_dataset_task scheduled__2021-05-02T06:00:00+00:00 [running]> on host 45b18388e83d
[2024-05-18 13:15:13,776] {warnings.py:99} WARNING - /home/***/.local/lib/python3.6/site-packages/***/utils/context.py:152: AirflowContextDeprecationWarning: Accessing 'execution_date' from the template is deprecated and will be removed in a future version. Please use 'data_interval_start' or 'logical_date' instead.
  warnings.warn(_create_deprecation_warning(key, self._deprecation_replacements[key]))

[2024-05-18 13:15:13,852] {taskinstance.py:1426} INFO - Exporting the following env vars:
AIRFLOW_CTX_DAG_OWNER=***
AIRFLOW_CTX_DAG_ID=ingest_data_bigquery_fhv
AIRFLOW_CTX_TASK_ID=download_dataset_task
AIRFLOW_CTX_EXECUTION_DATE=2021-05-02T06:00:00+00:00
AIRFLOW_CTX_DAG_RUN_ID=scheduled__2021-05-02T06:00:00+00:00
[2024-05-18 13:15:13,853] {subprocess.py:62} INFO - Tmp dir root location: 
 /tmp
[2024-05-18 13:15:13,860] {subprocess.py:74} INFO - Running command: ['bash', '-c', 'curl -sSL https://github.com/DataTalksClub/nyc-tlc-data/releases/download/fhv/fhv_tripdata_2021-05.csv.gz > /opt/***/raw_data/fhvtaxi_tripdata_2021-05.csv.gz && gunzip /opt/***/raw_data/fhvtaxi_tripdata_2021-05.csv.gz']
[2024-05-18 13:15:13,962] {subprocess.py:85} INFO - Output:
[2024-05-18 13:15:19,612] {subprocess.py:93} INFO - Command exited with return code 0
[2024-05-18 13:15:19,962] {taskinstance.py:1277} INFO - Marking task as SUCCESS. dag_id=ingest_data_bigquery_fhv, task_id=download_dataset_task, execution_date=20210502T060000, start_date=20240518T131513, end_date=20240518T131519
[2024-05-18 13:15:20,047] {local_task_job.py:154} INFO - Task exited with return code 0
[2024-05-18 13:15:20,201] {local_task_job.py:264} INFO - 1 downstream tasks scheduled from follow-on schedule check
