[2024-03-28 15:44:37,460] {taskinstance.py:1032} INFO - Dependencies all met for <TaskInstance: ingest_data_postgres.download_dataset_task scheduled__2021-01-07T00:00:00+00:00 [queued]>
[2024-03-28 15:44:37,479] {taskinstance.py:1032} INFO - Dependencies all met for <TaskInstance: ingest_data_postgres.download_dataset_task scheduled__2021-01-07T00:00:00+00:00 [queued]>
[2024-03-28 15:44:37,479] {taskinstance.py:1238} INFO - 
--------------------------------------------------------------------------------
[2024-03-28 15:44:37,479] {taskinstance.py:1239} INFO - Starting attempt 1 of 4
[2024-03-28 15:44:37,479] {taskinstance.py:1240} INFO - 
--------------------------------------------------------------------------------
[2024-03-28 15:44:37,498] {taskinstance.py:1259} INFO - Executing <Task(BashOperator): download_dataset_task> on 2021-01-07 00:00:00+00:00
[2024-03-28 15:44:37,506] {standard_task_runner.py:52} INFO - Started process 3068 to run task
[2024-03-28 15:44:37,521] {standard_task_runner.py:76} INFO - Running: ['***', 'tasks', 'run', 'ingest_data_postgres', 'download_dataset_task', 'scheduled__2021-01-07T00:00:00+00:00', '--job-id', '1207', '--raw', '--subdir', 'DAGS_FOLDER/data_ingestion_dag.py', '--cfg-path', '/tmp/tmpg59w8jke', '--error-file', '/tmp/tmp9lvtsnww']
[2024-03-28 15:44:37,522] {standard_task_runner.py:77} INFO - Job 1207: Subtask download_dataset_task
[2024-03-28 15:44:37,632] {logging_mixin.py:109} INFO - Running <TaskInstance: ingest_data_postgres.download_dataset_task scheduled__2021-01-07T00:00:00+00:00 [running]> on host 05f84def3a12
[2024-03-28 15:44:37,701] {warnings.py:99} WARNING - /home/***/.local/lib/python3.6/site-packages/***/utils/context.py:152: AirflowContextDeprecationWarning: Accessing 'execution_date' from the template is deprecated and will be removed in a future version. Please use 'data_interval_start' or 'logical_date' instead.
  warnings.warn(_create_deprecation_warning(key, self._deprecation_replacements[key]))

[2024-03-28 15:44:37,745] {taskinstance.py:1426} INFO - Exporting the following env vars:
AIRFLOW_CTX_DAG_OWNER=***
AIRFLOW_CTX_DAG_ID=ingest_data_postgres
AIRFLOW_CTX_TASK_ID=download_dataset_task
AIRFLOW_CTX_EXECUTION_DATE=2021-01-07T00:00:00+00:00
AIRFLOW_CTX_DAG_RUN_ID=scheduled__2021-01-07T00:00:00+00:00
[2024-03-28 15:44:37,747] {subprocess.py:62} INFO - Tmp dir root location: 
 /tmp
[2024-03-28 15:44:37,750] {subprocess.py:74} INFO - Running command: ['bash', '-c', 'curl -sSL https://d37ci6vzurychx.cloudfront.net/trip-data/yellow_tripdata_2021-01.parquet > /opt/***/yellowtaxi_tripdata_2021-01.parquet']
[2024-03-28 15:44:37,779] {subprocess.py:85} INFO - Output:
[2024-03-28 15:44:41,613] {subprocess.py:93} INFO - Command exited with return code 0
[2024-03-28 15:44:41,733] {taskinstance.py:1277} INFO - Marking task as SUCCESS. dag_id=ingest_data_postgres, task_id=download_dataset_task, execution_date=20210107T000000, start_date=20240328T154437, end_date=20240328T154441
[2024-03-28 15:44:41,787] {local_task_job.py:154} INFO - Task exited with return code 0
[2024-03-28 15:44:41,910] {local_task_job.py:264} INFO - 1 downstream tasks scheduled from follow-on schedule check
