[2024-03-26 14:34:13,661] {taskinstance.py:1032} INFO - Dependencies all met for <TaskInstance: LocalIngestionDag.wget scheduled__2021-01-02T06:00:00+00:00 [queued]>
[2024-03-26 14:34:13,759] {taskinstance.py:1032} INFO - Dependencies all met for <TaskInstance: LocalIngestionDag.wget scheduled__2021-01-02T06:00:00+00:00 [queued]>
[2024-03-26 14:34:13,759] {taskinstance.py:1238} INFO - 
--------------------------------------------------------------------------------
[2024-03-26 14:34:13,759] {taskinstance.py:1239} INFO - Starting attempt 1 of 1
[2024-03-26 14:34:13,759] {taskinstance.py:1240} INFO - 
--------------------------------------------------------------------------------
[2024-03-26 14:34:13,844] {taskinstance.py:1259} INFO - Executing <Task(BashOperator): wget> on 2021-01-02 06:00:00+00:00
[2024-03-26 14:34:13,856] {standard_task_runner.py:52} INFO - Started process 121 to run task
[2024-03-26 14:34:13,877] {standard_task_runner.py:76} INFO - Running: ['***', 'tasks', 'run', 'LocalIngestionDag', 'wget', 'scheduled__2021-01-02T06:00:00+00:00', '--job-id', '141', '--raw', '--subdir', 'DAGS_FOLDER/data_ingestion_local.py', '--cfg-path', '/tmp/tmp5g4dkk0b', '--error-file', '/tmp/tmp9eos6q81']
[2024-03-26 14:34:13,878] {standard_task_runner.py:77} INFO - Job 141: Subtask wget
[2024-03-26 14:34:14,183] {logging_mixin.py:109} INFO - Running <TaskInstance: LocalIngestionDag.wget scheduled__2021-01-02T06:00:00+00:00 [running]> on host 55b5831905d1
[2024-03-26 14:34:14,297] {warnings.py:99} WARNING - /home/***/.local/lib/python3.6/site-packages/***/utils/context.py:152: AirflowContextDeprecationWarning: Accessing 'execution_date' from the template is deprecated and will be removed in a future version. Please use 'data_interval_start' or 'logical_date' instead.
  warnings.warn(_create_deprecation_warning(key, self._deprecation_replacements[key]))

[2024-03-26 14:34:14,389] {taskinstance.py:1426} INFO - Exporting the following env vars:
AIRFLOW_CTX_DAG_OWNER=***
AIRFLOW_CTX_DAG_ID=LocalIngestionDag
AIRFLOW_CTX_TASK_ID=wget
AIRFLOW_CTX_EXECUTION_DATE=2021-01-02T06:00:00+00:00
AIRFLOW_CTX_DAG_RUN_ID=scheduled__2021-01-02T06:00:00+00:00
[2024-03-26 14:34:14,390] {subprocess.py:62} INFO - Tmp dir root location: 
 /tmp
[2024-03-26 14:34:14,391] {subprocess.py:74} INFO - Running command: ['bash', '-c', 'curl -sSL https://s3.amazonaws.com/nyc-tlc/trip+data/yellow_tripdata_2021-01.csv > /opt/***/output_2021-01.csv']
[2024-03-26 14:34:14,446] {subprocess.py:85} INFO - Output:
[2024-03-26 14:34:15,493] {subprocess.py:93} INFO - Command exited with return code 0
[2024-03-26 14:34:15,561] {taskinstance.py:1277} INFO - Marking task as SUCCESS. dag_id=LocalIngestionDag, task_id=wget, execution_date=20210102T060000, start_date=20240326T143413, end_date=20240326T143415
[2024-03-26 14:34:15,681] {local_task_job.py:154} INFO - Task exited with return code 0
[2024-03-26 14:34:15,877] {local_task_job.py:264} INFO - 1 downstream tasks scheduled from follow-on schedule check
[2024-03-26 15:29:52,756] {taskinstance.py:1032} INFO - Dependencies all met for <TaskInstance: LocalIngestionDag.wget scheduled__2021-01-02T06:00:00+00:00 [queued]>
[2024-03-26 15:29:52,785] {taskinstance.py:1032} INFO - Dependencies all met for <TaskInstance: LocalIngestionDag.wget scheduled__2021-01-02T06:00:00+00:00 [queued]>
[2024-03-26 15:29:52,786] {taskinstance.py:1238} INFO - 
--------------------------------------------------------------------------------
[2024-03-26 15:29:52,787] {taskinstance.py:1239} INFO - Starting attempt 1 of 1
[2024-03-26 15:29:52,787] {taskinstance.py:1240} INFO - 
--------------------------------------------------------------------------------
[2024-03-26 15:29:52,815] {taskinstance.py:1259} INFO - Executing <Task(BashOperator): wget> on 2021-01-02 06:00:00+00:00
[2024-03-26 15:29:52,829] {standard_task_runner.py:52} INFO - Started process 868 to run task
[2024-03-26 15:29:52,840] {standard_task_runner.py:76} INFO - Running: ['***', 'tasks', 'run', 'LocalIngestionDag', 'wget', 'scheduled__2021-01-02T06:00:00+00:00', '--job-id', '261', '--raw', '--subdir', 'DAGS_FOLDER/data_ingestion_local.py', '--cfg-path', '/tmp/tmpoed_y96t', '--error-file', '/tmp/tmpfvl1bf08']
[2024-03-26 15:29:52,841] {standard_task_runner.py:77} INFO - Job 261: Subtask wget
[2024-03-26 15:29:53,000] {logging_mixin.py:109} INFO - Running <TaskInstance: LocalIngestionDag.wget scheduled__2021-01-02T06:00:00+00:00 [running]> on host 153a478eba08
[2024-03-26 15:29:53,101] {warnings.py:99} WARNING - /home/***/.local/lib/python3.6/site-packages/***/utils/context.py:152: AirflowContextDeprecationWarning: Accessing 'execution_date' from the template is deprecated and will be removed in a future version. Please use 'data_interval_start' or 'logical_date' instead.
  warnings.warn(_create_deprecation_warning(key, self._deprecation_replacements[key]))

[2024-03-26 15:29:53,170] {taskinstance.py:1426} INFO - Exporting the following env vars:
AIRFLOW_CTX_DAG_OWNER=***
AIRFLOW_CTX_DAG_ID=LocalIngestionDag
AIRFLOW_CTX_TASK_ID=wget
AIRFLOW_CTX_EXECUTION_DATE=2021-01-02T06:00:00+00:00
AIRFLOW_CTX_DAG_RUN_ID=scheduled__2021-01-02T06:00:00+00:00
[2024-03-26 15:29:53,171] {subprocess.py:62} INFO - Tmp dir root location: 
 /tmp
[2024-03-26 15:29:53,172] {subprocess.py:74} INFO - Running command: ['bash', '-c', 'curl -sSL https://s3.amazonaws.com/nyc-tlc/trip+data/yellow_tripdata_2021-01.csv > /opt/***/output_2021-01.csv']
[2024-03-26 15:29:53,216] {subprocess.py:85} INFO - Output:
[2024-03-26 15:29:54,168] {subprocess.py:93} INFO - Command exited with return code 0
[2024-03-26 15:29:54,270] {taskinstance.py:1277} INFO - Marking task as SUCCESS. dag_id=LocalIngestionDag, task_id=wget, execution_date=20210102T060000, start_date=20240326T152952, end_date=20240326T152954
[2024-03-26 15:29:54,409] {local_task_job.py:154} INFO - Task exited with return code 0
[2024-03-26 15:29:54,742] {local_task_job.py:264} INFO - 0 downstream tasks scheduled from follow-on schedule check
