[2024-05-19 09:59:39,621] {taskinstance.py:1032} INFO - Dependencies all met for <TaskInstance: ingest_data_bigquery_fhvhv.local_to_gcs_task scheduled__2019-04-02T06:00:00+00:00 [queued]>
[2024-05-19 09:59:39,646] {taskinstance.py:1032} INFO - Dependencies all met for <TaskInstance: ingest_data_bigquery_fhvhv.local_to_gcs_task scheduled__2019-04-02T06:00:00+00:00 [queued]>
[2024-05-19 09:59:39,648] {taskinstance.py:1238} INFO - 
--------------------------------------------------------------------------------
[2024-05-19 09:59:39,648] {taskinstance.py:1239} INFO - Starting attempt 7 of 9
[2024-05-19 09:59:39,649] {taskinstance.py:1240} INFO - 
--------------------------------------------------------------------------------
[2024-05-19 09:59:39,680] {taskinstance.py:1259} INFO - Executing <Task(PythonOperator): local_to_gcs_task> on 2019-04-02 06:00:00+00:00
[2024-05-19 09:59:39,696] {standard_task_runner.py:52} INFO - Started process 818 to run task
[2024-05-19 09:59:39,712] {standard_task_runner.py:76} INFO - Running: ['***', 'tasks', 'run', 'ingest_data_bigquery_fhvhv', 'local_to_gcs_task', 'scheduled__2019-04-02T06:00:00+00:00', '--job-id', '5557', '--raw', '--subdir', 'DAGS_FOLDER/data_ingestion_gcs_fhvhv_dag.py', '--cfg-path', '/tmp/tmpncs0au4e', '--error-file', '/tmp/tmp3d0dp_6t']
[2024-05-19 09:59:39,718] {standard_task_runner.py:77} INFO - Job 5557: Subtask local_to_gcs_task
[2024-05-19 09:59:39,811] {logging_mixin.py:109} INFO - Running <TaskInstance: ingest_data_bigquery_fhvhv.local_to_gcs_task scheduled__2019-04-02T06:00:00+00:00 [running]> on host 21ddcf4b9b7e
[2024-05-19 09:59:39,874] {warnings.py:99} WARNING - /home/***/.local/lib/python3.6/site-packages/***/utils/context.py:152: AirflowContextDeprecationWarning: Accessing 'execution_date' from the template is deprecated and will be removed in a future version. Please use 'data_interval_start' or 'logical_date' instead.
  warnings.warn(_create_deprecation_warning(key, self._deprecation_replacements[key]))

[2024-05-19 09:59:39,917] {taskinstance.py:1426} INFO - Exporting the following env vars:
AIRFLOW_CTX_DAG_OWNER=***
AIRFLOW_CTX_DAG_ID=ingest_data_bigquery_fhvhv
AIRFLOW_CTX_TASK_ID=local_to_gcs_task
AIRFLOW_CTX_EXECUTION_DATE=2019-04-02T06:00:00+00:00
AIRFLOW_CTX_DAG_RUN_ID=scheduled__2019-04-02T06:00:00+00:00
[2024-05-19 10:00:16,483] {local_task_job.py:154} INFO - Task exited with return code Negsignal.SIGKILL
[2024-05-19 10:00:16,629] {taskinstance.py:1277} INFO - Marking task as UP_FOR_RETRY. dag_id=ingest_data_bigquery_fhvhv, task_id=local_to_gcs_task, execution_date=20190402T060000, start_date=20240519T095939, end_date=20240519T100016
[2024-05-19 10:00:16,859] {local_task_job.py:264} INFO - 0 downstream tasks scheduled from follow-on schedule check
