[2024-05-03 17:14:11,168] {taskinstance.py:1032} INFO - Dependencies all met for <TaskInstance: ingest_data_bigquery_yt.local_to_gcs_task scheduled__2019-10-02T06:00:00+00:00 [queued]>
[2024-05-03 17:14:11,275] {taskinstance.py:1032} INFO - Dependencies all met for <TaskInstance: ingest_data_bigquery_yt.local_to_gcs_task scheduled__2019-10-02T06:00:00+00:00 [queued]>
[2024-05-03 17:14:11,287] {taskinstance.py:1238} INFO - 
--------------------------------------------------------------------------------
[2024-05-03 17:14:11,295] {taskinstance.py:1239} INFO - Starting attempt 2 of 3
[2024-05-03 17:14:11,296] {taskinstance.py:1240} INFO - 
--------------------------------------------------------------------------------
[2024-05-03 17:14:11,416] {taskinstance.py:1259} INFO - Executing <Task(PythonOperator): local_to_gcs_task> on 2019-10-02 06:00:00+00:00
[2024-05-03 17:14:11,493] {standard_task_runner.py:52} INFO - Started process 1033 to run task
[2024-05-03 17:14:11,584] {standard_task_runner.py:76} INFO - Running: ['***', 'tasks', 'run', 'ingest_data_bigquery_yt', 'local_to_gcs_task', 'scheduled__2019-10-02T06:00:00+00:00', '--job-id', '4307', '--raw', '--subdir', 'DAGS_FOLDER/data_ingstion_gcs_yt_dag.py', '--cfg-path', '/tmp/tmpc8760fvm', '--error-file', '/tmp/tmp39e2th1h']
[2024-05-03 17:14:11,645] {standard_task_runner.py:77} INFO - Job 4307: Subtask local_to_gcs_task
[2024-05-03 17:14:12,209] {logging_mixin.py:109} INFO - Running <TaskInstance: ingest_data_bigquery_yt.local_to_gcs_task scheduled__2019-10-02T06:00:00+00:00 [running]> on host f0ab9bf9b587
[2024-05-03 17:14:12,599] {warnings.py:99} WARNING - /home/***/.local/lib/python3.6/site-packages/***/utils/context.py:152: AirflowContextDeprecationWarning: Accessing 'execution_date' from the template is deprecated and will be removed in a future version. Please use 'data_interval_start' or 'logical_date' instead.
  warnings.warn(_create_deprecation_warning(key, self._deprecation_replacements[key]))

[2024-05-03 17:14:12,816] {taskinstance.py:1426} INFO - Exporting the following env vars:
AIRFLOW_CTX_DAG_OWNER=***
AIRFLOW_CTX_DAG_ID=ingest_data_bigquery_yt
AIRFLOW_CTX_TASK_ID=local_to_gcs_task
AIRFLOW_CTX_EXECUTION_DATE=2019-10-02T06:00:00+00:00
AIRFLOW_CTX_DAG_RUN_ID=scheduled__2019-10-02T06:00:00+00:00
[2024-05-03 17:39:20,308] {local_task_job.py:154} INFO - Task exited with return code Negsignal.SIGKILL
[2024-05-03 17:39:20,850] {taskinstance.py:1277} INFO - Marking task as UP_FOR_RETRY. dag_id=ingest_data_bigquery_yt, task_id=local_to_gcs_task, execution_date=20191002T060000, start_date=20240503T171411, end_date=20240503T173920
[2024-05-03 17:39:21,231] {local_task_job.py:264} INFO - 0 downstream tasks scheduled from follow-on schedule check
[2024-05-05 13:43:03,222] {taskinstance.py:1032} INFO - Dependencies all met for <TaskInstance: ingest_data_bigquery_yt.local_to_gcs_task scheduled__2019-10-02T06:00:00+00:00 [queued]>
[2024-05-05 13:43:03,237] {taskinstance.py:1032} INFO - Dependencies all met for <TaskInstance: ingest_data_bigquery_yt.local_to_gcs_task scheduled__2019-10-02T06:00:00+00:00 [queued]>
[2024-05-05 13:43:03,237] {taskinstance.py:1238} INFO - 
--------------------------------------------------------------------------------
[2024-05-05 13:43:03,237] {taskinstance.py:1239} INFO - Starting attempt 2 of 3
[2024-05-05 13:43:03,237] {taskinstance.py:1240} INFO - 
--------------------------------------------------------------------------------
[2024-05-05 13:43:03,251] {taskinstance.py:1259} INFO - Executing <Task(PythonOperator): local_to_gcs_task> on 2019-10-02 06:00:00+00:00
[2024-05-05 13:43:03,258] {standard_task_runner.py:52} INFO - Started process 1389 to run task
[2024-05-05 13:43:03,261] {standard_task_runner.py:76} INFO - Running: ['***', 'tasks', 'run', 'ingest_data_bigquery_yt', 'local_to_gcs_task', 'scheduled__2019-10-02T06:00:00+00:00', '--job-id', '4370', '--raw', '--subdir', 'DAGS_FOLDER/data_ingstion_gcs_yt_dag.py', '--cfg-path', '/tmp/tmppkl48klo', '--error-file', '/tmp/tmpse1mhy36']
[2024-05-05 13:43:03,263] {standard_task_runner.py:77} INFO - Job 4370: Subtask local_to_gcs_task
[2024-05-05 13:43:03,321] {logging_mixin.py:109} INFO - Running <TaskInstance: ingest_data_bigquery_yt.local_to_gcs_task scheduled__2019-10-02T06:00:00+00:00 [running]> on host 19865117eb6d
[2024-05-05 13:43:03,353] {warnings.py:99} WARNING - /home/***/.local/lib/python3.6/site-packages/***/utils/context.py:152: AirflowContextDeprecationWarning: Accessing 'execution_date' from the template is deprecated and will be removed in a future version. Please use 'data_interval_start' or 'logical_date' instead.
  warnings.warn(_create_deprecation_warning(key, self._deprecation_replacements[key]))

[2024-05-05 13:43:03,378] {taskinstance.py:1426} INFO - Exporting the following env vars:
AIRFLOW_CTX_DAG_OWNER=***
AIRFLOW_CTX_DAG_ID=ingest_data_bigquery_yt
AIRFLOW_CTX_TASK_ID=local_to_gcs_task
AIRFLOW_CTX_EXECUTION_DATE=2019-10-02T06:00:00+00:00
AIRFLOW_CTX_DAG_RUN_ID=scheduled__2019-10-02T06:00:00+00:00
[2024-05-06 09:00:21,827] {taskinstance.py:1032} INFO - Dependencies all met for <TaskInstance: ingest_data_bigquery_yt.local_to_gcs_task scheduled__2019-10-02T06:00:00+00:00 [queued]>
[2024-05-06 09:00:21,997] {taskinstance.py:1032} INFO - Dependencies all met for <TaskInstance: ingest_data_bigquery_yt.local_to_gcs_task scheduled__2019-10-02T06:00:00+00:00 [queued]>
[2024-05-06 09:00:21,997] {taskinstance.py:1238} INFO - 
--------------------------------------------------------------------------------
[2024-05-06 09:00:21,997] {taskinstance.py:1239} INFO - Starting attempt 2 of 3
[2024-05-06 09:00:21,997] {taskinstance.py:1240} INFO - 
--------------------------------------------------------------------------------
[2024-05-06 09:00:22,118] {taskinstance.py:1259} INFO - Executing <Task(PythonOperator): local_to_gcs_task> on 2019-10-02 06:00:00+00:00
[2024-05-06 09:00:22,240] {standard_task_runner.py:76} INFO - Running: ['***', 'tasks', 'run', 'ingest_data_bigquery_yt', 'local_to_gcs_task', 'scheduled__2019-10-02T06:00:00+00:00', '--job-id', '4535', '--raw', '--subdir', 'DAGS_FOLDER/data_ingstion_gcs_yt_dag.py', '--cfg-path', '/tmp/tmpvzfzzteo', '--error-file', '/tmp/tmp4__6dlyt']
[2024-05-06 09:00:22,268] {standard_task_runner.py:77} INFO - Job 4535: Subtask local_to_gcs_task
[2024-05-06 09:00:22,192] {standard_task_runner.py:52} INFO - Started process 303 to run task
[2024-05-06 09:00:22,648] {logging_mixin.py:109} INFO - Running <TaskInstance: ingest_data_bigquery_yt.local_to_gcs_task scheduled__2019-10-02T06:00:00+00:00 [running]> on host 1aa5194a14e3
[2024-05-06 09:00:23,018] {warnings.py:99} WARNING - /home/***/.local/lib/python3.6/site-packages/***/utils/context.py:152: AirflowContextDeprecationWarning: Accessing 'execution_date' from the template is deprecated and will be removed in a future version. Please use 'data_interval_start' or 'logical_date' instead.
  warnings.warn(_create_deprecation_warning(key, self._deprecation_replacements[key]))

[2024-05-06 09:00:23,210] {taskinstance.py:1426} INFO - Exporting the following env vars:
AIRFLOW_CTX_DAG_OWNER=***
AIRFLOW_CTX_DAG_ID=ingest_data_bigquery_yt
AIRFLOW_CTX_TASK_ID=local_to_gcs_task
AIRFLOW_CTX_EXECUTION_DATE=2019-10-02T06:00:00+00:00
AIRFLOW_CTX_DAG_RUN_ID=scheduled__2019-10-02T06:00:00+00:00
