[2024-05-12 10:41:13,748] {taskinstance.py:1026} INFO - Dependencies not met for <TaskInstance: ingest_data_bigquery_yt.local_to_gcs_task scheduled__2019-04-02T06:00:00+00:00 [up_for_retry]>, dependency 'Not In Retry Period' FAILED: Task is not ready for retry yet but will be retried automatically. Current date is 2024-05-12T10:41:13.747926+00:00 and task will be retried at 2024-05-12T10:45:37.996610+00:00.
[2024-05-12 10:41:13,756] {local_task_job.py:99} INFO - Task is not able to be run
[2024-05-12 10:45:42,848] {taskinstance.py:1032} INFO - Dependencies all met for <TaskInstance: ingest_data_bigquery_yt.local_to_gcs_task scheduled__2019-04-02T06:00:00+00:00 [queued]>
[2024-05-12 10:45:42,901] {taskinstance.py:1032} INFO - Dependencies all met for <TaskInstance: ingest_data_bigquery_yt.local_to_gcs_task scheduled__2019-04-02T06:00:00+00:00 [queued]>
[2024-05-12 10:45:42,901] {taskinstance.py:1238} INFO - 
--------------------------------------------------------------------------------
[2024-05-12 10:45:42,901] {taskinstance.py:1239} INFO - Starting attempt 5 of 6
[2024-05-12 10:45:42,901] {taskinstance.py:1240} INFO - 
--------------------------------------------------------------------------------
[2024-05-12 10:45:42,940] {taskinstance.py:1259} INFO - Executing <Task(PythonOperator): local_to_gcs_task> on 2019-04-02 06:00:00+00:00
[2024-05-12 10:45:42,986] {standard_task_runner.py:76} INFO - Running: ['***', 'tasks', 'run', 'ingest_data_bigquery_yt', 'local_to_gcs_task', 'scheduled__2019-04-02T06:00:00+00:00', '--job-id', '4681', '--raw', '--subdir', 'DAGS_FOLDER/data_ingstion_gcs_yt_dag.py', '--cfg-path', '/tmp/tmp5udnpxne', '--error-file', '/tmp/tmpgtgvux5t']
[2024-05-12 10:45:43,006] {standard_task_runner.py:77} INFO - Job 4681: Subtask local_to_gcs_task
[2024-05-12 10:45:42,965] {standard_task_runner.py:52} INFO - Started process 339 to run task
[2024-05-12 10:45:43,168] {logging_mixin.py:109} INFO - Running <TaskInstance: ingest_data_bigquery_yt.local_to_gcs_task scheduled__2019-04-02T06:00:00+00:00 [running]> on host 4d4efceb404e
[2024-05-12 10:45:43,279] {warnings.py:99} WARNING - /home/***/.local/lib/python3.6/site-packages/***/utils/context.py:152: AirflowContextDeprecationWarning: Accessing 'execution_date' from the template is deprecated and will be removed in a future version. Please use 'data_interval_start' or 'logical_date' instead.
  warnings.warn(_create_deprecation_warning(key, self._deprecation_replacements[key]))

[2024-05-12 10:45:43,352] {taskinstance.py:1426} INFO - Exporting the following env vars:
AIRFLOW_CTX_DAG_OWNER=***
AIRFLOW_CTX_DAG_ID=ingest_data_bigquery_yt
AIRFLOW_CTX_TASK_ID=local_to_gcs_task
AIRFLOW_CTX_EXECUTION_DATE=2019-04-02T06:00:00+00:00
AIRFLOW_CTX_DAG_RUN_ID=scheduled__2019-04-02T06:00:00+00:00
