[2024-05-03 17:12:03,350] {taskinstance.py:1032} INFO - Dependencies all met for <TaskInstance: ingest_data_bigquery_yt.bigquery_external_table_task scheduled__2021-07-02T06:00:00+00:00 [queued]>
[2024-05-03 17:12:03,369] {taskinstance.py:1032} INFO - Dependencies all met for <TaskInstance: ingest_data_bigquery_yt.bigquery_external_table_task scheduled__2021-07-02T06:00:00+00:00 [queued]>
[2024-05-03 17:12:03,370] {taskinstance.py:1238} INFO - 
--------------------------------------------------------------------------------
[2024-05-03 17:12:03,371] {taskinstance.py:1239} INFO - Starting attempt 1 of 3
[2024-05-03 17:12:03,371] {taskinstance.py:1240} INFO - 
--------------------------------------------------------------------------------
[2024-05-03 17:12:03,389] {taskinstance.py:1259} INFO - Executing <Task(BigQueryCreateExternalTableOperator): bigquery_external_table_task> on 2021-07-02 06:00:00+00:00
[2024-05-03 17:12:03,404] {standard_task_runner.py:76} INFO - Running: ['***', 'tasks', 'run', 'ingest_data_bigquery_yt', 'bigquery_external_table_task', 'scheduled__2021-07-02T06:00:00+00:00', '--job-id', '4297', '--raw', '--subdir', 'DAGS_FOLDER/data_ingstion_gcs_yt_dag.py', '--cfg-path', '/tmp/tmpvxhg39pu', '--error-file', '/tmp/tmpvj8ta8tr']
[2024-05-03 17:12:03,412] {standard_task_runner.py:77} INFO - Job 4297: Subtask bigquery_external_table_task
[2024-05-03 17:12:03,398] {standard_task_runner.py:52} INFO - Started process 909 to run task
[2024-05-03 17:12:03,504] {logging_mixin.py:109} INFO - Running <TaskInstance: ingest_data_bigquery_yt.bigquery_external_table_task scheduled__2021-07-02T06:00:00+00:00 [running]> on host f0ab9bf9b587
[2024-05-03 17:12:03,604] {taskinstance.py:1426} INFO - Exporting the following env vars:
AIRFLOW_CTX_DAG_OWNER=***
AIRFLOW_CTX_DAG_ID=ingest_data_bigquery_yt
AIRFLOW_CTX_TASK_ID=bigquery_external_table_task
AIRFLOW_CTX_EXECUTION_DATE=2021-07-02T06:00:00+00:00
AIRFLOW_CTX_DAG_RUN_ID=scheduled__2021-07-02T06:00:00+00:00
[2024-05-03 17:12:03,608] {crypto.py:82} WARNING - empty cryptography key - values will not be stored encrypted.
[2024-05-03 17:12:03,617] {warnings.py:99} WARNING - /home/***/.local/lib/python3.6/site-packages/***/providers/google/cloud/hooks/bigquery.py:637: DeprecationWarning: This method is deprecated. Please use `BigQueryHook.create_empty_table` method with passing the `table_resource` object. This gives more flexibility than this method.
  DeprecationWarning,

[2024-05-03 17:12:03,618] {bigquery.py:700} INFO - Creating external table: nyc_tlc_data.yellowtaxi_trips
[2024-05-03 17:12:03,889] {bigquery.py:704} INFO - External table created successfully: nyc_tlc_data.yellowtaxi_trips
[2024-05-03 17:12:03,907] {taskinstance.py:1277} INFO - Marking task as SUCCESS. dag_id=ingest_data_bigquery_yt, task_id=bigquery_external_table_task, execution_date=20210702T060000, start_date=20240503T171203, end_date=20240503T171203
[2024-05-03 17:12:03,953] {local_task_job.py:154} INFO - Task exited with return code 0
[2024-05-03 17:12:03,996] {local_task_job.py:264} INFO - 0 downstream tasks scheduled from follow-on schedule check
[2024-05-06 09:27:07,986] {taskinstance.py:1032} INFO - Dependencies all met for <TaskInstance: ingest_data_bigquery_yt.bigquery_external_table_task scheduled__2021-07-02T06:00:00+00:00 [queued]>
[2024-05-06 09:27:08,020] {taskinstance.py:1032} INFO - Dependencies all met for <TaskInstance: ingest_data_bigquery_yt.bigquery_external_table_task scheduled__2021-07-02T06:00:00+00:00 [queued]>
[2024-05-06 09:27:08,021] {taskinstance.py:1238} INFO - 
--------------------------------------------------------------------------------
[2024-05-06 09:27:08,022] {taskinstance.py:1239} INFO - Starting attempt 1 of 3
[2024-05-06 09:27:08,022] {taskinstance.py:1240} INFO - 
--------------------------------------------------------------------------------
[2024-05-06 09:27:08,038] {taskinstance.py:1259} INFO - Executing <Task(BigQueryCreateExternalTableOperator): bigquery_external_table_task> on 2021-07-02 06:00:00+00:00
[2024-05-06 09:27:08,055] {standard_task_runner.py:52} INFO - Started process 518 to run task
[2024-05-06 09:27:08,070] {standard_task_runner.py:76} INFO - Running: ['***', 'tasks', 'run', 'ingest_data_bigquery_yt', 'bigquery_external_table_task', 'scheduled__2021-07-02T06:00:00+00:00', '--job-id', '4615', '--raw', '--subdir', 'DAGS_FOLDER/data_ingstion_gcs_yt_dag.py', '--cfg-path', '/tmp/tmpkrr6qlg1', '--error-file', '/tmp/tmptkzphyei']
[2024-05-06 09:27:08,081] {standard_task_runner.py:77} INFO - Job 4615: Subtask bigquery_external_table_task
[2024-05-06 09:27:08,170] {logging_mixin.py:109} INFO - Running <TaskInstance: ingest_data_bigquery_yt.bigquery_external_table_task scheduled__2021-07-02T06:00:00+00:00 [running]> on host 4d4efceb404e
[2024-05-06 09:27:08,255] {taskinstance.py:1426} INFO - Exporting the following env vars:
AIRFLOW_CTX_DAG_OWNER=***
AIRFLOW_CTX_DAG_ID=ingest_data_bigquery_yt
AIRFLOW_CTX_TASK_ID=bigquery_external_table_task
AIRFLOW_CTX_EXECUTION_DATE=2021-07-02T06:00:00+00:00
AIRFLOW_CTX_DAG_RUN_ID=scheduled__2021-07-02T06:00:00+00:00
[2024-05-06 09:27:08,261] {crypto.py:82} WARNING - empty cryptography key - values will not be stored encrypted.
[2024-05-06 09:27:08,276] {warnings.py:99} WARNING - /home/***/.local/lib/python3.6/site-packages/***/providers/google/cloud/hooks/bigquery.py:637: DeprecationWarning: This method is deprecated. Please use `BigQueryHook.create_empty_table` method with passing the `table_resource` object. This gives more flexibility than this method.
  DeprecationWarning,

[2024-05-06 09:27:08,276] {bigquery.py:700} INFO - Creating external table: nyc_tlc_data.yellowtaxi_trips
[2024-05-06 09:27:08,557] {bigquery.py:704} INFO - External table created successfully: nyc_tlc_data.yellowtaxi_trips
[2024-05-06 09:27:08,570] {taskinstance.py:1277} INFO - Marking task as SUCCESS. dag_id=ingest_data_bigquery_yt, task_id=bigquery_external_table_task, execution_date=20210702T060000, start_date=20240506T092707, end_date=20240506T092708
[2024-05-06 09:27:08,622] {local_task_job.py:154} INFO - Task exited with return code 0
[2024-05-06 09:27:08,672] {local_task_job.py:264} INFO - 0 downstream tasks scheduled from follow-on schedule check
