[2024-05-12 12:41:38,077] {taskinstance.py:1032} INFO - Dependencies all met for <TaskInstance: ingest_data_bigquery_gt.download_dataset_task scheduled__2020-03-02T06:00:00+00:00 [queued]>
[2024-05-12 12:41:38,129] {taskinstance.py:1032} INFO - Dependencies all met for <TaskInstance: ingest_data_bigquery_gt.download_dataset_task scheduled__2020-03-02T06:00:00+00:00 [queued]>
[2024-05-12 12:41:38,129] {taskinstance.py:1238} INFO - 
--------------------------------------------------------------------------------
[2024-05-12 12:41:38,130] {taskinstance.py:1239} INFO - Starting attempt 1 of 3
[2024-05-12 12:41:38,130] {taskinstance.py:1240} INFO - 
--------------------------------------------------------------------------------
[2024-05-12 12:41:38,169] {taskinstance.py:1259} INFO - Executing <Task(BashOperator): download_dataset_task> on 2020-03-02 06:00:00+00:00
[2024-05-12 12:41:38,216] {standard_task_runner.py:76} INFO - Running: ['***', 'tasks', 'run', 'ingest_data_bigquery_gt', 'download_dataset_task', 'scheduled__2020-03-02T06:00:00+00:00', '--job-id', '4829', '--raw', '--subdir', 'DAGS_FOLDER/data_ingestion_gcs_gt_dag .py', '--cfg-path', '/tmp/tmpfc8om8fb', '--error-file', '/tmp/tmpcp5c3i62']
[2024-05-12 12:41:38,226] {standard_task_runner.py:77} INFO - Job 4829: Subtask download_dataset_task
[2024-05-12 12:41:38,194] {standard_task_runner.py:52} INFO - Started process 596 to run task
[2024-05-12 12:41:38,492] {logging_mixin.py:109} INFO - Running <TaskInstance: ingest_data_bigquery_gt.download_dataset_task scheduled__2020-03-02T06:00:00+00:00 [running]> on host 31858b145400
[2024-05-12 12:41:38,662] {warnings.py:99} WARNING - /home/***/.local/lib/python3.6/site-packages/***/utils/context.py:152: AirflowContextDeprecationWarning: Accessing 'execution_date' from the template is deprecated and will be removed in a future version. Please use 'data_interval_start' or 'logical_date' instead.
  warnings.warn(_create_deprecation_warning(key, self._deprecation_replacements[key]))

[2024-05-12 12:41:38,776] {taskinstance.py:1426} INFO - Exporting the following env vars:
AIRFLOW_CTX_DAG_OWNER=***
AIRFLOW_CTX_DAG_ID=ingest_data_bigquery_gt
AIRFLOW_CTX_TASK_ID=download_dataset_task
AIRFLOW_CTX_EXECUTION_DATE=2020-03-02T06:00:00+00:00
AIRFLOW_CTX_DAG_RUN_ID=scheduled__2020-03-02T06:00:00+00:00
[2024-05-12 12:41:38,777] {subprocess.py:62} INFO - Tmp dir root location: 
 /tmp
[2024-05-12 12:41:38,778] {subprocess.py:74} INFO - Running command: ['bash', '-c', 'curl -sSL https://github.com/DataTalksClub/nyc-tlc-data/releases/download/green/green_tripdata_2020-03.csv.gz > /opt/***/raw_data/greentaxi_tripdata_2020-03.csv.gz && gunzip /opt/***/raw_data/greentaxi_tripdata_2020-03.csv.gz']
[2024-05-12 12:41:38,890] {subprocess.py:85} INFO - Output:
[2024-05-12 12:41:40,808] {subprocess.py:93} INFO - Command exited with return code 0
[2024-05-12 12:41:40,966] {taskinstance.py:1277} INFO - Marking task as SUCCESS. dag_id=ingest_data_bigquery_gt, task_id=download_dataset_task, execution_date=20200302T060000, start_date=20240512T124138, end_date=20240512T124140
[2024-05-12 12:41:41,208] {local_task_job.py:154} INFO - Task exited with return code 0
[2024-05-12 12:41:41,385] {local_task_job.py:264} INFO - 1 downstream tasks scheduled from follow-on schedule check
[2024-05-18 11:09:23,676] {taskinstance.py:1032} INFO - Dependencies all met for <TaskInstance: ingest_data_bigquery_gt.download_dataset_task scheduled__2020-03-02T06:00:00+00:00 [queued]>
[2024-05-18 11:09:23,740] {taskinstance.py:1032} INFO - Dependencies all met for <TaskInstance: ingest_data_bigquery_gt.download_dataset_task scheduled__2020-03-02T06:00:00+00:00 [queued]>
[2024-05-18 11:09:23,740] {taskinstance.py:1238} INFO - 
--------------------------------------------------------------------------------
[2024-05-18 11:09:23,740] {taskinstance.py:1239} INFO - Starting attempt 1 of 3
[2024-05-18 11:09:23,741] {taskinstance.py:1240} INFO - 
--------------------------------------------------------------------------------
[2024-05-18 11:09:23,775] {taskinstance.py:1259} INFO - Executing <Task(BashOperator): download_dataset_task> on 2020-03-02 06:00:00+00:00
[2024-05-18 11:09:23,878] {standard_task_runner.py:76} INFO - Running: ['***', 'tasks', 'run', 'ingest_data_bigquery_gt', 'download_dataset_task', 'scheduled__2020-03-02T06:00:00+00:00', '--job-id', '4926', '--raw', '--subdir', 'DAGS_FOLDER/data_ingestion_gcs_gt_dag .py', '--cfg-path', '/tmp/tmp5kvawpbi', '--error-file', '/tmp/tmplwwwniw8']
[2024-05-18 11:09:23,911] {standard_task_runner.py:77} INFO - Job 4926: Subtask download_dataset_task
[2024-05-18 11:09:23,870] {standard_task_runner.py:52} INFO - Started process 1145 to run task
[2024-05-18 11:09:24,103] {logging_mixin.py:109} INFO - Running <TaskInstance: ingest_data_bigquery_gt.download_dataset_task scheduled__2020-03-02T06:00:00+00:00 [running]> on host 45b18388e83d
[2024-05-18 11:09:24,246] {warnings.py:99} WARNING - /home/***/.local/lib/python3.6/site-packages/***/utils/context.py:152: AirflowContextDeprecationWarning: Accessing 'execution_date' from the template is deprecated and will be removed in a future version. Please use 'data_interval_start' or 'logical_date' instead.
  warnings.warn(_create_deprecation_warning(key, self._deprecation_replacements[key]))

[2024-05-18 11:09:24,328] {taskinstance.py:1426} INFO - Exporting the following env vars:
AIRFLOW_CTX_DAG_OWNER=***
AIRFLOW_CTX_DAG_ID=ingest_data_bigquery_gt
AIRFLOW_CTX_TASK_ID=download_dataset_task
AIRFLOW_CTX_EXECUTION_DATE=2020-03-02T06:00:00+00:00
AIRFLOW_CTX_DAG_RUN_ID=scheduled__2020-03-02T06:00:00+00:00
[2024-05-18 11:09:24,329] {subprocess.py:62} INFO - Tmp dir root location: 
 /tmp
[2024-05-18 11:09:24,330] {subprocess.py:74} INFO - Running command: ['bash', '-c', 'curl -sSL https://github.com/DataTalksClub/nyc-tlc-data/releases/download/green/green_tripdata_2020-03.csv.gz > /opt/***/raw_data/greentaxi_tripdata_2020-03.csv.gz && gunzip /opt/***/raw_data/greentaxi_tripdata_2020-03.csv.gz']
[2024-05-18 11:09:24,416] {subprocess.py:85} INFO - Output:
[2024-05-18 11:09:27,657] {subprocess.py:93} INFO - Command exited with return code 0
[2024-05-18 11:09:27,964] {taskinstance.py:1277} INFO - Marking task as SUCCESS. dag_id=ingest_data_bigquery_gt, task_id=download_dataset_task, execution_date=20200302T060000, start_date=20240518T110923, end_date=20240518T110927
[2024-05-18 11:09:28,090] {local_task_job.py:154} INFO - Task exited with return code 0
[2024-05-18 11:09:28,274] {local_task_job.py:264} INFO - 1 downstream tasks scheduled from follow-on schedule check
