[2024-03-25 11:27:34,250] {taskinstance.py:1032} INFO - Dependencies all met for <TaskInstance: LocalIngestionDAG.ingest scheduled__2022-02-02T06:00:00+00:00 [queued]>
[2024-03-25 11:27:34,272] {taskinstance.py:1032} INFO - Dependencies all met for <TaskInstance: LocalIngestionDAG.ingest scheduled__2022-02-02T06:00:00+00:00 [queued]>
[2024-03-25 11:27:34,272] {taskinstance.py:1238} INFO - 
--------------------------------------------------------------------------------
[2024-03-25 11:27:34,273] {taskinstance.py:1239} INFO - Starting attempt 1 of 1
[2024-03-25 11:27:34,273] {taskinstance.py:1240} INFO - 
--------------------------------------------------------------------------------
[2024-03-25 11:27:34,293] {taskinstance.py:1259} INFO - Executing <Task(BashOperator): ingest> on 2022-02-02 06:00:00+00:00
[2024-03-25 11:27:34,309] {standard_task_runner.py:76} INFO - Running: ['***', 'tasks', 'run', 'LocalIngestionDAG', 'ingest', 'scheduled__2022-02-02T06:00:00+00:00', '--job-id', '83', '--raw', '--subdir', 'DAGS_FOLDER/data_ingestion_local.py', '--cfg-path', '/tmp/tmp51mnzcwh', '--error-file', '/tmp/tmppv61_4zr']
[2024-03-25 11:27:34,301] {standard_task_runner.py:52} INFO - Started process 11175 to run task
[2024-03-25 11:27:34,311] {standard_task_runner.py:77} INFO - Job 83: Subtask ingest
[2024-03-25 11:27:34,423] {logging_mixin.py:109} INFO - Running <TaskInstance: LocalIngestionDAG.ingest scheduled__2022-02-02T06:00:00+00:00 [running]> on host 91ae2bae4e06
[2024-03-25 11:27:34,519] {taskinstance.py:1426} INFO - Exporting the following env vars:
AIRFLOW_CTX_DAG_OWNER=***
AIRFLOW_CTX_DAG_ID=LocalIngestionDAG
AIRFLOW_CTX_TASK_ID=ingest
AIRFLOW_CTX_EXECUTION_DATE=2022-02-02T06:00:00+00:00
AIRFLOW_CTX_DAG_RUN_ID=scheduled__2022-02-02T06:00:00+00:00
[2024-03-25 11:27:34,522] {subprocess.py:62} INFO - Tmp dir root location: 
 /tmp
[2024-03-25 11:27:34,523] {subprocess.py:74} INFO - Running command: ['bash', '-c', 'pwd']
[2024-03-25 11:27:34,540] {subprocess.py:85} INFO - Output:
[2024-03-25 11:27:34,544] {subprocess.py:89} INFO - /tmp/***tmpmx08oywq
[2024-03-25 11:27:34,546] {subprocess.py:93} INFO - Command exited with return code 0
[2024-03-25 11:27:34,594] {taskinstance.py:1277} INFO - Marking task as SUCCESS. dag_id=LocalIngestionDAG, task_id=ingest, execution_date=20220202T060000, start_date=20240325T112734, end_date=20240325T112734
[2024-03-25 11:27:34,648] {local_task_job.py:154} INFO - Task exited with return code 0
[2024-03-25 11:27:34,705] {local_task_job.py:264} INFO - 0 downstream tasks scheduled from follow-on schedule check
