[2024-05-02 08:25:33,542] {taskinstance.py:1032} INFO - Dependencies all met for <TaskInstance: ingest_data_bigquery_yt.bigquery_external_table_task scheduled__2019-08-02T06:00:00+00:00 [queued]>
[2024-05-02 08:25:33,552] {taskinstance.py:1032} INFO - Dependencies all met for <TaskInstance: ingest_data_bigquery_yt.bigquery_external_table_task scheduled__2019-08-02T06:00:00+00:00 [queued]>
[2024-05-02 08:25:33,552] {taskinstance.py:1238} INFO - 
--------------------------------------------------------------------------------
[2024-05-02 08:25:33,552] {taskinstance.py:1239} INFO - Starting attempt 1 of 2
[2024-05-02 08:25:33,552] {taskinstance.py:1240} INFO - 
--------------------------------------------------------------------------------
[2024-05-02 08:25:33,855] {taskinstance.py:1259} INFO - Executing <Task(BigQueryCreateExternalTableOperator): bigquery_external_table_task> on 2019-08-02 06:00:00+00:00
[2024-05-02 08:25:33,860] {standard_task_runner.py:52} INFO - Started process 1327 to run task
[2024-05-02 08:25:33,865] {standard_task_runner.py:76} INFO - Running: ['***', 'tasks', 'run', 'ingest_data_bigquery_yt', 'bigquery_external_table_task', 'scheduled__2019-08-02T06:00:00+00:00', '--job-id', '3780', '--raw', '--subdir', 'DAGS_FOLDER/data_ingestion_gcs_yt_dag.py', '--cfg-path', '/tmp/tmpuhyavxtl', '--error-file', '/tmp/tmp0cx9958b']
[2024-05-02 08:25:33,869] {standard_task_runner.py:77} INFO - Job 3780: Subtask bigquery_external_table_task
[2024-05-02 08:25:34,344] {logging_mixin.py:109} INFO - Running <TaskInstance: ingest_data_bigquery_yt.bigquery_external_table_task scheduled__2019-08-02T06:00:00+00:00 [running]> on host 1b6fe6e4a3b5
[2024-05-02 08:25:35,190] {taskinstance.py:1426} INFO - Exporting the following env vars:
AIRFLOW_CTX_DAG_OWNER=***
AIRFLOW_CTX_DAG_ID=ingest_data_bigquery_yt
AIRFLOW_CTX_TASK_ID=bigquery_external_table_task
AIRFLOW_CTX_EXECUTION_DATE=2019-08-02T06:00:00+00:00
AIRFLOW_CTX_DAG_RUN_ID=scheduled__2019-08-02T06:00:00+00:00
[2024-05-02 08:25:35,194] {crypto.py:82} WARNING - empty cryptography key - values will not be stored encrypted.
[2024-05-02 08:25:35,202] {warnings.py:99} WARNING - /home/***/.local/lib/python3.6/site-packages/***/providers/google/cloud/hooks/bigquery.py:637: DeprecationWarning: This method is deprecated. Please use `BigQueryHook.create_empty_table` method with passing the `table_resource` object. This gives more flexibility than this method.
  DeprecationWarning,

[2024-05-02 08:25:35,202] {bigquery.py:700} INFO - Creating external table: nyc_tlc_data.yellowtaxi_trips
[2024-05-02 08:25:35,787] {bigquery.py:704} INFO - External table created successfully: nyc_tlc_data.yellowtaxi_trips
[2024-05-02 08:25:35,799] {taskinstance.py:1277} INFO - Marking task as SUCCESS. dag_id=ingest_data_bigquery_yt, task_id=bigquery_external_table_task, execution_date=20190802T060000, start_date=20240502T082533, end_date=20240502T082535
[2024-05-02 08:25:35,849] {local_task_job.py:154} INFO - Task exited with return code 0
[2024-05-02 08:25:35,880] {local_task_job.py:264} INFO - 0 downstream tasks scheduled from follow-on schedule check
[2024-05-03 17:10:19,338] {taskinstance.py:1032} INFO - Dependencies all met for <TaskInstance: ingest_data_bigquery_yt.bigquery_external_table_task scheduled__2019-08-02T06:00:00+00:00 [queued]>
[2024-05-03 17:10:19,354] {taskinstance.py:1032} INFO - Dependencies all met for <TaskInstance: ingest_data_bigquery_yt.bigquery_external_table_task scheduled__2019-08-02T06:00:00+00:00 [queued]>
[2024-05-03 17:10:19,355] {taskinstance.py:1238} INFO - 
--------------------------------------------------------------------------------
[2024-05-03 17:10:19,355] {taskinstance.py:1239} INFO - Starting attempt 1 of 3
[2024-05-03 17:10:19,355] {taskinstance.py:1240} INFO - 
--------------------------------------------------------------------------------
[2024-05-03 17:10:19,370] {taskinstance.py:1259} INFO - Executing <Task(BigQueryCreateExternalTableOperator): bigquery_external_table_task> on 2019-08-02 06:00:00+00:00
[2024-05-03 17:10:19,378] {standard_task_runner.py:52} INFO - Started process 644 to run task
[2024-05-03 17:10:19,385] {standard_task_runner.py:76} INFO - Running: ['***', 'tasks', 'run', 'ingest_data_bigquery_yt', 'bigquery_external_table_task', 'scheduled__2019-08-02T06:00:00+00:00', '--job-id', '4263', '--raw', '--subdir', 'DAGS_FOLDER/data_ingstion_gcs_yt_dag.py', '--cfg-path', '/tmp/tmpwjkdxukr', '--error-file', '/tmp/tmpn3vk7vbl']
[2024-05-03 17:10:19,391] {standard_task_runner.py:77} INFO - Job 4263: Subtask bigquery_external_table_task
[2024-05-03 17:10:19,468] {logging_mixin.py:109} INFO - Running <TaskInstance: ingest_data_bigquery_yt.bigquery_external_table_task scheduled__2019-08-02T06:00:00+00:00 [running]> on host f0ab9bf9b587
[2024-05-03 17:10:19,549] {taskinstance.py:1426} INFO - Exporting the following env vars:
AIRFLOW_CTX_DAG_OWNER=***
AIRFLOW_CTX_DAG_ID=ingest_data_bigquery_yt
AIRFLOW_CTX_TASK_ID=bigquery_external_table_task
AIRFLOW_CTX_EXECUTION_DATE=2019-08-02T06:00:00+00:00
AIRFLOW_CTX_DAG_RUN_ID=scheduled__2019-08-02T06:00:00+00:00
[2024-05-03 17:10:19,554] {crypto.py:82} WARNING - empty cryptography key - values will not be stored encrypted.
[2024-05-03 17:10:19,567] {warnings.py:99} WARNING - /home/***/.local/lib/python3.6/site-packages/***/providers/google/cloud/hooks/bigquery.py:637: DeprecationWarning: This method is deprecated. Please use `BigQueryHook.create_empty_table` method with passing the `table_resource` object. This gives more flexibility than this method.
  DeprecationWarning,

[2024-05-03 17:10:19,568] {bigquery.py:700} INFO - Creating external table: nyc_tlc_data.yellowtaxi_trips
[2024-05-03 17:10:19,887] {bigquery.py:704} INFO - External table created successfully: nyc_tlc_data.yellowtaxi_trips
[2024-05-03 17:10:19,911] {taskinstance.py:1277} INFO - Marking task as SUCCESS. dag_id=ingest_data_bigquery_yt, task_id=bigquery_external_table_task, execution_date=20190802T060000, start_date=20240503T171019, end_date=20240503T171019
[2024-05-03 17:10:19,968] {local_task_job.py:154} INFO - Task exited with return code 0
[2024-05-03 17:10:20,042] {local_task_job.py:264} INFO - 0 downstream tasks scheduled from follow-on schedule check
[2024-05-06 07:32:04,844] {taskinstance.py:1032} INFO - Dependencies all met for <TaskInstance: ingest_data_bigquery_yt.bigquery_external_table_task scheduled__2019-08-02T06:00:00+00:00 [queued]>
[2024-05-06 07:32:04,864] {taskinstance.py:1032} INFO - Dependencies all met for <TaskInstance: ingest_data_bigquery_yt.bigquery_external_table_task scheduled__2019-08-02T06:00:00+00:00 [queued]>
[2024-05-06 07:32:04,864] {taskinstance.py:1238} INFO - 
--------------------------------------------------------------------------------
[2024-05-06 07:32:04,864] {taskinstance.py:1239} INFO - Starting attempt 1 of 3
[2024-05-06 07:32:04,865] {taskinstance.py:1240} INFO - 
--------------------------------------------------------------------------------
[2024-05-06 07:32:04,892] {taskinstance.py:1259} INFO - Executing <Task(BigQueryCreateExternalTableOperator): bigquery_external_table_task> on 2019-08-02 06:00:00+00:00
[2024-05-06 07:32:04,902] {standard_task_runner.py:52} INFO - Started process 2850 to run task
[2024-05-06 07:32:04,930] {standard_task_runner.py:76} INFO - Running: ['***', 'tasks', 'run', 'ingest_data_bigquery_yt', 'bigquery_external_table_task', 'scheduled__2019-08-02T06:00:00+00:00', '--job-id', '4491', '--raw', '--subdir', 'DAGS_FOLDER/data_ingstion_gcs_yt_dag.py', '--cfg-path', '/tmp/tmpsm_krgz2', '--error-file', '/tmp/tmp8ixkmikt']
[2024-05-06 07:32:04,942] {standard_task_runner.py:77} INFO - Job 4491: Subtask bigquery_external_table_task
[2024-05-06 07:32:05,046] {logging_mixin.py:109} INFO - Running <TaskInstance: ingest_data_bigquery_yt.bigquery_external_table_task scheduled__2019-08-02T06:00:00+00:00 [running]> on host 1aa5194a14e3
[2024-05-06 07:32:05,136] {taskinstance.py:1426} INFO - Exporting the following env vars:
AIRFLOW_CTX_DAG_OWNER=***
AIRFLOW_CTX_DAG_ID=ingest_data_bigquery_yt
AIRFLOW_CTX_TASK_ID=bigquery_external_table_task
AIRFLOW_CTX_EXECUTION_DATE=2019-08-02T06:00:00+00:00
AIRFLOW_CTX_DAG_RUN_ID=scheduled__2019-08-02T06:00:00+00:00
[2024-05-06 07:32:05,140] {crypto.py:82} WARNING - empty cryptography key - values will not be stored encrypted.
[2024-05-06 07:32:05,157] {warnings.py:99} WARNING - /home/***/.local/lib/python3.6/site-packages/***/providers/google/cloud/hooks/bigquery.py:637: DeprecationWarning: This method is deprecated. Please use `BigQueryHook.create_empty_table` method with passing the `table_resource` object. This gives more flexibility than this method.
  DeprecationWarning,

[2024-05-06 07:32:05,158] {bigquery.py:700} INFO - Creating external table: nyc_tlc_data.yellowtaxi_trips
[2024-05-06 07:32:05,575] {bigquery.py:704} INFO - External table created successfully: nyc_tlc_data.yellowtaxi_trips
[2024-05-06 07:32:05,592] {taskinstance.py:1277} INFO - Marking task as SUCCESS. dag_id=ingest_data_bigquery_yt, task_id=bigquery_external_table_task, execution_date=20190802T060000, start_date=20240506T073204, end_date=20240506T073205
[2024-05-06 07:32:05,632] {local_task_job.py:154} INFO - Task exited with return code 0
[2024-05-06 07:32:05,681] {local_task_job.py:264} INFO - 0 downstream tasks scheduled from follow-on schedule check
[2024-05-12 11:50:25,098] {taskinstance.py:1032} INFO - Dependencies all met for <TaskInstance: ingest_data_bigquery_yt.bigquery_external_table_task scheduled__2019-08-02T06:00:00+00:00 [queued]>
[2024-05-12 11:50:25,113] {taskinstance.py:1032} INFO - Dependencies all met for <TaskInstance: ingest_data_bigquery_yt.bigquery_external_table_task scheduled__2019-08-02T06:00:00+00:00 [queued]>
[2024-05-12 11:50:25,113] {taskinstance.py:1238} INFO - 
--------------------------------------------------------------------------------
[2024-05-12 11:50:25,113] {taskinstance.py:1239} INFO - Starting attempt 1 of 3
[2024-05-12 11:50:25,113] {taskinstance.py:1240} INFO - 
--------------------------------------------------------------------------------
[2024-05-12 11:50:25,122] {taskinstance.py:1259} INFO - Executing <Task(BigQueryCreateExternalTableOperator): bigquery_external_table_task> on 2019-08-02 06:00:00+00:00
[2024-05-12 11:50:25,129] {standard_task_runner.py:52} INFO - Started process 1006 to run task
[2024-05-12 11:50:25,132] {standard_task_runner.py:76} INFO - Running: ['***', 'tasks', 'run', 'ingest_data_bigquery_yt', 'bigquery_external_table_task', 'scheduled__2019-08-02T06:00:00+00:00', '--job-id', '4782', '--raw', '--subdir', 'DAGS_FOLDER/data_ingstion_gcs_yt_dag.py', '--cfg-path', '/tmp/tmpkm9_wubc', '--error-file', '/tmp/tmpb13e793r']
[2024-05-12 11:50:25,136] {standard_task_runner.py:77} INFO - Job 4782: Subtask bigquery_external_table_task
[2024-05-12 11:50:25,188] {logging_mixin.py:109} INFO - Running <TaskInstance: ingest_data_bigquery_yt.bigquery_external_table_task scheduled__2019-08-02T06:00:00+00:00 [running]> on host 0d4ef9daeab6
[2024-05-12 11:50:25,233] {taskinstance.py:1426} INFO - Exporting the following env vars:
AIRFLOW_CTX_DAG_OWNER=***
AIRFLOW_CTX_DAG_ID=ingest_data_bigquery_yt
AIRFLOW_CTX_TASK_ID=bigquery_external_table_task
AIRFLOW_CTX_EXECUTION_DATE=2019-08-02T06:00:00+00:00
AIRFLOW_CTX_DAG_RUN_ID=scheduled__2019-08-02T06:00:00+00:00
[2024-05-12 11:50:25,235] {crypto.py:82} WARNING - empty cryptography key - values will not be stored encrypted.
[2024-05-12 11:50:25,241] {warnings.py:99} WARNING - /home/***/.local/lib/python3.6/site-packages/***/providers/google/cloud/hooks/bigquery.py:637: DeprecationWarning: This method is deprecated. Please use `BigQueryHook.create_empty_table` method with passing the `table_resource` object. This gives more flexibility than this method.
  DeprecationWarning,

[2024-05-12 11:50:25,242] {bigquery.py:700} INFO - Creating external table: nyc_tlc_data.yellowtaxi_trips
[2024-05-12 11:50:25,559] {bigquery.py:704} INFO - External table created successfully: nyc_tlc_data.yellowtaxi_trips
[2024-05-12 11:50:25,572] {taskinstance.py:1277} INFO - Marking task as SUCCESS. dag_id=ingest_data_bigquery_yt, task_id=bigquery_external_table_task, execution_date=20190802T060000, start_date=20240512T115025, end_date=20240512T115025
[2024-05-12 11:50:25,631] {local_task_job.py:154} INFO - Task exited with return code 0
[2024-05-12 11:50:25,663] {local_task_job.py:264} INFO - 0 downstream tasks scheduled from follow-on schedule check
