[2024-05-12 12:41:37,241] {taskinstance.py:1032} INFO - Dependencies all met for <TaskInstance: ingest_data_bigquery_gt.download_dataset_task scheduled__2019-10-02T06:00:00+00:00 [queued]>
[2024-05-12 12:41:37,287] {taskinstance.py:1032} INFO - Dependencies all met for <TaskInstance: ingest_data_bigquery_gt.download_dataset_task scheduled__2019-10-02T06:00:00+00:00 [queued]>
[2024-05-12 12:41:37,287] {taskinstance.py:1238} INFO - 
--------------------------------------------------------------------------------
[2024-05-12 12:41:37,288] {taskinstance.py:1239} INFO - Starting attempt 1 of 3
[2024-05-12 12:41:37,288] {taskinstance.py:1240} INFO - 
--------------------------------------------------------------------------------
[2024-05-12 12:41:37,333] {taskinstance.py:1259} INFO - Executing <Task(BashOperator): download_dataset_task> on 2019-10-02 06:00:00+00:00
[2024-05-12 12:41:37,369] {standard_task_runner.py:76} INFO - Running: ['***', 'tasks', 'run', 'ingest_data_bigquery_gt', 'download_dataset_task', 'scheduled__2019-10-02T06:00:00+00:00', '--job-id', '4825', '--raw', '--subdir', 'DAGS_FOLDER/data_ingestion_gcs_gt_dag .py', '--cfg-path', '/tmp/tmpfq0eebg3', '--error-file', '/tmp/tmp2yepa_oh']
[2024-05-12 12:41:37,382] {standard_task_runner.py:77} INFO - Job 4825: Subtask download_dataset_task
[2024-05-12 12:41:37,353] {standard_task_runner.py:52} INFO - Started process 580 to run task
[2024-05-12 12:41:37,522] {logging_mixin.py:109} INFO - Running <TaskInstance: ingest_data_bigquery_gt.download_dataset_task scheduled__2019-10-02T06:00:00+00:00 [running]> on host 31858b145400
[2024-05-12 12:41:37,621] {warnings.py:99} WARNING - /home/***/.local/lib/python3.6/site-packages/***/utils/context.py:152: AirflowContextDeprecationWarning: Accessing 'execution_date' from the template is deprecated and will be removed in a future version. Please use 'data_interval_start' or 'logical_date' instead.
  warnings.warn(_create_deprecation_warning(key, self._deprecation_replacements[key]))

[2024-05-12 12:41:37,670] {taskinstance.py:1426} INFO - Exporting the following env vars:
AIRFLOW_CTX_DAG_OWNER=***
AIRFLOW_CTX_DAG_ID=ingest_data_bigquery_gt
AIRFLOW_CTX_TASK_ID=download_dataset_task
AIRFLOW_CTX_EXECUTION_DATE=2019-10-02T06:00:00+00:00
AIRFLOW_CTX_DAG_RUN_ID=scheduled__2019-10-02T06:00:00+00:00
[2024-05-12 12:41:37,670] {subprocess.py:62} INFO - Tmp dir root location: 
 /tmp
[2024-05-12 12:41:37,671] {subprocess.py:74} INFO - Running command: ['bash', '-c', 'curl -sSL https://github.com/DataTalksClub/nyc-tlc-data/releases/download/green/green_tripdata_2019-10.csv.gz > /opt/***/raw_data/greentaxi_tripdata_2019-10.csv.gz && gunzip /opt/***/raw_data/greentaxi_tripdata_2019-10.csv.gz']
[2024-05-12 12:41:37,720] {subprocess.py:85} INFO - Output:
[2024-05-12 12:41:43,321] {subprocess.py:93} INFO - Command exited with return code 0
[2024-05-12 12:41:43,462] {taskinstance.py:1277} INFO - Marking task as SUCCESS. dag_id=ingest_data_bigquery_gt, task_id=download_dataset_task, execution_date=20191002T060000, start_date=20240512T124137, end_date=20240512T124143
[2024-05-12 12:41:43,631] {local_task_job.py:154} INFO - Task exited with return code 0
[2024-05-12 12:41:43,704] {local_task_job.py:264} INFO - 1 downstream tasks scheduled from follow-on schedule check
[2024-05-18 11:09:20,781] {taskinstance.py:1032} INFO - Dependencies all met for <TaskInstance: ingest_data_bigquery_gt.download_dataset_task scheduled__2019-10-02T06:00:00+00:00 [queued]>
[2024-05-18 11:09:20,916] {taskinstance.py:1032} INFO - Dependencies all met for <TaskInstance: ingest_data_bigquery_gt.download_dataset_task scheduled__2019-10-02T06:00:00+00:00 [queued]>
[2024-05-18 11:09:20,920] {taskinstance.py:1238} INFO - 
--------------------------------------------------------------------------------
[2024-05-18 11:09:20,921] {taskinstance.py:1239} INFO - Starting attempt 1 of 3
[2024-05-18 11:09:20,931] {taskinstance.py:1240} INFO - 
--------------------------------------------------------------------------------
[2024-05-18 11:09:21,048] {taskinstance.py:1259} INFO - Executing <Task(BashOperator): download_dataset_task> on 2019-10-02 06:00:00+00:00
[2024-05-18 11:09:21,120] {standard_task_runner.py:52} INFO - Started process 1111 to run task
[2024-05-18 11:09:21,189] {standard_task_runner.py:76} INFO - Running: ['***', 'tasks', 'run', 'ingest_data_bigquery_gt', 'download_dataset_task', 'scheduled__2019-10-02T06:00:00+00:00', '--job-id', '4919', '--raw', '--subdir', 'DAGS_FOLDER/data_ingestion_gcs_gt_dag .py', '--cfg-path', '/tmp/tmp0g55hxim', '--error-file', '/tmp/tmpt8to74in']
[2024-05-18 11:09:21,267] {standard_task_runner.py:77} INFO - Job 4919: Subtask download_dataset_task
[2024-05-18 11:09:21,709] {logging_mixin.py:109} INFO - Running <TaskInstance: ingest_data_bigquery_gt.download_dataset_task scheduled__2019-10-02T06:00:00+00:00 [running]> on host 45b18388e83d
[2024-05-18 11:09:21,772] {warnings.py:99} WARNING - /home/***/.local/lib/python3.6/site-packages/***/utils/context.py:152: AirflowContextDeprecationWarning: Accessing 'execution_date' from the template is deprecated and will be removed in a future version. Please use 'data_interval_start' or 'logical_date' instead.
  warnings.warn(_create_deprecation_warning(key, self._deprecation_replacements[key]))

[2024-05-18 11:09:21,820] {taskinstance.py:1426} INFO - Exporting the following env vars:
AIRFLOW_CTX_DAG_OWNER=***
AIRFLOW_CTX_DAG_ID=ingest_data_bigquery_gt
AIRFLOW_CTX_TASK_ID=download_dataset_task
AIRFLOW_CTX_EXECUTION_DATE=2019-10-02T06:00:00+00:00
AIRFLOW_CTX_DAG_RUN_ID=scheduled__2019-10-02T06:00:00+00:00
[2024-05-18 11:09:21,822] {subprocess.py:62} INFO - Tmp dir root location: 
 /tmp
[2024-05-18 11:09:21,823] {subprocess.py:74} INFO - Running command: ['bash', '-c', 'curl -sSL https://github.com/DataTalksClub/nyc-tlc-data/releases/download/green/green_tripdata_2019-10.csv.gz > /opt/***/raw_data/greentaxi_tripdata_2019-10.csv.gz && gunzip /opt/***/raw_data/greentaxi_tripdata_2019-10.csv.gz']
[2024-05-18 11:09:22,024] {subprocess.py:85} INFO - Output:
[2024-05-18 11:09:25,576] {subprocess.py:93} INFO - Command exited with return code 0
[2024-05-18 11:09:25,825] {taskinstance.py:1277} INFO - Marking task as SUCCESS. dag_id=ingest_data_bigquery_gt, task_id=download_dataset_task, execution_date=20191002T060000, start_date=20240518T110920, end_date=20240518T110925
[2024-05-18 11:09:25,930] {local_task_job.py:154} INFO - Task exited with return code 0
[2024-05-18 11:09:26,489] {local_task_job.py:264} INFO - 0 downstream tasks scheduled from follow-on schedule check
