[2024-12-29 15:44:28,610] {taskinstance.py:1032} INFO - Dependencies all met for <TaskInstance: ingest_data_bigquery_fhvhv.bigquery_external_table_task scheduled__2019-05-02T06:00:00+00:00 [queued]>
[2024-12-29 15:44:28,621] {taskinstance.py:1032} INFO - Dependencies all met for <TaskInstance: ingest_data_bigquery_fhvhv.bigquery_external_table_task scheduled__2019-05-02T06:00:00+00:00 [queued]>
[2024-12-29 15:44:28,622] {taskinstance.py:1238} INFO - 
--------------------------------------------------------------------------------
[2024-12-29 15:44:28,622] {taskinstance.py:1239} INFO - Starting attempt 1 of 3
[2024-12-29 15:44:28,622] {taskinstance.py:1240} INFO - 
--------------------------------------------------------------------------------
[2024-12-29 15:44:28,633] {taskinstance.py:1259} INFO - Executing <Task(BigQueryCreateExternalTableOperator): bigquery_external_table_task> on 2019-05-02 06:00:00+00:00
[2024-12-29 15:44:28,640] {standard_task_runner.py:52} INFO - Started process 286 to run task
[2024-12-29 15:44:28,644] {standard_task_runner.py:76} INFO - Running: ['***', 'tasks', 'run', 'ingest_data_bigquery_fhvhv', 'bigquery_external_table_task', 'scheduled__2019-05-02T06:00:00+00:00', '--job-id', '6023', '--raw', '--subdir', 'DAGS_FOLDER/data_ingestion_gcs_fhvhv_dag.py', '--cfg-path', '/tmp/tmps8q_b1c5', '--error-file', '/tmp/tmpqbl3uedl']
[2024-12-29 15:44:28,648] {standard_task_runner.py:77} INFO - Job 6023: Subtask bigquery_external_table_task
[2024-12-29 15:44:28,711] {logging_mixin.py:109} INFO - Running <TaskInstance: ingest_data_bigquery_fhvhv.bigquery_external_table_task scheduled__2019-05-02T06:00:00+00:00 [running]> on host 0c347e2f1967
[2024-12-29 15:44:28,771] {taskinstance.py:1426} INFO - Exporting the following env vars:
AIRFLOW_CTX_DAG_OWNER=***
AIRFLOW_CTX_DAG_ID=ingest_data_bigquery_fhvhv
AIRFLOW_CTX_TASK_ID=bigquery_external_table_task
AIRFLOW_CTX_EXECUTION_DATE=2019-05-02T06:00:00+00:00
AIRFLOW_CTX_DAG_RUN_ID=scheduled__2019-05-02T06:00:00+00:00
[2024-12-29 15:44:28,774] {crypto.py:82} WARNING - empty cryptography key - values will not be stored encrypted.
[2024-12-29 15:44:28,783] {warnings.py:99} WARNING - /home/***/.local/lib/python3.6/site-packages/***/providers/google/cloud/hooks/bigquery.py:637: DeprecationWarning: This method is deprecated. Please use `BigQueryHook.create_empty_table` method with passing the `table_resource` object. This gives more flexibility than this method.
  DeprecationWarning,

[2024-12-29 15:44:28,784] {bigquery.py:700} INFO - Creating external table: nyc_tlc_data.fhvhvtaxi_trips
[2024-12-29 15:44:29,104] {bigquery.py:704} INFO - External table created successfully: nyc_tlc_data.fhvhvtaxi_trips
[2024-12-29 15:44:29,116] {taskinstance.py:1277} INFO - Marking task as SUCCESS. dag_id=ingest_data_bigquery_fhvhv, task_id=bigquery_external_table_task, execution_date=20190502T060000, start_date=20241229T154428, end_date=20241229T154429
[2024-12-29 15:44:29,142] {local_task_job.py:154} INFO - Task exited with return code 0
[2024-12-29 15:44:29,174] {local_task_job.py:264} INFO - 0 downstream tasks scheduled from follow-on schedule check
[2025-01-01 04:47:01,269] {taskinstance.py:1032} INFO - Dependencies all met for <TaskInstance: ingest_data_bigquery_fhvhv.bigquery_external_table_task scheduled__2019-05-02T06:00:00+00:00 [queued]>
[2025-01-01 04:47:01,283] {taskinstance.py:1032} INFO - Dependencies all met for <TaskInstance: ingest_data_bigquery_fhvhv.bigquery_external_table_task scheduled__2019-05-02T06:00:00+00:00 [queued]>
[2025-01-01 04:47:01,284] {taskinstance.py:1238} INFO - 
--------------------------------------------------------------------------------
[2025-01-01 04:47:01,284] {taskinstance.py:1239} INFO - Starting attempt 1 of 3
[2025-01-01 04:47:01,284] {taskinstance.py:1240} INFO - 
--------------------------------------------------------------------------------
[2025-01-01 04:47:01,297] {taskinstance.py:1259} INFO - Executing <Task(BigQueryCreateExternalTableOperator): bigquery_external_table_task> on 2019-05-02 06:00:00+00:00
[2025-01-01 04:47:01,304] {standard_task_runner.py:52} INFO - Started process 2972 to run task
[2025-01-01 04:47:01,311] {standard_task_runner.py:76} INFO - Running: ['***', 'tasks', 'run', 'ingest_data_bigquery_fhvhv', 'bigquery_external_table_task', 'scheduled__2019-05-02T06:00:00+00:00', '--job-id', '6177', '--raw', '--subdir', 'DAGS_FOLDER/data_ingestion_gcs_fhvhv_dag.py', '--cfg-path', '/tmp/tmp9bh6pg79', '--error-file', '/tmp/tmpqq2gao69']
[2025-01-01 04:47:01,317] {standard_task_runner.py:77} INFO - Job 6177: Subtask bigquery_external_table_task
[2025-01-01 04:47:01,397] {logging_mixin.py:109} INFO - Running <TaskInstance: ingest_data_bigquery_fhvhv.bigquery_external_table_task scheduled__2019-05-02T06:00:00+00:00 [running]> on host 4228b0d90dbc
[2025-01-01 04:47:01,475] {taskinstance.py:1426} INFO - Exporting the following env vars:
AIRFLOW_CTX_DAG_OWNER=***
AIRFLOW_CTX_DAG_ID=ingest_data_bigquery_fhvhv
AIRFLOW_CTX_TASK_ID=bigquery_external_table_task
AIRFLOW_CTX_EXECUTION_DATE=2019-05-02T06:00:00+00:00
AIRFLOW_CTX_DAG_RUN_ID=scheduled__2019-05-02T06:00:00+00:00
[2025-01-01 04:47:01,479] {crypto.py:82} WARNING - empty cryptography key - values will not be stored encrypted.
[2025-01-01 04:47:01,489] {warnings.py:99} WARNING - /home/***/.local/lib/python3.6/site-packages/***/providers/google/cloud/hooks/bigquery.py:637: DeprecationWarning: This method is deprecated. Please use `BigQueryHook.create_empty_table` method with passing the `table_resource` object. This gives more flexibility than this method.
  DeprecationWarning,

[2025-01-01 04:47:01,491] {bigquery.py:700} INFO - Creating external table: nyc_tlc_data.fhvhvtaxi_trips
[2025-01-01 04:47:01,791] {bigquery.py:704} INFO - External table created successfully: nyc_tlc_data.fhvhvtaxi_trips
[2025-01-01 04:47:01,807] {taskinstance.py:1277} INFO - Marking task as SUCCESS. dag_id=ingest_data_bigquery_fhvhv, task_id=bigquery_external_table_task, execution_date=20190502T060000, start_date=20250101T044701, end_date=20250101T044701
[2025-01-01 04:47:01,852] {local_task_job.py:154} INFO - Task exited with return code 0
[2025-01-01 04:47:01,895] {local_task_job.py:264} INFO - 0 downstream tasks scheduled from follow-on schedule check
[2025-01-01 11:25:27,283] {taskinstance.py:1032} INFO - Dependencies all met for <TaskInstance: ingest_data_bigquery_fhvhv.bigquery_external_table_task scheduled__2019-05-02T06:00:00+00:00 [queued]>
[2025-01-01 11:25:27,299] {taskinstance.py:1032} INFO - Dependencies all met for <TaskInstance: ingest_data_bigquery_fhvhv.bigquery_external_table_task scheduled__2019-05-02T06:00:00+00:00 [queued]>
[2025-01-01 11:25:27,299] {taskinstance.py:1238} INFO - 
--------------------------------------------------------------------------------
[2025-01-01 11:25:27,299] {taskinstance.py:1239} INFO - Starting attempt 1 of 3
[2025-01-01 11:25:27,299] {taskinstance.py:1240} INFO - 
--------------------------------------------------------------------------------
[2025-01-01 11:25:27,313] {taskinstance.py:1259} INFO - Executing <Task(BigQueryCreateExternalTableOperator): bigquery_external_table_task> on 2019-05-02 06:00:00+00:00
[2025-01-01 11:25:27,322] {standard_task_runner.py:52} INFO - Started process 6029 to run task
[2025-01-01 11:25:27,327] {standard_task_runner.py:76} INFO - Running: ['***', 'tasks', 'run', 'ingest_data_bigquery_fhvhv', 'bigquery_external_table_task', 'scheduled__2019-05-02T06:00:00+00:00', '--job-id', '6293', '--raw', '--subdir', 'DAGS_FOLDER/data_ingestion_gcs_fhvhv_dag.py', '--cfg-path', '/tmp/tmpyscfm40n', '--error-file', '/tmp/tmpb6yc6kd9']
[2025-01-01 11:25:27,332] {standard_task_runner.py:77} INFO - Job 6293: Subtask bigquery_external_table_task
[2025-01-01 11:25:27,417] {logging_mixin.py:109} INFO - Running <TaskInstance: ingest_data_bigquery_fhvhv.bigquery_external_table_task scheduled__2019-05-02T06:00:00+00:00 [running]> on host b9549a156c09
[2025-01-01 11:25:27,493] {taskinstance.py:1426} INFO - Exporting the following env vars:
AIRFLOW_CTX_DAG_OWNER=***
AIRFLOW_CTX_DAG_ID=ingest_data_bigquery_fhvhv
AIRFLOW_CTX_TASK_ID=bigquery_external_table_task
AIRFLOW_CTX_EXECUTION_DATE=2019-05-02T06:00:00+00:00
AIRFLOW_CTX_DAG_RUN_ID=scheduled__2019-05-02T06:00:00+00:00
[2025-01-01 11:25:27,497] {crypto.py:82} WARNING - empty cryptography key - values will not be stored encrypted.
[2025-01-01 11:25:27,508] {warnings.py:99} WARNING - /home/***/.local/lib/python3.6/site-packages/***/providers/google/cloud/hooks/bigquery.py:637: DeprecationWarning: This method is deprecated. Please use `BigQueryHook.create_empty_table` method with passing the `table_resource` object. This gives more flexibility than this method.
  DeprecationWarning,

[2025-01-01 11:25:27,510] {bigquery.py:700} INFO - Creating external table: nyc_tlc_data.fhvhvtaxi_trips
[2025-01-01 11:25:27,789] {bigquery.py:704} INFO - External table created successfully: nyc_tlc_data.fhvhvtaxi_trips
[2025-01-01 11:25:27,804] {taskinstance.py:1277} INFO - Marking task as SUCCESS. dag_id=ingest_data_bigquery_fhvhv, task_id=bigquery_external_table_task, execution_date=20190502T060000, start_date=20250101T112527, end_date=20250101T112527
[2025-01-01 11:25:27,868] {local_task_job.py:154} INFO - Task exited with return code 0
[2025-01-01 11:25:27,907] {local_task_job.py:264} INFO - 0 downstream tasks scheduled from follow-on schedule check
