[2024-05-02 17:54:30,488] {taskinstance.py:1032} INFO - Dependencies all met for <TaskInstance: ingest_data_bigquery_yt.bigquery_external_table_task scheduled__2020-06-02T06:00:00+00:00 [queued]>
[2024-05-02 17:54:30,506] {taskinstance.py:1032} INFO - Dependencies all met for <TaskInstance: ingest_data_bigquery_yt.bigquery_external_table_task scheduled__2020-06-02T06:00:00+00:00 [queued]>
[2024-05-02 17:54:30,507] {taskinstance.py:1238} INFO - 
--------------------------------------------------------------------------------
[2024-05-02 17:54:30,507] {taskinstance.py:1239} INFO - Starting attempt 1 of 2
[2024-05-02 17:54:30,508] {taskinstance.py:1240} INFO - 
--------------------------------------------------------------------------------
[2024-05-02 17:54:30,521] {taskinstance.py:1259} INFO - Executing <Task(BigQueryCreateExternalTableOperator): bigquery_external_table_task> on 2020-06-02 06:00:00+00:00
[2024-05-02 17:54:30,530] {standard_task_runner.py:52} INFO - Started process 4324 to run task
[2024-05-02 17:54:30,538] {standard_task_runner.py:76} INFO - Running: ['***', 'tasks', 'run', 'ingest_data_bigquery_yt', 'bigquery_external_table_task', 'scheduled__2020-06-02T06:00:00+00:00', '--job-id', '3828', '--raw', '--subdir', 'DAGS_FOLDER/data_ingestion_gcs_yt_dag.py', '--cfg-path', '/tmp/tmpqjm0_loo', '--error-file', '/tmp/tmpuqqh4rvj']
[2024-05-02 17:54:30,544] {standard_task_runner.py:77} INFO - Job 3828: Subtask bigquery_external_table_task
[2024-05-02 17:54:30,621] {logging_mixin.py:109} INFO - Running <TaskInstance: ingest_data_bigquery_yt.bigquery_external_table_task scheduled__2020-06-02T06:00:00+00:00 [running]> on host 1ed1a38cd1e3
[2024-05-02 17:54:30,695] {taskinstance.py:1426} INFO - Exporting the following env vars:
AIRFLOW_CTX_DAG_OWNER=***
AIRFLOW_CTX_DAG_ID=ingest_data_bigquery_yt
AIRFLOW_CTX_TASK_ID=bigquery_external_table_task
AIRFLOW_CTX_EXECUTION_DATE=2020-06-02T06:00:00+00:00
AIRFLOW_CTX_DAG_RUN_ID=scheduled__2020-06-02T06:00:00+00:00
[2024-05-02 17:54:30,700] {crypto.py:82} WARNING - empty cryptography key - values will not be stored encrypted.
[2024-05-02 17:54:30,713] {warnings.py:99} WARNING - /home/***/.local/lib/python3.6/site-packages/***/providers/google/cloud/hooks/bigquery.py:637: DeprecationWarning: This method is deprecated. Please use `BigQueryHook.create_empty_table` method with passing the `table_resource` object. This gives more flexibility than this method.
  DeprecationWarning,

[2024-05-02 17:54:30,715] {bigquery.py:700} INFO - Creating external table: nyc_tlc_data.yellowtaxi_trips
[2024-05-02 17:54:31,003] {bigquery.py:704} INFO - External table created successfully: nyc_tlc_data.yellowtaxi_trips
[2024-05-02 17:54:31,017] {taskinstance.py:1277} INFO - Marking task as SUCCESS. dag_id=ingest_data_bigquery_yt, task_id=bigquery_external_table_task, execution_date=20200602T060000, start_date=20240502T175430, end_date=20240502T175431
[2024-05-02 17:54:31,047] {local_task_job.py:154} INFO - Task exited with return code 0
[2024-05-02 17:54:31,084] {local_task_job.py:264} INFO - 0 downstream tasks scheduled from follow-on schedule check
[2024-05-03 08:55:11,501] {taskinstance.py:1032} INFO - Dependencies all met for <TaskInstance: ingest_data_bigquery_yt.bigquery_external_table_task scheduled__2020-06-02T06:00:00+00:00 [queued]>
[2024-05-03 08:55:11,514] {taskinstance.py:1032} INFO - Dependencies all met for <TaskInstance: ingest_data_bigquery_yt.bigquery_external_table_task scheduled__2020-06-02T06:00:00+00:00 [queued]>
[2024-05-03 08:55:11,514] {taskinstance.py:1238} INFO - 
--------------------------------------------------------------------------------
[2024-05-03 08:55:11,514] {taskinstance.py:1239} INFO - Starting attempt 1 of 2
[2024-05-03 08:55:11,515] {taskinstance.py:1240} INFO - 
--------------------------------------------------------------------------------
[2024-05-03 08:55:11,527] {taskinstance.py:1259} INFO - Executing <Task(BigQueryCreateExternalTableOperator): bigquery_external_table_task> on 2020-06-02 06:00:00+00:00
[2024-05-03 08:55:11,534] {standard_task_runner.py:52} INFO - Started process 1551 to run task
[2024-05-03 08:55:11,538] {standard_task_runner.py:76} INFO - Running: ['***', 'tasks', 'run', 'ingest_data_bigquery_yt', 'bigquery_external_table_task', 'scheduled__2020-06-02T06:00:00+00:00', '--job-id', '3947', '--raw', '--subdir', 'DAGS_FOLDER/data_ingestion_gcs_yt_dag.py', '--cfg-path', '/tmp/tmp28hdb50t', '--error-file', '/tmp/tmp5iqen6f1']
[2024-05-03 08:55:11,543] {standard_task_runner.py:77} INFO - Job 3947: Subtask bigquery_external_table_task
[2024-05-03 08:55:11,603] {logging_mixin.py:109} INFO - Running <TaskInstance: ingest_data_bigquery_yt.bigquery_external_table_task scheduled__2020-06-02T06:00:00+00:00 [running]> on host 5bfe1025092b
[2024-05-03 08:55:11,656] {taskinstance.py:1426} INFO - Exporting the following env vars:
AIRFLOW_CTX_DAG_OWNER=***
AIRFLOW_CTX_DAG_ID=ingest_data_bigquery_yt
AIRFLOW_CTX_TASK_ID=bigquery_external_table_task
AIRFLOW_CTX_EXECUTION_DATE=2020-06-02T06:00:00+00:00
AIRFLOW_CTX_DAG_RUN_ID=scheduled__2020-06-02T06:00:00+00:00
[2024-05-03 08:55:11,659] {crypto.py:82} WARNING - empty cryptography key - values will not be stored encrypted.
[2024-05-03 08:55:11,667] {warnings.py:99} WARNING - /home/***/.local/lib/python3.6/site-packages/***/providers/google/cloud/hooks/bigquery.py:637: DeprecationWarning: This method is deprecated. Please use `BigQueryHook.create_empty_table` method with passing the `table_resource` object. This gives more flexibility than this method.
  DeprecationWarning,

[2024-05-03 08:55:11,667] {bigquery.py:700} INFO - Creating external table: nyc_tlc_data.yellowtaxi_trips
[2024-05-03 08:55:12,014] {bigquery.py:704} INFO - External table created successfully: nyc_tlc_data.yellowtaxi_trips
[2024-05-03 08:55:12,216] {taskinstance.py:1277} INFO - Marking task as SUCCESS. dag_id=ingest_data_bigquery_yt, task_id=bigquery_external_table_task, execution_date=20200602T060000, start_date=20240503T085511, end_date=20240503T085512
[2024-05-03 08:55:12,279] {local_task_job.py:154} INFO - Task exited with return code 0
[2024-05-03 08:55:12,320] {local_task_job.py:264} INFO - 0 downstream tasks scheduled from follow-on schedule check
[2024-05-03 09:52:08,596] {taskinstance.py:1032} INFO - Dependencies all met for <TaskInstance: ingest_data_bigquery_yt.bigquery_external_table_task scheduled__2020-06-02T06:00:00+00:00 [queued]>
[2024-05-03 09:52:08,609] {taskinstance.py:1032} INFO - Dependencies all met for <TaskInstance: ingest_data_bigquery_yt.bigquery_external_table_task scheduled__2020-06-02T06:00:00+00:00 [queued]>
[2024-05-03 09:52:08,609] {taskinstance.py:1238} INFO - 
--------------------------------------------------------------------------------
[2024-05-03 09:52:08,609] {taskinstance.py:1239} INFO - Starting attempt 1 of 3
[2024-05-03 09:52:08,609] {taskinstance.py:1240} INFO - 
--------------------------------------------------------------------------------
[2024-05-03 09:52:08,621] {taskinstance.py:1259} INFO - Executing <Task(BigQueryCreateExternalTableOperator): bigquery_external_table_task> on 2020-06-02 06:00:00+00:00
[2024-05-03 09:52:08,628] {standard_task_runner.py:52} INFO - Started process 816 to run task
[2024-05-03 09:52:08,632] {standard_task_runner.py:76} INFO - Running: ['***', 'tasks', 'run', 'ingest_data_bigquery_yt', 'bigquery_external_table_task', 'scheduled__2020-06-02T06:00:00+00:00', '--job-id', '4019', '--raw', '--subdir', 'DAGS_FOLDER/data_ingstion_gcs_yt_dag.py', '--cfg-path', '/tmp/tmp4g_smkbr', '--error-file', '/tmp/tmpmdjtcc5m']
[2024-05-03 09:52:08,637] {standard_task_runner.py:77} INFO - Job 4019: Subtask bigquery_external_table_task
[2024-05-03 09:52:08,705] {logging_mixin.py:109} INFO - Running <TaskInstance: ingest_data_bigquery_yt.bigquery_external_table_task scheduled__2020-06-02T06:00:00+00:00 [running]> on host b81c18b6cf72
[2024-05-03 09:52:08,762] {taskinstance.py:1426} INFO - Exporting the following env vars:
AIRFLOW_CTX_DAG_OWNER=***
AIRFLOW_CTX_DAG_ID=ingest_data_bigquery_yt
AIRFLOW_CTX_TASK_ID=bigquery_external_table_task
AIRFLOW_CTX_EXECUTION_DATE=2020-06-02T06:00:00+00:00
AIRFLOW_CTX_DAG_RUN_ID=scheduled__2020-06-02T06:00:00+00:00
[2024-05-03 09:52:08,766] {crypto.py:82} WARNING - empty cryptography key - values will not be stored encrypted.
[2024-05-03 09:52:08,774] {warnings.py:99} WARNING - /home/***/.local/lib/python3.6/site-packages/***/providers/google/cloud/hooks/bigquery.py:637: DeprecationWarning: This method is deprecated. Please use `BigQueryHook.create_empty_table` method with passing the `table_resource` object. This gives more flexibility than this method.
  DeprecationWarning,

[2024-05-03 09:52:08,775] {bigquery.py:700} INFO - Creating external table: nyc_tlc_data.yellowtaxi_trips
[2024-05-03 09:52:09,049] {bigquery.py:704} INFO - External table created successfully: nyc_tlc_data.yellowtaxi_trips
[2024-05-03 09:52:09,061] {taskinstance.py:1277} INFO - Marking task as SUCCESS. dag_id=ingest_data_bigquery_yt, task_id=bigquery_external_table_task, execution_date=20200602T060000, start_date=20240503T095208, end_date=20240503T095209
[2024-05-03 09:52:09,092] {local_task_job.py:154} INFO - Task exited with return code 0
[2024-05-03 09:52:09,125] {local_task_job.py:264} INFO - 0 downstream tasks scheduled from follow-on schedule check
[2024-05-03 17:10:12,086] {taskinstance.py:1032} INFO - Dependencies all met for <TaskInstance: ingest_data_bigquery_yt.bigquery_external_table_task scheduled__2020-06-02T06:00:00+00:00 [queued]>
[2024-05-03 17:10:12,128] {taskinstance.py:1032} INFO - Dependencies all met for <TaskInstance: ingest_data_bigquery_yt.bigquery_external_table_task scheduled__2020-06-02T06:00:00+00:00 [queued]>
[2024-05-03 17:10:12,129] {taskinstance.py:1238} INFO - 
--------------------------------------------------------------------------------
[2024-05-03 17:10:12,129] {taskinstance.py:1239} INFO - Starting attempt 1 of 3
[2024-05-03 17:10:12,130] {taskinstance.py:1240} INFO - 
--------------------------------------------------------------------------------
[2024-05-03 17:10:12,171] {taskinstance.py:1259} INFO - Executing <Task(BigQueryCreateExternalTableOperator): bigquery_external_table_task> on 2020-06-02 06:00:00+00:00
[2024-05-03 17:10:12,218] {standard_task_runner.py:76} INFO - Running: ['***', 'tasks', 'run', 'ingest_data_bigquery_yt', 'bigquery_external_table_task', 'scheduled__2020-06-02T06:00:00+00:00', '--job-id', '4260', '--raw', '--subdir', 'DAGS_FOLDER/data_ingstion_gcs_yt_dag.py', '--cfg-path', '/tmp/tmpd4m91zpn', '--error-file', '/tmp/tmpou35f31_']
[2024-05-03 17:10:12,203] {standard_task_runner.py:52} INFO - Started process 635 to run task
[2024-05-03 17:10:12,243] {standard_task_runner.py:77} INFO - Job 4260: Subtask bigquery_external_table_task
[2024-05-03 17:10:12,547] {logging_mixin.py:109} INFO - Running <TaskInstance: ingest_data_bigquery_yt.bigquery_external_table_task scheduled__2020-06-02T06:00:00+00:00 [running]> on host f0ab9bf9b587
[2024-05-03 17:10:12,844] {taskinstance.py:1426} INFO - Exporting the following env vars:
AIRFLOW_CTX_DAG_OWNER=***
AIRFLOW_CTX_DAG_ID=ingest_data_bigquery_yt
AIRFLOW_CTX_TASK_ID=bigquery_external_table_task
AIRFLOW_CTX_EXECUTION_DATE=2020-06-02T06:00:00+00:00
AIRFLOW_CTX_DAG_RUN_ID=scheduled__2020-06-02T06:00:00+00:00
[2024-05-03 17:10:12,857] {crypto.py:82} WARNING - empty cryptography key - values will not be stored encrypted.
[2024-05-03 17:10:12,911] {warnings.py:99} WARNING - /home/***/.local/lib/python3.6/site-packages/***/providers/google/cloud/hooks/bigquery.py:637: DeprecationWarning: This method is deprecated. Please use `BigQueryHook.create_empty_table` method with passing the `table_resource` object. This gives more flexibility than this method.
  DeprecationWarning,

[2024-05-03 17:10:12,919] {bigquery.py:700} INFO - Creating external table: nyc_tlc_data.yellowtaxi_trips
[2024-05-03 17:10:13,419] {bigquery.py:704} INFO - External table created successfully: nyc_tlc_data.yellowtaxi_trips
[2024-05-03 17:10:13,449] {taskinstance.py:1277} INFO - Marking task as SUCCESS. dag_id=ingest_data_bigquery_yt, task_id=bigquery_external_table_task, execution_date=20200602T060000, start_date=20240503T171012, end_date=20240503T171013
[2024-05-03 17:10:13,531] {local_task_job.py:154} INFO - Task exited with return code 0
[2024-05-03 17:10:13,622] {local_task_job.py:264} INFO - 0 downstream tasks scheduled from follow-on schedule check
[2024-05-12 10:41:21,968] {taskinstance.py:1032} INFO - Dependencies all met for <TaskInstance: ingest_data_bigquery_yt.bigquery_external_table_task scheduled__2020-06-02T06:00:00+00:00 [queued]>
[2024-05-12 10:41:21,977] {taskinstance.py:1032} INFO - Dependencies all met for <TaskInstance: ingest_data_bigquery_yt.bigquery_external_table_task scheduled__2020-06-02T06:00:00+00:00 [queued]>
[2024-05-12 10:41:21,977] {taskinstance.py:1238} INFO - 
--------------------------------------------------------------------------------
[2024-05-12 10:41:21,977] {taskinstance.py:1239} INFO - Starting attempt 1 of 3
[2024-05-12 10:41:21,977] {taskinstance.py:1240} INFO - 
--------------------------------------------------------------------------------
[2024-05-12 10:41:21,987] {taskinstance.py:1259} INFO - Executing <Task(BigQueryCreateExternalTableOperator): bigquery_external_table_task> on 2020-06-02 06:00:00+00:00
[2024-05-12 10:41:21,993] {standard_task_runner.py:52} INFO - Started process 93 to run task
[2024-05-12 10:41:21,996] {standard_task_runner.py:76} INFO - Running: ['***', 'tasks', 'run', 'ingest_data_bigquery_yt', 'bigquery_external_table_task', 'scheduled__2020-06-02T06:00:00+00:00', '--job-id', '4673', '--raw', '--subdir', 'DAGS_FOLDER/data_ingstion_gcs_yt_dag.py', '--cfg-path', '/tmp/tmpmu_eonbm', '--error-file', '/tmp/tmp7sljjck1']
[2024-05-12 10:41:22,000] {standard_task_runner.py:77} INFO - Job 4673: Subtask bigquery_external_table_task
[2024-05-12 10:41:22,052] {logging_mixin.py:109} INFO - Running <TaskInstance: ingest_data_bigquery_yt.bigquery_external_table_task scheduled__2020-06-02T06:00:00+00:00 [running]> on host 4d4efceb404e
[2024-05-12 10:41:22,096] {taskinstance.py:1426} INFO - Exporting the following env vars:
AIRFLOW_CTX_DAG_OWNER=***
AIRFLOW_CTX_DAG_ID=ingest_data_bigquery_yt
AIRFLOW_CTX_TASK_ID=bigquery_external_table_task
AIRFLOW_CTX_EXECUTION_DATE=2020-06-02T06:00:00+00:00
AIRFLOW_CTX_DAG_RUN_ID=scheduled__2020-06-02T06:00:00+00:00
[2024-05-12 10:41:22,099] {crypto.py:82} WARNING - empty cryptography key - values will not be stored encrypted.
[2024-05-12 10:41:22,107] {warnings.py:99} WARNING - /home/***/.local/lib/python3.6/site-packages/***/providers/google/cloud/hooks/bigquery.py:637: DeprecationWarning: This method is deprecated. Please use `BigQueryHook.create_empty_table` method with passing the `table_resource` object. This gives more flexibility than this method.
  DeprecationWarning,

[2024-05-12 10:41:22,107] {bigquery.py:700} INFO - Creating external table: nyc_tlc_data.yellowtaxi_trips
[2024-05-12 10:41:22,433] {bigquery.py:704} INFO - External table created successfully: nyc_tlc_data.yellowtaxi_trips
[2024-05-12 10:41:22,541] {taskinstance.py:1277} INFO - Marking task as SUCCESS. dag_id=ingest_data_bigquery_yt, task_id=bigquery_external_table_task, execution_date=20200602T060000, start_date=20240512T104121, end_date=20240512T104122
[2024-05-12 10:41:22,575] {local_task_job.py:154} INFO - Task exited with return code 0
[2024-05-12 10:41:22,604] {local_task_job.py:264} INFO - 0 downstream tasks scheduled from follow-on schedule check
