[2024-03-26 14:34:39,425] {taskinstance.py:1032} INFO - Dependencies all met for <TaskInstance: LocalIngestionDag.wget scheduled__2023-04-02T06:00:00+00:00 [queued]>
[2024-03-26 14:34:39,498] {taskinstance.py:1032} INFO - Dependencies all met for <TaskInstance: LocalIngestionDag.wget scheduled__2023-04-02T06:00:00+00:00 [queued]>
[2024-03-26 14:34:39,500] {taskinstance.py:1238} INFO - 
--------------------------------------------------------------------------------
[2024-03-26 14:34:39,504] {taskinstance.py:1239} INFO - Starting attempt 1 of 1
[2024-03-26 14:34:39,504] {taskinstance.py:1240} INFO - 
--------------------------------------------------------------------------------
[2024-03-26 14:34:39,546] {taskinstance.py:1259} INFO - Executing <Task(BashOperator): wget> on 2023-04-02 06:00:00+00:00
[2024-03-26 14:34:39,561] {standard_task_runner.py:52} INFO - Started process 313 to run task
[2024-03-26 14:34:39,593] {standard_task_runner.py:76} INFO - Running: ['***', 'tasks', 'run', 'LocalIngestionDag', 'wget', 'scheduled__2023-04-02T06:00:00+00:00', '--job-id', '193', '--raw', '--subdir', 'DAGS_FOLDER/data_ingestion_local.py', '--cfg-path', '/tmp/tmplx1hesmd', '--error-file', '/tmp/tmp_cjn73an']
[2024-03-26 14:34:39,594] {standard_task_runner.py:77} INFO - Job 193: Subtask wget
[2024-03-26 14:34:39,819] {logging_mixin.py:109} INFO - Running <TaskInstance: LocalIngestionDag.wget scheduled__2023-04-02T06:00:00+00:00 [running]> on host 55b5831905d1
[2024-03-26 14:34:39,926] {warnings.py:99} WARNING - /home/***/.local/lib/python3.6/site-packages/***/utils/context.py:152: AirflowContextDeprecationWarning: Accessing 'execution_date' from the template is deprecated and will be removed in a future version. Please use 'data_interval_start' or 'logical_date' instead.
  warnings.warn(_create_deprecation_warning(key, self._deprecation_replacements[key]))

[2024-03-26 14:34:39,969] {taskinstance.py:1426} INFO - Exporting the following env vars:
AIRFLOW_CTX_DAG_OWNER=***
AIRFLOW_CTX_DAG_ID=LocalIngestionDag
AIRFLOW_CTX_TASK_ID=wget
AIRFLOW_CTX_EXECUTION_DATE=2023-04-02T06:00:00+00:00
AIRFLOW_CTX_DAG_RUN_ID=scheduled__2023-04-02T06:00:00+00:00
[2024-03-26 14:34:39,970] {subprocess.py:62} INFO - Tmp dir root location: 
 /tmp
[2024-03-26 14:34:39,972] {subprocess.py:74} INFO - Running command: ['bash', '-c', 'curl -sSL https://s3.amazonaws.com/nyc-tlc/trip+data/yellow_tripdata_2023-04.csv > /opt/***/output_2023-04.csv']
[2024-03-26 14:34:40,032] {subprocess.py:85} INFO - Output:
[2024-03-26 14:34:41,015] {subprocess.py:93} INFO - Command exited with return code 0
[2024-03-26 14:34:41,058] {taskinstance.py:1277} INFO - Marking task as SUCCESS. dag_id=LocalIngestionDag, task_id=wget, execution_date=20230402T060000, start_date=20240326T143439, end_date=20240326T143441
[2024-03-26 14:34:41,116] {local_task_job.py:154} INFO - Task exited with return code 0
[2024-03-26 14:34:41,253] {local_task_job.py:264} INFO - 1 downstream tasks scheduled from follow-on schedule check
[2024-03-26 15:30:22,332] {taskinstance.py:1032} INFO - Dependencies all met for <TaskInstance: LocalIngestionDag.wget scheduled__2023-04-02T06:00:00+00:00 [queued]>
[2024-03-26 15:30:22,433] {taskinstance.py:1032} INFO - Dependencies all met for <TaskInstance: LocalIngestionDag.wget scheduled__2023-04-02T06:00:00+00:00 [queued]>
[2024-03-26 15:30:22,434] {taskinstance.py:1238} INFO - 
--------------------------------------------------------------------------------
[2024-03-26 15:30:22,435] {taskinstance.py:1239} INFO - Starting attempt 1 of 1
[2024-03-26 15:30:22,435] {taskinstance.py:1240} INFO - 
--------------------------------------------------------------------------------
[2024-03-26 15:30:22,485] {taskinstance.py:1259} INFO - Executing <Task(BashOperator): wget> on 2023-04-02 06:00:00+00:00
[2024-03-26 15:30:22,505] {standard_task_runner.py:52} INFO - Started process 1072 to run task
[2024-03-26 15:30:22,516] {standard_task_runner.py:76} INFO - Running: ['***', 'tasks', 'run', 'LocalIngestionDag', 'wget', 'scheduled__2023-04-02T06:00:00+00:00', '--job-id', '312', '--raw', '--subdir', 'DAGS_FOLDER/data_ingestion_local.py', '--cfg-path', '/tmp/tmpee7fasa6', '--error-file', '/tmp/tmp7hupm7o_']
[2024-03-26 15:30:22,517] {standard_task_runner.py:77} INFO - Job 312: Subtask wget
[2024-03-26 15:30:22,694] {logging_mixin.py:109} INFO - Running <TaskInstance: LocalIngestionDag.wget scheduled__2023-04-02T06:00:00+00:00 [running]> on host 153a478eba08
[2024-03-26 15:30:22,790] {warnings.py:99} WARNING - /home/***/.local/lib/python3.6/site-packages/***/utils/context.py:152: AirflowContextDeprecationWarning: Accessing 'execution_date' from the template is deprecated and will be removed in a future version. Please use 'data_interval_start' or 'logical_date' instead.
  warnings.warn(_create_deprecation_warning(key, self._deprecation_replacements[key]))

[2024-03-26 15:30:22,899] {taskinstance.py:1426} INFO - Exporting the following env vars:
AIRFLOW_CTX_DAG_OWNER=***
AIRFLOW_CTX_DAG_ID=LocalIngestionDag
AIRFLOW_CTX_TASK_ID=wget
AIRFLOW_CTX_EXECUTION_DATE=2023-04-02T06:00:00+00:00
AIRFLOW_CTX_DAG_RUN_ID=scheduled__2023-04-02T06:00:00+00:00
[2024-03-26 15:30:22,916] {subprocess.py:62} INFO - Tmp dir root location: 
 /tmp
[2024-03-26 15:30:22,917] {subprocess.py:74} INFO - Running command: ['bash', '-c', 'curl -sSL https://s3.amazonaws.com/nyc-tlc/trip+data/yellow_tripdata_2023-04.csv > /opt/***/output_2023-04.csv']
[2024-03-26 15:30:22,962] {subprocess.py:85} INFO - Output:
[2024-03-26 15:30:24,033] {subprocess.py:93} INFO - Command exited with return code 0
[2024-03-26 15:30:24,268] {taskinstance.py:1277} INFO - Marking task as SUCCESS. dag_id=LocalIngestionDag, task_id=wget, execution_date=20230402T060000, start_date=20240326T153022, end_date=20240326T153024
[2024-03-26 15:30:24,346] {local_task_job.py:154} INFO - Task exited with return code 0
[2024-03-26 15:30:24,429] {local_task_job.py:264} INFO - 1 downstream tasks scheduled from follow-on schedule check
