[2024-05-02 04:03:34,111] {taskinstance.py:1032} INFO - Dependencies all met for <TaskInstance: ingest_data_bigquery_yt.download_dataset_task scheduled__2020-08-02T06:00:00+00:00 [queued]>
[2024-05-02 04:03:34,173] {taskinstance.py:1032} INFO - Dependencies all met for <TaskInstance: ingest_data_bigquery_yt.download_dataset_task scheduled__2020-08-02T06:00:00+00:00 [queued]>
[2024-05-02 04:03:34,173] {taskinstance.py:1238} INFO - 
--------------------------------------------------------------------------------
[2024-05-02 04:03:34,173] {taskinstance.py:1239} INFO - Starting attempt 1 of 2
[2024-05-02 04:03:34,174] {taskinstance.py:1240} INFO - 
--------------------------------------------------------------------------------
[2024-05-02 04:03:34,209] {taskinstance.py:1259} INFO - Executing <Task(BashOperator): download_dataset_task> on 2020-08-02 06:00:00+00:00
[2024-05-02 04:03:34,226] {standard_task_runner.py:52} INFO - Started process 5219 to run task
[2024-05-02 04:03:34,236] {standard_task_runner.py:76} INFO - Running: ['***', 'tasks', 'run', 'ingest_data_bigquery_yt', 'download_dataset_task', 'scheduled__2020-08-02T06:00:00+00:00', '--job-id', '3740', '--raw', '--subdir', 'DAGS_FOLDER/data_ingestion_gcs_yt_dag.py', '--cfg-path', '/tmp/tmpzl2u18tj', '--error-file', '/tmp/tmpwquggjl_']
[2024-05-02 04:03:34,265] {standard_task_runner.py:77} INFO - Job 3740: Subtask download_dataset_task
[2024-05-02 04:03:34,486] {logging_mixin.py:109} INFO - Running <TaskInstance: ingest_data_bigquery_yt.download_dataset_task scheduled__2020-08-02T06:00:00+00:00 [running]> on host bef445d594dc
[2024-05-02 04:03:34,626] {warnings.py:99} WARNING - /home/***/.local/lib/python3.6/site-packages/***/utils/context.py:152: AirflowContextDeprecationWarning: Accessing 'execution_date' from the template is deprecated and will be removed in a future version. Please use 'data_interval_start' or 'logical_date' instead.
  warnings.warn(_create_deprecation_warning(key, self._deprecation_replacements[key]))

[2024-05-02 04:03:34,699] {taskinstance.py:1426} INFO - Exporting the following env vars:
AIRFLOW_CTX_DAG_OWNER=***
AIRFLOW_CTX_DAG_ID=ingest_data_bigquery_yt
AIRFLOW_CTX_TASK_ID=download_dataset_task
AIRFLOW_CTX_EXECUTION_DATE=2020-08-02T06:00:00+00:00
AIRFLOW_CTX_DAG_RUN_ID=scheduled__2020-08-02T06:00:00+00:00
[2024-05-02 04:03:34,701] {subprocess.py:62} INFO - Tmp dir root location: 
 /tmp
[2024-05-02 04:03:34,702] {subprocess.py:74} INFO - Running command: ['bash', '-c', 'curl -sSL https://github.com/DataTalksClub/nyc-tlc-data/releases/download/yellow/yellow_tripdata_2020-08.csv.gz > /opt/***/raw_data/yellowtaxi_tripdata_2020-08.csv.gz | gzip -d > /opt/***/raw_data/yellowtaxi_tripdata_2020-08.csv && rm /opt/***/raw_data/yellowtaxi_tripdata_2020-08.csv.gz']
[2024-05-02 04:03:34,724] {subprocess.py:85} INFO - Output:
[2024-05-02 04:03:34,760] {subprocess.py:89} INFO - 
[2024-05-02 04:03:34,760] {subprocess.py:89} INFO - gzip: stdin: unexpected end of file
[2024-05-02 04:03:37,217] {subprocess.py:93} INFO - Command exited with return code 1
[2024-05-02 04:03:37,284] {taskinstance.py:1700} ERROR - Task failed with exception
Traceback (most recent call last):
  File "/home/airflow/.local/lib/python3.6/site-packages/airflow/models/taskinstance.py", line 1329, in _run_raw_task
    self._execute_task_with_callbacks(context)
  File "/home/airflow/.local/lib/python3.6/site-packages/airflow/models/taskinstance.py", line 1455, in _execute_task_with_callbacks
    result = self._execute_task(context, self.task)
  File "/home/airflow/.local/lib/python3.6/site-packages/airflow/models/taskinstance.py", line 1511, in _execute_task
    result = execute_callable(context=context)
  File "/home/airflow/.local/lib/python3.6/site-packages/airflow/operators/bash.py", line 188, in execute
    f'Bash command failed. The command returned a non-zero exit code {result.exit_code}.'
airflow.exceptions.AirflowException: Bash command failed. The command returned a non-zero exit code 1.
[2024-05-02 04:03:37,320] {taskinstance.py:1277} INFO - Marking task as UP_FOR_RETRY. dag_id=ingest_data_bigquery_yt, task_id=download_dataset_task, execution_date=20200802T060000, start_date=20240502T040334, end_date=20240502T040337
[2024-05-02 04:03:37,358] {standard_task_runner.py:92} ERROR - Failed to execute job 3740 for task download_dataset_task
Traceback (most recent call last):
  File "/home/airflow/.local/lib/python3.6/site-packages/airflow/task/task_runner/standard_task_runner.py", line 85, in _start_by_fork
    args.func(args, dag=self.dag)
  File "/home/airflow/.local/lib/python3.6/site-packages/airflow/cli/cli_parser.py", line 48, in command
    return func(*args, **kwargs)
  File "/home/airflow/.local/lib/python3.6/site-packages/airflow/utils/cli.py", line 92, in wrapper
    return f(*args, **kwargs)
  File "/home/airflow/.local/lib/python3.6/site-packages/airflow/cli/commands/task_command.py", line 298, in task_run
    _run_task_by_selected_method(args, dag, ti)
  File "/home/airflow/.local/lib/python3.6/site-packages/airflow/cli/commands/task_command.py", line 107, in _run_task_by_selected_method
    _run_raw_task(args, ti)
  File "/home/airflow/.local/lib/python3.6/site-packages/airflow/cli/commands/task_command.py", line 184, in _run_raw_task
    error_file=args.error_file,
  File "/home/airflow/.local/lib/python3.6/site-packages/airflow/utils/session.py", line 70, in wrapper
    return func(*args, session=session, **kwargs)
  File "/home/airflow/.local/lib/python3.6/site-packages/airflow/models/taskinstance.py", line 1329, in _run_raw_task
    self._execute_task_with_callbacks(context)
  File "/home/airflow/.local/lib/python3.6/site-packages/airflow/models/taskinstance.py", line 1455, in _execute_task_with_callbacks
    result = self._execute_task(context, self.task)
  File "/home/airflow/.local/lib/python3.6/site-packages/airflow/models/taskinstance.py", line 1511, in _execute_task
    result = execute_callable(context=context)
  File "/home/airflow/.local/lib/python3.6/site-packages/airflow/operators/bash.py", line 188, in execute
    f'Bash command failed. The command returned a non-zero exit code {result.exit_code}.'
airflow.exceptions.AirflowException: Bash command failed. The command returned a non-zero exit code 1.
[2024-05-02 04:03:37,417] {local_task_job.py:154} INFO - Task exited with return code 1
[2024-05-02 04:03:37,536] {local_task_job.py:264} INFO - 0 downstream tasks scheduled from follow-on schedule check
[2024-05-02 17:55:21,401] {taskinstance.py:1032} INFO - Dependencies all met for <TaskInstance: ingest_data_bigquery_yt.download_dataset_task scheduled__2020-08-02T06:00:00+00:00 [queued]>
[2024-05-02 17:55:21,417] {taskinstance.py:1032} INFO - Dependencies all met for <TaskInstance: ingest_data_bigquery_yt.download_dataset_task scheduled__2020-08-02T06:00:00+00:00 [queued]>
[2024-05-02 17:55:21,417] {taskinstance.py:1238} INFO - 
--------------------------------------------------------------------------------
[2024-05-02 17:55:21,417] {taskinstance.py:1239} INFO - Starting attempt 1 of 2
[2024-05-02 17:55:21,417] {taskinstance.py:1240} INFO - 
--------------------------------------------------------------------------------
[2024-05-02 17:55:21,433] {taskinstance.py:1259} INFO - Executing <Task(BashOperator): download_dataset_task> on 2020-08-02 06:00:00+00:00
[2024-05-02 17:55:21,440] {standard_task_runner.py:52} INFO - Started process 4386 to run task
[2024-05-02 17:55:21,445] {standard_task_runner.py:76} INFO - Running: ['***', 'tasks', 'run', 'ingest_data_bigquery_yt', 'download_dataset_task', 'scheduled__2020-08-02T06:00:00+00:00', '--job-id', '3832', '--raw', '--subdir', 'DAGS_FOLDER/data_ingestion_gcs_yt_dag.py', '--cfg-path', '/tmp/tmp2xijf7zk', '--error-file', '/tmp/tmplj2sa6fy']
[2024-05-02 17:55:21,450] {standard_task_runner.py:77} INFO - Job 3832: Subtask download_dataset_task
[2024-05-02 17:55:21,531] {logging_mixin.py:109} INFO - Running <TaskInstance: ingest_data_bigquery_yt.download_dataset_task scheduled__2020-08-02T06:00:00+00:00 [running]> on host 1ed1a38cd1e3
[2024-05-02 17:55:21,578] {warnings.py:99} WARNING - /home/***/.local/lib/python3.6/site-packages/***/utils/context.py:152: AirflowContextDeprecationWarning: Accessing 'execution_date' from the template is deprecated and will be removed in a future version. Please use 'data_interval_start' or 'logical_date' instead.
  warnings.warn(_create_deprecation_warning(key, self._deprecation_replacements[key]))

[2024-05-02 17:55:21,604] {taskinstance.py:1426} INFO - Exporting the following env vars:
AIRFLOW_CTX_DAG_OWNER=***
AIRFLOW_CTX_DAG_ID=ingest_data_bigquery_yt
AIRFLOW_CTX_TASK_ID=download_dataset_task
AIRFLOW_CTX_EXECUTION_DATE=2020-08-02T06:00:00+00:00
AIRFLOW_CTX_DAG_RUN_ID=scheduled__2020-08-02T06:00:00+00:00
[2024-05-02 17:55:21,606] {subprocess.py:62} INFO - Tmp dir root location: 
 /tmp
[2024-05-02 17:55:21,607] {subprocess.py:74} INFO - Running command: ['bash', '-c', 'curl -sSL https://github.com/DataTalksClub/nyc-tlc-data/releases/download/yellow/yellow_tripdata_2020-08.csv.gz > /opt/***/raw_data/yellowtaxi_tripdata_2020-08.csv.gz && gunzip /opt/***/raw_data/yellowtaxi_tripdata_2020-08.csv.gz']
[2024-05-02 17:55:21,624] {subprocess.py:85} INFO - Output:
[2024-05-02 17:55:23,885] {subprocess.py:93} INFO - Command exited with return code 0
[2024-05-02 17:55:24,100] {taskinstance.py:1277} INFO - Marking task as SUCCESS. dag_id=ingest_data_bigquery_yt, task_id=download_dataset_task, execution_date=20200802T060000, start_date=20240502T175521, end_date=20240502T175524
[2024-05-02 17:55:24,156] {local_task_job.py:154} INFO - Task exited with return code 0
[2024-05-02 17:55:24,204] {local_task_job.py:264} INFO - 1 downstream tasks scheduled from follow-on schedule check
[2024-05-03 08:55:15,747] {taskinstance.py:1032} INFO - Dependencies all met for <TaskInstance: ingest_data_bigquery_yt.download_dataset_task scheduled__2020-08-02T06:00:00+00:00 [queued]>
[2024-05-03 08:55:15,768] {taskinstance.py:1032} INFO - Dependencies all met for <TaskInstance: ingest_data_bigquery_yt.download_dataset_task scheduled__2020-08-02T06:00:00+00:00 [queued]>
[2024-05-03 08:55:15,769] {taskinstance.py:1238} INFO - 
--------------------------------------------------------------------------------
[2024-05-03 08:55:15,770] {taskinstance.py:1239} INFO - Starting attempt 1 of 2
[2024-05-03 08:55:15,770] {taskinstance.py:1240} INFO - 
--------------------------------------------------------------------------------
[2024-05-03 08:55:15,788] {taskinstance.py:1259} INFO - Executing <Task(BashOperator): download_dataset_task> on 2020-08-02 06:00:00+00:00
[2024-05-03 08:55:15,797] {standard_task_runner.py:52} INFO - Started process 1570 to run task
[2024-05-03 08:55:15,802] {standard_task_runner.py:76} INFO - Running: ['***', 'tasks', 'run', 'ingest_data_bigquery_yt', 'download_dataset_task', 'scheduled__2020-08-02T06:00:00+00:00', '--job-id', '3949', '--raw', '--subdir', 'DAGS_FOLDER/data_ingestion_gcs_yt_dag.py', '--cfg-path', '/tmp/tmp01vyyyi4', '--error-file', '/tmp/tmp6hu6ewbr']
[2024-05-03 08:55:15,809] {standard_task_runner.py:77} INFO - Job 3949: Subtask download_dataset_task
[2024-05-03 08:55:15,904] {logging_mixin.py:109} INFO - Running <TaskInstance: ingest_data_bigquery_yt.download_dataset_task scheduled__2020-08-02T06:00:00+00:00 [running]> on host 5bfe1025092b
[2024-05-03 08:55:15,972] {warnings.py:99} WARNING - /home/***/.local/lib/python3.6/site-packages/***/utils/context.py:152: AirflowContextDeprecationWarning: Accessing 'execution_date' from the template is deprecated and will be removed in a future version. Please use 'data_interval_start' or 'logical_date' instead.
  warnings.warn(_create_deprecation_warning(key, self._deprecation_replacements[key]))

[2024-05-03 08:55:16,008] {taskinstance.py:1426} INFO - Exporting the following env vars:
AIRFLOW_CTX_DAG_OWNER=***
AIRFLOW_CTX_DAG_ID=ingest_data_bigquery_yt
AIRFLOW_CTX_TASK_ID=download_dataset_task
AIRFLOW_CTX_EXECUTION_DATE=2020-08-02T06:00:00+00:00
AIRFLOW_CTX_DAG_RUN_ID=scheduled__2020-08-02T06:00:00+00:00
[2024-05-03 08:55:16,011] {subprocess.py:62} INFO - Tmp dir root location: 
 /tmp
[2024-05-03 08:55:16,012] {subprocess.py:74} INFO - Running command: ['bash', '-c', 'curl -sSL https://github.com/DataTalksClub/nyc-tlc-data/releases/download/yellow/yellow_tripdata_2020-08.csv.gz > /opt/***/raw_data/yellowtaxi_tripdata_2020-08.csv.gz && gunzip /opt/***/raw_data/yellowtaxi_tripdata_2020-08.csv.gz']
[2024-05-03 08:55:16,029] {subprocess.py:85} INFO - Output:
[2024-05-03 08:55:18,448] {subprocess.py:93} INFO - Command exited with return code 0
[2024-05-03 08:55:18,479] {taskinstance.py:1277} INFO - Marking task as SUCCESS. dag_id=ingest_data_bigquery_yt, task_id=download_dataset_task, execution_date=20200802T060000, start_date=20240503T085515, end_date=20240503T085518
[2024-05-03 08:55:18,514] {local_task_job.py:154} INFO - Task exited with return code 0
[2024-05-03 08:55:18,555] {local_task_job.py:264} INFO - 1 downstream tasks scheduled from follow-on schedule check
[2024-05-03 09:52:12,644] {taskinstance.py:1032} INFO - Dependencies all met for <TaskInstance: ingest_data_bigquery_yt.download_dataset_task scheduled__2020-08-02T06:00:00+00:00 [queued]>
[2024-05-03 09:52:12,656] {taskinstance.py:1032} INFO - Dependencies all met for <TaskInstance: ingest_data_bigquery_yt.download_dataset_task scheduled__2020-08-02T06:00:00+00:00 [queued]>
[2024-05-03 09:52:12,657] {taskinstance.py:1238} INFO - 
--------------------------------------------------------------------------------
[2024-05-03 09:52:12,657] {taskinstance.py:1239} INFO - Starting attempt 1 of 3
[2024-05-03 09:52:12,657] {taskinstance.py:1240} INFO - 
--------------------------------------------------------------------------------
[2024-05-03 09:52:12,668] {taskinstance.py:1259} INFO - Executing <Task(BashOperator): download_dataset_task> on 2020-08-02 06:00:00+00:00
[2024-05-03 09:52:12,674] {standard_task_runner.py:52} INFO - Started process 825 to run task
[2024-05-03 09:52:12,678] {standard_task_runner.py:76} INFO - Running: ['***', 'tasks', 'run', 'ingest_data_bigquery_yt', 'download_dataset_task', 'scheduled__2020-08-02T06:00:00+00:00', '--job-id', '4021', '--raw', '--subdir', 'DAGS_FOLDER/data_ingstion_gcs_yt_dag.py', '--cfg-path', '/tmp/tmprs4ygt3p', '--error-file', '/tmp/tmpar9wj58p']
[2024-05-03 09:52:12,682] {standard_task_runner.py:77} INFO - Job 4021: Subtask download_dataset_task
[2024-05-03 09:52:12,748] {logging_mixin.py:109} INFO - Running <TaskInstance: ingest_data_bigquery_yt.download_dataset_task scheduled__2020-08-02T06:00:00+00:00 [running]> on host b81c18b6cf72
[2024-05-03 09:52:12,784] {warnings.py:99} WARNING - /home/***/.local/lib/python3.6/site-packages/***/utils/context.py:152: AirflowContextDeprecationWarning: Accessing 'execution_date' from the template is deprecated and will be removed in a future version. Please use 'data_interval_start' or 'logical_date' instead.
  warnings.warn(_create_deprecation_warning(key, self._deprecation_replacements[key]))

[2024-05-03 09:52:12,805] {taskinstance.py:1426} INFO - Exporting the following env vars:
AIRFLOW_CTX_DAG_OWNER=***
AIRFLOW_CTX_DAG_ID=ingest_data_bigquery_yt
AIRFLOW_CTX_TASK_ID=download_dataset_task
AIRFLOW_CTX_EXECUTION_DATE=2020-08-02T06:00:00+00:00
AIRFLOW_CTX_DAG_RUN_ID=scheduled__2020-08-02T06:00:00+00:00
[2024-05-03 09:52:12,806] {subprocess.py:62} INFO - Tmp dir root location: 
 /tmp
[2024-05-03 09:52:12,807] {subprocess.py:74} INFO - Running command: ['bash', '-c', 'curl -sSL https://github.com/DataTalksClub/nyc-tlc-data/releases/download/yellow/yellow_tripdata_2020-08.csv.gz > /opt/***/raw_data/yellowtaxi_tripdata_2020-08.csv.gz && gunzip /opt/***/raw_data/yellowtaxi_tripdata_2020-08.csv.gz']
[2024-05-03 09:52:12,822] {subprocess.py:85} INFO - Output:
[2024-05-03 09:52:14,865] {subprocess.py:93} INFO - Command exited with return code 0
[2024-05-03 09:52:14,901] {taskinstance.py:1277} INFO - Marking task as SUCCESS. dag_id=ingest_data_bigquery_yt, task_id=download_dataset_task, execution_date=20200802T060000, start_date=20240503T095212, end_date=20240503T095214
[2024-05-03 09:52:14,944] {local_task_job.py:154} INFO - Task exited with return code 0
[2024-05-03 09:52:14,994] {local_task_job.py:264} INFO - 1 downstream tasks scheduled from follow-on schedule check
[2024-05-03 17:10:21,168] {taskinstance.py:1032} INFO - Dependencies all met for <TaskInstance: ingest_data_bigquery_yt.download_dataset_task scheduled__2020-08-02T06:00:00+00:00 [queued]>
[2024-05-03 17:10:21,190] {taskinstance.py:1032} INFO - Dependencies all met for <TaskInstance: ingest_data_bigquery_yt.download_dataset_task scheduled__2020-08-02T06:00:00+00:00 [queued]>
[2024-05-03 17:10:21,191] {taskinstance.py:1238} INFO - 
--------------------------------------------------------------------------------
[2024-05-03 17:10:21,191] {taskinstance.py:1239} INFO - Starting attempt 1 of 3
[2024-05-03 17:10:21,191] {taskinstance.py:1240} INFO - 
--------------------------------------------------------------------------------
[2024-05-03 17:10:21,212] {taskinstance.py:1259} INFO - Executing <Task(BashOperator): download_dataset_task> on 2020-08-02 06:00:00+00:00
[2024-05-03 17:10:21,219] {standard_task_runner.py:52} INFO - Started process 649 to run task
[2024-05-03 17:10:21,226] {standard_task_runner.py:76} INFO - Running: ['***', 'tasks', 'run', 'ingest_data_bigquery_yt', 'download_dataset_task', 'scheduled__2020-08-02T06:00:00+00:00', '--job-id', '4264', '--raw', '--subdir', 'DAGS_FOLDER/data_ingstion_gcs_yt_dag.py', '--cfg-path', '/tmp/tmp1ghna9gh', '--error-file', '/tmp/tmpnnbo621g']
[2024-05-03 17:10:21,232] {standard_task_runner.py:77} INFO - Job 4264: Subtask download_dataset_task
[2024-05-03 17:10:21,311] {logging_mixin.py:109} INFO - Running <TaskInstance: ingest_data_bigquery_yt.download_dataset_task scheduled__2020-08-02T06:00:00+00:00 [running]> on host f0ab9bf9b587
[2024-05-03 17:10:21,359] {warnings.py:99} WARNING - /home/***/.local/lib/python3.6/site-packages/***/utils/context.py:152: AirflowContextDeprecationWarning: Accessing 'execution_date' from the template is deprecated and will be removed in a future version. Please use 'data_interval_start' or 'logical_date' instead.
  warnings.warn(_create_deprecation_warning(key, self._deprecation_replacements[key]))

[2024-05-03 17:10:21,388] {taskinstance.py:1426} INFO - Exporting the following env vars:
AIRFLOW_CTX_DAG_OWNER=***
AIRFLOW_CTX_DAG_ID=ingest_data_bigquery_yt
AIRFLOW_CTX_TASK_ID=download_dataset_task
AIRFLOW_CTX_EXECUTION_DATE=2020-08-02T06:00:00+00:00
AIRFLOW_CTX_DAG_RUN_ID=scheduled__2020-08-02T06:00:00+00:00
[2024-05-03 17:10:21,390] {subprocess.py:62} INFO - Tmp dir root location: 
 /tmp
[2024-05-03 17:10:21,391] {subprocess.py:74} INFO - Running command: ['bash', '-c', 'curl -sSL https://github.com/DataTalksClub/nyc-tlc-data/releases/download/yellow/yellow_tripdata_2020-08.csv.gz > /opt/***/raw_data/yellowtaxi_tripdata_2020-08.csv.gz && gunzip /opt/***/raw_data/yellowtaxi_tripdata_2020-08.csv.gz']
[2024-05-03 17:10:21,406] {subprocess.py:85} INFO - Output:
[2024-05-03 17:10:23,882] {subprocess.py:93} INFO - Command exited with return code 0
[2024-05-03 17:10:23,982] {taskinstance.py:1277} INFO - Marking task as SUCCESS. dag_id=ingest_data_bigquery_yt, task_id=download_dataset_task, execution_date=20200802T060000, start_date=20240503T171021, end_date=20240503T171023
[2024-05-03 17:10:24,064] {local_task_job.py:154} INFO - Task exited with return code 0
[2024-05-03 17:10:24,186] {local_task_job.py:264} INFO - 1 downstream tasks scheduled from follow-on schedule check
[2024-05-05 13:54:10,741] {taskinstance.py:1032} INFO - Dependencies all met for <TaskInstance: ingest_data_bigquery_yt.download_dataset_task scheduled__2020-08-02T06:00:00+00:00 [queued]>
[2024-05-05 13:54:10,794] {taskinstance.py:1032} INFO - Dependencies all met for <TaskInstance: ingest_data_bigquery_yt.download_dataset_task scheduled__2020-08-02T06:00:00+00:00 [queued]>
[2024-05-05 13:54:10,795] {taskinstance.py:1238} INFO - 
--------------------------------------------------------------------------------
[2024-05-05 13:54:10,796] {taskinstance.py:1239} INFO - Starting attempt 1 of 3
[2024-05-05 13:54:10,796] {taskinstance.py:1240} INFO - 
--------------------------------------------------------------------------------
[2024-05-05 13:54:10,837] {taskinstance.py:1259} INFO - Executing <Task(BashOperator): download_dataset_task> on 2020-08-02 06:00:00+00:00
[2024-05-05 13:54:10,867] {standard_task_runner.py:52} INFO - Started process 148 to run task
[2024-05-05 13:54:10,906] {standard_task_runner.py:76} INFO - Running: ['***', 'tasks', 'run', 'ingest_data_bigquery_yt', 'download_dataset_task', 'scheduled__2020-08-02T06:00:00+00:00', '--job-id', '4425', '--raw', '--subdir', 'DAGS_FOLDER/data_ingstion_gcs_yt_dag.py', '--cfg-path', '/tmp/tmpnltxdlf9', '--error-file', '/tmp/tmp3fbzy9cm']
[2024-05-05 13:54:10,980] {standard_task_runner.py:77} INFO - Job 4425: Subtask download_dataset_task
[2024-05-05 13:54:11,315] {logging_mixin.py:109} INFO - Running <TaskInstance: ingest_data_bigquery_yt.download_dataset_task scheduled__2020-08-02T06:00:00+00:00 [running]> on host 43faca6eb596
[2024-05-05 13:54:11,436] {warnings.py:99} WARNING - /home/***/.local/lib/python3.6/site-packages/***/utils/context.py:152: AirflowContextDeprecationWarning: Accessing 'execution_date' from the template is deprecated and will be removed in a future version. Please use 'data_interval_start' or 'logical_date' instead.
  warnings.warn(_create_deprecation_warning(key, self._deprecation_replacements[key]))

[2024-05-05 13:54:11,557] {taskinstance.py:1426} INFO - Exporting the following env vars:
AIRFLOW_CTX_DAG_OWNER=***
AIRFLOW_CTX_DAG_ID=ingest_data_bigquery_yt
AIRFLOW_CTX_TASK_ID=download_dataset_task
AIRFLOW_CTX_EXECUTION_DATE=2020-08-02T06:00:00+00:00
AIRFLOW_CTX_DAG_RUN_ID=scheduled__2020-08-02T06:00:00+00:00
[2024-05-05 13:54:11,559] {subprocess.py:62} INFO - Tmp dir root location: 
 /tmp
[2024-05-05 13:54:11,560] {subprocess.py:74} INFO - Running command: ['bash', '-c', 'curl -sSL https://github.com/DataTalksClub/nyc-tlc-data/releases/download/yellow/yellow_tripdata_2020-08.csv.gz > /opt/***/raw_data/yellowtaxi_tripdata_2020-08.csv.gz && gunzip /opt/***/raw_data/yellowtaxi_tripdata_2020-08.csv.gz']
[2024-05-05 13:54:11,636] {subprocess.py:85} INFO - Output:
[2024-05-05 13:54:16,951] {subprocess.py:93} INFO - Command exited with return code 0
[2024-05-05 13:54:17,042] {taskinstance.py:1277} INFO - Marking task as SUCCESS. dag_id=ingest_data_bigquery_yt, task_id=download_dataset_task, execution_date=20200802T060000, start_date=20240505T135410, end_date=20240505T135417
[2024-05-05 13:54:17,109] {local_task_job.py:154} INFO - Task exited with return code 0
[2024-05-05 13:54:17,181] {local_task_job.py:264} INFO - 1 downstream tasks scheduled from follow-on schedule check
[2024-05-06 09:25:00,602] {taskinstance.py:1032} INFO - Dependencies all met for <TaskInstance: ingest_data_bigquery_yt.download_dataset_task scheduled__2020-08-02T06:00:00+00:00 [queued]>
[2024-05-06 09:25:00,706] {taskinstance.py:1032} INFO - Dependencies all met for <TaskInstance: ingest_data_bigquery_yt.download_dataset_task scheduled__2020-08-02T06:00:00+00:00 [queued]>
[2024-05-06 09:25:00,706] {taskinstance.py:1238} INFO - 
--------------------------------------------------------------------------------
[2024-05-06 09:25:00,707] {taskinstance.py:1239} INFO - Starting attempt 1 of 3
[2024-05-06 09:25:00,707] {taskinstance.py:1240} INFO - 
--------------------------------------------------------------------------------
[2024-05-06 09:25:00,789] {taskinstance.py:1259} INFO - Executing <Task(BashOperator): download_dataset_task> on 2020-08-02 06:00:00+00:00
[2024-05-06 09:25:00,816] {standard_task_runner.py:52} INFO - Started process 245 to run task
[2024-05-06 09:25:00,854] {standard_task_runner.py:76} INFO - Running: ['***', 'tasks', 'run', 'ingest_data_bigquery_yt', 'download_dataset_task', 'scheduled__2020-08-02T06:00:00+00:00', '--job-id', '4579', '--raw', '--subdir', 'DAGS_FOLDER/data_ingstion_gcs_yt_dag.py', '--cfg-path', '/tmp/tmpo_xr_qxd', '--error-file', '/tmp/tmpe9hlidoe']
[2024-05-06 09:25:00,884] {standard_task_runner.py:77} INFO - Job 4579: Subtask download_dataset_task
[2024-05-06 09:25:01,172] {logging_mixin.py:109} INFO - Running <TaskInstance: ingest_data_bigquery_yt.download_dataset_task scheduled__2020-08-02T06:00:00+00:00 [running]> on host 4d4efceb404e
[2024-05-06 09:25:01,414] {warnings.py:99} WARNING - /home/***/.local/lib/python3.6/site-packages/***/utils/context.py:152: AirflowContextDeprecationWarning: Accessing 'execution_date' from the template is deprecated and will be removed in a future version. Please use 'data_interval_start' or 'logical_date' instead.
  warnings.warn(_create_deprecation_warning(key, self._deprecation_replacements[key]))

[2024-05-06 09:25:01,497] {taskinstance.py:1426} INFO - Exporting the following env vars:
AIRFLOW_CTX_DAG_OWNER=***
AIRFLOW_CTX_DAG_ID=ingest_data_bigquery_yt
AIRFLOW_CTX_TASK_ID=download_dataset_task
AIRFLOW_CTX_EXECUTION_DATE=2020-08-02T06:00:00+00:00
AIRFLOW_CTX_DAG_RUN_ID=scheduled__2020-08-02T06:00:00+00:00
[2024-05-06 09:25:01,499] {subprocess.py:62} INFO - Tmp dir root location: 
 /tmp
[2024-05-06 09:25:01,507] {subprocess.py:74} INFO - Running command: ['bash', '-c', 'curl -sSL https://github.com/DataTalksClub/nyc-tlc-data/releases/download/yellow/yellow_tripdata_2020-08.csv.gz > /opt/***/raw_data/yellowtaxi_tripdata_2020-08.csv.gz && gunzip /opt/***/raw_data/yellowtaxi_tripdata_2020-08.csv.gz']
[2024-05-06 09:25:01,620] {subprocess.py:85} INFO - Output:
[2024-05-06 09:25:07,720] {subprocess.py:93} INFO - Command exited with return code 0
[2024-05-06 09:25:07,788] {taskinstance.py:1277} INFO - Marking task as SUCCESS. dag_id=ingest_data_bigquery_yt, task_id=download_dataset_task, execution_date=20200802T060000, start_date=20240506T092500, end_date=20240506T092507
[2024-05-06 09:25:07,873] {local_task_job.py:154} INFO - Task exited with return code 0
[2024-05-06 09:25:08,045] {local_task_job.py:264} INFO - 1 downstream tasks scheduled from follow-on schedule check
