[2025-01-01 14:29:54,440] {taskinstance.py:1032} INFO - Dependencies all met for <TaskInstance: data_ingestion_gcs_dag_homework_q4.local_to_gcs_task scheduled__2024-12-31T00:00:00+00:00 [queued]>
[2025-01-01 14:29:54,455] {taskinstance.py:1032} INFO - Dependencies all met for <TaskInstance: data_ingestion_gcs_dag_homework_q4.local_to_gcs_task scheduled__2024-12-31T00:00:00+00:00 [queued]>
[2025-01-01 14:29:54,455] {taskinstance.py:1238} INFO - 
--------------------------------------------------------------------------------
[2025-01-01 14:29:54,455] {taskinstance.py:1239} INFO - Starting attempt 1 of 2
[2025-01-01 14:29:54,455] {taskinstance.py:1240} INFO - 
--------------------------------------------------------------------------------
[2025-01-01 14:29:54,468] {taskinstance.py:1259} INFO - Executing <Task(PythonOperator): local_to_gcs_task> on 2024-12-31 00:00:00+00:00
[2025-01-01 14:29:54,475] {standard_task_runner.py:52} INFO - Started process 122 to run task
[2025-01-01 14:29:54,480] {standard_task_runner.py:76} INFO - Running: ['***', 'tasks', 'run', 'data_ingestion_gcs_dag_homework_q4', 'local_to_gcs_task', 'scheduled__2024-12-31T00:00:00+00:00', '--job-id', '6374', '--raw', '--subdir', 'DAGS_FOLDER/data_ingestion_gcs_tz_dag.py', '--cfg-path', '/tmp/tmp7ypmczlo', '--error-file', '/tmp/tmp38vxobdh']
[2025-01-01 14:29:54,485] {standard_task_runner.py:77} INFO - Job 6374: Subtask local_to_gcs_task
[2025-01-01 14:29:54,556] {logging_mixin.py:109} INFO - Running <TaskInstance: data_ingestion_gcs_dag_homework_q4.local_to_gcs_task scheduled__2024-12-31T00:00:00+00:00 [running]> on host ca209906e0d5
[2025-01-01 14:29:54,627] {taskinstance.py:1426} INFO - Exporting the following env vars:
AIRFLOW_CTX_DAG_OWNER=***
AIRFLOW_CTX_DAG_ID=data_ingestion_gcs_dag_homework_q4
AIRFLOW_CTX_TASK_ID=local_to_gcs_task
AIRFLOW_CTX_EXECUTION_DATE=2024-12-31T00:00:00+00:00
AIRFLOW_CTX_DAG_RUN_ID=scheduled__2024-12-31T00:00:00+00:00
[2025-01-01 14:29:54,894] {python.py:175} INFO - Done. Returned value was: None
[2025-01-01 14:29:54,910] {taskinstance.py:1277} INFO - Marking task as SUCCESS. dag_id=data_ingestion_gcs_dag_homework_q4, task_id=local_to_gcs_task, execution_date=20241231T000000, start_date=20250101T142954, end_date=20250101T142954
[2025-01-01 14:29:54,940] {local_task_job.py:154} INFO - Task exited with return code 0
[2025-01-01 14:29:54,992] {local_task_job.py:264} INFO - 1 downstream tasks scheduled from follow-on schedule check
