[2024-03-26 14:34:51,527] {taskinstance.py:1032} INFO - Dependencies all met for <TaskInstance: LocalIngestionDag.wget scheduled__2024-02-02T06:00:00+00:00 [queued]>
[2024-03-26 14:34:51,556] {taskinstance.py:1032} INFO - Dependencies all met for <TaskInstance: LocalIngestionDag.wget scheduled__2024-02-02T06:00:00+00:00 [queued]>
[2024-03-26 14:34:51,556] {taskinstance.py:1238} INFO - 
--------------------------------------------------------------------------------
[2024-03-26 14:34:51,556] {taskinstance.py:1239} INFO - Starting attempt 1 of 1
[2024-03-26 14:34:51,557] {taskinstance.py:1240} INFO - 
--------------------------------------------------------------------------------
[2024-03-26 14:34:51,575] {taskinstance.py:1259} INFO - Executing <Task(BashOperator): wget> on 2024-02-02 06:00:00+00:00
[2024-03-26 14:34:51,583] {standard_task_runner.py:52} INFO - Started process 386 to run task
[2024-03-26 14:34:51,597] {standard_task_runner.py:76} INFO - Running: ['***', 'tasks', 'run', 'LocalIngestionDag', 'wget', 'scheduled__2024-02-02T06:00:00+00:00', '--job-id', '212', '--raw', '--subdir', 'DAGS_FOLDER/data_ingestion_local.py', '--cfg-path', '/tmp/tmphh8ergx4', '--error-file', '/tmp/tmp62l4fukp']
[2024-03-26 14:34:51,598] {standard_task_runner.py:77} INFO - Job 212: Subtask wget
[2024-03-26 14:34:51,737] {logging_mixin.py:109} INFO - Running <TaskInstance: LocalIngestionDag.wget scheduled__2024-02-02T06:00:00+00:00 [running]> on host 55b5831905d1
[2024-03-26 14:34:51,850] {warnings.py:99} WARNING - /home/***/.local/lib/python3.6/site-packages/***/utils/context.py:152: AirflowContextDeprecationWarning: Accessing 'execution_date' from the template is deprecated and will be removed in a future version. Please use 'data_interval_start' or 'logical_date' instead.
  warnings.warn(_create_deprecation_warning(key, self._deprecation_replacements[key]))

[2024-03-26 14:34:51,895] {taskinstance.py:1426} INFO - Exporting the following env vars:
AIRFLOW_CTX_DAG_OWNER=***
AIRFLOW_CTX_DAG_ID=LocalIngestionDag
AIRFLOW_CTX_TASK_ID=wget
AIRFLOW_CTX_EXECUTION_DATE=2024-02-02T06:00:00+00:00
AIRFLOW_CTX_DAG_RUN_ID=scheduled__2024-02-02T06:00:00+00:00
[2024-03-26 14:34:51,896] {subprocess.py:62} INFO - Tmp dir root location: 
 /tmp
[2024-03-26 14:34:51,897] {subprocess.py:74} INFO - Running command: ['bash', '-c', 'curl -sSL https://s3.amazonaws.com/nyc-tlc/trip+data/yellow_tripdata_2024-02.csv > /opt/***/output_2024-02.csv']
[2024-03-26 14:34:51,928] {subprocess.py:85} INFO - Output:
[2024-03-26 14:34:52,890] {subprocess.py:93} INFO - Command exited with return code 0
[2024-03-26 14:34:52,931] {taskinstance.py:1277} INFO - Marking task as SUCCESS. dag_id=LocalIngestionDag, task_id=wget, execution_date=20240202T060000, start_date=20240326T143451, end_date=20240326T143452
[2024-03-26 14:34:52,977] {local_task_job.py:154} INFO - Task exited with return code 0
[2024-03-26 14:34:53,028] {local_task_job.py:264} INFO - 1 downstream tasks scheduled from follow-on schedule check
[2024-03-26 15:30:30,432] {taskinstance.py:1032} INFO - Dependencies all met for <TaskInstance: LocalIngestionDag.wget scheduled__2024-02-02T06:00:00+00:00 [queued]>
[2024-03-26 15:30:30,570] {taskinstance.py:1032} INFO - Dependencies all met for <TaskInstance: LocalIngestionDag.wget scheduled__2024-02-02T06:00:00+00:00 [queued]>
[2024-03-26 15:30:30,570] {taskinstance.py:1238} INFO - 
--------------------------------------------------------------------------------
[2024-03-26 15:30:30,570] {taskinstance.py:1239} INFO - Starting attempt 1 of 1
[2024-03-26 15:30:30,570] {taskinstance.py:1240} INFO - 
--------------------------------------------------------------------------------
[2024-03-26 15:30:30,653] {taskinstance.py:1259} INFO - Executing <Task(BashOperator): wget> on 2024-02-02 06:00:00+00:00
[2024-03-26 15:30:30,665] {standard_task_runner.py:52} INFO - Started process 1138 to run task
[2024-03-26 15:30:30,743] {standard_task_runner.py:76} INFO - Running: ['***', 'tasks', 'run', 'LocalIngestionDag', 'wget', 'scheduled__2024-02-02T06:00:00+00:00', '--job-id', '331', '--raw', '--subdir', 'DAGS_FOLDER/data_ingestion_local.py', '--cfg-path', '/tmp/tmp0r1dddpx', '--error-file', '/tmp/tmpr0hhg1zu']
[2024-03-26 15:30:30,744] {standard_task_runner.py:77} INFO - Job 331: Subtask wget
[2024-03-26 15:30:31,061] {logging_mixin.py:109} INFO - Running <TaskInstance: LocalIngestionDag.wget scheduled__2024-02-02T06:00:00+00:00 [running]> on host 153a478eba08
[2024-03-26 15:30:31,268] {warnings.py:99} WARNING - /home/***/.local/lib/python3.6/site-packages/***/utils/context.py:152: AirflowContextDeprecationWarning: Accessing 'execution_date' from the template is deprecated and will be removed in a future version. Please use 'data_interval_start' or 'logical_date' instead.
  warnings.warn(_create_deprecation_warning(key, self._deprecation_replacements[key]))

[2024-03-26 15:30:31,399] {taskinstance.py:1426} INFO - Exporting the following env vars:
AIRFLOW_CTX_DAG_OWNER=***
AIRFLOW_CTX_DAG_ID=LocalIngestionDag
AIRFLOW_CTX_TASK_ID=wget
AIRFLOW_CTX_EXECUTION_DATE=2024-02-02T06:00:00+00:00
AIRFLOW_CTX_DAG_RUN_ID=scheduled__2024-02-02T06:00:00+00:00
[2024-03-26 15:30:31,401] {subprocess.py:62} INFO - Tmp dir root location: 
 /tmp
[2024-03-26 15:30:31,402] {subprocess.py:74} INFO - Running command: ['bash', '-c', 'curl -sSL https://s3.amazonaws.com/nyc-tlc/trip+data/yellow_tripdata_2024-02.csv > /opt/***/output_2024-02.csv']
[2024-03-26 15:30:31,491] {subprocess.py:85} INFO - Output:
[2024-03-26 15:30:32,509] {subprocess.py:93} INFO - Command exited with return code 0
[2024-03-26 15:30:32,575] {taskinstance.py:1277} INFO - Marking task as SUCCESS. dag_id=LocalIngestionDag, task_id=wget, execution_date=20240202T060000, start_date=20240326T153030, end_date=20240326T153032
[2024-03-26 15:30:32,670] {local_task_job.py:154} INFO - Task exited with return code 0
[2024-03-26 15:30:32,834] {local_task_job.py:264} INFO - 0 downstream tasks scheduled from follow-on schedule check
