[2024-12-29 16:11:02,109] {taskinstance.py:1032} INFO - Dependencies all met for <TaskInstance: ingest_data_bigquery_fhvhv.bigquery_external_table_task scheduled__2020-04-02T06:00:00+00:00 [queued]>
[2024-12-29 16:11:02,120] {taskinstance.py:1032} INFO - Dependencies all met for <TaskInstance: ingest_data_bigquery_fhvhv.bigquery_external_table_task scheduled__2020-04-02T06:00:00+00:00 [queued]>
[2024-12-29 16:11:02,120] {taskinstance.py:1238} INFO - 
--------------------------------------------------------------------------------
[2024-12-29 16:11:02,120] {taskinstance.py:1239} INFO - Starting attempt 1 of 3
[2024-12-29 16:11:02,120] {taskinstance.py:1240} INFO - 
--------------------------------------------------------------------------------
[2024-12-29 16:11:02,131] {taskinstance.py:1259} INFO - Executing <Task(BigQueryCreateExternalTableOperator): bigquery_external_table_task> on 2020-04-02 06:00:00+00:00
[2024-12-29 16:11:02,138] {standard_task_runner.py:52} INFO - Started process 1763 to run task
[2024-12-29 16:11:02,142] {standard_task_runner.py:76} INFO - Running: ['***', 'tasks', 'run', 'ingest_data_bigquery_fhvhv', 'bigquery_external_table_task', 'scheduled__2020-04-02T06:00:00+00:00', '--job-id', '6056', '--raw', '--subdir', 'DAGS_FOLDER/data_ingestion_gcs_fhvhv_dag.py', '--cfg-path', '/tmp/tmpogbp1bfq', '--error-file', '/tmp/tmp9rayhb47']
[2024-12-29 16:11:02,146] {standard_task_runner.py:77} INFO - Job 6056: Subtask bigquery_external_table_task
[2024-12-29 16:11:02,214] {logging_mixin.py:109} INFO - Running <TaskInstance: ingest_data_bigquery_fhvhv.bigquery_external_table_task scheduled__2020-04-02T06:00:00+00:00 [running]> on host 0c347e2f1967
[2024-12-29 16:11:02,272] {taskinstance.py:1426} INFO - Exporting the following env vars:
AIRFLOW_CTX_DAG_OWNER=***
AIRFLOW_CTX_DAG_ID=ingest_data_bigquery_fhvhv
AIRFLOW_CTX_TASK_ID=bigquery_external_table_task
AIRFLOW_CTX_EXECUTION_DATE=2020-04-02T06:00:00+00:00
AIRFLOW_CTX_DAG_RUN_ID=scheduled__2020-04-02T06:00:00+00:00
[2024-12-29 16:11:02,276] {crypto.py:82} WARNING - empty cryptography key - values will not be stored encrypted.
[2024-12-29 16:11:02,284] {warnings.py:99} WARNING - /home/***/.local/lib/python3.6/site-packages/***/providers/google/cloud/hooks/bigquery.py:637: DeprecationWarning: This method is deprecated. Please use `BigQueryHook.create_empty_table` method with passing the `table_resource` object. This gives more flexibility than this method.
  DeprecationWarning,

[2024-12-29 16:11:02,284] {bigquery.py:700} INFO - Creating external table: nyc_tlc_data.fhvhvtaxi_trips
[2024-12-29 16:11:02,554] {bigquery.py:704} INFO - External table created successfully: nyc_tlc_data.fhvhvtaxi_trips
[2024-12-29 16:11:02,568] {taskinstance.py:1277} INFO - Marking task as SUCCESS. dag_id=ingest_data_bigquery_fhvhv, task_id=bigquery_external_table_task, execution_date=20200402T060000, start_date=20241229T161102, end_date=20241229T161102
[2024-12-29 16:11:02,601] {local_task_job.py:154} INFO - Task exited with return code 0
[2024-12-29 16:11:02,633] {local_task_job.py:264} INFO - 0 downstream tasks scheduled from follow-on schedule check
[2025-01-01 05:05:54,225] {taskinstance.py:1032} INFO - Dependencies all met for <TaskInstance: ingest_data_bigquery_fhvhv.bigquery_external_table_task scheduled__2020-04-02T06:00:00+00:00 [queued]>
[2025-01-01 05:05:54,239] {taskinstance.py:1032} INFO - Dependencies all met for <TaskInstance: ingest_data_bigquery_fhvhv.bigquery_external_table_task scheduled__2020-04-02T06:00:00+00:00 [queued]>
[2025-01-01 05:05:54,239] {taskinstance.py:1238} INFO - 
--------------------------------------------------------------------------------
[2025-01-01 05:05:54,240] {taskinstance.py:1239} INFO - Starting attempt 1 of 3
[2025-01-01 05:05:54,240] {taskinstance.py:1240} INFO - 
--------------------------------------------------------------------------------
[2025-01-01 05:05:54,251] {taskinstance.py:1259} INFO - Executing <Task(BigQueryCreateExternalTableOperator): bigquery_external_table_task> on 2020-04-02 06:00:00+00:00
[2025-01-01 05:05:54,259] {standard_task_runner.py:52} INFO - Started process 4090 to run task
[2025-01-01 05:05:54,266] {standard_task_runner.py:76} INFO - Running: ['***', 'tasks', 'run', 'ingest_data_bigquery_fhvhv', 'bigquery_external_table_task', 'scheduled__2020-04-02T06:00:00+00:00', '--job-id', '6210', '--raw', '--subdir', 'DAGS_FOLDER/data_ingestion_gcs_fhvhv_dag.py', '--cfg-path', '/tmp/tmp1jdoqvuv', '--error-file', '/tmp/tmpljs369qo']
[2025-01-01 05:05:54,272] {standard_task_runner.py:77} INFO - Job 6210: Subtask bigquery_external_table_task
[2025-01-01 05:05:54,353] {logging_mixin.py:109} INFO - Running <TaskInstance: ingest_data_bigquery_fhvhv.bigquery_external_table_task scheduled__2020-04-02T06:00:00+00:00 [running]> on host 4228b0d90dbc
[2025-01-01 05:05:54,424] {taskinstance.py:1426} INFO - Exporting the following env vars:
AIRFLOW_CTX_DAG_OWNER=***
AIRFLOW_CTX_DAG_ID=ingest_data_bigquery_fhvhv
AIRFLOW_CTX_TASK_ID=bigquery_external_table_task
AIRFLOW_CTX_EXECUTION_DATE=2020-04-02T06:00:00+00:00
AIRFLOW_CTX_DAG_RUN_ID=scheduled__2020-04-02T06:00:00+00:00
[2025-01-01 05:05:54,428] {crypto.py:82} WARNING - empty cryptography key - values will not be stored encrypted.
[2025-01-01 05:05:54,437] {warnings.py:99} WARNING - /home/***/.local/lib/python3.6/site-packages/***/providers/google/cloud/hooks/bigquery.py:637: DeprecationWarning: This method is deprecated. Please use `BigQueryHook.create_empty_table` method with passing the `table_resource` object. This gives more flexibility than this method.
  DeprecationWarning,

[2025-01-01 05:05:54,438] {bigquery.py:700} INFO - Creating external table: nyc_tlc_data.fhvhvtaxi_trips
[2025-01-01 05:05:54,700] {bigquery.py:704} INFO - External table created successfully: nyc_tlc_data.fhvhvtaxi_trips
[2025-01-01 05:05:54,714] {taskinstance.py:1277} INFO - Marking task as SUCCESS. dag_id=ingest_data_bigquery_fhvhv, task_id=bigquery_external_table_task, execution_date=20200402T060000, start_date=20250101T050554, end_date=20250101T050554
[2025-01-01 05:05:54,768] {local_task_job.py:154} INFO - Task exited with return code 0
[2025-01-01 05:05:54,802] {local_task_job.py:264} INFO - 0 downstream tasks scheduled from follow-on schedule check
[2025-01-01 11:45:23,263] {taskinstance.py:1032} INFO - Dependencies all met for <TaskInstance: ingest_data_bigquery_fhvhv.bigquery_external_table_task scheduled__2020-04-02T06:00:00+00:00 [queued]>
[2025-01-01 11:45:23,288] {taskinstance.py:1032} INFO - Dependencies all met for <TaskInstance: ingest_data_bigquery_fhvhv.bigquery_external_table_task scheduled__2020-04-02T06:00:00+00:00 [queued]>
[2025-01-01 11:45:23,288] {taskinstance.py:1238} INFO - 
--------------------------------------------------------------------------------
[2025-01-01 11:45:23,288] {taskinstance.py:1239} INFO - Starting attempt 1 of 3
[2025-01-01 11:45:23,289] {taskinstance.py:1240} INFO - 
--------------------------------------------------------------------------------
[2025-01-01 11:45:23,310] {taskinstance.py:1259} INFO - Executing <Task(BigQueryCreateExternalTableOperator): bigquery_external_table_task> on 2020-04-02 06:00:00+00:00
[2025-01-01 11:45:23,329] {standard_task_runner.py:76} INFO - Running: ['***', 'tasks', 'run', 'ingest_data_bigquery_fhvhv', 'bigquery_external_table_task', 'scheduled__2020-04-02T06:00:00+00:00', '--job-id', '6326', '--raw', '--subdir', 'DAGS_FOLDER/data_ingestion_gcs_fhvhv_dag.py', '--cfg-path', '/tmp/tmp69sxg0r0', '--error-file', '/tmp/tmpx936jk6x']
[2025-01-01 11:45:23,335] {standard_task_runner.py:77} INFO - Job 6326: Subtask bigquery_external_table_task
[2025-01-01 11:45:23,322] {standard_task_runner.py:52} INFO - Started process 7174 to run task
[2025-01-01 11:45:23,442] {logging_mixin.py:109} INFO - Running <TaskInstance: ingest_data_bigquery_fhvhv.bigquery_external_table_task scheduled__2020-04-02T06:00:00+00:00 [running]> on host b9549a156c09
[2025-01-01 11:45:23,523] {taskinstance.py:1426} INFO - Exporting the following env vars:
AIRFLOW_CTX_DAG_OWNER=***
AIRFLOW_CTX_DAG_ID=ingest_data_bigquery_fhvhv
AIRFLOW_CTX_TASK_ID=bigquery_external_table_task
AIRFLOW_CTX_EXECUTION_DATE=2020-04-02T06:00:00+00:00
AIRFLOW_CTX_DAG_RUN_ID=scheduled__2020-04-02T06:00:00+00:00
[2025-01-01 11:45:23,528] {crypto.py:82} WARNING - empty cryptography key - values will not be stored encrypted.
[2025-01-01 11:45:23,536] {warnings.py:99} WARNING - /home/***/.local/lib/python3.6/site-packages/***/providers/google/cloud/hooks/bigquery.py:637: DeprecationWarning: This method is deprecated. Please use `BigQueryHook.create_empty_table` method with passing the `table_resource` object. This gives more flexibility than this method.
  DeprecationWarning,

[2025-01-01 11:45:23,538] {bigquery.py:700} INFO - Creating external table: nyc_tlc_data.fhvhvtaxi_trips
[2025-01-01 11:45:23,828] {bigquery.py:704} INFO - External table created successfully: nyc_tlc_data.fhvhvtaxi_trips
[2025-01-01 11:45:23,844] {taskinstance.py:1277} INFO - Marking task as SUCCESS. dag_id=ingest_data_bigquery_fhvhv, task_id=bigquery_external_table_task, execution_date=20200402T060000, start_date=20250101T114523, end_date=20250101T114523
[2025-01-01 11:45:23,874] {local_task_job.py:154} INFO - Task exited with return code 0
[2025-01-01 11:45:23,915] {local_task_job.py:264} INFO - 0 downstream tasks scheduled from follow-on schedule check
