[2024-05-06 09:30:14,596] {taskinstance.py:1032} INFO - Dependencies all met for <TaskInstance: ingest_data_bigquery_yt.local_to_gcs_task scheduled__2019-02-02T06:00:00+00:00 [queued]>
[2024-05-06 09:30:14,608] {taskinstance.py:1032} INFO - Dependencies all met for <TaskInstance: ingest_data_bigquery_yt.local_to_gcs_task scheduled__2019-02-02T06:00:00+00:00 [queued]>
[2024-05-06 09:30:14,609] {taskinstance.py:1238} INFO - 
--------------------------------------------------------------------------------
[2024-05-06 09:30:14,609] {taskinstance.py:1239} INFO - Starting attempt 4 of 6
[2024-05-06 09:30:14,610] {taskinstance.py:1240} INFO - 
--------------------------------------------------------------------------------
[2024-05-06 09:30:14,622] {taskinstance.py:1259} INFO - Executing <Task(PythonOperator): local_to_gcs_task> on 2019-02-02 06:00:00+00:00
[2024-05-06 09:30:14,632] {standard_task_runner.py:52} INFO - Started process 699 to run task
[2024-05-06 09:30:14,639] {standard_task_runner.py:76} INFO - Running: ['***', 'tasks', 'run', 'ingest_data_bigquery_yt', 'local_to_gcs_task', 'scheduled__2019-02-02T06:00:00+00:00', '--job-id', '4621', '--raw', '--subdir', 'DAGS_FOLDER/data_ingstion_gcs_yt_dag.py', '--cfg-path', '/tmp/tmpyyf9noy2', '--error-file', '/tmp/tmph5bjo1ul']
[2024-05-06 09:30:14,645] {standard_task_runner.py:77} INFO - Job 4621: Subtask local_to_gcs_task
[2024-05-06 09:30:14,716] {logging_mixin.py:109} INFO - Running <TaskInstance: ingest_data_bigquery_yt.local_to_gcs_task scheduled__2019-02-02T06:00:00+00:00 [running]> on host 4d4efceb404e
[2024-05-06 09:30:14,760] {warnings.py:99} WARNING - /home/***/.local/lib/python3.6/site-packages/***/utils/context.py:152: AirflowContextDeprecationWarning: Accessing 'execution_date' from the template is deprecated and will be removed in a future version. Please use 'data_interval_start' or 'logical_date' instead.
  warnings.warn(_create_deprecation_warning(key, self._deprecation_replacements[key]))

[2024-05-06 09:30:14,788] {taskinstance.py:1426} INFO - Exporting the following env vars:
AIRFLOW_CTX_DAG_OWNER=***
AIRFLOW_CTX_DAG_ID=ingest_data_bigquery_yt
AIRFLOW_CTX_TASK_ID=local_to_gcs_task
AIRFLOW_CTX_EXECUTION_DATE=2019-02-02T06:00:00+00:00
AIRFLOW_CTX_DAG_RUN_ID=scheduled__2019-02-02T06:00:00+00:00
[2024-05-06 09:30:42,062] {python.py:175} INFO - Done. Returned value was: None
[2024-05-06 09:30:42,079] {taskinstance.py:1277} INFO - Marking task as SUCCESS. dag_id=ingest_data_bigquery_yt, task_id=local_to_gcs_task, execution_date=20190202T060000, start_date=20240506T093014, end_date=20240506T093042
[2024-05-06 09:30:42,235] {local_task_job.py:154} INFO - Task exited with return code 0
[2024-05-06 09:30:42,321] {local_task_job.py:264} INFO - 1 downstream tasks scheduled from follow-on schedule check
