[2025-01-14 15:32:36,373] {taskinstance.py:1032} INFO - Dependencies all met for <TaskInstance: ingest_data_bigquery_gt_2022.local_to_gcs_task scheduled__2022-08-02T06:00:00+00:00 [queued]>
[2025-01-14 15:32:36,406] {taskinstance.py:1032} INFO - Dependencies all met for <TaskInstance: ingest_data_bigquery_gt_2022.local_to_gcs_task scheduled__2022-08-02T06:00:00+00:00 [queued]>
[2025-01-14 15:32:36,406] {taskinstance.py:1238} INFO - 
--------------------------------------------------------------------------------
[2025-01-14 15:32:36,407] {taskinstance.py:1239} INFO - Starting attempt 2 of 3
[2025-01-14 15:32:36,407] {taskinstance.py:1240} INFO - 
--------------------------------------------------------------------------------
[2025-01-14 15:32:36,437] {taskinstance.py:1259} INFO - Executing <Task(PythonOperator): local_to_gcs_task> on 2022-08-02 06:00:00+00:00
[2025-01-14 15:32:36,459] {standard_task_runner.py:76} INFO - Running: ['***', 'tasks', 'run', 'ingest_data_bigquery_gt_2022', 'local_to_gcs_task', 'scheduled__2022-08-02T06:00:00+00:00', '--job-id', '6428', '--raw', '--subdir', 'DAGS_FOLDER/data_ingestion_gcs_gt_dag_2022.py', '--cfg-path', '/tmp/tmpac1xa2a7', '--error-file', '/tmp/tmpum9mdfu6']
[2025-01-14 15:32:36,468] {standard_task_runner.py:77} INFO - Job 6428: Subtask local_to_gcs_task
[2025-01-14 15:32:36,445] {standard_task_runner.py:52} INFO - Started process 1598 to run task
[2025-01-14 15:32:36,579] {logging_mixin.py:109} INFO - Running <TaskInstance: ingest_data_bigquery_gt_2022.local_to_gcs_task scheduled__2022-08-02T06:00:00+00:00 [running]> on host d4593c1e0983
[2025-01-14 15:32:36,661] {warnings.py:99} WARNING - /home/***/.local/lib/python3.6/site-packages/***/utils/context.py:152: AirflowContextDeprecationWarning: Accessing 'execution_date' from the template is deprecated and will be removed in a future version. Please use 'data_interval_start' or 'logical_date' instead.
  warnings.warn(_create_deprecation_warning(key, self._deprecation_replacements[key]))

[2025-01-14 15:32:36,697] {taskinstance.py:1426} INFO - Exporting the following env vars:
AIRFLOW_CTX_DAG_OWNER=***
AIRFLOW_CTX_DAG_ID=ingest_data_bigquery_gt_2022
AIRFLOW_CTX_TASK_ID=local_to_gcs_task
AIRFLOW_CTX_EXECUTION_DATE=2022-08-02T06:00:00+00:00
AIRFLOW_CTX_DAG_RUN_ID=scheduled__2022-08-02T06:00:00+00:00
[2025-01-14 15:32:36,753] {taskinstance.py:1700} ERROR - Task failed with exception
Traceback (most recent call last):
  File "/home/airflow/.local/lib/python3.6/site-packages/airflow/models/taskinstance.py", line 1329, in _run_raw_task
    self._execute_task_with_callbacks(context)
  File "/home/airflow/.local/lib/python3.6/site-packages/airflow/models/taskinstance.py", line 1455, in _execute_task_with_callbacks
    result = self._execute_task(context, self.task)
  File "/home/airflow/.local/lib/python3.6/site-packages/airflow/models/taskinstance.py", line 1511, in _execute_task
    result = execute_callable(context=context)
  File "/home/airflow/.local/lib/python3.6/site-packages/airflow/operators/python.py", line 174, in execute
    return_value = self.execute_callable()
  File "/home/airflow/.local/lib/python3.6/site-packages/airflow/operators/python.py", line 185, in execute_callable
    return self.python_callable(*self.op_args, **self.op_kwargs)
  File "/opt/airflow/dags/data_ingestion_gcs_gt_dag_2022.py", line 85, in upload_to_gcs
    __clean_file(raw_file_name, clean_file_name)
  File "/opt/airflow/dags/data_ingestion_gcs_gt_dag_2022.py", line 59, in __clean_file
    parse_dates=["lpep_pickup_datetime", "lpep_dropoff_datetime"],
  File "/home/airflow/.local/lib/python3.6/site-packages/pandas/io/parquet.py", line 317, in read_parquet
    return impl.read(path, columns=columns, **kwargs)
  File "/home/airflow/.local/lib/python3.6/site-packages/pandas/io/parquet.py", line 142, in read
    path, columns=columns, filesystem=fs, **kwargs
TypeError: read_table() got an unexpected keyword argument 'parse_dates'
[2025-01-14 15:32:36,789] {taskinstance.py:1277} INFO - Marking task as UP_FOR_RETRY. dag_id=ingest_data_bigquery_gt_2022, task_id=local_to_gcs_task, execution_date=20220802T060000, start_date=20250114T153236, end_date=20250114T153236
[2025-01-14 15:32:36,821] {standard_task_runner.py:92} ERROR - Failed to execute job 6428 for task local_to_gcs_task
Traceback (most recent call last):
  File "/home/airflow/.local/lib/python3.6/site-packages/airflow/task/task_runner/standard_task_runner.py", line 85, in _start_by_fork
    args.func(args, dag=self.dag)
  File "/home/airflow/.local/lib/python3.6/site-packages/airflow/cli/cli_parser.py", line 48, in command
    return func(*args, **kwargs)
  File "/home/airflow/.local/lib/python3.6/site-packages/airflow/utils/cli.py", line 92, in wrapper
    return f(*args, **kwargs)
  File "/home/airflow/.local/lib/python3.6/site-packages/airflow/cli/commands/task_command.py", line 298, in task_run
    _run_task_by_selected_method(args, dag, ti)
  File "/home/airflow/.local/lib/python3.6/site-packages/airflow/cli/commands/task_command.py", line 107, in _run_task_by_selected_method
    _run_raw_task(args, ti)
  File "/home/airflow/.local/lib/python3.6/site-packages/airflow/cli/commands/task_command.py", line 184, in _run_raw_task
    error_file=args.error_file,
  File "/home/airflow/.local/lib/python3.6/site-packages/airflow/utils/session.py", line 70, in wrapper
    return func(*args, session=session, **kwargs)
  File "/home/airflow/.local/lib/python3.6/site-packages/airflow/models/taskinstance.py", line 1329, in _run_raw_task
    self._execute_task_with_callbacks(context)
  File "/home/airflow/.local/lib/python3.6/site-packages/airflow/models/taskinstance.py", line 1455, in _execute_task_with_callbacks
    result = self._execute_task(context, self.task)
  File "/home/airflow/.local/lib/python3.6/site-packages/airflow/models/taskinstance.py", line 1511, in _execute_task
    result = execute_callable(context=context)
  File "/home/airflow/.local/lib/python3.6/site-packages/airflow/operators/python.py", line 174, in execute
    return_value = self.execute_callable()
  File "/home/airflow/.local/lib/python3.6/site-packages/airflow/operators/python.py", line 185, in execute_callable
    return self.python_callable(*self.op_args, **self.op_kwargs)
  File "/opt/airflow/dags/data_ingestion_gcs_gt_dag_2022.py", line 85, in upload_to_gcs
    __clean_file(raw_file_name, clean_file_name)
  File "/opt/airflow/dags/data_ingestion_gcs_gt_dag_2022.py", line 59, in __clean_file
    parse_dates=["lpep_pickup_datetime", "lpep_dropoff_datetime"],
  File "/home/airflow/.local/lib/python3.6/site-packages/pandas/io/parquet.py", line 317, in read_parquet
    return impl.read(path, columns=columns, **kwargs)
  File "/home/airflow/.local/lib/python3.6/site-packages/pandas/io/parquet.py", line 142, in read
    path, columns=columns, filesystem=fs, **kwargs
TypeError: read_table() got an unexpected keyword argument 'parse_dates'
[2025-01-14 15:32:36,863] {local_task_job.py:154} INFO - Task exited with return code 1
[2025-01-14 15:32:36,946] {local_task_job.py:264} INFO - 0 downstream tasks scheduled from follow-on schedule check
