[2024-03-26 17:34:43,556] {taskinstance.py:1032} INFO - Dependencies all met for <TaskInstance: ingest_data.ingest_to_postgres_task scheduled__2024-02-02T06:00:00+00:00 [queued]>
[2024-03-26 17:34:43,582] {taskinstance.py:1032} INFO - Dependencies all met for <TaskInstance: ingest_data.ingest_to_postgres_task scheduled__2024-02-02T06:00:00+00:00 [queued]>
[2024-03-26 17:34:43,583] {taskinstance.py:1238} INFO - 
--------------------------------------------------------------------------------
[2024-03-26 17:34:43,583] {taskinstance.py:1239} INFO - Starting attempt 1 of 1
[2024-03-26 17:34:43,584] {taskinstance.py:1240} INFO - 
--------------------------------------------------------------------------------
[2024-03-26 17:34:43,623] {taskinstance.py:1259} INFO - Executing <Task(PythonOperator): ingest_to_postgres_task> on 2024-02-02 06:00:00+00:00
[2024-03-26 17:34:43,651] {standard_task_runner.py:52} INFO - Started process 3014 to run task
[2024-03-26 17:34:43,665] {standard_task_runner.py:76} INFO - Running: ['***', 'tasks', 'run', 'ingest_data', 'ingest_to_postgres_task', 'scheduled__2024-02-02T06:00:00+00:00', '--job-id', '454', '--raw', '--subdir', 'DAGS_FOLDER/data_ingestion_dag.py', '--cfg-path', '/tmp/tmp7mjz2r9g', '--error-file', '/tmp/tmpl9qm913y']
[2024-03-26 17:34:43,675] {standard_task_runner.py:77} INFO - Job 454: Subtask ingest_to_postgres_task
[2024-03-26 17:34:43,932] {logging_mixin.py:109} INFO - Running <TaskInstance: ingest_data.ingest_to_postgres_task scheduled__2024-02-02T06:00:00+00:00 [running]> on host d71984e59113
[2024-03-26 17:34:44,154] {warnings.py:99} WARNING - /home/***/.local/lib/python3.6/site-packages/***/utils/context.py:152: AirflowContextDeprecationWarning: Accessing 'execution_date' from the template is deprecated and will be removed in a future version. Please use 'data_interval_start' or 'logical_date' instead.
  warnings.warn(_create_deprecation_warning(key, self._deprecation_replacements[key]))

[2024-03-26 17:34:44,319] {taskinstance.py:1426} INFO - Exporting the following env vars:
AIRFLOW_CTX_DAG_OWNER=***
AIRFLOW_CTX_DAG_ID=ingest_data
AIRFLOW_CTX_TASK_ID=ingest_to_postgres_task
AIRFLOW_CTX_EXECUTION_DATE=2024-02-02T06:00:00+00:00
AIRFLOW_CTX_DAG_RUN_ID=scheduled__2024-02-02T06:00:00+00:00
[2024-03-26 17:34:44,321] {logging_mixin.py:109} INFO - yellow_taxi_2024_02 /opt/***/yellowtaxi_tripdata_2024-02.parquet 2024-02-02T06:00:00+00:00
[2024-03-26 17:34:44,321] {logging_mixin.py:109} INFO - Starting data ingestion process...
[2024-03-26 17:34:44,559] {logging_mixin.py:109} INFO - Writing data to table yellow_taxi_2024_02 in the database...
[2024-03-26 17:34:44,602] {logging_mixin.py:109} INFO - Data ingestion complete
[2024-03-26 17:34:44,603] {logging_mixin.py:109} INFO - Data ingestion process completed in 0.28 seconds.
[2024-03-26 17:34:44,603] {python.py:175} INFO - Done. Returned value was: None
[2024-03-26 17:34:44,645] {taskinstance.py:1277} INFO - Marking task as SUCCESS. dag_id=ingest_data, task_id=ingest_to_postgres_task, execution_date=20240202T060000, start_date=20240326T173443, end_date=20240326T173444
[2024-03-26 17:34:44,774] {local_task_job.py:154} INFO - Task exited with return code 0
[2024-03-26 17:34:44,883] {local_task_job.py:264} INFO - 0 downstream tasks scheduled from follow-on schedule check
[2024-03-26 17:49:14,999] {taskinstance.py:1032} INFO - Dependencies all met for <TaskInstance: ingest_data.ingest_to_postgres_task scheduled__2024-02-02T06:00:00+00:00 [queued]>
[2024-03-26 17:49:15,019] {taskinstance.py:1032} INFO - Dependencies all met for <TaskInstance: ingest_data.ingest_to_postgres_task scheduled__2024-02-02T06:00:00+00:00 [queued]>
[2024-03-26 17:49:15,019] {taskinstance.py:1238} INFO - 
--------------------------------------------------------------------------------
[2024-03-26 17:49:15,019] {taskinstance.py:1239} INFO - Starting attempt 1 of 1
[2024-03-26 17:49:15,019] {taskinstance.py:1240} INFO - 
--------------------------------------------------------------------------------
[2024-03-26 17:49:15,034] {taskinstance.py:1259} INFO - Executing <Task(PythonOperator): ingest_to_postgres_task> on 2024-02-02 06:00:00+00:00
[2024-03-26 17:49:15,040] {standard_task_runner.py:52} INFO - Started process 415 to run task
[2024-03-26 17:49:15,045] {standard_task_runner.py:76} INFO - Running: ['***', 'tasks', 'run', 'ingest_data', 'ingest_to_postgres_task', 'scheduled__2024-02-02T06:00:00+00:00', '--job-id', '533', '--raw', '--subdir', 'DAGS_FOLDER/data_ingestion_dag.py', '--cfg-path', '/tmp/tmp2f1_mufm', '--error-file', '/tmp/tmpf1ia8jw4']
[2024-03-26 17:49:15,046] {standard_task_runner.py:77} INFO - Job 533: Subtask ingest_to_postgres_task
[2024-03-26 17:49:15,120] {logging_mixin.py:109} INFO - Running <TaskInstance: ingest_data.ingest_to_postgres_task scheduled__2024-02-02T06:00:00+00:00 [running]> on host 05f84def3a12
[2024-03-26 17:49:15,166] {warnings.py:99} WARNING - /home/***/.local/lib/python3.6/site-packages/***/utils/context.py:152: AirflowContextDeprecationWarning: Accessing 'execution_date' from the template is deprecated and will be removed in a future version. Please use 'data_interval_start' or 'logical_date' instead.
  warnings.warn(_create_deprecation_warning(key, self._deprecation_replacements[key]))

[2024-03-26 17:49:15,191] {taskinstance.py:1426} INFO - Exporting the following env vars:
AIRFLOW_CTX_DAG_OWNER=***
AIRFLOW_CTX_DAG_ID=ingest_data
AIRFLOW_CTX_TASK_ID=ingest_to_postgres_task
AIRFLOW_CTX_EXECUTION_DATE=2024-02-02T06:00:00+00:00
AIRFLOW_CTX_DAG_RUN_ID=scheduled__2024-02-02T06:00:00+00:00
[2024-03-26 17:49:15,192] {logging_mixin.py:109} INFO - yellow_taxi_2024_02 /opt/***/yellowtaxi_tripdata_2024-02.parquet 2024-02-02T06:00:00+00:00
[2024-03-26 17:49:15,192] {logging_mixin.py:109} INFO - Starting data ingestion process...
[2024-03-26 17:49:15,233] {logging_mixin.py:109} INFO - Writing data to table yellow_taxi_2024_02 in the database...
[2024-03-26 17:49:15,245] {logging_mixin.py:109} INFO - Data ingestion complete
[2024-03-26 17:49:15,246] {logging_mixin.py:109} INFO - Data ingestion process completed in 0.05 seconds.
[2024-03-26 17:49:15,246] {python.py:175} INFO - Done. Returned value was: None
[2024-03-26 17:49:15,261] {taskinstance.py:1277} INFO - Marking task as SUCCESS. dag_id=ingest_data, task_id=ingest_to_postgres_task, execution_date=20240202T060000, start_date=20240326T174915, end_date=20240326T174915
[2024-03-26 17:49:15,297] {local_task_job.py:154} INFO - Task exited with return code 0
[2024-03-26 17:49:15,335] {local_task_job.py:264} INFO - 0 downstream tasks scheduled from follow-on schedule check
[2024-03-26 17:52:46,225] {taskinstance.py:1032} INFO - Dependencies all met for <TaskInstance: ingest_data.ingest_to_postgres_task scheduled__2024-02-02T06:00:00+00:00 [queued]>
[2024-03-26 17:52:46,252] {taskinstance.py:1032} INFO - Dependencies all met for <TaskInstance: ingest_data.ingest_to_postgres_task scheduled__2024-02-02T06:00:00+00:00 [queued]>
[2024-03-26 17:52:46,252] {taskinstance.py:1238} INFO - 
--------------------------------------------------------------------------------
[2024-03-26 17:52:46,252] {taskinstance.py:1239} INFO - Starting attempt 1 of 1
[2024-03-26 17:52:46,252] {taskinstance.py:1240} INFO - 
--------------------------------------------------------------------------------
[2024-03-26 17:52:46,269] {taskinstance.py:1259} INFO - Executing <Task(PythonOperator): ingest_to_postgres_task> on 2024-02-02 06:00:00+00:00
[2024-03-26 17:52:46,277] {standard_task_runner.py:52} INFO - Started process 833 to run task
[2024-03-26 17:52:46,283] {standard_task_runner.py:76} INFO - Running: ['***', 'tasks', 'run', 'ingest_data', 'ingest_to_postgres_task', 'scheduled__2024-02-02T06:00:00+00:00', '--job-id', '608', '--raw', '--subdir', 'DAGS_FOLDER/data_ingestion_dag.py', '--cfg-path', '/tmp/tmpaq49xccn', '--error-file', '/tmp/tmprv5n_3kx']
[2024-03-26 17:52:46,284] {standard_task_runner.py:77} INFO - Job 608: Subtask ingest_to_postgres_task
[2024-03-26 17:52:46,368] {logging_mixin.py:109} INFO - Running <TaskInstance: ingest_data.ingest_to_postgres_task scheduled__2024-02-02T06:00:00+00:00 [running]> on host 05f84def3a12
[2024-03-26 17:52:46,435] {warnings.py:99} WARNING - /home/***/.local/lib/python3.6/site-packages/***/utils/context.py:152: AirflowContextDeprecationWarning: Accessing 'execution_date' from the template is deprecated and will be removed in a future version. Please use 'data_interval_start' or 'logical_date' instead.
  warnings.warn(_create_deprecation_warning(key, self._deprecation_replacements[key]))

[2024-03-26 17:52:46,470] {taskinstance.py:1426} INFO - Exporting the following env vars:
AIRFLOW_CTX_DAG_OWNER=***
AIRFLOW_CTX_DAG_ID=ingest_data
AIRFLOW_CTX_TASK_ID=ingest_to_postgres_task
AIRFLOW_CTX_EXECUTION_DATE=2024-02-02T06:00:00+00:00
AIRFLOW_CTX_DAG_RUN_ID=scheduled__2024-02-02T06:00:00+00:00
[2024-03-26 17:52:46,472] {logging_mixin.py:109} INFO - yellow_taxi_2024_02 /opt/***/yellowtaxi_tripdata_2024-02.parquet 2024-02-02T06:00:00+00:00
[2024-03-26 17:52:46,473] {logging_mixin.py:109} INFO - Starting data ingestion process...
[2024-03-26 17:52:46,526] {logging_mixin.py:109} INFO - Writing data to table yellow_taxi_2024_02 in the database...
[2024-03-26 17:52:46,540] {logging_mixin.py:109} INFO - Data ingestion complete
[2024-03-26 17:52:46,541] {logging_mixin.py:109} INFO - Data ingestion process completed in 0.07 seconds.
[2024-03-26 17:52:46,542] {python.py:175} INFO - Done. Returned value was: None
[2024-03-26 17:52:46,568] {taskinstance.py:1277} INFO - Marking task as SUCCESS. dag_id=ingest_data, task_id=ingest_to_postgres_task, execution_date=20240202T060000, start_date=20240326T175246, end_date=20240326T175246
[2024-03-26 17:52:46,615] {local_task_job.py:154} INFO - Task exited with return code 0
[2024-03-26 17:52:46,673] {local_task_job.py:264} INFO - 0 downstream tasks scheduled from follow-on schedule check
[2024-03-26 18:22:40,178] {taskinstance.py:1032} INFO - Dependencies all met for <TaskInstance: ingest_data.ingest_to_postgres_task scheduled__2024-02-02T06:00:00+00:00 [queued]>
[2024-03-26 18:22:40,196] {taskinstance.py:1032} INFO - Dependencies all met for <TaskInstance: ingest_data.ingest_to_postgres_task scheduled__2024-02-02T06:00:00+00:00 [queued]>
[2024-03-26 18:22:40,196] {taskinstance.py:1238} INFO - 
--------------------------------------------------------------------------------
[2024-03-26 18:22:40,196] {taskinstance.py:1239} INFO - Starting attempt 1 of 1
[2024-03-26 18:22:40,196] {taskinstance.py:1240} INFO - 
--------------------------------------------------------------------------------
[2024-03-26 18:22:40,210] {taskinstance.py:1259} INFO - Executing <Task(PythonOperator): ingest_to_postgres_task> on 2024-02-02 06:00:00+00:00
[2024-03-26 18:22:40,219] {standard_task_runner.py:52} INFO - Started process 405 to run task
[2024-03-26 18:22:40,226] {standard_task_runner.py:76} INFO - Running: ['***', 'tasks', 'run', 'ingest_data', 'ingest_to_postgres_task', 'scheduled__2024-02-02T06:00:00+00:00', '--job-id', '719', '--raw', '--subdir', 'DAGS_FOLDER/data_ingestion_dag.py', '--cfg-path', '/tmp/tmp2jdjyjvt', '--error-file', '/tmp/tmpwnivhbbe']
[2024-03-26 18:22:40,227] {standard_task_runner.py:77} INFO - Job 719: Subtask ingest_to_postgres_task
[2024-03-26 18:22:40,305] {logging_mixin.py:109} INFO - Running <TaskInstance: ingest_data.ingest_to_postgres_task scheduled__2024-02-02T06:00:00+00:00 [running]> on host 05f84def3a12
[2024-03-26 18:22:40,353] {warnings.py:99} WARNING - /home/***/.local/lib/python3.6/site-packages/***/utils/context.py:152: AirflowContextDeprecationWarning: Accessing 'execution_date' from the template is deprecated and will be removed in a future version. Please use 'data_interval_start' or 'logical_date' instead.
  warnings.warn(_create_deprecation_warning(key, self._deprecation_replacements[key]))

[2024-03-26 18:22:40,381] {taskinstance.py:1426} INFO - Exporting the following env vars:
AIRFLOW_CTX_DAG_OWNER=***
AIRFLOW_CTX_DAG_ID=ingest_data
AIRFLOW_CTX_TASK_ID=ingest_to_postgres_task
AIRFLOW_CTX_EXECUTION_DATE=2024-02-02T06:00:00+00:00
AIRFLOW_CTX_DAG_RUN_ID=scheduled__2024-02-02T06:00:00+00:00
[2024-03-26 18:22:40,382] {logging_mixin.py:109} INFO - yellow_taxi_2024_02 /opt/***/yellowtaxi_tripdata_2024-02.parquet 2024-02-02T06:00:00+00:00
[2024-03-26 18:22:40,382] {logging_mixin.py:109} INFO - Starting data ingestion process...
[2024-03-26 18:22:40,479] {taskinstance.py:1700} ERROR - Task failed with exception
Traceback (most recent call last):
  File "/home/airflow/.local/lib/python3.6/site-packages/airflow/models/taskinstance.py", line 1329, in _run_raw_task
    self._execute_task_with_callbacks(context)
  File "/home/airflow/.local/lib/python3.6/site-packages/airflow/models/taskinstance.py", line 1455, in _execute_task_with_callbacks
    result = self._execute_task(context, self.task)
  File "/home/airflow/.local/lib/python3.6/site-packages/airflow/models/taskinstance.py", line 1511, in _execute_task
    result = execute_callable(context=context)
  File "/home/airflow/.local/lib/python3.6/site-packages/airflow/operators/python.py", line 174, in execute
    return_value = self.execute_callable()
  File "/home/airflow/.local/lib/python3.6/site-packages/airflow/operators/python.py", line 185, in execute_callable
    return self.python_callable(*self.op_args, **self.op_kwargs)
  File "/opt/airflow/dags/ingest_script.py", line 22, in ingest_callable
    df = pd.read_parquet(parquet_file)
  File "/home/airflow/.local/lib/python3.6/site-packages/pandas/io/parquet.py", line 317, in read_parquet
    return impl.read(path, columns=columns, **kwargs)
  File "/home/airflow/.local/lib/python3.6/site-packages/pandas/io/parquet.py", line 142, in read
    path, columns=columns, filesystem=fs, **kwargs
  File "/home/airflow/.local/lib/python3.6/site-packages/pyarrow/parquet.py", line 1869, in read_table
    coerce_int96_timestamp_unit=coerce_int96_timestamp_unit
  File "/home/airflow/.local/lib/python3.6/site-packages/pyarrow/parquet.py", line 1679, in __init__
    [fragment], schema=fragment.physical_schema,
  File "pyarrow/_dataset.pyx", line 952, in pyarrow._dataset.Fragment.physical_schema.__get__
  File "pyarrow/error.pxi", line 143, in pyarrow.lib.pyarrow_internal_check_status
  File "pyarrow/error.pxi", line 99, in pyarrow.lib.check_status
pyarrow.lib.ArrowInvalid: Could not open Parquet input source '/opt/***/yellowtaxi_tripdata_2024-02.parquet': Parquet magic bytes not found in footer. Either the file is corrupted or this is not a parquet file.
[2024-03-26 18:22:40,503] {taskinstance.py:1277} INFO - Marking task as FAILED. dag_id=ingest_data, task_id=ingest_to_postgres_task, execution_date=20240202T060000, start_date=20240326T182240, end_date=20240326T182240
[2024-03-26 18:22:40,518] {standard_task_runner.py:92} ERROR - Failed to execute job 719 for task ingest_to_postgres_task
Traceback (most recent call last):
  File "/home/airflow/.local/lib/python3.6/site-packages/airflow/task/task_runner/standard_task_runner.py", line 85, in _start_by_fork
    args.func(args, dag=self.dag)
  File "/home/airflow/.local/lib/python3.6/site-packages/airflow/cli/cli_parser.py", line 48, in command
    return func(*args, **kwargs)
  File "/home/airflow/.local/lib/python3.6/site-packages/airflow/utils/cli.py", line 92, in wrapper
    return f(*args, **kwargs)
  File "/home/airflow/.local/lib/python3.6/site-packages/airflow/cli/commands/task_command.py", line 298, in task_run
    _run_task_by_selected_method(args, dag, ti)
  File "/home/airflow/.local/lib/python3.6/site-packages/airflow/cli/commands/task_command.py", line 107, in _run_task_by_selected_method
    _run_raw_task(args, ti)
  File "/home/airflow/.local/lib/python3.6/site-packages/airflow/cli/commands/task_command.py", line 184, in _run_raw_task
    error_file=args.error_file,
  File "/home/airflow/.local/lib/python3.6/site-packages/airflow/utils/session.py", line 70, in wrapper
    return func(*args, session=session, **kwargs)
  File "/home/airflow/.local/lib/python3.6/site-packages/airflow/models/taskinstance.py", line 1329, in _run_raw_task
    self._execute_task_with_callbacks(context)
  File "/home/airflow/.local/lib/python3.6/site-packages/airflow/models/taskinstance.py", line 1455, in _execute_task_with_callbacks
    result = self._execute_task(context, self.task)
  File "/home/airflow/.local/lib/python3.6/site-packages/airflow/models/taskinstance.py", line 1511, in _execute_task
    result = execute_callable(context=context)
  File "/home/airflow/.local/lib/python3.6/site-packages/airflow/operators/python.py", line 174, in execute
    return_value = self.execute_callable()
  File "/home/airflow/.local/lib/python3.6/site-packages/airflow/operators/python.py", line 185, in execute_callable
    return self.python_callable(*self.op_args, **self.op_kwargs)
  File "/opt/airflow/dags/ingest_script.py", line 22, in ingest_callable
    df = pd.read_parquet(parquet_file)
  File "/home/airflow/.local/lib/python3.6/site-packages/pandas/io/parquet.py", line 317, in read_parquet
    return impl.read(path, columns=columns, **kwargs)
  File "/home/airflow/.local/lib/python3.6/site-packages/pandas/io/parquet.py", line 142, in read
    path, columns=columns, filesystem=fs, **kwargs
  File "/home/airflow/.local/lib/python3.6/site-packages/pyarrow/parquet.py", line 1869, in read_table
    coerce_int96_timestamp_unit=coerce_int96_timestamp_unit
  File "/home/airflow/.local/lib/python3.6/site-packages/pyarrow/parquet.py", line 1679, in __init__
    [fragment], schema=fragment.physical_schema,
  File "pyarrow/_dataset.pyx", line 952, in pyarrow._dataset.Fragment.physical_schema.__get__
  File "pyarrow/error.pxi", line 143, in pyarrow.lib.pyarrow_internal_check_status
  File "pyarrow/error.pxi", line 99, in pyarrow.lib.check_status
pyarrow.lib.ArrowInvalid: Could not open Parquet input source '/opt/***/yellowtaxi_tripdata_2024-02.parquet': Parquet magic bytes not found in footer. Either the file is corrupted or this is not a parquet file.
[2024-03-26 18:22:40,559] {local_task_job.py:154} INFO - Task exited with return code 1
[2024-03-26 18:22:40,624] {local_task_job.py:264} INFO - 0 downstream tasks scheduled from follow-on schedule check
[2024-03-27 03:48:33,698] {taskinstance.py:1032} INFO - Dependencies all met for <TaskInstance: ingest_data.ingest_to_postgres_task scheduled__2024-02-02T06:00:00+00:00 [queued]>
[2024-03-27 03:48:33,711] {taskinstance.py:1032} INFO - Dependencies all met for <TaskInstance: ingest_data.ingest_to_postgres_task scheduled__2024-02-02T06:00:00+00:00 [queued]>
[2024-03-27 03:48:33,712] {taskinstance.py:1238} INFO - 
--------------------------------------------------------------------------------
[2024-03-27 03:48:33,712] {taskinstance.py:1239} INFO - Starting attempt 1 of 1
[2024-03-27 03:48:33,712] {taskinstance.py:1240} INFO - 
--------------------------------------------------------------------------------
[2024-03-27 03:48:33,723] {taskinstance.py:1259} INFO - Executing <Task(PythonOperator): ingest_to_postgres_task> on 2024-02-02 06:00:00+00:00
[2024-03-27 03:48:33,729] {standard_task_runner.py:52} INFO - Started process 416 to run task
[2024-03-27 03:48:33,733] {standard_task_runner.py:76} INFO - Running: ['***', 'tasks', 'run', 'ingest_data', 'ingest_to_postgres_task', 'scheduled__2024-02-02T06:00:00+00:00', '--job-id', '794', '--raw', '--subdir', 'DAGS_FOLDER/data_ingestion_dag.py', '--cfg-path', '/tmp/tmpgswj8544', '--error-file', '/tmp/tmpbcl_u24p']
[2024-03-27 03:48:33,733] {standard_task_runner.py:77} INFO - Job 794: Subtask ingest_to_postgres_task
[2024-03-27 03:48:33,791] {logging_mixin.py:109} INFO - Running <TaskInstance: ingest_data.ingest_to_postgres_task scheduled__2024-02-02T06:00:00+00:00 [running]> on host 05f84def3a12
[2024-03-27 03:48:33,828] {warnings.py:99} WARNING - /home/***/.local/lib/python3.6/site-packages/***/utils/context.py:152: AirflowContextDeprecationWarning: Accessing 'execution_date' from the template is deprecated and will be removed in a future version. Please use 'data_interval_start' or 'logical_date' instead.
  warnings.warn(_create_deprecation_warning(key, self._deprecation_replacements[key]))

[2024-03-27 03:48:33,847] {taskinstance.py:1426} INFO - Exporting the following env vars:
AIRFLOW_CTX_DAG_OWNER=***
AIRFLOW_CTX_DAG_ID=ingest_data
AIRFLOW_CTX_TASK_ID=ingest_to_postgres_task
AIRFLOW_CTX_EXECUTION_DATE=2024-02-02T06:00:00+00:00
AIRFLOW_CTX_DAG_RUN_ID=scheduled__2024-02-02T06:00:00+00:00
[2024-03-27 03:48:33,848] {logging_mixin.py:109} INFO - yellow_taxi_2024_02 /opt/***/yellowtaxi_tripdata_2024-02.parquet 2024-02-02T06:00:00+00:00
[2024-03-27 03:48:33,848] {logging_mixin.py:109} INFO - Starting data ingestion process...
[2024-03-27 03:48:33,906] {taskinstance.py:1700} ERROR - Task failed with exception
Traceback (most recent call last):
  File "/home/airflow/.local/lib/python3.6/site-packages/airflow/models/taskinstance.py", line 1329, in _run_raw_task
    self._execute_task_with_callbacks(context)
  File "/home/airflow/.local/lib/python3.6/site-packages/airflow/models/taskinstance.py", line 1455, in _execute_task_with_callbacks
    result = self._execute_task(context, self.task)
  File "/home/airflow/.local/lib/python3.6/site-packages/airflow/models/taskinstance.py", line 1511, in _execute_task
    result = execute_callable(context=context)
  File "/home/airflow/.local/lib/python3.6/site-packages/airflow/operators/python.py", line 174, in execute
    return_value = self.execute_callable()
  File "/home/airflow/.local/lib/python3.6/site-packages/airflow/operators/python.py", line 185, in execute_callable
    return self.python_callable(*self.op_args, **self.op_kwargs)
  File "/opt/airflow/dags/ingest_script.py", line 22, in ingest_callable
    df = pd.read_parquet(parquet_file)
  File "/home/airflow/.local/lib/python3.6/site-packages/pandas/io/parquet.py", line 317, in read_parquet
    return impl.read(path, columns=columns, **kwargs)
  File "/home/airflow/.local/lib/python3.6/site-packages/pandas/io/parquet.py", line 142, in read
    path, columns=columns, filesystem=fs, **kwargs
  File "/home/airflow/.local/lib/python3.6/site-packages/pyarrow/parquet.py", line 1869, in read_table
    coerce_int96_timestamp_unit=coerce_int96_timestamp_unit
  File "/home/airflow/.local/lib/python3.6/site-packages/pyarrow/parquet.py", line 1679, in __init__
    [fragment], schema=fragment.physical_schema,
  File "pyarrow/_dataset.pyx", line 952, in pyarrow._dataset.Fragment.physical_schema.__get__
  File "pyarrow/error.pxi", line 143, in pyarrow.lib.pyarrow_internal_check_status
  File "pyarrow/error.pxi", line 99, in pyarrow.lib.check_status
pyarrow.lib.ArrowInvalid: Could not open Parquet input source '/opt/***/yellowtaxi_tripdata_2024-02.parquet': Parquet magic bytes not found in footer. Either the file is corrupted or this is not a parquet file.
[2024-03-27 03:48:33,923] {taskinstance.py:1277} INFO - Marking task as FAILED. dag_id=ingest_data, task_id=ingest_to_postgres_task, execution_date=20240202T060000, start_date=20240327T034833, end_date=20240327T034833
[2024-03-27 03:48:33,936] {standard_task_runner.py:92} ERROR - Failed to execute job 794 for task ingest_to_postgres_task
Traceback (most recent call last):
  File "/home/airflow/.local/lib/python3.6/site-packages/airflow/task/task_runner/standard_task_runner.py", line 85, in _start_by_fork
    args.func(args, dag=self.dag)
  File "/home/airflow/.local/lib/python3.6/site-packages/airflow/cli/cli_parser.py", line 48, in command
    return func(*args, **kwargs)
  File "/home/airflow/.local/lib/python3.6/site-packages/airflow/utils/cli.py", line 92, in wrapper
    return f(*args, **kwargs)
  File "/home/airflow/.local/lib/python3.6/site-packages/airflow/cli/commands/task_command.py", line 298, in task_run
    _run_task_by_selected_method(args, dag, ti)
  File "/home/airflow/.local/lib/python3.6/site-packages/airflow/cli/commands/task_command.py", line 107, in _run_task_by_selected_method
    _run_raw_task(args, ti)
  File "/home/airflow/.local/lib/python3.6/site-packages/airflow/cli/commands/task_command.py", line 184, in _run_raw_task
    error_file=args.error_file,
  File "/home/airflow/.local/lib/python3.6/site-packages/airflow/utils/session.py", line 70, in wrapper
    return func(*args, session=session, **kwargs)
  File "/home/airflow/.local/lib/python3.6/site-packages/airflow/models/taskinstance.py", line 1329, in _run_raw_task
    self._execute_task_with_callbacks(context)
  File "/home/airflow/.local/lib/python3.6/site-packages/airflow/models/taskinstance.py", line 1455, in _execute_task_with_callbacks
    result = self._execute_task(context, self.task)
  File "/home/airflow/.local/lib/python3.6/site-packages/airflow/models/taskinstance.py", line 1511, in _execute_task
    result = execute_callable(context=context)
  File "/home/airflow/.local/lib/python3.6/site-packages/airflow/operators/python.py", line 174, in execute
    return_value = self.execute_callable()
  File "/home/airflow/.local/lib/python3.6/site-packages/airflow/operators/python.py", line 185, in execute_callable
    return self.python_callable(*self.op_args, **self.op_kwargs)
  File "/opt/airflow/dags/ingest_script.py", line 22, in ingest_callable
    df = pd.read_parquet(parquet_file)
  File "/home/airflow/.local/lib/python3.6/site-packages/pandas/io/parquet.py", line 317, in read_parquet
    return impl.read(path, columns=columns, **kwargs)
  File "/home/airflow/.local/lib/python3.6/site-packages/pandas/io/parquet.py", line 142, in read
    path, columns=columns, filesystem=fs, **kwargs
  File "/home/airflow/.local/lib/python3.6/site-packages/pyarrow/parquet.py", line 1869, in read_table
    coerce_int96_timestamp_unit=coerce_int96_timestamp_unit
  File "/home/airflow/.local/lib/python3.6/site-packages/pyarrow/parquet.py", line 1679, in __init__
    [fragment], schema=fragment.physical_schema,
  File "pyarrow/_dataset.pyx", line 952, in pyarrow._dataset.Fragment.physical_schema.__get__
  File "pyarrow/error.pxi", line 143, in pyarrow.lib.pyarrow_internal_check_status
  File "pyarrow/error.pxi", line 99, in pyarrow.lib.check_status
pyarrow.lib.ArrowInvalid: Could not open Parquet input source '/opt/***/yellowtaxi_tripdata_2024-02.parquet': Parquet magic bytes not found in footer. Either the file is corrupted or this is not a parquet file.
[2024-03-27 03:48:33,984] {local_task_job.py:154} INFO - Task exited with return code 1
[2024-03-27 03:48:34,062] {local_task_job.py:264} INFO - 0 downstream tasks scheduled from follow-on schedule check
