[2024-03-30 04:09:12,653] {taskinstance.py:1032} INFO - Dependencies all met for <TaskInstance: ingest_data_bigquery.bigquery_external_table_task scheduled__2023-08-02T06:00:00+00:00 [queued]>
[2024-03-30 04:09:12,669] {taskinstance.py:1032} INFO - Dependencies all met for <TaskInstance: ingest_data_bigquery.bigquery_external_table_task scheduled__2023-08-02T06:00:00+00:00 [queued]>
[2024-03-30 04:09:12,669] {taskinstance.py:1238} INFO - 
--------------------------------------------------------------------------------
[2024-03-30 04:09:12,670] {taskinstance.py:1239} INFO - Starting attempt 4 of 4
[2024-03-30 04:09:12,670] {taskinstance.py:1240} INFO - 
--------------------------------------------------------------------------------
[2024-03-30 04:09:12,687] {taskinstance.py:1259} INFO - Executing <Task(BigQueryCreateExternalTableOperator): bigquery_external_table_task> on 2023-08-02 06:00:00+00:00
[2024-03-30 04:09:12,697] {standard_task_runner.py:52} INFO - Started process 3055 to run task
[2024-03-30 04:09:12,716] {standard_task_runner.py:76} INFO - Running: ['***', 'tasks', 'run', 'ingest_data_bigquery', 'bigquery_external_table_task', 'scheduled__2023-08-02T06:00:00+00:00', '--job-id', '2067', '--raw', '--subdir', 'DAGS_FOLDER/data_ingestion_gcs_dag.py', '--cfg-path', '/tmp/tmp3mq2wk3v', '--error-file', '/tmp/tmp4q0rlu9d']
[2024-03-30 04:09:12,721] {standard_task_runner.py:77} INFO - Job 2067: Subtask bigquery_external_table_task
[2024-03-30 04:09:12,811] {logging_mixin.py:109} INFO - Running <TaskInstance: ingest_data_bigquery.bigquery_external_table_task scheduled__2023-08-02T06:00:00+00:00 [running]> on host 98c5b3fde4c4
[2024-03-30 04:09:12,867] {warnings.py:99} WARNING - /home/***/.local/lib/python3.6/site-packages/***/utils/context.py:152: AirflowContextDeprecationWarning: Accessing 'execution_date' from the template is deprecated and will be removed in a future version. Please use 'data_interval_start' or 'logical_date' instead.
  warnings.warn(_create_deprecation_warning(key, self._deprecation_replacements[key]))

[2024-03-30 04:09:12,902] {taskinstance.py:1426} INFO - Exporting the following env vars:
AIRFLOW_CTX_DAG_OWNER=***
AIRFLOW_CTX_DAG_ID=ingest_data_bigquery
AIRFLOW_CTX_TASK_ID=bigquery_external_table_task
AIRFLOW_CTX_EXECUTION_DATE=2023-08-02T06:00:00+00:00
AIRFLOW_CTX_DAG_RUN_ID=scheduled__2023-08-02T06:00:00+00:00
[2024-03-30 04:09:12,903] {crypto.py:82} WARNING - empty cryptography key - values will not be stored encrypted.
[2024-03-30 04:09:12,913] {warnings.py:99} WARNING - /home/***/.local/lib/python3.6/site-packages/***/providers/google/cloud/hooks/bigquery.py:637: DeprecationWarning: This method is deprecated. Please use `BigQueryHook.create_empty_table` method with passing the `table_resource` object. This gives more flexibility than this method.
  DeprecationWarning,

[2024-03-30 04:09:12,915] {bigquery.py:700} INFO - Creating external table: None.external_table
[2024-03-30 04:09:13,533] {taskinstance.py:1700} ERROR - Task failed with exception
Traceback (most recent call last):
  File "/home/airflow/.local/lib/python3.6/site-packages/airflow/models/taskinstance.py", line 1329, in _run_raw_task
    self._execute_task_with_callbacks(context)
  File "/home/airflow/.local/lib/python3.6/site-packages/airflow/models/taskinstance.py", line 1455, in _execute_task_with_callbacks
    result = self._execute_task(context, self.task)
  File "/home/airflow/.local/lib/python3.6/site-packages/airflow/models/taskinstance.py", line 1511, in _execute_task
    result = execute_callable(context=context)
  File "/home/airflow/.local/lib/python3.6/site-packages/airflow/providers/google/cloud/operators/bigquery.py", line 1226, in execute
    encryption_configuration=self.encryption_configuration,
  File "/home/airflow/.local/lib/python3.6/site-packages/airflow/providers/google/common/hooks/base_google.py", line 430, in inner_wrapper
    return func(self, *args, **kwargs)
  File "/home/airflow/.local/lib/python3.6/site-packages/airflow/providers/google/cloud/hooks/bigquery.py", line 702, in create_external_table
    table_resource=table.to_api_repr(), project_id=project_id, location=location, exists_ok=True
  File "/home/airflow/.local/lib/python3.6/site-packages/airflow/providers/google/common/hooks/base_google.py", line 430, in inner_wrapper
    return func(self, *args, **kwargs)
  File "/home/airflow/.local/lib/python3.6/site-packages/airflow/providers/google/cloud/hooks/bigquery.py", line 408, in create_empty_table
    table=table, exists_ok=exists_ok, retry=retry
  File "/home/airflow/.local/lib/python3.6/site-packages/google/cloud/bigquery/client.py", line 755, in create_table
    timeout=timeout,
  File "/home/airflow/.local/lib/python3.6/site-packages/google/cloud/bigquery/client.py", line 782, in _call_api
    return call()
  File "/home/airflow/.local/lib/python3.6/site-packages/google/api_core/retry.py", line 291, in retry_wrapped_func
    on_error=on_error,
  File "/home/airflow/.local/lib/python3.6/site-packages/google/api_core/retry.py", line 189, in retry_target
    return target()
  File "/home/airflow/.local/lib/python3.6/site-packages/google/cloud/_http.py", line 484, in api_request
    raise exceptions.from_http_response(response)
google.api_core.exceptions.NotFound: 404 POST https://bigquery.googleapis.com/bigquery/v2/projects/ny-rides-peter-415106/datasets/None/tables?prettyPrint=false: Not found: Dataset ny-rides-peter-415106:None
[2024-03-30 04:09:13,593] {taskinstance.py:1277} INFO - Marking task as FAILED. dag_id=ingest_data_bigquery, task_id=bigquery_external_table_task, execution_date=20230802T060000, start_date=20240330T040912, end_date=20240330T040913
[2024-03-30 04:09:13,675] {standard_task_runner.py:92} ERROR - Failed to execute job 2067 for task bigquery_external_table_task
Traceback (most recent call last):
  File "/home/airflow/.local/lib/python3.6/site-packages/airflow/task/task_runner/standard_task_runner.py", line 85, in _start_by_fork
    args.func(args, dag=self.dag)
  File "/home/airflow/.local/lib/python3.6/site-packages/airflow/cli/cli_parser.py", line 48, in command
    return func(*args, **kwargs)
  File "/home/airflow/.local/lib/python3.6/site-packages/airflow/utils/cli.py", line 92, in wrapper
    return f(*args, **kwargs)
  File "/home/airflow/.local/lib/python3.6/site-packages/airflow/cli/commands/task_command.py", line 298, in task_run
    _run_task_by_selected_method(args, dag, ti)
  File "/home/airflow/.local/lib/python3.6/site-packages/airflow/cli/commands/task_command.py", line 107, in _run_task_by_selected_method
    _run_raw_task(args, ti)
  File "/home/airflow/.local/lib/python3.6/site-packages/airflow/cli/commands/task_command.py", line 184, in _run_raw_task
    error_file=args.error_file,
  File "/home/airflow/.local/lib/python3.6/site-packages/airflow/utils/session.py", line 70, in wrapper
    return func(*args, session=session, **kwargs)
  File "/home/airflow/.local/lib/python3.6/site-packages/airflow/models/taskinstance.py", line 1329, in _run_raw_task
    self._execute_task_with_callbacks(context)
  File "/home/airflow/.local/lib/python3.6/site-packages/airflow/models/taskinstance.py", line 1455, in _execute_task_with_callbacks
    result = self._execute_task(context, self.task)
  File "/home/airflow/.local/lib/python3.6/site-packages/airflow/models/taskinstance.py", line 1511, in _execute_task
    result = execute_callable(context=context)
  File "/home/airflow/.local/lib/python3.6/site-packages/airflow/providers/google/cloud/operators/bigquery.py", line 1226, in execute
    encryption_configuration=self.encryption_configuration,
  File "/home/airflow/.local/lib/python3.6/site-packages/airflow/providers/google/common/hooks/base_google.py", line 430, in inner_wrapper
    return func(self, *args, **kwargs)
  File "/home/airflow/.local/lib/python3.6/site-packages/airflow/providers/google/cloud/hooks/bigquery.py", line 702, in create_external_table
    table_resource=table.to_api_repr(), project_id=project_id, location=location, exists_ok=True
  File "/home/airflow/.local/lib/python3.6/site-packages/airflow/providers/google/common/hooks/base_google.py", line 430, in inner_wrapper
    return func(self, *args, **kwargs)
  File "/home/airflow/.local/lib/python3.6/site-packages/airflow/providers/google/cloud/hooks/bigquery.py", line 408, in create_empty_table
    table=table, exists_ok=exists_ok, retry=retry
  File "/home/airflow/.local/lib/python3.6/site-packages/google/cloud/bigquery/client.py", line 755, in create_table
    timeout=timeout,
  File "/home/airflow/.local/lib/python3.6/site-packages/google/cloud/bigquery/client.py", line 782, in _call_api
    return call()
  File "/home/airflow/.local/lib/python3.6/site-packages/google/api_core/retry.py", line 291, in retry_wrapped_func
    on_error=on_error,
  File "/home/airflow/.local/lib/python3.6/site-packages/google/api_core/retry.py", line 189, in retry_target
    return target()
  File "/home/airflow/.local/lib/python3.6/site-packages/google/cloud/_http.py", line 484, in api_request
    raise exceptions.from_http_response(response)
google.api_core.exceptions.NotFound: 404 POST https://bigquery.googleapis.com/bigquery/v2/projects/ny-rides-peter-415106/datasets/None/tables?prettyPrint=false: Not found: Dataset ny-rides-peter-415106:None
[2024-03-30 04:09:13,703] {local_task_job.py:154} INFO - Task exited with return code 1
[2024-03-30 04:09:13,785] {local_task_job.py:264} INFO - 0 downstream tasks scheduled from follow-on schedule check
[2024-03-30 04:31:27,769] {taskinstance.py:1032} INFO - Dependencies all met for <TaskInstance: ingest_data_bigquery.bigquery_external_table_task scheduled__2023-08-02T06:00:00+00:00 [queued]>
[2024-03-30 04:31:27,781] {taskinstance.py:1032} INFO - Dependencies all met for <TaskInstance: ingest_data_bigquery.bigquery_external_table_task scheduled__2023-08-02T06:00:00+00:00 [queued]>
[2024-03-30 04:31:27,782] {taskinstance.py:1238} INFO - 
--------------------------------------------------------------------------------
[2024-03-30 04:31:27,782] {taskinstance.py:1239} INFO - Starting attempt 4 of 7
[2024-03-30 04:31:27,782] {taskinstance.py:1240} INFO - 
--------------------------------------------------------------------------------
[2024-03-30 04:31:27,793] {taskinstance.py:1259} INFO - Executing <Task(BigQueryCreateExternalTableOperator): bigquery_external_table_task> on 2023-08-02 06:00:00+00:00
[2024-03-30 04:31:27,800] {standard_task_runner.py:52} INFO - Started process 4824 to run task
[2024-03-30 04:31:27,804] {standard_task_runner.py:76} INFO - Running: ['***', 'tasks', 'run', 'ingest_data_bigquery', 'bigquery_external_table_task', 'scheduled__2023-08-02T06:00:00+00:00', '--job-id', '2267', '--raw', '--subdir', 'DAGS_FOLDER/data_ingestion_gcs_dag.py', '--cfg-path', '/tmp/tmpuuaxzav_', '--error-file', '/tmp/tmp3g2weqkz']
[2024-03-30 04:31:27,808] {standard_task_runner.py:77} INFO - Job 2267: Subtask bigquery_external_table_task
[2024-03-30 04:31:27,872] {logging_mixin.py:109} INFO - Running <TaskInstance: ingest_data_bigquery.bigquery_external_table_task scheduled__2023-08-02T06:00:00+00:00 [running]> on host 98c5b3fde4c4
[2024-03-30 04:31:27,911] {warnings.py:99} WARNING - /home/***/.local/lib/python3.6/site-packages/***/utils/context.py:152: AirflowContextDeprecationWarning: Accessing 'execution_date' from the template is deprecated and will be removed in a future version. Please use 'data_interval_start' or 'logical_date' instead.
  warnings.warn(_create_deprecation_warning(key, self._deprecation_replacements[key]))

[2024-03-30 04:31:27,931] {taskinstance.py:1426} INFO - Exporting the following env vars:
AIRFLOW_CTX_DAG_OWNER=***
AIRFLOW_CTX_DAG_ID=ingest_data_bigquery
AIRFLOW_CTX_TASK_ID=bigquery_external_table_task
AIRFLOW_CTX_EXECUTION_DATE=2023-08-02T06:00:00+00:00
AIRFLOW_CTX_DAG_RUN_ID=scheduled__2023-08-02T06:00:00+00:00
[2024-03-30 04:31:27,933] {crypto.py:82} WARNING - empty cryptography key - values will not be stored encrypted.
[2024-03-30 04:31:27,942] {warnings.py:99} WARNING - /home/***/.local/lib/python3.6/site-packages/***/providers/google/cloud/hooks/bigquery.py:637: DeprecationWarning: This method is deprecated. Please use `BigQueryHook.create_empty_table` method with passing the `table_resource` object. This gives more flexibility than this method.
  DeprecationWarning,

[2024-03-30 04:31:27,944] {bigquery.py:700} INFO - Creating external table: test_dataset.yellowtaxi_trips
[2024-03-30 04:31:28,206] {bigquery.py:704} INFO - External table created successfully: test_dataset.yellowtaxi_trips
[2024-03-30 04:31:28,218] {taskinstance.py:1277} INFO - Marking task as SUCCESS. dag_id=ingest_data_bigquery, task_id=bigquery_external_table_task, execution_date=20230802T060000, start_date=20240330T043127, end_date=20240330T043128
[2024-03-30 04:31:28,264] {local_task_job.py:154} INFO - Task exited with return code 0
[2024-03-30 04:31:28,295] {local_task_job.py:264} INFO - 0 downstream tasks scheduled from follow-on schedule check
