[2024-03-26 14:34:34,677] {taskinstance.py:1032} INFO - Dependencies all met for <TaskInstance: LocalIngestionDag.wget scheduled__2022-11-02T06:00:00+00:00 [queued]>
[2024-03-26 14:34:34,731] {taskinstance.py:1032} INFO - Dependencies all met for <TaskInstance: LocalIngestionDag.wget scheduled__2022-11-02T06:00:00+00:00 [queued]>
[2024-03-26 14:34:34,732] {taskinstance.py:1238} INFO - 
--------------------------------------------------------------------------------
[2024-03-26 14:34:34,734] {taskinstance.py:1239} INFO - Starting attempt 1 of 1
[2024-03-26 14:34:34,735] {taskinstance.py:1240} INFO - 
--------------------------------------------------------------------------------
[2024-03-26 14:34:34,792] {taskinstance.py:1259} INFO - Executing <Task(BashOperator): wget> on 2022-11-02 06:00:00+00:00
[2024-03-26 14:34:34,832] {standard_task_runner.py:52} INFO - Started process 268 to run task
[2024-03-26 14:34:34,848] {standard_task_runner.py:76} INFO - Running: ['***', 'tasks', 'run', 'LocalIngestionDag', 'wget', 'scheduled__2022-11-02T06:00:00+00:00', '--job-id', '180', '--raw', '--subdir', 'DAGS_FOLDER/data_ingestion_local.py', '--cfg-path', '/tmp/tmp_54mkvkh', '--error-file', '/tmp/tmp5vtydszx']
[2024-03-26 14:34:34,849] {standard_task_runner.py:77} INFO - Job 180: Subtask wget
[2024-03-26 14:34:35,178] {logging_mixin.py:109} INFO - Running <TaskInstance: LocalIngestionDag.wget scheduled__2022-11-02T06:00:00+00:00 [running]> on host 55b5831905d1
[2024-03-26 14:34:35,362] {warnings.py:99} WARNING - /home/***/.local/lib/python3.6/site-packages/***/utils/context.py:152: AirflowContextDeprecationWarning: Accessing 'execution_date' from the template is deprecated and will be removed in a future version. Please use 'data_interval_start' or 'logical_date' instead.
  warnings.warn(_create_deprecation_warning(key, self._deprecation_replacements[key]))

[2024-03-26 14:34:35,431] {taskinstance.py:1426} INFO - Exporting the following env vars:
AIRFLOW_CTX_DAG_OWNER=***
AIRFLOW_CTX_DAG_ID=LocalIngestionDag
AIRFLOW_CTX_TASK_ID=wget
AIRFLOW_CTX_EXECUTION_DATE=2022-11-02T06:00:00+00:00
AIRFLOW_CTX_DAG_RUN_ID=scheduled__2022-11-02T06:00:00+00:00
[2024-03-26 14:34:35,433] {subprocess.py:62} INFO - Tmp dir root location: 
 /tmp
[2024-03-26 14:34:35,434] {subprocess.py:74} INFO - Running command: ['bash', '-c', 'curl -sSL https://s3.amazonaws.com/nyc-tlc/trip+data/yellow_tripdata_2022-11.csv > /opt/***/output_2022-11.csv']
[2024-03-26 14:34:35,515] {subprocess.py:85} INFO - Output:
[2024-03-26 14:34:36,552] {subprocess.py:93} INFO - Command exited with return code 0
[2024-03-26 14:34:36,641] {taskinstance.py:1277} INFO - Marking task as SUCCESS. dag_id=LocalIngestionDag, task_id=wget, execution_date=20221102T060000, start_date=20240326T143434, end_date=20240326T143436
[2024-03-26 14:34:36,799] {local_task_job.py:154} INFO - Task exited with return code 0
[2024-03-26 14:34:37,039] {local_task_job.py:264} INFO - 0 downstream tasks scheduled from follow-on schedule check
[2024-03-26 15:30:19,444] {taskinstance.py:1032} INFO - Dependencies all met for <TaskInstance: LocalIngestionDag.wget scheduled__2022-11-02T06:00:00+00:00 [queued]>
[2024-03-26 15:30:19,503] {taskinstance.py:1032} INFO - Dependencies all met for <TaskInstance: LocalIngestionDag.wget scheduled__2022-11-02T06:00:00+00:00 [queued]>
[2024-03-26 15:30:19,503] {taskinstance.py:1238} INFO - 
--------------------------------------------------------------------------------
[2024-03-26 15:30:19,504] {taskinstance.py:1239} INFO - Starting attempt 1 of 1
[2024-03-26 15:30:19,504] {taskinstance.py:1240} INFO - 
--------------------------------------------------------------------------------
[2024-03-26 15:30:19,599] {taskinstance.py:1259} INFO - Executing <Task(BashOperator): wget> on 2022-11-02 06:00:00+00:00
[2024-03-26 15:30:19,634] {standard_task_runner.py:52} INFO - Started process 1049 to run task
[2024-03-26 15:30:19,649] {standard_task_runner.py:76} INFO - Running: ['***', 'tasks', 'run', 'LocalIngestionDag', 'wget', 'scheduled__2022-11-02T06:00:00+00:00', '--job-id', '307', '--raw', '--subdir', 'DAGS_FOLDER/data_ingestion_local.py', '--cfg-path', '/tmp/tmprok93nuz', '--error-file', '/tmp/tmpa70alojw']
[2024-03-26 15:30:19,653] {standard_task_runner.py:77} INFO - Job 307: Subtask wget
[2024-03-26 15:30:19,913] {logging_mixin.py:109} INFO - Running <TaskInstance: LocalIngestionDag.wget scheduled__2022-11-02T06:00:00+00:00 [running]> on host 153a478eba08
[2024-03-26 15:30:20,118] {warnings.py:99} WARNING - /home/***/.local/lib/python3.6/site-packages/***/utils/context.py:152: AirflowContextDeprecationWarning: Accessing 'execution_date' from the template is deprecated and will be removed in a future version. Please use 'data_interval_start' or 'logical_date' instead.
  warnings.warn(_create_deprecation_warning(key, self._deprecation_replacements[key]))

[2024-03-26 15:30:20,255] {taskinstance.py:1426} INFO - Exporting the following env vars:
AIRFLOW_CTX_DAG_OWNER=***
AIRFLOW_CTX_DAG_ID=LocalIngestionDag
AIRFLOW_CTX_TASK_ID=wget
AIRFLOW_CTX_EXECUTION_DATE=2022-11-02T06:00:00+00:00
AIRFLOW_CTX_DAG_RUN_ID=scheduled__2022-11-02T06:00:00+00:00
[2024-03-26 15:30:20,257] {subprocess.py:62} INFO - Tmp dir root location: 
 /tmp
[2024-03-26 15:30:20,259] {subprocess.py:74} INFO - Running command: ['bash', '-c', 'curl -sSL https://s3.amazonaws.com/nyc-tlc/trip+data/yellow_tripdata_2022-11.csv > /opt/***/output_2022-11.csv']
[2024-03-26 15:30:20,328] {subprocess.py:85} INFO - Output:
[2024-03-26 15:30:21,325] {subprocess.py:93} INFO - Command exited with return code 0
[2024-03-26 15:30:21,612] {taskinstance.py:1277} INFO - Marking task as SUCCESS. dag_id=LocalIngestionDag, task_id=wget, execution_date=20221102T060000, start_date=20240326T153019, end_date=20240326T153021
[2024-03-26 15:30:21,736] {local_task_job.py:154} INFO - Task exited with return code 0
[2024-03-26 15:30:21,878] {local_task_job.py:264} INFO - 1 downstream tasks scheduled from follow-on schedule check
