[2025-01-14 15:32:24,430] {taskinstance.py:1032} INFO - Dependencies all met for <TaskInstance: ingest_data_bigquery_gt_2022.download_dataset_task scheduled__2022-01-02T06:00:00+00:00 [queued]>
[2025-01-14 15:32:24,443] {taskinstance.py:1032} INFO - Dependencies all met for <TaskInstance: ingest_data_bigquery_gt_2022.download_dataset_task scheduled__2022-01-02T06:00:00+00:00 [queued]>
[2025-01-14 15:32:24,444] {taskinstance.py:1238} INFO - 
--------------------------------------------------------------------------------
[2025-01-14 15:32:24,444] {taskinstance.py:1239} INFO - Starting attempt 2 of 4
[2025-01-14 15:32:24,444] {taskinstance.py:1240} INFO - 
--------------------------------------------------------------------------------
[2025-01-14 15:32:24,456] {taskinstance.py:1259} INFO - Executing <Task(BashOperator): download_dataset_task> on 2022-01-02 06:00:00+00:00
[2025-01-14 15:32:24,463] {standard_task_runner.py:52} INFO - Started process 1555 to run task
[2025-01-14 15:32:24,469] {standard_task_runner.py:76} INFO - Running: ['***', 'tasks', 'run', 'ingest_data_bigquery_gt_2022', 'download_dataset_task', 'scheduled__2022-01-02T06:00:00+00:00', '--job-id', '6419', '--raw', '--subdir', 'DAGS_FOLDER/data_ingestion_gcs_gt_dag_2022.py', '--cfg-path', '/tmp/tmpg4d1str_', '--error-file', '/tmp/tmp1w7tcmxk']
[2025-01-14 15:32:24,474] {standard_task_runner.py:77} INFO - Job 6419: Subtask download_dataset_task
[2025-01-14 15:32:24,544] {logging_mixin.py:109} INFO - Running <TaskInstance: ingest_data_bigquery_gt_2022.download_dataset_task scheduled__2022-01-02T06:00:00+00:00 [running]> on host d4593c1e0983
[2025-01-14 15:32:24,583] {warnings.py:99} WARNING - /home/***/.local/lib/python3.6/site-packages/***/utils/context.py:152: AirflowContextDeprecationWarning: Accessing 'execution_date' from the template is deprecated and will be removed in a future version. Please use 'data_interval_start' or 'logical_date' instead.
  warnings.warn(_create_deprecation_warning(key, self._deprecation_replacements[key]))

[2025-01-14 15:32:24,606] {taskinstance.py:1426} INFO - Exporting the following env vars:
AIRFLOW_CTX_DAG_OWNER=***
AIRFLOW_CTX_DAG_ID=ingest_data_bigquery_gt_2022
AIRFLOW_CTX_TASK_ID=download_dataset_task
AIRFLOW_CTX_EXECUTION_DATE=2022-01-02T06:00:00+00:00
AIRFLOW_CTX_DAG_RUN_ID=scheduled__2022-01-02T06:00:00+00:00
[2025-01-14 15:32:24,607] {subprocess.py:62} INFO - Tmp dir root location: 
 /tmp
[2025-01-14 15:32:24,608] {subprocess.py:74} INFO - Running command: ['bash', '-c', 'curl -sSL https://d37ci6vzurychx.cloudfront.net/trip-data/green_tripdata_2022-01.parquet > /opt/***/raw_data/greentaxi_tripdata_2022-01.parquet']
[2025-01-14 15:32:24,621] {subprocess.py:85} INFO - Output:
[2025-01-14 15:32:26,007] {subprocess.py:93} INFO - Command exited with return code 0
[2025-01-14 15:32:26,050] {taskinstance.py:1277} INFO - Marking task as SUCCESS. dag_id=ingest_data_bigquery_gt_2022, task_id=download_dataset_task, execution_date=20220102T060000, start_date=20250114T153224, end_date=20250114T153226
[2025-01-14 15:32:26,093] {local_task_job.py:154} INFO - Task exited with return code 0
[2025-01-14 15:32:26,153] {local_task_job.py:264} INFO - 1 downstream tasks scheduled from follow-on schedule check
