[2024-05-03 17:14:11,655] {taskinstance.py:1032} INFO - Dependencies all met for <TaskInstance: ingest_data_bigquery_yt.local_to_gcs_task scheduled__2020-02-02T06:00:00+00:00 [queued]>
[2024-05-03 17:14:11,678] {taskinstance.py:1032} INFO - Dependencies all met for <TaskInstance: ingest_data_bigquery_yt.local_to_gcs_task scheduled__2020-02-02T06:00:00+00:00 [queued]>
[2024-05-03 17:14:11,679] {taskinstance.py:1238} INFO - 
--------------------------------------------------------------------------------
[2024-05-03 17:14:11,679] {taskinstance.py:1239} INFO - Starting attempt 2 of 3
[2024-05-03 17:14:11,679] {taskinstance.py:1240} INFO - 
--------------------------------------------------------------------------------
[2024-05-03 17:14:11,716] {taskinstance.py:1259} INFO - Executing <Task(PythonOperator): local_to_gcs_task> on 2020-02-02 06:00:00+00:00
[2024-05-03 17:14:11,840] {standard_task_runner.py:52} INFO - Started process 1034 to run task
[2024-05-03 17:14:11,890] {standard_task_runner.py:76} INFO - Running: ['***', 'tasks', 'run', 'ingest_data_bigquery_yt', 'local_to_gcs_task', 'scheduled__2020-02-02T06:00:00+00:00', '--job-id', '4308', '--raw', '--subdir', 'DAGS_FOLDER/data_ingstion_gcs_yt_dag.py', '--cfg-path', '/tmp/tmp1v4xenut', '--error-file', '/tmp/tmpm28viw89']
[2024-05-03 17:14:11,956] {standard_task_runner.py:77} INFO - Job 4308: Subtask local_to_gcs_task
[2024-05-03 17:14:12,427] {logging_mixin.py:109} INFO - Running <TaskInstance: ingest_data_bigquery_yt.local_to_gcs_task scheduled__2020-02-02T06:00:00+00:00 [running]> on host f0ab9bf9b587
[2024-05-03 17:14:12,706] {warnings.py:99} WARNING - /home/***/.local/lib/python3.6/site-packages/***/utils/context.py:152: AirflowContextDeprecationWarning: Accessing 'execution_date' from the template is deprecated and will be removed in a future version. Please use 'data_interval_start' or 'logical_date' instead.
  warnings.warn(_create_deprecation_warning(key, self._deprecation_replacements[key]))

[2024-05-03 17:14:12,903] {taskinstance.py:1426} INFO - Exporting the following env vars:
AIRFLOW_CTX_DAG_OWNER=***
AIRFLOW_CTX_DAG_ID=ingest_data_bigquery_yt
AIRFLOW_CTX_TASK_ID=local_to_gcs_task
AIRFLOW_CTX_EXECUTION_DATE=2020-02-02T06:00:00+00:00
AIRFLOW_CTX_DAG_RUN_ID=scheduled__2020-02-02T06:00:00+00:00
[2024-05-03 17:37:51,007] {warnings.py:99} WARNING - /home/***/.local/lib/python3.6/site-packages/***/operators/python.py:174: DtypeWarning: Columns (6) have mixed types.Specify dtype option on import or set low_memory=False.
  return_value = self.execute_callable()

[2024-05-03 17:39:50,606] {local_task_job.py:154} INFO - Task exited with return code Negsignal.SIGKILL
[2024-05-03 17:39:50,880] {taskinstance.py:1277} INFO - Marking task as UP_FOR_RETRY. dag_id=ingest_data_bigquery_yt, task_id=local_to_gcs_task, execution_date=20200202T060000, start_date=20240503T171411, end_date=20240503T173950
[2024-05-03 17:39:51,408] {local_task_job.py:264} INFO - 0 downstream tasks scheduled from follow-on schedule check
[2024-05-05 13:43:13,809] {taskinstance.py:1032} INFO - Dependencies all met for <TaskInstance: ingest_data_bigquery_yt.local_to_gcs_task scheduled__2020-02-02T06:00:00+00:00 [queued]>
[2024-05-05 13:43:13,857] {taskinstance.py:1032} INFO - Dependencies all met for <TaskInstance: ingest_data_bigquery_yt.local_to_gcs_task scheduled__2020-02-02T06:00:00+00:00 [queued]>
[2024-05-05 13:43:13,857] {taskinstance.py:1238} INFO - 
--------------------------------------------------------------------------------
[2024-05-05 13:43:13,858] {taskinstance.py:1239} INFO - Starting attempt 2 of 3
[2024-05-05 13:43:13,858] {taskinstance.py:1240} INFO - 
--------------------------------------------------------------------------------
[2024-05-05 13:43:13,898] {taskinstance.py:1259} INFO - Executing <Task(PythonOperator): local_to_gcs_task> on 2020-02-02 06:00:00+00:00
[2024-05-05 13:43:13,924] {standard_task_runner.py:52} INFO - Started process 1432 to run task
[2024-05-05 13:43:13,962] {standard_task_runner.py:76} INFO - Running: ['***', 'tasks', 'run', 'ingest_data_bigquery_yt', 'local_to_gcs_task', 'scheduled__2020-02-02T06:00:00+00:00', '--job-id', '4377', '--raw', '--subdir', 'DAGS_FOLDER/data_ingstion_gcs_yt_dag.py', '--cfg-path', '/tmp/tmpw3ojq6lp', '--error-file', '/tmp/tmp_eudihg3']
[2024-05-05 13:43:13,989] {standard_task_runner.py:77} INFO - Job 4377: Subtask local_to_gcs_task
[2024-05-05 13:43:14,194] {logging_mixin.py:109} INFO - Running <TaskInstance: ingest_data_bigquery_yt.local_to_gcs_task scheduled__2020-02-02T06:00:00+00:00 [running]> on host 19865117eb6d
[2024-05-05 13:43:14,357] {warnings.py:99} WARNING - /home/***/.local/lib/python3.6/site-packages/***/utils/context.py:152: AirflowContextDeprecationWarning: Accessing 'execution_date' from the template is deprecated and will be removed in a future version. Please use 'data_interval_start' or 'logical_date' instead.
  warnings.warn(_create_deprecation_warning(key, self._deprecation_replacements[key]))

[2024-05-05 13:43:14,486] {taskinstance.py:1426} INFO - Exporting the following env vars:
AIRFLOW_CTX_DAG_OWNER=***
AIRFLOW_CTX_DAG_ID=ingest_data_bigquery_yt
AIRFLOW_CTX_TASK_ID=local_to_gcs_task
AIRFLOW_CTX_EXECUTION_DATE=2020-02-02T06:00:00+00:00
AIRFLOW_CTX_DAG_RUN_ID=scheduled__2020-02-02T06:00:00+00:00
[2024-05-06 09:00:22,454] {taskinstance.py:1032} INFO - Dependencies all met for <TaskInstance: ingest_data_bigquery_yt.local_to_gcs_task scheduled__2020-02-02T06:00:00+00:00 [queued]>
[2024-05-06 09:00:22,598] {taskinstance.py:1032} INFO - Dependencies all met for <TaskInstance: ingest_data_bigquery_yt.local_to_gcs_task scheduled__2020-02-02T06:00:00+00:00 [queued]>
[2024-05-06 09:00:22,598] {taskinstance.py:1238} INFO - 
--------------------------------------------------------------------------------
[2024-05-06 09:00:22,598] {taskinstance.py:1239} INFO - Starting attempt 2 of 3
[2024-05-06 09:00:22,598] {taskinstance.py:1240} INFO - 
--------------------------------------------------------------------------------
[2024-05-06 09:00:22,698] {taskinstance.py:1259} INFO - Executing <Task(PythonOperator): local_to_gcs_task> on 2020-02-02 06:00:00+00:00
[2024-05-06 09:00:22,846] {standard_task_runner.py:76} INFO - Running: ['***', 'tasks', 'run', 'ingest_data_bigquery_yt', 'local_to_gcs_task', 'scheduled__2020-02-02T06:00:00+00:00', '--job-id', '4539', '--raw', '--subdir', 'DAGS_FOLDER/data_ingstion_gcs_yt_dag.py', '--cfg-path', '/tmp/tmpjxz_kz89', '--error-file', '/tmp/tmpzwrvgg6r']
[2024-05-06 09:00:22,866] {standard_task_runner.py:77} INFO - Job 4539: Subtask local_to_gcs_task
[2024-05-06 09:00:22,777] {standard_task_runner.py:52} INFO - Started process 308 to run task
[2024-05-06 09:00:23,208] {logging_mixin.py:109} INFO - Running <TaskInstance: ingest_data_bigquery_yt.local_to_gcs_task scheduled__2020-02-02T06:00:00+00:00 [running]> on host 1aa5194a14e3
[2024-05-06 09:00:23,614] {warnings.py:99} WARNING - /home/***/.local/lib/python3.6/site-packages/***/utils/context.py:152: AirflowContextDeprecationWarning: Accessing 'execution_date' from the template is deprecated and will be removed in a future version. Please use 'data_interval_start' or 'logical_date' instead.
  warnings.warn(_create_deprecation_warning(key, self._deprecation_replacements[key]))

[2024-05-06 09:00:23,750] {taskinstance.py:1426} INFO - Exporting the following env vars:
AIRFLOW_CTX_DAG_OWNER=***
AIRFLOW_CTX_DAG_ID=ingest_data_bigquery_yt
AIRFLOW_CTX_TASK_ID=local_to_gcs_task
AIRFLOW_CTX_EXECUTION_DATE=2020-02-02T06:00:00+00:00
AIRFLOW_CTX_DAG_RUN_ID=scheduled__2020-02-02T06:00:00+00:00
