[2024-05-12 10:45:42,284] {taskinstance.py:1032} INFO - Dependencies all met for <TaskInstance: ingest_data_bigquery_yt.local_to_gcs_task scheduled__2020-02-02T06:00:00+00:00 [queued]>
[2024-05-12 10:45:42,404] {taskinstance.py:1032} INFO - Dependencies all met for <TaskInstance: ingest_data_bigquery_yt.local_to_gcs_task scheduled__2020-02-02T06:00:00+00:00 [queued]>
[2024-05-12 10:45:42,405] {taskinstance.py:1238} INFO - 
--------------------------------------------------------------------------------
[2024-05-12 10:45:42,405] {taskinstance.py:1239} INFO - Starting attempt 5 of 6
[2024-05-12 10:45:42,405] {taskinstance.py:1240} INFO - 
--------------------------------------------------------------------------------
[2024-05-12 10:45:42,485] {taskinstance.py:1259} INFO - Executing <Task(PythonOperator): local_to_gcs_task> on 2020-02-02 06:00:00+00:00
[2024-05-12 10:45:42,512] {standard_task_runner.py:52} INFO - Started process 336 to run task
[2024-05-12 10:45:42,520] {standard_task_runner.py:76} INFO - Running: ['***', 'tasks', 'run', 'ingest_data_bigquery_yt', 'local_to_gcs_task', 'scheduled__2020-02-02T06:00:00+00:00', '--job-id', '4677', '--raw', '--subdir', 'DAGS_FOLDER/data_ingstion_gcs_yt_dag.py', '--cfg-path', '/tmp/tmpk0xl9vc3', '--error-file', '/tmp/tmp14m9i8ti']
[2024-05-12 10:45:42,537] {standard_task_runner.py:77} INFO - Job 4677: Subtask local_to_gcs_task
[2024-05-12 10:45:42,713] {logging_mixin.py:109} INFO - Running <TaskInstance: ingest_data_bigquery_yt.local_to_gcs_task scheduled__2020-02-02T06:00:00+00:00 [running]> on host 4d4efceb404e
[2024-05-12 10:45:42,901] {warnings.py:99} WARNING - /home/***/.local/lib/python3.6/site-packages/***/utils/context.py:152: AirflowContextDeprecationWarning: Accessing 'execution_date' from the template is deprecated and will be removed in a future version. Please use 'data_interval_start' or 'logical_date' instead.
  warnings.warn(_create_deprecation_warning(key, self._deprecation_replacements[key]))

[2024-05-12 10:45:43,018] {taskinstance.py:1426} INFO - Exporting the following env vars:
AIRFLOW_CTX_DAG_OWNER=***
AIRFLOW_CTX_DAG_ID=ingest_data_bigquery_yt
AIRFLOW_CTX_TASK_ID=local_to_gcs_task
AIRFLOW_CTX_EXECUTION_DATE=2020-02-02T06:00:00+00:00
AIRFLOW_CTX_DAG_RUN_ID=scheduled__2020-02-02T06:00:00+00:00
