[2025-01-14 15:27:18,823] {taskinstance.py:1032} INFO - Dependencies all met for <TaskInstance: ingest_data_bigquery_gt_2022.download_dataset_task scheduled__2022-04-02T06:00:00+00:00 [queued]>
[2025-01-14 15:27:18,888] {taskinstance.py:1032} INFO - Dependencies all met for <TaskInstance: ingest_data_bigquery_gt_2022.download_dataset_task scheduled__2022-04-02T06:00:00+00:00 [queued]>
[2025-01-14 15:27:18,892] {taskinstance.py:1238} INFO - 
--------------------------------------------------------------------------------
[2025-01-14 15:27:18,895] {taskinstance.py:1239} INFO - Starting attempt 1 of 3
[2025-01-14 15:27:18,900] {taskinstance.py:1240} INFO - 
--------------------------------------------------------------------------------
[2025-01-14 15:27:18,949] {taskinstance.py:1259} INFO - Executing <Task(BashOperator): download_dataset_task> on 2022-04-02 06:00:00+00:00
[2025-01-14 15:27:18,971] {standard_task_runner.py:52} INFO - Started process 1243 to run task
[2025-01-14 15:27:19,011] {standard_task_runner.py:76} INFO - Running: ['***', 'tasks', 'run', 'ingest_data_bigquery_gt_2022', 'download_dataset_task', 'scheduled__2022-04-02T06:00:00+00:00', '--job-id', '6397', '--raw', '--subdir', 'DAGS_FOLDER/data_ingestion_gcs_gt_dag_2022.py', '--cfg-path', '/tmp/tmpg32hefg2', '--error-file', '/tmp/tmpuc67ovst']
[2025-01-14 15:27:19,028] {standard_task_runner.py:77} INFO - Job 6397: Subtask download_dataset_task
[2025-01-14 15:27:19,368] {logging_mixin.py:109} INFO - Running <TaskInstance: ingest_data_bigquery_gt_2022.download_dataset_task scheduled__2022-04-02T06:00:00+00:00 [running]> on host d4593c1e0983
[2025-01-14 15:27:19,632] {warnings.py:99} WARNING - /home/***/.local/lib/python3.6/site-packages/***/utils/context.py:152: AirflowContextDeprecationWarning: Accessing 'execution_date' from the template is deprecated and will be removed in a future version. Please use 'data_interval_start' or 'logical_date' instead.
  warnings.warn(_create_deprecation_warning(key, self._deprecation_replacements[key]))

[2025-01-14 15:27:19,737] {taskinstance.py:1426} INFO - Exporting the following env vars:
AIRFLOW_CTX_DAG_OWNER=***
AIRFLOW_CTX_DAG_ID=ingest_data_bigquery_gt_2022
AIRFLOW_CTX_TASK_ID=download_dataset_task
AIRFLOW_CTX_EXECUTION_DATE=2022-04-02T06:00:00+00:00
AIRFLOW_CTX_DAG_RUN_ID=scheduled__2022-04-02T06:00:00+00:00
[2025-01-14 15:27:19,739] {subprocess.py:62} INFO - Tmp dir root location: 
 /tmp
[2025-01-14 15:27:19,740] {subprocess.py:74} INFO - Running command: ['bash', '-c', 'curl -sSL https://d37ci6vzurychx.cloudfront.net/trip-data/green_tripdata_2022-04.parquet > /opt/***/raw_data/greentaxi_tripdata_2022-04.parquet']
[2025-01-14 15:27:19,808] {subprocess.py:85} INFO - Output:
[2025-01-14 15:27:23,397] {subprocess.py:93} INFO - Command exited with return code 0
[2025-01-14 15:27:23,479] {taskinstance.py:1277} INFO - Marking task as SUCCESS. dag_id=ingest_data_bigquery_gt_2022, task_id=download_dataset_task, execution_date=20220402T060000, start_date=20250114T152718, end_date=20250114T152723
[2025-01-14 15:27:23,568] {local_task_job.py:154} INFO - Task exited with return code 0
[2025-01-14 15:27:23,680] {local_task_job.py:264} INFO - 1 downstream tasks scheduled from follow-on schedule check
[2025-01-14 15:34:59,936] {taskinstance.py:1032} INFO - Dependencies all met for <TaskInstance: ingest_data_bigquery_gt_2022.download_dataset_task scheduled__2022-04-02T06:00:00+00:00 [queued]>
[2025-01-14 15:35:00,033] {taskinstance.py:1032} INFO - Dependencies all met for <TaskInstance: ingest_data_bigquery_gt_2022.download_dataset_task scheduled__2022-04-02T06:00:00+00:00 [queued]>
[2025-01-14 15:35:00,041] {taskinstance.py:1238} INFO - 
--------------------------------------------------------------------------------
[2025-01-14 15:35:00,041] {taskinstance.py:1239} INFO - Starting attempt 1 of 3
[2025-01-14 15:35:00,042] {taskinstance.py:1240} INFO - 
--------------------------------------------------------------------------------
[2025-01-14 15:35:00,109] {taskinstance.py:1259} INFO - Executing <Task(BashOperator): download_dataset_task> on 2022-04-02 06:00:00+00:00
[2025-01-14 15:35:00,147] {standard_task_runner.py:52} INFO - Started process 1740 to run task
[2025-01-14 15:35:00,175] {standard_task_runner.py:76} INFO - Running: ['***', 'tasks', 'run', 'ingest_data_bigquery_gt_2022', 'download_dataset_task', 'scheduled__2022-04-02T06:00:00+00:00', '--job-id', '6436', '--raw', '--subdir', 'DAGS_FOLDER/data_ingestion_gcs_gt_dag_2022.py', '--cfg-path', '/tmp/tmp3wfzkw15', '--error-file', '/tmp/tmpx_7xwhhe']
[2025-01-14 15:35:00,209] {standard_task_runner.py:77} INFO - Job 6436: Subtask download_dataset_task
[2025-01-14 15:35:00,506] {logging_mixin.py:109} INFO - Running <TaskInstance: ingest_data_bigquery_gt_2022.download_dataset_task scheduled__2022-04-02T06:00:00+00:00 [running]> on host d4593c1e0983
[2025-01-14 15:35:00,679] {warnings.py:99} WARNING - /home/***/.local/lib/python3.6/site-packages/***/utils/context.py:152: AirflowContextDeprecationWarning: Accessing 'execution_date' from the template is deprecated and will be removed in a future version. Please use 'data_interval_start' or 'logical_date' instead.
  warnings.warn(_create_deprecation_warning(key, self._deprecation_replacements[key]))

[2025-01-14 15:35:00,785] {taskinstance.py:1426} INFO - Exporting the following env vars:
AIRFLOW_CTX_DAG_OWNER=***
AIRFLOW_CTX_DAG_ID=ingest_data_bigquery_gt_2022
AIRFLOW_CTX_TASK_ID=download_dataset_task
AIRFLOW_CTX_EXECUTION_DATE=2022-04-02T06:00:00+00:00
AIRFLOW_CTX_DAG_RUN_ID=scheduled__2022-04-02T06:00:00+00:00
[2025-01-14 15:35:00,794] {subprocess.py:62} INFO - Tmp dir root location: 
 /tmp
[2025-01-14 15:35:00,797] {subprocess.py:74} INFO - Running command: ['bash', '-c', 'curl -sSL https://d37ci6vzurychx.cloudfront.net/trip-data/green_tripdata_2022-04.parquet > /opt/***/raw_data/greentaxi_tripdata_2022-04.parquet']
[2025-01-14 15:35:00,914] {subprocess.py:85} INFO - Output:
[2025-01-14 15:35:02,693] {subprocess.py:93} INFO - Command exited with return code 0
[2025-01-14 15:35:02,767] {taskinstance.py:1277} INFO - Marking task as SUCCESS. dag_id=ingest_data_bigquery_gt_2022, task_id=download_dataset_task, execution_date=20220402T060000, start_date=20250114T153459, end_date=20250114T153502
[2025-01-14 15:35:02,852] {local_task_job.py:154} INFO - Task exited with return code 0
[2025-01-14 15:35:03,082] {local_task_job.py:264} INFO - 1 downstream tasks scheduled from follow-on schedule check
