[2024-03-26 14:34:14,793] {taskinstance.py:1032} INFO - Dependencies all met for <TaskInstance: LocalIngestionDag.wget scheduled__2021-06-02T06:00:00+00:00 [queued]>
[2024-03-26 14:34:14,842] {taskinstance.py:1032} INFO - Dependencies all met for <TaskInstance: LocalIngestionDag.wget scheduled__2021-06-02T06:00:00+00:00 [queued]>
[2024-03-26 14:34:14,843] {taskinstance.py:1238} INFO - 
--------------------------------------------------------------------------------
[2024-03-26 14:34:14,850] {taskinstance.py:1239} INFO - Starting attempt 1 of 1
[2024-03-26 14:34:14,851] {taskinstance.py:1240} INFO - 
--------------------------------------------------------------------------------
[2024-03-26 14:34:14,907] {taskinstance.py:1259} INFO - Executing <Task(BashOperator): wget> on 2021-06-02 06:00:00+00:00
[2024-03-26 14:34:14,921] {standard_task_runner.py:52} INFO - Started process 141 to run task
[2024-03-26 14:34:14,956] {standard_task_runner.py:76} INFO - Running: ['***', 'tasks', 'run', 'LocalIngestionDag', 'wget', 'scheduled__2021-06-02T06:00:00+00:00', '--job-id', '147', '--raw', '--subdir', 'DAGS_FOLDER/data_ingestion_local.py', '--cfg-path', '/tmp/tmp4gzw7r4m', '--error-file', '/tmp/tmphzh_1abo']
[2024-03-26 14:34:14,957] {standard_task_runner.py:77} INFO - Job 147: Subtask wget
[2024-03-26 14:34:15,133] {logging_mixin.py:109} INFO - Running <TaskInstance: LocalIngestionDag.wget scheduled__2021-06-02T06:00:00+00:00 [running]> on host 55b5831905d1
[2024-03-26 14:34:15,259] {warnings.py:99} WARNING - /home/***/.local/lib/python3.6/site-packages/***/utils/context.py:152: AirflowContextDeprecationWarning: Accessing 'execution_date' from the template is deprecated and will be removed in a future version. Please use 'data_interval_start' or 'logical_date' instead.
  warnings.warn(_create_deprecation_warning(key, self._deprecation_replacements[key]))

[2024-03-26 14:34:15,330] {taskinstance.py:1426} INFO - Exporting the following env vars:
AIRFLOW_CTX_DAG_OWNER=***
AIRFLOW_CTX_DAG_ID=LocalIngestionDag
AIRFLOW_CTX_TASK_ID=wget
AIRFLOW_CTX_EXECUTION_DATE=2021-06-02T06:00:00+00:00
AIRFLOW_CTX_DAG_RUN_ID=scheduled__2021-06-02T06:00:00+00:00
[2024-03-26 14:34:15,331] {subprocess.py:62} INFO - Tmp dir root location: 
 /tmp
[2024-03-26 14:34:15,332] {subprocess.py:74} INFO - Running command: ['bash', '-c', 'curl -sSL https://s3.amazonaws.com/nyc-tlc/trip+data/yellow_tripdata_2021-06.csv > /opt/***/output_2021-06.csv']
[2024-03-26 14:34:15,382] {subprocess.py:85} INFO - Output:
[2024-03-26 14:34:16,369] {subprocess.py:93} INFO - Command exited with return code 0
[2024-03-26 14:34:16,471] {taskinstance.py:1277} INFO - Marking task as SUCCESS. dag_id=LocalIngestionDag, task_id=wget, execution_date=20210602T060000, start_date=20240326T143414, end_date=20240326T143416
[2024-03-26 14:34:16,623] {local_task_job.py:154} INFO - Task exited with return code 0
[2024-03-26 14:34:16,797] {local_task_job.py:264} INFO - 1 downstream tasks scheduled from follow-on schedule check
[2024-03-26 15:29:54,781] {taskinstance.py:1032} INFO - Dependencies all met for <TaskInstance: LocalIngestionDag.wget scheduled__2021-06-02T06:00:00+00:00 [queued]>
[2024-03-26 15:29:54,873] {taskinstance.py:1032} INFO - Dependencies all met for <TaskInstance: LocalIngestionDag.wget scheduled__2021-06-02T06:00:00+00:00 [queued]>
[2024-03-26 15:29:54,874] {taskinstance.py:1238} INFO - 
--------------------------------------------------------------------------------
[2024-03-26 15:29:54,875] {taskinstance.py:1239} INFO - Starting attempt 1 of 1
[2024-03-26 15:29:54,878] {taskinstance.py:1240} INFO - 
--------------------------------------------------------------------------------
[2024-03-26 15:29:54,923] {taskinstance.py:1259} INFO - Executing <Task(BashOperator): wget> on 2021-06-02 06:00:00+00:00
[2024-03-26 15:29:54,934] {standard_task_runner.py:52} INFO - Started process 892 to run task
[2024-03-26 15:29:54,944] {standard_task_runner.py:76} INFO - Running: ['***', 'tasks', 'run', 'LocalIngestionDag', 'wget', 'scheduled__2021-06-02T06:00:00+00:00', '--job-id', '267', '--raw', '--subdir', 'DAGS_FOLDER/data_ingestion_local.py', '--cfg-path', '/tmp/tmplie4wpj1', '--error-file', '/tmp/tmpit1ftrhw']
[2024-03-26 15:29:54,946] {standard_task_runner.py:77} INFO - Job 267: Subtask wget
[2024-03-26 15:29:55,114] {logging_mixin.py:109} INFO - Running <TaskInstance: LocalIngestionDag.wget scheduled__2021-06-02T06:00:00+00:00 [running]> on host 153a478eba08
[2024-03-26 15:29:55,274] {warnings.py:99} WARNING - /home/***/.local/lib/python3.6/site-packages/***/utils/context.py:152: AirflowContextDeprecationWarning: Accessing 'execution_date' from the template is deprecated and will be removed in a future version. Please use 'data_interval_start' or 'logical_date' instead.
  warnings.warn(_create_deprecation_warning(key, self._deprecation_replacements[key]))

[2024-03-26 15:29:55,345] {taskinstance.py:1426} INFO - Exporting the following env vars:
AIRFLOW_CTX_DAG_OWNER=***
AIRFLOW_CTX_DAG_ID=LocalIngestionDag
AIRFLOW_CTX_TASK_ID=wget
AIRFLOW_CTX_EXECUTION_DATE=2021-06-02T06:00:00+00:00
AIRFLOW_CTX_DAG_RUN_ID=scheduled__2021-06-02T06:00:00+00:00
[2024-03-26 15:29:55,347] {subprocess.py:62} INFO - Tmp dir root location: 
 /tmp
[2024-03-26 15:29:55,347] {subprocess.py:74} INFO - Running command: ['bash', '-c', 'curl -sSL https://s3.amazonaws.com/nyc-tlc/trip+data/yellow_tripdata_2021-06.csv > /opt/***/output_2021-06.csv']
[2024-03-26 15:29:55,411] {subprocess.py:85} INFO - Output:
[2024-03-26 15:29:56,381] {subprocess.py:93} INFO - Command exited with return code 0
[2024-03-26 15:29:56,577] {taskinstance.py:1277} INFO - Marking task as SUCCESS. dag_id=LocalIngestionDag, task_id=wget, execution_date=20210602T060000, start_date=20240326T152954, end_date=20240326T152956
[2024-03-26 15:29:56,708] {local_task_job.py:154} INFO - Task exited with return code 0
[2024-03-26 15:29:56,791] {local_task_job.py:264} INFO - 1 downstream tasks scheduled from follow-on schedule check
