[2024-05-18 12:22:29,739] {taskinstance.py:1032} INFO - Dependencies all met for <TaskInstance: ingest_data_bigquery_fhv.download_dataset_task scheduled__2019-03-02T06:00:00+00:00 [queued]>
[2024-05-18 12:22:29,828] {taskinstance.py:1032} INFO - Dependencies all met for <TaskInstance: ingest_data_bigquery_fhv.download_dataset_task scheduled__2019-03-02T06:00:00+00:00 [queued]>
[2024-05-18 12:22:29,829] {taskinstance.py:1238} INFO - 
--------------------------------------------------------------------------------
[2024-05-18 12:22:29,829] {taskinstance.py:1239} INFO - Starting attempt 1 of 3
[2024-05-18 12:22:29,830] {taskinstance.py:1240} INFO - 
--------------------------------------------------------------------------------
[2024-05-18 12:22:29,925] {taskinstance.py:1259} INFO - Executing <Task(BashOperator): download_dataset_task> on 2019-03-02 06:00:00+00:00
[2024-05-18 12:22:29,945] {standard_task_runner.py:52} INFO - Started process 5025 to run task
[2024-05-18 12:22:29,961] {standard_task_runner.py:76} INFO - Running: ['***', 'tasks', 'run', 'ingest_data_bigquery_fhv', 'download_dataset_task', 'scheduled__2019-03-02T06:00:00+00:00', '--job-id', '5007', '--raw', '--subdir', 'DAGS_FOLDER/data_ingestion_gcs_fhv_dag .py', '--cfg-path', '/tmp/tmp2zfevtq4', '--error-file', '/tmp/tmpw4arr720']
[2024-05-18 12:22:29,966] {standard_task_runner.py:77} INFO - Job 5007: Subtask download_dataset_task
[2024-05-18 12:22:30,163] {logging_mixin.py:109} INFO - Running <TaskInstance: ingest_data_bigquery_fhv.download_dataset_task scheduled__2019-03-02T06:00:00+00:00 [running]> on host 45b18388e83d
[2024-05-18 12:22:30,617] {warnings.py:99} WARNING - /home/***/.local/lib/python3.6/site-packages/***/utils/context.py:152: AirflowContextDeprecationWarning: Accessing 'execution_date' from the template is deprecated and will be removed in a future version. Please use 'data_interval_start' or 'logical_date' instead.
  warnings.warn(_create_deprecation_warning(key, self._deprecation_replacements[key]))

[2024-05-18 12:22:30,844] {taskinstance.py:1426} INFO - Exporting the following env vars:
AIRFLOW_CTX_DAG_OWNER=***
AIRFLOW_CTX_DAG_ID=ingest_data_bigquery_fhv
AIRFLOW_CTX_TASK_ID=download_dataset_task
AIRFLOW_CTX_EXECUTION_DATE=2019-03-02T06:00:00+00:00
AIRFLOW_CTX_DAG_RUN_ID=scheduled__2019-03-02T06:00:00+00:00
[2024-05-18 12:22:30,846] {subprocess.py:62} INFO - Tmp dir root location: 
 /tmp
[2024-05-18 12:22:30,864] {subprocess.py:74} INFO - Running command: ['bash', '-c', 'curl -sSL https://github.com/DataTalksClub/nyc-tlc-data/releases/download/fhv/fhv_tripdata_2019-03.csv.gz > /opt/***/raw_data/fhvtaxi_tripdata_2019-03.csv.gz && gunzip /opt/***/raw_data/fhvtaxi_tripdata_2019-03.csv.gz']
[2024-05-18 12:22:31,024] {subprocess.py:85} INFO - Output:
[2024-05-18 12:22:38,495] {subprocess.py:93} INFO - Command exited with return code 0
[2024-05-18 12:22:38,629] {taskinstance.py:1277} INFO - Marking task as SUCCESS. dag_id=ingest_data_bigquery_fhv, task_id=download_dataset_task, execution_date=20190302T060000, start_date=20240518T122229, end_date=20240518T122238
[2024-05-18 12:22:38,896] {local_task_job.py:154} INFO - Task exited with return code 0
[2024-05-18 12:22:39,037] {local_task_job.py:264} INFO - 1 downstream tasks scheduled from follow-on schedule check
[2024-05-18 12:48:55,889] {taskinstance.py:1032} INFO - Dependencies all met for <TaskInstance: ingest_data_bigquery_fhv.download_dataset_task scheduled__2019-03-02T06:00:00+00:00 [queued]>
[2024-05-18 12:48:55,968] {taskinstance.py:1032} INFO - Dependencies all met for <TaskInstance: ingest_data_bigquery_fhv.download_dataset_task scheduled__2019-03-02T06:00:00+00:00 [queued]>
[2024-05-18 12:48:55,969] {taskinstance.py:1238} INFO - 
--------------------------------------------------------------------------------
[2024-05-18 12:48:55,969] {taskinstance.py:1239} INFO - Starting attempt 1 of 3
[2024-05-18 12:48:55,969] {taskinstance.py:1240} INFO - 
--------------------------------------------------------------------------------
[2024-05-18 12:48:56,049] {taskinstance.py:1259} INFO - Executing <Task(BashOperator): download_dataset_task> on 2019-03-02 06:00:00+00:00
[2024-05-18 12:48:56,084] {standard_task_runner.py:52} INFO - Started process 6725 to run task
[2024-05-18 12:48:56,094] {standard_task_runner.py:76} INFO - Running: ['***', 'tasks', 'run', 'ingest_data_bigquery_fhv', 'download_dataset_task', 'scheduled__2019-03-02T06:00:00+00:00', '--job-id', '5118', '--raw', '--subdir', 'DAGS_FOLDER/data_ingestion_gcs_fhv_dag .py', '--cfg-path', '/tmp/tmpyxgdx6a4', '--error-file', '/tmp/tmp8jqagwu8']
[2024-05-18 12:48:56,142] {standard_task_runner.py:77} INFO - Job 5118: Subtask download_dataset_task
[2024-05-18 12:48:56,354] {logging_mixin.py:109} INFO - Running <TaskInstance: ingest_data_bigquery_fhv.download_dataset_task scheduled__2019-03-02T06:00:00+00:00 [running]> on host 45b18388e83d
[2024-05-18 12:48:56,462] {warnings.py:99} WARNING - /home/***/.local/lib/python3.6/site-packages/***/utils/context.py:152: AirflowContextDeprecationWarning: Accessing 'execution_date' from the template is deprecated and will be removed in a future version. Please use 'data_interval_start' or 'logical_date' instead.
  warnings.warn(_create_deprecation_warning(key, self._deprecation_replacements[key]))

[2024-05-18 12:48:56,518] {taskinstance.py:1426} INFO - Exporting the following env vars:
AIRFLOW_CTX_DAG_OWNER=***
AIRFLOW_CTX_DAG_ID=ingest_data_bigquery_fhv
AIRFLOW_CTX_TASK_ID=download_dataset_task
AIRFLOW_CTX_EXECUTION_DATE=2019-03-02T06:00:00+00:00
AIRFLOW_CTX_DAG_RUN_ID=scheduled__2019-03-02T06:00:00+00:00
[2024-05-18 12:48:56,520] {subprocess.py:62} INFO - Tmp dir root location: 
 /tmp
[2024-05-18 12:48:56,521] {subprocess.py:74} INFO - Running command: ['bash', '-c', 'curl -sSL https://github.com/DataTalksClub/nyc-tlc-data/releases/download/fhv/fhv_tripdata_2019-03.csv.gz > /opt/***/raw_data/fhvtaxi_tripdata_2019-03.csv.gz && gunzip /opt/***/raw_data/fhvtaxi_tripdata_2019-03.csv.gz']
[2024-05-18 12:48:56,622] {subprocess.py:85} INFO - Output:
[2024-05-18 12:49:03,353] {subprocess.py:93} INFO - Command exited with return code 0
[2024-05-18 12:49:03,540] {taskinstance.py:1277} INFO - Marking task as SUCCESS. dag_id=ingest_data_bigquery_fhv, task_id=download_dataset_task, execution_date=20190302T060000, start_date=20240518T124855, end_date=20240518T124903
[2024-05-18 12:49:03,657] {local_task_job.py:154} INFO - Task exited with return code 0
[2024-05-18 12:49:03,839] {local_task_job.py:264} INFO - 1 downstream tasks scheduled from follow-on schedule check
[2024-05-18 13:03:19,892] {taskinstance.py:1032} INFO - Dependencies all met for <TaskInstance: ingest_data_bigquery_fhv.download_dataset_task scheduled__2019-03-02T06:00:00+00:00 [queued]>
[2024-05-18 13:03:19,976] {taskinstance.py:1032} INFO - Dependencies all met for <TaskInstance: ingest_data_bigquery_fhv.download_dataset_task scheduled__2019-03-02T06:00:00+00:00 [queued]>
[2024-05-18 13:03:19,977] {taskinstance.py:1238} INFO - 
--------------------------------------------------------------------------------
[2024-05-18 13:03:19,979] {taskinstance.py:1239} INFO - Starting attempt 1 of 3
[2024-05-18 13:03:19,980] {taskinstance.py:1240} INFO - 
--------------------------------------------------------------------------------
[2024-05-18 13:03:20,031] {taskinstance.py:1259} INFO - Executing <Task(BashOperator): download_dataset_task> on 2019-03-02 06:00:00+00:00
[2024-05-18 13:03:20,086] {standard_task_runner.py:52} INFO - Started process 7874 to run task
[2024-05-18 13:03:20,115] {standard_task_runner.py:76} INFO - Running: ['***', 'tasks', 'run', 'ingest_data_bigquery_fhv', 'download_dataset_task', 'scheduled__2019-03-02T06:00:00+00:00', '--job-id', '5226', '--raw', '--subdir', 'DAGS_FOLDER/data_ingestion_gcs_fhv_dag .py', '--cfg-path', '/tmp/tmp9tarm6ez', '--error-file', '/tmp/tmp5w5g_pdu']
[2024-05-18 13:03:20,151] {standard_task_runner.py:77} INFO - Job 5226: Subtask download_dataset_task
[2024-05-18 13:03:20,331] {logging_mixin.py:109} INFO - Running <TaskInstance: ingest_data_bigquery_fhv.download_dataset_task scheduled__2019-03-02T06:00:00+00:00 [running]> on host 45b18388e83d
[2024-05-18 13:03:20,493] {warnings.py:99} WARNING - /home/***/.local/lib/python3.6/site-packages/***/utils/context.py:152: AirflowContextDeprecationWarning: Accessing 'execution_date' from the template is deprecated and will be removed in a future version. Please use 'data_interval_start' or 'logical_date' instead.
  warnings.warn(_create_deprecation_warning(key, self._deprecation_replacements[key]))

[2024-05-18 13:03:20,613] {taskinstance.py:1426} INFO - Exporting the following env vars:
AIRFLOW_CTX_DAG_OWNER=***
AIRFLOW_CTX_DAG_ID=ingest_data_bigquery_fhv
AIRFLOW_CTX_TASK_ID=download_dataset_task
AIRFLOW_CTX_EXECUTION_DATE=2019-03-02T06:00:00+00:00
AIRFLOW_CTX_DAG_RUN_ID=scheduled__2019-03-02T06:00:00+00:00
[2024-05-18 13:03:20,615] {subprocess.py:62} INFO - Tmp dir root location: 
 /tmp
[2024-05-18 13:03:20,621] {subprocess.py:74} INFO - Running command: ['bash', '-c', 'curl -sSL https://github.com/DataTalksClub/nyc-tlc-data/releases/download/fhv/fhv_tripdata_2019-03.csv.gz > /opt/***/raw_data/fhvtaxi_tripdata_2019-03.csv.gz && gunzip /opt/***/raw_data/fhvtaxi_tripdata_2019-03.csv.gz']
[2024-05-18 13:03:20,778] {subprocess.py:85} INFO - Output:
[2024-05-18 13:03:26,963] {subprocess.py:93} INFO - Command exited with return code 0
[2024-05-18 13:03:27,033] {taskinstance.py:1277} INFO - Marking task as SUCCESS. dag_id=ingest_data_bigquery_fhv, task_id=download_dataset_task, execution_date=20190302T060000, start_date=20240518T130319, end_date=20240518T130327
[2024-05-18 13:03:27,180] {local_task_job.py:154} INFO - Task exited with return code 0
[2024-05-18 13:03:27,296] {local_task_job.py:264} INFO - 1 downstream tasks scheduled from follow-on schedule check
[2024-05-18 13:13:27,533] {taskinstance.py:1032} INFO - Dependencies all met for <TaskInstance: ingest_data_bigquery_fhv.download_dataset_task scheduled__2019-03-02T06:00:00+00:00 [queued]>
[2024-05-18 13:13:27,588] {taskinstance.py:1032} INFO - Dependencies all met for <TaskInstance: ingest_data_bigquery_fhv.download_dataset_task scheduled__2019-03-02T06:00:00+00:00 [queued]>
[2024-05-18 13:13:27,588] {taskinstance.py:1238} INFO - 
--------------------------------------------------------------------------------
[2024-05-18 13:13:27,588] {taskinstance.py:1239} INFO - Starting attempt 1 of 3
[2024-05-18 13:13:27,588] {taskinstance.py:1240} INFO - 
--------------------------------------------------------------------------------
[2024-05-18 13:13:27,615] {taskinstance.py:1259} INFO - Executing <Task(BashOperator): download_dataset_task> on 2019-03-02 06:00:00+00:00
[2024-05-18 13:13:27,646] {standard_task_runner.py:52} INFO - Started process 8847 to run task
[2024-05-18 13:13:27,689] {standard_task_runner.py:76} INFO - Running: ['***', 'tasks', 'run', 'ingest_data_bigquery_fhv', 'download_dataset_task', 'scheduled__2019-03-02T06:00:00+00:00', '--job-id', '5319', '--raw', '--subdir', 'DAGS_FOLDER/data_ingestion_gcs_fhv_dag .py', '--cfg-path', '/tmp/tmpeq_o0r96', '--error-file', '/tmp/tmptu6oz74u']
[2024-05-18 13:13:27,747] {standard_task_runner.py:77} INFO - Job 5319: Subtask download_dataset_task
[2024-05-18 13:13:28,042] {logging_mixin.py:109} INFO - Running <TaskInstance: ingest_data_bigquery_fhv.download_dataset_task scheduled__2019-03-02T06:00:00+00:00 [running]> on host 45b18388e83d
[2024-05-18 13:13:28,414] {warnings.py:99} WARNING - /home/***/.local/lib/python3.6/site-packages/***/utils/context.py:152: AirflowContextDeprecationWarning: Accessing 'execution_date' from the template is deprecated and will be removed in a future version. Please use 'data_interval_start' or 'logical_date' instead.
  warnings.warn(_create_deprecation_warning(key, self._deprecation_replacements[key]))

[2024-05-18 13:13:28,481] {taskinstance.py:1426} INFO - Exporting the following env vars:
AIRFLOW_CTX_DAG_OWNER=***
AIRFLOW_CTX_DAG_ID=ingest_data_bigquery_fhv
AIRFLOW_CTX_TASK_ID=download_dataset_task
AIRFLOW_CTX_EXECUTION_DATE=2019-03-02T06:00:00+00:00
AIRFLOW_CTX_DAG_RUN_ID=scheduled__2019-03-02T06:00:00+00:00
[2024-05-18 13:13:28,483] {subprocess.py:62} INFO - Tmp dir root location: 
 /tmp
[2024-05-18 13:13:28,484] {subprocess.py:74} INFO - Running command: ['bash', '-c', 'curl -sSL https://github.com/DataTalksClub/nyc-tlc-data/releases/download/fhv/fhv_tripdata_2019-03.csv.gz > /opt/***/raw_data/fhvtaxi_tripdata_2019-03.csv.gz && gunzip /opt/***/raw_data/fhvtaxi_tripdata_2019-03.csv.gz']
[2024-05-18 13:13:28,605] {subprocess.py:85} INFO - Output:
[2024-05-18 13:13:35,886] {subprocess.py:93} INFO - Command exited with return code 0
[2024-05-18 13:13:36,275] {taskinstance.py:1277} INFO - Marking task as SUCCESS. dag_id=ingest_data_bigquery_fhv, task_id=download_dataset_task, execution_date=20190302T060000, start_date=20240518T131327, end_date=20240518T131336
[2024-05-18 13:13:37,001] {local_task_job.py:154} INFO - Task exited with return code 0
[2024-05-18 13:13:37,272] {local_task_job.py:264} INFO - 0 downstream tasks scheduled from follow-on schedule check
