[2024-05-18 12:24:02,985] {taskinstance.py:1032} INFO - Dependencies all met for <TaskInstance: ingest_data_bigquery_fhv.download_dataset_task scheduled__2021-03-02T06:00:00+00:00 [queued]>
[2024-05-18 12:24:03,003] {taskinstance.py:1032} INFO - Dependencies all met for <TaskInstance: ingest_data_bigquery_fhv.download_dataset_task scheduled__2021-03-02T06:00:00+00:00 [queued]>
[2024-05-18 12:24:03,003] {taskinstance.py:1238} INFO - 
--------------------------------------------------------------------------------
[2024-05-18 12:24:03,003] {taskinstance.py:1239} INFO - Starting attempt 1 of 3
[2024-05-18 12:24:03,003] {taskinstance.py:1240} INFO - 
--------------------------------------------------------------------------------
[2024-05-18 12:24:03,018] {taskinstance.py:1259} INFO - Executing <Task(BashOperator): download_dataset_task> on 2021-03-02 06:00:00+00:00
[2024-05-18 12:24:03,029] {standard_task_runner.py:52} INFO - Started process 5344 to run task
[2024-05-18 12:24:03,035] {standard_task_runner.py:76} INFO - Running: ['***', 'tasks', 'run', 'ingest_data_bigquery_fhv', 'download_dataset_task', 'scheduled__2021-03-02T06:00:00+00:00', '--job-id', '5058', '--raw', '--subdir', 'DAGS_FOLDER/data_ingestion_gcs_fhv_dag .py', '--cfg-path', '/tmp/tmpivnfctnh', '--error-file', '/tmp/tmp49w4_knq']
[2024-05-18 12:24:03,041] {standard_task_runner.py:77} INFO - Job 5058: Subtask download_dataset_task
[2024-05-18 12:24:03,134] {logging_mixin.py:109} INFO - Running <TaskInstance: ingest_data_bigquery_fhv.download_dataset_task scheduled__2021-03-02T06:00:00+00:00 [running]> on host 45b18388e83d
[2024-05-18 12:24:03,179] {warnings.py:99} WARNING - /home/***/.local/lib/python3.6/site-packages/***/utils/context.py:152: AirflowContextDeprecationWarning: Accessing 'execution_date' from the template is deprecated and will be removed in a future version. Please use 'data_interval_start' or 'logical_date' instead.
  warnings.warn(_create_deprecation_warning(key, self._deprecation_replacements[key]))

[2024-05-18 12:24:03,210] {taskinstance.py:1426} INFO - Exporting the following env vars:
AIRFLOW_CTX_DAG_OWNER=***
AIRFLOW_CTX_DAG_ID=ingest_data_bigquery_fhv
AIRFLOW_CTX_TASK_ID=download_dataset_task
AIRFLOW_CTX_EXECUTION_DATE=2021-03-02T06:00:00+00:00
AIRFLOW_CTX_DAG_RUN_ID=scheduled__2021-03-02T06:00:00+00:00
[2024-05-18 12:24:03,211] {subprocess.py:62} INFO - Tmp dir root location: 
 /tmp
[2024-05-18 12:24:03,212] {subprocess.py:74} INFO - Running command: ['bash', '-c', 'curl -sSL https://github.com/DataTalksClub/nyc-tlc-data/releases/download/fhv/fhv_tripdata_2021-03.csv.gz > /opt/***/raw_data/fhvtaxi_tripdata_2021-03.csv.gz && gunzip /opt/***/raw_data/fhvtaxi_tripdata_2021-03.csv.gz']
[2024-05-18 12:24:03,234] {subprocess.py:85} INFO - Output:
[2024-05-18 12:24:07,866] {subprocess.py:93} INFO - Command exited with return code 0
[2024-05-18 12:24:07,922] {taskinstance.py:1277} INFO - Marking task as SUCCESS. dag_id=ingest_data_bigquery_fhv, task_id=download_dataset_task, execution_date=20210302T060000, start_date=20240518T122402, end_date=20240518T122407
[2024-05-18 12:24:07,990] {local_task_job.py:154} INFO - Task exited with return code 0
[2024-05-18 12:24:08,837] {local_task_job.py:264} INFO - 0 downstream tasks scheduled from follow-on schedule check
[2024-05-18 12:50:09,792] {taskinstance.py:1032} INFO - Dependencies all met for <TaskInstance: ingest_data_bigquery_fhv.download_dataset_task scheduled__2021-03-02T06:00:00+00:00 [queued]>
[2024-05-18 12:50:09,847] {taskinstance.py:1032} INFO - Dependencies all met for <TaskInstance: ingest_data_bigquery_fhv.download_dataset_task scheduled__2021-03-02T06:00:00+00:00 [queued]>
[2024-05-18 12:50:09,848] {taskinstance.py:1238} INFO - 
--------------------------------------------------------------------------------
[2024-05-18 12:50:09,848] {taskinstance.py:1239} INFO - Starting attempt 1 of 3
[2024-05-18 12:50:09,849] {taskinstance.py:1240} INFO - 
--------------------------------------------------------------------------------
[2024-05-18 12:50:09,887] {taskinstance.py:1259} INFO - Executing <Task(BashOperator): download_dataset_task> on 2021-03-02 06:00:00+00:00
[2024-05-18 12:50:09,904] {standard_task_runner.py:52} INFO - Started process 7056 to run task
[2024-05-18 12:50:09,915] {standard_task_runner.py:76} INFO - Running: ['***', 'tasks', 'run', 'ingest_data_bigquery_fhv', 'download_dataset_task', 'scheduled__2021-03-02T06:00:00+00:00', '--job-id', '5170', '--raw', '--subdir', 'DAGS_FOLDER/data_ingestion_gcs_fhv_dag .py', '--cfg-path', '/tmp/tmpouk56pw0', '--error-file', '/tmp/tmpzzj6x0re']
[2024-05-18 12:50:09,927] {standard_task_runner.py:77} INFO - Job 5170: Subtask download_dataset_task
[2024-05-18 12:50:10,049] {logging_mixin.py:109} INFO - Running <TaskInstance: ingest_data_bigquery_fhv.download_dataset_task scheduled__2021-03-02T06:00:00+00:00 [running]> on host 45b18388e83d
[2024-05-18 12:50:10,136] {warnings.py:99} WARNING - /home/***/.local/lib/python3.6/site-packages/***/utils/context.py:152: AirflowContextDeprecationWarning: Accessing 'execution_date' from the template is deprecated and will be removed in a future version. Please use 'data_interval_start' or 'logical_date' instead.
  warnings.warn(_create_deprecation_warning(key, self._deprecation_replacements[key]))

[2024-05-18 12:50:10,220] {taskinstance.py:1426} INFO - Exporting the following env vars:
AIRFLOW_CTX_DAG_OWNER=***
AIRFLOW_CTX_DAG_ID=ingest_data_bigquery_fhv
AIRFLOW_CTX_TASK_ID=download_dataset_task
AIRFLOW_CTX_EXECUTION_DATE=2021-03-02T06:00:00+00:00
AIRFLOW_CTX_DAG_RUN_ID=scheduled__2021-03-02T06:00:00+00:00
[2024-05-18 12:50:10,223] {subprocess.py:62} INFO - Tmp dir root location: 
 /tmp
[2024-05-18 12:50:10,224] {subprocess.py:74} INFO - Running command: ['bash', '-c', 'curl -sSL https://github.com/DataTalksClub/nyc-tlc-data/releases/download/fhv/fhv_tripdata_2021-03.csv.gz > /opt/***/raw_data/fhvtaxi_tripdata_2021-03.csv.gz && gunzip /opt/***/raw_data/fhvtaxi_tripdata_2021-03.csv.gz']
[2024-05-18 12:50:10,325] {subprocess.py:85} INFO - Output:
[2024-05-18 12:50:13,901] {subprocess.py:93} INFO - Command exited with return code 0
[2024-05-18 12:50:14,101] {taskinstance.py:1277} INFO - Marking task as SUCCESS. dag_id=ingest_data_bigquery_fhv, task_id=download_dataset_task, execution_date=20210302T060000, start_date=20240518T125009, end_date=20240518T125014
[2024-05-18 12:50:14,353] {local_task_job.py:154} INFO - Task exited with return code 0
[2024-05-18 12:50:14,606] {local_task_job.py:264} INFO - 1 downstream tasks scheduled from follow-on schedule check
[2024-05-18 13:04:51,345] {taskinstance.py:1032} INFO - Dependencies all met for <TaskInstance: ingest_data_bigquery_fhv.download_dataset_task scheduled__2021-03-02T06:00:00+00:00 [queued]>
[2024-05-18 13:04:51,423] {taskinstance.py:1032} INFO - Dependencies all met for <TaskInstance: ingest_data_bigquery_fhv.download_dataset_task scheduled__2021-03-02T06:00:00+00:00 [queued]>
[2024-05-18 13:04:51,435] {taskinstance.py:1238} INFO - 
--------------------------------------------------------------------------------
[2024-05-18 13:04:51,435] {taskinstance.py:1239} INFO - Starting attempt 1 of 3
[2024-05-18 13:04:51,436] {taskinstance.py:1240} INFO - 
--------------------------------------------------------------------------------
[2024-05-18 13:04:51,550] {taskinstance.py:1259} INFO - Executing <Task(BashOperator): download_dataset_task> on 2021-03-02 06:00:00+00:00
[2024-05-18 13:04:51,612] {standard_task_runner.py:76} INFO - Running: ['***', 'tasks', 'run', 'ingest_data_bigquery_fhv', 'download_dataset_task', 'scheduled__2021-03-02T06:00:00+00:00', '--job-id', '5282', '--raw', '--subdir', 'DAGS_FOLDER/data_ingestion_gcs_fhv_dag .py', '--cfg-path', '/tmp/tmpe0bxwjbo', '--error-file', '/tmp/tmp3t7c2utn']
[2024-05-18 13:04:51,687] {standard_task_runner.py:77} INFO - Job 5282: Subtask download_dataset_task
[2024-05-18 13:04:51,587] {standard_task_runner.py:52} INFO - Started process 8245 to run task
[2024-05-18 13:04:52,052] {logging_mixin.py:109} INFO - Running <TaskInstance: ingest_data_bigquery_fhv.download_dataset_task scheduled__2021-03-02T06:00:00+00:00 [running]> on host 45b18388e83d
[2024-05-18 13:04:52,474] {warnings.py:99} WARNING - /home/***/.local/lib/python3.6/site-packages/***/utils/context.py:152: AirflowContextDeprecationWarning: Accessing 'execution_date' from the template is deprecated and will be removed in a future version. Please use 'data_interval_start' or 'logical_date' instead.
  warnings.warn(_create_deprecation_warning(key, self._deprecation_replacements[key]))

[2024-05-18 13:04:52,570] {taskinstance.py:1426} INFO - Exporting the following env vars:
AIRFLOW_CTX_DAG_OWNER=***
AIRFLOW_CTX_DAG_ID=ingest_data_bigquery_fhv
AIRFLOW_CTX_TASK_ID=download_dataset_task
AIRFLOW_CTX_EXECUTION_DATE=2021-03-02T06:00:00+00:00
AIRFLOW_CTX_DAG_RUN_ID=scheduled__2021-03-02T06:00:00+00:00
[2024-05-18 13:04:52,571] {subprocess.py:62} INFO - Tmp dir root location: 
 /tmp
[2024-05-18 13:04:52,581] {subprocess.py:74} INFO - Running command: ['bash', '-c', 'curl -sSL https://github.com/DataTalksClub/nyc-tlc-data/releases/download/fhv/fhv_tripdata_2021-03.csv.gz > /opt/***/raw_data/fhvtaxi_tripdata_2021-03.csv.gz && gunzip /opt/***/raw_data/fhvtaxi_tripdata_2021-03.csv.gz']
[2024-05-18 13:04:52,796] {subprocess.py:85} INFO - Output:
[2024-05-18 13:05:00,350] {subprocess.py:93} INFO - Command exited with return code 0
[2024-05-18 13:05:00,662] {taskinstance.py:1277} INFO - Marking task as SUCCESS. dag_id=ingest_data_bigquery_fhv, task_id=download_dataset_task, execution_date=20210302T060000, start_date=20240518T130451, end_date=20240518T130500
[2024-05-18 13:05:00,838] {local_task_job.py:154} INFO - Task exited with return code 0
[2024-05-18 13:05:01,033] {local_task_job.py:264} INFO - 1 downstream tasks scheduled from follow-on schedule check
[2024-05-18 13:15:04,571] {taskinstance.py:1032} INFO - Dependencies all met for <TaskInstance: ingest_data_bigquery_fhv.download_dataset_task scheduled__2021-03-02T06:00:00+00:00 [queued]>
[2024-05-18 13:15:04,663] {taskinstance.py:1032} INFO - Dependencies all met for <TaskInstance: ingest_data_bigquery_fhv.download_dataset_task scheduled__2021-03-02T06:00:00+00:00 [queued]>
[2024-05-18 13:15:04,664] {taskinstance.py:1238} INFO - 
--------------------------------------------------------------------------------
[2024-05-18 13:15:04,664] {taskinstance.py:1239} INFO - Starting attempt 1 of 3
[2024-05-18 13:15:04,665] {taskinstance.py:1240} INFO - 
--------------------------------------------------------------------------------
[2024-05-18 13:15:04,760] {taskinstance.py:1259} INFO - Executing <Task(BashOperator): download_dataset_task> on 2021-03-02 06:00:00+00:00
[2024-05-18 13:15:04,952] {standard_task_runner.py:76} INFO - Running: ['***', 'tasks', 'run', 'ingest_data_bigquery_fhv', 'download_dataset_task', 'scheduled__2021-03-02T06:00:00+00:00', '--job-id', '5379', '--raw', '--subdir', 'DAGS_FOLDER/data_ingestion_gcs_fhv_dag .py', '--cfg-path', '/tmp/tmpn4nk1i6n', '--error-file', '/tmp/tmptz9peu02']
[2024-05-18 13:15:04,957] {standard_task_runner.py:77} INFO - Job 5379: Subtask download_dataset_task
[2024-05-18 13:15:04,890] {standard_task_runner.py:52} INFO - Started process 9231 to run task
[2024-05-18 13:15:05,578] {logging_mixin.py:109} INFO - Running <TaskInstance: ingest_data_bigquery_fhv.download_dataset_task scheduled__2021-03-02T06:00:00+00:00 [running]> on host 45b18388e83d
[2024-05-18 13:15:05,802] {warnings.py:99} WARNING - /home/***/.local/lib/python3.6/site-packages/***/utils/context.py:152: AirflowContextDeprecationWarning: Accessing 'execution_date' from the template is deprecated and will be removed in a future version. Please use 'data_interval_start' or 'logical_date' instead.
  warnings.warn(_create_deprecation_warning(key, self._deprecation_replacements[key]))

[2024-05-18 13:15:05,896] {taskinstance.py:1426} INFO - Exporting the following env vars:
AIRFLOW_CTX_DAG_OWNER=***
AIRFLOW_CTX_DAG_ID=ingest_data_bigquery_fhv
AIRFLOW_CTX_TASK_ID=download_dataset_task
AIRFLOW_CTX_EXECUTION_DATE=2021-03-02T06:00:00+00:00
AIRFLOW_CTX_DAG_RUN_ID=scheduled__2021-03-02T06:00:00+00:00
[2024-05-18 13:15:05,897] {subprocess.py:62} INFO - Tmp dir root location: 
 /tmp
[2024-05-18 13:15:05,898] {subprocess.py:74} INFO - Running command: ['bash', '-c', 'curl -sSL https://github.com/DataTalksClub/nyc-tlc-data/releases/download/fhv/fhv_tripdata_2021-03.csv.gz > /opt/***/raw_data/fhvtaxi_tripdata_2021-03.csv.gz && gunzip /opt/***/raw_data/fhvtaxi_tripdata_2021-03.csv.gz']
[2024-05-18 13:15:06,022] {subprocess.py:85} INFO - Output:
[2024-05-18 13:15:10,434] {subprocess.py:93} INFO - Command exited with return code 0
[2024-05-18 13:15:10,509] {taskinstance.py:1277} INFO - Marking task as SUCCESS. dag_id=ingest_data_bigquery_fhv, task_id=download_dataset_task, execution_date=20210302T060000, start_date=20240518T131504, end_date=20240518T131510
[2024-05-18 13:15:10,690] {local_task_job.py:154} INFO - Task exited with return code 0
[2024-05-18 13:15:10,805] {local_task_job.py:264} INFO - 1 downstream tasks scheduled from follow-on schedule check
