[2024-03-28 16:00:25,323] {taskinstance.py:1032} INFO - Dependencies all met for <TaskInstance: ingest_data_postgres.download_dataset_task scheduled__2022-02-02T06:00:00+00:00 [queued]>
[2024-03-28 16:00:25,410] {taskinstance.py:1032} INFO - Dependencies all met for <TaskInstance: ingest_data_postgres.download_dataset_task scheduled__2022-02-02T06:00:00+00:00 [queued]>
[2024-03-28 16:00:25,418] {taskinstance.py:1238} INFO - 
--------------------------------------------------------------------------------
[2024-03-28 16:00:25,419] {taskinstance.py:1239} INFO - Starting attempt 1 of 4
[2024-03-28 16:00:25,421] {taskinstance.py:1240} INFO - 
--------------------------------------------------------------------------------
[2024-03-28 16:00:25,511] {taskinstance.py:1259} INFO - Executing <Task(BashOperator): download_dataset_task> on 2022-02-02 06:00:00+00:00
[2024-03-28 16:00:25,563] {standard_task_runner.py:52} INFO - Started process 3973 to run task
[2024-03-28 16:00:25,575] {standard_task_runner.py:76} INFO - Running: ['***', 'tasks', 'run', 'ingest_data_postgres', 'download_dataset_task', 'scheduled__2022-02-02T06:00:00+00:00', '--job-id', '1248', '--raw', '--subdir', 'DAGS_FOLDER/data_ingestion_dag.py', '--cfg-path', '/tmp/tmpddhe7i9i', '--error-file', '/tmp/tmpt3o0ac9g']
[2024-03-28 16:00:25,576] {standard_task_runner.py:77} INFO - Job 1248: Subtask download_dataset_task
[2024-03-28 16:00:25,919] {logging_mixin.py:109} INFO - Running <TaskInstance: ingest_data_postgres.download_dataset_task scheduled__2022-02-02T06:00:00+00:00 [running]> on host 05f84def3a12
[2024-03-28 16:00:26,303] {warnings.py:99} WARNING - /home/***/.local/lib/python3.6/site-packages/***/utils/context.py:152: AirflowContextDeprecationWarning: Accessing 'execution_date' from the template is deprecated and will be removed in a future version. Please use 'data_interval_start' or 'logical_date' instead.
  warnings.warn(_create_deprecation_warning(key, self._deprecation_replacements[key]))

[2024-03-28 16:00:26,424] {taskinstance.py:1426} INFO - Exporting the following env vars:
AIRFLOW_CTX_DAG_OWNER=***
AIRFLOW_CTX_DAG_ID=ingest_data_postgres
AIRFLOW_CTX_TASK_ID=download_dataset_task
AIRFLOW_CTX_EXECUTION_DATE=2022-02-02T06:00:00+00:00
AIRFLOW_CTX_DAG_RUN_ID=scheduled__2022-02-02T06:00:00+00:00
[2024-03-28 16:00:26,433] {subprocess.py:62} INFO - Tmp dir root location: 
 /tmp
[2024-03-28 16:00:26,440] {subprocess.py:74} INFO - Running command: ['bash', '-c', 'curl -sSL https://d37ci6vzurychx.cloudfront.net/trip-data/yellow_tripdata_2022-02.parquet > /opt/***/yellowtaxi_tripdata_2022-02.parquet']
[2024-03-28 16:00:26,512] {subprocess.py:85} INFO - Output:
[2024-03-28 16:00:32,430] {subprocess.py:93} INFO - Command exited with return code 0
[2024-03-28 16:00:32,590] {taskinstance.py:1277} INFO - Marking task as SUCCESS. dag_id=ingest_data_postgres, task_id=download_dataset_task, execution_date=20220202T060000, start_date=20240328T160025, end_date=20240328T160032
[2024-03-28 16:00:33,006] {local_task_job.py:154} INFO - Task exited with return code 0
[2024-03-28 16:00:33,299] {local_task_job.py:264} INFO - 1 downstream tasks scheduled from follow-on schedule check
