[2024-05-12 12:41:49,958] {taskinstance.py:1032} INFO - Dependencies all met for <TaskInstance: ingest_data_bigquery_gt.local_to_gcs_task scheduled__2019-12-02T06:00:00+00:00 [queued]>
[2024-05-12 12:41:49,983] {taskinstance.py:1032} INFO - Dependencies all met for <TaskInstance: ingest_data_bigquery_gt.local_to_gcs_task scheduled__2019-12-02T06:00:00+00:00 [queued]>
[2024-05-12 12:41:49,983] {taskinstance.py:1238} INFO - 
--------------------------------------------------------------------------------
[2024-05-12 12:41:49,984] {taskinstance.py:1239} INFO - Starting attempt 1 of 3
[2024-05-12 12:41:49,984] {taskinstance.py:1240} INFO - 
--------------------------------------------------------------------------------
[2024-05-12 12:41:50,392] {taskinstance.py:1259} INFO - Executing <Task(PythonOperator): local_to_gcs_task> on 2019-12-02 06:00:00+00:00
[2024-05-12 12:41:50,402] {standard_task_runner.py:52} INFO - Started process 660 to run task
[2024-05-12 12:41:50,423] {standard_task_runner.py:76} INFO - Running: ['***', 'tasks', 'run', 'ingest_data_bigquery_gt', 'local_to_gcs_task', 'scheduled__2019-12-02T06:00:00+00:00', '--job-id', '4843', '--raw', '--subdir', 'DAGS_FOLDER/data_ingestion_gcs_gt_dag .py', '--cfg-path', '/tmp/tmpe80mpri0', '--error-file', '/tmp/tmp8sdqsion']
[2024-05-12 12:41:50,456] {standard_task_runner.py:77} INFO - Job 4843: Subtask local_to_gcs_task
[2024-05-12 12:41:50,890] {logging_mixin.py:109} INFO - Running <TaskInstance: ingest_data_bigquery_gt.local_to_gcs_task scheduled__2019-12-02T06:00:00+00:00 [running]> on host 31858b145400
[2024-05-12 12:41:50,988] {warnings.py:99} WARNING - /home/***/.local/lib/python3.6/site-packages/***/utils/context.py:152: AirflowContextDeprecationWarning: Accessing 'execution_date' from the template is deprecated and will be removed in a future version. Please use 'data_interval_start' or 'logical_date' instead.
  warnings.warn(_create_deprecation_warning(key, self._deprecation_replacements[key]))

[2024-05-12 12:41:51,184] {taskinstance.py:1426} INFO - Exporting the following env vars:
AIRFLOW_CTX_DAG_OWNER=***
AIRFLOW_CTX_DAG_ID=ingest_data_bigquery_gt
AIRFLOW_CTX_TASK_ID=local_to_gcs_task
AIRFLOW_CTX_EXECUTION_DATE=2019-12-02T06:00:00+00:00
AIRFLOW_CTX_DAG_RUN_ID=scheduled__2019-12-02T06:00:00+00:00
[2024-05-12 12:41:57,312] {warnings.py:99} WARNING - /home/***/.local/lib/python3.6/site-packages/***/operators/python.py:174: DtypeWarning: Columns (3) have mixed types.Specify dtype option on import or set low_memory=False.
  return_value = self.execute_callable()

[2024-05-12 12:42:03,310] {python.py:175} INFO - Done. Returned value was: None
[2024-05-12 12:42:03,327] {taskinstance.py:1277} INFO - Marking task as SUCCESS. dag_id=ingest_data_bigquery_gt, task_id=local_to_gcs_task, execution_date=20191202T060000, start_date=20240512T124149, end_date=20240512T124203
[2024-05-12 12:42:03,585] {local_task_job.py:154} INFO - Task exited with return code 0
[2024-05-12 12:42:03,789] {local_task_job.py:264} INFO - 0 downstream tasks scheduled from follow-on schedule check
[2024-05-18 11:09:38,499] {taskinstance.py:1032} INFO - Dependencies all met for <TaskInstance: ingest_data_bigquery_gt.local_to_gcs_task scheduled__2019-12-02T06:00:00+00:00 [queued]>
[2024-05-18 11:09:38,569] {taskinstance.py:1032} INFO - Dependencies all met for <TaskInstance: ingest_data_bigquery_gt.local_to_gcs_task scheduled__2019-12-02T06:00:00+00:00 [queued]>
[2024-05-18 11:09:38,569] {taskinstance.py:1238} INFO - 
--------------------------------------------------------------------------------
[2024-05-18 11:09:38,569] {taskinstance.py:1239} INFO - Starting attempt 1 of 3
[2024-05-18 11:09:38,569] {taskinstance.py:1240} INFO - 
--------------------------------------------------------------------------------
[2024-05-18 11:09:38,620] {taskinstance.py:1259} INFO - Executing <Task(PythonOperator): local_to_gcs_task> on 2019-12-02 06:00:00+00:00
[2024-05-18 11:09:38,657] {standard_task_runner.py:52} INFO - Started process 1205 to run task
[2024-05-18 11:09:38,719] {standard_task_runner.py:76} INFO - Running: ['***', 'tasks', 'run', 'ingest_data_bigquery_gt', 'local_to_gcs_task', 'scheduled__2019-12-02T06:00:00+00:00', '--job-id', '4938', '--raw', '--subdir', 'DAGS_FOLDER/data_ingestion_gcs_gt_dag .py', '--cfg-path', '/tmp/tmp5lp9k6j9', '--error-file', '/tmp/tmpomw9o8yo']
[2024-05-18 11:09:38,741] {standard_task_runner.py:77} INFO - Job 4938: Subtask local_to_gcs_task
[2024-05-18 11:09:38,937] {logging_mixin.py:109} INFO - Running <TaskInstance: ingest_data_bigquery_gt.local_to_gcs_task scheduled__2019-12-02T06:00:00+00:00 [running]> on host 45b18388e83d
[2024-05-18 11:09:39,116] {warnings.py:99} WARNING - /home/***/.local/lib/python3.6/site-packages/***/utils/context.py:152: AirflowContextDeprecationWarning: Accessing 'execution_date' from the template is deprecated and will be removed in a future version. Please use 'data_interval_start' or 'logical_date' instead.
  warnings.warn(_create_deprecation_warning(key, self._deprecation_replacements[key]))

[2024-05-18 11:09:39,227] {taskinstance.py:1426} INFO - Exporting the following env vars:
AIRFLOW_CTX_DAG_OWNER=***
AIRFLOW_CTX_DAG_ID=ingest_data_bigquery_gt
AIRFLOW_CTX_TASK_ID=local_to_gcs_task
AIRFLOW_CTX_EXECUTION_DATE=2019-12-02T06:00:00+00:00
AIRFLOW_CTX_DAG_RUN_ID=scheduled__2019-12-02T06:00:00+00:00
[2024-05-18 11:09:46,306] {warnings.py:99} WARNING - /home/***/.local/lib/python3.6/site-packages/***/operators/python.py:174: DtypeWarning: Columns (3) have mixed types.Specify dtype option on import or set low_memory=False.
  return_value = self.execute_callable()

[2024-05-18 11:09:50,494] {python.py:175} INFO - Done. Returned value was: None
[2024-05-18 11:09:50,541] {taskinstance.py:1277} INFO - Marking task as SUCCESS. dag_id=ingest_data_bigquery_gt, task_id=local_to_gcs_task, execution_date=20191202T060000, start_date=20240518T110938, end_date=20240518T110950
[2024-05-18 11:09:50,787] {local_task_job.py:154} INFO - Task exited with return code 0
[2024-05-18 11:09:50,988] {local_task_job.py:264} INFO - 0 downstream tasks scheduled from follow-on schedule check
