[2025-01-01 14:34:59,420] {taskinstance.py:1032} INFO - Dependencies all met for <TaskInstance: data_ingestion_gcs_dag_homework_q4.bigquery_external_table_task scheduled__2024-12-31T00:00:00+00:00 [queued]>
[2025-01-01 14:34:59,439] {taskinstance.py:1032} INFO - Dependencies all met for <TaskInstance: data_ingestion_gcs_dag_homework_q4.bigquery_external_table_task scheduled__2024-12-31T00:00:00+00:00 [queued]>
[2025-01-01 14:34:59,440] {taskinstance.py:1238} INFO - 
--------------------------------------------------------------------------------
[2025-01-01 14:34:59,440] {taskinstance.py:1239} INFO - Starting attempt 2 of 2
[2025-01-01 14:34:59,440] {taskinstance.py:1240} INFO - 
--------------------------------------------------------------------------------
[2025-01-01 14:34:59,456] {taskinstance.py:1259} INFO - Executing <Task(BigQueryCreateExternalTableOperator): bigquery_external_table_task> on 2024-12-31 00:00:00+00:00
[2025-01-01 14:34:59,464] {standard_task_runner.py:52} INFO - Started process 359 to run task
[2025-01-01 14:34:59,470] {standard_task_runner.py:76} INFO - Running: ['***', 'tasks', 'run', 'data_ingestion_gcs_dag_homework_q4', 'bigquery_external_table_task', 'scheduled__2024-12-31T00:00:00+00:00', '--job-id', '6376', '--raw', '--subdir', 'DAGS_FOLDER/data_ingestion_gcs_tz_dag.py', '--cfg-path', '/tmp/tmpuixzjq54', '--error-file', '/tmp/tmp2k_y6gv8']
[2025-01-01 14:34:59,477] {standard_task_runner.py:77} INFO - Job 6376: Subtask bigquery_external_table_task
[2025-01-01 14:34:59,561] {logging_mixin.py:109} INFO - Running <TaskInstance: data_ingestion_gcs_dag_homework_q4.bigquery_external_table_task scheduled__2024-12-31T00:00:00+00:00 [running]> on host ca209906e0d5
[2025-01-01 14:34:59,642] {taskinstance.py:1426} INFO - Exporting the following env vars:
AIRFLOW_CTX_DAG_OWNER=***
AIRFLOW_CTX_DAG_ID=data_ingestion_gcs_dag_homework_q4
AIRFLOW_CTX_TASK_ID=bigquery_external_table_task
AIRFLOW_CTX_EXECUTION_DATE=2024-12-31T00:00:00+00:00
AIRFLOW_CTX_DAG_RUN_ID=scheduled__2024-12-31T00:00:00+00:00
[2025-01-01 14:34:59,646] {crypto.py:82} WARNING - empty cryptography key - values will not be stored encrypted.
[2025-01-01 14:34:59,655] {warnings.py:99} WARNING - /home/***/.local/lib/python3.6/site-packages/***/providers/google/cloud/hooks/bigquery.py:637: DeprecationWarning: This method is deprecated. Please use `BigQueryHook.create_empty_table` method with passing the `table_resource` object. This gives more flexibility than this method.
  DeprecationWarning,

[2025-01-01 14:34:59,655] {bigquery.py:700} INFO - Creating external table: nyc_tlc_data.taxi_zone_lookup
[2025-01-01 14:35:00,053] {bigquery.py:704} INFO - External table created successfully: nyc_tlc_data.taxi_zone_lookup
[2025-01-01 14:35:00,070] {taskinstance.py:1277} INFO - Marking task as SUCCESS. dag_id=data_ingestion_gcs_dag_homework_q4, task_id=bigquery_external_table_task, execution_date=20241231T000000, start_date=20250101T143459, end_date=20250101T143500
[2025-01-01 14:35:00,133] {local_task_job.py:154} INFO - Task exited with return code 0
[2025-01-01 14:35:00,180] {local_task_job.py:264} INFO - 1 downstream tasks scheduled from follow-on schedule check
