[2024-03-28 15:44:43,304] {taskinstance.py:1032} INFO - Dependencies all met for <TaskInstance: ingest_data_postgres.download_dataset_task scheduled__2021-01-15T00:00:00+00:00 [queued]>
[2024-03-28 15:44:43,359] {taskinstance.py:1032} INFO - Dependencies all met for <TaskInstance: ingest_data_postgres.download_dataset_task scheduled__2021-01-15T00:00:00+00:00 [queued]>
[2024-03-28 15:44:43,359] {taskinstance.py:1238} INFO - 
--------------------------------------------------------------------------------
[2024-03-28 15:44:43,360] {taskinstance.py:1239} INFO - Starting attempt 1 of 4
[2024-03-28 15:44:43,360] {taskinstance.py:1240} INFO - 
--------------------------------------------------------------------------------
[2024-03-28 15:44:43,403] {taskinstance.py:1259} INFO - Executing <Task(BashOperator): download_dataset_task> on 2021-01-15 00:00:00+00:00
[2024-03-28 15:44:43,418] {standard_task_runner.py:52} INFO - Started process 3118 to run task
[2024-03-28 15:44:43,431] {standard_task_runner.py:76} INFO - Running: ['***', 'tasks', 'run', 'ingest_data_postgres', 'download_dataset_task', 'scheduled__2021-01-15T00:00:00+00:00', '--job-id', '1216', '--raw', '--subdir', 'DAGS_FOLDER/data_ingestion_dag.py', '--cfg-path', '/tmp/tmpfy5ng5y4', '--error-file', '/tmp/tmpf3o7ko26']
[2024-03-28 15:44:43,432] {standard_task_runner.py:77} INFO - Job 1216: Subtask download_dataset_task
[2024-03-28 15:44:43,561] {logging_mixin.py:109} INFO - Running <TaskInstance: ingest_data_postgres.download_dataset_task scheduled__2021-01-15T00:00:00+00:00 [running]> on host 05f84def3a12
[2024-03-28 15:44:43,634] {warnings.py:99} WARNING - /home/***/.local/lib/python3.6/site-packages/***/utils/context.py:152: AirflowContextDeprecationWarning: Accessing 'execution_date' from the template is deprecated and will be removed in a future version. Please use 'data_interval_start' or 'logical_date' instead.
  warnings.warn(_create_deprecation_warning(key, self._deprecation_replacements[key]))

[2024-03-28 15:44:43,678] {taskinstance.py:1426} INFO - Exporting the following env vars:
AIRFLOW_CTX_DAG_OWNER=***
AIRFLOW_CTX_DAG_ID=ingest_data_postgres
AIRFLOW_CTX_TASK_ID=download_dataset_task
AIRFLOW_CTX_EXECUTION_DATE=2021-01-15T00:00:00+00:00
AIRFLOW_CTX_DAG_RUN_ID=scheduled__2021-01-15T00:00:00+00:00
[2024-03-28 15:44:43,683] {subprocess.py:62} INFO - Tmp dir root location: 
 /tmp
[2024-03-28 15:44:43,684] {subprocess.py:74} INFO - Running command: ['bash', '-c', 'curl -sSL https://d37ci6vzurychx.cloudfront.net/trip-data/yellow_tripdata_2021-01.parquet > /opt/***/yellowtaxi_tripdata_2021-01.parquet']
[2024-03-28 15:44:43,723] {subprocess.py:85} INFO - Output:
[2024-03-28 15:44:47,592] {subprocess.py:93} INFO - Command exited with return code 0
[2024-03-28 15:44:47,624] {taskinstance.py:1277} INFO - Marking task as SUCCESS. dag_id=ingest_data_postgres, task_id=download_dataset_task, execution_date=20210115T000000, start_date=20240328T154443, end_date=20240328T154447
[2024-03-28 15:44:47,673] {local_task_job.py:154} INFO - Task exited with return code 0
[2024-03-28 15:44:47,716] {local_task_job.py:264} INFO - 1 downstream tasks scheduled from follow-on schedule check
