[2024-05-12 12:42:27,918] {taskinstance.py:1032} INFO - Dependencies all met for <TaskInstance: ingest_data_bigquery_gt.download_dataset_task scheduled__2021-01-02T06:00:00+00:00 [queued]>
[2024-05-12 12:42:28,003] {taskinstance.py:1032} INFO - Dependencies all met for <TaskInstance: ingest_data_bigquery_gt.download_dataset_task scheduled__2021-01-02T06:00:00+00:00 [queued]>
[2024-05-12 12:42:28,004] {taskinstance.py:1238} INFO - 
--------------------------------------------------------------------------------
[2024-05-12 12:42:28,004] {taskinstance.py:1239} INFO - Starting attempt 1 of 3
[2024-05-12 12:42:28,004] {taskinstance.py:1240} INFO - 
--------------------------------------------------------------------------------
[2024-05-12 12:42:28,089] {taskinstance.py:1259} INFO - Executing <Task(BashOperator): download_dataset_task> on 2021-01-02 06:00:00+00:00
[2024-05-12 12:42:28,192] {standard_task_runner.py:52} INFO - Started process 869 to run task
[2024-05-12 12:42:28,244] {standard_task_runner.py:76} INFO - Running: ['***', 'tasks', 'run', 'ingest_data_bigquery_gt', 'download_dataset_task', 'scheduled__2021-01-02T06:00:00+00:00', '--job-id', '4871', '--raw', '--subdir', 'DAGS_FOLDER/data_ingestion_gcs_gt_dag .py', '--cfg-path', '/tmp/tmprdssivp3', '--error-file', '/tmp/tmp6dn7ba_j']
[2024-05-12 12:42:28,297] {standard_task_runner.py:77} INFO - Job 4871: Subtask download_dataset_task
[2024-05-12 12:42:28,911] {logging_mixin.py:109} INFO - Running <TaskInstance: ingest_data_bigquery_gt.download_dataset_task scheduled__2021-01-02T06:00:00+00:00 [running]> on host 31858b145400
[2024-05-12 12:42:29,147] {warnings.py:99} WARNING - /home/***/.local/lib/python3.6/site-packages/***/utils/context.py:152: AirflowContextDeprecationWarning: Accessing 'execution_date' from the template is deprecated and will be removed in a future version. Please use 'data_interval_start' or 'logical_date' instead.
  warnings.warn(_create_deprecation_warning(key, self._deprecation_replacements[key]))

[2024-05-12 12:42:29,212] {taskinstance.py:1426} INFO - Exporting the following env vars:
AIRFLOW_CTX_DAG_OWNER=***
AIRFLOW_CTX_DAG_ID=ingest_data_bigquery_gt
AIRFLOW_CTX_TASK_ID=download_dataset_task
AIRFLOW_CTX_EXECUTION_DATE=2021-01-02T06:00:00+00:00
AIRFLOW_CTX_DAG_RUN_ID=scheduled__2021-01-02T06:00:00+00:00
[2024-05-12 12:42:29,213] {subprocess.py:62} INFO - Tmp dir root location: 
 /tmp
[2024-05-12 12:42:29,214] {subprocess.py:74} INFO - Running command: ['bash', '-c', 'curl -sSL https://github.com/DataTalksClub/nyc-tlc-data/releases/download/green/green_tripdata_2021-01.csv.gz > /opt/***/raw_data/greentaxi_tripdata_2021-01.csv.gz && gunzip /opt/***/raw_data/greentaxi_tripdata_2021-01.csv.gz']
[2024-05-12 12:42:29,261] {subprocess.py:85} INFO - Output:
[2024-05-12 12:42:31,194] {subprocess.py:93} INFO - Command exited with return code 0
[2024-05-12 12:42:31,411] {taskinstance.py:1277} INFO - Marking task as SUCCESS. dag_id=ingest_data_bigquery_gt, task_id=download_dataset_task, execution_date=20210102T060000, start_date=20240512T124227, end_date=20240512T124231
[2024-05-12 12:42:31,459] {local_task_job.py:154} INFO - Task exited with return code 0
[2024-05-12 12:42:31,603] {local_task_job.py:264} INFO - 1 downstream tasks scheduled from follow-on schedule check
[2024-05-18 11:10:13,568] {taskinstance.py:1032} INFO - Dependencies all met for <TaskInstance: ingest_data_bigquery_gt.download_dataset_task scheduled__2021-01-02T06:00:00+00:00 [queued]>
[2024-05-18 11:10:13,744] {taskinstance.py:1032} INFO - Dependencies all met for <TaskInstance: ingest_data_bigquery_gt.download_dataset_task scheduled__2021-01-02T06:00:00+00:00 [queued]>
[2024-05-18 11:10:13,744] {taskinstance.py:1238} INFO - 
--------------------------------------------------------------------------------
[2024-05-18 11:10:13,744] {taskinstance.py:1239} INFO - Starting attempt 1 of 3
[2024-05-18 11:10:13,744] {taskinstance.py:1240} INFO - 
--------------------------------------------------------------------------------
[2024-05-18 11:10:13,799] {taskinstance.py:1259} INFO - Executing <Task(BashOperator): download_dataset_task> on 2021-01-02 06:00:00+00:00
[2024-05-18 11:10:13,859] {standard_task_runner.py:76} INFO - Running: ['***', 'tasks', 'run', 'ingest_data_bigquery_gt', 'download_dataset_task', 'scheduled__2021-01-02T06:00:00+00:00', '--job-id', '4967', '--raw', '--subdir', 'DAGS_FOLDER/data_ingestion_gcs_gt_dag .py', '--cfg-path', '/tmp/tmp1cvcs95m', '--error-file', '/tmp/tmpyz6hhflw']
[2024-05-18 11:10:13,893] {standard_task_runner.py:77} INFO - Job 4967: Subtask download_dataset_task
[2024-05-18 11:10:13,834] {standard_task_runner.py:52} INFO - Started process 1409 to run task
[2024-05-18 11:10:14,231] {logging_mixin.py:109} INFO - Running <TaskInstance: ingest_data_bigquery_gt.download_dataset_task scheduled__2021-01-02T06:00:00+00:00 [running]> on host 45b18388e83d
[2024-05-18 11:10:14,337] {warnings.py:99} WARNING - /home/***/.local/lib/python3.6/site-packages/***/utils/context.py:152: AirflowContextDeprecationWarning: Accessing 'execution_date' from the template is deprecated and will be removed in a future version. Please use 'data_interval_start' or 'logical_date' instead.
  warnings.warn(_create_deprecation_warning(key, self._deprecation_replacements[key]))

[2024-05-18 11:10:14,447] {taskinstance.py:1426} INFO - Exporting the following env vars:
AIRFLOW_CTX_DAG_OWNER=***
AIRFLOW_CTX_DAG_ID=ingest_data_bigquery_gt
AIRFLOW_CTX_TASK_ID=download_dataset_task
AIRFLOW_CTX_EXECUTION_DATE=2021-01-02T06:00:00+00:00
AIRFLOW_CTX_DAG_RUN_ID=scheduled__2021-01-02T06:00:00+00:00
[2024-05-18 11:10:14,449] {subprocess.py:62} INFO - Tmp dir root location: 
 /tmp
[2024-05-18 11:10:14,450] {subprocess.py:74} INFO - Running command: ['bash', '-c', 'curl -sSL https://github.com/DataTalksClub/nyc-tlc-data/releases/download/green/green_tripdata_2021-01.csv.gz > /opt/***/raw_data/greentaxi_tripdata_2021-01.csv.gz && gunzip /opt/***/raw_data/greentaxi_tripdata_2021-01.csv.gz']
[2024-05-18 11:10:14,569] {subprocess.py:85} INFO - Output:
[2024-05-18 11:10:15,852] {subprocess.py:93} INFO - Command exited with return code 0
[2024-05-18 11:10:15,925] {taskinstance.py:1277} INFO - Marking task as SUCCESS. dag_id=ingest_data_bigquery_gt, task_id=download_dataset_task, execution_date=20210102T060000, start_date=20240518T111013, end_date=20240518T111015
[2024-05-18 11:10:15,983] {local_task_job.py:154} INFO - Task exited with return code 0
[2024-05-18 11:10:16,091] {local_task_job.py:264} INFO - 1 downstream tasks scheduled from follow-on schedule check
