[2024-05-19 03:41:27,839] {taskinstance.py:1032} INFO - Dependencies all met for <TaskInstance: ingest_data_bigquery_fhvhv.local_to_gcs_task scheduled__2020-07-02T06:00:00+00:00 [queued]>
[2024-05-19 03:41:27,862] {taskinstance.py:1032} INFO - Dependencies all met for <TaskInstance: ingest_data_bigquery_fhvhv.local_to_gcs_task scheduled__2020-07-02T06:00:00+00:00 [queued]>
[2024-05-19 03:41:27,863] {taskinstance.py:1238} INFO - 
--------------------------------------------------------------------------------
[2024-05-19 03:41:27,863] {taskinstance.py:1239} INFO - Starting attempt 1 of 3
[2024-05-19 03:41:27,863] {taskinstance.py:1240} INFO - 
--------------------------------------------------------------------------------
[2024-05-19 03:41:27,887] {taskinstance.py:1259} INFO - Executing <Task(PythonOperator): local_to_gcs_task> on 2020-07-02 06:00:00+00:00
[2024-05-19 03:41:27,897] {standard_task_runner.py:52} INFO - Started process 514 to run task
[2024-05-19 03:41:27,914] {standard_task_runner.py:76} INFO - Running: ['***', 'tasks', 'run', 'ingest_data_bigquery_fhvhv', 'local_to_gcs_task', 'scheduled__2020-07-02T06:00:00+00:00', '--job-id', '5456', '--raw', '--subdir', 'DAGS_FOLDER/data_ingestion_gcs_fhvhv_dag.py', '--cfg-path', '/tmp/tmp5ce4dtv_', '--error-file', '/tmp/tmpgmfr3_p4']
[2024-05-19 03:41:27,933] {standard_task_runner.py:77} INFO - Job 5456: Subtask local_to_gcs_task
[2024-05-19 03:41:28,058] {logging_mixin.py:109} INFO - Running <TaskInstance: ingest_data_bigquery_fhvhv.local_to_gcs_task scheduled__2020-07-02T06:00:00+00:00 [running]> on host 56455cb8b229
[2024-05-19 03:41:28,112] {warnings.py:99} WARNING - /home/***/.local/lib/python3.6/site-packages/***/utils/context.py:152: AirflowContextDeprecationWarning: Accessing 'execution_date' from the template is deprecated and will be removed in a future version. Please use 'data_interval_start' or 'logical_date' instead.
  warnings.warn(_create_deprecation_warning(key, self._deprecation_replacements[key]))

[2024-05-19 03:41:28,153] {taskinstance.py:1426} INFO - Exporting the following env vars:
AIRFLOW_CTX_DAG_OWNER=***
AIRFLOW_CTX_DAG_ID=ingest_data_bigquery_fhvhv
AIRFLOW_CTX_TASK_ID=local_to_gcs_task
AIRFLOW_CTX_EXECUTION_DATE=2020-07-02T06:00:00+00:00
AIRFLOW_CTX_DAG_RUN_ID=scheduled__2020-07-02T06:00:00+00:00
[2024-05-19 03:41:52,859] {python.py:175} INFO - Done. Returned value was: None
[2024-05-19 03:41:53,138] {taskinstance.py:1277} INFO - Marking task as SUCCESS. dag_id=ingest_data_bigquery_fhvhv, task_id=local_to_gcs_task, execution_date=20200702T060000, start_date=20240519T034127, end_date=20240519T034153
[2024-05-19 03:41:53,248] {local_task_job.py:154} INFO - Task exited with return code 0
[2024-05-19 03:41:53,305] {local_task_job.py:264} INFO - 1 downstream tasks scheduled from follow-on schedule check
[2024-12-29 14:26:41,015] {taskinstance.py:1032} INFO - Dependencies all met for <TaskInstance: ingest_data_bigquery_fhvhv.local_to_gcs_task scheduled__2020-07-02T06:00:00+00:00 [queued]>
[2024-12-29 14:26:41,268] {taskinstance.py:1032} INFO - Dependencies all met for <TaskInstance: ingest_data_bigquery_fhvhv.local_to_gcs_task scheduled__2020-07-02T06:00:00+00:00 [queued]>
[2024-12-29 14:26:41,268] {taskinstance.py:1238} INFO - 
--------------------------------------------------------------------------------
[2024-12-29 14:26:41,269] {taskinstance.py:1239} INFO - Starting attempt 1 of 3
[2024-12-29 14:26:41,276] {taskinstance.py:1240} INFO - 
--------------------------------------------------------------------------------
[2024-12-29 14:26:41,711] {taskinstance.py:1259} INFO - Executing <Task(PythonOperator): local_to_gcs_task> on 2020-07-02 06:00:00+00:00
[2024-12-29 14:26:41,733] {standard_task_runner.py:52} INFO - Started process 215 to run task
[2024-12-29 14:26:41,790] {standard_task_runner.py:76} INFO - Running: ['***', 'tasks', 'run', 'ingest_data_bigquery_fhvhv', 'local_to_gcs_task', 'scheduled__2020-07-02T06:00:00+00:00', '--job-id', '5934', '--raw', '--subdir', 'DAGS_FOLDER/data_ingestion_gcs_fhvhv_dag.py', '--cfg-path', '/tmp/tmpfsw6hl24', '--error-file', '/tmp/tmp523_qpp8']
[2024-12-29 14:26:41,830] {standard_task_runner.py:77} INFO - Job 5934: Subtask local_to_gcs_task
[2024-12-29 14:26:42,279] {logging_mixin.py:109} INFO - Running <TaskInstance: ingest_data_bigquery_fhvhv.local_to_gcs_task scheduled__2020-07-02T06:00:00+00:00 [running]> on host f6575b1efae7
[2024-12-29 14:26:42,430] {warnings.py:99} WARNING - /home/***/.local/lib/python3.6/site-packages/***/utils/context.py:152: AirflowContextDeprecationWarning: Accessing 'execution_date' from the template is deprecated and will be removed in a future version. Please use 'data_interval_start' or 'logical_date' instead.
  warnings.warn(_create_deprecation_warning(key, self._deprecation_replacements[key]))

[2024-12-29 14:26:42,589] {taskinstance.py:1426} INFO - Exporting the following env vars:
AIRFLOW_CTX_DAG_OWNER=***
AIRFLOW_CTX_DAG_ID=ingest_data_bigquery_fhvhv
AIRFLOW_CTX_TASK_ID=local_to_gcs_task
AIRFLOW_CTX_EXECUTION_DATE=2020-07-02T06:00:00+00:00
AIRFLOW_CTX_DAG_RUN_ID=scheduled__2020-07-02T06:00:00+00:00
[2025-01-01 05:07:59,341] {taskinstance.py:1032} INFO - Dependencies all met for <TaskInstance: ingest_data_bigquery_fhvhv.local_to_gcs_task scheduled__2020-07-02T06:00:00+00:00 [queued]>
[2025-01-01 05:07:59,364] {taskinstance.py:1032} INFO - Dependencies all met for <TaskInstance: ingest_data_bigquery_fhvhv.local_to_gcs_task scheduled__2020-07-02T06:00:00+00:00 [queued]>
[2025-01-01 05:07:59,365] {taskinstance.py:1238} INFO - 
--------------------------------------------------------------------------------
[2025-01-01 05:07:59,365] {taskinstance.py:1239} INFO - Starting attempt 1 of 3
[2025-01-01 05:07:59,366] {taskinstance.py:1240} INFO - 
--------------------------------------------------------------------------------
[2025-01-01 05:07:59,386] {taskinstance.py:1259} INFO - Executing <Task(PythonOperator): local_to_gcs_task> on 2020-07-02 06:00:00+00:00
[2025-01-01 05:07:59,396] {standard_task_runner.py:52} INFO - Started process 4244 to run task
[2025-01-01 05:07:59,403] {standard_task_runner.py:76} INFO - Running: ['***', 'tasks', 'run', 'ingest_data_bigquery_fhvhv', 'local_to_gcs_task', 'scheduled__2020-07-02T06:00:00+00:00', '--job-id', '6218', '--raw', '--subdir', 'DAGS_FOLDER/data_ingestion_gcs_fhvhv_dag.py', '--cfg-path', '/tmp/tmpl7csjlqd', '--error-file', '/tmp/tmpn1sjqv9c']
[2025-01-01 05:07:59,409] {standard_task_runner.py:77} INFO - Job 6218: Subtask local_to_gcs_task
[2025-01-01 05:07:59,523] {logging_mixin.py:109} INFO - Running <TaskInstance: ingest_data_bigquery_fhvhv.local_to_gcs_task scheduled__2020-07-02T06:00:00+00:00 [running]> on host 4228b0d90dbc
[2025-01-01 05:07:59,586] {warnings.py:99} WARNING - /home/***/.local/lib/python3.6/site-packages/***/utils/context.py:152: AirflowContextDeprecationWarning: Accessing 'execution_date' from the template is deprecated and will be removed in a future version. Please use 'data_interval_start' or 'logical_date' instead.
  warnings.warn(_create_deprecation_warning(key, self._deprecation_replacements[key]))

[2025-01-01 05:07:59,623] {taskinstance.py:1426} INFO - Exporting the following env vars:
AIRFLOW_CTX_DAG_OWNER=***
AIRFLOW_CTX_DAG_ID=ingest_data_bigquery_fhvhv
AIRFLOW_CTX_TASK_ID=local_to_gcs_task
AIRFLOW_CTX_EXECUTION_DATE=2020-07-02T06:00:00+00:00
AIRFLOW_CTX_DAG_RUN_ID=scheduled__2020-07-02T06:00:00+00:00
[2025-01-01 05:08:23,317] {python.py:175} INFO - Done. Returned value was: None
[2025-01-01 05:08:23,333] {taskinstance.py:1277} INFO - Marking task as SUCCESS. dag_id=ingest_data_bigquery_fhvhv, task_id=local_to_gcs_task, execution_date=20200702T060000, start_date=20250101T050759, end_date=20250101T050823
[2025-01-01 05:08:23,405] {local_task_job.py:154} INFO - Task exited with return code 0
[2025-01-01 05:08:23,442] {local_task_job.py:264} INFO - 1 downstream tasks scheduled from follow-on schedule check
[2025-01-01 11:48:14,811] {taskinstance.py:1032} INFO - Dependencies all met for <TaskInstance: ingest_data_bigquery_fhvhv.local_to_gcs_task scheduled__2020-07-02T06:00:00+00:00 [queued]>
[2025-01-01 11:48:14,827] {taskinstance.py:1032} INFO - Dependencies all met for <TaskInstance: ingest_data_bigquery_fhvhv.local_to_gcs_task scheduled__2020-07-02T06:00:00+00:00 [queued]>
[2025-01-01 11:48:14,827] {taskinstance.py:1238} INFO - 
--------------------------------------------------------------------------------
[2025-01-01 11:48:14,827] {taskinstance.py:1239} INFO - Starting attempt 1 of 3
[2025-01-01 11:48:14,827] {taskinstance.py:1240} INFO - 
--------------------------------------------------------------------------------
[2025-01-01 11:48:14,842] {taskinstance.py:1259} INFO - Executing <Task(PythonOperator): local_to_gcs_task> on 2020-07-02 06:00:00+00:00
[2025-01-01 11:48:14,849] {standard_task_runner.py:52} INFO - Started process 7360 to run task
[2025-01-01 11:48:14,854] {standard_task_runner.py:76} INFO - Running: ['***', 'tasks', 'run', 'ingest_data_bigquery_fhvhv', 'local_to_gcs_task', 'scheduled__2020-07-02T06:00:00+00:00', '--job-id', '6334', '--raw', '--subdir', 'DAGS_FOLDER/data_ingestion_gcs_fhvhv_dag.py', '--cfg-path', '/tmp/tmp4tmuihsp', '--error-file', '/tmp/tmpm_9eawi6']
[2025-01-01 11:48:14,858] {standard_task_runner.py:77} INFO - Job 6334: Subtask local_to_gcs_task
[2025-01-01 11:48:14,936] {logging_mixin.py:109} INFO - Running <TaskInstance: ingest_data_bigquery_fhvhv.local_to_gcs_task scheduled__2020-07-02T06:00:00+00:00 [running]> on host b9549a156c09
[2025-01-01 11:48:14,983] {warnings.py:99} WARNING - /home/***/.local/lib/python3.6/site-packages/***/utils/context.py:152: AirflowContextDeprecationWarning: Accessing 'execution_date' from the template is deprecated and will be removed in a future version. Please use 'data_interval_start' or 'logical_date' instead.
  warnings.warn(_create_deprecation_warning(key, self._deprecation_replacements[key]))

[2025-01-01 11:48:15,013] {taskinstance.py:1426} INFO - Exporting the following env vars:
AIRFLOW_CTX_DAG_OWNER=***
AIRFLOW_CTX_DAG_ID=ingest_data_bigquery_fhvhv
AIRFLOW_CTX_TASK_ID=local_to_gcs_task
AIRFLOW_CTX_EXECUTION_DATE=2020-07-02T06:00:00+00:00
AIRFLOW_CTX_DAG_RUN_ID=scheduled__2020-07-02T06:00:00+00:00
[2025-01-01 11:48:36,001] {python.py:175} INFO - Done. Returned value was: None
[2025-01-01 11:48:36,025] {taskinstance.py:1277} INFO - Marking task as SUCCESS. dag_id=ingest_data_bigquery_fhvhv, task_id=local_to_gcs_task, execution_date=20200702T060000, start_date=20250101T114814, end_date=20250101T114836
[2025-01-01 11:48:36,091] {local_task_job.py:154} INFO - Task exited with return code 0
[2025-01-01 11:48:36,156] {local_task_job.py:264} INFO - 0 downstream tasks scheduled from follow-on schedule check
