[2024-05-18 12:24:02,191] {taskinstance.py:1032} INFO - Dependencies all met for <TaskInstance: ingest_data_bigquery_fhv.download_dataset_task scheduled__2021-01-02T06:00:00+00:00 [queued]>
[2024-05-18 12:24:02,236] {taskinstance.py:1032} INFO - Dependencies all met for <TaskInstance: ingest_data_bigquery_fhv.download_dataset_task scheduled__2021-01-02T06:00:00+00:00 [queued]>
[2024-05-18 12:24:02,236] {taskinstance.py:1238} INFO - 
--------------------------------------------------------------------------------
[2024-05-18 12:24:02,237] {taskinstance.py:1239} INFO - Starting attempt 1 of 3
[2024-05-18 12:24:02,237] {taskinstance.py:1240} INFO - 
--------------------------------------------------------------------------------
[2024-05-18 12:24:02,270] {taskinstance.py:1259} INFO - Executing <Task(BashOperator): download_dataset_task> on 2021-01-02 06:00:00+00:00
[2024-05-18 12:24:02,364] {standard_task_runner.py:76} INFO - Running: ['***', 'tasks', 'run', 'ingest_data_bigquery_fhv', 'download_dataset_task', 'scheduled__2021-01-02T06:00:00+00:00', '--job-id', '5056', '--raw', '--subdir', 'DAGS_FOLDER/data_ingestion_gcs_fhv_dag .py', '--cfg-path', '/tmp/tmp5q7v93h5', '--error-file', '/tmp/tmpwkik1fly']
[2024-05-18 12:24:02,370] {standard_task_runner.py:77} INFO - Job 5056: Subtask download_dataset_task
[2024-05-18 12:24:02,280] {standard_task_runner.py:52} INFO - Started process 5326 to run task
[2024-05-18 12:24:02,533] {logging_mixin.py:109} INFO - Running <TaskInstance: ingest_data_bigquery_fhv.download_dataset_task scheduled__2021-01-02T06:00:00+00:00 [running]> on host 45b18388e83d
[2024-05-18 12:24:02,606] {warnings.py:99} WARNING - /home/***/.local/lib/python3.6/site-packages/***/utils/context.py:152: AirflowContextDeprecationWarning: Accessing 'execution_date' from the template is deprecated and will be removed in a future version. Please use 'data_interval_start' or 'logical_date' instead.
  warnings.warn(_create_deprecation_warning(key, self._deprecation_replacements[key]))

[2024-05-18 12:24:02,645] {taskinstance.py:1426} INFO - Exporting the following env vars:
AIRFLOW_CTX_DAG_OWNER=***
AIRFLOW_CTX_DAG_ID=ingest_data_bigquery_fhv
AIRFLOW_CTX_TASK_ID=download_dataset_task
AIRFLOW_CTX_EXECUTION_DATE=2021-01-02T06:00:00+00:00
AIRFLOW_CTX_DAG_RUN_ID=scheduled__2021-01-02T06:00:00+00:00
[2024-05-18 12:24:02,646] {subprocess.py:62} INFO - Tmp dir root location: 
 /tmp
[2024-05-18 12:24:02,647] {subprocess.py:74} INFO - Running command: ['bash', '-c', 'curl -sSL https://github.com/DataTalksClub/nyc-tlc-data/releases/download/fhv/fhv_tripdata_2021-01.csv.gz > /opt/***/raw_data/fhvtaxi_tripdata_2021-01.csv.gz && gunzip /opt/***/raw_data/fhvtaxi_tripdata_2021-01.csv.gz']
[2024-05-18 12:24:02,676] {subprocess.py:85} INFO - Output:
[2024-05-18 12:25:42,500] {subprocess.py:93} INFO - Command exited with return code 0
[2024-05-18 12:25:42,557] {taskinstance.py:1277} INFO - Marking task as SUCCESS. dag_id=ingest_data_bigquery_fhv, task_id=download_dataset_task, execution_date=20210102T060000, start_date=20240518T122402, end_date=20240518T122542
[2024-05-18 12:25:42,624] {local_task_job.py:154} INFO - Task exited with return code 0
[2024-05-18 12:25:42,680] {local_task_job.py:264} INFO - 1 downstream tasks scheduled from follow-on schedule check
[2024-05-18 12:50:09,306] {taskinstance.py:1032} INFO - Dependencies all met for <TaskInstance: ingest_data_bigquery_fhv.download_dataset_task scheduled__2021-01-02T06:00:00+00:00 [queued]>
[2024-05-18 12:50:09,325] {taskinstance.py:1032} INFO - Dependencies all met for <TaskInstance: ingest_data_bigquery_fhv.download_dataset_task scheduled__2021-01-02T06:00:00+00:00 [queued]>
[2024-05-18 12:50:09,325] {taskinstance.py:1238} INFO - 
--------------------------------------------------------------------------------
[2024-05-18 12:50:09,325] {taskinstance.py:1239} INFO - Starting attempt 1 of 3
[2024-05-18 12:50:09,326] {taskinstance.py:1240} INFO - 
--------------------------------------------------------------------------------
[2024-05-18 12:50:09,358] {taskinstance.py:1259} INFO - Executing <Task(BashOperator): download_dataset_task> on 2021-01-02 06:00:00+00:00
[2024-05-18 12:50:09,375] {standard_task_runner.py:52} INFO - Started process 7046 to run task
[2024-05-18 12:50:09,392] {standard_task_runner.py:76} INFO - Running: ['***', 'tasks', 'run', 'ingest_data_bigquery_fhv', 'download_dataset_task', 'scheduled__2021-01-02T06:00:00+00:00', '--job-id', '5169', '--raw', '--subdir', 'DAGS_FOLDER/data_ingestion_gcs_fhv_dag .py', '--cfg-path', '/tmp/tmpx4xhtoh0', '--error-file', '/tmp/tmp_29cx4xf']
[2024-05-18 12:50:09,399] {standard_task_runner.py:77} INFO - Job 5169: Subtask download_dataset_task
[2024-05-18 12:50:09,551] {logging_mixin.py:109} INFO - Running <TaskInstance: ingest_data_bigquery_fhv.download_dataset_task scheduled__2021-01-02T06:00:00+00:00 [running]> on host 45b18388e83d
[2024-05-18 12:50:09,649] {warnings.py:99} WARNING - /home/***/.local/lib/python3.6/site-packages/***/utils/context.py:152: AirflowContextDeprecationWarning: Accessing 'execution_date' from the template is deprecated and will be removed in a future version. Please use 'data_interval_start' or 'logical_date' instead.
  warnings.warn(_create_deprecation_warning(key, self._deprecation_replacements[key]))

[2024-05-18 12:50:09,699] {taskinstance.py:1426} INFO - Exporting the following env vars:
AIRFLOW_CTX_DAG_OWNER=***
AIRFLOW_CTX_DAG_ID=ingest_data_bigquery_fhv
AIRFLOW_CTX_TASK_ID=download_dataset_task
AIRFLOW_CTX_EXECUTION_DATE=2021-01-02T06:00:00+00:00
AIRFLOW_CTX_DAG_RUN_ID=scheduled__2021-01-02T06:00:00+00:00
[2024-05-18 12:50:09,701] {subprocess.py:62} INFO - Tmp dir root location: 
 /tmp
[2024-05-18 12:50:09,708] {subprocess.py:74} INFO - Running command: ['bash', '-c', 'curl -sSL https://github.com/DataTalksClub/nyc-tlc-data/releases/download/fhv/fhv_tripdata_2021-01.csv.gz > /opt/***/raw_data/fhvtaxi_tripdata_2021-01.csv.gz && gunzip /opt/***/raw_data/fhvtaxi_tripdata_2021-01.csv.gz']
[2024-05-18 12:50:09,777] {subprocess.py:85} INFO - Output:
[2024-05-18 12:50:13,408] {subprocess.py:93} INFO - Command exited with return code 0
[2024-05-18 12:50:13,803] {taskinstance.py:1277} INFO - Marking task as SUCCESS. dag_id=ingest_data_bigquery_fhv, task_id=download_dataset_task, execution_date=20210102T060000, start_date=20240518T125009, end_date=20240518T125013
[2024-05-18 12:50:14,058] {local_task_job.py:154} INFO - Task exited with return code 0
[2024-05-18 12:50:14,356] {local_task_job.py:264} INFO - 1 downstream tasks scheduled from follow-on schedule check
[2024-05-18 13:04:47,059] {taskinstance.py:1032} INFO - Dependencies all met for <TaskInstance: ingest_data_bigquery_fhv.download_dataset_task scheduled__2021-01-02T06:00:00+00:00 [queued]>
[2024-05-18 13:04:47,104] {taskinstance.py:1032} INFO - Dependencies all met for <TaskInstance: ingest_data_bigquery_fhv.download_dataset_task scheduled__2021-01-02T06:00:00+00:00 [queued]>
[2024-05-18 13:04:47,104] {taskinstance.py:1238} INFO - 
--------------------------------------------------------------------------------
[2024-05-18 13:04:47,105] {taskinstance.py:1239} INFO - Starting attempt 1 of 3
[2024-05-18 13:04:47,105] {taskinstance.py:1240} INFO - 
--------------------------------------------------------------------------------
[2024-05-18 13:04:47,120] {taskinstance.py:1259} INFO - Executing <Task(BashOperator): download_dataset_task> on 2021-01-02 06:00:00+00:00
[2024-05-18 13:04:47,157] {standard_task_runner.py:76} INFO - Running: ['***', 'tasks', 'run', 'ingest_data_bigquery_fhv', 'download_dataset_task', 'scheduled__2021-01-02T06:00:00+00:00', '--job-id', '5277', '--raw', '--subdir', 'DAGS_FOLDER/data_ingestion_gcs_fhv_dag .py', '--cfg-path', '/tmp/tmpkypl71sr', '--error-file', '/tmp/tmpr8amwp0r']
[2024-05-18 13:04:47,179] {standard_task_runner.py:77} INFO - Job 5277: Subtask download_dataset_task
[2024-05-18 13:04:47,138] {standard_task_runner.py:52} INFO - Started process 8216 to run task
[2024-05-18 13:04:47,361] {logging_mixin.py:109} INFO - Running <TaskInstance: ingest_data_bigquery_fhv.download_dataset_task scheduled__2021-01-02T06:00:00+00:00 [running]> on host 45b18388e83d
[2024-05-18 13:04:47,494] {warnings.py:99} WARNING - /home/***/.local/lib/python3.6/site-packages/***/utils/context.py:152: AirflowContextDeprecationWarning: Accessing 'execution_date' from the template is deprecated and will be removed in a future version. Please use 'data_interval_start' or 'logical_date' instead.
  warnings.warn(_create_deprecation_warning(key, self._deprecation_replacements[key]))

[2024-05-18 13:04:47,592] {taskinstance.py:1426} INFO - Exporting the following env vars:
AIRFLOW_CTX_DAG_OWNER=***
AIRFLOW_CTX_DAG_ID=ingest_data_bigquery_fhv
AIRFLOW_CTX_TASK_ID=download_dataset_task
AIRFLOW_CTX_EXECUTION_DATE=2021-01-02T06:00:00+00:00
AIRFLOW_CTX_DAG_RUN_ID=scheduled__2021-01-02T06:00:00+00:00
[2024-05-18 13:04:47,601] {subprocess.py:62} INFO - Tmp dir root location: 
 /tmp
[2024-05-18 13:04:47,601] {subprocess.py:74} INFO - Running command: ['bash', '-c', 'curl -sSL https://github.com/DataTalksClub/nyc-tlc-data/releases/download/fhv/fhv_tripdata_2021-01.csv.gz > /opt/***/raw_data/fhvtaxi_tripdata_2021-01.csv.gz && gunzip /opt/***/raw_data/fhvtaxi_tripdata_2021-01.csv.gz']
[2024-05-18 13:04:47,750] {subprocess.py:85} INFO - Output:
[2024-05-18 13:04:58,699] {subprocess.py:93} INFO - Command exited with return code 0
[2024-05-18 13:04:59,142] {taskinstance.py:1277} INFO - Marking task as SUCCESS. dag_id=ingest_data_bigquery_fhv, task_id=download_dataset_task, execution_date=20210102T060000, start_date=20240518T130447, end_date=20240518T130459
[2024-05-18 13:04:59,398] {local_task_job.py:154} INFO - Task exited with return code 0
[2024-05-18 13:04:59,892] {local_task_job.py:264} INFO - 0 downstream tasks scheduled from follow-on schedule check
[2024-05-18 13:15:01,673] {taskinstance.py:1032} INFO - Dependencies all met for <TaskInstance: ingest_data_bigquery_fhv.download_dataset_task scheduled__2021-01-02T06:00:00+00:00 [queued]>
[2024-05-18 13:15:01,985] {taskinstance.py:1032} INFO - Dependencies all met for <TaskInstance: ingest_data_bigquery_fhv.download_dataset_task scheduled__2021-01-02T06:00:00+00:00 [queued]>
[2024-05-18 13:15:01,986] {taskinstance.py:1238} INFO - 
--------------------------------------------------------------------------------
[2024-05-18 13:15:01,986] {taskinstance.py:1239} INFO - Starting attempt 1 of 3
[2024-05-18 13:15:01,986] {taskinstance.py:1240} INFO - 
--------------------------------------------------------------------------------
[2024-05-18 13:15:02,272] {taskinstance.py:1259} INFO - Executing <Task(BashOperator): download_dataset_task> on 2021-01-02 06:00:00+00:00
[2024-05-18 13:15:02,339] {standard_task_runner.py:52} INFO - Started process 9220 to run task
[2024-05-18 13:15:02,369] {standard_task_runner.py:76} INFO - Running: ['***', 'tasks', 'run', 'ingest_data_bigquery_fhv', 'download_dataset_task', 'scheduled__2021-01-02T06:00:00+00:00', '--job-id', '5377', '--raw', '--subdir', 'DAGS_FOLDER/data_ingestion_gcs_fhv_dag .py', '--cfg-path', '/tmp/tmplec7k711', '--error-file', '/tmp/tmp66ahoome']
[2024-05-18 13:15:02,404] {standard_task_runner.py:77} INFO - Job 5377: Subtask download_dataset_task
[2024-05-18 13:15:03,141] {logging_mixin.py:109} INFO - Running <TaskInstance: ingest_data_bigquery_fhv.download_dataset_task scheduled__2021-01-02T06:00:00+00:00 [running]> on host 45b18388e83d
[2024-05-18 13:15:03,550] {warnings.py:99} WARNING - /home/***/.local/lib/python3.6/site-packages/***/utils/context.py:152: AirflowContextDeprecationWarning: Accessing 'execution_date' from the template is deprecated and will be removed in a future version. Please use 'data_interval_start' or 'logical_date' instead.
  warnings.warn(_create_deprecation_warning(key, self._deprecation_replacements[key]))

[2024-05-18 13:15:03,778] {taskinstance.py:1426} INFO - Exporting the following env vars:
AIRFLOW_CTX_DAG_OWNER=***
AIRFLOW_CTX_DAG_ID=ingest_data_bigquery_fhv
AIRFLOW_CTX_TASK_ID=download_dataset_task
AIRFLOW_CTX_EXECUTION_DATE=2021-01-02T06:00:00+00:00
AIRFLOW_CTX_DAG_RUN_ID=scheduled__2021-01-02T06:00:00+00:00
[2024-05-18 13:15:03,779] {subprocess.py:62} INFO - Tmp dir root location: 
 /tmp
[2024-05-18 13:15:03,779] {subprocess.py:74} INFO - Running command: ['bash', '-c', 'curl -sSL https://github.com/DataTalksClub/nyc-tlc-data/releases/download/fhv/fhv_tripdata_2021-01.csv.gz > /opt/***/raw_data/fhvtaxi_tripdata_2021-01.csv.gz && gunzip /opt/***/raw_data/fhvtaxi_tripdata_2021-01.csv.gz']
[2024-05-18 13:15:03,979] {subprocess.py:85} INFO - Output:
[2024-05-18 13:15:08,399] {subprocess.py:93} INFO - Command exited with return code 0
[2024-05-18 13:15:08,602] {taskinstance.py:1277} INFO - Marking task as SUCCESS. dag_id=ingest_data_bigquery_fhv, task_id=download_dataset_task, execution_date=20210102T060000, start_date=20240518T131501, end_date=20240518T131508
[2024-05-18 13:15:08,732] {local_task_job.py:154} INFO - Task exited with return code 0
[2024-05-18 13:15:09,101] {local_task_job.py:264} INFO - 0 downstream tasks scheduled from follow-on schedule check
