[2024-03-26 15:29:52,764] {taskinstance.py:1032} INFO - Dependencies all met for <TaskInstance: LocalIngestionDag.wget manual__2024-03-26T15:29:51.328277+00:00 [queued]>
[2024-03-26 15:29:52,792] {taskinstance.py:1032} INFO - Dependencies all met for <TaskInstance: LocalIngestionDag.wget manual__2024-03-26T15:29:51.328277+00:00 [queued]>
[2024-03-26 15:29:52,792] {taskinstance.py:1238} INFO - 
--------------------------------------------------------------------------------
[2024-03-26 15:29:52,792] {taskinstance.py:1239} INFO - Starting attempt 1 of 1
[2024-03-26 15:29:52,792] {taskinstance.py:1240} INFO - 
--------------------------------------------------------------------------------
[2024-03-26 15:29:52,831] {taskinstance.py:1259} INFO - Executing <Task(BashOperator): wget> on 2024-03-26 15:29:51.328277+00:00
[2024-03-26 15:29:52,843] {standard_task_runner.py:52} INFO - Started process 869 to run task
[2024-03-26 15:29:52,856] {standard_task_runner.py:76} INFO - Running: ['***', 'tasks', 'run', 'LocalIngestionDag', 'wget', 'manual__2024-03-26T15:29:51.328277+00:00', '--job-id', '262', '--raw', '--subdir', 'DAGS_FOLDER/data_ingestion_local.py', '--cfg-path', '/tmp/tmpqo2_lk_6', '--error-file', '/tmp/tmpkn6pfra6']
[2024-03-26 15:29:52,857] {standard_task_runner.py:77} INFO - Job 262: Subtask wget
[2024-03-26 15:29:53,037] {logging_mixin.py:109} INFO - Running <TaskInstance: LocalIngestionDag.wget manual__2024-03-26T15:29:51.328277+00:00 [running]> on host 153a478eba08
[2024-03-26 15:29:53,133] {warnings.py:99} WARNING - /home/***/.local/lib/python3.6/site-packages/***/utils/context.py:152: AirflowContextDeprecationWarning: Accessing 'execution_date' from the template is deprecated and will be removed in a future version. Please use 'data_interval_start' or 'logical_date' instead.
  warnings.warn(_create_deprecation_warning(key, self._deprecation_replacements[key]))

[2024-03-26 15:29:53,194] {taskinstance.py:1426} INFO - Exporting the following env vars:
AIRFLOW_CTX_DAG_OWNER=***
AIRFLOW_CTX_DAG_ID=LocalIngestionDag
AIRFLOW_CTX_TASK_ID=wget
AIRFLOW_CTX_EXECUTION_DATE=2024-03-26T15:29:51.328277+00:00
AIRFLOW_CTX_DAG_RUN_ID=manual__2024-03-26T15:29:51.328277+00:00
[2024-03-26 15:29:53,195] {subprocess.py:62} INFO - Tmp dir root location: 
 /tmp
[2024-03-26 15:29:53,196] {subprocess.py:74} INFO - Running command: ['bash', '-c', 'curl -sSL https://s3.amazonaws.com/nyc-tlc/trip+data/yellow_tripdata_2024-03.csv > /opt/***/output_2024-03.csv']
[2024-03-26 15:29:53,224] {subprocess.py:85} INFO - Output:
[2024-03-26 15:29:54,163] {subprocess.py:93} INFO - Command exited with return code 0
[2024-03-26 15:29:54,309] {taskinstance.py:1277} INFO - Marking task as SUCCESS. dag_id=LocalIngestionDag, task_id=wget, execution_date=20240326T152951, start_date=20240326T152952, end_date=20240326T152954
[2024-03-26 15:29:54,423] {local_task_job.py:154} INFO - Task exited with return code 0
[2024-03-26 15:29:54,759] {local_task_job.py:264} INFO - 0 downstream tasks scheduled from follow-on schedule check
