[2024-05-18 12:22:32,826] {taskinstance.py:1032} INFO - Dependencies all met for <TaskInstance: ingest_data_bigquery_fhv.download_dataset_task scheduled__2019-08-02T06:00:00+00:00 [queued]>
[2024-05-18 12:22:32,958] {taskinstance.py:1032} INFO - Dependencies all met for <TaskInstance: ingest_data_bigquery_fhv.download_dataset_task scheduled__2019-08-02T06:00:00+00:00 [queued]>
[2024-05-18 12:22:32,959] {taskinstance.py:1238} INFO - 
--------------------------------------------------------------------------------
[2024-05-18 12:22:32,975] {taskinstance.py:1239} INFO - Starting attempt 1 of 3
[2024-05-18 12:22:32,976] {taskinstance.py:1240} INFO - 
--------------------------------------------------------------------------------
[2024-05-18 12:22:33,117] {taskinstance.py:1259} INFO - Executing <Task(BashOperator): download_dataset_task> on 2019-08-02 06:00:00+00:00
[2024-05-18 12:22:33,203] {standard_task_runner.py:52} INFO - Started process 5051 to run task
[2024-05-18 12:22:33,288] {standard_task_runner.py:76} INFO - Running: ['***', 'tasks', 'run', 'ingest_data_bigquery_fhv', 'download_dataset_task', 'scheduled__2019-08-02T06:00:00+00:00', '--job-id', '5010', '--raw', '--subdir', 'DAGS_FOLDER/data_ingestion_gcs_fhv_dag .py', '--cfg-path', '/tmp/tmpf6oeh9u_', '--error-file', '/tmp/tmpt600uurg']
[2024-05-18 12:22:33,360] {standard_task_runner.py:77} INFO - Job 5010: Subtask download_dataset_task
[2024-05-18 12:22:33,678] {logging_mixin.py:109} INFO - Running <TaskInstance: ingest_data_bigquery_fhv.download_dataset_task scheduled__2019-08-02T06:00:00+00:00 [running]> on host 45b18388e83d
[2024-05-18 12:22:33,774] {warnings.py:99} WARNING - /home/***/.local/lib/python3.6/site-packages/***/utils/context.py:152: AirflowContextDeprecationWarning: Accessing 'execution_date' from the template is deprecated and will be removed in a future version. Please use 'data_interval_start' or 'logical_date' instead.
  warnings.warn(_create_deprecation_warning(key, self._deprecation_replacements[key]))

[2024-05-18 12:22:33,830] {taskinstance.py:1426} INFO - Exporting the following env vars:
AIRFLOW_CTX_DAG_OWNER=***
AIRFLOW_CTX_DAG_ID=ingest_data_bigquery_fhv
AIRFLOW_CTX_TASK_ID=download_dataset_task
AIRFLOW_CTX_EXECUTION_DATE=2019-08-02T06:00:00+00:00
AIRFLOW_CTX_DAG_RUN_ID=scheduled__2019-08-02T06:00:00+00:00
[2024-05-18 12:22:33,831] {subprocess.py:62} INFO - Tmp dir root location: 
 /tmp
[2024-05-18 12:22:33,832] {subprocess.py:74} INFO - Running command: ['bash', '-c', 'curl -sSL https://github.com/DataTalksClub/nyc-tlc-data/releases/download/fhv/fhv_tripdata_2019-08.csv.gz > /opt/***/raw_data/fhvtaxi_tripdata_2019-08.csv.gz && gunzip /opt/***/raw_data/fhvtaxi_tripdata_2019-08.csv.gz']
[2024-05-18 12:22:33,880] {subprocess.py:85} INFO - Output:
[2024-05-18 12:22:42,770] {subprocess.py:93} INFO - Command exited with return code 0
[2024-05-18 12:22:42,997] {taskinstance.py:1277} INFO - Marking task as SUCCESS. dag_id=ingest_data_bigquery_fhv, task_id=download_dataset_task, execution_date=20190802T060000, start_date=20240518T122232, end_date=20240518T122242
[2024-05-18 12:22:43,318] {local_task_job.py:154} INFO - Task exited with return code 0
[2024-05-18 12:22:43,635] {local_task_job.py:264} INFO - 1 downstream tasks scheduled from follow-on schedule check
[2024-05-18 12:49:02,761] {taskinstance.py:1032} INFO - Dependencies all met for <TaskInstance: ingest_data_bigquery_fhv.download_dataset_task scheduled__2019-08-02T06:00:00+00:00 [queued]>
[2024-05-18 12:49:02,940] {taskinstance.py:1032} INFO - Dependencies all met for <TaskInstance: ingest_data_bigquery_fhv.download_dataset_task scheduled__2019-08-02T06:00:00+00:00 [queued]>
[2024-05-18 12:49:02,940] {taskinstance.py:1238} INFO - 
--------------------------------------------------------------------------------
[2024-05-18 12:49:02,940] {taskinstance.py:1239} INFO - Starting attempt 1 of 3
[2024-05-18 12:49:02,940] {taskinstance.py:1240} INFO - 
--------------------------------------------------------------------------------
[2024-05-18 12:49:03,007] {taskinstance.py:1259} INFO - Executing <Task(BashOperator): download_dataset_task> on 2019-08-02 06:00:00+00:00
[2024-05-18 12:49:03,022] {standard_task_runner.py:52} INFO - Started process 6788 to run task
[2024-05-18 12:49:03,055] {standard_task_runner.py:76} INFO - Running: ['***', 'tasks', 'run', 'ingest_data_bigquery_fhv', 'download_dataset_task', 'scheduled__2019-08-02T06:00:00+00:00', '--job-id', '5126', '--raw', '--subdir', 'DAGS_FOLDER/data_ingestion_gcs_fhv_dag .py', '--cfg-path', '/tmp/tmp21i5yoqu', '--error-file', '/tmp/tmp_k1xpssc']
[2024-05-18 12:49:03,078] {standard_task_runner.py:77} INFO - Job 5126: Subtask download_dataset_task
[2024-05-18 12:49:03,494] {logging_mixin.py:109} INFO - Running <TaskInstance: ingest_data_bigquery_fhv.download_dataset_task scheduled__2019-08-02T06:00:00+00:00 [running]> on host 45b18388e83d
[2024-05-18 12:49:03,677] {warnings.py:99} WARNING - /home/***/.local/lib/python3.6/site-packages/***/utils/context.py:152: AirflowContextDeprecationWarning: Accessing 'execution_date' from the template is deprecated and will be removed in a future version. Please use 'data_interval_start' or 'logical_date' instead.
  warnings.warn(_create_deprecation_warning(key, self._deprecation_replacements[key]))

[2024-05-18 12:49:03,888] {taskinstance.py:1426} INFO - Exporting the following env vars:
AIRFLOW_CTX_DAG_OWNER=***
AIRFLOW_CTX_DAG_ID=ingest_data_bigquery_fhv
AIRFLOW_CTX_TASK_ID=download_dataset_task
AIRFLOW_CTX_EXECUTION_DATE=2019-08-02T06:00:00+00:00
AIRFLOW_CTX_DAG_RUN_ID=scheduled__2019-08-02T06:00:00+00:00
[2024-05-18 12:49:03,890] {subprocess.py:62} INFO - Tmp dir root location: 
 /tmp
[2024-05-18 12:49:03,891] {subprocess.py:74} INFO - Running command: ['bash', '-c', 'curl -sSL https://github.com/DataTalksClub/nyc-tlc-data/releases/download/fhv/fhv_tripdata_2019-08.csv.gz > /opt/***/raw_data/fhvtaxi_tripdata_2019-08.csv.gz && gunzip /opt/***/raw_data/fhvtaxi_tripdata_2019-08.csv.gz']
[2024-05-18 12:49:03,994] {subprocess.py:85} INFO - Output:
[2024-05-18 12:49:11,383] {subprocess.py:93} INFO - Command exited with return code 0
[2024-05-18 12:49:12,072] {taskinstance.py:1277} INFO - Marking task as SUCCESS. dag_id=ingest_data_bigquery_fhv, task_id=download_dataset_task, execution_date=20190802T060000, start_date=20240518T124902, end_date=20240518T124912
[2024-05-18 12:49:12,334] {local_task_job.py:154} INFO - Task exited with return code 0
[2024-05-18 12:49:12,494] {local_task_job.py:264} INFO - 1 downstream tasks scheduled from follow-on schedule check
[2024-05-18 13:03:25,587] {taskinstance.py:1032} INFO - Dependencies all met for <TaskInstance: ingest_data_bigquery_fhv.download_dataset_task scheduled__2019-08-02T06:00:00+00:00 [queued]>
[2024-05-18 13:03:25,669] {taskinstance.py:1032} INFO - Dependencies all met for <TaskInstance: ingest_data_bigquery_fhv.download_dataset_task scheduled__2019-08-02T06:00:00+00:00 [queued]>
[2024-05-18 13:03:25,672] {taskinstance.py:1238} INFO - 
--------------------------------------------------------------------------------
[2024-05-18 13:03:25,675] {taskinstance.py:1239} INFO - Starting attempt 1 of 3
[2024-05-18 13:03:25,679] {taskinstance.py:1240} INFO - 
--------------------------------------------------------------------------------
[2024-05-18 13:03:25,716] {taskinstance.py:1259} INFO - Executing <Task(BashOperator): download_dataset_task> on 2019-08-02 06:00:00+00:00
[2024-05-18 13:03:25,766] {standard_task_runner.py:52} INFO - Started process 7923 to run task
[2024-05-18 13:03:25,805] {standard_task_runner.py:76} INFO - Running: ['***', 'tasks', 'run', 'ingest_data_bigquery_fhv', 'download_dataset_task', 'scheduled__2019-08-02T06:00:00+00:00', '--job-id', '5232', '--raw', '--subdir', 'DAGS_FOLDER/data_ingestion_gcs_fhv_dag .py', '--cfg-path', '/tmp/tmpnpk0kgb3', '--error-file', '/tmp/tmpfs0749gv']
[2024-05-18 13:03:25,843] {standard_task_runner.py:77} INFO - Job 5232: Subtask download_dataset_task
[2024-05-18 13:03:26,222] {logging_mixin.py:109} INFO - Running <TaskInstance: ingest_data_bigquery_fhv.download_dataset_task scheduled__2019-08-02T06:00:00+00:00 [running]> on host 45b18388e83d
[2024-05-18 13:03:26,381] {warnings.py:99} WARNING - /home/***/.local/lib/python3.6/site-packages/***/utils/context.py:152: AirflowContextDeprecationWarning: Accessing 'execution_date' from the template is deprecated and will be removed in a future version. Please use 'data_interval_start' or 'logical_date' instead.
  warnings.warn(_create_deprecation_warning(key, self._deprecation_replacements[key]))

[2024-05-18 13:03:26,492] {taskinstance.py:1426} INFO - Exporting the following env vars:
AIRFLOW_CTX_DAG_OWNER=***
AIRFLOW_CTX_DAG_ID=ingest_data_bigquery_fhv
AIRFLOW_CTX_TASK_ID=download_dataset_task
AIRFLOW_CTX_EXECUTION_DATE=2019-08-02T06:00:00+00:00
AIRFLOW_CTX_DAG_RUN_ID=scheduled__2019-08-02T06:00:00+00:00
[2024-05-18 13:03:26,494] {subprocess.py:62} INFO - Tmp dir root location: 
 /tmp
[2024-05-18 13:03:26,495] {subprocess.py:74} INFO - Running command: ['bash', '-c', 'curl -sSL https://github.com/DataTalksClub/nyc-tlc-data/releases/download/fhv/fhv_tripdata_2019-08.csv.gz > /opt/***/raw_data/fhvtaxi_tripdata_2019-08.csv.gz && gunzip /opt/***/raw_data/fhvtaxi_tripdata_2019-08.csv.gz']
[2024-05-18 13:03:26,610] {subprocess.py:85} INFO - Output:
[2024-05-18 13:03:33,304] {subprocess.py:93} INFO - Command exited with return code 0
[2024-05-18 13:03:34,277] {taskinstance.py:1277} INFO - Marking task as SUCCESS. dag_id=ingest_data_bigquery_fhv, task_id=download_dataset_task, execution_date=20190802T060000, start_date=20240518T130325, end_date=20240518T130334
[2024-05-18 13:03:34,491] {local_task_job.py:154} INFO - Task exited with return code 0
[2024-05-18 13:03:34,722] {local_task_job.py:264} INFO - 1 downstream tasks scheduled from follow-on schedule check
[2024-05-18 13:13:32,821] {taskinstance.py:1032} INFO - Dependencies all met for <TaskInstance: ingest_data_bigquery_fhv.download_dataset_task scheduled__2019-08-02T06:00:00+00:00 [queued]>
[2024-05-18 13:13:32,959] {taskinstance.py:1032} INFO - Dependencies all met for <TaskInstance: ingest_data_bigquery_fhv.download_dataset_task scheduled__2019-08-02T06:00:00+00:00 [queued]>
[2024-05-18 13:13:32,960] {taskinstance.py:1238} INFO - 
--------------------------------------------------------------------------------
[2024-05-18 13:13:32,960] {taskinstance.py:1239} INFO - Starting attempt 1 of 3
[2024-05-18 13:13:32,960] {taskinstance.py:1240} INFO - 
--------------------------------------------------------------------------------
[2024-05-18 13:13:33,185] {taskinstance.py:1259} INFO - Executing <Task(BashOperator): download_dataset_task> on 2019-08-02 06:00:00+00:00
[2024-05-18 13:13:33,307] {standard_task_runner.py:52} INFO - Started process 8884 to run task
[2024-05-18 13:13:33,311] {standard_task_runner.py:76} INFO - Running: ['***', 'tasks', 'run', 'ingest_data_bigquery_fhv', 'download_dataset_task', 'scheduled__2019-08-02T06:00:00+00:00', '--job-id', '5324', '--raw', '--subdir', 'DAGS_FOLDER/data_ingestion_gcs_fhv_dag .py', '--cfg-path', '/tmp/tmpe0qaxzoo', '--error-file', '/tmp/tmpq_wzjko8']
[2024-05-18 13:13:33,354] {standard_task_runner.py:77} INFO - Job 5324: Subtask download_dataset_task
[2024-05-18 13:13:34,015] {logging_mixin.py:109} INFO - Running <TaskInstance: ingest_data_bigquery_fhv.download_dataset_task scheduled__2019-08-02T06:00:00+00:00 [running]> on host 45b18388e83d
[2024-05-18 13:13:34,528] {warnings.py:99} WARNING - /home/***/.local/lib/python3.6/site-packages/***/utils/context.py:152: AirflowContextDeprecationWarning: Accessing 'execution_date' from the template is deprecated and will be removed in a future version. Please use 'data_interval_start' or 'logical_date' instead.
  warnings.warn(_create_deprecation_warning(key, self._deprecation_replacements[key]))

[2024-05-18 13:13:34,640] {taskinstance.py:1426} INFO - Exporting the following env vars:
AIRFLOW_CTX_DAG_OWNER=***
AIRFLOW_CTX_DAG_ID=ingest_data_bigquery_fhv
AIRFLOW_CTX_TASK_ID=download_dataset_task
AIRFLOW_CTX_EXECUTION_DATE=2019-08-02T06:00:00+00:00
AIRFLOW_CTX_DAG_RUN_ID=scheduled__2019-08-02T06:00:00+00:00
[2024-05-18 13:13:34,641] {subprocess.py:62} INFO - Tmp dir root location: 
 /tmp
[2024-05-18 13:13:34,642] {subprocess.py:74} INFO - Running command: ['bash', '-c', 'curl -sSL https://github.com/DataTalksClub/nyc-tlc-data/releases/download/fhv/fhv_tripdata_2019-08.csv.gz > /opt/***/raw_data/fhvtaxi_tripdata_2019-08.csv.gz && gunzip /opt/***/raw_data/fhvtaxi_tripdata_2019-08.csv.gz']
[2024-05-18 13:13:34,922] {subprocess.py:85} INFO - Output:
[2024-05-18 13:13:41,364] {subprocess.py:93} INFO - Command exited with return code 0
[2024-05-18 13:13:41,567] {taskinstance.py:1277} INFO - Marking task as SUCCESS. dag_id=ingest_data_bigquery_fhv, task_id=download_dataset_task, execution_date=20190802T060000, start_date=20240518T131332, end_date=20240518T131341
[2024-05-18 13:13:41,689] {local_task_job.py:154} INFO - Task exited with return code 0
[2024-05-18 13:13:41,879] {local_task_job.py:264} INFO - 1 downstream tasks scheduled from follow-on schedule check
