[2024-05-12 12:42:40,062] {taskinstance.py:1032} INFO - Dependencies all met for <TaskInstance: ingest_data_bigquery_gt.local_to_gcs_task scheduled__2021-03-02T06:00:00+00:00 [queued]>
[2024-05-12 12:42:40,104] {taskinstance.py:1032} INFO - Dependencies all met for <TaskInstance: ingest_data_bigquery_gt.local_to_gcs_task scheduled__2021-03-02T06:00:00+00:00 [queued]>
[2024-05-12 12:42:40,106] {taskinstance.py:1238} INFO - 
--------------------------------------------------------------------------------
[2024-05-12 12:42:40,106] {taskinstance.py:1239} INFO - Starting attempt 1 of 3
[2024-05-12 12:42:40,106] {taskinstance.py:1240} INFO - 
--------------------------------------------------------------------------------
[2024-05-12 12:42:40,245] {taskinstance.py:1259} INFO - Executing <Task(PythonOperator): local_to_gcs_task> on 2021-03-02 06:00:00+00:00
[2024-05-12 12:42:40,277] {standard_task_runner.py:52} INFO - Started process 980 to run task
[2024-05-12 12:42:40,310] {standard_task_runner.py:76} INFO - Running: ['***', 'tasks', 'run', 'ingest_data_bigquery_gt', 'local_to_gcs_task', 'scheduled__2021-03-02T06:00:00+00:00', '--job-id', '4888', '--raw', '--subdir', 'DAGS_FOLDER/data_ingestion_gcs_gt_dag .py', '--cfg-path', '/tmp/tmp8cnu8h9s', '--error-file', '/tmp/tmpq4owmz3z']
[2024-05-12 12:42:40,327] {standard_task_runner.py:77} INFO - Job 4888: Subtask local_to_gcs_task
[2024-05-12 12:42:40,767] {logging_mixin.py:109} INFO - Running <TaskInstance: ingest_data_bigquery_gt.local_to_gcs_task scheduled__2021-03-02T06:00:00+00:00 [running]> on host 31858b145400
[2024-05-12 12:42:41,011] {warnings.py:99} WARNING - /home/***/.local/lib/python3.6/site-packages/***/utils/context.py:152: AirflowContextDeprecationWarning: Accessing 'execution_date' from the template is deprecated and will be removed in a future version. Please use 'data_interval_start' or 'logical_date' instead.
  warnings.warn(_create_deprecation_warning(key, self._deprecation_replacements[key]))

[2024-05-12 12:42:41,246] {taskinstance.py:1426} INFO - Exporting the following env vars:
AIRFLOW_CTX_DAG_OWNER=***
AIRFLOW_CTX_DAG_ID=ingest_data_bigquery_gt
AIRFLOW_CTX_TASK_ID=local_to_gcs_task
AIRFLOW_CTX_EXECUTION_DATE=2021-03-02T06:00:00+00:00
AIRFLOW_CTX_DAG_RUN_ID=scheduled__2021-03-02T06:00:00+00:00
[2024-05-12 12:42:42,508] {warnings.py:99} WARNING - /home/***/.local/lib/python3.6/site-packages/***/operators/python.py:174: DtypeWarning: Columns (3) have mixed types.Specify dtype option on import or set low_memory=False.
  return_value = self.execute_callable()

[2024-05-12 12:42:44,202] {python.py:175} INFO - Done. Returned value was: None
[2024-05-12 12:42:44,220] {taskinstance.py:1277} INFO - Marking task as SUCCESS. dag_id=ingest_data_bigquery_gt, task_id=local_to_gcs_task, execution_date=20210302T060000, start_date=20240512T124240, end_date=20240512T124244
[2024-05-12 12:42:44,334] {local_task_job.py:154} INFO - Task exited with return code 0
[2024-05-12 12:42:44,420] {local_task_job.py:264} INFO - 1 downstream tasks scheduled from follow-on schedule check
[2024-05-18 11:10:24,659] {taskinstance.py:1032} INFO - Dependencies all met for <TaskInstance: ingest_data_bigquery_gt.local_to_gcs_task scheduled__2021-03-02T06:00:00+00:00 [queued]>
[2024-05-18 11:10:24,876] {taskinstance.py:1032} INFO - Dependencies all met for <TaskInstance: ingest_data_bigquery_gt.local_to_gcs_task scheduled__2021-03-02T06:00:00+00:00 [queued]>
[2024-05-18 11:10:24,887] {taskinstance.py:1238} INFO - 
--------------------------------------------------------------------------------
[2024-05-18 11:10:24,888] {taskinstance.py:1239} INFO - Starting attempt 1 of 3
[2024-05-18 11:10:24,891] {taskinstance.py:1240} INFO - 
--------------------------------------------------------------------------------
[2024-05-18 11:10:25,009] {taskinstance.py:1259} INFO - Executing <Task(PythonOperator): local_to_gcs_task> on 2021-03-02 06:00:00+00:00
[2024-05-18 11:10:25,085] {standard_task_runner.py:52} INFO - Started process 1518 to run task
[2024-05-18 11:10:25,120] {standard_task_runner.py:76} INFO - Running: ['***', 'tasks', 'run', 'ingest_data_bigquery_gt', 'local_to_gcs_task', 'scheduled__2021-03-02T06:00:00+00:00', '--job-id', '4982', '--raw', '--subdir', 'DAGS_FOLDER/data_ingestion_gcs_gt_dag .py', '--cfg-path', '/tmp/tmpbagahka7', '--error-file', '/tmp/tmph12iq4mz']
[2024-05-18 11:10:25,164] {standard_task_runner.py:77} INFO - Job 4982: Subtask local_to_gcs_task
[2024-05-18 11:10:25,669] {logging_mixin.py:109} INFO - Running <TaskInstance: ingest_data_bigquery_gt.local_to_gcs_task scheduled__2021-03-02T06:00:00+00:00 [running]> on host 45b18388e83d
[2024-05-18 11:10:26,043] {warnings.py:99} WARNING - /home/***/.local/lib/python3.6/site-packages/***/utils/context.py:152: AirflowContextDeprecationWarning: Accessing 'execution_date' from the template is deprecated and will be removed in a future version. Please use 'data_interval_start' or 'logical_date' instead.
  warnings.warn(_create_deprecation_warning(key, self._deprecation_replacements[key]))

[2024-05-18 11:10:26,233] {taskinstance.py:1426} INFO - Exporting the following env vars:
AIRFLOW_CTX_DAG_OWNER=***
AIRFLOW_CTX_DAG_ID=ingest_data_bigquery_gt
AIRFLOW_CTX_TASK_ID=local_to_gcs_task
AIRFLOW_CTX_EXECUTION_DATE=2021-03-02T06:00:00+00:00
AIRFLOW_CTX_DAG_RUN_ID=scheduled__2021-03-02T06:00:00+00:00
[2024-05-18 11:10:27,545] {warnings.py:99} WARNING - /home/***/.local/lib/python3.6/site-packages/***/operators/python.py:174: DtypeWarning: Columns (3) have mixed types.Specify dtype option on import or set low_memory=False.
  return_value = self.execute_callable()

[2024-05-18 11:10:30,604] {python.py:175} INFO - Done. Returned value was: None
[2024-05-18 11:10:30,657] {taskinstance.py:1277} INFO - Marking task as SUCCESS. dag_id=ingest_data_bigquery_gt, task_id=local_to_gcs_task, execution_date=20210302T060000, start_date=20240518T111024, end_date=20240518T111030
[2024-05-18 11:10:30,877] {local_task_job.py:154} INFO - Task exited with return code 0
[2024-05-18 11:10:31,106] {local_task_job.py:264} INFO - 1 downstream tasks scheduled from follow-on schedule check
