[2024-05-03 17:11:34,921] {taskinstance.py:1032} INFO - Dependencies all met for <TaskInstance: ingest_data_bigquery_yt.bigquery_external_table_task scheduled__2021-03-02T06:00:00+00:00 [queued]>
[2024-05-03 17:11:34,935] {taskinstance.py:1032} INFO - Dependencies all met for <TaskInstance: ingest_data_bigquery_yt.bigquery_external_table_task scheduled__2021-03-02T06:00:00+00:00 [queued]>
[2024-05-03 17:11:34,935] {taskinstance.py:1238} INFO - 
--------------------------------------------------------------------------------
[2024-05-03 17:11:34,935] {taskinstance.py:1239} INFO - Starting attempt 1 of 3
[2024-05-03 17:11:34,936] {taskinstance.py:1240} INFO - 
--------------------------------------------------------------------------------
[2024-05-03 17:11:34,951] {taskinstance.py:1259} INFO - Executing <Task(BigQueryCreateExternalTableOperator): bigquery_external_table_task> on 2021-03-02 06:00:00+00:00
[2024-05-03 17:11:34,958] {standard_task_runner.py:52} INFO - Started process 851 to run task
[2024-05-03 17:11:34,965] {standard_task_runner.py:76} INFO - Running: ['***', 'tasks', 'run', 'ingest_data_bigquery_yt', 'bigquery_external_table_task', 'scheduled__2021-03-02T06:00:00+00:00', '--job-id', '4291', '--raw', '--subdir', 'DAGS_FOLDER/data_ingstion_gcs_yt_dag.py', '--cfg-path', '/tmp/tmp3tbusm26', '--error-file', '/tmp/tmpfml9r_2c']
[2024-05-03 17:11:34,971] {standard_task_runner.py:77} INFO - Job 4291: Subtask bigquery_external_table_task
[2024-05-03 17:11:35,067] {logging_mixin.py:109} INFO - Running <TaskInstance: ingest_data_bigquery_yt.bigquery_external_table_task scheduled__2021-03-02T06:00:00+00:00 [running]> on host f0ab9bf9b587
[2024-05-03 17:11:35,181] {taskinstance.py:1426} INFO - Exporting the following env vars:
AIRFLOW_CTX_DAG_OWNER=***
AIRFLOW_CTX_DAG_ID=ingest_data_bigquery_yt
AIRFLOW_CTX_TASK_ID=bigquery_external_table_task
AIRFLOW_CTX_EXECUTION_DATE=2021-03-02T06:00:00+00:00
AIRFLOW_CTX_DAG_RUN_ID=scheduled__2021-03-02T06:00:00+00:00
[2024-05-03 17:11:35,186] {crypto.py:82} WARNING - empty cryptography key - values will not be stored encrypted.
[2024-05-03 17:11:35,199] {warnings.py:99} WARNING - /home/***/.local/lib/python3.6/site-packages/***/providers/google/cloud/hooks/bigquery.py:637: DeprecationWarning: This method is deprecated. Please use `BigQueryHook.create_empty_table` method with passing the `table_resource` object. This gives more flexibility than this method.
  DeprecationWarning,

[2024-05-03 17:11:35,200] {bigquery.py:700} INFO - Creating external table: nyc_tlc_data.yellowtaxi_trips
[2024-05-03 17:11:35,473] {bigquery.py:704} INFO - External table created successfully: nyc_tlc_data.yellowtaxi_trips
[2024-05-03 17:11:35,657] {taskinstance.py:1277} INFO - Marking task as SUCCESS. dag_id=ingest_data_bigquery_yt, task_id=bigquery_external_table_task, execution_date=20210302T060000, start_date=20240503T171134, end_date=20240503T171135
[2024-05-03 17:11:35,716] {local_task_job.py:154} INFO - Task exited with return code 0
[2024-05-03 17:11:35,771] {local_task_job.py:264} INFO - 0 downstream tasks scheduled from follow-on schedule check
[2024-05-06 09:26:17,170] {taskinstance.py:1032} INFO - Dependencies all met for <TaskInstance: ingest_data_bigquery_yt.bigquery_external_table_task scheduled__2021-03-02T06:00:00+00:00 [queued]>
[2024-05-06 09:26:17,208] {taskinstance.py:1032} INFO - Dependencies all met for <TaskInstance: ingest_data_bigquery_yt.bigquery_external_table_task scheduled__2021-03-02T06:00:00+00:00 [queued]>
[2024-05-06 09:26:17,209] {taskinstance.py:1238} INFO - 
--------------------------------------------------------------------------------
[2024-05-06 09:26:17,209] {taskinstance.py:1239} INFO - Starting attempt 1 of 3
[2024-05-06 09:26:17,210] {taskinstance.py:1240} INFO - 
--------------------------------------------------------------------------------
[2024-05-06 09:26:17,235] {taskinstance.py:1259} INFO - Executing <Task(BigQueryCreateExternalTableOperator): bigquery_external_table_task> on 2021-03-02 06:00:00+00:00
[2024-05-06 09:26:17,260] {standard_task_runner.py:52} INFO - Started process 461 to run task
[2024-05-06 09:26:17,278] {standard_task_runner.py:76} INFO - Running: ['***', 'tasks', 'run', 'ingest_data_bigquery_yt', 'bigquery_external_table_task', 'scheduled__2021-03-02T06:00:00+00:00', '--job-id', '4612', '--raw', '--subdir', 'DAGS_FOLDER/data_ingstion_gcs_yt_dag.py', '--cfg-path', '/tmp/tmpob8pui1i', '--error-file', '/tmp/tmp8rvqaflr']
[2024-05-06 09:26:17,297] {standard_task_runner.py:77} INFO - Job 4612: Subtask bigquery_external_table_task
[2024-05-06 09:26:17,441] {logging_mixin.py:109} INFO - Running <TaskInstance: ingest_data_bigquery_yt.bigquery_external_table_task scheduled__2021-03-02T06:00:00+00:00 [running]> on host 4d4efceb404e
[2024-05-06 09:26:17,572] {taskinstance.py:1426} INFO - Exporting the following env vars:
AIRFLOW_CTX_DAG_OWNER=***
AIRFLOW_CTX_DAG_ID=ingest_data_bigquery_yt
AIRFLOW_CTX_TASK_ID=bigquery_external_table_task
AIRFLOW_CTX_EXECUTION_DATE=2021-03-02T06:00:00+00:00
AIRFLOW_CTX_DAG_RUN_ID=scheduled__2021-03-02T06:00:00+00:00
[2024-05-06 09:26:17,576] {crypto.py:82} WARNING - empty cryptography key - values will not be stored encrypted.
[2024-05-06 09:26:17,603] {warnings.py:99} WARNING - /home/***/.local/lib/python3.6/site-packages/***/providers/google/cloud/hooks/bigquery.py:637: DeprecationWarning: This method is deprecated. Please use `BigQueryHook.create_empty_table` method with passing the `table_resource` object. This gives more flexibility than this method.
  DeprecationWarning,

[2024-05-06 09:26:17,604] {bigquery.py:700} INFO - Creating external table: nyc_tlc_data.yellowtaxi_trips
[2024-05-06 09:26:17,926] {bigquery.py:704} INFO - External table created successfully: nyc_tlc_data.yellowtaxi_trips
[2024-05-06 09:26:17,965] {taskinstance.py:1277} INFO - Marking task as SUCCESS. dag_id=ingest_data_bigquery_yt, task_id=bigquery_external_table_task, execution_date=20210302T060000, start_date=20240506T092617, end_date=20240506T092617
[2024-05-06 09:26:18,036] {local_task_job.py:154} INFO - Task exited with return code 0
[2024-05-06 09:26:18,113] {local_task_job.py:264} INFO - 0 downstream tasks scheduled from follow-on schedule check
[2024-05-06 09:26:18,163] {dagrun.py:545} INFO - Marking run <DagRun ingest_data_bigquery_yt @ 2021-03-02 06:00:00+00:00: scheduled__2021-03-02T06:00:00+00:00, externally triggered: False> successful
[2024-05-06 09:26:18,177] {dagrun.py:605} INFO - DagRun Finished: dag_id=ingest_data_bigquery_yt, execution_date=2021-03-02 06:00:00+00:00, run_id=scheduled__2021-03-02T06:00:00+00:00, run_start_date=2024-05-06 09:25:00.613729+00:00, run_end_date=2024-05-06 09:26:18.177150+00:00, run_duration=77.563421, state=success, external_trigger=False, run_type=scheduled, data_interval_start=2021-03-02 06:00:00+00:00, data_interval_end=2021-04-02 06:00:00+00:00, dag_hash=f4b5ff9cfcb41b1cb0bb096f0756542a
