[2024-05-18 13:54:38,351] {taskinstance.py:1032} INFO - Dependencies all met for <TaskInstance: ingest_data_bigquery_fhvhv.download_dataset_task scheduled__2019-01-02T06:00:00+00:00 [queued]>
[2024-05-18 13:54:38,455] {taskinstance.py:1032} INFO - Dependencies all met for <TaskInstance: ingest_data_bigquery_fhvhv.download_dataset_task scheduled__2019-01-02T06:00:00+00:00 [queued]>
[2024-05-18 13:54:38,456] {taskinstance.py:1238} INFO - 
--------------------------------------------------------------------------------
[2024-05-18 13:54:38,457] {taskinstance.py:1239} INFO - Starting attempt 1 of 3
[2024-05-18 13:54:38,457] {taskinstance.py:1240} INFO - 
--------------------------------------------------------------------------------
[2024-05-18 13:54:38,524] {taskinstance.py:1259} INFO - Executing <Task(BashOperator): download_dataset_task> on 2019-01-02 06:00:00+00:00
[2024-05-18 13:54:38,585] {standard_task_runner.py:52} INFO - Started process 11246 to run task
[2024-05-18 13:54:38,611] {standard_task_runner.py:76} INFO - Running: ['***', 'tasks', 'run', 'ingest_data_bigquery_fhvhv', 'download_dataset_task', 'scheduled__2019-01-02T06:00:00+00:00', '--job-id', '5411', '--raw', '--subdir', 'DAGS_FOLDER/data_ingestion_gcs_fhvhv_dag.py', '--cfg-path', '/tmp/tmpqgdsw13t', '--error-file', '/tmp/tmpo7im_3ig']
[2024-05-18 13:54:38,637] {standard_task_runner.py:77} INFO - Job 5411: Subtask download_dataset_task
[2024-05-18 13:54:38,867] {logging_mixin.py:109} INFO - Running <TaskInstance: ingest_data_bigquery_fhvhv.download_dataset_task scheduled__2019-01-02T06:00:00+00:00 [running]> on host 45b18388e83d
[2024-05-18 13:54:39,082] {warnings.py:99} WARNING - /home/***/.local/lib/python3.6/site-packages/***/utils/context.py:152: AirflowContextDeprecationWarning: Accessing 'execution_date' from the template is deprecated and will be removed in a future version. Please use 'data_interval_start' or 'logical_date' instead.
  warnings.warn(_create_deprecation_warning(key, self._deprecation_replacements[key]))

[2024-05-18 13:54:39,282] {taskinstance.py:1426} INFO - Exporting the following env vars:
AIRFLOW_CTX_DAG_OWNER=***
AIRFLOW_CTX_DAG_ID=ingest_data_bigquery_fhvhv
AIRFLOW_CTX_TASK_ID=download_dataset_task
AIRFLOW_CTX_EXECUTION_DATE=2019-01-02T06:00:00+00:00
AIRFLOW_CTX_DAG_RUN_ID=scheduled__2019-01-02T06:00:00+00:00
[2024-05-18 13:54:39,284] {subprocess.py:62} INFO - Tmp dir root location: 
 /tmp
[2024-05-18 13:54:39,285] {subprocess.py:74} INFO - Running command: ['bash', '-c', 'curl -sSL https://d37ci6vzurychx.cloudfront.net/trip-data/fhvhv_tripdata_2019-01.parquet > /opt/***/raw_data/fhvhvtaxi_tripdata_2019-01.parquet']
[2024-05-18 13:54:39,459] {subprocess.py:85} INFO - Output:
[2024-05-18 13:54:40,569] {subprocess.py:93} INFO - Command exited with return code 0
[2024-05-18 13:54:40,848] {taskinstance.py:1277} INFO - Marking task as SUCCESS. dag_id=ingest_data_bigquery_fhvhv, task_id=download_dataset_task, execution_date=20190102T060000, start_date=20240518T135438, end_date=20240518T135440
[2024-05-18 13:54:41,068] {local_task_job.py:154} INFO - Task exited with return code 0
[2024-05-18 13:54:41,527] {local_task_job.py:264} INFO - 0 downstream tasks scheduled from follow-on schedule check
[2025-01-01 04:19:42,784] {taskinstance.py:1032} INFO - Dependencies all met for <TaskInstance: ingest_data_bigquery_fhvhv.download_dataset_task scheduled__2019-01-02T06:00:00+00:00 [queued]>
[2025-01-01 04:19:42,804] {taskinstance.py:1032} INFO - Dependencies all met for <TaskInstance: ingest_data_bigquery_fhvhv.download_dataset_task scheduled__2019-01-02T06:00:00+00:00 [queued]>
[2025-01-01 04:19:42,804] {taskinstance.py:1238} INFO - 
--------------------------------------------------------------------------------
[2025-01-01 04:19:42,804] {taskinstance.py:1239} INFO - Starting attempt 1 of 3
[2025-01-01 04:19:42,804] {taskinstance.py:1240} INFO - 
--------------------------------------------------------------------------------
[2025-01-01 04:19:42,827] {taskinstance.py:1259} INFO - Executing <Task(BashOperator): download_dataset_task> on 2019-01-02 06:00:00+00:00
[2025-01-01 04:19:42,838] {standard_task_runner.py:52} INFO - Started process 1649 to run task
[2025-01-01 04:19:42,858] {standard_task_runner.py:76} INFO - Running: ['***', 'tasks', 'run', 'ingest_data_bigquery_fhvhv', 'download_dataset_task', 'scheduled__2019-01-02T06:00:00+00:00', '--job-id', '6159', '--raw', '--subdir', 'DAGS_FOLDER/data_ingestion_gcs_fhvhv_dag.py', '--cfg-path', '/tmp/tmp9hkpaszy', '--error-file', '/tmp/tmp6febmmz4']
[2025-01-01 04:19:42,867] {standard_task_runner.py:77} INFO - Job 6159: Subtask download_dataset_task
[2025-01-01 04:19:43,009] {logging_mixin.py:109} INFO - Running <TaskInstance: ingest_data_bigquery_fhvhv.download_dataset_task scheduled__2019-01-02T06:00:00+00:00 [running]> on host 4228b0d90dbc
[2025-01-01 04:19:43,097] {warnings.py:99} WARNING - /home/***/.local/lib/python3.6/site-packages/***/utils/context.py:152: AirflowContextDeprecationWarning: Accessing 'execution_date' from the template is deprecated and will be removed in a future version. Please use 'data_interval_start' or 'logical_date' instead.
  warnings.warn(_create_deprecation_warning(key, self._deprecation_replacements[key]))

[2025-01-01 04:19:43,151] {taskinstance.py:1426} INFO - Exporting the following env vars:
AIRFLOW_CTX_DAG_OWNER=***
AIRFLOW_CTX_DAG_ID=ingest_data_bigquery_fhvhv
AIRFLOW_CTX_TASK_ID=download_dataset_task
AIRFLOW_CTX_EXECUTION_DATE=2019-01-02T06:00:00+00:00
AIRFLOW_CTX_DAG_RUN_ID=scheduled__2019-01-02T06:00:00+00:00
[2025-01-01 04:19:43,153] {subprocess.py:62} INFO - Tmp dir root location: 
 /tmp
[2025-01-01 04:19:43,154] {subprocess.py:74} INFO - Running command: ['bash', '-c', 'curl -sSL https://d37ci6vzurychx.cloudfront.net/trip-data/fhvhv_tripdata_2019-01.parquet > /opt/***/raw_data/fhvhvtaxi_tripdata_2019-01.parquet']
[2025-01-01 04:19:43,199] {subprocess.py:85} INFO - Output:
[2025-01-01 04:19:44,229] {subprocess.py:93} INFO - Command exited with return code 0
[2025-01-01 04:19:44,276] {taskinstance.py:1277} INFO - Marking task as SUCCESS. dag_id=ingest_data_bigquery_fhvhv, task_id=download_dataset_task, execution_date=20190102T060000, start_date=20250101T041942, end_date=20250101T041944
[2025-01-01 04:19:44,324] {local_task_job.py:154} INFO - Task exited with return code 0
[2025-01-01 04:19:44,387] {local_task_job.py:264} INFO - 1 downstream tasks scheduled from follow-on schedule check
[2025-01-01 09:31:02,196] {taskinstance.py:1032} INFO - Dependencies all met for <TaskInstance: ingest_data_bigquery_fhvhv.download_dataset_task scheduled__2019-01-02T06:00:00+00:00 [queued]>
[2025-01-01 09:31:02,211] {taskinstance.py:1032} INFO - Dependencies all met for <TaskInstance: ingest_data_bigquery_fhvhv.download_dataset_task scheduled__2019-01-02T06:00:00+00:00 [queued]>
[2025-01-01 09:31:02,211] {taskinstance.py:1238} INFO - 
--------------------------------------------------------------------------------
[2025-01-01 09:31:02,211] {taskinstance.py:1239} INFO - Starting attempt 1 of 3
[2025-01-01 09:31:02,211] {taskinstance.py:1240} INFO - 
--------------------------------------------------------------------------------
[2025-01-01 09:31:02,224] {taskinstance.py:1259} INFO - Executing <Task(BashOperator): download_dataset_task> on 2019-01-02 06:00:00+00:00
[2025-01-01 09:31:02,233] {standard_task_runner.py:52} INFO - Started process 804 to run task
[2025-01-01 09:31:02,240] {standard_task_runner.py:76} INFO - Running: ['***', 'tasks', 'run', 'ingest_data_bigquery_fhvhv', 'download_dataset_task', 'scheduled__2019-01-02T06:00:00+00:00', '--job-id', '6260', '--raw', '--subdir', 'DAGS_FOLDER/data_ingestion_gcs_fhvhv_dag.py', '--cfg-path', '/tmp/tmpafobmly5', '--error-file', '/tmp/tmpmszp7yio']
[2025-01-01 09:31:02,247] {standard_task_runner.py:77} INFO - Job 6260: Subtask download_dataset_task
[2025-01-01 09:31:02,327] {logging_mixin.py:109} INFO - Running <TaskInstance: ingest_data_bigquery_fhvhv.download_dataset_task scheduled__2019-01-02T06:00:00+00:00 [running]> on host b9549a156c09
[2025-01-01 09:31:02,385] {warnings.py:99} WARNING - /home/***/.local/lib/python3.6/site-packages/***/utils/context.py:152: AirflowContextDeprecationWarning: Accessing 'execution_date' from the template is deprecated and will be removed in a future version. Please use 'data_interval_start' or 'logical_date' instead.
  warnings.warn(_create_deprecation_warning(key, self._deprecation_replacements[key]))

[2025-01-01 09:31:02,431] {taskinstance.py:1426} INFO - Exporting the following env vars:
AIRFLOW_CTX_DAG_OWNER=***
AIRFLOW_CTX_DAG_ID=ingest_data_bigquery_fhvhv
AIRFLOW_CTX_TASK_ID=download_dataset_task
AIRFLOW_CTX_EXECUTION_DATE=2019-01-02T06:00:00+00:00
AIRFLOW_CTX_DAG_RUN_ID=scheduled__2019-01-02T06:00:00+00:00
[2025-01-01 09:31:02,433] {subprocess.py:62} INFO - Tmp dir root location: 
 /tmp
[2025-01-01 09:31:02,434] {subprocess.py:74} INFO - Running command: ['bash', '-c', 'curl -sSL https://d37ci6vzurychx.cloudfront.net/trip-data/fhvhv_tripdata_2019-01.parquet > /opt/***/raw_data/fhvhvtaxi_tripdata_2019-01.parquet']
[2025-01-01 09:31:02,454] {subprocess.py:85} INFO - Output:
[2025-01-01 09:31:03,525] {subprocess.py:93} INFO - Command exited with return code 0
[2025-01-01 09:31:03,568] {taskinstance.py:1277} INFO - Marking task as SUCCESS. dag_id=ingest_data_bigquery_fhvhv, task_id=download_dataset_task, execution_date=20190102T060000, start_date=20250101T093102, end_date=20250101T093103
[2025-01-01 09:31:03,627] {local_task_job.py:154} INFO - Task exited with return code 0
[2025-01-01 09:31:03,677] {local_task_job.py:264} INFO - 1 downstream tasks scheduled from follow-on schedule check
