[2024-05-12 12:41:35,956] {taskinstance.py:1032} INFO - Dependencies all met for <TaskInstance: ingest_data_bigquery_gt.download_dataset_task scheduled__2019-08-02T06:00:00+00:00 [queued]>
[2024-05-12 12:41:36,072] {taskinstance.py:1032} INFO - Dependencies all met for <TaskInstance: ingest_data_bigquery_gt.download_dataset_task scheduled__2019-08-02T06:00:00+00:00 [queued]>
[2024-05-12 12:41:36,072] {taskinstance.py:1238} INFO - 
--------------------------------------------------------------------------------
[2024-05-12 12:41:36,072] {taskinstance.py:1239} INFO - Starting attempt 1 of 3
[2024-05-12 12:41:36,072] {taskinstance.py:1240} INFO - 
--------------------------------------------------------------------------------
[2024-05-12 12:41:36,132] {taskinstance.py:1259} INFO - Executing <Task(BashOperator): download_dataset_task> on 2019-08-02 06:00:00+00:00
[2024-05-12 12:41:36,164] {standard_task_runner.py:52} INFO - Started process 563 to run task
[2024-05-12 12:41:36,209] {standard_task_runner.py:76} INFO - Running: ['***', 'tasks', 'run', 'ingest_data_bigquery_gt', 'download_dataset_task', 'scheduled__2019-08-02T06:00:00+00:00', '--job-id', '4823', '--raw', '--subdir', 'DAGS_FOLDER/data_ingestion_gcs_gt_dag .py', '--cfg-path', '/tmp/tmp7547r3vb', '--error-file', '/tmp/tmp53rck2mp']
[2024-05-12 12:41:36,225] {standard_task_runner.py:77} INFO - Job 4823: Subtask download_dataset_task
[2024-05-12 12:41:36,550] {logging_mixin.py:109} INFO - Running <TaskInstance: ingest_data_bigquery_gt.download_dataset_task scheduled__2019-08-02T06:00:00+00:00 [running]> on host 31858b145400
[2024-05-12 12:41:36,699] {warnings.py:99} WARNING - /home/***/.local/lib/python3.6/site-packages/***/utils/context.py:152: AirflowContextDeprecationWarning: Accessing 'execution_date' from the template is deprecated and will be removed in a future version. Please use 'data_interval_start' or 'logical_date' instead.
  warnings.warn(_create_deprecation_warning(key, self._deprecation_replacements[key]))

[2024-05-12 12:41:36,808] {taskinstance.py:1426} INFO - Exporting the following env vars:
AIRFLOW_CTX_DAG_OWNER=***
AIRFLOW_CTX_DAG_ID=ingest_data_bigquery_gt
AIRFLOW_CTX_TASK_ID=download_dataset_task
AIRFLOW_CTX_EXECUTION_DATE=2019-08-02T06:00:00+00:00
AIRFLOW_CTX_DAG_RUN_ID=scheduled__2019-08-02T06:00:00+00:00
[2024-05-12 12:41:36,810] {subprocess.py:62} INFO - Tmp dir root location: 
 /tmp
[2024-05-12 12:41:36,811] {subprocess.py:74} INFO - Running command: ['bash', '-c', 'curl -sSL https://github.com/DataTalksClub/nyc-tlc-data/releases/download/green/green_tripdata_2019-08.csv.gz > /opt/***/raw_data/greentaxi_tripdata_2019-08.csv.gz && gunzip /opt/***/raw_data/greentaxi_tripdata_2019-08.csv.gz']
[2024-05-12 12:41:36,913] {subprocess.py:85} INFO - Output:
[2024-05-12 12:41:40,199] {subprocess.py:93} INFO - Command exited with return code 0
[2024-05-12 12:41:40,266] {taskinstance.py:1277} INFO - Marking task as SUCCESS. dag_id=ingest_data_bigquery_gt, task_id=download_dataset_task, execution_date=20190802T060000, start_date=20240512T124135, end_date=20240512T124140
[2024-05-12 12:41:40,344] {local_task_job.py:154} INFO - Task exited with return code 0
[2024-05-12 12:41:40,440] {local_task_job.py:264} INFO - 1 downstream tasks scheduled from follow-on schedule check
[2024-05-18 11:09:21,369] {taskinstance.py:1032} INFO - Dependencies all met for <TaskInstance: ingest_data_bigquery_gt.download_dataset_task scheduled__2019-08-02T06:00:00+00:00 [queued]>
[2024-05-18 11:09:21,536] {taskinstance.py:1032} INFO - Dependencies all met for <TaskInstance: ingest_data_bigquery_gt.download_dataset_task scheduled__2019-08-02T06:00:00+00:00 [queued]>
[2024-05-18 11:09:21,537] {taskinstance.py:1238} INFO - 
--------------------------------------------------------------------------------
[2024-05-18 11:09:21,537] {taskinstance.py:1239} INFO - Starting attempt 1 of 3
[2024-05-18 11:09:21,537] {taskinstance.py:1240} INFO - 
--------------------------------------------------------------------------------
[2024-05-18 11:09:21,718] {taskinstance.py:1259} INFO - Executing <Task(BashOperator): download_dataset_task> on 2019-08-02 06:00:00+00:00
[2024-05-18 11:09:21,818] {standard_task_runner.py:76} INFO - Running: ['***', 'tasks', 'run', 'ingest_data_bigquery_gt', 'download_dataset_task', 'scheduled__2019-08-02T06:00:00+00:00', '--job-id', '4920', '--raw', '--subdir', 'DAGS_FOLDER/data_ingestion_gcs_gt_dag .py', '--cfg-path', '/tmp/tmprlkd7z34', '--error-file', '/tmp/tmp92hbzfqo']
[2024-05-18 11:09:21,872] {standard_task_runner.py:77} INFO - Job 4920: Subtask download_dataset_task
[2024-05-18 11:09:21,856] {standard_task_runner.py:52} INFO - Started process 1114 to run task
[2024-05-18 11:09:22,224] {logging_mixin.py:109} INFO - Running <TaskInstance: ingest_data_bigquery_gt.download_dataset_task scheduled__2019-08-02T06:00:00+00:00 [running]> on host 45b18388e83d
[2024-05-18 11:09:22,328] {warnings.py:99} WARNING - /home/***/.local/lib/python3.6/site-packages/***/utils/context.py:152: AirflowContextDeprecationWarning: Accessing 'execution_date' from the template is deprecated and will be removed in a future version. Please use 'data_interval_start' or 'logical_date' instead.
  warnings.warn(_create_deprecation_warning(key, self._deprecation_replacements[key]))

[2024-05-18 11:09:22,383] {taskinstance.py:1426} INFO - Exporting the following env vars:
AIRFLOW_CTX_DAG_OWNER=***
AIRFLOW_CTX_DAG_ID=ingest_data_bigquery_gt
AIRFLOW_CTX_TASK_ID=download_dataset_task
AIRFLOW_CTX_EXECUTION_DATE=2019-08-02T06:00:00+00:00
AIRFLOW_CTX_DAG_RUN_ID=scheduled__2019-08-02T06:00:00+00:00
[2024-05-18 11:09:22,384] {subprocess.py:62} INFO - Tmp dir root location: 
 /tmp
[2024-05-18 11:09:22,385] {subprocess.py:74} INFO - Running command: ['bash', '-c', 'curl -sSL https://github.com/DataTalksClub/nyc-tlc-data/releases/download/green/green_tripdata_2019-08.csv.gz > /opt/***/raw_data/greentaxi_tripdata_2019-08.csv.gz && gunzip /opt/***/raw_data/greentaxi_tripdata_2019-08.csv.gz']
[2024-05-18 11:09:22,527] {subprocess.py:85} INFO - Output:
[2024-05-18 11:09:27,035] {subprocess.py:93} INFO - Command exited with return code 0
[2024-05-18 11:09:27,144] {taskinstance.py:1277} INFO - Marking task as SUCCESS. dag_id=ingest_data_bigquery_gt, task_id=download_dataset_task, execution_date=20190802T060000, start_date=20240518T110921, end_date=20240518T110927
[2024-05-18 11:09:27,486] {local_task_job.py:154} INFO - Task exited with return code 0
[2024-05-18 11:09:27,886] {local_task_job.py:264} INFO - 1 downstream tasks scheduled from follow-on schedule check
