[2024-03-28 04:42:48,872] {taskinstance.py:1032} INFO - Dependencies all met for <TaskInstance: ingest_data.download_dataset_task scheduled__2022-07-02T06:00:00+00:00 [queued]>
[2024-03-28 04:42:48,985] {taskinstance.py:1032} INFO - Dependencies all met for <TaskInstance: ingest_data.download_dataset_task scheduled__2022-07-02T06:00:00+00:00 [queued]>
[2024-03-28 04:42:48,996] {taskinstance.py:1238} INFO - 
--------------------------------------------------------------------------------
[2024-03-28 04:42:49,001] {taskinstance.py:1239} INFO - Starting attempt 2 of 2
[2024-03-28 04:42:49,006] {taskinstance.py:1240} INFO - 
--------------------------------------------------------------------------------
[2024-03-28 04:42:49,144] {taskinstance.py:1259} INFO - Executing <Task(BashOperator): download_dataset_task> on 2022-07-02 06:00:00+00:00
[2024-03-28 04:42:49,217] {standard_task_runner.py:52} INFO - Started process 3032 to run task
[2024-03-28 04:42:49,301] {standard_task_runner.py:76} INFO - Running: ['***', 'tasks', 'run', 'ingest_data', 'download_dataset_task', 'scheduled__2022-07-02T06:00:00+00:00', '--job-id', '941', '--raw', '--subdir', 'DAGS_FOLDER/data_ingestion_dag.py', '--cfg-path', '/tmp/tmpcq9z2uqb', '--error-file', '/tmp/tmpf0e1w0wf']
[2024-03-28 04:42:49,302] {standard_task_runner.py:77} INFO - Job 941: Subtask download_dataset_task
[2024-03-28 04:42:49,980] {logging_mixin.py:109} INFO - Running <TaskInstance: ingest_data.download_dataset_task scheduled__2022-07-02T06:00:00+00:00 [running]> on host 05f84def3a12
[2024-03-28 04:42:51,179] {warnings.py:99} WARNING - /home/***/.local/lib/python3.6/site-packages/***/utils/context.py:152: AirflowContextDeprecationWarning: Accessing 'execution_date' from the template is deprecated and will be removed in a future version. Please use 'data_interval_start' or 'logical_date' instead.
  warnings.warn(_create_deprecation_warning(key, self._deprecation_replacements[key]))

[2024-03-28 04:42:51,932] {taskinstance.py:1426} INFO - Exporting the following env vars:
AIRFLOW_CTX_DAG_OWNER=***
AIRFLOW_CTX_DAG_ID=ingest_data
AIRFLOW_CTX_TASK_ID=download_dataset_task
AIRFLOW_CTX_EXECUTION_DATE=2022-07-02T06:00:00+00:00
AIRFLOW_CTX_DAG_RUN_ID=scheduled__2022-07-02T06:00:00+00:00
[2024-03-28 04:42:51,978] {subprocess.py:62} INFO - Tmp dir root location: 
 /tmp
[2024-03-28 04:42:52,011] {subprocess.py:74} INFO - Running command: ['bash', '-c', 'curl -sSL https://d37ci6vzurychx.cloudfront.net/trip-data/yellow_tripdata_2022-07.parquet > /opt/***/yellowtaxi_tripdata_2022-07.parquet']
[2024-03-28 04:42:52,322] {subprocess.py:85} INFO - Output:
[2024-03-28 04:42:58,354] {subprocess.py:93} INFO - Command exited with return code 0
[2024-03-28 04:42:58,537] {taskinstance.py:1277} INFO - Marking task as SUCCESS. dag_id=ingest_data, task_id=download_dataset_task, execution_date=20220702T060000, start_date=20240328T044248, end_date=20240328T044258
[2024-03-28 04:42:58,703] {local_task_job.py:154} INFO - Task exited with return code 0
[2024-03-28 04:42:58,965] {local_task_job.py:264} INFO - 1 downstream tasks scheduled from follow-on schedule check
