[2024-05-12 12:42:29,059] {taskinstance.py:1032} INFO - Dependencies all met for <TaskInstance: ingest_data_bigquery_gt.download_dataset_task scheduled__2021-03-02T06:00:00+00:00 [queued]>
[2024-05-12 12:42:29,119] {taskinstance.py:1032} INFO - Dependencies all met for <TaskInstance: ingest_data_bigquery_gt.download_dataset_task scheduled__2021-03-02T06:00:00+00:00 [queued]>
[2024-05-12 12:42:29,120] {taskinstance.py:1238} INFO - 
--------------------------------------------------------------------------------
[2024-05-12 12:42:29,120] {taskinstance.py:1239} INFO - Starting attempt 1 of 3
[2024-05-12 12:42:29,120] {taskinstance.py:1240} INFO - 
--------------------------------------------------------------------------------
[2024-05-12 12:42:29,165] {taskinstance.py:1259} INFO - Executing <Task(BashOperator): download_dataset_task> on 2021-03-02 06:00:00+00:00
[2024-05-12 12:42:29,179] {standard_task_runner.py:52} INFO - Started process 878 to run task
[2024-05-12 12:42:29,215] {standard_task_runner.py:76} INFO - Running: ['***', 'tasks', 'run', 'ingest_data_bigquery_gt', 'download_dataset_task', 'scheduled__2021-03-02T06:00:00+00:00', '--job-id', '4873', '--raw', '--subdir', 'DAGS_FOLDER/data_ingestion_gcs_gt_dag .py', '--cfg-path', '/tmp/tmpj1pbpsdt', '--error-file', '/tmp/tmppb1qk3ei']
[2024-05-12 12:42:29,219] {standard_task_runner.py:77} INFO - Job 4873: Subtask download_dataset_task
[2024-05-12 12:42:29,367] {logging_mixin.py:109} INFO - Running <TaskInstance: ingest_data_bigquery_gt.download_dataset_task scheduled__2021-03-02T06:00:00+00:00 [running]> on host 31858b145400
[2024-05-12 12:42:29,485] {warnings.py:99} WARNING - /home/***/.local/lib/python3.6/site-packages/***/utils/context.py:152: AirflowContextDeprecationWarning: Accessing 'execution_date' from the template is deprecated and will be removed in a future version. Please use 'data_interval_start' or 'logical_date' instead.
  warnings.warn(_create_deprecation_warning(key, self._deprecation_replacements[key]))

[2024-05-12 12:42:29,677] {taskinstance.py:1426} INFO - Exporting the following env vars:
AIRFLOW_CTX_DAG_OWNER=***
AIRFLOW_CTX_DAG_ID=ingest_data_bigquery_gt
AIRFLOW_CTX_TASK_ID=download_dataset_task
AIRFLOW_CTX_EXECUTION_DATE=2021-03-02T06:00:00+00:00
AIRFLOW_CTX_DAG_RUN_ID=scheduled__2021-03-02T06:00:00+00:00
[2024-05-12 12:42:29,679] {subprocess.py:62} INFO - Tmp dir root location: 
 /tmp
[2024-05-12 12:42:29,687] {subprocess.py:74} INFO - Running command: ['bash', '-c', 'curl -sSL https://github.com/DataTalksClub/nyc-tlc-data/releases/download/green/green_tripdata_2021-03.csv.gz > /opt/***/raw_data/greentaxi_tripdata_2021-03.csv.gz && gunzip /opt/***/raw_data/greentaxi_tripdata_2021-03.csv.gz']
[2024-05-12 12:42:29,814] {subprocess.py:85} INFO - Output:
[2024-05-12 12:42:33,079] {subprocess.py:93} INFO - Command exited with return code 0
[2024-05-12 12:42:33,177] {taskinstance.py:1277} INFO - Marking task as SUCCESS. dag_id=ingest_data_bigquery_gt, task_id=download_dataset_task, execution_date=20210302T060000, start_date=20240512T124229, end_date=20240512T124233
[2024-05-12 12:42:33,275] {local_task_job.py:154} INFO - Task exited with return code 0
[2024-05-12 12:42:33,394] {local_task_job.py:264} INFO - 1 downstream tasks scheduled from follow-on schedule check
[2024-05-18 11:10:14,577] {taskinstance.py:1032} INFO - Dependencies all met for <TaskInstance: ingest_data_bigquery_gt.download_dataset_task scheduled__2021-03-02T06:00:00+00:00 [queued]>
[2024-05-18 11:10:14,634] {taskinstance.py:1032} INFO - Dependencies all met for <TaskInstance: ingest_data_bigquery_gt.download_dataset_task scheduled__2021-03-02T06:00:00+00:00 [queued]>
[2024-05-18 11:10:14,634] {taskinstance.py:1238} INFO - 
--------------------------------------------------------------------------------
[2024-05-18 11:10:14,635] {taskinstance.py:1239} INFO - Starting attempt 1 of 3
[2024-05-18 11:10:14,635] {taskinstance.py:1240} INFO - 
--------------------------------------------------------------------------------
[2024-05-18 11:10:14,661] {taskinstance.py:1259} INFO - Executing <Task(BashOperator): download_dataset_task> on 2021-03-02 06:00:00+00:00
[2024-05-18 11:10:14,700] {standard_task_runner.py:52} INFO - Started process 1418 to run task
[2024-05-18 11:10:14,724] {standard_task_runner.py:76} INFO - Running: ['***', 'tasks', 'run', 'ingest_data_bigquery_gt', 'download_dataset_task', 'scheduled__2021-03-02T06:00:00+00:00', '--job-id', '4968', '--raw', '--subdir', 'DAGS_FOLDER/data_ingestion_gcs_gt_dag .py', '--cfg-path', '/tmp/tmp1a4_7n63', '--error-file', '/tmp/tmp29utsgls']
[2024-05-18 11:10:14,752] {standard_task_runner.py:77} INFO - Job 4968: Subtask download_dataset_task
[2024-05-18 11:10:14,957] {logging_mixin.py:109} INFO - Running <TaskInstance: ingest_data_bigquery_gt.download_dataset_task scheduled__2021-03-02T06:00:00+00:00 [running]> on host 45b18388e83d
[2024-05-18 11:10:15,161] {warnings.py:99} WARNING - /home/***/.local/lib/python3.6/site-packages/***/utils/context.py:152: AirflowContextDeprecationWarning: Accessing 'execution_date' from the template is deprecated and will be removed in a future version. Please use 'data_interval_start' or 'logical_date' instead.
  warnings.warn(_create_deprecation_warning(key, self._deprecation_replacements[key]))

[2024-05-18 11:10:15,340] {taskinstance.py:1426} INFO - Exporting the following env vars:
AIRFLOW_CTX_DAG_OWNER=***
AIRFLOW_CTX_DAG_ID=ingest_data_bigquery_gt
AIRFLOW_CTX_TASK_ID=download_dataset_task
AIRFLOW_CTX_EXECUTION_DATE=2021-03-02T06:00:00+00:00
AIRFLOW_CTX_DAG_RUN_ID=scheduled__2021-03-02T06:00:00+00:00
[2024-05-18 11:10:15,341] {subprocess.py:62} INFO - Tmp dir root location: 
 /tmp
[2024-05-18 11:10:15,342] {subprocess.py:74} INFO - Running command: ['bash', '-c', 'curl -sSL https://github.com/DataTalksClub/nyc-tlc-data/releases/download/green/green_tripdata_2021-03.csv.gz > /opt/***/raw_data/greentaxi_tripdata_2021-03.csv.gz && gunzip /opt/***/raw_data/greentaxi_tripdata_2021-03.csv.gz']
[2024-05-18 11:10:15,415] {subprocess.py:85} INFO - Output:
[2024-05-18 11:10:17,687] {subprocess.py:93} INFO - Command exited with return code 0
[2024-05-18 11:10:17,882] {taskinstance.py:1277} INFO - Marking task as SUCCESS. dag_id=ingest_data_bigquery_gt, task_id=download_dataset_task, execution_date=20210302T060000, start_date=20240518T111014, end_date=20240518T111017
[2024-05-18 11:10:18,014] {local_task_job.py:154} INFO - Task exited with return code 0
[2024-05-18 11:10:18,408] {local_task_job.py:264} INFO - 0 downstream tasks scheduled from follow-on schedule check
