[2024-03-29 07:24:43,745] {taskinstance.py:1032} INFO - Dependencies all met for <TaskInstance: ingest_data_bigquery.local_to_gcs_task scheduled__2021-09-02T06:00:00+00:00 [queued]>
[2024-03-29 07:24:43,816] {taskinstance.py:1032} INFO - Dependencies all met for <TaskInstance: ingest_data_bigquery.local_to_gcs_task scheduled__2021-09-02T06:00:00+00:00 [queued]>
[2024-03-29 07:24:43,816] {taskinstance.py:1238} INFO - 
--------------------------------------------------------------------------------
[2024-03-29 07:24:43,816] {taskinstance.py:1239} INFO - Starting attempt 1 of 4
[2024-03-29 07:24:43,817] {taskinstance.py:1240} INFO - 
--------------------------------------------------------------------------------
[2024-03-29 07:24:43,838] {taskinstance.py:1259} INFO - Executing <Task(PythonOperator): local_to_gcs_task> on 2021-09-02 06:00:00+00:00
[2024-03-29 07:24:43,846] {standard_task_runner.py:52} INFO - Started process 589 to run task
[2024-03-29 07:24:43,863] {standard_task_runner.py:76} INFO - Running: ['***', 'tasks', 'run', 'ingest_data_bigquery', 'local_to_gcs_task', 'scheduled__2021-09-02T06:00:00+00:00', '--job-id', '1461', '--raw', '--subdir', 'DAGS_FOLDER/data_ingestion_gcs_dag.py', '--cfg-path', '/tmp/tmp499dvm99', '--error-file', '/tmp/tmpkqv1ur0v']
[2024-03-29 07:24:43,869] {standard_task_runner.py:77} INFO - Job 1461: Subtask local_to_gcs_task
[2024-03-29 07:24:44,184] {logging_mixin.py:109} INFO - Running <TaskInstance: ingest_data_bigquery.local_to_gcs_task scheduled__2021-09-02T06:00:00+00:00 [running]> on host b8c510ab3cfc
[2024-03-29 07:24:44,406] {warnings.py:99} WARNING - /home/***/.local/lib/python3.6/site-packages/***/utils/context.py:152: AirflowContextDeprecationWarning: Accessing 'execution_date' from the template is deprecated and will be removed in a future version. Please use 'data_interval_start' or 'logical_date' instead.
  warnings.warn(_create_deprecation_warning(key, self._deprecation_replacements[key]))

[2024-03-29 07:24:44,549] {taskinstance.py:1426} INFO - Exporting the following env vars:
AIRFLOW_CTX_DAG_OWNER=***
AIRFLOW_CTX_DAG_ID=ingest_data_bigquery
AIRFLOW_CTX_TASK_ID=local_to_gcs_task
AIRFLOW_CTX_EXECUTION_DATE=2021-09-02T06:00:00+00:00
AIRFLOW_CTX_DAG_RUN_ID=scheduled__2021-09-02T06:00:00+00:00
[2024-03-29 07:24:45,849] {logging_mixin.py:109} INFO - File /opt/***/yellowtaxi_tripdata_2021-09.parquet uploaded to yellowtaxi_tripdata/2021-09.parquet.
[2024-03-29 07:24:45,849] {python.py:175} INFO - Done. Returned value was: None
[2024-03-29 07:24:46,150] {taskinstance.py:1277} INFO - Marking task as SUCCESS. dag_id=ingest_data_bigquery, task_id=local_to_gcs_task, execution_date=20210902T060000, start_date=20240329T072443, end_date=20240329T072446
[2024-03-29 07:24:46,502] {local_task_job.py:154} INFO - Task exited with return code 0
[2024-03-29 07:24:46,908] {local_task_job.py:264} INFO - 1 downstream tasks scheduled from follow-on schedule check
[2024-03-29 07:31:03,359] {taskinstance.py:1032} INFO - Dependencies all met for <TaskInstance: ingest_data_bigquery.local_to_gcs_task scheduled__2021-09-02T06:00:00+00:00 [queued]>
[2024-03-29 07:31:03,399] {taskinstance.py:1032} INFO - Dependencies all met for <TaskInstance: ingest_data_bigquery.local_to_gcs_task scheduled__2021-09-02T06:00:00+00:00 [queued]>
[2024-03-29 07:31:03,404] {taskinstance.py:1238} INFO - 
--------------------------------------------------------------------------------
[2024-03-29 07:31:03,405] {taskinstance.py:1239} INFO - Starting attempt 1 of 4
[2024-03-29 07:31:03,406] {taskinstance.py:1240} INFO - 
--------------------------------------------------------------------------------
[2024-03-29 07:31:03,434] {taskinstance.py:1259} INFO - Executing <Task(PythonOperator): local_to_gcs_task> on 2021-09-02 06:00:00+00:00
[2024-03-29 07:31:03,460] {standard_task_runner.py:52} INFO - Started process 1097 to run task
[2024-03-29 07:31:03,514] {standard_task_runner.py:76} INFO - Running: ['***', 'tasks', 'run', 'ingest_data_bigquery', 'local_to_gcs_task', 'scheduled__2021-09-02T06:00:00+00:00', '--job-id', '1526', '--raw', '--subdir', 'DAGS_FOLDER/data_ingestion_gcs_dag.py', '--cfg-path', '/tmp/tmpwf4m1vdv', '--error-file', '/tmp/tmpc0y1j8zk']
[2024-03-29 07:31:03,535] {standard_task_runner.py:77} INFO - Job 1526: Subtask local_to_gcs_task
[2024-03-29 07:31:03,905] {logging_mixin.py:109} INFO - Running <TaskInstance: ingest_data_bigquery.local_to_gcs_task scheduled__2021-09-02T06:00:00+00:00 [running]> on host b8c510ab3cfc
[2024-03-29 07:31:04,094] {warnings.py:99} WARNING - /home/***/.local/lib/python3.6/site-packages/***/utils/context.py:152: AirflowContextDeprecationWarning: Accessing 'execution_date' from the template is deprecated and will be removed in a future version. Please use 'data_interval_start' or 'logical_date' instead.
  warnings.warn(_create_deprecation_warning(key, self._deprecation_replacements[key]))

[2024-03-29 07:31:04,235] {taskinstance.py:1426} INFO - Exporting the following env vars:
AIRFLOW_CTX_DAG_OWNER=***
AIRFLOW_CTX_DAG_ID=ingest_data_bigquery
AIRFLOW_CTX_TASK_ID=local_to_gcs_task
AIRFLOW_CTX_EXECUTION_DATE=2021-09-02T06:00:00+00:00
AIRFLOW_CTX_DAG_RUN_ID=scheduled__2021-09-02T06:00:00+00:00
[2024-03-29 07:31:05,417] {logging_mixin.py:109} INFO - File /opt/***/yellowtaxi_tripdata_2021-09.parquet uploaded to yellowtaxi_tripdata/2021-09.parquet.
[2024-03-29 07:31:05,418] {python.py:175} INFO - Done. Returned value was: None
[2024-03-29 07:31:05,447] {taskinstance.py:1277} INFO - Marking task as SUCCESS. dag_id=ingest_data_bigquery, task_id=local_to_gcs_task, execution_date=20210902T060000, start_date=20240329T073103, end_date=20240329T073105
[2024-03-29 07:31:05,626] {local_task_job.py:154} INFO - Task exited with return code 0
[2024-03-29 07:31:05,791] {local_task_job.py:264} INFO - 1 downstream tasks scheduled from follow-on schedule check
[2024-03-29 07:37:49,415] {taskinstance.py:1032} INFO - Dependencies all met for <TaskInstance: ingest_data_bigquery.local_to_gcs_task scheduled__2021-09-02T06:00:00+00:00 [queued]>
[2024-03-29 07:37:49,490] {taskinstance.py:1032} INFO - Dependencies all met for <TaskInstance: ingest_data_bigquery.local_to_gcs_task scheduled__2021-09-02T06:00:00+00:00 [queued]>
[2024-03-29 07:37:49,495] {taskinstance.py:1238} INFO - 
--------------------------------------------------------------------------------
[2024-03-29 07:37:49,498] {taskinstance.py:1239} INFO - Starting attempt 1 of 4
[2024-03-29 07:37:49,499] {taskinstance.py:1240} INFO - 
--------------------------------------------------------------------------------
[2024-03-29 07:37:49,593] {taskinstance.py:1259} INFO - Executing <Task(PythonOperator): local_to_gcs_task> on 2021-09-02 06:00:00+00:00
[2024-03-29 07:37:49,634] {standard_task_runner.py:76} INFO - Running: ['***', 'tasks', 'run', 'ingest_data_bigquery', 'local_to_gcs_task', 'scheduled__2021-09-02T06:00:00+00:00', '--job-id', '1588', '--raw', '--subdir', 'DAGS_FOLDER/data_ingestion_gcs_dag.py', '--cfg-path', '/tmp/tmpv40u92tw', '--error-file', '/tmp/tmpzeeafeb6']
[2024-03-29 07:37:49,622] {standard_task_runner.py:52} INFO - Started process 1628 to run task
[2024-03-29 07:37:49,684] {standard_task_runner.py:77} INFO - Job 1588: Subtask local_to_gcs_task
[2024-03-29 07:37:49,924] {logging_mixin.py:109} INFO - Running <TaskInstance: ingest_data_bigquery.local_to_gcs_task scheduled__2021-09-02T06:00:00+00:00 [running]> on host b8c510ab3cfc
[2024-03-29 07:37:50,028] {warnings.py:99} WARNING - /home/***/.local/lib/python3.6/site-packages/***/utils/context.py:152: AirflowContextDeprecationWarning: Accessing 'execution_date' from the template is deprecated and will be removed in a future version. Please use 'data_interval_start' or 'logical_date' instead.
  warnings.warn(_create_deprecation_warning(key, self._deprecation_replacements[key]))

[2024-03-29 07:37:50,109] {taskinstance.py:1426} INFO - Exporting the following env vars:
AIRFLOW_CTX_DAG_OWNER=***
AIRFLOW_CTX_DAG_ID=ingest_data_bigquery
AIRFLOW_CTX_TASK_ID=local_to_gcs_task
AIRFLOW_CTX_EXECUTION_DATE=2021-09-02T06:00:00+00:00
AIRFLOW_CTX_DAG_RUN_ID=scheduled__2021-09-02T06:00:00+00:00
[2024-03-29 07:37:51,181] {logging_mixin.py:109} INFO - File /opt/***/yellowtaxi_tripdata_2021-09.parquet uploaded to yellowtaxi_tripdata/2021-09.parquet.
[2024-03-29 07:37:51,181] {python.py:175} INFO - Done. Returned value was: None
[2024-03-29 07:37:51,219] {taskinstance.py:1277} INFO - Marking task as SUCCESS. dag_id=ingest_data_bigquery, task_id=local_to_gcs_task, execution_date=20210902T060000, start_date=20240329T073749, end_date=20240329T073751
[2024-03-29 07:37:51,354] {local_task_job.py:154} INFO - Task exited with return code 0
[2024-03-29 07:37:51,468] {local_task_job.py:264} INFO - 1 downstream tasks scheduled from follow-on schedule check
[2024-03-29 08:08:45,101] {taskinstance.py:1032} INFO - Dependencies all met for <TaskInstance: ingest_data_bigquery.local_to_gcs_task scheduled__2021-09-02T06:00:00+00:00 [queued]>
[2024-03-29 08:08:45,145] {taskinstance.py:1032} INFO - Dependencies all met for <TaskInstance: ingest_data_bigquery.local_to_gcs_task scheduled__2021-09-02T06:00:00+00:00 [queued]>
[2024-03-29 08:08:45,149] {taskinstance.py:1238} INFO - 
--------------------------------------------------------------------------------
[2024-03-29 08:08:45,151] {taskinstance.py:1239} INFO - Starting attempt 1 of 4
[2024-03-29 08:08:45,152] {taskinstance.py:1240} INFO - 
--------------------------------------------------------------------------------
[2024-03-29 08:08:45,555] {taskinstance.py:1259} INFO - Executing <Task(PythonOperator): local_to_gcs_task> on 2021-09-02 06:00:00+00:00
[2024-03-29 08:08:45,571] {standard_task_runner.py:52} INFO - Started process 298 to run task
[2024-03-29 08:08:45,592] {standard_task_runner.py:76} INFO - Running: ['***', 'tasks', 'run', 'ingest_data_bigquery', 'local_to_gcs_task', 'scheduled__2021-09-02T06:00:00+00:00', '--job-id', '1643', '--raw', '--subdir', 'DAGS_FOLDER/data_ingestion_gcs_dag.py', '--cfg-path', '/tmp/tmplbs2vney', '--error-file', '/tmp/tmpxkub69ts']
[2024-03-29 08:08:45,602] {standard_task_runner.py:77} INFO - Job 1643: Subtask local_to_gcs_task
[2024-03-29 08:08:46,000] {logging_mixin.py:109} INFO - Running <TaskInstance: ingest_data_bigquery.local_to_gcs_task scheduled__2021-09-02T06:00:00+00:00 [running]> on host b5e5a5778b83
[2024-03-29 08:08:46,656] {warnings.py:99} WARNING - /home/***/.local/lib/python3.6/site-packages/***/utils/context.py:152: AirflowContextDeprecationWarning: Accessing 'execution_date' from the template is deprecated and will be removed in a future version. Please use 'data_interval_start' or 'logical_date' instead.
  warnings.warn(_create_deprecation_warning(key, self._deprecation_replacements[key]))

[2024-03-29 08:08:47,275] {taskinstance.py:1426} INFO - Exporting the following env vars:
AIRFLOW_CTX_DAG_OWNER=***
AIRFLOW_CTX_DAG_ID=ingest_data_bigquery
AIRFLOW_CTX_TASK_ID=local_to_gcs_task
AIRFLOW_CTX_EXECUTION_DATE=2021-09-02T06:00:00+00:00
AIRFLOW_CTX_DAG_RUN_ID=scheduled__2021-09-02T06:00:00+00:00
[2024-03-29 08:08:48,274] {logging_mixin.py:109} INFO - File /opt/***/yellowtaxi_tripdata_2021-09.parquet uploaded to yellowtaxi_tripdata/{TABLE_NAME_TEMPLATE}.parquet.
[2024-03-29 08:08:48,274] {python.py:175} INFO - Done. Returned value was: None
[2024-03-29 08:08:48,339] {taskinstance.py:1277} INFO - Marking task as SUCCESS. dag_id=ingest_data_bigquery, task_id=local_to_gcs_task, execution_date=20210902T060000, start_date=20240329T080845, end_date=20240329T080848
[2024-03-29 08:08:48,514] {local_task_job.py:154} INFO - Task exited with return code 0
[2024-03-29 08:08:48,704] {local_task_job.py:264} INFO - 1 downstream tasks scheduled from follow-on schedule check
[2024-03-29 08:11:18,615] {taskinstance.py:1032} INFO - Dependencies all met for <TaskInstance: ingest_data_bigquery.local_to_gcs_task scheduled__2021-09-02T06:00:00+00:00 [queued]>
[2024-03-29 08:11:18,798] {taskinstance.py:1032} INFO - Dependencies all met for <TaskInstance: ingest_data_bigquery.local_to_gcs_task scheduled__2021-09-02T06:00:00+00:00 [queued]>
[2024-03-29 08:11:18,798] {taskinstance.py:1238} INFO - 
--------------------------------------------------------------------------------
[2024-03-29 08:11:18,798] {taskinstance.py:1239} INFO - Starting attempt 1 of 4
[2024-03-29 08:11:18,798] {taskinstance.py:1240} INFO - 
--------------------------------------------------------------------------------
[2024-03-29 08:11:18,859] {taskinstance.py:1259} INFO - Executing <Task(PythonOperator): local_to_gcs_task> on 2021-09-02 06:00:00+00:00
[2024-03-29 08:11:18,902] {standard_task_runner.py:52} INFO - Started process 598 to run task
[2024-03-29 08:11:18,948] {standard_task_runner.py:76} INFO - Running: ['***', 'tasks', 'run', 'ingest_data_bigquery', 'local_to_gcs_task', 'scheduled__2021-09-02T06:00:00+00:00', '--job-id', '1699', '--raw', '--subdir', 'DAGS_FOLDER/data_ingestion_gcs_dag.py', '--cfg-path', '/tmp/tmpzhq8bi98', '--error-file', '/tmp/tmpzyivf43t']
[2024-03-29 08:11:18,981] {standard_task_runner.py:77} INFO - Job 1699: Subtask local_to_gcs_task
[2024-03-29 08:11:19,440] {logging_mixin.py:109} INFO - Running <TaskInstance: ingest_data_bigquery.local_to_gcs_task scheduled__2021-09-02T06:00:00+00:00 [running]> on host b5e5a5778b83
[2024-03-29 08:11:19,626] {warnings.py:99} WARNING - /home/***/.local/lib/python3.6/site-packages/***/utils/context.py:152: AirflowContextDeprecationWarning: Accessing 'execution_date' from the template is deprecated and will be removed in a future version. Please use 'data_interval_start' or 'logical_date' instead.
  warnings.warn(_create_deprecation_warning(key, self._deprecation_replacements[key]))

[2024-03-29 08:11:19,769] {taskinstance.py:1426} INFO - Exporting the following env vars:
AIRFLOW_CTX_DAG_OWNER=***
AIRFLOW_CTX_DAG_ID=ingest_data_bigquery
AIRFLOW_CTX_TASK_ID=local_to_gcs_task
AIRFLOW_CTX_EXECUTION_DATE=2021-09-02T06:00:00+00:00
AIRFLOW_CTX_DAG_RUN_ID=scheduled__2021-09-02T06:00:00+00:00
[2024-03-29 08:11:20,988] {logging_mixin.py:109} INFO - File /opt/***/yellowtaxi_tripdata_2021-09.parquet uploaded to yellowtaxi_tripdata/yellow_taxi_2021_09.parquet.
[2024-03-29 08:11:20,991] {python.py:175} INFO - Done. Returned value was: None
[2024-03-29 08:11:21,039] {taskinstance.py:1277} INFO - Marking task as SUCCESS. dag_id=ingest_data_bigquery, task_id=local_to_gcs_task, execution_date=20210902T060000, start_date=20240329T081118, end_date=20240329T081121
[2024-03-29 08:11:21,269] {local_task_job.py:154} INFO - Task exited with return code 0
[2024-03-29 08:11:21,365] {local_task_job.py:264} INFO - 1 downstream tasks scheduled from follow-on schedule check
[2024-03-30 03:30:21,471] {taskinstance.py:1032} INFO - Dependencies all met for <TaskInstance: ingest_data_bigquery.local_to_gcs_task scheduled__2021-09-02T06:00:00+00:00 [queued]>
[2024-03-30 03:30:21,575] {taskinstance.py:1032} INFO - Dependencies all met for <TaskInstance: ingest_data_bigquery.local_to_gcs_task scheduled__2021-09-02T06:00:00+00:00 [queued]>
[2024-03-30 03:30:21,575] {taskinstance.py:1238} INFO - 
--------------------------------------------------------------------------------
[2024-03-30 03:30:21,575] {taskinstance.py:1239} INFO - Starting attempt 1 of 4
[2024-03-30 03:30:21,575] {taskinstance.py:1240} INFO - 
--------------------------------------------------------------------------------
[2024-03-30 03:30:21,751] {taskinstance.py:1259} INFO - Executing <Task(PythonOperator): local_to_gcs_task> on 2021-09-02 06:00:00+00:00
[2024-03-30 03:30:21,789] {standard_task_runner.py:52} INFO - Started process 542 to run task
[2024-03-30 03:30:21,877] {standard_task_runner.py:76} INFO - Running: ['***', 'tasks', 'run', 'ingest_data_bigquery', 'local_to_gcs_task', 'scheduled__2021-09-02T06:00:00+00:00', '--job-id', '1842', '--raw', '--subdir', 'DAGS_FOLDER/data_ingestion_gcs_dag.py', '--cfg-path', '/tmp/tmpg49xuz0i', '--error-file', '/tmp/tmppkf8t9jm']
[2024-03-30 03:30:21,955] {standard_task_runner.py:77} INFO - Job 1842: Subtask local_to_gcs_task
[2024-03-30 03:30:22,412] {logging_mixin.py:109} INFO - Running <TaskInstance: ingest_data_bigquery.local_to_gcs_task scheduled__2021-09-02T06:00:00+00:00 [running]> on host 98c5b3fde4c4
[2024-03-30 03:30:22,958] {warnings.py:99} WARNING - /home/***/.local/lib/python3.6/site-packages/***/utils/context.py:152: AirflowContextDeprecationWarning: Accessing 'execution_date' from the template is deprecated and will be removed in a future version. Please use 'data_interval_start' or 'logical_date' instead.
  warnings.warn(_create_deprecation_warning(key, self._deprecation_replacements[key]))

[2024-03-30 03:30:23,087] {taskinstance.py:1426} INFO - Exporting the following env vars:
AIRFLOW_CTX_DAG_OWNER=***
AIRFLOW_CTX_DAG_ID=ingest_data_bigquery
AIRFLOW_CTX_TASK_ID=local_to_gcs_task
AIRFLOW_CTX_EXECUTION_DATE=2021-09-02T06:00:00+00:00
AIRFLOW_CTX_DAG_RUN_ID=scheduled__2021-09-02T06:00:00+00:00
[2024-03-30 03:30:25,105] {logging_mixin.py:109} INFO - File /opt/***/yellowtaxi_tripdata_2021-09.parquet uploaded to yellowtaxi_tripdata/yellow_taxi_2021_09.parquet.
[2024-03-30 03:30:25,105] {python.py:175} INFO - Done. Returned value was: None
[2024-03-30 03:30:25,133] {taskinstance.py:1277} INFO - Marking task as SUCCESS. dag_id=ingest_data_bigquery, task_id=local_to_gcs_task, execution_date=20210902T060000, start_date=20240330T033021, end_date=20240330T033025
[2024-03-30 03:30:25,330] {local_task_job.py:154} INFO - Task exited with return code 0
[2024-03-30 03:30:25,492] {local_task_job.py:264} INFO - 1 downstream tasks scheduled from follow-on schedule check
[2024-03-30 03:42:11,635] {taskinstance.py:1032} INFO - Dependencies all met for <TaskInstance: ingest_data_bigquery.local_to_gcs_task scheduled__2021-09-02T06:00:00+00:00 [queued]>
[2024-03-30 03:42:11,679] {taskinstance.py:1032} INFO - Dependencies all met for <TaskInstance: ingest_data_bigquery.local_to_gcs_task scheduled__2021-09-02T06:00:00+00:00 [queued]>
[2024-03-30 03:42:11,679] {taskinstance.py:1238} INFO - 
--------------------------------------------------------------------------------
[2024-03-30 03:42:11,679] {taskinstance.py:1239} INFO - Starting attempt 1 of 4
[2024-03-30 03:42:11,679] {taskinstance.py:1240} INFO - 
--------------------------------------------------------------------------------
[2024-03-30 03:42:11,715] {taskinstance.py:1259} INFO - Executing <Task(PythonOperator): local_to_gcs_task> on 2021-09-02 06:00:00+00:00
[2024-03-30 03:42:11,755] {standard_task_runner.py:76} INFO - Running: ['***', 'tasks', 'run', 'ingest_data_bigquery', 'local_to_gcs_task', 'scheduled__2021-09-02T06:00:00+00:00', '--job-id', '1915', '--raw', '--subdir', 'DAGS_FOLDER/data_ingestion_gcs_dag.py', '--cfg-path', '/tmp/tmpnp2ui55y', '--error-file', '/tmp/tmpwc8bmh82']
[2024-03-30 03:42:11,773] {standard_task_runner.py:77} INFO - Job 1915: Subtask local_to_gcs_task
[2024-03-30 03:42:11,735] {standard_task_runner.py:52} INFO - Started process 1353 to run task
[2024-03-30 03:42:11,941] {logging_mixin.py:109} INFO - Running <TaskInstance: ingest_data_bigquery.local_to_gcs_task scheduled__2021-09-02T06:00:00+00:00 [running]> on host 98c5b3fde4c4
[2024-03-30 03:42:12,060] {warnings.py:99} WARNING - /home/***/.local/lib/python3.6/site-packages/***/utils/context.py:152: AirflowContextDeprecationWarning: Accessing 'execution_date' from the template is deprecated and will be removed in a future version. Please use 'data_interval_start' or 'logical_date' instead.
  warnings.warn(_create_deprecation_warning(key, self._deprecation_replacements[key]))

[2024-03-30 03:42:12,210] {taskinstance.py:1426} INFO - Exporting the following env vars:
AIRFLOW_CTX_DAG_OWNER=***
AIRFLOW_CTX_DAG_ID=ingest_data_bigquery
AIRFLOW_CTX_TASK_ID=local_to_gcs_task
AIRFLOW_CTX_EXECUTION_DATE=2021-09-02T06:00:00+00:00
AIRFLOW_CTX_DAG_RUN_ID=scheduled__2021-09-02T06:00:00+00:00
[2024-03-30 03:42:13,312] {logging_mixin.py:109} INFO - File /opt/***/yellowtaxi_tripdata_2021-09.parquet uploaded to yellowtaxi_tripdata/yellow_taxi_2021_09.parquet.
[2024-03-30 03:42:13,312] {python.py:175} INFO - Done. Returned value was: None
[2024-03-30 03:42:13,372] {taskinstance.py:1277} INFO - Marking task as SUCCESS. dag_id=ingest_data_bigquery, task_id=local_to_gcs_task, execution_date=20210902T060000, start_date=20240330T034211, end_date=20240330T034213
[2024-03-30 03:42:13,518] {local_task_job.py:154} INFO - Task exited with return code 0
[2024-03-30 03:42:13,867] {local_task_job.py:264} INFO - 0 downstream tasks scheduled from follow-on schedule check
[2024-03-30 04:18:30,271] {taskinstance.py:1032} INFO - Dependencies all met for <TaskInstance: ingest_data_bigquery.local_to_gcs_task scheduled__2021-09-02T06:00:00+00:00 [queued]>
[2024-03-30 04:18:30,316] {taskinstance.py:1032} INFO - Dependencies all met for <TaskInstance: ingest_data_bigquery.local_to_gcs_task scheduled__2021-09-02T06:00:00+00:00 [queued]>
[2024-03-30 04:18:30,316] {taskinstance.py:1238} INFO - 
--------------------------------------------------------------------------------
[2024-03-30 04:18:30,316] {taskinstance.py:1239} INFO - Starting attempt 1 of 4
[2024-03-30 04:18:30,317] {taskinstance.py:1240} INFO - 
--------------------------------------------------------------------------------
[2024-03-30 04:18:30,449] {taskinstance.py:1259} INFO - Executing <Task(PythonOperator): local_to_gcs_task> on 2021-09-02 06:00:00+00:00
[2024-03-30 04:18:30,845] {standard_task_runner.py:76} INFO - Running: ['***', 'tasks', 'run', 'ingest_data_bigquery', 'local_to_gcs_task', 'scheduled__2021-09-02T06:00:00+00:00', '--job-id', '2104', '--raw', '--subdir', 'DAGS_FOLDER/data_ingestion_gcs_dag.py', '--cfg-path', '/tmp/tmpdnxfpuvi', '--error-file', '/tmp/tmp832jih6y']
[2024-03-30 04:18:30,857] {standard_task_runner.py:77} INFO - Job 2104: Subtask local_to_gcs_task
[2024-03-30 04:18:30,850] {standard_task_runner.py:52} INFO - Started process 3631 to run task
[2024-03-30 04:18:31,373] {logging_mixin.py:109} INFO - Running <TaskInstance: ingest_data_bigquery.local_to_gcs_task scheduled__2021-09-02T06:00:00+00:00 [running]> on host 98c5b3fde4c4
[2024-03-30 04:18:31,662] {warnings.py:99} WARNING - /home/***/.local/lib/python3.6/site-packages/***/utils/context.py:152: AirflowContextDeprecationWarning: Accessing 'execution_date' from the template is deprecated and will be removed in a future version. Please use 'data_interval_start' or 'logical_date' instead.
  warnings.warn(_create_deprecation_warning(key, self._deprecation_replacements[key]))

[2024-03-30 04:18:31,759] {taskinstance.py:1426} INFO - Exporting the following env vars:
AIRFLOW_CTX_DAG_OWNER=***
AIRFLOW_CTX_DAG_ID=ingest_data_bigquery
AIRFLOW_CTX_TASK_ID=local_to_gcs_task
AIRFLOW_CTX_EXECUTION_DATE=2021-09-02T06:00:00+00:00
AIRFLOW_CTX_DAG_RUN_ID=scheduled__2021-09-02T06:00:00+00:00
[2024-03-30 04:18:33,345] {logging_mixin.py:109} INFO - File /opt/***/yellowtaxi_tripdata_2021-09.parquet uploaded to yellowtaxi_tripdata/yellow_taxi_2021_09.parquet.
[2024-03-30 04:18:33,346] {python.py:175} INFO - Done. Returned value was: None
[2024-03-30 04:18:33,402] {taskinstance.py:1277} INFO - Marking task as SUCCESS. dag_id=ingest_data_bigquery, task_id=local_to_gcs_task, execution_date=20210902T060000, start_date=20240330T041830, end_date=20240330T041833
[2024-03-30 04:18:33,556] {local_task_job.py:154} INFO - Task exited with return code 0
[2024-03-30 04:18:33,671] {local_task_job.py:264} INFO - 1 downstream tasks scheduled from follow-on schedule check
[2024-03-30 04:25:01,064] {taskinstance.py:1032} INFO - Dependencies all met for <TaskInstance: ingest_data_bigquery.local_to_gcs_task scheduled__2021-09-02T06:00:00+00:00 [queued]>
[2024-03-30 04:25:01,163] {taskinstance.py:1032} INFO - Dependencies all met for <TaskInstance: ingest_data_bigquery.local_to_gcs_task scheduled__2021-09-02T06:00:00+00:00 [queued]>
[2024-03-30 04:25:01,163] {taskinstance.py:1238} INFO - 
--------------------------------------------------------------------------------
[2024-03-30 04:25:01,163] {taskinstance.py:1239} INFO - Starting attempt 1 of 4
[2024-03-30 04:25:01,163] {taskinstance.py:1240} INFO - 
--------------------------------------------------------------------------------
[2024-03-30 04:25:01,267] {taskinstance.py:1259} INFO - Executing <Task(PythonOperator): local_to_gcs_task> on 2021-09-02 06:00:00+00:00
[2024-03-30 04:25:01,354] {standard_task_runner.py:76} INFO - Running: ['***', 'tasks', 'run', 'ingest_data_bigquery', 'local_to_gcs_task', 'scheduled__2021-09-02T06:00:00+00:00', '--job-id', '2181', '--raw', '--subdir', 'DAGS_FOLDER/data_ingestion_gcs_dag.py', '--cfg-path', '/tmp/tmpqlf6p6cw', '--error-file', '/tmp/tmpfjfrzib7']
[2024-03-30 04:25:01,362] {standard_task_runner.py:77} INFO - Job 2181: Subtask local_to_gcs_task
[2024-03-30 04:25:01,296] {standard_task_runner.py:52} INFO - Started process 4250 to run task
[2024-03-30 04:25:01,680] {logging_mixin.py:109} INFO - Running <TaskInstance: ingest_data_bigquery.local_to_gcs_task scheduled__2021-09-02T06:00:00+00:00 [running]> on host 98c5b3fde4c4
[2024-03-30 04:25:01,853] {warnings.py:99} WARNING - /home/***/.local/lib/python3.6/site-packages/***/utils/context.py:152: AirflowContextDeprecationWarning: Accessing 'execution_date' from the template is deprecated and will be removed in a future version. Please use 'data_interval_start' or 'logical_date' instead.
  warnings.warn(_create_deprecation_warning(key, self._deprecation_replacements[key]))

[2024-03-30 04:25:01,979] {taskinstance.py:1426} INFO - Exporting the following env vars:
AIRFLOW_CTX_DAG_OWNER=***
AIRFLOW_CTX_DAG_ID=ingest_data_bigquery
AIRFLOW_CTX_TASK_ID=local_to_gcs_task
AIRFLOW_CTX_EXECUTION_DATE=2021-09-02T06:00:00+00:00
AIRFLOW_CTX_DAG_RUN_ID=scheduled__2021-09-02T06:00:00+00:00
[2024-03-30 04:25:03,558] {logging_mixin.py:109} INFO - File /opt/***/yellowtaxi_tripdata_2021-09.parquet uploaded to yellowtaxi_tripdata/yellow_taxi_2021_09.parquet.
[2024-03-30 04:25:03,564] {python.py:175} INFO - Done. Returned value was: None
[2024-03-30 04:25:03,615] {taskinstance.py:1277} INFO - Marking task as SUCCESS. dag_id=ingest_data_bigquery, task_id=local_to_gcs_task, execution_date=20210902T060000, start_date=20240330T042501, end_date=20240330T042503
[2024-03-30 04:25:03,741] {local_task_job.py:154} INFO - Task exited with return code 0
[2024-03-30 04:25:03,870] {local_task_job.py:264} INFO - 1 downstream tasks scheduled from follow-on schedule check
[2024-03-30 04:38:51,809] {taskinstance.py:1032} INFO - Dependencies all met for <TaskInstance: ingest_data_bigquery.local_to_gcs_task scheduled__2021-09-02T06:00:00+00:00 [queued]>
[2024-03-30 04:38:51,940] {taskinstance.py:1032} INFO - Dependencies all met for <TaskInstance: ingest_data_bigquery.local_to_gcs_task scheduled__2021-09-02T06:00:00+00:00 [queued]>
[2024-03-30 04:38:51,947] {taskinstance.py:1238} INFO - 
--------------------------------------------------------------------------------
[2024-03-30 04:38:51,947] {taskinstance.py:1239} INFO - Starting attempt 1 of 4
[2024-03-30 04:38:51,947] {taskinstance.py:1240} INFO - 
--------------------------------------------------------------------------------
[2024-03-30 04:38:52,427] {taskinstance.py:1259} INFO - Executing <Task(PythonOperator): local_to_gcs_task> on 2021-09-02 06:00:00+00:00
[2024-03-30 04:38:52,469] {standard_task_runner.py:52} INFO - Started process 5253 to run task
[2024-03-30 04:38:52,632] {standard_task_runner.py:76} INFO - Running: ['***', 'tasks', 'run', 'ingest_data_bigquery', 'local_to_gcs_task', 'scheduled__2021-09-02T06:00:00+00:00', '--job-id', '2285', '--raw', '--subdir', 'DAGS_FOLDER/data_ingestion_gcs_dag.py', '--cfg-path', '/tmp/tmpurfspg0d', '--error-file', '/tmp/tmpfcwt__1v']
[2024-03-30 04:38:52,730] {standard_task_runner.py:77} INFO - Job 2285: Subtask local_to_gcs_task
[2024-03-30 04:38:53,895] {logging_mixin.py:109} INFO - Running <TaskInstance: ingest_data_bigquery.local_to_gcs_task scheduled__2021-09-02T06:00:00+00:00 [running]> on host 98c5b3fde4c4
[2024-03-30 04:38:54,553] {warnings.py:99} WARNING - /home/***/.local/lib/python3.6/site-packages/***/utils/context.py:152: AirflowContextDeprecationWarning: Accessing 'execution_date' from the template is deprecated and will be removed in a future version. Please use 'data_interval_start' or 'logical_date' instead.
  warnings.warn(_create_deprecation_warning(key, self._deprecation_replacements[key]))

[2024-03-30 04:38:54,978] {taskinstance.py:1426} INFO - Exporting the following env vars:
AIRFLOW_CTX_DAG_OWNER=***
AIRFLOW_CTX_DAG_ID=ingest_data_bigquery
AIRFLOW_CTX_TASK_ID=local_to_gcs_task
AIRFLOW_CTX_EXECUTION_DATE=2021-09-02T06:00:00+00:00
AIRFLOW_CTX_DAG_RUN_ID=scheduled__2021-09-02T06:00:00+00:00
[2024-03-30 04:38:58,949] {logging_mixin.py:109} INFO - File /opt/***/yellowtaxi_tripdata_2021-09.parquet uploaded to yellowtaxi_tripdata/yellow_taxi_2021_09.parquet.
[2024-03-30 04:38:58,950] {python.py:175} INFO - Done. Returned value was: None
[2024-03-30 04:38:59,117] {taskinstance.py:1277} INFO - Marking task as SUCCESS. dag_id=ingest_data_bigquery, task_id=local_to_gcs_task, execution_date=20210902T060000, start_date=20240330T043851, end_date=20240330T043859
[2024-03-30 04:38:59,695] {local_task_job.py:154} INFO - Task exited with return code 0
[2024-03-30 04:38:59,788] {local_task_job.py:264} INFO - 1 downstream tasks scheduled from follow-on schedule check
[2024-03-30 04:59:39,316] {taskinstance.py:1032} INFO - Dependencies all met for <TaskInstance: ingest_data_bigquery.local_to_gcs_task scheduled__2021-09-02T06:00:00+00:00 [queued]>
[2024-03-30 04:59:39,455] {taskinstance.py:1032} INFO - Dependencies all met for <TaskInstance: ingest_data_bigquery.local_to_gcs_task scheduled__2021-09-02T06:00:00+00:00 [queued]>
[2024-03-30 04:59:39,455] {taskinstance.py:1238} INFO - 
--------------------------------------------------------------------------------
[2024-03-30 04:59:39,455] {taskinstance.py:1239} INFO - Starting attempt 1 of 4
[2024-03-30 04:59:39,455] {taskinstance.py:1240} INFO - 
--------------------------------------------------------------------------------
[2024-03-30 04:59:39,555] {taskinstance.py:1259} INFO - Executing <Task(PythonOperator): local_to_gcs_task> on 2021-09-02 06:00:00+00:00
[2024-03-30 04:59:39,628] {standard_task_runner.py:52} INFO - Started process 6688 to run task
[2024-03-30 04:59:39,719] {standard_task_runner.py:76} INFO - Running: ['***', 'tasks', 'run', 'ingest_data_bigquery', 'local_to_gcs_task', 'scheduled__2021-09-02T06:00:00+00:00', '--job-id', '2421', '--raw', '--subdir', 'DAGS_FOLDER/data_ingestion_gcs_dag.py', '--cfg-path', '/tmp/tmpjkqs9pxc', '--error-file', '/tmp/tmphsdinzqs']
[2024-03-30 04:59:39,777] {standard_task_runner.py:77} INFO - Job 2421: Subtask local_to_gcs_task
[2024-03-30 04:59:40,049] {logging_mixin.py:109} INFO - Running <TaskInstance: ingest_data_bigquery.local_to_gcs_task scheduled__2021-09-02T06:00:00+00:00 [running]> on host 98c5b3fde4c4
[2024-03-30 04:59:40,335] {warnings.py:99} WARNING - /home/***/.local/lib/python3.6/site-packages/***/utils/context.py:152: AirflowContextDeprecationWarning: Accessing 'execution_date' from the template is deprecated and will be removed in a future version. Please use 'data_interval_start' or 'logical_date' instead.
  warnings.warn(_create_deprecation_warning(key, self._deprecation_replacements[key]))

[2024-03-30 04:59:40,427] {taskinstance.py:1426} INFO - Exporting the following env vars:
AIRFLOW_CTX_DAG_OWNER=***
AIRFLOW_CTX_DAG_ID=ingest_data_bigquery
AIRFLOW_CTX_TASK_ID=local_to_gcs_task
AIRFLOW_CTX_EXECUTION_DATE=2021-09-02T06:00:00+00:00
AIRFLOW_CTX_DAG_RUN_ID=scheduled__2021-09-02T06:00:00+00:00
[2024-03-30 04:59:42,109] {logging_mixin.py:109} INFO - File /opt/***/yellowtaxi_tripdata_2021-09.parquet uploaded to yellowtaxi_tripdata/yellow_taxi_2021_09.parquet.
[2024-03-30 04:59:42,109] {python.py:175} INFO - Done. Returned value was: None
[2024-03-30 04:59:42,184] {taskinstance.py:1277} INFO - Marking task as SUCCESS. dag_id=ingest_data_bigquery, task_id=local_to_gcs_task, execution_date=20210902T060000, start_date=20240330T045939, end_date=20240330T045942
[2024-03-30 04:59:42,399] {local_task_job.py:154} INFO - Task exited with return code 0
[2024-03-30 04:59:42,971] {local_task_job.py:264} INFO - 0 downstream tasks scheduled from follow-on schedule check
[2024-03-30 09:01:48,328] {taskinstance.py:1032} INFO - Dependencies all met for <TaskInstance: ingest_data_bigquery.local_to_gcs_task scheduled__2021-09-02T06:00:00+00:00 [queued]>
[2024-03-30 09:01:48,431] {taskinstance.py:1032} INFO - Dependencies all met for <TaskInstance: ingest_data_bigquery.local_to_gcs_task scheduled__2021-09-02T06:00:00+00:00 [queued]>
[2024-03-30 09:01:48,431] {taskinstance.py:1238} INFO - 
--------------------------------------------------------------------------------
[2024-03-30 09:01:48,432] {taskinstance.py:1239} INFO - Starting attempt 1 of 4
[2024-03-30 09:01:48,432] {taskinstance.py:1240} INFO - 
--------------------------------------------------------------------------------
[2024-03-30 09:01:48,479] {taskinstance.py:1259} INFO - Executing <Task(PythonOperator): local_to_gcs_task> on 2021-09-02 06:00:00+00:00
[2024-03-30 09:01:48,495] {standard_task_runner.py:52} INFO - Started process 18216 to run task
[2024-03-30 09:01:48,631] {standard_task_runner.py:76} INFO - Running: ['***', 'tasks', 'run', 'ingest_data_bigquery', 'local_to_gcs_task', 'scheduled__2021-09-02T06:00:00+00:00', '--job-id', '2539', '--raw', '--subdir', 'DAGS_FOLDER/data_ingestion_gcs_dag.py', '--cfg-path', '/tmp/tmplvjaw391', '--error-file', '/tmp/tmpkkjhenaj']
[2024-03-30 09:01:48,669] {standard_task_runner.py:77} INFO - Job 2539: Subtask local_to_gcs_task
[2024-03-30 09:01:49,043] {logging_mixin.py:109} INFO - Running <TaskInstance: ingest_data_bigquery.local_to_gcs_task scheduled__2021-09-02T06:00:00+00:00 [running]> on host 98c5b3fde4c4
[2024-03-30 09:01:49,326] {warnings.py:99} WARNING - /home/***/.local/lib/python3.6/site-packages/***/utils/context.py:152: AirflowContextDeprecationWarning: Accessing 'execution_date' from the template is deprecated and will be removed in a future version. Please use 'data_interval_start' or 'logical_date' instead.
  warnings.warn(_create_deprecation_warning(key, self._deprecation_replacements[key]))

[2024-03-30 09:01:49,559] {taskinstance.py:1426} INFO - Exporting the following env vars:
AIRFLOW_CTX_DAG_OWNER=***
AIRFLOW_CTX_DAG_ID=ingest_data_bigquery
AIRFLOW_CTX_TASK_ID=local_to_gcs_task
AIRFLOW_CTX_EXECUTION_DATE=2021-09-02T06:00:00+00:00
AIRFLOW_CTX_DAG_RUN_ID=scheduled__2021-09-02T06:00:00+00:00
[2024-03-30 09:01:51,536] {logging_mixin.py:109} INFO - File /opt/***/yellowtaxi_tripdata_2021-09.parquet uploaded to yellowtaxi_tripdata/yellow_taxi_2021_09.parquet.
[2024-03-30 09:01:51,536] {python.py:175} INFO - Done. Returned value was: None
[2024-03-30 09:01:51,673] {taskinstance.py:1277} INFO - Marking task as SUCCESS. dag_id=ingest_data_bigquery, task_id=local_to_gcs_task, execution_date=20210902T060000, start_date=20240330T090148, end_date=20240330T090151
[2024-03-30 09:01:51,957] {local_task_job.py:154} INFO - Task exited with return code 0
[2024-03-30 09:01:52,135] {local_task_job.py:264} INFO - 1 downstream tasks scheduled from follow-on schedule check
[2024-03-30 11:04:40,015] {taskinstance.py:1032} INFO - Dependencies all met for <TaskInstance: ingest_data_bigquery.local_to_gcs_task scheduled__2021-09-02T06:00:00+00:00 [queued]>
[2024-03-30 11:04:40,163] {taskinstance.py:1032} INFO - Dependencies all met for <TaskInstance: ingest_data_bigquery.local_to_gcs_task scheduled__2021-09-02T06:00:00+00:00 [queued]>
[2024-03-30 11:04:40,163] {taskinstance.py:1238} INFO - 
--------------------------------------------------------------------------------
[2024-03-30 11:04:40,163] {taskinstance.py:1239} INFO - Starting attempt 1 of 4
[2024-03-30 11:04:40,163] {taskinstance.py:1240} INFO - 
--------------------------------------------------------------------------------
[2024-03-30 11:04:40,275] {taskinstance.py:1259} INFO - Executing <Task(PythonOperator): local_to_gcs_task> on 2021-09-02 06:00:00+00:00
[2024-03-30 11:04:40,329] {standard_task_runner.py:52} INFO - Started process 24499 to run task
[2024-03-30 11:04:40,451] {standard_task_runner.py:76} INFO - Running: ['***', 'tasks', 'run', 'ingest_data_bigquery', 'local_to_gcs_task', 'scheduled__2021-09-02T06:00:00+00:00', '--job-id', '2698', '--raw', '--subdir', 'DAGS_FOLDER/data_ingestion_gcs_dag.py', '--cfg-path', '/tmp/tmp8nxfqjb6', '--error-file', '/tmp/tmpake7g928']
[2024-03-30 11:04:43,171] {standard_task_runner.py:77} INFO - Job 2698: Subtask local_to_gcs_task
[2024-03-30 11:04:44,690] {logging_mixin.py:109} INFO - Running <TaskInstance: ingest_data_bigquery.local_to_gcs_task scheduled__2021-09-02T06:00:00+00:00 [running]> on host 98c5b3fde4c4
[2024-03-30 11:04:45,021] {warnings.py:99} WARNING - /home/***/.local/lib/python3.6/site-packages/***/utils/context.py:152: AirflowContextDeprecationWarning: Accessing 'execution_date' from the template is deprecated and will be removed in a future version. Please use 'data_interval_start' or 'logical_date' instead.
  warnings.warn(_create_deprecation_warning(key, self._deprecation_replacements[key]))

[2024-03-30 11:04:45,183] {taskinstance.py:1426} INFO - Exporting the following env vars:
AIRFLOW_CTX_DAG_OWNER=***
AIRFLOW_CTX_DAG_ID=ingest_data_bigquery
AIRFLOW_CTX_TASK_ID=local_to_gcs_task
AIRFLOW_CTX_EXECUTION_DATE=2021-09-02T06:00:00+00:00
AIRFLOW_CTX_DAG_RUN_ID=scheduled__2021-09-02T06:00:00+00:00
[2024-03-30 11:05:22,174] {taskinstance.py:1700} ERROR - Task failed with exception
Traceback (most recent call last):
  File "/home/airflow/.local/lib/python3.6/site-packages/airflow/models/taskinstance.py", line 1329, in _run_raw_task
    self._execute_task_with_callbacks(context)
  File "/home/airflow/.local/lib/python3.6/site-packages/airflow/models/taskinstance.py", line 1455, in _execute_task_with_callbacks
    result = self._execute_task(context, self.task)
  File "/home/airflow/.local/lib/python3.6/site-packages/airflow/models/taskinstance.py", line 1511, in _execute_task
    result = execute_callable(context=context)
  File "/home/airflow/.local/lib/python3.6/site-packages/airflow/operators/python.py", line 174, in execute
    return_value = self.execute_callable()
  File "/home/airflow/.local/lib/python3.6/site-packages/airflow/operators/python.py", line 185, in execute_callable
    return self.python_callable(*self.op_args, **self.op_kwargs)
  File "/opt/airflow/dags/data_ingestion_gcs_dag.py", line 59, in upload_to_gcs
    index=False,
  File "/home/airflow/.local/lib/python3.6/site-packages/pandas/util/_decorators.py", line 199, in wrapper
    return func(*args, **kwargs)
  File "/home/airflow/.local/lib/python3.6/site-packages/pandas/core/frame.py", line 2372, in to_parquet
    **kwargs,
  File "/home/airflow/.local/lib/python3.6/site-packages/pandas/io/parquet.py", line 276, in to_parquet
    **kwargs,
  File "/home/airflow/.local/lib/python3.6/site-packages/pandas/io/parquet.py", line 101, in write
    table = self.api.Table.from_pandas(df, **from_pandas_kwargs)
  File "pyarrow/table.pxi", line 1561, in pyarrow.lib.Table.from_pandas
  File "/home/airflow/.local/lib/python3.6/site-packages/pyarrow/pandas_compat.py", line 607, in dataframe_to_arrays
    arrays[i] = maybe_fut.result()
  File "/usr/local/lib/python3.6/concurrent/futures/_base.py", line 425, in result
    return self.__get_result()
  File "/usr/local/lib/python3.6/concurrent/futures/_base.py", line 384, in __get_result
    raise self._exception
  File "/usr/local/lib/python3.6/concurrent/futures/thread.py", line 56, in run
    result = self.fn(*self.args, **self.kwargs)
  File "/home/airflow/.local/lib/python3.6/site-packages/pyarrow/pandas_compat.py", line 581, in convert_column
    raise e
  File "/home/airflow/.local/lib/python3.6/site-packages/pyarrow/pandas_compat.py", line 575, in convert_column
    result = pa.array(col, type=type_, from_pandas=True, safe=safe)
  File "pyarrow/array.pxi", line 302, in pyarrow.lib.array
  File "pyarrow/array.pxi", line 83, in pyarrow.lib._ndarray_to_array
  File "pyarrow/error.pxi", line 122, in pyarrow.lib.check_status
pyarrow.lib.ArrowTypeError: ("Expected bytes, got a 'int' object", 'Conversion failed for column store_and_fwd_flag with type object')
[2024-03-30 11:05:22,245] {taskinstance.py:1277} INFO - Marking task as UP_FOR_RETRY. dag_id=ingest_data_bigquery, task_id=local_to_gcs_task, execution_date=20210902T060000, start_date=20240330T110440, end_date=20240330T110522
[2024-03-30 11:05:22,303] {standard_task_runner.py:92} ERROR - Failed to execute job 2698 for task local_to_gcs_task
Traceback (most recent call last):
  File "/home/airflow/.local/lib/python3.6/site-packages/airflow/task/task_runner/standard_task_runner.py", line 85, in _start_by_fork
    args.func(args, dag=self.dag)
  File "/home/airflow/.local/lib/python3.6/site-packages/airflow/cli/cli_parser.py", line 48, in command
    return func(*args, **kwargs)
  File "/home/airflow/.local/lib/python3.6/site-packages/airflow/utils/cli.py", line 92, in wrapper
    return f(*args, **kwargs)
  File "/home/airflow/.local/lib/python3.6/site-packages/airflow/cli/commands/task_command.py", line 298, in task_run
    _run_task_by_selected_method(args, dag, ti)
  File "/home/airflow/.local/lib/python3.6/site-packages/airflow/cli/commands/task_command.py", line 107, in _run_task_by_selected_method
    _run_raw_task(args, ti)
  File "/home/airflow/.local/lib/python3.6/site-packages/airflow/cli/commands/task_command.py", line 184, in _run_raw_task
    error_file=args.error_file,
  File "/home/airflow/.local/lib/python3.6/site-packages/airflow/utils/session.py", line 70, in wrapper
    return func(*args, session=session, **kwargs)
  File "/home/airflow/.local/lib/python3.6/site-packages/airflow/models/taskinstance.py", line 1329, in _run_raw_task
    self._execute_task_with_callbacks(context)
  File "/home/airflow/.local/lib/python3.6/site-packages/airflow/models/taskinstance.py", line 1455, in _execute_task_with_callbacks
    result = self._execute_task(context, self.task)
  File "/home/airflow/.local/lib/python3.6/site-packages/airflow/models/taskinstance.py", line 1511, in _execute_task
    result = execute_callable(context=context)
  File "/home/airflow/.local/lib/python3.6/site-packages/airflow/operators/python.py", line 174, in execute
    return_value = self.execute_callable()
  File "/home/airflow/.local/lib/python3.6/site-packages/airflow/operators/python.py", line 185, in execute_callable
    return self.python_callable(*self.op_args, **self.op_kwargs)
  File "/opt/airflow/dags/data_ingestion_gcs_dag.py", line 59, in upload_to_gcs
    index=False,
  File "/home/airflow/.local/lib/python3.6/site-packages/pandas/util/_decorators.py", line 199, in wrapper
    return func(*args, **kwargs)
  File "/home/airflow/.local/lib/python3.6/site-packages/pandas/core/frame.py", line 2372, in to_parquet
    **kwargs,
  File "/home/airflow/.local/lib/python3.6/site-packages/pandas/io/parquet.py", line 276, in to_parquet
    **kwargs,
  File "/home/airflow/.local/lib/python3.6/site-packages/pandas/io/parquet.py", line 101, in write
    table = self.api.Table.from_pandas(df, **from_pandas_kwargs)
  File "pyarrow/table.pxi", line 1561, in pyarrow.lib.Table.from_pandas
  File "/home/airflow/.local/lib/python3.6/site-packages/pyarrow/pandas_compat.py", line 607, in dataframe_to_arrays
    arrays[i] = maybe_fut.result()
  File "/usr/local/lib/python3.6/concurrent/futures/_base.py", line 425, in result
    return self.__get_result()
  File "/usr/local/lib/python3.6/concurrent/futures/_base.py", line 384, in __get_result
    raise self._exception
  File "/usr/local/lib/python3.6/concurrent/futures/thread.py", line 56, in run
    result = self.fn(*self.args, **self.kwargs)
  File "/home/airflow/.local/lib/python3.6/site-packages/pyarrow/pandas_compat.py", line 581, in convert_column
    raise e
  File "/home/airflow/.local/lib/python3.6/site-packages/pyarrow/pandas_compat.py", line 575, in convert_column
    result = pa.array(col, type=type_, from_pandas=True, safe=safe)
  File "pyarrow/array.pxi", line 302, in pyarrow.lib.array
  File "pyarrow/array.pxi", line 83, in pyarrow.lib._ndarray_to_array
  File "pyarrow/error.pxi", line 122, in pyarrow.lib.check_status
pyarrow.lib.ArrowTypeError: ("Expected bytes, got a 'int' object", 'Conversion failed for column store_and_fwd_flag with type object')
[2024-03-30 11:05:22,579] {local_task_job.py:154} INFO - Task exited with return code 1
[2024-03-30 11:05:22,653] {local_task_job.py:264} INFO - 0 downstream tasks scheduled from follow-on schedule check
[2024-03-30 11:15:26,881] {taskinstance.py:1032} INFO - Dependencies all met for <TaskInstance: ingest_data_bigquery.local_to_gcs_task scheduled__2021-09-02T06:00:00+00:00 [queued]>
[2024-03-30 11:15:26,926] {taskinstance.py:1032} INFO - Dependencies all met for <TaskInstance: ingest_data_bigquery.local_to_gcs_task scheduled__2021-09-02T06:00:00+00:00 [queued]>
[2024-03-30 11:15:26,926] {taskinstance.py:1238} INFO - 
--------------------------------------------------------------------------------
[2024-03-30 11:15:26,927] {taskinstance.py:1239} INFO - Starting attempt 1 of 4
[2024-03-30 11:15:26,927] {taskinstance.py:1240} INFO - 
--------------------------------------------------------------------------------
[2024-03-30 11:15:26,955] {taskinstance.py:1259} INFO - Executing <Task(PythonOperator): local_to_gcs_task> on 2021-09-02 06:00:00+00:00
[2024-03-30 11:15:26,988] {standard_task_runner.py:52} INFO - Started process 25380 to run task
[2024-03-30 11:15:27,016] {standard_task_runner.py:76} INFO - Running: ['***', 'tasks', 'run', 'ingest_data_bigquery', 'local_to_gcs_task', 'scheduled__2021-09-02T06:00:00+00:00', '--job-id', '2741', '--raw', '--subdir', 'DAGS_FOLDER/data_ingestion_gcs_dag.py', '--cfg-path', '/tmp/tmpok7ok3_p', '--error-file', '/tmp/tmp7ouhq0iw']
[2024-03-30 11:15:27,048] {standard_task_runner.py:77} INFO - Job 2741: Subtask local_to_gcs_task
[2024-03-30 11:15:27,287] {logging_mixin.py:109} INFO - Running <TaskInstance: ingest_data_bigquery.local_to_gcs_task scheduled__2021-09-02T06:00:00+00:00 [running]> on host 98c5b3fde4c4
[2024-03-30 11:15:27,489] {warnings.py:99} WARNING - /home/***/.local/lib/python3.6/site-packages/***/utils/context.py:152: AirflowContextDeprecationWarning: Accessing 'execution_date' from the template is deprecated and will be removed in a future version. Please use 'data_interval_start' or 'logical_date' instead.
  warnings.warn(_create_deprecation_warning(key, self._deprecation_replacements[key]))

[2024-03-30 11:15:27,699] {taskinstance.py:1426} INFO - Exporting the following env vars:
AIRFLOW_CTX_DAG_OWNER=***
AIRFLOW_CTX_DAG_ID=ingest_data_bigquery
AIRFLOW_CTX_TASK_ID=local_to_gcs_task
AIRFLOW_CTX_EXECUTION_DATE=2021-09-02T06:00:00+00:00
AIRFLOW_CTX_DAG_RUN_ID=scheduled__2021-09-02T06:00:00+00:00
[2024-03-30 11:15:54,360] {local_task_job.py:154} INFO - Task exited with return code Negsignal.SIGKILL
[2024-03-30 11:15:54,600] {taskinstance.py:1277} INFO - Marking task as UP_FOR_RETRY. dag_id=ingest_data_bigquery, task_id=local_to_gcs_task, execution_date=20210902T060000, start_date=20240330T111526, end_date=20240330T111554
[2024-03-30 11:15:54,774] {local_task_job.py:264} INFO - 0 downstream tasks scheduled from follow-on schedule check
[2024-03-30 11:34:11,546] {taskinstance.py:1032} INFO - Dependencies all met for <TaskInstance: ingest_data_bigquery.local_to_gcs_task scheduled__2021-09-02T06:00:00+00:00 [queued]>
[2024-03-30 11:34:11,619] {taskinstance.py:1032} INFO - Dependencies all met for <TaskInstance: ingest_data_bigquery.local_to_gcs_task scheduled__2021-09-02T06:00:00+00:00 [queued]>
[2024-03-30 11:34:11,619] {taskinstance.py:1238} INFO - 
--------------------------------------------------------------------------------
[2024-03-30 11:34:11,621] {taskinstance.py:1239} INFO - Starting attempt 1 of 4
[2024-03-30 11:34:11,632] {taskinstance.py:1240} INFO - 
--------------------------------------------------------------------------------
[2024-03-30 11:34:11,673] {taskinstance.py:1259} INFO - Executing <Task(PythonOperator): local_to_gcs_task> on 2021-09-02 06:00:00+00:00
[2024-03-30 11:34:11,698] {standard_task_runner.py:76} INFO - Running: ['***', 'tasks', 'run', 'ingest_data_bigquery', 'local_to_gcs_task', 'scheduled__2021-09-02T06:00:00+00:00', '--job-id', '2819', '--raw', '--subdir', 'DAGS_FOLDER/data_ingestion_gcs_dag.py', '--cfg-path', '/tmp/tmpicre26q4', '--error-file', '/tmp/tmp250xp85p']
[2024-03-30 11:34:11,723] {standard_task_runner.py:77} INFO - Job 2819: Subtask local_to_gcs_task
[2024-03-30 11:34:11,689] {standard_task_runner.py:52} INFO - Started process 26967 to run task
[2024-03-30 11:34:12,087] {logging_mixin.py:109} INFO - Running <TaskInstance: ingest_data_bigquery.local_to_gcs_task scheduled__2021-09-02T06:00:00+00:00 [running]> on host 98c5b3fde4c4
[2024-03-30 11:34:12,448] {warnings.py:99} WARNING - /home/***/.local/lib/python3.6/site-packages/***/utils/context.py:152: AirflowContextDeprecationWarning: Accessing 'execution_date' from the template is deprecated and will be removed in a future version. Please use 'data_interval_start' or 'logical_date' instead.
  warnings.warn(_create_deprecation_warning(key, self._deprecation_replacements[key]))

[2024-03-30 11:34:12,510] {taskinstance.py:1426} INFO - Exporting the following env vars:
AIRFLOW_CTX_DAG_OWNER=***
AIRFLOW_CTX_DAG_ID=ingest_data_bigquery
AIRFLOW_CTX_TASK_ID=local_to_gcs_task
AIRFLOW_CTX_EXECUTION_DATE=2021-09-02T06:00:00+00:00
AIRFLOW_CTX_DAG_RUN_ID=scheduled__2021-09-02T06:00:00+00:00
[2024-03-30 11:34:23,178] {local_task_job.py:154} INFO - Task exited with return code Negsignal.SIGKILL
[2024-04-28 09:15:46,316] {taskinstance.py:1032} INFO - Dependencies all met for <TaskInstance: ingest_data_bigquery.local_to_gcs_task scheduled__2021-09-02T06:00:00+00:00 [queued]>
[2024-04-28 09:15:46,347] {taskinstance.py:1032} INFO - Dependencies all met for <TaskInstance: ingest_data_bigquery.local_to_gcs_task scheduled__2021-09-02T06:00:00+00:00 [queued]>
[2024-04-28 09:15:46,351] {taskinstance.py:1238} INFO - 
--------------------------------------------------------------------------------
[2024-04-28 09:15:46,352] {taskinstance.py:1239} INFO - Starting attempt 1 of 4
[2024-04-28 09:15:46,352] {taskinstance.py:1240} INFO - 
--------------------------------------------------------------------------------
[2024-04-28 09:15:46,396] {taskinstance.py:1259} INFO - Executing <Task(PythonOperator): local_to_gcs_task> on 2021-09-02 06:00:00+00:00
[2024-04-28 09:15:46,405] {standard_task_runner.py:52} INFO - Started process 1519 to run task
[2024-04-28 09:15:46,422] {standard_task_runner.py:76} INFO - Running: ['***', 'tasks', 'run', 'ingest_data_bigquery', 'local_to_gcs_task', 'scheduled__2021-09-02T06:00:00+00:00', '--job-id', '3014', '--raw', '--subdir', 'DAGS_FOLDER/data_ingestion_gcs_dag.py', '--cfg-path', '/tmp/tmpvklnp04r', '--error-file', '/tmp/tmposyimska']
[2024-04-28 09:15:46,441] {standard_task_runner.py:77} INFO - Job 3014: Subtask local_to_gcs_task
[2024-04-28 09:15:46,821] {logging_mixin.py:109} INFO - Running <TaskInstance: ingest_data_bigquery.local_to_gcs_task scheduled__2021-09-02T06:00:00+00:00 [running]> on host 6c6a4ca9ff8e
[2024-04-28 09:15:47,107] {warnings.py:99} WARNING - /home/***/.local/lib/python3.6/site-packages/***/utils/context.py:152: AirflowContextDeprecationWarning: Accessing 'execution_date' from the template is deprecated and will be removed in a future version. Please use 'data_interval_start' or 'logical_date' instead.
  warnings.warn(_create_deprecation_warning(key, self._deprecation_replacements[key]))

[2024-04-28 09:15:47,264] {taskinstance.py:1426} INFO - Exporting the following env vars:
AIRFLOW_CTX_DAG_OWNER=***
AIRFLOW_CTX_DAG_ID=ingest_data_bigquery
AIRFLOW_CTX_TASK_ID=local_to_gcs_task
AIRFLOW_CTX_EXECUTION_DATE=2021-09-02T06:00:00+00:00
AIRFLOW_CTX_DAG_RUN_ID=scheduled__2021-09-02T06:00:00+00:00
[2024-04-28 09:16:35,791] {local_task_job.py:154} INFO - Task exited with return code Negsignal.SIGKILL
[2024-04-28 09:16:36,066] {taskinstance.py:1277} INFO - Marking task as UP_FOR_RETRY. dag_id=ingest_data_bigquery, task_id=local_to_gcs_task, execution_date=20210902T060000, start_date=20240428T091546, end_date=20240428T091636
[2024-04-28 09:16:36,494] {local_task_job.py:264} INFO - 0 downstream tasks scheduled from follow-on schedule check
[2024-04-30 02:14:01,856] {taskinstance.py:1032} INFO - Dependencies all met for <TaskInstance: ingest_data_bigquery.local_to_gcs_task scheduled__2021-09-02T06:00:00+00:00 [queued]>
[2024-04-30 02:14:01,992] {taskinstance.py:1032} INFO - Dependencies all met for <TaskInstance: ingest_data_bigquery.local_to_gcs_task scheduled__2021-09-02T06:00:00+00:00 [queued]>
[2024-04-30 02:14:01,992] {taskinstance.py:1238} INFO - 
--------------------------------------------------------------------------------
[2024-04-30 02:14:01,992] {taskinstance.py:1239} INFO - Starting attempt 1 of 4
[2024-04-30 02:14:01,993] {taskinstance.py:1240} INFO - 
--------------------------------------------------------------------------------
[2024-04-30 02:14:02,093] {taskinstance.py:1259} INFO - Executing <Task(PythonOperator): local_to_gcs_task> on 2021-09-02 06:00:00+00:00
[2024-04-30 02:14:02,121] {standard_task_runner.py:52} INFO - Started process 414 to run task
[2024-04-30 02:14:02,185] {standard_task_runner.py:76} INFO - Running: ['***', 'tasks', 'run', 'ingest_data_bigquery', 'local_to_gcs_task', 'scheduled__2021-09-02T06:00:00+00:00', '--job-id', '3043', '--raw', '--subdir', 'DAGS_FOLDER/data_ingestion_gcs_dag.py', '--cfg-path', '/tmp/tmp8s5ml458', '--error-file', '/tmp/tmpzdqhwygk']
[2024-04-30 02:14:02,231] {standard_task_runner.py:77} INFO - Job 3043: Subtask local_to_gcs_task
[2024-04-30 02:14:02,688] {logging_mixin.py:109} INFO - Running <TaskInstance: ingest_data_bigquery.local_to_gcs_task scheduled__2021-09-02T06:00:00+00:00 [running]> on host a1ae6a0259c5
[2024-04-30 02:14:02,815] {warnings.py:99} WARNING - /home/***/.local/lib/python3.6/site-packages/***/utils/context.py:152: AirflowContextDeprecationWarning: Accessing 'execution_date' from the template is deprecated and will be removed in a future version. Please use 'data_interval_start' or 'logical_date' instead.
  warnings.warn(_create_deprecation_warning(key, self._deprecation_replacements[key]))

[2024-04-30 02:14:03,078] {taskinstance.py:1426} INFO - Exporting the following env vars:
AIRFLOW_CTX_DAG_OWNER=***
AIRFLOW_CTX_DAG_ID=ingest_data_bigquery
AIRFLOW_CTX_TASK_ID=local_to_gcs_task
AIRFLOW_CTX_EXECUTION_DATE=2021-09-02T06:00:00+00:00
AIRFLOW_CTX_DAG_RUN_ID=scheduled__2021-09-02T06:00:00+00:00
[2024-04-30 02:14:19,594] {local_task_job.py:154} INFO - Task exited with return code Negsignal.SIGKILL
[2024-04-30 02:14:52,716] {taskinstance.py:1277} INFO - Marking task as UP_FOR_RETRY. dag_id=ingest_data_bigquery, task_id=local_to_gcs_task, execution_date=20210902T060000, start_date=20240430T021401, end_date=20240430T021452
[2024-04-30 02:14:53,722] {local_task_job.py:264} INFO - 0 downstream tasks scheduled from follow-on schedule check
[2024-04-30 02:58:27,086] {taskinstance.py:1032} INFO - Dependencies all met for <TaskInstance: ingest_data_bigquery.local_to_gcs_task scheduled__2021-09-02T06:00:00+00:00 [queued]>
[2024-04-30 02:58:27,108] {taskinstance.py:1032} INFO - Dependencies all met for <TaskInstance: ingest_data_bigquery.local_to_gcs_task scheduled__2021-09-02T06:00:00+00:00 [queued]>
[2024-04-30 02:58:27,108] {taskinstance.py:1238} INFO - 
--------------------------------------------------------------------------------
[2024-04-30 02:58:27,108] {taskinstance.py:1239} INFO - Starting attempt 1 of 2
[2024-04-30 02:58:27,108] {taskinstance.py:1240} INFO - 
--------------------------------------------------------------------------------
[2024-04-30 02:58:27,376] {taskinstance.py:1259} INFO - Executing <Task(PythonOperator): local_to_gcs_task> on 2021-09-02 06:00:00+00:00
[2024-04-30 02:58:27,385] {standard_task_runner.py:52} INFO - Started process 481 to run task
[2024-04-30 02:58:27,405] {standard_task_runner.py:76} INFO - Running: ['***', 'tasks', 'run', 'ingest_data_bigquery', 'local_to_gcs_task', 'scheduled__2021-09-02T06:00:00+00:00', '--job-id', '3118', '--raw', '--subdir', 'DAGS_FOLDER/data_ingestion_gcs_dag.py', '--cfg-path', '/tmp/tmpfxt08p8k', '--error-file', '/tmp/tmpev4h_764']
[2024-04-30 02:58:27,410] {standard_task_runner.py:77} INFO - Job 3118: Subtask local_to_gcs_task
[2024-04-30 02:58:27,846] {logging_mixin.py:109} INFO - Running <TaskInstance: ingest_data_bigquery.local_to_gcs_task scheduled__2021-09-02T06:00:00+00:00 [running]> on host 02dc49e0e362
[2024-04-30 02:58:28,099] {warnings.py:99} WARNING - /home/***/.local/lib/python3.6/site-packages/***/utils/context.py:152: AirflowContextDeprecationWarning: Accessing 'execution_date' from the template is deprecated and will be removed in a future version. Please use 'data_interval_start' or 'logical_date' instead.
  warnings.warn(_create_deprecation_warning(key, self._deprecation_replacements[key]))

[2024-04-30 02:58:28,257] {taskinstance.py:1426} INFO - Exporting the following env vars:
AIRFLOW_CTX_DAG_OWNER=***
AIRFLOW_CTX_DAG_ID=ingest_data_bigquery
AIRFLOW_CTX_TASK_ID=local_to_gcs_task
AIRFLOW_CTX_EXECUTION_DATE=2021-09-02T06:00:00+00:00
AIRFLOW_CTX_DAG_RUN_ID=scheduled__2021-09-02T06:00:00+00:00
[2024-04-30 02:58:28,368] {taskinstance.py:1700} ERROR - Task failed with exception
Traceback (most recent call last):
  File "/home/airflow/.local/lib/python3.6/site-packages/airflow/models/taskinstance.py", line 1329, in _run_raw_task
    self._execute_task_with_callbacks(context)
  File "/home/airflow/.local/lib/python3.6/site-packages/airflow/models/taskinstance.py", line 1455, in _execute_task_with_callbacks
    result = self._execute_task(context, self.task)
  File "/home/airflow/.local/lib/python3.6/site-packages/airflow/models/taskinstance.py", line 1511, in _execute_task
    result = execute_callable(context=context)
  File "/home/airflow/.local/lib/python3.6/site-packages/airflow/operators/python.py", line 174, in execute
    return_value = self.execute_callable()
  File "/home/airflow/.local/lib/python3.6/site-packages/airflow/operators/python.py", line 185, in execute_callable
    return self.python_callable(*self.op_args, **self.op_kwargs)
  File "/opt/airflow/dags/data_ingestion_gcs_dag.py", line 92, in upload_to_gcs
    blob.upload_from_filename(clean_file_name)
  File "/home/airflow/.local/lib/python3.6/site-packages/google/cloud/storage/blob.py", line 2720, in upload_from_filename
    with open(filename, "rb") as file_obj:
FileNotFoundError: [Errno 2] No such file or directory: '/opt/airflow/cleaned_data/yellowtaxi_tripdata_2021-09.parquet'
[2024-04-30 02:58:28,445] {taskinstance.py:1277} INFO - Marking task as UP_FOR_RETRY. dag_id=ingest_data_bigquery, task_id=local_to_gcs_task, execution_date=20210902T060000, start_date=20240430T025827, end_date=20240430T025828
[2024-04-30 02:58:28,531] {standard_task_runner.py:92} ERROR - Failed to execute job 3118 for task local_to_gcs_task
Traceback (most recent call last):
  File "/home/airflow/.local/lib/python3.6/site-packages/airflow/task/task_runner/standard_task_runner.py", line 85, in _start_by_fork
    args.func(args, dag=self.dag)
  File "/home/airflow/.local/lib/python3.6/site-packages/airflow/cli/cli_parser.py", line 48, in command
    return func(*args, **kwargs)
  File "/home/airflow/.local/lib/python3.6/site-packages/airflow/utils/cli.py", line 92, in wrapper
    return f(*args, **kwargs)
  File "/home/airflow/.local/lib/python3.6/site-packages/airflow/cli/commands/task_command.py", line 298, in task_run
    _run_task_by_selected_method(args, dag, ti)
  File "/home/airflow/.local/lib/python3.6/site-packages/airflow/cli/commands/task_command.py", line 107, in _run_task_by_selected_method
    _run_raw_task(args, ti)
  File "/home/airflow/.local/lib/python3.6/site-packages/airflow/cli/commands/task_command.py", line 184, in _run_raw_task
    error_file=args.error_file,
  File "/home/airflow/.local/lib/python3.6/site-packages/airflow/utils/session.py", line 70, in wrapper
    return func(*args, session=session, **kwargs)
  File "/home/airflow/.local/lib/python3.6/site-packages/airflow/models/taskinstance.py", line 1329, in _run_raw_task
    self._execute_task_with_callbacks(context)
  File "/home/airflow/.local/lib/python3.6/site-packages/airflow/models/taskinstance.py", line 1455, in _execute_task_with_callbacks
    result = self._execute_task(context, self.task)
  File "/home/airflow/.local/lib/python3.6/site-packages/airflow/models/taskinstance.py", line 1511, in _execute_task
    result = execute_callable(context=context)
  File "/home/airflow/.local/lib/python3.6/site-packages/airflow/operators/python.py", line 174, in execute
    return_value = self.execute_callable()
  File "/home/airflow/.local/lib/python3.6/site-packages/airflow/operators/python.py", line 185, in execute_callable
    return self.python_callable(*self.op_args, **self.op_kwargs)
  File "/opt/airflow/dags/data_ingestion_gcs_dag.py", line 92, in upload_to_gcs
    blob.upload_from_filename(clean_file_name)
  File "/home/airflow/.local/lib/python3.6/site-packages/google/cloud/storage/blob.py", line 2720, in upload_from_filename
    with open(filename, "rb") as file_obj:
FileNotFoundError: [Errno 2] No such file or directory: '/opt/airflow/cleaned_data/yellowtaxi_tripdata_2021-09.parquet'
[2024-04-30 02:58:28,646] {local_task_job.py:154} INFO - Task exited with return code 1
[2024-04-30 02:58:28,850] {local_task_job.py:264} INFO - 0 downstream tasks scheduled from follow-on schedule check
[2024-04-30 03:01:20,220] {taskinstance.py:1032} INFO - Dependencies all met for <TaskInstance: ingest_data_bigquery.local_to_gcs_task scheduled__2021-09-02T06:00:00+00:00 [queued]>
[2024-04-30 03:01:20,398] {taskinstance.py:1032} INFO - Dependencies all met for <TaskInstance: ingest_data_bigquery.local_to_gcs_task scheduled__2021-09-02T06:00:00+00:00 [queued]>
[2024-04-30 03:01:20,398] {taskinstance.py:1238} INFO - 
--------------------------------------------------------------------------------
[2024-04-30 03:01:20,398] {taskinstance.py:1239} INFO - Starting attempt 1 of 2
[2024-04-30 03:01:20,399] {taskinstance.py:1240} INFO - 
--------------------------------------------------------------------------------
[2024-04-30 03:01:20,546] {taskinstance.py:1259} INFO - Executing <Task(PythonOperator): local_to_gcs_task> on 2021-09-02 06:00:00+00:00
[2024-04-30 03:01:20,616] {standard_task_runner.py:52} INFO - Started process 749 to run task
[2024-04-30 03:01:20,714] {standard_task_runner.py:76} INFO - Running: ['***', 'tasks', 'run', 'ingest_data_bigquery', 'local_to_gcs_task', 'scheduled__2021-09-02T06:00:00+00:00', '--job-id', '3147', '--raw', '--subdir', 'DAGS_FOLDER/data_ingestion_gcs_dag.py', '--cfg-path', '/tmp/tmpc80s9gw2', '--error-file', '/tmp/tmpgg6j5akp']
[2024-04-30 03:01:20,742] {standard_task_runner.py:77} INFO - Job 3147: Subtask local_to_gcs_task
[2024-04-30 03:01:21,101] {logging_mixin.py:109} INFO - Running <TaskInstance: ingest_data_bigquery.local_to_gcs_task scheduled__2021-09-02T06:00:00+00:00 [running]> on host 02dc49e0e362
[2024-04-30 03:01:21,447] {warnings.py:99} WARNING - /home/***/.local/lib/python3.6/site-packages/***/utils/context.py:152: AirflowContextDeprecationWarning: Accessing 'execution_date' from the template is deprecated and will be removed in a future version. Please use 'data_interval_start' or 'logical_date' instead.
  warnings.warn(_create_deprecation_warning(key, self._deprecation_replacements[key]))

[2024-04-30 03:01:21,595] {taskinstance.py:1426} INFO - Exporting the following env vars:
AIRFLOW_CTX_DAG_OWNER=***
AIRFLOW_CTX_DAG_ID=ingest_data_bigquery
AIRFLOW_CTX_TASK_ID=local_to_gcs_task
AIRFLOW_CTX_EXECUTION_DATE=2021-09-02T06:00:00+00:00
AIRFLOW_CTX_DAG_RUN_ID=scheduled__2021-09-02T06:00:00+00:00
[2024-04-30 03:01:23,183] {python.py:175} INFO - Done. Returned value was: None
[2024-04-30 03:01:23,268] {taskinstance.py:1277} INFO - Marking task as SUCCESS. dag_id=ingest_data_bigquery, task_id=local_to_gcs_task, execution_date=20210902T060000, start_date=20240430T030120, end_date=20240430T030123
[2024-04-30 03:01:23,461] {local_task_job.py:154} INFO - Task exited with return code 0
[2024-04-30 03:01:23,690] {local_task_job.py:264} INFO - 1 downstream tasks scheduled from follow-on schedule check
[2024-04-30 04:30:19,196] {taskinstance.py:1032} INFO - Dependencies all met for <TaskInstance: ingest_data_bigquery.local_to_gcs_task scheduled__2021-09-02T06:00:00+00:00 [queued]>
[2024-04-30 04:30:19,326] {taskinstance.py:1032} INFO - Dependencies all met for <TaskInstance: ingest_data_bigquery.local_to_gcs_task scheduled__2021-09-02T06:00:00+00:00 [queued]>
[2024-04-30 04:30:19,330] {taskinstance.py:1238} INFO - 
--------------------------------------------------------------------------------
[2024-04-30 04:30:19,330] {taskinstance.py:1239} INFO - Starting attempt 1 of 2
[2024-04-30 04:30:19,331] {taskinstance.py:1240} INFO - 
--------------------------------------------------------------------------------
[2024-04-30 04:30:19,398] {taskinstance.py:1259} INFO - Executing <Task(PythonOperator): local_to_gcs_task> on 2021-09-02 06:00:00+00:00
[2024-04-30 04:30:19,464] {standard_task_runner.py:52} INFO - Started process 5324 to run task
[2024-04-30 04:30:19,548] {standard_task_runner.py:76} INFO - Running: ['***', 'tasks', 'run', 'ingest_data_bigquery', 'local_to_gcs_task', 'scheduled__2021-09-02T06:00:00+00:00', '--job-id', '3259', '--raw', '--subdir', 'DAGS_FOLDER/data_ingestion_gcs_dag.py', '--cfg-path', '/tmp/tmp9st2okog', '--error-file', '/tmp/tmpd4fs0_aa']
[2024-04-30 04:30:19,670] {standard_task_runner.py:77} INFO - Job 3259: Subtask local_to_gcs_task
[2024-04-30 04:30:20,176] {logging_mixin.py:109} INFO - Running <TaskInstance: ingest_data_bigquery.local_to_gcs_task scheduled__2021-09-02T06:00:00+00:00 [running]> on host 02dc49e0e362
[2024-04-30 04:30:20,268] {warnings.py:99} WARNING - /home/***/.local/lib/python3.6/site-packages/***/utils/context.py:152: AirflowContextDeprecationWarning: Accessing 'execution_date' from the template is deprecated and will be removed in a future version. Please use 'data_interval_start' or 'logical_date' instead.
  warnings.warn(_create_deprecation_warning(key, self._deprecation_replacements[key]))

[2024-04-30 04:30:20,338] {taskinstance.py:1426} INFO - Exporting the following env vars:
AIRFLOW_CTX_DAG_OWNER=***
AIRFLOW_CTX_DAG_ID=ingest_data_bigquery
AIRFLOW_CTX_TASK_ID=local_to_gcs_task
AIRFLOW_CTX_EXECUTION_DATE=2021-09-02T06:00:00+00:00
AIRFLOW_CTX_DAG_RUN_ID=scheduled__2021-09-02T06:00:00+00:00
[2024-04-30 04:30:57,216] {local_task_job.py:154} INFO - Task exited with return code Negsignal.SIGKILL
[2024-04-30 04:30:57,515] {taskinstance.py:1277} INFO - Marking task as UP_FOR_RETRY. dag_id=ingest_data_bigquery, task_id=local_to_gcs_task, execution_date=20210902T060000, start_date=20240430T043019, end_date=20240430T043057
[2024-04-30 04:30:59,367] {local_task_job.py:264} INFO - 0 downstream tasks scheduled from follow-on schedule check
