[2024-03-28 16:00:26,843] {taskinstance.py:1032} INFO - Dependencies all met for <TaskInstance: ingest_data_postgres.ingest_to_postgres_task scheduled__2021-03-02T06:00:00+00:00 [queued]>
[2024-03-28 16:00:26,908] {taskinstance.py:1032} INFO - Dependencies all met for <TaskInstance: ingest_data_postgres.ingest_to_postgres_task scheduled__2021-03-02T06:00:00+00:00 [queued]>
[2024-03-28 16:00:26,909] {taskinstance.py:1238} INFO - 
--------------------------------------------------------------------------------
[2024-03-28 16:00:26,909] {taskinstance.py:1239} INFO - Starting attempt 1 of 4
[2024-03-28 16:00:26,909] {taskinstance.py:1240} INFO - 
--------------------------------------------------------------------------------
[2024-03-28 16:00:26,955] {taskinstance.py:1259} INFO - Executing <Task(PythonOperator): ingest_to_postgres_task> on 2021-03-02 06:00:00+00:00
[2024-03-28 16:00:26,971] {standard_task_runner.py:52} INFO - Started process 4001 to run task
[2024-03-28 16:00:27,002] {standard_task_runner.py:76} INFO - Running: ['***', 'tasks', 'run', 'ingest_data_postgres', 'ingest_to_postgres_task', 'scheduled__2021-03-02T06:00:00+00:00', '--job-id', '1251', '--raw', '--subdir', 'DAGS_FOLDER/data_ingestion_dag.py', '--cfg-path', '/tmp/tmpur7jiu6f', '--error-file', '/tmp/tmphycusfug']
[2024-03-28 16:00:27,011] {standard_task_runner.py:77} INFO - Job 1251: Subtask ingest_to_postgres_task
[2024-03-28 16:00:27,262] {logging_mixin.py:109} INFO - Running <TaskInstance: ingest_data_postgres.ingest_to_postgres_task scheduled__2021-03-02T06:00:00+00:00 [running]> on host 05f84def3a12
[2024-03-28 16:00:27,512] {warnings.py:99} WARNING - /home/***/.local/lib/python3.6/site-packages/***/utils/context.py:152: AirflowContextDeprecationWarning: Accessing 'execution_date' from the template is deprecated and will be removed in a future version. Please use 'data_interval_start' or 'logical_date' instead.
  warnings.warn(_create_deprecation_warning(key, self._deprecation_replacements[key]))

[2024-03-28 16:00:27,655] {taskinstance.py:1426} INFO - Exporting the following env vars:
AIRFLOW_CTX_DAG_OWNER=***
AIRFLOW_CTX_DAG_ID=ingest_data_postgres
AIRFLOW_CTX_TASK_ID=ingest_to_postgres_task
AIRFLOW_CTX_EXECUTION_DATE=2021-03-02T06:00:00+00:00
AIRFLOW_CTX_DAG_RUN_ID=scheduled__2021-03-02T06:00:00+00:00
[2024-03-28 16:00:27,656] {logging_mixin.py:109} INFO - yellow_taxi_2021_03 /opt/***/yellowtaxi_tripdata_2021-03.parquet
[2024-03-28 16:00:27,656] {logging_mixin.py:109} INFO - Starting data ingestion process...
[2024-03-28 16:00:31,654] {logging_mixin.py:109} INFO - Writing data to table yellow_taxi_2021_03 in the database...
[2024-03-29 03:45:38,500] {taskinstance.py:1032} INFO - Dependencies all met for <TaskInstance: ingest_data_postgres.ingest_to_postgres_task scheduled__2021-03-02T06:00:00+00:00 [queued]>
[2024-03-29 03:45:38,560] {taskinstance.py:1032} INFO - Dependencies all met for <TaskInstance: ingest_data_postgres.ingest_to_postgres_task scheduled__2021-03-02T06:00:00+00:00 [queued]>
[2024-03-29 03:45:38,560] {taskinstance.py:1238} INFO - 
--------------------------------------------------------------------------------
[2024-03-29 03:45:38,561] {taskinstance.py:1239} INFO - Starting attempt 1 of 4
[2024-03-29 03:45:38,561] {taskinstance.py:1240} INFO - 
--------------------------------------------------------------------------------
[2024-03-29 03:45:38,824] {taskinstance.py:1259} INFO - Executing <Task(PythonOperator): ingest_to_postgres_task> on 2021-03-02 06:00:00+00:00
[2024-03-29 03:45:38,852] {standard_task_runner.py:52} INFO - Started process 1384 to run task
[2024-03-29 03:45:38,920] {standard_task_runner.py:76} INFO - Running: ['***', 'tasks', 'run', 'ingest_data_postgres', 'ingest_to_postgres_task', 'scheduled__2021-03-02T06:00:00+00:00', '--job-id', '1382', '--raw', '--subdir', 'DAGS_FOLDER/data_ingestion_dag.py', '--cfg-path', '/tmp/tmpznkk3mg5', '--error-file', '/tmp/tmpmz0ldlwm']
[2024-03-29 03:45:38,921] {standard_task_runner.py:77} INFO - Job 1382: Subtask ingest_to_postgres_task
[2024-03-29 03:45:39,458] {logging_mixin.py:109} INFO - Running <TaskInstance: ingest_data_postgres.ingest_to_postgres_task scheduled__2021-03-02T06:00:00+00:00 [running]> on host b97b5be83f56
[2024-03-29 03:45:39,710] {warnings.py:99} WARNING - /home/***/.local/lib/python3.6/site-packages/***/utils/context.py:152: AirflowContextDeprecationWarning: Accessing 'execution_date' from the template is deprecated and will be removed in a future version. Please use 'data_interval_start' or 'logical_date' instead.
  warnings.warn(_create_deprecation_warning(key, self._deprecation_replacements[key]))

[2024-03-29 03:45:39,891] {taskinstance.py:1426} INFO - Exporting the following env vars:
AIRFLOW_CTX_DAG_OWNER=***
AIRFLOW_CTX_DAG_ID=ingest_data_postgres
AIRFLOW_CTX_TASK_ID=ingest_to_postgres_task
AIRFLOW_CTX_EXECUTION_DATE=2021-03-02T06:00:00+00:00
AIRFLOW_CTX_DAG_RUN_ID=scheduled__2021-03-02T06:00:00+00:00
[2024-03-29 03:45:39,893] {ingest_script.py:15} INFO - Starting data ingestion process for table yellow_taxi_2021_03...
