[2024-05-12 12:42:33,021] {taskinstance.py:1032} INFO - Dependencies all met for <TaskInstance: ingest_data_bigquery_gt.local_to_gcs_task scheduled__2020-08-02T06:00:00+00:00 [queued]>
[2024-05-12 12:42:33,080] {taskinstance.py:1032} INFO - Dependencies all met for <TaskInstance: ingest_data_bigquery_gt.local_to_gcs_task scheduled__2020-08-02T06:00:00+00:00 [queued]>
[2024-05-12 12:42:33,080] {taskinstance.py:1238} INFO - 
--------------------------------------------------------------------------------
[2024-05-12 12:42:33,081] {taskinstance.py:1239} INFO - Starting attempt 1 of 3
[2024-05-12 12:42:33,081] {taskinstance.py:1240} INFO - 
--------------------------------------------------------------------------------
[2024-05-12 12:42:33,237] {taskinstance.py:1259} INFO - Executing <Task(PythonOperator): local_to_gcs_task> on 2020-08-02 06:00:00+00:00
[2024-05-12 12:42:33,311] {standard_task_runner.py:76} INFO - Running: ['***', 'tasks', 'run', 'ingest_data_bigquery_gt', 'local_to_gcs_task', 'scheduled__2020-08-02T06:00:00+00:00', '--job-id', '4880', '--raw', '--subdir', 'DAGS_FOLDER/data_ingestion_gcs_gt_dag .py', '--cfg-path', '/tmp/tmprtyphiim', '--error-file', '/tmp/tmpme4wblkk']
[2024-05-12 12:42:33,321] {standard_task_runner.py:77} INFO - Job 4880: Subtask local_to_gcs_task
[2024-05-12 12:42:33,298] {standard_task_runner.py:52} INFO - Started process 921 to run task
[2024-05-12 12:42:33,674] {logging_mixin.py:109} INFO - Running <TaskInstance: ingest_data_bigquery_gt.local_to_gcs_task scheduled__2020-08-02T06:00:00+00:00 [running]> on host 31858b145400
[2024-05-12 12:42:34,013] {warnings.py:99} WARNING - /home/***/.local/lib/python3.6/site-packages/***/utils/context.py:152: AirflowContextDeprecationWarning: Accessing 'execution_date' from the template is deprecated and will be removed in a future version. Please use 'data_interval_start' or 'logical_date' instead.
  warnings.warn(_create_deprecation_warning(key, self._deprecation_replacements[key]))

[2024-05-12 12:42:34,164] {taskinstance.py:1426} INFO - Exporting the following env vars:
AIRFLOW_CTX_DAG_OWNER=***
AIRFLOW_CTX_DAG_ID=ingest_data_bigquery_gt
AIRFLOW_CTX_TASK_ID=local_to_gcs_task
AIRFLOW_CTX_EXECUTION_DATE=2020-08-02T06:00:00+00:00
AIRFLOW_CTX_DAG_RUN_ID=scheduled__2020-08-02T06:00:00+00:00
[2024-05-12 12:42:35,372] {warnings.py:99} WARNING - /home/***/.local/lib/python3.6/site-packages/***/operators/python.py:174: DtypeWarning: Columns (3) have mixed types.Specify dtype option on import or set low_memory=False.
  return_value = self.execute_callable()

[2024-05-12 12:42:36,204] {python.py:175} INFO - Done. Returned value was: None
[2024-05-12 12:42:36,262] {taskinstance.py:1277} INFO - Marking task as SUCCESS. dag_id=ingest_data_bigquery_gt, task_id=local_to_gcs_task, execution_date=20200802T060000, start_date=20240512T124233, end_date=20240512T124236
[2024-05-12 12:42:36,418] {local_task_job.py:154} INFO - Task exited with return code 0
[2024-05-12 12:42:36,528] {local_task_job.py:264} INFO - 1 downstream tasks scheduled from follow-on schedule check
[2024-05-18 11:10:17,170] {taskinstance.py:1032} INFO - Dependencies all met for <TaskInstance: ingest_data_bigquery_gt.local_to_gcs_task scheduled__2020-08-02T06:00:00+00:00 [queued]>
[2024-05-18 11:10:17,252] {taskinstance.py:1032} INFO - Dependencies all met for <TaskInstance: ingest_data_bigquery_gt.local_to_gcs_task scheduled__2020-08-02T06:00:00+00:00 [queued]>
[2024-05-18 11:10:17,252] {taskinstance.py:1238} INFO - 
--------------------------------------------------------------------------------
[2024-05-18 11:10:17,252] {taskinstance.py:1239} INFO - Starting attempt 1 of 3
[2024-05-18 11:10:17,252] {taskinstance.py:1240} INFO - 
--------------------------------------------------------------------------------
[2024-05-18 11:10:17,288] {taskinstance.py:1259} INFO - Executing <Task(PythonOperator): local_to_gcs_task> on 2020-08-02 06:00:00+00:00
[2024-05-18 11:10:17,332] {standard_task_runner.py:52} INFO - Started process 1457 to run task
[2024-05-18 11:10:17,341] {standard_task_runner.py:76} INFO - Running: ['***', 'tasks', 'run', 'ingest_data_bigquery_gt', 'local_to_gcs_task', 'scheduled__2020-08-02T06:00:00+00:00', '--job-id', '4974', '--raw', '--subdir', 'DAGS_FOLDER/data_ingestion_gcs_gt_dag .py', '--cfg-path', '/tmp/tmpb7ys1zpv', '--error-file', '/tmp/tmpon9_w_q2']
[2024-05-18 11:10:17,411] {standard_task_runner.py:77} INFO - Job 4974: Subtask local_to_gcs_task
[2024-05-18 11:10:17,683] {logging_mixin.py:109} INFO - Running <TaskInstance: ingest_data_bigquery_gt.local_to_gcs_task scheduled__2020-08-02T06:00:00+00:00 [running]> on host 45b18388e83d
[2024-05-18 11:10:17,851] {warnings.py:99} WARNING - /home/***/.local/lib/python3.6/site-packages/***/utils/context.py:152: AirflowContextDeprecationWarning: Accessing 'execution_date' from the template is deprecated and will be removed in a future version. Please use 'data_interval_start' or 'logical_date' instead.
  warnings.warn(_create_deprecation_warning(key, self._deprecation_replacements[key]))

[2024-05-18 11:10:17,984] {taskinstance.py:1426} INFO - Exporting the following env vars:
AIRFLOW_CTX_DAG_OWNER=***
AIRFLOW_CTX_DAG_ID=ingest_data_bigquery_gt
AIRFLOW_CTX_TASK_ID=local_to_gcs_task
AIRFLOW_CTX_EXECUTION_DATE=2020-08-02T06:00:00+00:00
AIRFLOW_CTX_DAG_RUN_ID=scheduled__2020-08-02T06:00:00+00:00
[2024-05-18 11:10:18,309] {warnings.py:99} WARNING - /home/***/.local/lib/python3.6/site-packages/***/operators/python.py:174: DtypeWarning: Columns (3) have mixed types.Specify dtype option on import or set low_memory=False.
  return_value = self.execute_callable()

[2024-05-18 11:10:19,180] {python.py:175} INFO - Done. Returned value was: None
[2024-05-18 11:10:19,233] {taskinstance.py:1277} INFO - Marking task as SUCCESS. dag_id=ingest_data_bigquery_gt, task_id=local_to_gcs_task, execution_date=20200802T060000, start_date=20240518T111017, end_date=20240518T111019
[2024-05-18 11:10:19,346] {local_task_job.py:154} INFO - Task exited with return code 0
[2024-05-18 11:10:19,467] {local_task_job.py:264} INFO - 1 downstream tasks scheduled from follow-on schedule check
