[2024-03-25 11:27:32,737] {taskinstance.py:1032} INFO - Dependencies all met for <TaskInstance: LocalIngestionDAG.wget scheduled__2022-02-02T06:00:00+00:00 [queued]>
[2024-03-25 11:27:32,766] {taskinstance.py:1032} INFO - Dependencies all met for <TaskInstance: LocalIngestionDAG.wget scheduled__2022-02-02T06:00:00+00:00 [queued]>
[2024-03-25 11:27:32,767] {taskinstance.py:1238} INFO - 
--------------------------------------------------------------------------------
[2024-03-25 11:27:32,767] {taskinstance.py:1239} INFO - Starting attempt 1 of 1
[2024-03-25 11:27:32,767] {taskinstance.py:1240} INFO - 
--------------------------------------------------------------------------------
[2024-03-25 11:27:32,793] {taskinstance.py:1259} INFO - Executing <Task(BashOperator): wget> on 2022-02-02 06:00:00+00:00
[2024-03-25 11:27:32,806] {standard_task_runner.py:52} INFO - Started process 11166 to run task
[2024-03-25 11:27:32,827] {standard_task_runner.py:76} INFO - Running: ['***', 'tasks', 'run', 'LocalIngestionDAG', 'wget', 'scheduled__2022-02-02T06:00:00+00:00', '--job-id', '80', '--raw', '--subdir', 'DAGS_FOLDER/data_ingestion_local.py', '--cfg-path', '/tmp/tmp17ccz1k3', '--error-file', '/tmp/tmp14ml9yrr']
[2024-03-25 11:27:32,828] {standard_task_runner.py:77} INFO - Job 80: Subtask wget
[2024-03-25 11:27:32,977] {logging_mixin.py:109} INFO - Running <TaskInstance: LocalIngestionDAG.wget scheduled__2022-02-02T06:00:00+00:00 [running]> on host 91ae2bae4e06
[2024-03-25 11:27:33,073] {taskinstance.py:1426} INFO - Exporting the following env vars:
AIRFLOW_CTX_DAG_OWNER=***
AIRFLOW_CTX_DAG_ID=LocalIngestionDAG
AIRFLOW_CTX_TASK_ID=wget
AIRFLOW_CTX_EXECUTION_DATE=2022-02-02T06:00:00+00:00
AIRFLOW_CTX_DAG_RUN_ID=scheduled__2022-02-02T06:00:00+00:00
[2024-03-25 11:27:33,074] {subprocess.py:62} INFO - Tmp dir root location: 
 /tmp
[2024-03-25 11:27:33,075] {subprocess.py:74} INFO - Running command: ['bash', '-c', 'echo "hello world"']
[2024-03-25 11:27:33,092] {subprocess.py:85} INFO - Output:
[2024-03-25 11:27:33,095] {subprocess.py:89} INFO - hello world
[2024-03-25 11:27:33,096] {subprocess.py:93} INFO - Command exited with return code 0
[2024-03-25 11:27:33,145] {taskinstance.py:1277} INFO - Marking task as SUCCESS. dag_id=LocalIngestionDAG, task_id=wget, execution_date=20220202T060000, start_date=20240325T112732, end_date=20240325T112733
[2024-03-25 11:27:33,175] {local_task_job.py:154} INFO - Task exited with return code 0
[2024-03-25 11:27:33,223] {local_task_job.py:264} INFO - 1 downstream tasks scheduled from follow-on schedule check
