[2024-03-26 14:34:22,033] {taskinstance.py:1032} INFO - Dependencies all met for <TaskInstance: LocalIngestionDag.wget scheduled__2022-02-02T06:00:00+00:00 [queued]>
[2024-03-26 14:34:22,191] {taskinstance.py:1032} INFO - Dependencies all met for <TaskInstance: LocalIngestionDag.wget scheduled__2022-02-02T06:00:00+00:00 [queued]>
[2024-03-26 14:34:22,191] {taskinstance.py:1238} INFO - 
--------------------------------------------------------------------------------
[2024-03-26 14:34:22,191] {taskinstance.py:1239} INFO - Starting attempt 1 of 1
[2024-03-26 14:34:22,191] {taskinstance.py:1240} INFO - 
--------------------------------------------------------------------------------
[2024-03-26 14:34:22,350] {taskinstance.py:1259} INFO - Executing <Task(BashOperator): wget> on 2022-02-02 06:00:00+00:00
[2024-03-26 14:34:22,418] {standard_task_runner.py:52} INFO - Started process 204 to run task
[2024-03-26 14:34:22,470] {standard_task_runner.py:76} INFO - Running: ['***', 'tasks', 'run', 'LocalIngestionDag', 'wget', 'scheduled__2022-02-02T06:00:00+00:00', '--job-id', '161', '--raw', '--subdir', 'DAGS_FOLDER/data_ingestion_local.py', '--cfg-path', '/tmp/tmpp3ad_gcg', '--error-file', '/tmp/tmpy11xlbsr']
[2024-03-26 14:34:22,479] {standard_task_runner.py:77} INFO - Job 161: Subtask wget
[2024-03-26 14:34:22,894] {logging_mixin.py:109} INFO - Running <TaskInstance: LocalIngestionDag.wget scheduled__2022-02-02T06:00:00+00:00 [running]> on host 55b5831905d1
[2024-03-26 14:34:23,316] {warnings.py:99} WARNING - /home/***/.local/lib/python3.6/site-packages/***/utils/context.py:152: AirflowContextDeprecationWarning: Accessing 'execution_date' from the template is deprecated and will be removed in a future version. Please use 'data_interval_start' or 'logical_date' instead.
  warnings.warn(_create_deprecation_warning(key, self._deprecation_replacements[key]))

[2024-03-26 14:34:23,464] {taskinstance.py:1426} INFO - Exporting the following env vars:
AIRFLOW_CTX_DAG_OWNER=***
AIRFLOW_CTX_DAG_ID=LocalIngestionDag
AIRFLOW_CTX_TASK_ID=wget
AIRFLOW_CTX_EXECUTION_DATE=2022-02-02T06:00:00+00:00
AIRFLOW_CTX_DAG_RUN_ID=scheduled__2022-02-02T06:00:00+00:00
[2024-03-26 14:34:23,465] {subprocess.py:62} INFO - Tmp dir root location: 
 /tmp
[2024-03-26 14:34:23,466] {subprocess.py:74} INFO - Running command: ['bash', '-c', 'curl -sSL https://s3.amazonaws.com/nyc-tlc/trip+data/yellow_tripdata_2022-02.csv > /opt/***/output_2022-02.csv']
[2024-03-26 14:34:23,683] {subprocess.py:85} INFO - Output:
[2024-03-26 14:34:24,977] {subprocess.py:93} INFO - Command exited with return code 0
[2024-03-26 14:34:25,040] {taskinstance.py:1277} INFO - Marking task as SUCCESS. dag_id=LocalIngestionDag, task_id=wget, execution_date=20220202T060000, start_date=20240326T143422, end_date=20240326T143425
[2024-03-26 14:34:25,092] {local_task_job.py:154} INFO - Task exited with return code 0
[2024-03-26 14:34:25,191] {local_task_job.py:264} INFO - 1 downstream tasks scheduled from follow-on schedule check
[2024-03-26 15:30:07,322] {taskinstance.py:1032} INFO - Dependencies all met for <TaskInstance: LocalIngestionDag.wget scheduled__2022-02-02T06:00:00+00:00 [queued]>
[2024-03-26 15:30:07,348] {taskinstance.py:1032} INFO - Dependencies all met for <TaskInstance: LocalIngestionDag.wget scheduled__2022-02-02T06:00:00+00:00 [queued]>
[2024-03-26 15:30:07,348] {taskinstance.py:1238} INFO - 
--------------------------------------------------------------------------------
[2024-03-26 15:30:07,349] {taskinstance.py:1239} INFO - Starting attempt 1 of 1
[2024-03-26 15:30:07,349] {taskinstance.py:1240} INFO - 
--------------------------------------------------------------------------------
[2024-03-26 15:30:07,377] {taskinstance.py:1259} INFO - Executing <Task(BashOperator): wget> on 2022-02-02 06:00:00+00:00
[2024-03-26 15:30:07,396] {standard_task_runner.py:52} INFO - Started process 972 to run task
[2024-03-26 15:30:07,407] {standard_task_runner.py:76} INFO - Running: ['***', 'tasks', 'run', 'LocalIngestionDag', 'wget', 'scheduled__2022-02-02T06:00:00+00:00', '--job-id', '288', '--raw', '--subdir', 'DAGS_FOLDER/data_ingestion_local.py', '--cfg-path', '/tmp/tmp08ag9zeo', '--error-file', '/tmp/tmpguplu850']
[2024-03-26 15:30:07,408] {standard_task_runner.py:77} INFO - Job 288: Subtask wget
[2024-03-26 15:30:07,504] {logging_mixin.py:109} INFO - Running <TaskInstance: LocalIngestionDag.wget scheduled__2022-02-02T06:00:00+00:00 [running]> on host 153a478eba08
[2024-03-26 15:30:07,582] {warnings.py:99} WARNING - /home/***/.local/lib/python3.6/site-packages/***/utils/context.py:152: AirflowContextDeprecationWarning: Accessing 'execution_date' from the template is deprecated and will be removed in a future version. Please use 'data_interval_start' or 'logical_date' instead.
  warnings.warn(_create_deprecation_warning(key, self._deprecation_replacements[key]))

[2024-03-26 15:30:07,669] {taskinstance.py:1426} INFO - Exporting the following env vars:
AIRFLOW_CTX_DAG_OWNER=***
AIRFLOW_CTX_DAG_ID=LocalIngestionDag
AIRFLOW_CTX_TASK_ID=wget
AIRFLOW_CTX_EXECUTION_DATE=2022-02-02T06:00:00+00:00
AIRFLOW_CTX_DAG_RUN_ID=scheduled__2022-02-02T06:00:00+00:00
[2024-03-26 15:30:07,671] {subprocess.py:62} INFO - Tmp dir root location: 
 /tmp
[2024-03-26 15:30:07,672] {subprocess.py:74} INFO - Running command: ['bash', '-c', 'curl -sSL https://s3.amazonaws.com/nyc-tlc/trip+data/yellow_tripdata_2022-02.csv > /opt/***/output_2022-02.csv']
[2024-03-26 15:30:07,731] {subprocess.py:85} INFO - Output:
[2024-03-26 15:30:08,664] {subprocess.py:93} INFO - Command exited with return code 0
[2024-03-26 15:30:08,769] {taskinstance.py:1277} INFO - Marking task as SUCCESS. dag_id=LocalIngestionDag, task_id=wget, execution_date=20220202T060000, start_date=20240326T153007, end_date=20240326T153008
[2024-03-26 15:30:08,842] {local_task_job.py:154} INFO - Task exited with return code 0
[2024-03-26 15:30:08,911] {local_task_job.py:264} INFO - 1 downstream tasks scheduled from follow-on schedule check
