[2024-05-12 12:41:37,811] {taskinstance.py:1032} INFO - Dependencies all met for <TaskInstance: ingest_data_bigquery_gt.download_dataset_task scheduled__2020-02-02T06:00:00+00:00 [queued]>
[2024-05-12 12:41:37,831] {taskinstance.py:1032} INFO - Dependencies all met for <TaskInstance: ingest_data_bigquery_gt.download_dataset_task scheduled__2020-02-02T06:00:00+00:00 [queued]>
[2024-05-12 12:41:37,831] {taskinstance.py:1238} INFO - 
--------------------------------------------------------------------------------
[2024-05-12 12:41:37,831] {taskinstance.py:1239} INFO - Starting attempt 1 of 3
[2024-05-12 12:41:37,831] {taskinstance.py:1240} INFO - 
--------------------------------------------------------------------------------
[2024-05-12 12:41:37,859] {taskinstance.py:1259} INFO - Executing <Task(BashOperator): download_dataset_task> on 2020-02-02 06:00:00+00:00
[2024-05-12 12:41:37,917] {standard_task_runner.py:76} INFO - Running: ['***', 'tasks', 'run', 'ingest_data_bigquery_gt', 'download_dataset_task', 'scheduled__2020-02-02T06:00:00+00:00', '--job-id', '4828', '--raw', '--subdir', 'DAGS_FOLDER/data_ingestion_gcs_gt_dag .py', '--cfg-path', '/tmp/tmpbnxlnoe9', '--error-file', '/tmp/tmp3ctd_5p_']
[2024-05-12 12:41:37,936] {standard_task_runner.py:77} INFO - Job 4828: Subtask download_dataset_task
[2024-05-12 12:41:37,891] {standard_task_runner.py:52} INFO - Started process 590 to run task
[2024-05-12 12:41:38,295] {logging_mixin.py:109} INFO - Running <TaskInstance: ingest_data_bigquery_gt.download_dataset_task scheduled__2020-02-02T06:00:00+00:00 [running]> on host 31858b145400
[2024-05-12 12:41:38,470] {warnings.py:99} WARNING - /home/***/.local/lib/python3.6/site-packages/***/utils/context.py:152: AirflowContextDeprecationWarning: Accessing 'execution_date' from the template is deprecated and will be removed in a future version. Please use 'data_interval_start' or 'logical_date' instead.
  warnings.warn(_create_deprecation_warning(key, self._deprecation_replacements[key]))

[2024-05-12 12:41:38,563] {taskinstance.py:1426} INFO - Exporting the following env vars:
AIRFLOW_CTX_DAG_OWNER=***
AIRFLOW_CTX_DAG_ID=ingest_data_bigquery_gt
AIRFLOW_CTX_TASK_ID=download_dataset_task
AIRFLOW_CTX_EXECUTION_DATE=2020-02-02T06:00:00+00:00
AIRFLOW_CTX_DAG_RUN_ID=scheduled__2020-02-02T06:00:00+00:00
[2024-05-12 12:41:38,564] {subprocess.py:62} INFO - Tmp dir root location: 
 /tmp
[2024-05-12 12:41:38,565] {subprocess.py:74} INFO - Running command: ['bash', '-c', 'curl -sSL https://github.com/DataTalksClub/nyc-tlc-data/releases/download/green/green_tripdata_2020-02.csv.gz > /opt/***/raw_data/greentaxi_tripdata_2020-02.csv.gz && gunzip /opt/***/raw_data/greentaxi_tripdata_2020-02.csv.gz']
[2024-05-12 12:41:38,662] {subprocess.py:85} INFO - Output:
[2024-05-12 12:41:41,668] {subprocess.py:93} INFO - Command exited with return code 0
[2024-05-12 12:41:41,890] {taskinstance.py:1277} INFO - Marking task as SUCCESS. dag_id=ingest_data_bigquery_gt, task_id=download_dataset_task, execution_date=20200202T060000, start_date=20240512T124137, end_date=20240512T124141
[2024-05-12 12:41:41,997] {local_task_job.py:154} INFO - Task exited with return code 0
[2024-05-12 12:41:42,116] {local_task_job.py:264} INFO - 1 downstream tasks scheduled from follow-on schedule check
[2024-05-18 11:09:23,117] {taskinstance.py:1032} INFO - Dependencies all met for <TaskInstance: ingest_data_bigquery_gt.download_dataset_task scheduled__2020-02-02T06:00:00+00:00 [queued]>
[2024-05-18 11:09:23,180] {taskinstance.py:1032} INFO - Dependencies all met for <TaskInstance: ingest_data_bigquery_gt.download_dataset_task scheduled__2020-02-02T06:00:00+00:00 [queued]>
[2024-05-18 11:09:23,181] {taskinstance.py:1238} INFO - 
--------------------------------------------------------------------------------
[2024-05-18 11:09:23,181] {taskinstance.py:1239} INFO - Starting attempt 1 of 3
[2024-05-18 11:09:23,181] {taskinstance.py:1240} INFO - 
--------------------------------------------------------------------------------
[2024-05-18 11:09:23,252] {taskinstance.py:1259} INFO - Executing <Task(BashOperator): download_dataset_task> on 2020-02-02 06:00:00+00:00
[2024-05-18 11:09:23,266] {standard_task_runner.py:52} INFO - Started process 1133 to run task
[2024-05-18 11:09:23,298] {standard_task_runner.py:76} INFO - Running: ['***', 'tasks', 'run', 'ingest_data_bigquery_gt', 'download_dataset_task', 'scheduled__2020-02-02T06:00:00+00:00', '--job-id', '4923', '--raw', '--subdir', 'DAGS_FOLDER/data_ingestion_gcs_gt_dag .py', '--cfg-path', '/tmp/tmp98ypomnj', '--error-file', '/tmp/tmp47wstq4l']
[2024-05-18 11:09:23,308] {standard_task_runner.py:77} INFO - Job 4923: Subtask download_dataset_task
[2024-05-18 11:09:23,487] {logging_mixin.py:109} INFO - Running <TaskInstance: ingest_data_bigquery_gt.download_dataset_task scheduled__2020-02-02T06:00:00+00:00 [running]> on host 45b18388e83d
[2024-05-18 11:09:23,569] {warnings.py:99} WARNING - /home/***/.local/lib/python3.6/site-packages/***/utils/context.py:152: AirflowContextDeprecationWarning: Accessing 'execution_date' from the template is deprecated and will be removed in a future version. Please use 'data_interval_start' or 'logical_date' instead.
  warnings.warn(_create_deprecation_warning(key, self._deprecation_replacements[key]))

[2024-05-18 11:09:23,620] {taskinstance.py:1426} INFO - Exporting the following env vars:
AIRFLOW_CTX_DAG_OWNER=***
AIRFLOW_CTX_DAG_ID=ingest_data_bigquery_gt
AIRFLOW_CTX_TASK_ID=download_dataset_task
AIRFLOW_CTX_EXECUTION_DATE=2020-02-02T06:00:00+00:00
AIRFLOW_CTX_DAG_RUN_ID=scheduled__2020-02-02T06:00:00+00:00
[2024-05-18 11:09:23,621] {subprocess.py:62} INFO - Tmp dir root location: 
 /tmp
[2024-05-18 11:09:23,622] {subprocess.py:74} INFO - Running command: ['bash', '-c', 'curl -sSL https://github.com/DataTalksClub/nyc-tlc-data/releases/download/green/green_tripdata_2020-02.csv.gz > /opt/***/raw_data/greentaxi_tripdata_2020-02.csv.gz && gunzip /opt/***/raw_data/greentaxi_tripdata_2020-02.csv.gz']
[2024-05-18 11:09:23,709] {subprocess.py:85} INFO - Output:
[2024-05-18 11:09:27,183] {subprocess.py:93} INFO - Command exited with return code 0
[2024-05-18 11:09:27,886] {taskinstance.py:1277} INFO - Marking task as SUCCESS. dag_id=ingest_data_bigquery_gt, task_id=download_dataset_task, execution_date=20200202T060000, start_date=20240518T110923, end_date=20240518T110927
[2024-05-18 11:09:28,096] {local_task_job.py:154} INFO - Task exited with return code 0
[2024-05-18 11:09:28,324] {local_task_job.py:264} INFO - 1 downstream tasks scheduled from follow-on schedule check
