[2024-03-29 03:19:42,213] {taskinstance.py:1032} INFO - Dependencies all met for <TaskInstance: ingest_data_postgres.ingest_to_postgres_task scheduled__2022-04-02T06:00:00+00:00 [queued]>
[2024-03-29 03:19:42,386] {taskinstance.py:1032} INFO - Dependencies all met for <TaskInstance: ingest_data_postgres.ingest_to_postgres_task scheduled__2022-04-02T06:00:00+00:00 [queued]>
[2024-03-29 03:19:42,391] {taskinstance.py:1238} INFO - 
--------------------------------------------------------------------------------
[2024-03-29 03:19:42,405] {taskinstance.py:1239} INFO - Starting attempt 3 of 4
[2024-03-29 03:19:42,405] {taskinstance.py:1240} INFO - 
--------------------------------------------------------------------------------
[2024-03-29 03:19:42,660] {taskinstance.py:1259} INFO - Executing <Task(PythonOperator): ingest_to_postgres_task> on 2022-04-02 06:00:00+00:00
[2024-03-29 03:19:42,705] {standard_task_runner.py:52} INFO - Started process 104 to run task
[2024-03-29 03:19:42,723] {standard_task_runner.py:76} INFO - Running: ['***', 'tasks', 'run', 'ingest_data_postgres', 'ingest_to_postgres_task', 'scheduled__2022-04-02T06:00:00+00:00', '--job-id', '1358', '--raw', '--subdir', 'DAGS_FOLDER/data_ingestion_dag.py', '--cfg-path', '/tmp/tmprgiaoakm', '--error-file', '/tmp/tmpgo3ykxnv']
[2024-03-29 03:19:42,733] {standard_task_runner.py:77} INFO - Job 1358: Subtask ingest_to_postgres_task
[2024-03-29 03:19:43,551] {logging_mixin.py:109} INFO - Running <TaskInstance: ingest_data_postgres.ingest_to_postgres_task scheduled__2022-04-02T06:00:00+00:00 [running]> on host b97b5be83f56
[2024-03-29 03:19:44,390] {warnings.py:99} WARNING - /home/***/.local/lib/python3.6/site-packages/***/utils/context.py:152: AirflowContextDeprecationWarning: Accessing 'execution_date' from the template is deprecated and will be removed in a future version. Please use 'data_interval_start' or 'logical_date' instead.
  warnings.warn(_create_deprecation_warning(key, self._deprecation_replacements[key]))

[2024-03-29 03:19:44,650] {taskinstance.py:1426} INFO - Exporting the following env vars:
AIRFLOW_CTX_DAG_OWNER=***
AIRFLOW_CTX_DAG_ID=ingest_data_postgres
AIRFLOW_CTX_TASK_ID=ingest_to_postgres_task
AIRFLOW_CTX_EXECUTION_DATE=2022-04-02T06:00:00+00:00
AIRFLOW_CTX_DAG_RUN_ID=scheduled__2022-04-02T06:00:00+00:00
[2024-03-29 03:19:44,657] {logging_mixin.py:109} INFO - yellow_taxi_2022_04 /opt/***/yellowtaxi_tripdata_2022-04.parquet
[2024-03-29 03:19:44,688] {logging_mixin.py:109} INFO - Starting data ingestion process...
[2024-03-29 03:19:46,430] {taskinstance.py:1700} ERROR - Task failed with exception
Traceback (most recent call last):
  File "/home/airflow/.local/lib/python3.6/site-packages/airflow/models/taskinstance.py", line 1329, in _run_raw_task
    self._execute_task_with_callbacks(context)
  File "/home/airflow/.local/lib/python3.6/site-packages/airflow/models/taskinstance.py", line 1455, in _execute_task_with_callbacks
    result = self._execute_task(context, self.task)
  File "/home/airflow/.local/lib/python3.6/site-packages/airflow/models/taskinstance.py", line 1511, in _execute_task
    result = execute_callable(context=context)
  File "/home/airflow/.local/lib/python3.6/site-packages/airflow/operators/python.py", line 174, in execute
    return_value = self.execute_callable()
  File "/home/airflow/.local/lib/python3.6/site-packages/airflow/operators/python.py", line 185, in execute_callable
    return self.python_callable(*self.op_args, **self.op_kwargs)
  File "/opt/airflow/dags/ingest_script.py", line 20, in ingest_callable
    df = pd.read_parquet(parquet_file)
  File "/home/airflow/.local/lib/python3.6/site-packages/pandas/io/parquet.py", line 317, in read_parquet
    return impl.read(path, columns=columns, **kwargs)
  File "/home/airflow/.local/lib/python3.6/site-packages/pandas/io/parquet.py", line 142, in read
    path, columns=columns, filesystem=fs, **kwargs
  File "/home/airflow/.local/lib/python3.6/site-packages/pyarrow/parquet.py", line 1869, in read_table
    coerce_int96_timestamp_unit=coerce_int96_timestamp_unit
  File "/home/airflow/.local/lib/python3.6/site-packages/pyarrow/parquet.py", line 1697, in __init__
    ignore_prefixes=ignore_prefixes)
  File "/home/airflow/.local/lib/python3.6/site-packages/pyarrow/dataset.py", line 655, in dataset
    return _filesystem_dataset(source, **kwargs)
  File "/home/airflow/.local/lib/python3.6/site-packages/pyarrow/dataset.py", line 400, in _filesystem_dataset
    fs, paths_or_selector = _ensure_single_source(source, filesystem)
  File "/home/airflow/.local/lib/python3.6/site-packages/pyarrow/dataset.py", line 376, in _ensure_single_source
    raise FileNotFoundError(path)
FileNotFoundError: /opt/***/yellowtaxi_tripdata_2022-04.parquet
[2024-03-29 03:19:46,682] {taskinstance.py:1277} INFO - Marking task as UP_FOR_RETRY. dag_id=ingest_data_postgres, task_id=ingest_to_postgres_task, execution_date=20220402T060000, start_date=20240329T031942, end_date=20240329T031946
[2024-03-29 03:19:46,996] {standard_task_runner.py:92} ERROR - Failed to execute job 1358 for task ingest_to_postgres_task
Traceback (most recent call last):
  File "/home/airflow/.local/lib/python3.6/site-packages/airflow/task/task_runner/standard_task_runner.py", line 85, in _start_by_fork
    args.func(args, dag=self.dag)
  File "/home/airflow/.local/lib/python3.6/site-packages/airflow/cli/cli_parser.py", line 48, in command
    return func(*args, **kwargs)
  File "/home/airflow/.local/lib/python3.6/site-packages/airflow/utils/cli.py", line 92, in wrapper
    return f(*args, **kwargs)
  File "/home/airflow/.local/lib/python3.6/site-packages/airflow/cli/commands/task_command.py", line 298, in task_run
    _run_task_by_selected_method(args, dag, ti)
  File "/home/airflow/.local/lib/python3.6/site-packages/airflow/cli/commands/task_command.py", line 107, in _run_task_by_selected_method
    _run_raw_task(args, ti)
  File "/home/airflow/.local/lib/python3.6/site-packages/airflow/cli/commands/task_command.py", line 184, in _run_raw_task
    error_file=args.error_file,
  File "/home/airflow/.local/lib/python3.6/site-packages/airflow/utils/session.py", line 70, in wrapper
    return func(*args, session=session, **kwargs)
  File "/home/airflow/.local/lib/python3.6/site-packages/airflow/models/taskinstance.py", line 1329, in _run_raw_task
    self._execute_task_with_callbacks(context)
  File "/home/airflow/.local/lib/python3.6/site-packages/airflow/models/taskinstance.py", line 1455, in _execute_task_with_callbacks
    result = self._execute_task(context, self.task)
  File "/home/airflow/.local/lib/python3.6/site-packages/airflow/models/taskinstance.py", line 1511, in _execute_task
    result = execute_callable(context=context)
  File "/home/airflow/.local/lib/python3.6/site-packages/airflow/operators/python.py", line 174, in execute
    return_value = self.execute_callable()
  File "/home/airflow/.local/lib/python3.6/site-packages/airflow/operators/python.py", line 185, in execute_callable
    return self.python_callable(*self.op_args, **self.op_kwargs)
  File "/opt/airflow/dags/ingest_script.py", line 20, in ingest_callable
    df = pd.read_parquet(parquet_file)
  File "/home/airflow/.local/lib/python3.6/site-packages/pandas/io/parquet.py", line 317, in read_parquet
    return impl.read(path, columns=columns, **kwargs)
  File "/home/airflow/.local/lib/python3.6/site-packages/pandas/io/parquet.py", line 142, in read
    path, columns=columns, filesystem=fs, **kwargs
  File "/home/airflow/.local/lib/python3.6/site-packages/pyarrow/parquet.py", line 1869, in read_table
    coerce_int96_timestamp_unit=coerce_int96_timestamp_unit
  File "/home/airflow/.local/lib/python3.6/site-packages/pyarrow/parquet.py", line 1697, in __init__
    ignore_prefixes=ignore_prefixes)
  File "/home/airflow/.local/lib/python3.6/site-packages/pyarrow/dataset.py", line 655, in dataset
    return _filesystem_dataset(source, **kwargs)
  File "/home/airflow/.local/lib/python3.6/site-packages/pyarrow/dataset.py", line 400, in _filesystem_dataset
    fs, paths_or_selector = _ensure_single_source(source, filesystem)
  File "/home/airflow/.local/lib/python3.6/site-packages/pyarrow/dataset.py", line 376, in _ensure_single_source
    raise FileNotFoundError(path)
FileNotFoundError: /opt/***/yellowtaxi_tripdata_2022-04.parquet
[2024-03-29 03:19:47,216] {local_task_job.py:154} INFO - Task exited with return code 1
[2024-03-29 03:19:47,679] {local_task_job.py:264} INFO - 0 downstream tasks scheduled from follow-on schedule check
