[2024-05-19 04:20:46,239] {taskinstance.py:1032} INFO - Dependencies all met for <TaskInstance: ingest_data_bigquery_fhvhv.local_to_gcs_task scheduled__2020-11-02T06:00:00+00:00 [queued]>
[2024-05-19 04:20:46,308] {taskinstance.py:1032} INFO - Dependencies all met for <TaskInstance: ingest_data_bigquery_fhvhv.local_to_gcs_task scheduled__2020-11-02T06:00:00+00:00 [queued]>
[2024-05-19 04:20:46,310] {taskinstance.py:1238} INFO - 
--------------------------------------------------------------------------------
[2024-05-19 04:20:46,312] {taskinstance.py:1239} INFO - Starting attempt 1 of 3
[2024-05-19 04:20:46,313] {taskinstance.py:1240} INFO - 
--------------------------------------------------------------------------------
[2024-05-19 04:20:46,435] {taskinstance.py:1259} INFO - Executing <Task(PythonOperator): local_to_gcs_task> on 2020-11-02 06:00:00+00:00
[2024-05-19 04:20:46,489] {standard_task_runner.py:76} INFO - Running: ['***', 'tasks', 'run', 'ingest_data_bigquery_fhvhv', 'local_to_gcs_task', 'scheduled__2020-11-02T06:00:00+00:00', '--job-id', '5506', '--raw', '--subdir', 'DAGS_FOLDER/data_ingestion_gcs_fhvhv_dag.py', '--cfg-path', '/tmp/tmpcpyuaf15', '--error-file', '/tmp/tmp6_c8visf']
[2024-05-19 04:20:46,510] {standard_task_runner.py:77} INFO - Job 5506: Subtask local_to_gcs_task
[2024-05-19 04:20:46,471] {standard_task_runner.py:52} INFO - Started process 444 to run task
[2024-05-19 04:20:46,732] {logging_mixin.py:109} INFO - Running <TaskInstance: ingest_data_bigquery_fhvhv.local_to_gcs_task scheduled__2020-11-02T06:00:00+00:00 [running]> on host b57d73dcebce
[2024-05-19 04:20:46,901] {warnings.py:99} WARNING - /home/***/.local/lib/python3.6/site-packages/***/utils/context.py:152: AirflowContextDeprecationWarning: Accessing 'execution_date' from the template is deprecated and will be removed in a future version. Please use 'data_interval_start' or 'logical_date' instead.
  warnings.warn(_create_deprecation_warning(key, self._deprecation_replacements[key]))

[2024-05-19 04:20:47,049] {taskinstance.py:1426} INFO - Exporting the following env vars:
AIRFLOW_CTX_DAG_OWNER=***
AIRFLOW_CTX_DAG_ID=ingest_data_bigquery_fhvhv
AIRFLOW_CTX_TASK_ID=local_to_gcs_task
AIRFLOW_CTX_EXECUTION_DATE=2020-11-02T06:00:00+00:00
AIRFLOW_CTX_DAG_RUN_ID=scheduled__2020-11-02T06:00:00+00:00
[2024-05-19 04:21:10,615] {local_task_job.py:154} INFO - Task exited with return code Negsignal.SIGKILL
[2024-05-19 04:21:12,134] {taskinstance.py:1277} INFO - Marking task as UP_FOR_RETRY. dag_id=ingest_data_bigquery_fhvhv, task_id=local_to_gcs_task, execution_date=20201102T060000, start_date=20240519T042046, end_date=20240519T042112
[2024-05-19 04:21:13,678] {local_task_job.py:264} INFO - 0 downstream tasks scheduled from follow-on schedule check
[2024-12-22 09:02:14,023] {taskinstance.py:1032} INFO - Dependencies all met for <TaskInstance: ingest_data_bigquery_fhvhv.local_to_gcs_task scheduled__2020-11-02T06:00:00+00:00 [queued]>
[2024-12-22 09:02:14,059] {taskinstance.py:1032} INFO - Dependencies all met for <TaskInstance: ingest_data_bigquery_fhvhv.local_to_gcs_task scheduled__2020-11-02T06:00:00+00:00 [queued]>
[2024-12-22 09:02:14,059] {taskinstance.py:1238} INFO - 
--------------------------------------------------------------------------------
[2024-12-22 09:02:14,059] {taskinstance.py:1239} INFO - Starting attempt 1 of 3
[2024-12-22 09:02:14,059] {taskinstance.py:1240} INFO - 
--------------------------------------------------------------------------------
[2024-12-22 09:02:14,088] {taskinstance.py:1259} INFO - Executing <Task(PythonOperator): local_to_gcs_task> on 2020-11-02 06:00:00+00:00
[2024-12-22 09:02:14,116] {standard_task_runner.py:76} INFO - Running: ['***', 'tasks', 'run', 'ingest_data_bigquery_fhvhv', 'local_to_gcs_task', 'scheduled__2020-11-02T06:00:00+00:00', '--job-id', '5739', '--raw', '--subdir', 'DAGS_FOLDER/data_ingestion_gcs_fhvhv_dag.py', '--cfg-path', '/tmp/tmpey5dueoi', '--error-file', '/tmp/tmpqsek7ay_']
[2024-12-22 09:02:14,140] {standard_task_runner.py:77} INFO - Job 5739: Subtask local_to_gcs_task
[2024-12-22 09:02:14,104] {standard_task_runner.py:52} INFO - Started process 165 to run task
[2024-12-22 09:02:14,263] {logging_mixin.py:109} INFO - Running <TaskInstance: ingest_data_bigquery_fhvhv.local_to_gcs_task scheduled__2020-11-02T06:00:00+00:00 [running]> on host 25c45a941f8e
[2024-12-22 09:02:14,359] {warnings.py:99} WARNING - /home/***/.local/lib/python3.6/site-packages/***/utils/context.py:152: AirflowContextDeprecationWarning: Accessing 'execution_date' from the template is deprecated and will be removed in a future version. Please use 'data_interval_start' or 'logical_date' instead.
  warnings.warn(_create_deprecation_warning(key, self._deprecation_replacements[key]))

[2024-12-22 09:02:14,414] {taskinstance.py:1426} INFO - Exporting the following env vars:
AIRFLOW_CTX_DAG_OWNER=***
AIRFLOW_CTX_DAG_ID=ingest_data_bigquery_fhvhv
AIRFLOW_CTX_TASK_ID=local_to_gcs_task
AIRFLOW_CTX_EXECUTION_DATE=2020-11-02T06:00:00+00:00
AIRFLOW_CTX_DAG_RUN_ID=scheduled__2020-11-02T06:00:00+00:00
[2024-12-29 14:26:51,004] {taskinstance.py:1032} INFO - Dependencies all met for <TaskInstance: ingest_data_bigquery_fhvhv.local_to_gcs_task scheduled__2020-11-02T06:00:00+00:00 [queued]>
[2024-12-29 14:26:51,065] {taskinstance.py:1032} INFO - Dependencies all met for <TaskInstance: ingest_data_bigquery_fhvhv.local_to_gcs_task scheduled__2020-11-02T06:00:00+00:00 [queued]>
[2024-12-29 14:26:51,066] {taskinstance.py:1238} INFO - 
--------------------------------------------------------------------------------
[2024-12-29 14:26:51,067] {taskinstance.py:1239} INFO - Starting attempt 1 of 3
[2024-12-29 14:26:51,067] {taskinstance.py:1240} INFO - 
--------------------------------------------------------------------------------
[2024-12-29 14:26:51,110] {taskinstance.py:1259} INFO - Executing <Task(PythonOperator): local_to_gcs_task> on 2020-11-02 06:00:00+00:00
[2024-12-29 14:26:51,175] {standard_task_runner.py:52} INFO - Started process 256 to run task
[2024-12-29 14:26:51,235] {standard_task_runner.py:76} INFO - Running: ['***', 'tasks', 'run', 'ingest_data_bigquery_fhvhv', 'local_to_gcs_task', 'scheduled__2020-11-02T06:00:00+00:00', '--job-id', '5937', '--raw', '--subdir', 'DAGS_FOLDER/data_ingestion_gcs_fhvhv_dag.py', '--cfg-path', '/tmp/tmpehq4m8aq', '--error-file', '/tmp/tmp451le1ct']
[2024-12-29 14:26:51,322] {standard_task_runner.py:77} INFO - Job 5937: Subtask local_to_gcs_task
[2024-12-29 14:26:51,885] {logging_mixin.py:109} INFO - Running <TaskInstance: ingest_data_bigquery_fhvhv.local_to_gcs_task scheduled__2020-11-02T06:00:00+00:00 [running]> on host f6575b1efae7
[2024-12-29 14:26:51,959] {warnings.py:99} WARNING - /home/***/.local/lib/python3.6/site-packages/***/utils/context.py:152: AirflowContextDeprecationWarning: Accessing 'execution_date' from the template is deprecated and will be removed in a future version. Please use 'data_interval_start' or 'logical_date' instead.
  warnings.warn(_create_deprecation_warning(key, self._deprecation_replacements[key]))

[2024-12-29 14:26:52,022] {taskinstance.py:1426} INFO - Exporting the following env vars:
AIRFLOW_CTX_DAG_OWNER=***
AIRFLOW_CTX_DAG_ID=ingest_data_bigquery_fhvhv
AIRFLOW_CTX_TASK_ID=local_to_gcs_task
AIRFLOW_CTX_EXECUTION_DATE=2020-11-02T06:00:00+00:00
AIRFLOW_CTX_DAG_RUN_ID=scheduled__2020-11-02T06:00:00+00:00
[2025-01-01 05:12:39,056] {taskinstance.py:1032} INFO - Dependencies all met for <TaskInstance: ingest_data_bigquery_fhvhv.local_to_gcs_task scheduled__2020-11-02T06:00:00+00:00 [queued]>
[2025-01-01 05:12:39,071] {taskinstance.py:1032} INFO - Dependencies all met for <TaskInstance: ingest_data_bigquery_fhvhv.local_to_gcs_task scheduled__2020-11-02T06:00:00+00:00 [queued]>
[2025-01-01 05:12:39,072] {taskinstance.py:1238} INFO - 
--------------------------------------------------------------------------------
[2025-01-01 05:12:39,072] {taskinstance.py:1239} INFO - Starting attempt 1 of 3
[2025-01-01 05:12:39,072] {taskinstance.py:1240} INFO - 
--------------------------------------------------------------------------------
[2025-01-01 05:12:39,084] {taskinstance.py:1259} INFO - Executing <Task(PythonOperator): local_to_gcs_task> on 2020-11-02 06:00:00+00:00
[2025-01-01 05:12:39,092] {standard_task_runner.py:52} INFO - Started process 4547 to run task
[2025-01-01 05:12:39,099] {standard_task_runner.py:76} INFO - Running: ['***', 'tasks', 'run', 'ingest_data_bigquery_fhvhv', 'local_to_gcs_task', 'scheduled__2020-11-02T06:00:00+00:00', '--job-id', '6230', '--raw', '--subdir', 'DAGS_FOLDER/data_ingestion_gcs_fhvhv_dag.py', '--cfg-path', '/tmp/tmp247rzpyw', '--error-file', '/tmp/tmpy4enpp0h']
[2025-01-01 05:12:39,106] {standard_task_runner.py:77} INFO - Job 6230: Subtask local_to_gcs_task
[2025-01-01 05:12:39,189] {logging_mixin.py:109} INFO - Running <TaskInstance: ingest_data_bigquery_fhvhv.local_to_gcs_task scheduled__2020-11-02T06:00:00+00:00 [running]> on host 4228b0d90dbc
[2025-01-01 05:12:39,241] {warnings.py:99} WARNING - /home/***/.local/lib/python3.6/site-packages/***/utils/context.py:152: AirflowContextDeprecationWarning: Accessing 'execution_date' from the template is deprecated and will be removed in a future version. Please use 'data_interval_start' or 'logical_date' instead.
  warnings.warn(_create_deprecation_warning(key, self._deprecation_replacements[key]))

[2025-01-01 05:12:39,273] {taskinstance.py:1426} INFO - Exporting the following env vars:
AIRFLOW_CTX_DAG_OWNER=***
AIRFLOW_CTX_DAG_ID=ingest_data_bigquery_fhvhv
AIRFLOW_CTX_TASK_ID=local_to_gcs_task
AIRFLOW_CTX_EXECUTION_DATE=2020-11-02T06:00:00+00:00
AIRFLOW_CTX_DAG_RUN_ID=scheduled__2020-11-02T06:00:00+00:00
[2025-01-01 05:13:06,564] {python.py:175} INFO - Done. Returned value was: None
[2025-01-01 05:13:06,580] {taskinstance.py:1277} INFO - Marking task as SUCCESS. dag_id=ingest_data_bigquery_fhvhv, task_id=local_to_gcs_task, execution_date=20201102T060000, start_date=20250101T051239, end_date=20250101T051306
[2025-01-01 05:13:06,638] {local_task_job.py:154} INFO - Task exited with return code 0
[2025-01-01 05:13:06,675] {local_task_job.py:264} INFO - 1 downstream tasks scheduled from follow-on schedule check
[2025-01-01 11:52:50,173] {taskinstance.py:1032} INFO - Dependencies all met for <TaskInstance: ingest_data_bigquery_fhvhv.local_to_gcs_task scheduled__2020-11-02T06:00:00+00:00 [queued]>
[2025-01-01 11:52:50,188] {taskinstance.py:1032} INFO - Dependencies all met for <TaskInstance: ingest_data_bigquery_fhvhv.local_to_gcs_task scheduled__2020-11-02T06:00:00+00:00 [queued]>
[2025-01-01 11:52:50,188] {taskinstance.py:1238} INFO - 
--------------------------------------------------------------------------------
[2025-01-01 11:52:50,188] {taskinstance.py:1239} INFO - Starting attempt 1 of 3
[2025-01-01 11:52:50,189] {taskinstance.py:1240} INFO - 
--------------------------------------------------------------------------------
[2025-01-01 11:52:50,201] {taskinstance.py:1259} INFO - Executing <Task(PythonOperator): local_to_gcs_task> on 2020-11-02 06:00:00+00:00
[2025-01-01 11:52:50,210] {standard_task_runner.py:52} INFO - Started process 7675 to run task
[2025-01-01 11:52:50,216] {standard_task_runner.py:76} INFO - Running: ['***', 'tasks', 'run', 'ingest_data_bigquery_fhvhv', 'local_to_gcs_task', 'scheduled__2020-11-02T06:00:00+00:00', '--job-id', '6346', '--raw', '--subdir', 'DAGS_FOLDER/data_ingestion_gcs_fhvhv_dag.py', '--cfg-path', '/tmp/tmplixfxyka', '--error-file', '/tmp/tmpw8yxuerj']
[2025-01-01 11:52:50,223] {standard_task_runner.py:77} INFO - Job 6346: Subtask local_to_gcs_task
[2025-01-01 11:52:50,302] {logging_mixin.py:109} INFO - Running <TaskInstance: ingest_data_bigquery_fhvhv.local_to_gcs_task scheduled__2020-11-02T06:00:00+00:00 [running]> on host b9549a156c09
[2025-01-01 11:52:50,352] {warnings.py:99} WARNING - /home/***/.local/lib/python3.6/site-packages/***/utils/context.py:152: AirflowContextDeprecationWarning: Accessing 'execution_date' from the template is deprecated and will be removed in a future version. Please use 'data_interval_start' or 'logical_date' instead.
  warnings.warn(_create_deprecation_warning(key, self._deprecation_replacements[key]))

[2025-01-01 11:52:50,383] {taskinstance.py:1426} INFO - Exporting the following env vars:
AIRFLOW_CTX_DAG_OWNER=***
AIRFLOW_CTX_DAG_ID=ingest_data_bigquery_fhvhv
AIRFLOW_CTX_TASK_ID=local_to_gcs_task
AIRFLOW_CTX_EXECUTION_DATE=2020-11-02T06:00:00+00:00
AIRFLOW_CTX_DAG_RUN_ID=scheduled__2020-11-02T06:00:00+00:00
[2025-01-01 11:53:17,457] {python.py:175} INFO - Done. Returned value was: None
[2025-01-01 11:53:17,484] {taskinstance.py:1277} INFO - Marking task as SUCCESS. dag_id=ingest_data_bigquery_fhvhv, task_id=local_to_gcs_task, execution_date=20201102T060000, start_date=20250101T115250, end_date=20250101T115317
[2025-01-01 11:53:17,574] {local_task_job.py:154} INFO - Task exited with return code 0
[2025-01-01 11:53:17,616] {local_task_job.py:264} INFO - 1 downstream tasks scheduled from follow-on schedule check
