[2024-05-02 17:27:41,563] {taskinstance.py:1032} INFO - Dependencies all met for <TaskInstance: ingest_data_bigquery_yt.download_dataset_task scheduled__2019-12-02T06:00:00+00:00 [queued]>
[2024-05-02 17:27:41,575] {taskinstance.py:1032} INFO - Dependencies all met for <TaskInstance: ingest_data_bigquery_yt.download_dataset_task scheduled__2019-12-02T06:00:00+00:00 [queued]>
[2024-05-02 17:27:41,575] {taskinstance.py:1238} INFO - 
--------------------------------------------------------------------------------
[2024-05-02 17:27:41,575] {taskinstance.py:1239} INFO - Starting attempt 3 of 4
[2024-05-02 17:27:41,575] {taskinstance.py:1240} INFO - 
--------------------------------------------------------------------------------
[2024-05-02 17:27:41,599] {taskinstance.py:1259} INFO - Executing <Task(BashOperator): download_dataset_task> on 2019-12-02 06:00:00+00:00
[2024-05-02 17:27:41,616] {standard_task_runner.py:76} INFO - Running: ['***', 'tasks', 'run', 'ingest_data_bigquery_yt', 'download_dataset_task', 'scheduled__2019-12-02T06:00:00+00:00', '--job-id', '3798', '--raw', '--subdir', 'DAGS_FOLDER/data_ingestion_gcs_yt_dag.py', '--cfg-path', '/tmp/tmpt8fiymlq', '--error-file', '/tmp/tmpjzsu76j4']
[2024-05-02 17:27:41,611] {standard_task_runner.py:52} INFO - Started process 2925 to run task
[2024-05-02 17:27:41,622] {standard_task_runner.py:77} INFO - Job 3798: Subtask download_dataset_task
[2024-05-02 17:27:41,697] {logging_mixin.py:109} INFO - Running <TaskInstance: ingest_data_bigquery_yt.download_dataset_task scheduled__2019-12-02T06:00:00+00:00 [running]> on host 1ed1a38cd1e3
[2024-05-02 17:27:41,741] {warnings.py:99} WARNING - /home/***/.local/lib/python3.6/site-packages/***/utils/context.py:152: AirflowContextDeprecationWarning: Accessing 'execution_date' from the template is deprecated and will be removed in a future version. Please use 'data_interval_start' or 'logical_date' instead.
  warnings.warn(_create_deprecation_warning(key, self._deprecation_replacements[key]))

[2024-05-02 17:27:41,772] {taskinstance.py:1426} INFO - Exporting the following env vars:
AIRFLOW_CTX_DAG_OWNER=***
AIRFLOW_CTX_DAG_ID=ingest_data_bigquery_yt
AIRFLOW_CTX_TASK_ID=download_dataset_task
AIRFLOW_CTX_EXECUTION_DATE=2019-12-02T06:00:00+00:00
AIRFLOW_CTX_DAG_RUN_ID=scheduled__2019-12-02T06:00:00+00:00
[2024-05-02 17:27:41,773] {subprocess.py:62} INFO - Tmp dir root location: 
 /tmp
[2024-05-02 17:27:41,774] {subprocess.py:74} INFO - Running command: ['bash', '-c', 'curl -sSL https://github.com/DataTalksClub/nyc-tlc-data/releases/download/yellow/yellow_tripdata_2019-12.csv.gz > /opt/***/raw_data/yellowtaxi_tripdata_2019-12.csv.gz && gunzip /opt/***/raw_data/yellowtaxi_tripdata_2019-12.csv.gz']
[2024-05-02 17:27:41,790] {subprocess.py:85} INFO - Output:
[2024-05-02 17:27:48,957] {subprocess.py:93} INFO - Command exited with return code 0
[2024-05-02 17:27:48,996] {taskinstance.py:1277} INFO - Marking task as SUCCESS. dag_id=ingest_data_bigquery_yt, task_id=download_dataset_task, execution_date=20191202T060000, start_date=20240502T172741, end_date=20240502T172748
[2024-05-02 17:27:49,045] {local_task_job.py:154} INFO - Task exited with return code 0
[2024-05-02 17:27:49,093] {local_task_job.py:264} INFO - 1 downstream tasks scheduled from follow-on schedule check
[2024-05-03 15:56:53,997] {taskinstance.py:1032} INFO - Dependencies all met for <TaskInstance: ingest_data_bigquery_yt.download_dataset_task scheduled__2019-12-02T06:00:00+00:00 [queued]>
[2024-05-03 15:56:54,097] {taskinstance.py:1032} INFO - Dependencies all met for <TaskInstance: ingest_data_bigquery_yt.download_dataset_task scheduled__2019-12-02T06:00:00+00:00 [queued]>
[2024-05-03 15:56:54,103] {taskinstance.py:1238} INFO - 
--------------------------------------------------------------------------------
[2024-05-03 15:56:54,105] {taskinstance.py:1239} INFO - Starting attempt 3 of 3
[2024-05-03 15:56:54,106] {taskinstance.py:1240} INFO - 
--------------------------------------------------------------------------------
[2024-05-03 15:56:54,285] {taskinstance.py:1259} INFO - Executing <Task(BashOperator): download_dataset_task> on 2019-12-02 06:00:00+00:00
[2024-05-03 15:56:54,497] {standard_task_runner.py:52} INFO - Started process 141 to run task
[2024-05-03 15:56:54,442] {standard_task_runner.py:76} INFO - Running: ['***', 'tasks', 'run', 'ingest_data_bigquery_yt', 'download_dataset_task', 'scheduled__2019-12-02T06:00:00+00:00', '--job-id', '4156', '--raw', '--subdir', 'DAGS_FOLDER/data_ingstion_gcs_yt_dag.py', '--cfg-path', '/tmp/tmp693xlup1', '--error-file', '/tmp/tmpn84t_p2r']
[2024-05-03 15:56:54,545] {standard_task_runner.py:77} INFO - Job 4156: Subtask download_dataset_task
[2024-05-03 15:56:55,150] {logging_mixin.py:109} INFO - Running <TaskInstance: ingest_data_bigquery_yt.download_dataset_task scheduled__2019-12-02T06:00:00+00:00 [running]> on host f603d4872b21
[2024-05-03 15:56:55,594] {warnings.py:99} WARNING - /home/***/.local/lib/python3.6/site-packages/***/utils/context.py:152: AirflowContextDeprecationWarning: Accessing 'execution_date' from the template is deprecated and will be removed in a future version. Please use 'data_interval_start' or 'logical_date' instead.
  warnings.warn(_create_deprecation_warning(key, self._deprecation_replacements[key]))

[2024-05-03 15:56:55,767] {taskinstance.py:1426} INFO - Exporting the following env vars:
AIRFLOW_CTX_DAG_OWNER=***
AIRFLOW_CTX_DAG_ID=ingest_data_bigquery_yt
AIRFLOW_CTX_TASK_ID=download_dataset_task
AIRFLOW_CTX_EXECUTION_DATE=2019-12-02T06:00:00+00:00
AIRFLOW_CTX_DAG_RUN_ID=scheduled__2019-12-02T06:00:00+00:00
[2024-05-03 15:56:55,768] {subprocess.py:62} INFO - Tmp dir root location: 
 /tmp
[2024-05-03 15:56:55,769] {subprocess.py:74} INFO - Running command: ['bash', '-c', 'curl -sSL https://github.com/DataTalksClub/nyc-tlc-data/releases/download/yellow/yellow_tripdata_2019-12.csv.gz > /opt/***/raw_data/yellowtaxi_tripdata_2019-12.csv.gz && gunzip /opt/***/raw_data/yellowtaxi_tripdata_2019-12.csv.gz']
[2024-05-03 15:56:55,848] {subprocess.py:85} INFO - Output:
[2024-05-03 15:57:40,280] {subprocess.py:93} INFO - Command exited with return code 0
[2024-05-03 15:57:40,517] {taskinstance.py:1277} INFO - Marking task as SUCCESS. dag_id=ingest_data_bigquery_yt, task_id=download_dataset_task, execution_date=20191202T060000, start_date=20240503T155654, end_date=20240503T155740
[2024-05-03 15:57:40,763] {local_task_job.py:154} INFO - Task exited with return code 0
[2024-05-03 15:57:41,742] {local_task_job.py:264} INFO - 0 downstream tasks scheduled from follow-on schedule check
[2024-05-12 11:05:20,117] {taskinstance.py:1032} INFO - Dependencies all met for <TaskInstance: ingest_data_bigquery_yt.download_dataset_task scheduled__2019-12-02T06:00:00+00:00 [queued]>
[2024-05-12 11:05:20,179] {taskinstance.py:1032} INFO - Dependencies all met for <TaskInstance: ingest_data_bigquery_yt.download_dataset_task scheduled__2019-12-02T06:00:00+00:00 [queued]>
[2024-05-12 11:05:20,180] {taskinstance.py:1238} INFO - 
--------------------------------------------------------------------------------
[2024-05-12 11:05:20,187] {taskinstance.py:1239} INFO - Starting attempt 3 of 5
[2024-05-12 11:05:20,188] {taskinstance.py:1240} INFO - 
--------------------------------------------------------------------------------
[2024-05-12 11:05:20,240] {taskinstance.py:1259} INFO - Executing <Task(BashOperator): download_dataset_task> on 2019-12-02 06:00:00+00:00
[2024-05-12 11:05:20,262] {standard_task_runner.py:52} INFO - Started process 552 to run task
[2024-05-12 11:05:20,301] {standard_task_runner.py:76} INFO - Running: ['***', 'tasks', 'run', 'ingest_data_bigquery_yt', 'download_dataset_task', 'scheduled__2019-12-02T06:00:00+00:00', '--job-id', '4726', '--raw', '--subdir', 'DAGS_FOLDER/data_ingstion_gcs_yt_dag.py', '--cfg-path', '/tmp/tmpn150ie6n', '--error-file', '/tmp/tmpxmh1_3ez']
[2024-05-12 11:05:20,339] {standard_task_runner.py:77} INFO - Job 4726: Subtask download_dataset_task
[2024-05-12 11:05:20,644] {logging_mixin.py:109} INFO - Running <TaskInstance: ingest_data_bigquery_yt.download_dataset_task scheduled__2019-12-02T06:00:00+00:00 [running]> on host 14618ddd22a7
[2024-05-12 11:05:20,850] {warnings.py:99} WARNING - /home/***/.local/lib/python3.6/site-packages/***/utils/context.py:152: AirflowContextDeprecationWarning: Accessing 'execution_date' from the template is deprecated and will be removed in a future version. Please use 'data_interval_start' or 'logical_date' instead.
  warnings.warn(_create_deprecation_warning(key, self._deprecation_replacements[key]))

[2024-05-12 11:05:20,956] {taskinstance.py:1426} INFO - Exporting the following env vars:
AIRFLOW_CTX_DAG_OWNER=***
AIRFLOW_CTX_DAG_ID=ingest_data_bigquery_yt
AIRFLOW_CTX_TASK_ID=download_dataset_task
AIRFLOW_CTX_EXECUTION_DATE=2019-12-02T06:00:00+00:00
AIRFLOW_CTX_DAG_RUN_ID=scheduled__2019-12-02T06:00:00+00:00
[2024-05-12 11:05:20,957] {subprocess.py:62} INFO - Tmp dir root location: 
 /tmp
[2024-05-12 11:05:20,958] {subprocess.py:74} INFO - Running command: ['bash', '-c', 'curl -sSL https://github.com/DataTalksClub/nyc-tlc-data/releases/download/yellow/yellow_tripdata_2019-12.csv.gz > /opt/***/raw_data/yellowtaxi_tripdata_2019-12.csv.gz && gunzip /opt/***/raw_data/yellowtaxi_tripdata_2019-12.csv.gz']
[2024-05-12 11:05:20,992] {subprocess.py:85} INFO - Output:
[2024-05-12 11:05:49,699] {subprocess.py:93} INFO - Command exited with return code 0
[2024-05-12 11:05:50,208] {taskinstance.py:1277} INFO - Marking task as SUCCESS. dag_id=ingest_data_bigquery_yt, task_id=download_dataset_task, execution_date=20191202T060000, start_date=20240512T110520, end_date=20240512T110550
[2024-05-12 11:05:50,483] {local_task_job.py:154} INFO - Task exited with return code 0
[2024-05-12 11:05:51,045] {local_task_job.py:264} INFO - 0 downstream tasks scheduled from follow-on schedule check
