[2024-03-26 15:16:31,580] {taskinstance.py:1032} INFO - Dependencies all met for <TaskInstance: ingest_data.download_dataset_task scheduled__2022-10-02T06:00:00+00:00 [queued]>
[2024-03-26 15:16:31,597] {taskinstance.py:1032} INFO - Dependencies all met for <TaskInstance: ingest_data.download_dataset_task scheduled__2022-10-02T06:00:00+00:00 [queued]>
[2024-03-26 15:16:31,597] {taskinstance.py:1238} INFO - 
--------------------------------------------------------------------------------
[2024-03-26 15:16:31,598] {taskinstance.py:1239} INFO - Starting attempt 1 of 1
[2024-03-26 15:16:31,598] {taskinstance.py:1240} INFO - 
--------------------------------------------------------------------------------
[2024-03-26 15:16:31,613] {taskinstance.py:1259} INFO - Executing <Task(BashOperator): download_dataset_task> on 2022-10-02 06:00:00+00:00
[2024-03-26 15:16:31,619] {standard_task_runner.py:52} INFO - Started process 209 to run task
[2024-03-26 15:16:31,624] {standard_task_runner.py:76} INFO - Running: ['***', 'tasks', 'run', 'ingest_data', 'download_dataset_task', 'scheduled__2022-10-02T06:00:00+00:00', '--job-id', '244', '--raw', '--subdir', 'DAGS_FOLDER/data_ingestion_dag.py', '--cfg-path', '/tmp/tmp_01dsgzc', '--error-file', '/tmp/tmpkmugwotp']
[2024-03-26 15:16:31,625] {standard_task_runner.py:77} INFO - Job 244: Subtask download_dataset_task
[2024-03-26 15:16:31,689] {logging_mixin.py:109} INFO - Running <TaskInstance: ingest_data.download_dataset_task scheduled__2022-10-02T06:00:00+00:00 [running]> on host 153a478eba08
[2024-03-26 15:16:31,738] {warnings.py:99} WARNING - /home/***/.local/lib/python3.6/site-packages/***/utils/context.py:152: AirflowContextDeprecationWarning: Accessing 'execution_date' from the template is deprecated and will be removed in a future version. Please use 'data_interval_start' or 'logical_date' instead.
  warnings.warn(_create_deprecation_warning(key, self._deprecation_replacements[key]))

[2024-03-26 15:16:31,769] {taskinstance.py:1426} INFO - Exporting the following env vars:
AIRFLOW_CTX_DAG_OWNER=***
AIRFLOW_CTX_DAG_ID=ingest_data
AIRFLOW_CTX_TASK_ID=download_dataset_task
AIRFLOW_CTX_EXECUTION_DATE=2022-10-02T06:00:00+00:00
AIRFLOW_CTX_DAG_RUN_ID=scheduled__2022-10-02T06:00:00+00:00
[2024-03-26 15:16:31,771] {subprocess.py:62} INFO - Tmp dir root location: 
 /tmp
[2024-03-26 15:16:31,771] {subprocess.py:74} INFO - Running command: ['bash', '-c', 'curl -sSL <***.models.param.DagParam object at 0x7f776547bf98> > /opt/***/raw_data/yellowtaxi _tripdata_2022-10.csv']
[2024-03-26 15:16:31,784] {subprocess.py:85} INFO - Output:
[2024-03-26 15:16:31,787] {subprocess.py:89} INFO - bash: -c: line 0: syntax error near unexpected token `>'
[2024-03-26 15:16:31,787] {subprocess.py:89} INFO - bash: -c: line 0: `curl -sSL <***.models.param.DagParam object at 0x7f776547bf98> > /opt/***/raw_data/yellowtaxi _tripdata_2022-10.csv'
[2024-03-26 15:16:31,787] {subprocess.py:93} INFO - Command exited with return code 1
[2024-03-26 15:16:31,803] {taskinstance.py:1700} ERROR - Task failed with exception
Traceback (most recent call last):
  File "/home/airflow/.local/lib/python3.6/site-packages/airflow/models/taskinstance.py", line 1329, in _run_raw_task
    self._execute_task_with_callbacks(context)
  File "/home/airflow/.local/lib/python3.6/site-packages/airflow/models/taskinstance.py", line 1455, in _execute_task_with_callbacks
    result = self._execute_task(context, self.task)
  File "/home/airflow/.local/lib/python3.6/site-packages/airflow/models/taskinstance.py", line 1511, in _execute_task
    result = execute_callable(context=context)
  File "/home/airflow/.local/lib/python3.6/site-packages/airflow/operators/bash.py", line 188, in execute
    f'Bash command failed. The command returned a non-zero exit code {result.exit_code}.'
airflow.exceptions.AirflowException: Bash command failed. The command returned a non-zero exit code 1.
[2024-03-26 15:16:31,809] {taskinstance.py:1277} INFO - Marking task as FAILED. dag_id=ingest_data, task_id=download_dataset_task, execution_date=20221002T060000, start_date=20240326T151631, end_date=20240326T151631
[2024-03-26 15:16:31,822] {standard_task_runner.py:92} ERROR - Failed to execute job 244 for task download_dataset_task
Traceback (most recent call last):
  File "/home/airflow/.local/lib/python3.6/site-packages/airflow/task/task_runner/standard_task_runner.py", line 85, in _start_by_fork
    args.func(args, dag=self.dag)
  File "/home/airflow/.local/lib/python3.6/site-packages/airflow/cli/cli_parser.py", line 48, in command
    return func(*args, **kwargs)
  File "/home/airflow/.local/lib/python3.6/site-packages/airflow/utils/cli.py", line 92, in wrapper
    return f(*args, **kwargs)
  File "/home/airflow/.local/lib/python3.6/site-packages/airflow/cli/commands/task_command.py", line 298, in task_run
    _run_task_by_selected_method(args, dag, ti)
  File "/home/airflow/.local/lib/python3.6/site-packages/airflow/cli/commands/task_command.py", line 107, in _run_task_by_selected_method
    _run_raw_task(args, ti)
  File "/home/airflow/.local/lib/python3.6/site-packages/airflow/cli/commands/task_command.py", line 184, in _run_raw_task
    error_file=args.error_file,
  File "/home/airflow/.local/lib/python3.6/site-packages/airflow/utils/session.py", line 70, in wrapper
    return func(*args, session=session, **kwargs)
  File "/home/airflow/.local/lib/python3.6/site-packages/airflow/models/taskinstance.py", line 1329, in _run_raw_task
    self._execute_task_with_callbacks(context)
  File "/home/airflow/.local/lib/python3.6/site-packages/airflow/models/taskinstance.py", line 1455, in _execute_task_with_callbacks
    result = self._execute_task(context, self.task)
  File "/home/airflow/.local/lib/python3.6/site-packages/airflow/models/taskinstance.py", line 1511, in _execute_task
    result = execute_callable(context=context)
  File "/home/airflow/.local/lib/python3.6/site-packages/airflow/operators/bash.py", line 188, in execute
    f'Bash command failed. The command returned a non-zero exit code {result.exit_code}.'
airflow.exceptions.AirflowException: Bash command failed. The command returned a non-zero exit code 1.
[2024-03-26 15:16:31,838] {local_task_job.py:154} INFO - Task exited with return code 1
[2024-03-26 15:16:31,881] {local_task_job.py:264} INFO - 0 downstream tasks scheduled from follow-on schedule check
[2024-03-26 17:33:56,827] {taskinstance.py:1032} INFO - Dependencies all met for <TaskInstance: ingest_data.download_dataset_task scheduled__2022-10-02T06:00:00+00:00 [queued]>
[2024-03-26 17:33:56,854] {taskinstance.py:1032} INFO - Dependencies all met for <TaskInstance: ingest_data.download_dataset_task scheduled__2022-10-02T06:00:00+00:00 [queued]>
[2024-03-26 17:33:56,854] {taskinstance.py:1238} INFO - 
--------------------------------------------------------------------------------
[2024-03-26 17:33:56,854] {taskinstance.py:1239} INFO - Starting attempt 1 of 1
[2024-03-26 17:33:56,854] {taskinstance.py:1240} INFO - 
--------------------------------------------------------------------------------
[2024-03-26 17:33:56,893] {taskinstance.py:1259} INFO - Executing <Task(BashOperator): download_dataset_task> on 2022-10-02 06:00:00+00:00
[2024-03-26 17:33:56,900] {standard_task_runner.py:52} INFO - Started process 2869 to run task
[2024-03-26 17:33:56,915] {standard_task_runner.py:76} INFO - Running: ['***', 'tasks', 'run', 'ingest_data', 'download_dataset_task', 'scheduled__2022-10-02T06:00:00+00:00', '--job-id', '419', '--raw', '--subdir', 'DAGS_FOLDER/data_ingestion_dag.py', '--cfg-path', '/tmp/tmpnft4x404', '--error-file', '/tmp/tmp_aiby0mw']
[2024-03-26 17:33:56,915] {standard_task_runner.py:77} INFO - Job 419: Subtask download_dataset_task
[2024-03-26 17:33:57,050] {logging_mixin.py:109} INFO - Running <TaskInstance: ingest_data.download_dataset_task scheduled__2022-10-02T06:00:00+00:00 [running]> on host d71984e59113
[2024-03-26 17:33:57,129] {warnings.py:99} WARNING - /home/***/.local/lib/python3.6/site-packages/***/utils/context.py:152: AirflowContextDeprecationWarning: Accessing 'execution_date' from the template is deprecated and will be removed in a future version. Please use 'data_interval_start' or 'logical_date' instead.
  warnings.warn(_create_deprecation_warning(key, self._deprecation_replacements[key]))

[2024-03-26 17:33:57,164] {taskinstance.py:1426} INFO - Exporting the following env vars:
AIRFLOW_CTX_DAG_OWNER=***
AIRFLOW_CTX_DAG_ID=ingest_data
AIRFLOW_CTX_TASK_ID=download_dataset_task
AIRFLOW_CTX_EXECUTION_DATE=2022-10-02T06:00:00+00:00
AIRFLOW_CTX_DAG_RUN_ID=scheduled__2022-10-02T06:00:00+00:00
[2024-03-26 17:33:57,165] {subprocess.py:62} INFO - Tmp dir root location: 
 /tmp
[2024-03-26 17:33:57,166] {subprocess.py:74} INFO - Running command: ['bash', '-c', 'curl -sSL https://d37ci6vzurychx.cloudfront.net/trip-data/yellow_tripdata_2022-10.parquet > /opt/***/yellowtaxi_tripdata_2022-10.parquet']
[2024-03-26 17:33:57,187] {subprocess.py:85} INFO - Output:
[2024-03-26 17:34:03,868] {subprocess.py:93} INFO - Command exited with return code 0
[2024-03-26 17:34:03,915] {taskinstance.py:1277} INFO - Marking task as SUCCESS. dag_id=ingest_data, task_id=download_dataset_task, execution_date=20221002T060000, start_date=20240326T173356, end_date=20240326T173403
[2024-03-26 17:34:03,998] {local_task_job.py:154} INFO - Task exited with return code 0
[2024-03-26 17:34:04,207] {local_task_job.py:264} INFO - 1 downstream tasks scheduled from follow-on schedule check
[2024-03-26 17:48:51,498] {taskinstance.py:1032} INFO - Dependencies all met for <TaskInstance: ingest_data.download_dataset_task scheduled__2022-10-02T06:00:00+00:00 [queued]>
[2024-03-26 17:48:51,600] {taskinstance.py:1032} INFO - Dependencies all met for <TaskInstance: ingest_data.download_dataset_task scheduled__2022-10-02T06:00:00+00:00 [queued]>
[2024-03-26 17:48:51,603] {taskinstance.py:1238} INFO - 
--------------------------------------------------------------------------------
[2024-03-26 17:48:51,605] {taskinstance.py:1239} INFO - Starting attempt 1 of 1
[2024-03-26 17:48:51,606] {taskinstance.py:1240} INFO - 
--------------------------------------------------------------------------------
[2024-03-26 17:48:51,772] {taskinstance.py:1259} INFO - Executing <Task(BashOperator): download_dataset_task> on 2022-10-02 06:00:00+00:00
[2024-03-26 17:48:51,824] {standard_task_runner.py:52} INFO - Started process 295 to run task
[2024-03-26 17:48:51,879] {standard_task_runner.py:76} INFO - Running: ['***', 'tasks', 'run', 'ingest_data', 'download_dataset_task', 'scheduled__2022-10-02T06:00:00+00:00', '--job-id', '500', '--raw', '--subdir', 'DAGS_FOLDER/data_ingestion_dag.py', '--cfg-path', '/tmp/tmphqwzx_kt', '--error-file', '/tmp/tmpvwq2irxl']
[2024-03-26 17:48:51,883] {standard_task_runner.py:77} INFO - Job 500: Subtask download_dataset_task
[2024-03-26 17:48:52,412] {logging_mixin.py:109} INFO - Running <TaskInstance: ingest_data.download_dataset_task scheduled__2022-10-02T06:00:00+00:00 [running]> on host 05f84def3a12
[2024-03-26 17:48:52,532] {warnings.py:99} WARNING - /home/***/.local/lib/python3.6/site-packages/***/utils/context.py:152: AirflowContextDeprecationWarning: Accessing 'execution_date' from the template is deprecated and will be removed in a future version. Please use 'data_interval_start' or 'logical_date' instead.
  warnings.warn(_create_deprecation_warning(key, self._deprecation_replacements[key]))

[2024-03-26 17:48:52,597] {taskinstance.py:1426} INFO - Exporting the following env vars:
AIRFLOW_CTX_DAG_OWNER=***
AIRFLOW_CTX_DAG_ID=ingest_data
AIRFLOW_CTX_TASK_ID=download_dataset_task
AIRFLOW_CTX_EXECUTION_DATE=2022-10-02T06:00:00+00:00
AIRFLOW_CTX_DAG_RUN_ID=scheduled__2022-10-02T06:00:00+00:00
[2024-03-26 17:48:52,598] {subprocess.py:62} INFO - Tmp dir root location: 
 /tmp
[2024-03-26 17:48:52,599] {subprocess.py:74} INFO - Running command: ['bash', '-c', 'curl -sSL https://d37ci6vzurychx.cloudfront.net/trip-data/yellow_tripdata_2022-10.parquet > /opt/***/yellowtaxi_tripdata_2022-10.parquet']
[2024-03-26 17:48:52,700] {subprocess.py:85} INFO - Output:
[2024-03-26 17:48:59,845] {subprocess.py:93} INFO - Command exited with return code 0
[2024-03-26 17:48:59,932] {taskinstance.py:1277} INFO - Marking task as SUCCESS. dag_id=ingest_data, task_id=download_dataset_task, execution_date=20221002T060000, start_date=20240326T174851, end_date=20240326T174859
[2024-03-26 17:49:00,038] {local_task_job.py:154} INFO - Task exited with return code 0
[2024-03-26 17:49:00,122] {local_task_job.py:264} INFO - 1 downstream tasks scheduled from follow-on schedule check
[2024-03-26 17:52:21,838] {taskinstance.py:1032} INFO - Dependencies all met for <TaskInstance: ingest_data.download_dataset_task scheduled__2022-10-02T06:00:00+00:00 [queued]>
[2024-03-26 17:52:21,863] {taskinstance.py:1032} INFO - Dependencies all met for <TaskInstance: ingest_data.download_dataset_task scheduled__2022-10-02T06:00:00+00:00 [queued]>
[2024-03-26 17:52:21,863] {taskinstance.py:1238} INFO - 
--------------------------------------------------------------------------------
[2024-03-26 17:52:21,863] {taskinstance.py:1239} INFO - Starting attempt 1 of 1
[2024-03-26 17:52:21,863] {taskinstance.py:1240} INFO - 
--------------------------------------------------------------------------------
[2024-03-26 17:52:21,885] {taskinstance.py:1259} INFO - Executing <Task(BashOperator): download_dataset_task> on 2022-10-02 06:00:00+00:00
[2024-03-26 17:52:21,894] {standard_task_runner.py:52} INFO - Started process 700 to run task
[2024-03-26 17:52:21,901] {standard_task_runner.py:76} INFO - Running: ['***', 'tasks', 'run', 'ingest_data', 'download_dataset_task', 'scheduled__2022-10-02T06:00:00+00:00', '--job-id', '576', '--raw', '--subdir', 'DAGS_FOLDER/data_ingestion_dag.py', '--cfg-path', '/tmp/tmpe5kigone', '--error-file', '/tmp/tmpey5eax44']
[2024-03-26 17:52:21,903] {standard_task_runner.py:77} INFO - Job 576: Subtask download_dataset_task
[2024-03-26 17:52:21,998] {logging_mixin.py:109} INFO - Running <TaskInstance: ingest_data.download_dataset_task scheduled__2022-10-02T06:00:00+00:00 [running]> on host 05f84def3a12
[2024-03-26 17:52:22,209] {warnings.py:99} WARNING - /home/***/.local/lib/python3.6/site-packages/***/utils/context.py:152: AirflowContextDeprecationWarning: Accessing 'execution_date' from the template is deprecated and will be removed in a future version. Please use 'data_interval_start' or 'logical_date' instead.
  warnings.warn(_create_deprecation_warning(key, self._deprecation_replacements[key]))

[2024-03-26 17:52:22,246] {taskinstance.py:1426} INFO - Exporting the following env vars:
AIRFLOW_CTX_DAG_OWNER=***
AIRFLOW_CTX_DAG_ID=ingest_data
AIRFLOW_CTX_TASK_ID=download_dataset_task
AIRFLOW_CTX_EXECUTION_DATE=2022-10-02T06:00:00+00:00
AIRFLOW_CTX_DAG_RUN_ID=scheduled__2022-10-02T06:00:00+00:00
[2024-03-26 17:52:22,247] {subprocess.py:62} INFO - Tmp dir root location: 
 /tmp
[2024-03-26 17:52:22,248] {subprocess.py:74} INFO - Running command: ['bash', '-c', 'curl -sSL https://d37ci6vzurychx.cloudfront.net/trip-data/yellow_tripdata_2022-10.parquet > /opt/***/yellowtaxi_tripdata_2022-10.parquet']
[2024-03-26 17:52:22,271] {subprocess.py:85} INFO - Output:
[2024-03-26 17:52:29,197] {subprocess.py:93} INFO - Command exited with return code 0
[2024-03-26 17:52:29,649] {taskinstance.py:1277} INFO - Marking task as SUCCESS. dag_id=ingest_data, task_id=download_dataset_task, execution_date=20221002T060000, start_date=20240326T175221, end_date=20240326T175229
[2024-03-26 17:52:29,779] {local_task_job.py:154} INFO - Task exited with return code 0
[2024-03-26 17:52:29,885] {local_task_job.py:264} INFO - 1 downstream tasks scheduled from follow-on schedule check
[2024-03-26 18:21:47,824] {taskinstance.py:1032} INFO - Dependencies all met for <TaskInstance: ingest_data.download_dataset_task scheduled__2022-10-02T06:00:00+00:00 [queued]>
[2024-03-26 18:21:48,047] {taskinstance.py:1032} INFO - Dependencies all met for <TaskInstance: ingest_data.download_dataset_task scheduled__2022-10-02T06:00:00+00:00 [queued]>
[2024-03-26 18:21:48,048] {taskinstance.py:1238} INFO - 
--------------------------------------------------------------------------------
[2024-03-26 18:21:48,058] {taskinstance.py:1239} INFO - Starting attempt 1 of 1
[2024-03-26 18:21:48,058] {taskinstance.py:1240} INFO - 
--------------------------------------------------------------------------------
[2024-03-26 18:21:48,377] {taskinstance.py:1259} INFO - Executing <Task(BashOperator): download_dataset_task> on 2022-10-02 06:00:00+00:00
[2024-03-26 18:21:48,504] {standard_task_runner.py:52} INFO - Started process 94 to run task
[2024-03-26 18:21:48,584] {standard_task_runner.py:76} INFO - Running: ['***', 'tasks', 'run', 'ingest_data', 'download_dataset_task', 'scheduled__2022-10-02T06:00:00+00:00', '--job-id', '685', '--raw', '--subdir', 'DAGS_FOLDER/data_ingestion_dag.py', '--cfg-path', '/tmp/tmp0zgrd6__', '--error-file', '/tmp/tmpmnfh1z3_']
[2024-03-26 18:21:48,595] {standard_task_runner.py:77} INFO - Job 685: Subtask download_dataset_task
[2024-03-26 18:21:49,616] {logging_mixin.py:109} INFO - Running <TaskInstance: ingest_data.download_dataset_task scheduled__2022-10-02T06:00:00+00:00 [running]> on host 05f84def3a12
[2024-03-26 18:21:50,917] {warnings.py:99} WARNING - /home/***/.local/lib/python3.6/site-packages/***/utils/context.py:152: AirflowContextDeprecationWarning: Accessing 'execution_date' from the template is deprecated and will be removed in a future version. Please use 'data_interval_start' or 'logical_date' instead.
  warnings.warn(_create_deprecation_warning(key, self._deprecation_replacements[key]))

[2024-03-26 18:21:51,166] {taskinstance.py:1426} INFO - Exporting the following env vars:
AIRFLOW_CTX_DAG_OWNER=***
AIRFLOW_CTX_DAG_ID=ingest_data
AIRFLOW_CTX_TASK_ID=download_dataset_task
AIRFLOW_CTX_EXECUTION_DATE=2022-10-02T06:00:00+00:00
AIRFLOW_CTX_DAG_RUN_ID=scheduled__2022-10-02T06:00:00+00:00
[2024-03-26 18:21:51,167] {subprocess.py:62} INFO - Tmp dir root location: 
 /tmp
[2024-03-26 18:21:51,184] {subprocess.py:74} INFO - Running command: ['bash', '-c', 'curl -sSL https://d37ci6vzurychx.cloudfront.net/trip-data/yellow_tripdata_2022-10.parquet > /opt/***/yellowtaxi_tripdata_2022-10.parquet']
[2024-03-26 18:21:51,446] {subprocess.py:85} INFO - Output:
[2024-03-26 18:21:58,795] {subprocess.py:93} INFO - Command exited with return code 0
[2024-03-26 18:21:59,040] {taskinstance.py:1277} INFO - Marking task as SUCCESS. dag_id=ingest_data, task_id=download_dataset_task, execution_date=20221002T060000, start_date=20240326T182147, end_date=20240326T182159
[2024-03-26 18:21:59,260] {local_task_job.py:154} INFO - Task exited with return code 0
[2024-03-26 18:21:59,352] {local_task_job.py:264} INFO - 1 downstream tasks scheduled from follow-on schedule check
[2024-03-27 03:48:05,458] {taskinstance.py:1032} INFO - Dependencies all met for <TaskInstance: ingest_data.download_dataset_task scheduled__2022-10-02T06:00:00+00:00 [queued]>
[2024-03-27 03:48:05,470] {taskinstance.py:1032} INFO - Dependencies all met for <TaskInstance: ingest_data.download_dataset_task scheduled__2022-10-02T06:00:00+00:00 [queued]>
[2024-03-27 03:48:05,470] {taskinstance.py:1238} INFO - 
--------------------------------------------------------------------------------
[2024-03-27 03:48:05,470] {taskinstance.py:1239} INFO - Starting attempt 1 of 1
[2024-03-27 03:48:05,470] {taskinstance.py:1240} INFO - 
--------------------------------------------------------------------------------
[2024-03-27 03:48:05,496] {taskinstance.py:1259} INFO - Executing <Task(BashOperator): download_dataset_task> on 2022-10-02 06:00:00+00:00
[2024-03-27 03:48:05,502] {standard_task_runner.py:52} INFO - Started process 122 to run task
[2024-03-27 03:48:05,507] {standard_task_runner.py:76} INFO - Running: ['***', 'tasks', 'run', 'ingest_data', 'download_dataset_task', 'scheduled__2022-10-02T06:00:00+00:00', '--job-id', '761', '--raw', '--subdir', 'DAGS_FOLDER/data_ingestion_dag.py', '--cfg-path', '/tmp/tmpswu134qx', '--error-file', '/tmp/tmpanubckb5']
[2024-03-27 03:48:05,507] {standard_task_runner.py:77} INFO - Job 761: Subtask download_dataset_task
[2024-03-27 03:48:05,573] {logging_mixin.py:109} INFO - Running <TaskInstance: ingest_data.download_dataset_task scheduled__2022-10-02T06:00:00+00:00 [running]> on host 05f84def3a12
[2024-03-27 03:48:05,612] {warnings.py:99} WARNING - /home/***/.local/lib/python3.6/site-packages/***/utils/context.py:152: AirflowContextDeprecationWarning: Accessing 'execution_date' from the template is deprecated and will be removed in a future version. Please use 'data_interval_start' or 'logical_date' instead.
  warnings.warn(_create_deprecation_warning(key, self._deprecation_replacements[key]))

[2024-03-27 03:48:05,631] {taskinstance.py:1426} INFO - Exporting the following env vars:
AIRFLOW_CTX_DAG_OWNER=***
AIRFLOW_CTX_DAG_ID=ingest_data
AIRFLOW_CTX_TASK_ID=download_dataset_task
AIRFLOW_CTX_EXECUTION_DATE=2022-10-02T06:00:00+00:00
AIRFLOW_CTX_DAG_RUN_ID=scheduled__2022-10-02T06:00:00+00:00
[2024-03-27 03:48:05,632] {subprocess.py:62} INFO - Tmp dir root location: 
 /tmp
[2024-03-27 03:48:05,633] {subprocess.py:74} INFO - Running command: ['bash', '-c', 'curl -sSL https://d37ci6vzurychx.cloudfront.net/trip-data/yellow_tripdata_2022-10.parquet > /opt/***/yellowtaxi_tripdata_2022-10.parquet']
[2024-03-27 03:48:05,646] {subprocess.py:85} INFO - Output:
[2024-03-27 03:48:13,715] {subprocess.py:93} INFO - Command exited with return code 0
[2024-03-27 03:48:14,080] {taskinstance.py:1277} INFO - Marking task as SUCCESS. dag_id=ingest_data, task_id=download_dataset_task, execution_date=20221002T060000, start_date=20240327T034805, end_date=20240327T034814
[2024-03-27 03:48:14,514] {local_task_job.py:154} INFO - Task exited with return code 0
[2024-03-27 03:48:14,700] {local_task_job.py:264} INFO - 0 downstream tasks scheduled from follow-on schedule check
