[2024-12-29 16:32:12,332] {taskinstance.py:1032} INFO - Dependencies all met for <TaskInstance: ingest_data_bigquery_fhvhv.local_to_gcs_task scheduled__2020-12-02T06:00:00+00:00 [queued]>
[2024-12-29 16:32:12,343] {taskinstance.py:1032} INFO - Dependencies all met for <TaskInstance: ingest_data_bigquery_fhvhv.local_to_gcs_task scheduled__2020-12-02T06:00:00+00:00 [queued]>
[2024-12-29 16:32:12,344] {taskinstance.py:1238} INFO - 
--------------------------------------------------------------------------------
[2024-12-29 16:32:12,344] {taskinstance.py:1239} INFO - Starting attempt 4 of 6
[2024-12-29 16:32:12,344] {taskinstance.py:1240} INFO - 
--------------------------------------------------------------------------------
[2024-12-29 16:32:12,354] {taskinstance.py:1259} INFO - Executing <Task(PythonOperator): local_to_gcs_task> on 2020-12-02 06:00:00+00:00
[2024-12-29 16:32:12,361] {standard_task_runner.py:52} INFO - Started process 572 to run task
[2024-12-29 16:32:12,366] {standard_task_runner.py:76} INFO - Running: ['***', 'tasks', 'run', 'ingest_data_bigquery_fhvhv', 'local_to_gcs_task', 'scheduled__2020-12-02T06:00:00+00:00', '--job-id', '6116', '--raw', '--subdir', 'DAGS_FOLDER/data_ingestion_gcs_fhvhv_dag.py', '--cfg-path', '/tmp/tmpty_nioy4', '--error-file', '/tmp/tmpshi3l835']
[2024-12-29 16:32:12,372] {standard_task_runner.py:77} INFO - Job 6116: Subtask local_to_gcs_task
[2024-12-29 16:32:12,437] {logging_mixin.py:109} INFO - Running <TaskInstance: ingest_data_bigquery_fhvhv.local_to_gcs_task scheduled__2020-12-02T06:00:00+00:00 [running]> on host 32dbdd895fc9
[2024-12-29 16:32:12,474] {warnings.py:99} WARNING - /home/***/.local/lib/python3.6/site-packages/***/utils/context.py:152: AirflowContextDeprecationWarning: Accessing 'execution_date' from the template is deprecated and will be removed in a future version. Please use 'data_interval_start' or 'logical_date' instead.
  warnings.warn(_create_deprecation_warning(key, self._deprecation_replacements[key]))

[2024-12-29 16:32:12,497] {taskinstance.py:1426} INFO - Exporting the following env vars:
AIRFLOW_CTX_DAG_OWNER=***
AIRFLOW_CTX_DAG_ID=ingest_data_bigquery_fhvhv
AIRFLOW_CTX_TASK_ID=local_to_gcs_task
AIRFLOW_CTX_EXECUTION_DATE=2020-12-02T06:00:00+00:00
AIRFLOW_CTX_DAG_RUN_ID=scheduled__2020-12-02T06:00:00+00:00
[2024-12-29 16:32:37,406] {python.py:175} INFO - Done. Returned value was: None
[2024-12-29 16:32:37,420] {taskinstance.py:1277} INFO - Marking task as SUCCESS. dag_id=ingest_data_bigquery_fhvhv, task_id=local_to_gcs_task, execution_date=20201202T060000, start_date=20241229T163212, end_date=20241229T163237
[2024-12-29 16:32:37,477] {local_task_job.py:154} INFO - Task exited with return code 0
[2024-12-29 16:32:37,509] {local_task_job.py:264} INFO - 1 downstream tasks scheduled from follow-on schedule check
