[2025-01-14 15:27:18,922] {taskinstance.py:1032} INFO - Dependencies all met for <TaskInstance: ingest_data_bigquery_gt_2022.download_dataset_task scheduled__2022-05-02T06:00:00+00:00 [queued]>
[2025-01-14 15:27:18,979] {taskinstance.py:1032} INFO - Dependencies all met for <TaskInstance: ingest_data_bigquery_gt_2022.download_dataset_task scheduled__2022-05-02T06:00:00+00:00 [queued]>
[2025-01-14 15:27:18,979] {taskinstance.py:1238} INFO - 
--------------------------------------------------------------------------------
[2025-01-14 15:27:18,979] {taskinstance.py:1239} INFO - Starting attempt 1 of 3
[2025-01-14 15:27:18,979] {taskinstance.py:1240} INFO - 
--------------------------------------------------------------------------------
[2025-01-14 15:27:19,053] {taskinstance.py:1259} INFO - Executing <Task(BashOperator): download_dataset_task> on 2022-05-02 06:00:00+00:00
[2025-01-14 15:27:19,069] {standard_task_runner.py:52} INFO - Started process 1245 to run task
[2025-01-14 15:27:19,100] {standard_task_runner.py:76} INFO - Running: ['***', 'tasks', 'run', 'ingest_data_bigquery_gt_2022', 'download_dataset_task', 'scheduled__2022-05-02T06:00:00+00:00', '--job-id', '6398', '--raw', '--subdir', 'DAGS_FOLDER/data_ingestion_gcs_gt_dag_2022.py', '--cfg-path', '/tmp/tmp8ka2hhoh', '--error-file', '/tmp/tmpbbfq6nkc']
[2025-01-14 15:27:19,151] {standard_task_runner.py:77} INFO - Job 6398: Subtask download_dataset_task
[2025-01-14 15:27:19,346] {logging_mixin.py:109} INFO - Running <TaskInstance: ingest_data_bigquery_gt_2022.download_dataset_task scheduled__2022-05-02T06:00:00+00:00 [running]> on host d4593c1e0983
[2025-01-14 15:27:19,459] {warnings.py:99} WARNING - /home/***/.local/lib/python3.6/site-packages/***/utils/context.py:152: AirflowContextDeprecationWarning: Accessing 'execution_date' from the template is deprecated and will be removed in a future version. Please use 'data_interval_start' or 'logical_date' instead.
  warnings.warn(_create_deprecation_warning(key, self._deprecation_replacements[key]))

[2025-01-14 15:27:19,525] {taskinstance.py:1426} INFO - Exporting the following env vars:
AIRFLOW_CTX_DAG_OWNER=***
AIRFLOW_CTX_DAG_ID=ingest_data_bigquery_gt_2022
AIRFLOW_CTX_TASK_ID=download_dataset_task
AIRFLOW_CTX_EXECUTION_DATE=2022-05-02T06:00:00+00:00
AIRFLOW_CTX_DAG_RUN_ID=scheduled__2022-05-02T06:00:00+00:00
[2025-01-14 15:27:19,526] {subprocess.py:62} INFO - Tmp dir root location: 
 /tmp
[2025-01-14 15:27:19,527] {subprocess.py:74} INFO - Running command: ['bash', '-c', 'curl -sSL https://d37ci6vzurychx.cloudfront.net/trip-data/green_tripdata_2022-05.parquet > /opt/***/raw_data/greentaxi_tripdata_2022-05.parquet']
[2025-01-14 15:27:19,589] {subprocess.py:85} INFO - Output:
[2025-01-14 15:27:22,000] {subprocess.py:93} INFO - Command exited with return code 0
[2025-01-14 15:27:22,126] {taskinstance.py:1277} INFO - Marking task as SUCCESS. dag_id=ingest_data_bigquery_gt_2022, task_id=download_dataset_task, execution_date=20220502T060000, start_date=20250114T152718, end_date=20250114T152722
[2025-01-14 15:27:22,257] {local_task_job.py:154} INFO - Task exited with return code 0
[2025-01-14 15:27:22,673] {local_task_job.py:264} INFO - 0 downstream tasks scheduled from follow-on schedule check
[2025-01-14 15:35:01,177] {taskinstance.py:1032} INFO - Dependencies all met for <TaskInstance: ingest_data_bigquery_gt_2022.download_dataset_task scheduled__2022-05-02T06:00:00+00:00 [queued]>
[2025-01-14 15:35:01,281] {taskinstance.py:1032} INFO - Dependencies all met for <TaskInstance: ingest_data_bigquery_gt_2022.download_dataset_task scheduled__2022-05-02T06:00:00+00:00 [queued]>
[2025-01-14 15:35:01,287] {taskinstance.py:1238} INFO - 
--------------------------------------------------------------------------------
[2025-01-14 15:35:01,287] {taskinstance.py:1239} INFO - Starting attempt 1 of 3
[2025-01-14 15:35:01,288] {taskinstance.py:1240} INFO - 
--------------------------------------------------------------------------------
[2025-01-14 15:35:01,413] {taskinstance.py:1259} INFO - Executing <Task(BashOperator): download_dataset_task> on 2022-05-02 06:00:00+00:00
[2025-01-14 15:35:01,450] {standard_task_runner.py:52} INFO - Started process 1755 to run task
[2025-01-14 15:35:01,503] {standard_task_runner.py:76} INFO - Running: ['***', 'tasks', 'run', 'ingest_data_bigquery_gt_2022', 'download_dataset_task', 'scheduled__2022-05-02T06:00:00+00:00', '--job-id', '6437', '--raw', '--subdir', 'DAGS_FOLDER/data_ingestion_gcs_gt_dag_2022.py', '--cfg-path', '/tmp/tmpanofvlbp', '--error-file', '/tmp/tmp4423xx9w']
[2025-01-14 15:35:01,561] {standard_task_runner.py:77} INFO - Job 6437: Subtask download_dataset_task
[2025-01-14 15:35:01,892] {logging_mixin.py:109} INFO - Running <TaskInstance: ingest_data_bigquery_gt_2022.download_dataset_task scheduled__2022-05-02T06:00:00+00:00 [running]> on host d4593c1e0983
[2025-01-14 15:35:02,199] {warnings.py:99} WARNING - /home/***/.local/lib/python3.6/site-packages/***/utils/context.py:152: AirflowContextDeprecationWarning: Accessing 'execution_date' from the template is deprecated and will be removed in a future version. Please use 'data_interval_start' or 'logical_date' instead.
  warnings.warn(_create_deprecation_warning(key, self._deprecation_replacements[key]))

[2025-01-14 15:35:02,355] {taskinstance.py:1426} INFO - Exporting the following env vars:
AIRFLOW_CTX_DAG_OWNER=***
AIRFLOW_CTX_DAG_ID=ingest_data_bigquery_gt_2022
AIRFLOW_CTX_TASK_ID=download_dataset_task
AIRFLOW_CTX_EXECUTION_DATE=2022-05-02T06:00:00+00:00
AIRFLOW_CTX_DAG_RUN_ID=scheduled__2022-05-02T06:00:00+00:00
[2025-01-14 15:35:02,356] {subprocess.py:62} INFO - Tmp dir root location: 
 /tmp
[2025-01-14 15:35:02,366] {subprocess.py:74} INFO - Running command: ['bash', '-c', 'curl -sSL https://d37ci6vzurychx.cloudfront.net/trip-data/green_tripdata_2022-05.parquet > /opt/***/raw_data/greentaxi_tripdata_2022-05.parquet']
[2025-01-14 15:35:02,473] {subprocess.py:85} INFO - Output:
[2025-01-14 15:35:04,373] {subprocess.py:93} INFO - Command exited with return code 0
[2025-01-14 15:35:04,565] {taskinstance.py:1277} INFO - Marking task as SUCCESS. dag_id=ingest_data_bigquery_gt_2022, task_id=download_dataset_task, execution_date=20220502T060000, start_date=20250114T153501, end_date=20250114T153504
[2025-01-14 15:35:04,801] {local_task_job.py:154} INFO - Task exited with return code 0
[2025-01-14 15:35:04,884] {local_task_job.py:264} INFO - 1 downstream tasks scheduled from follow-on schedule check
