[2024-12-22 09:01:32,298] {processor.py:163} INFO - Started process (PID=63) to work on /opt/airflow/dags/data_ingestion_gcs_gt_dag .py
[2024-12-22 09:01:32,307] {processor.py:642} INFO - Processing file /opt/airflow/dags/data_ingestion_gcs_gt_dag .py for tasks to queue
[2024-12-22 09:01:32,320] {logging_mixin.py:109} INFO - [2024-12-22 09:01:32,320] {dagbag.py:500} INFO - Filling up the DagBag from /opt/airflow/dags/data_ingestion_gcs_gt_dag .py
[2024-12-22 09:01:37,483] {processor.py:654} INFO - DAG(s) dict_keys(['ingest_data_bigquery_gt']) retrieved from /opt/airflow/dags/data_ingestion_gcs_gt_dag .py
[2024-12-22 09:01:37,554] {logging_mixin.py:109} INFO - [2024-12-22 09:01:37,553] {dag.py:2396} INFO - Sync 1 DAGs
[2024-12-22 09:01:37,707] {logging_mixin.py:109} INFO - [2024-12-22 09:01:37,707] {dag.py:2935} INFO - Setting next_dagrun for ingest_data_bigquery_gt to 2019-01-02 06:00:00+00:00
[2024-12-22 09:01:37,761] {processor.py:171} INFO - Processing /opt/airflow/dags/data_ingestion_gcs_gt_dag .py took 5.468 seconds
[2024-12-22 09:02:08,224] {processor.py:163} INFO - Started process (PID=115) to work on /opt/airflow/dags/data_ingestion_gcs_gt_dag .py
[2024-12-22 09:02:08,233] {processor.py:642} INFO - Processing file /opt/airflow/dags/data_ingestion_gcs_gt_dag .py for tasks to queue
[2024-12-22 09:02:08,235] {logging_mixin.py:109} INFO - [2024-12-22 09:02:08,235] {dagbag.py:500} INFO - Filling up the DagBag from /opt/airflow/dags/data_ingestion_gcs_gt_dag .py
[2024-12-22 09:02:10,711] {processor.py:654} INFO - DAG(s) dict_keys(['ingest_data_bigquery_gt']) retrieved from /opt/airflow/dags/data_ingestion_gcs_gt_dag .py
[2024-12-22 09:02:10,748] {logging_mixin.py:109} INFO - [2024-12-22 09:02:10,746] {dag.py:2396} INFO - Sync 1 DAGs
[2024-12-22 09:02:10,790] {logging_mixin.py:109} INFO - [2024-12-22 09:02:10,790] {dag.py:2935} INFO - Setting next_dagrun for ingest_data_bigquery_gt to 2019-01-02 06:00:00+00:00
[2024-12-22 09:02:10,838] {processor.py:171} INFO - Processing /opt/airflow/dags/data_ingestion_gcs_gt_dag .py took 2.620 seconds
[2024-12-22 09:02:41,562] {processor.py:163} INFO - Started process (PID=162) to work on /opt/airflow/dags/data_ingestion_gcs_gt_dag .py
[2024-12-22 09:02:41,569] {processor.py:642} INFO - Processing file /opt/airflow/dags/data_ingestion_gcs_gt_dag .py for tasks to queue
[2024-12-22 09:02:41,572] {logging_mixin.py:109} INFO - [2024-12-22 09:02:41,572] {dagbag.py:500} INFO - Filling up the DagBag from /opt/airflow/dags/data_ingestion_gcs_gt_dag .py
[2024-12-22 09:02:43,731] {processor.py:654} INFO - DAG(s) dict_keys(['ingest_data_bigquery_gt']) retrieved from /opt/airflow/dags/data_ingestion_gcs_gt_dag .py
[2024-12-22 09:02:43,764] {logging_mixin.py:109} INFO - [2024-12-22 09:02:43,761] {dag.py:2396} INFO - Sync 1 DAGs
[2024-12-22 09:02:43,797] {logging_mixin.py:109} INFO - [2024-12-22 09:02:43,797] {dag.py:2935} INFO - Setting next_dagrun for ingest_data_bigquery_gt to 2019-01-02 06:00:00+00:00
[2024-12-22 09:02:43,837] {processor.py:171} INFO - Processing /opt/airflow/dags/data_ingestion_gcs_gt_dag .py took 2.280 seconds
[2024-12-22 09:13:41,829] {processor.py:163} INFO - Started process (PID=67) to work on /opt/airflow/dags/data_ingestion_gcs_gt_dag .py
[2024-12-22 09:13:41,833] {processor.py:642} INFO - Processing file /opt/airflow/dags/data_ingestion_gcs_gt_dag .py for tasks to queue
[2024-12-22 09:13:41,834] {logging_mixin.py:109} INFO - [2024-12-22 09:13:41,834] {dagbag.py:500} INFO - Filling up the DagBag from /opt/airflow/dags/data_ingestion_gcs_gt_dag .py
[2024-12-22 09:13:46,163] {processor.py:654} INFO - DAG(s) dict_keys(['ingest_data_bigquery_gt']) retrieved from /opt/airflow/dags/data_ingestion_gcs_gt_dag .py
[2024-12-22 09:13:46,200] {logging_mixin.py:109} INFO - [2024-12-22 09:13:46,198] {dag.py:2396} INFO - Sync 1 DAGs
[2024-12-22 09:13:46,259] {logging_mixin.py:109} INFO - [2024-12-22 09:13:46,259] {dag.py:2935} INFO - Setting next_dagrun for ingest_data_bigquery_gt to 2019-01-02 06:00:00+00:00
[2024-12-22 09:13:46,314] {processor.py:171} INFO - Processing /opt/airflow/dags/data_ingestion_gcs_gt_dag .py took 4.501 seconds
[2024-12-22 09:26:24,219] {processor.py:163} INFO - Started process (PID=73) to work on /opt/airflow/dags/data_ingestion_gcs_gt_dag .py
[2024-12-22 09:26:24,229] {processor.py:642} INFO - Processing file /opt/airflow/dags/data_ingestion_gcs_gt_dag .py for tasks to queue
[2024-12-22 09:26:24,231] {logging_mixin.py:109} INFO - [2024-12-22 09:26:24,230] {dagbag.py:500} INFO - Filling up the DagBag from /opt/airflow/dags/data_ingestion_gcs_gt_dag .py
[2024-12-22 09:26:28,204] {processor.py:654} INFO - DAG(s) dict_keys(['ingest_data_bigquery_gt']) retrieved from /opt/airflow/dags/data_ingestion_gcs_gt_dag .py
[2024-12-22 09:26:28,227] {logging_mixin.py:109} INFO - [2024-12-22 09:26:28,225] {dag.py:2396} INFO - Sync 1 DAGs
[2024-12-22 09:26:28,277] {logging_mixin.py:109} INFO - [2024-12-22 09:26:28,276] {dag.py:2935} INFO - Setting next_dagrun for ingest_data_bigquery_gt to 2019-01-02 06:00:00+00:00
[2024-12-22 09:26:28,300] {processor.py:171} INFO - Processing /opt/airflow/dags/data_ingestion_gcs_gt_dag .py took 4.102 seconds
