[2024-12-29 16:28:07,038] {taskinstance.py:1032} INFO - Dependencies all met for <TaskInstance: ingest_data_bigquery_fhvhv.local_to_gcs_task scheduled__2020-09-02T06:00:00+00:00 [queued]>
[2024-12-29 16:28:07,050] {taskinstance.py:1032} INFO - Dependencies all met for <TaskInstance: ingest_data_bigquery_fhvhv.local_to_gcs_task scheduled__2020-09-02T06:00:00+00:00 [queued]>
[2024-12-29 16:28:07,050] {taskinstance.py:1238} INFO - 
--------------------------------------------------------------------------------
[2024-12-29 16:28:07,050] {taskinstance.py:1239} INFO - Starting attempt 6 of 8
[2024-12-29 16:28:07,050] {taskinstance.py:1240} INFO - 
--------------------------------------------------------------------------------
[2024-12-29 16:28:07,061] {taskinstance.py:1259} INFO - Executing <Task(PythonOperator): local_to_gcs_task> on 2020-09-02 06:00:00+00:00
[2024-12-29 16:28:07,067] {standard_task_runner.py:52} INFO - Started process 310 to run task
[2024-12-29 16:28:07,072] {standard_task_runner.py:76} INFO - Running: ['***', 'tasks', 'run', 'ingest_data_bigquery_fhvhv', 'local_to_gcs_task', 'scheduled__2020-09-02T06:00:00+00:00', '--job-id', '6107', '--raw', '--subdir', 'DAGS_FOLDER/data_ingestion_gcs_fhvhv_dag.py', '--cfg-path', '/tmp/tmpfs1trsli', '--error-file', '/tmp/tmpqozopuei']
[2024-12-29 16:28:07,078] {standard_task_runner.py:77} INFO - Job 6107: Subtask local_to_gcs_task
[2024-12-29 16:28:07,150] {logging_mixin.py:109} INFO - Running <TaskInstance: ingest_data_bigquery_fhvhv.local_to_gcs_task scheduled__2020-09-02T06:00:00+00:00 [running]> on host 32dbdd895fc9
[2024-12-29 16:28:07,201] {warnings.py:99} WARNING - /home/***/.local/lib/python3.6/site-packages/***/utils/context.py:152: AirflowContextDeprecationWarning: Accessing 'execution_date' from the template is deprecated and will be removed in a future version. Please use 'data_interval_start' or 'logical_date' instead.
  warnings.warn(_create_deprecation_warning(key, self._deprecation_replacements[key]))

[2024-12-29 16:28:07,230] {taskinstance.py:1426} INFO - Exporting the following env vars:
AIRFLOW_CTX_DAG_OWNER=***
AIRFLOW_CTX_DAG_ID=ingest_data_bigquery_fhvhv
AIRFLOW_CTX_TASK_ID=local_to_gcs_task
AIRFLOW_CTX_EXECUTION_DATE=2020-09-02T06:00:00+00:00
AIRFLOW_CTX_DAG_RUN_ID=scheduled__2020-09-02T06:00:00+00:00
[2024-12-29 16:28:32,716] {python.py:175} INFO - Done. Returned value was: None
[2024-12-29 16:28:32,734] {taskinstance.py:1277} INFO - Marking task as SUCCESS. dag_id=ingest_data_bigquery_fhvhv, task_id=local_to_gcs_task, execution_date=20200902T060000, start_date=20241229T162807, end_date=20241229T162832
[2024-12-29 16:28:32,803] {local_task_job.py:154} INFO - Task exited with return code 0
[2024-12-29 16:28:32,837] {local_task_job.py:264} INFO - 1 downstream tasks scheduled from follow-on schedule check
