[2024-03-30 03:53:44,638] {taskinstance.py:1032} INFO - Dependencies all met for <TaskInstance: ingest_data_bigquery.local_to_gcs_task scheduled__2023-09-02T06:00:00+00:00 [queued]>
[2024-03-30 03:53:44,681] {taskinstance.py:1032} INFO - Dependencies all met for <TaskInstance: ingest_data_bigquery.local_to_gcs_task scheduled__2023-09-02T06:00:00+00:00 [queued]>
[2024-03-30 03:53:44,681] {taskinstance.py:1238} INFO - 
--------------------------------------------------------------------------------
[2024-03-30 03:53:44,681] {taskinstance.py:1239} INFO - Starting attempt 1 of 4
[2024-03-30 03:53:44,681] {taskinstance.py:1240} INFO - 
--------------------------------------------------------------------------------
[2024-03-30 03:53:45,010] {taskinstance.py:1259} INFO - Executing <Task(PythonOperator): local_to_gcs_task> on 2023-09-02 06:00:00+00:00
[2024-03-30 03:53:45,081] {standard_task_runner.py:52} INFO - Started process 2194 to run task
[2024-03-30 03:53:45,112] {standard_task_runner.py:76} INFO - Running: ['***', 'tasks', 'run', 'ingest_data_bigquery', 'local_to_gcs_task', 'scheduled__2023-09-02T06:00:00+00:00', '--job-id', '2007', '--raw', '--subdir', 'DAGS_FOLDER/data_ingestion_gcs_dag.py', '--cfg-path', '/tmp/tmpxvv061es', '--error-file', '/tmp/tmpvff3a4kw']
[2024-03-30 03:53:45,133] {standard_task_runner.py:77} INFO - Job 2007: Subtask local_to_gcs_task
[2024-03-30 03:53:45,695] {logging_mixin.py:109} INFO - Running <TaskInstance: ingest_data_bigquery.local_to_gcs_task scheduled__2023-09-02T06:00:00+00:00 [running]> on host 98c5b3fde4c4
[2024-03-30 03:53:46,291] {warnings.py:99} WARNING - /home/***/.local/lib/python3.6/site-packages/***/utils/context.py:152: AirflowContextDeprecationWarning: Accessing 'execution_date' from the template is deprecated and will be removed in a future version. Please use 'data_interval_start' or 'logical_date' instead.
  warnings.warn(_create_deprecation_warning(key, self._deprecation_replacements[key]))

[2024-03-30 03:53:46,465] {taskinstance.py:1426} INFO - Exporting the following env vars:
AIRFLOW_CTX_DAG_OWNER=***
AIRFLOW_CTX_DAG_ID=ingest_data_bigquery
AIRFLOW_CTX_TASK_ID=local_to_gcs_task
AIRFLOW_CTX_EXECUTION_DATE=2023-09-02T06:00:00+00:00
AIRFLOW_CTX_DAG_RUN_ID=scheduled__2023-09-02T06:00:00+00:00
[2024-03-30 03:53:49,144] {logging_mixin.py:109} INFO - File /opt/***/yellowtaxi_tripdata_2023-09.parquet uploaded to yellowtaxi_tripdata/yellow_taxi_2023_09.parquet.
[2024-03-30 03:53:49,145] {python.py:175} INFO - Done. Returned value was: None
[2024-03-30 03:53:49,177] {taskinstance.py:1277} INFO - Marking task as SUCCESS. dag_id=ingest_data_bigquery, task_id=local_to_gcs_task, execution_date=20230902T060000, start_date=20240330T035344, end_date=20240330T035349
[2024-03-30 03:53:49,472] {local_task_job.py:154} INFO - Task exited with return code 0
[2024-03-30 03:53:49,941] {local_task_job.py:264} INFO - 0 downstream tasks scheduled from follow-on schedule check
[2024-03-30 04:26:16,224] {taskinstance.py:1032} INFO - Dependencies all met for <TaskInstance: ingest_data_bigquery.local_to_gcs_task scheduled__2023-09-02T06:00:00+00:00 [queued]>
[2024-03-30 04:26:16,242] {taskinstance.py:1032} INFO - Dependencies all met for <TaskInstance: ingest_data_bigquery.local_to_gcs_task scheduled__2023-09-02T06:00:00+00:00 [queued]>
[2024-03-30 04:26:16,242] {taskinstance.py:1238} INFO - 
--------------------------------------------------------------------------------
[2024-03-30 04:26:16,242] {taskinstance.py:1239} INFO - Starting attempt 1 of 4
[2024-03-30 04:26:16,242] {taskinstance.py:1240} INFO - 
--------------------------------------------------------------------------------
[2024-03-30 04:26:16,255] {taskinstance.py:1259} INFO - Executing <Task(PythonOperator): local_to_gcs_task> on 2023-09-02 06:00:00+00:00
[2024-03-30 04:26:16,260] {standard_task_runner.py:52} INFO - Started process 4555 to run task
[2024-03-30 04:26:16,264] {standard_task_runner.py:76} INFO - Running: ['***', 'tasks', 'run', 'ingest_data_bigquery', 'local_to_gcs_task', 'scheduled__2023-09-02T06:00:00+00:00', '--job-id', '2254', '--raw', '--subdir', 'DAGS_FOLDER/data_ingestion_gcs_dag.py', '--cfg-path', '/tmp/tmpadwsxse6', '--error-file', '/tmp/tmpgg05ggii']
[2024-03-30 04:26:16,268] {standard_task_runner.py:77} INFO - Job 2254: Subtask local_to_gcs_task
[2024-03-30 04:26:16,336] {logging_mixin.py:109} INFO - Running <TaskInstance: ingest_data_bigquery.local_to_gcs_task scheduled__2023-09-02T06:00:00+00:00 [running]> on host 98c5b3fde4c4
[2024-03-30 04:26:16,373] {warnings.py:99} WARNING - /home/***/.local/lib/python3.6/site-packages/***/utils/context.py:152: AirflowContextDeprecationWarning: Accessing 'execution_date' from the template is deprecated and will be removed in a future version. Please use 'data_interval_start' or 'logical_date' instead.
  warnings.warn(_create_deprecation_warning(key, self._deprecation_replacements[key]))

[2024-03-30 04:26:16,396] {taskinstance.py:1426} INFO - Exporting the following env vars:
AIRFLOW_CTX_DAG_OWNER=***
AIRFLOW_CTX_DAG_ID=ingest_data_bigquery
AIRFLOW_CTX_TASK_ID=local_to_gcs_task
AIRFLOW_CTX_EXECUTION_DATE=2023-09-02T06:00:00+00:00
AIRFLOW_CTX_DAG_RUN_ID=scheduled__2023-09-02T06:00:00+00:00
[2024-03-30 04:26:16,830] {logging_mixin.py:109} INFO - File /opt/***/yellowtaxi_tripdata_2023-09.parquet uploaded to yellowtaxi_tripdata/yellow_taxi_2023_09.parquet.
[2024-03-30 04:26:16,831] {python.py:175} INFO - Done. Returned value was: None
[2024-03-30 04:26:16,873] {taskinstance.py:1277} INFO - Marking task as SUCCESS. dag_id=ingest_data_bigquery, task_id=local_to_gcs_task, execution_date=20230902T060000, start_date=20240330T042616, end_date=20240330T042616
[2024-03-30 04:26:17,008] {local_task_job.py:154} INFO - Task exited with return code 0
[2024-03-30 04:26:17,076] {local_task_job.py:264} INFO - 1 downstream tasks scheduled from follow-on schedule check
[2024-03-30 04:45:13,188] {taskinstance.py:1032} INFO - Dependencies all met for <TaskInstance: ingest_data_bigquery.local_to_gcs_task scheduled__2023-09-02T06:00:00+00:00 [queued]>
[2024-03-30 04:45:13,269] {taskinstance.py:1032} INFO - Dependencies all met for <TaskInstance: ingest_data_bigquery.local_to_gcs_task scheduled__2023-09-02T06:00:00+00:00 [queued]>
[2024-03-30 04:45:13,270] {taskinstance.py:1238} INFO - 
--------------------------------------------------------------------------------
[2024-03-30 04:45:13,270] {taskinstance.py:1239} INFO - Starting attempt 1 of 4
[2024-03-30 04:45:13,270] {taskinstance.py:1240} INFO - 
--------------------------------------------------------------------------------
[2024-03-30 04:45:13,311] {taskinstance.py:1259} INFO - Executing <Task(PythonOperator): local_to_gcs_task> on 2023-09-02 06:00:00+00:00
[2024-03-30 04:45:13,338] {standard_task_runner.py:52} INFO - Started process 5876 to run task
[2024-03-30 04:45:13,352] {standard_task_runner.py:76} INFO - Running: ['***', 'tasks', 'run', 'ingest_data_bigquery', 'local_to_gcs_task', 'scheduled__2023-09-02T06:00:00+00:00', '--job-id', '2378', '--raw', '--subdir', 'DAGS_FOLDER/data_ingestion_gcs_dag.py', '--cfg-path', '/tmp/tmpr8z4nmlr', '--error-file', '/tmp/tmpqd0hqi2g']
[2024-03-30 04:45:13,378] {standard_task_runner.py:77} INFO - Job 2378: Subtask local_to_gcs_task
[2024-03-30 04:45:13,604] {logging_mixin.py:109} INFO - Running <TaskInstance: ingest_data_bigquery.local_to_gcs_task scheduled__2023-09-02T06:00:00+00:00 [running]> on host 98c5b3fde4c4
[2024-03-30 04:45:13,703] {warnings.py:99} WARNING - /home/***/.local/lib/python3.6/site-packages/***/utils/context.py:152: AirflowContextDeprecationWarning: Accessing 'execution_date' from the template is deprecated and will be removed in a future version. Please use 'data_interval_start' or 'logical_date' instead.
  warnings.warn(_create_deprecation_warning(key, self._deprecation_replacements[key]))

[2024-03-30 04:45:13,762] {taskinstance.py:1426} INFO - Exporting the following env vars:
AIRFLOW_CTX_DAG_OWNER=***
AIRFLOW_CTX_DAG_ID=ingest_data_bigquery
AIRFLOW_CTX_TASK_ID=local_to_gcs_task
AIRFLOW_CTX_EXECUTION_DATE=2023-09-02T06:00:00+00:00
AIRFLOW_CTX_DAG_RUN_ID=scheduled__2023-09-02T06:00:00+00:00
[2024-03-30 04:45:14,939] {logging_mixin.py:109} INFO - File /opt/***/yellowtaxi_tripdata_2023-09.parquet uploaded to yellowtaxi_tripdata/yellow_taxi_2023_09.parquet.
[2024-03-30 04:45:14,939] {python.py:175} INFO - Done. Returned value was: None
[2024-03-30 04:45:14,978] {taskinstance.py:1277} INFO - Marking task as SUCCESS. dag_id=ingest_data_bigquery, task_id=local_to_gcs_task, execution_date=20230902T060000, start_date=20240330T044513, end_date=20240330T044514
[2024-03-30 04:45:15,107] {local_task_job.py:154} INFO - Task exited with return code 0
[2024-03-30 04:45:15,235] {local_task_job.py:264} INFO - 1 downstream tasks scheduled from follow-on schedule check
[2024-03-30 05:00:49,507] {taskinstance.py:1032} INFO - Dependencies all met for <TaskInstance: ingest_data_bigquery.local_to_gcs_task scheduled__2023-09-02T06:00:00+00:00 [queued]>
[2024-03-30 05:00:49,534] {taskinstance.py:1032} INFO - Dependencies all met for <TaskInstance: ingest_data_bigquery.local_to_gcs_task scheduled__2023-09-02T06:00:00+00:00 [queued]>
[2024-03-30 05:00:49,535] {taskinstance.py:1238} INFO - 
--------------------------------------------------------------------------------
[2024-03-30 05:00:49,536] {taskinstance.py:1239} INFO - Starting attempt 1 of 4
[2024-03-30 05:00:49,536] {taskinstance.py:1240} INFO - 
--------------------------------------------------------------------------------
[2024-03-30 05:00:49,562] {taskinstance.py:1259} INFO - Executing <Task(PythonOperator): local_to_gcs_task> on 2023-09-02 06:00:00+00:00
[2024-03-30 05:00:49,571] {standard_task_runner.py:52} INFO - Started process 7003 to run task
[2024-03-30 05:00:49,588] {standard_task_runner.py:76} INFO - Running: ['***', 'tasks', 'run', 'ingest_data_bigquery', 'local_to_gcs_task', 'scheduled__2023-09-02T06:00:00+00:00', '--job-id', '2497', '--raw', '--subdir', 'DAGS_FOLDER/data_ingestion_gcs_dag.py', '--cfg-path', '/tmp/tmp9o1qgoys', '--error-file', '/tmp/tmp7170j5n7']
[2024-03-30 05:00:49,594] {standard_task_runner.py:77} INFO - Job 2497: Subtask local_to_gcs_task
[2024-03-30 05:00:49,790] {logging_mixin.py:109} INFO - Running <TaskInstance: ingest_data_bigquery.local_to_gcs_task scheduled__2023-09-02T06:00:00+00:00 [running]> on host 98c5b3fde4c4
[2024-03-30 05:00:49,913] {warnings.py:99} WARNING - /home/***/.local/lib/python3.6/site-packages/***/utils/context.py:152: AirflowContextDeprecationWarning: Accessing 'execution_date' from the template is deprecated and will be removed in a future version. Please use 'data_interval_start' or 'logical_date' instead.
  warnings.warn(_create_deprecation_warning(key, self._deprecation_replacements[key]))

[2024-03-30 05:00:50,008] {taskinstance.py:1426} INFO - Exporting the following env vars:
AIRFLOW_CTX_DAG_OWNER=***
AIRFLOW_CTX_DAG_ID=ingest_data_bigquery
AIRFLOW_CTX_TASK_ID=local_to_gcs_task
AIRFLOW_CTX_EXECUTION_DATE=2023-09-02T06:00:00+00:00
AIRFLOW_CTX_DAG_RUN_ID=scheduled__2023-09-02T06:00:00+00:00
[2024-03-30 05:00:50,745] {logging_mixin.py:109} INFO - File /opt/***/yellowtaxi_tripdata_2023-09.parquet uploaded to yellowtaxi_tripdata/yellow_taxi_2023_09.parquet.
[2024-03-30 05:00:50,746] {python.py:175} INFO - Done. Returned value was: None
[2024-03-30 05:00:50,787] {taskinstance.py:1277} INFO - Marking task as SUCCESS. dag_id=ingest_data_bigquery, task_id=local_to_gcs_task, execution_date=20230902T060000, start_date=20240330T050049, end_date=20240330T050050
[2024-03-30 05:00:50,889] {local_task_job.py:154} INFO - Task exited with return code 0
[2024-03-30 05:00:51,027] {local_task_job.py:264} INFO - 1 downstream tasks scheduled from follow-on schedule check
[2024-03-30 09:03:33,804] {taskinstance.py:1032} INFO - Dependencies all met for <TaskInstance: ingest_data_bigquery.local_to_gcs_task scheduled__2023-09-02T06:00:00+00:00 [queued]>
[2024-03-30 09:03:33,815] {taskinstance.py:1032} INFO - Dependencies all met for <TaskInstance: ingest_data_bigquery.local_to_gcs_task scheduled__2023-09-02T06:00:00+00:00 [queued]>
[2024-03-30 09:03:33,816] {taskinstance.py:1238} INFO - 
--------------------------------------------------------------------------------
[2024-03-30 09:03:33,816] {taskinstance.py:1239} INFO - Starting attempt 1 of 4
[2024-03-30 09:03:33,816] {taskinstance.py:1240} INFO - 
--------------------------------------------------------------------------------
[2024-03-30 09:03:33,827] {taskinstance.py:1259} INFO - Executing <Task(PythonOperator): local_to_gcs_task> on 2023-09-02 06:00:00+00:00
[2024-03-30 09:03:33,833] {standard_task_runner.py:52} INFO - Started process 18548 to run task
[2024-03-30 09:03:33,839] {standard_task_runner.py:76} INFO - Running: ['***', 'tasks', 'run', 'ingest_data_bigquery', 'local_to_gcs_task', 'scheduled__2023-09-02T06:00:00+00:00', '--job-id', '2615', '--raw', '--subdir', 'DAGS_FOLDER/data_ingestion_gcs_dag.py', '--cfg-path', '/tmp/tmp1nz0gfhz', '--error-file', '/tmp/tmps_4n6rmn']
[2024-03-30 09:03:33,845] {standard_task_runner.py:77} INFO - Job 2615: Subtask local_to_gcs_task
[2024-03-30 09:03:33,933] {logging_mixin.py:109} INFO - Running <TaskInstance: ingest_data_bigquery.local_to_gcs_task scheduled__2023-09-02T06:00:00+00:00 [running]> on host 98c5b3fde4c4
[2024-03-30 09:03:34,008] {warnings.py:99} WARNING - /home/***/.local/lib/python3.6/site-packages/***/utils/context.py:152: AirflowContextDeprecationWarning: Accessing 'execution_date' from the template is deprecated and will be removed in a future version. Please use 'data_interval_start' or 'logical_date' instead.
  warnings.warn(_create_deprecation_warning(key, self._deprecation_replacements[key]))

[2024-03-30 09:03:34,046] {taskinstance.py:1426} INFO - Exporting the following env vars:
AIRFLOW_CTX_DAG_OWNER=***
AIRFLOW_CTX_DAG_ID=ingest_data_bigquery
AIRFLOW_CTX_TASK_ID=local_to_gcs_task
AIRFLOW_CTX_EXECUTION_DATE=2023-09-02T06:00:00+00:00
AIRFLOW_CTX_DAG_RUN_ID=scheduled__2023-09-02T06:00:00+00:00
[2024-03-30 09:03:34,590] {logging_mixin.py:109} INFO - File /opt/***/yellowtaxi_tripdata_2023-09.parquet uploaded to yellowtaxi_tripdata/yellow_taxi_2023_09.parquet.
[2024-03-30 09:03:34,590] {python.py:175} INFO - Done. Returned value was: None
[2024-03-30 09:03:34,637] {taskinstance.py:1277} INFO - Marking task as SUCCESS. dag_id=ingest_data_bigquery, task_id=local_to_gcs_task, execution_date=20230902T060000, start_date=20240330T090333, end_date=20240330T090334
[2024-03-30 09:03:34,720] {local_task_job.py:154} INFO - Task exited with return code 0
[2024-03-30 09:03:34,812] {local_task_job.py:264} INFO - 1 downstream tasks scheduled from follow-on schedule check
[2024-03-30 12:07:11,243] {taskinstance.py:1032} INFO - Dependencies all met for <TaskInstance: ingest_data_bigquery.local_to_gcs_task scheduled__2023-09-02T06:00:00+00:00 [queued]>
[2024-03-30 12:07:11,260] {taskinstance.py:1032} INFO - Dependencies all met for <TaskInstance: ingest_data_bigquery.local_to_gcs_task scheduled__2023-09-02T06:00:00+00:00 [queued]>
[2024-03-30 12:07:11,260] {taskinstance.py:1238} INFO - 
--------------------------------------------------------------------------------
[2024-03-30 12:07:11,260] {taskinstance.py:1239} INFO - Starting attempt 1 of 4
[2024-03-30 12:07:11,261] {taskinstance.py:1240} INFO - 
--------------------------------------------------------------------------------
[2024-03-30 12:07:11,274] {taskinstance.py:1259} INFO - Executing <Task(PythonOperator): local_to_gcs_task> on 2023-09-02 06:00:00+00:00
[2024-03-30 12:07:11,280] {standard_task_runner.py:52} INFO - Started process 29388 to run task
[2024-03-30 12:07:11,286] {standard_task_runner.py:76} INFO - Running: ['***', 'tasks', 'run', 'ingest_data_bigquery', 'local_to_gcs_task', 'scheduled__2023-09-02T06:00:00+00:00', '--job-id', '2935', '--raw', '--subdir', 'DAGS_FOLDER/data_ingestion_gcs_dag.py', '--cfg-path', '/tmp/tmp6m0rgg7r', '--error-file', '/tmp/tmp3hygu55e']
[2024-03-30 12:07:11,292] {standard_task_runner.py:77} INFO - Job 2935: Subtask local_to_gcs_task
[2024-03-30 12:07:11,356] {logging_mixin.py:109} INFO - Running <TaskInstance: ingest_data_bigquery.local_to_gcs_task scheduled__2023-09-02T06:00:00+00:00 [running]> on host 98c5b3fde4c4
[2024-03-30 12:07:11,388] {warnings.py:99} WARNING - /home/***/.local/lib/python3.6/site-packages/***/utils/context.py:152: AirflowContextDeprecationWarning: Accessing 'execution_date' from the template is deprecated and will be removed in a future version. Please use 'data_interval_start' or 'logical_date' instead.
  warnings.warn(_create_deprecation_warning(key, self._deprecation_replacements[key]))

[2024-03-30 12:07:11,413] {taskinstance.py:1426} INFO - Exporting the following env vars:
AIRFLOW_CTX_DAG_OWNER=***
AIRFLOW_CTX_DAG_ID=ingest_data_bigquery
AIRFLOW_CTX_TASK_ID=local_to_gcs_task
AIRFLOW_CTX_EXECUTION_DATE=2023-09-02T06:00:00+00:00
AIRFLOW_CTX_DAG_RUN_ID=scheduled__2023-09-02T06:00:00+00:00
[2024-03-30 12:07:13,142] {taskinstance.py:1700} ERROR - Task failed with exception
Traceback (most recent call last):
  File "/home/airflow/.local/lib/python3.6/site-packages/airflow/models/taskinstance.py", line 1329, in _run_raw_task
    self._execute_task_with_callbacks(context)
  File "/home/airflow/.local/lib/python3.6/site-packages/airflow/models/taskinstance.py", line 1455, in _execute_task_with_callbacks
    result = self._execute_task(context, self.task)
  File "/home/airflow/.local/lib/python3.6/site-packages/airflow/models/taskinstance.py", line 1511, in _execute_task
    result = execute_callable(context=context)
  File "/home/airflow/.local/lib/python3.6/site-packages/airflow/operators/python.py", line 174, in execute
    return_value = self.execute_callable()
  File "/home/airflow/.local/lib/python3.6/site-packages/airflow/operators/python.py", line 185, in execute_callable
    return self.python_callable(*self.op_args, **self.op_kwargs)
  File "/opt/airflow/dags/data_ingestion_gcs_dag.py", line 68, in upload_to_gcs
    df.to_parquet(clean_file_name, index=False)
  File "/home/airflow/.local/lib/python3.6/site-packages/pandas/util/_decorators.py", line 199, in wrapper
    return func(*args, **kwargs)
  File "/home/airflow/.local/lib/python3.6/site-packages/pandas/core/frame.py", line 2372, in to_parquet
    **kwargs,
  File "/home/airflow/.local/lib/python3.6/site-packages/pandas/io/parquet.py", line 276, in to_parquet
    **kwargs,
  File "/home/airflow/.local/lib/python3.6/site-packages/pandas/io/parquet.py", line 101, in write
    table = self.api.Table.from_pandas(df, **from_pandas_kwargs)
  File "pyarrow/table.pxi", line 1561, in pyarrow.lib.Table.from_pandas
  File "/home/airflow/.local/lib/python3.6/site-packages/pyarrow/pandas_compat.py", line 607, in dataframe_to_arrays
    arrays[i] = maybe_fut.result()
  File "/usr/local/lib/python3.6/concurrent/futures/_base.py", line 425, in result
    return self.__get_result()
  File "/usr/local/lib/python3.6/concurrent/futures/_base.py", line 384, in __get_result
    raise self._exception
  File "/usr/local/lib/python3.6/concurrent/futures/thread.py", line 56, in run
    result = self.fn(*self.args, **self.kwargs)
  File "/home/airflow/.local/lib/python3.6/site-packages/pyarrow/pandas_compat.py", line 581, in convert_column
    raise e
  File "/home/airflow/.local/lib/python3.6/site-packages/pyarrow/pandas_compat.py", line 575, in convert_column
    result = pa.array(col, type=type_, from_pandas=True, safe=safe)
  File "pyarrow/array.pxi", line 302, in pyarrow.lib.array
  File "pyarrow/array.pxi", line 83, in pyarrow.lib._ndarray_to_array
  File "pyarrow/error.pxi", line 122, in pyarrow.lib.check_status
pyarrow.lib.ArrowTypeError: ("Expected bytes, got a 'int' object", 'Conversion failed for column store_and_fwd_flag with type object')
[2024-03-30 12:07:13,167] {taskinstance.py:1277} INFO - Marking task as UP_FOR_RETRY. dag_id=ingest_data_bigquery, task_id=local_to_gcs_task, execution_date=20230902T060000, start_date=20240330T120711, end_date=20240330T120713
[2024-03-30 12:07:13,408] {standard_task_runner.py:92} ERROR - Failed to execute job 2935 for task local_to_gcs_task
Traceback (most recent call last):
  File "/home/airflow/.local/lib/python3.6/site-packages/airflow/task/task_runner/standard_task_runner.py", line 85, in _start_by_fork
    args.func(args, dag=self.dag)
  File "/home/airflow/.local/lib/python3.6/site-packages/airflow/cli/cli_parser.py", line 48, in command
    return func(*args, **kwargs)
  File "/home/airflow/.local/lib/python3.6/site-packages/airflow/utils/cli.py", line 92, in wrapper
    return f(*args, **kwargs)
  File "/home/airflow/.local/lib/python3.6/site-packages/airflow/cli/commands/task_command.py", line 298, in task_run
    _run_task_by_selected_method(args, dag, ti)
  File "/home/airflow/.local/lib/python3.6/site-packages/airflow/cli/commands/task_command.py", line 107, in _run_task_by_selected_method
    _run_raw_task(args, ti)
  File "/home/airflow/.local/lib/python3.6/site-packages/airflow/cli/commands/task_command.py", line 184, in _run_raw_task
    error_file=args.error_file,
  File "/home/airflow/.local/lib/python3.6/site-packages/airflow/utils/session.py", line 70, in wrapper
    return func(*args, session=session, **kwargs)
  File "/home/airflow/.local/lib/python3.6/site-packages/airflow/models/taskinstance.py", line 1329, in _run_raw_task
    self._execute_task_with_callbacks(context)
  File "/home/airflow/.local/lib/python3.6/site-packages/airflow/models/taskinstance.py", line 1455, in _execute_task_with_callbacks
    result = self._execute_task(context, self.task)
  File "/home/airflow/.local/lib/python3.6/site-packages/airflow/models/taskinstance.py", line 1511, in _execute_task
    result = execute_callable(context=context)
  File "/home/airflow/.local/lib/python3.6/site-packages/airflow/operators/python.py", line 174, in execute
    return_value = self.execute_callable()
  File "/home/airflow/.local/lib/python3.6/site-packages/airflow/operators/python.py", line 185, in execute_callable
    return self.python_callable(*self.op_args, **self.op_kwargs)
  File "/opt/airflow/dags/data_ingestion_gcs_dag.py", line 68, in upload_to_gcs
    df.to_parquet(clean_file_name, index=False)
  File "/home/airflow/.local/lib/python3.6/site-packages/pandas/util/_decorators.py", line 199, in wrapper
    return func(*args, **kwargs)
  File "/home/airflow/.local/lib/python3.6/site-packages/pandas/core/frame.py", line 2372, in to_parquet
    **kwargs,
  File "/home/airflow/.local/lib/python3.6/site-packages/pandas/io/parquet.py", line 276, in to_parquet
    **kwargs,
  File "/home/airflow/.local/lib/python3.6/site-packages/pandas/io/parquet.py", line 101, in write
    table = self.api.Table.from_pandas(df, **from_pandas_kwargs)
  File "pyarrow/table.pxi", line 1561, in pyarrow.lib.Table.from_pandas
  File "/home/airflow/.local/lib/python3.6/site-packages/pyarrow/pandas_compat.py", line 607, in dataframe_to_arrays
    arrays[i] = maybe_fut.result()
  File "/usr/local/lib/python3.6/concurrent/futures/_base.py", line 425, in result
    return self.__get_result()
  File "/usr/local/lib/python3.6/concurrent/futures/_base.py", line 384, in __get_result
    raise self._exception
  File "/usr/local/lib/python3.6/concurrent/futures/thread.py", line 56, in run
    result = self.fn(*self.args, **self.kwargs)
  File "/home/airflow/.local/lib/python3.6/site-packages/pyarrow/pandas_compat.py", line 581, in convert_column
    raise e
  File "/home/airflow/.local/lib/python3.6/site-packages/pyarrow/pandas_compat.py", line 575, in convert_column
    result = pa.array(col, type=type_, from_pandas=True, safe=safe)
  File "pyarrow/array.pxi", line 302, in pyarrow.lib.array
  File "pyarrow/array.pxi", line 83, in pyarrow.lib._ndarray_to_array
  File "pyarrow/error.pxi", line 122, in pyarrow.lib.check_status
pyarrow.lib.ArrowTypeError: ("Expected bytes, got a 'int' object", 'Conversion failed for column store_and_fwd_flag with type object')
[2024-03-30 12:07:13,446] {local_task_job.py:154} INFO - Task exited with return code 1
[2024-03-30 12:07:13,491] {local_task_job.py:264} INFO - 0 downstream tasks scheduled from follow-on schedule check
[2024-04-30 03:02:36,619] {taskinstance.py:1032} INFO - Dependencies all met for <TaskInstance: ingest_data_bigquery.local_to_gcs_task scheduled__2023-09-02T06:00:00+00:00 [queued]>
[2024-04-30 03:02:36,686] {taskinstance.py:1032} INFO - Dependencies all met for <TaskInstance: ingest_data_bigquery.local_to_gcs_task scheduled__2023-09-02T06:00:00+00:00 [queued]>
[2024-04-30 03:02:36,686] {taskinstance.py:1238} INFO - 
--------------------------------------------------------------------------------
[2024-04-30 03:02:36,687] {taskinstance.py:1239} INFO - Starting attempt 1 of 2
[2024-04-30 03:02:36,687] {taskinstance.py:1240} INFO - 
--------------------------------------------------------------------------------
[2024-04-30 03:02:36,732] {taskinstance.py:1259} INFO - Executing <Task(PythonOperator): local_to_gcs_task> on 2023-09-02 06:00:00+00:00
[2024-04-30 03:02:36,758] {standard_task_runner.py:52} INFO - Started process 1075 to run task
[2024-04-30 03:02:36,772] {standard_task_runner.py:76} INFO - Running: ['***', 'tasks', 'run', 'ingest_data_bigquery', 'local_to_gcs_task', 'scheduled__2023-09-02T06:00:00+00:00', '--job-id', '3224', '--raw', '--subdir', 'DAGS_FOLDER/data_ingestion_gcs_dag.py', '--cfg-path', '/tmp/tmpy8creny5', '--error-file', '/tmp/tmptgacrc_z']
[2024-04-30 03:02:36,792] {standard_task_runner.py:77} INFO - Job 3224: Subtask local_to_gcs_task
[2024-04-30 03:02:36,997] {logging_mixin.py:109} INFO - Running <TaskInstance: ingest_data_bigquery.local_to_gcs_task scheduled__2023-09-02T06:00:00+00:00 [running]> on host 02dc49e0e362
[2024-04-30 03:02:37,133] {warnings.py:99} WARNING - /home/***/.local/lib/python3.6/site-packages/***/utils/context.py:152: AirflowContextDeprecationWarning: Accessing 'execution_date' from the template is deprecated and will be removed in a future version. Please use 'data_interval_start' or 'logical_date' instead.
  warnings.warn(_create_deprecation_warning(key, self._deprecation_replacements[key]))

[2024-04-30 03:02:37,222] {taskinstance.py:1426} INFO - Exporting the following env vars:
AIRFLOW_CTX_DAG_OWNER=***
AIRFLOW_CTX_DAG_ID=ingest_data_bigquery
AIRFLOW_CTX_TASK_ID=local_to_gcs_task
AIRFLOW_CTX_EXECUTION_DATE=2023-09-02T06:00:00+00:00
AIRFLOW_CTX_DAG_RUN_ID=scheduled__2023-09-02T06:00:00+00:00
[2024-04-30 03:02:38,043] {python.py:175} INFO - Done. Returned value was: None
[2024-04-30 03:02:38,080] {taskinstance.py:1277} INFO - Marking task as SUCCESS. dag_id=ingest_data_bigquery, task_id=local_to_gcs_task, execution_date=20230902T060000, start_date=20240430T030236, end_date=20240430T030238
[2024-04-30 03:02:38,202] {local_task_job.py:154} INFO - Task exited with return code 0
[2024-04-30 03:02:38,332] {local_task_job.py:264} INFO - 1 downstream tasks scheduled from follow-on schedule check
[2024-04-30 04:35:40,091] {taskinstance.py:1032} INFO - Dependencies all met for <TaskInstance: ingest_data_bigquery.local_to_gcs_task scheduled__2023-09-02T06:00:00+00:00 [queued]>
[2024-04-30 04:35:40,109] {taskinstance.py:1032} INFO - Dependencies all met for <TaskInstance: ingest_data_bigquery.local_to_gcs_task scheduled__2023-09-02T06:00:00+00:00 [queued]>
[2024-04-30 04:35:40,110] {taskinstance.py:1238} INFO - 
--------------------------------------------------------------------------------
[2024-04-30 04:35:40,110] {taskinstance.py:1239} INFO - Starting attempt 1 of 2
[2024-04-30 04:35:40,110] {taskinstance.py:1240} INFO - 
--------------------------------------------------------------------------------
[2024-04-30 04:35:40,124] {taskinstance.py:1259} INFO - Executing <Task(PythonOperator): local_to_gcs_task> on 2023-09-02 06:00:00+00:00
[2024-04-30 04:35:40,132] {standard_task_runner.py:52} INFO - Started process 5928 to run task
[2024-04-30 04:35:40,164] {standard_task_runner.py:76} INFO - Running: ['***', 'tasks', 'run', 'ingest_data_bigquery', 'local_to_gcs_task', 'scheduled__2023-09-02T06:00:00+00:00', '--job-id', '3325', '--raw', '--subdir', 'DAGS_FOLDER/data_ingestion_gcs_dag.py', '--cfg-path', '/tmp/tmp7n05y798', '--error-file', '/tmp/tmpztjbsiqw']
[2024-04-30 04:35:40,170] {standard_task_runner.py:77} INFO - Job 3325: Subtask local_to_gcs_task
[2024-04-30 04:35:40,313] {logging_mixin.py:109} INFO - Running <TaskInstance: ingest_data_bigquery.local_to_gcs_task scheduled__2023-09-02T06:00:00+00:00 [running]> on host 02dc49e0e362
[2024-04-30 