[2024-12-16 15:34:54,944] {taskinstance.py:1032} INFO - Dependencies all met for <TaskInstance: ingest_data_bigquery_fhvhv.local_to_gcs_task scheduled__2019-06-02T06:00:00+00:00 [queued]>
[2024-12-16 15:34:55,009] {taskinstance.py:1032} INFO - Dependencies all met for <TaskInstance: ingest_data_bigquery_fhvhv.local_to_gcs_task scheduled__2019-06-02T06:00:00+00:00 [queued]>
[2024-12-16 15:34:55,009] {taskinstance.py:1238} INFO - 
--------------------------------------------------------------------------------
[2024-12-16 15:34:55,009] {taskinstance.py:1239} INFO - Starting attempt 2 of 3
[2024-12-16 15:34:55,009] {taskinstance.py:1240} INFO - 
--------------------------------------------------------------------------------
[2024-12-16 15:34:55,051] {taskinstance.py:1259} INFO - Executing <Task(PythonOperator): local_to_gcs_task> on 2019-06-02 06:00:00+00:00
[2024-12-16 15:34:55,080] {standard_task_runner.py:52} INFO - Started process 88 to run task
[2024-12-16 15:34:55,150] {standard_task_runner.py:76} INFO - Running: ['***', 'tasks', 'run', 'ingest_data_bigquery_fhvhv', 'local_to_gcs_task', 'scheduled__2019-06-02T06:00:00+00:00', '--job-id', '5680', '--raw', '--subdir', 'DAGS_FOLDER/data_ingestion_gcs_fhvhv_dag.py', '--cfg-path', '/tmp/tmp56w9samk', '--error-file', '/tmp/tmpli8hkm4u']
[2024-12-16 15:34:55,188] {standard_task_runner.py:77} INFO - Job 5680: Subtask local_to_gcs_task
[2024-12-16 15:34:55,570] {logging_mixin.py:109} INFO - Running <TaskInstance: ingest_data_bigquery_fhvhv.local_to_gcs_task scheduled__2019-06-02T06:00:00+00:00 [running]> on host 78f99e82b508
[2024-12-16 15:34:55,856] {warnings.py:99} WARNING - /home/***/.local/lib/python3.6/site-packages/***/utils/context.py:152: AirflowContextDeprecationWarning: Accessing 'execution_date' from the template is deprecated and will be removed in a future version. Please use 'data_interval_start' or 'logical_date' instead.
  warnings.warn(_create_deprecation_warning(key, self._deprecation_replacements[key]))

[2024-12-16 15:34:55,972] {taskinstance.py:1426} INFO - Exporting the following env vars:
AIRFLOW_CTX_DAG_OWNER=***
AIRFLOW_CTX_DAG_ID=ingest_data_bigquery_fhvhv
AIRFLOW_CTX_TASK_ID=local_to_gcs_task
AIRFLOW_CTX_EXECUTION_DATE=2019-06-02T06:00:00+00:00
AIRFLOW_CTX_DAG_RUN_ID=scheduled__2019-06-02T06:00:00+00:00
[2024-12-29 14:18:11,342] {taskinstance.py:1032} INFO - Dependencies all met for <TaskInstance: ingest_data_bigquery_fhvhv.local_to_gcs_task scheduled__2019-06-02T06:00:00+00:00 [queued]>
[2024-12-29 14:18:11,458] {taskinstance.py:1032} INFO - Dependencies all met for <TaskInstance: ingest_data_bigquery_fhvhv.local_to_gcs_task scheduled__2019-06-02T06:00:00+00:00 [queued]>
[2024-12-29 14:18:11,459] {taskinstance.py:1238} INFO - 
--------------------------------------------------------------------------------
[2024-12-29 14:18:11,459] {taskinstance.py:1239} INFO - Starting attempt 2 of 3
[2024-12-29 14:18:11,459] {taskinstance.py:1240} INFO - 
--------------------------------------------------------------------------------
[2024-12-29 14:18:11,598] {taskinstance.py:1259} INFO - Executing <Task(PythonOperator): local_to_gcs_task> on 2019-06-02 06:00:00+00:00
[2024-12-29 14:18:11,740] {standard_task_runner.py:76} INFO - Running: ['***', 'tasks', 'run', 'ingest_data_bigquery_fhvhv', 'local_to_gcs_task', 'scheduled__2019-06-02T06:00:00+00:00', '--job-id', '5905', '--raw', '--subdir', 'DAGS_FOLDER/data_ingestion_gcs_fhvhv_dag.py', '--cfg-path', '/tmp/tmpurleud4t', '--error-file', '/tmp/tmpd6yfehb1']
[2024-12-29 14:18:11,819] {standard_task_runner.py:77} INFO - Job 5905: Subtask local_to_gcs_task
[2024-12-29 14:18:11,653] {standard_task_runner.py:52} INFO - Started process 101 to run task
[2024-12-29 14:18:12,480] {logging_mixin.py:109} INFO - Running <TaskInstance: ingest_data_bigquery_fhvhv.local_to_gcs_task scheduled__2019-06-02T06:00:00+00:00 [running]> on host 4b90d914d43e
[2024-12-29 14:18:12,663] {warnings.py:99} WARNING - /home/***/.local/lib/python3.6/site-packages/***/utils/context.py:152: AirflowContextDeprecationWarning: Accessing 'execution_date' from the template is deprecated and will be removed in a future version. Please use 'data_interval_start' or 'logical_date' instead.
  warnings.warn(_create_deprecation_warning(key, self._deprecation_replacements[key]))

[2024-12-29 14:18:12,931] {taskinstance.py:1426} INFO - Exporting the following env vars:
AIRFLOW_CTX_DAG_OWNER=***
AIRFLOW_CTX_DAG_ID=ingest_data_bigquery_fhvhv
AIRFLOW_CTX_TASK_ID=local_to_gcs_task
AIRFLOW_CTX_EXECUTION_DATE=2019-06-02T06:00:00+00:00
AIRFLOW_CTX_DAG_RUN_ID=scheduled__2019-06-02T06:00:00+00:00
