[2024-05-19 10:00:01,726] {taskinstance.py:1032} INFO - Dependencies all met for <TaskInstance: ingest_data_bigquery_fhvhv.local_to_gcs_task scheduled__2019-06-02T06:00:00+00:00 [queued]>
[2024-05-19 10:00:01,771] {taskinstance.py:1032} INFO - Dependencies all met for <TaskInstance: ingest_data_bigquery_fhvhv.local_to_gcs_task scheduled__2019-06-02T06:00:00+00:00 [queued]>
[2024-05-19 10:00:01,772] {taskinstance.py:1238} INFO - 
--------------------------------------------------------------------------------
[2024-05-19 10:00:01,773] {taskinstance.py:1239} INFO - Starting attempt 3 of 5
[2024-05-19 10:00:01,773] {taskinstance.py:1240} INFO - 
--------------------------------------------------------------------------------
[2024-05-19 10:00:01,800] {taskinstance.py:1259} INFO - Executing <Task(PythonOperator): local_to_gcs_task> on 2019-06-02 06:00:00+00:00
[2024-05-19 10:00:01,814] {standard_task_runner.py:52} INFO - Started process 855 to run task
[2024-05-19 10:00:01,839] {standard_task_runner.py:76} INFO - Running: ['***', 'tasks', 'run', 'ingest_data_bigquery_fhvhv', 'local_to_gcs_task', 'scheduled__2019-06-02T06:00:00+00:00', '--job-id', '5559', '--raw', '--subdir', 'DAGS_FOLDER/data_ingestion_gcs_fhvhv_dag.py', '--cfg-path', '/tmp/tmpmnml1jsl', '--error-file', '/tmp/tmps8ea083f']
[2024-05-19 10:00:01,843] {standard_task_runner.py:77} INFO - Job 5559: Subtask local_to_gcs_task
[2024-05-19 10:00:01,970] {logging_mixin.py:109} INFO - Running <TaskInstance: ingest_data_bigquery_fhvhv.local_to_gcs_task scheduled__2019-06-02T06:00:00+00:00 [running]> on host 21ddcf4b9b7e
[2024-05-19 10:00:02,034] {warnings.py:99} WARNING - /home/***/.local/lib/python3.6/site-packages/***/utils/context.py:152: AirflowContextDeprecationWarning: Accessing 'execution_date' from the template is deprecated and will be removed in a future version. Please use 'data_interval_start' or 'logical_date' instead.
  warnings.warn(_create_deprecation_warning(key, self._deprecation_replacements[key]))

[2024-05-19 10:00:02,098] {taskinstance.py:1426} INFO - Exporting the following env vars:
AIRFLOW_CTX_DAG_OWNER=***
AIRFLOW_CTX_DAG_ID=ingest_data_bigquery_fhvhv
AIRFLOW_CTX_TASK_ID=local_to_gcs_task
AIRFLOW_CTX_EXECUTION_DATE=2019-06-02T06:00:00+00:00
AIRFLOW_CTX_DAG_RUN_ID=scheduled__2019-06-02T06:00:00+00:00
[2024-12-29 15:46:29,207] {taskinstance.py:1032} INFO - Dependencies all met for <TaskInstance: ingest_data_bigquery_fhvhv.local_to_gcs_task scheduled__2019-06-02T06:00:00+00:00 [queued]>
[2024-12-29 15:46:29,219] {taskinstance.py:1032} INFO - Dependencies all met for <TaskInstance: ingest_data_bigquery_fhvhv.local_to_gcs_task scheduled__2019-06-02T06:00:00+00:00 [queued]>
[2024-12-29 15:46:29,219] {taskinstance.py:1238} INFO - 
--------------------------------------------------------------------------------
[2024-12-29 15:46:29,219] {taskinstance.py:1239} INFO - Starting attempt 3 of 5
[2024-12-29 15:46:29,219] {taskinstance.py:1240} INFO - 
--------------------------------------------------------------------------------
[2024-12-29 15:46:29,231] {taskinstance.py:1259} INFO - Executing <Task(PythonOperator): local_to_gcs_task> on 2019-06-02 06:00:00+00:00
[2024-12-29 15:46:29,237] {standard_task_runner.py:52} INFO - Started process 388 to run task
[2024-12-29 15:46:29,241] {standard_task_runner.py:76} INFO - Running: ['***', 'tasks', 'run', 'ingest_data_bigquery_fhvhv', 'local_to_gcs_task', 'scheduled__2019-06-02T06:00:00+00:00', '--job-id', '6025', '--pool', 'default_pool', '--raw', '--subdir', 'DAGS_FOLDER/data_ingestion_gcs_fhvhv_dag.py', '--cfg-path', '/tmp/tmpt5dqfltf', '--error-file', '/tmp/tmp3x8xvnnv']
[2024-12-29 15:46:29,245] {standard_task_runner.py:77} INFO - Job 6025: Subtask local_to_gcs_task
[2024-12-29 15:46:29,309] {logging_mixin.py:109} INFO - Running <TaskInstance: ingest_data_bigquery_fhvhv.local_to_gcs_task scheduled__2019-06-02T06:00:00+00:00 [running]> on host 0c347e2f1967
[2024-12-29 15:46:29,346] {warnings.py:99} WARNING - /home/***/.local/lib/python3.6/site-packages/***/utils/context.py:152: AirflowContextDeprecationWarning: Accessing 'execution_date' from the template is deprecated and will be removed in a future version. Please use 'data_interval_start' or 'logical_date' instead.
  warnings.warn(_create_deprecation_warning(key, self._deprecation_replacements[key]))

[2024-12-29 15:46:29,369] {taskinstance.py:1426} INFO - Exporting the following env vars:
AIRFLOW_CTX_DAG_OWNER=***
AIRFLOW_CTX_DAG_ID=ingest_data_bigquery_fhvhv
AIRFLOW_CTX_TASK_ID=local_to_gcs_task
AIRFLOW_CTX_EXECUTION_DATE=2019-06-02T06:00:00+00:00
AIRFLOW_CTX_DAG_RUN_ID=scheduled__2019-06-02T06:00:00+00:00
[2024-12-29 15:47:16,001] {python.py:175} INFO - Done. Returned value was: None
[2024-12-29 15:47:16,025] {taskinstance.py:1277} INFO - Marking task as SUCCESS. dag_id=ingest_data_bigquery_fhvhv, task_id=local_to_gcs_task, execution_date=20190602T060000, start_date=20241229T154629, end_date=20241229T154716
[2024-12-29 15:47:16,210] {local_task_job.py:154} INFO - Task exited with return code 0
[2024-12-29 15:47:16,258] {local_task_job.py:264} INFO - 1 downstream tasks scheduled from follow-on schedule check
