[2024-05-19 03:42:22,714] {taskinstance.py:1032} INFO - Dependencies all met for <TaskInstance: ingest_data_bigquery_fhvhv.local_to_gcs_task scheduled__2020-08-02T06:00:00+00:00 [queued]>
[2024-05-19 03:42:22,725] {taskinstance.py:1032} INFO - Dependencies all met for <TaskInstance: ingest_data_bigquery_fhvhv.local_to_gcs_task scheduled__2020-08-02T06:00:00+00:00 [queued]>
[2024-05-19 03:42:22,726] {taskinstance.py:1238} INFO - 
--------------------------------------------------------------------------------
[2024-05-19 03:42:22,726] {taskinstance.py:1239} INFO - Starting attempt 1 of 3
[2024-05-19 03:42:22,726] {taskinstance.py:1240} INFO - 
--------------------------------------------------------------------------------
[2024-05-19 03:42:22,737] {taskinstance.py:1259} INFO - Executing <Task(PythonOperator): local_to_gcs_task> on 2020-08-02 06:00:00+00:00
[2024-05-19 03:42:22,743] {standard_task_runner.py:52} INFO - Started process 596 to run task
[2024-05-19 03:42:22,750] {standard_task_runner.py:76} INFO - Running: ['***', 'tasks', 'run', 'ingest_data_bigquery_fhvhv', 'local_to_gcs_task', 'scheduled__2020-08-02T06:00:00+00:00', '--job-id', '5461', '--raw', '--subdir', 'DAGS_FOLDER/data_ingestion_gcs_fhvhv_dag.py', '--cfg-path', '/tmp/tmpemwhowz6', '--error-file', '/tmp/tmpgl5jrl5e']
[2024-05-19 03:42:22,756] {standard_task_runner.py:77} INFO - Job 5461: Subtask local_to_gcs_task
[2024-05-19 03:42:22,835] {logging_mixin.py:109} INFO - Running <TaskInstance: ingest_data_bigquery_fhvhv.local_to_gcs_task scheduled__2020-08-02T06:00:00+00:00 [running]> on host 56455cb8b229
[2024-05-19 03:42:22,879] {warnings.py:99} WARNING - /home/***/.local/lib/python3.6/site-packages/***/utils/context.py:152: AirflowContextDeprecationWarning: Accessing 'execution_date' from the template is deprecated and will be removed in a future version. Please use 'data_interval_start' or 'logical_date' instead.
  warnings.warn(_create_deprecation_warning(key, self._deprecation_replacements[key]))

[2024-05-19 03:42:22,914] {taskinstance.py:1426} INFO - Exporting the following env vars:
AIRFLOW_CTX_DAG_OWNER=***
AIRFLOW_CTX_DAG_ID=ingest_data_bigquery_fhvhv
AIRFLOW_CTX_TASK_ID=local_to_gcs_task
AIRFLOW_CTX_EXECUTION_DATE=2020-08-02T06:00:00+00:00
AIRFLOW_CTX_DAG_RUN_ID=scheduled__2020-08-02T06:00:00+00:00
[2024-12-22 09:02:13,413] {taskinstance.py:1032} INFO - Dependencies all met for <TaskInstance: ingest_data_bigquery_fhvhv.local_to_gcs_task scheduled__2020-08-02T06:00:00+00:00 [queued]>
[2024-12-22 09:02:13,487] {taskinstance.py:1032} INFO - Dependencies all met for <TaskInstance: ingest_data_bigquery_fhvhv.local_to_gcs_task scheduled__2020-08-02T06:00:00+00:00 [queued]>
[2024-12-22 09:02:13,487] {taskinstance.py:1238} INFO - 
--------------------------------------------------------------------------------
[2024-12-22 09:02:13,487] {taskinstance.py:1239} INFO - Starting attempt 1 of 3
[2024-12-22 09:02:13,487] {taskinstance.py:1240} INFO - 
--------------------------------------------------------------------------------
[2024-12-22 09:02:13,540] {taskinstance.py:1259} INFO - Executing <Task(PythonOperator): local_to_gcs_task> on 2020-08-02 06:00:00+00:00
[2024-12-22 09:02:13,556] {standard_task_runner.py:52} INFO - Started process 156 to run task
[2024-12-22 09:02:13,569] {standard_task_runner.py:76} INFO - Running: ['***', 'tasks', 'run', 'ingest_data_bigquery_fhvhv', 'local_to_gcs_task', 'scheduled__2020-08-02T06:00:00+00:00', '--job-id', '5738', '--raw', '--subdir', 'DAGS_FOLDER/data_ingestion_gcs_fhvhv_dag.py', '--cfg-path', '/tmp/tmpixd9iub8', '--error-file', '/tmp/tmp7bjtw2b1']
[2024-12-22 09:02:13,588] {standard_task_runner.py:77} INFO - Job 5738: Subtask local_to_gcs_task
[2024-12-22 09:02:13,705] {logging_mixin.py:109} INFO - Running <TaskInstance: ingest_data_bigquery_fhvhv.local_to_gcs_task scheduled__2020-08-02T06:00:00+00:00 [running]> on host 25c45a941f8e
[2024-12-22 09:02:13,793] {warnings.py:99} WARNING - /home/***/.local/lib/python3.6/site-packages/***/utils/context.py:152: AirflowContextDeprecationWarning: Accessing 'execution_date' from the template is deprecated and will be removed in a future version. Please use 'data_interval_start' or 'logical_date' instead.
  warnings.warn(_create_deprecation_warning(key, self._deprecation_replacements[key]))

[2024-12-22 09:02:13,911] {taskinstance.py:1426} INFO - Exporting the following env vars:
AIRFLOW_CTX_DAG_OWNER=***
AIRFLOW_CTX_DAG_ID=ingest_data_bigquery_fhvhv
AIRFLOW_CTX_TASK_ID=local_to_gcs_task
AIRFLOW_CTX_EXECUTION_DATE=2020-08-02T06:00:00+00:00
AIRFLOW_CTX_DAG_RUN_ID=scheduled__2020-08-02T06:00:00+00:00
[2024-12-29 14:26:42,957] {taskinstance.py:1032} INFO - Dependencies all met for <TaskInstance: ingest_data_bigquery_fhvhv.local_to_gcs_task scheduled__2020-08-02T06:00:00+00:00 [queued]>
[2024-12-29 14:26:43,111] {taskinstance.py:1032} INFO - Dependencies all met for <TaskInstance: ingest_data_bigquery_fhvhv.local_to_gcs_task scheduled__2020-08-02T06:00:00+00:00 [queued]>
[2024-12-29 14:26:43,111] {taskinstance.py:1238} INFO - 
--------------------------------------------------------------------------------
[2024-12-29 14:26:43,118] {taskinstance.py:1239} INFO - Starting attempt 1 of 3
[2024-12-29 14:26:43,118] {taskinstance.py:1240} INFO - 
--------------------------------------------------------------------------------
[2024-12-29 14:26:43,236] {taskinstance.py:1259} INFO - Executing <Task(PythonOperator): local_to_gcs_task> on 2020-08-02 06:00:00+00:00
[2024-12-29 14:26:43,304] {standard_task_runner.py:52} INFO - Started process 227 to run task
[2024-12-29 14:26:43,451] {standard_task_runner.py:76} INFO - Running: ['***', 'tasks', 'run', 'ingest_data_bigquery_fhvhv', 'local_to_gcs_task', 'scheduled__2020-08-02T06:00:00+00:00', '--job-id', '5935', '--raw', '--subdir', 'DAGS_FOLDER/data_ingestion_gcs_fhvhv_dag.py', '--cfg-path', '/tmp/tmp9pgl2wpo', '--error-file', '/tmp/tmphqhc3v3s']
[2024-12-29 14:26:43,480] {standard_task_runner.py:77} INFO - Job 5935: Subtask local_to_gcs_task
[2024-12-29 14:26:43,793] {logging_mixin.py:109} INFO - Running <TaskInstance: ingest_data_bigquery_fhvhv.local_to_gcs_task scheduled__2020-08-02T06:00:00+00:00 [running]> on host f6575b1efae7
[2024-12-29 14:26:43,944] {warnings.py:99} WARNING - /home/***/.local/lib/python3.6/site-packages/***/utils/context.py:152: AirflowContextDeprecationWarning: Accessing 'execution_date' from the template is deprecated and will be removed in a future version. Please use 'data_interval_start' or 'logical_date' instead.
  warnings.warn(_create_deprecation_warning(key, self._deprecation_replacements[key]))

[2024-12-29 14:26:43,996] {taskinstance.py:1426} INFO - Exporting the following env vars:
AIRFLOW_CTX_DAG_OWNER=***
AIRFLOW_CTX_DAG_ID=ingest_data_bigquery_fhvhv
AIRFLOW_CTX_TASK_ID=local_to_gcs_task
AIRFLOW_CTX_EXECUTION_DATE=2020-08-02T06:00:00+00:00
AIRFLOW_CTX_DAG_RUN_ID=scheduled__2020-08-02T06:00:00+00:00
[2025-01-01 05:09:00,277] {taskinstance.py:1032} INFO - Dependencies all met for <TaskInstance: ingest_data_bigquery_fhvhv.local_to_gcs_task scheduled__2020-08-02T06:00:00+00:00 [queued]>
[2025-01-01 05:09:00,293] {taskinstance.py:1032} INFO - Dependencies all met for <TaskInstance: ingest_data_bigquery_fhvhv.local_to_gcs_task scheduled__2020-08-02T06:00:00+00:00 [queued]>
[2025-01-01 05:09:00,293] {taskinstance.py:1238} INFO - 
--------------------------------------------------------------------------------
[2025-01-01 05:09:00,293] {taskinstance.py:1239} INFO - Starting attempt 1 of 3
[2025-01-01 05:09:00,293] {taskinstance.py:1240} INFO - 
--------------------------------------------------------------------------------
[2025-01-01 05:09:00,308] {taskinstance.py:1259} INFO - Executing <Task(PythonOperator): local_to_gcs_task> on 2020-08-02 06:00:00+00:00
[2025-01-01 05:09:00,315] {standard_task_runner.py:52} INFO - Started process 4312 to run task
[2025-01-01 05:09:00,322] {standard_task_runner.py:76} INFO - Running: ['***', 'tasks', 'run', 'ingest_data_bigquery_fhvhv', 'local_to_gcs_task', 'scheduled__2020-08-02T06:00:00+00:00', '--job-id', '6221', '--raw', '--subdir', 'DAGS_FOLDER/data_ingestion_gcs_fhvhv_dag.py', '--cfg-path', '/tmp/tmp7oelep9v', '--error-file', '/tmp/tmpgls7opsc']
[2025-01-01 05:09:00,329] {standard_task_runner.py:77} INFO - Job 6221: Subtask local_to_gcs_task
[2025-01-01 05:09:00,412] {logging_mixin.py:109} INFO - Running <TaskInstance: ingest_data_bigquery_fhvhv.local_to_gcs_task scheduled__2020-08-02T06:00:00+00:00 [running]> on host 4228b0d90dbc
[2025-01-01 05:09:00,458] {warnings.py:99} WARNING - /home/***/.local/lib/python3.6/site-packages/***/utils/context.py:152: AirflowContextDeprecationWarning: Accessing 'execution_date' from the template is deprecated and will be removed in a future version. Please use 'data_interval_start' or 'logical_date' instead.
  warnings.warn(_create_deprecation_warning(key, self._deprecation_replacements[key]))

[2025-01-01 05:09:00,489] {taskinstance.py:1426} INFO - Exporting the following env vars:
AIRFLOW_CTX_DAG_OWNER=***
AIRFLOW_CTX_DAG_ID=ingest_data_bigquery_fhvhv
AIRFLOW_CTX_TASK_ID=local_to_gcs_task
AIRFLOW_CTX_EXECUTION_DATE=2020-08-02T06:00:00+00:00
AIRFLOW_CTX_DAG_RUN_ID=scheduled__2020-08-02T06:00:00+00:00
[2025-01-01 05:09:25,568] {python.py:175} INFO - Done. Returned value was: None
[2025-01-01 05:09:25,588] {taskinstance.py:1277} INFO - Marking task as SUCCESS. dag_id=ingest_data_bigquery_fhvhv, task_id=local_to_gcs_task, execution_date=20200802T060000, start_date=20250101T050900, end_date=20250101T050925
[2025-01-01 05:09:25,673] {local_task_job.py:154} INFO - Task exited with return code 0
[2025-01-01 05:09:25,716] {local_task_job.py:264} INFO - 1 downstream tasks scheduled from follow-on schedule check
[2025-01-01 11:49:08,002] {taskinstance.py:1032} INFO - Dependencies all met for <TaskInstance: ingest_data_bigquery_fhvhv.local_to_gcs_task scheduled__2020-08-02T06:00:00+00:00 [queued]>
[2025-01-01 11:49:08,016] {taskinstance.py:1032} INFO - Dependencies all met for <TaskInstance: ingest_data_bigquery_fhvhv.local_to_gcs_task scheduled__2020-08-02T06:00:00+00:00 [queued]>
[2025-01-01 11:49:08,016] {taskinstance.py:1238} INFO - 
--------------------------------------------------------------------------------
[2025-01-01 11:49:08,017] {taskinstance.py:1239} INFO - Starting attempt 1 of 3
[2025-01-01 11:49:08,017] {taskinstance.py:1240} INFO - 
--------------------------------------------------------------------------------
[2025-01-01 11:49:08,030] {taskinstance.py:1259} INFO - Executing <Task(PythonOperator): local_to_gcs_task> on 2020-08-02 06:00:00+00:00
[2025-01-01 11:49:08,039] {standard_task_runner.py:52} INFO - Started process 7428 to run task
[2025-01-01 11:49:08,044] {standard_task_runner.py:76} INFO - Running: ['***', 'tasks', 'run', 'ingest_data_bigquery_fhvhv', 'local_to_gcs_task', 'scheduled__2020-08-02T06:00:00+00:00', '--job-id', '6337', '--raw', '--subdir', 'DAGS_FOLDER/data_ingestion_gcs_fhvhv_dag.py', '--cfg-path', '/tmp/tmp2r_6mr_7', '--error-file', '/tmp/tmps77ff63c']
[2025-01-01 11:49:08,048] {standard_task_runner.py:77} INFO - Job 6337: Subtask local_to_gcs_task
[2025-01-01 11:49:08,124] {logging_mixin.py:109} INFO - Running <TaskInstance: ingest_data_bigquery_fhvhv.local_to_gcs_task scheduled__2020-08-02T06:00:00+00:00 [running]> on host b9549a156c09
[2025-01-01 11:49:08,170] {warnings.py:99} WARNING - /home/***/.local/lib/python3.6/site-packages/***/utils/context.py:152: AirflowContextDeprecationWarning: Accessing 'execution_date' from the template is deprecated and will be removed in a future version. Please use 'data_interval_start' or 'logical_date' instead.
  warnings.warn(_create_deprecation_warning(key, self._deprecation_replacements[key]))

[2025-01-01 11:49:08,200] {taskinstance.py:1426} INFO - Exporting the following env vars:
AIRFLOW_CTX_DAG_OWNER=***
AIRFLOW_CTX_DAG_ID=ingest_data_bigquery_fhvhv
AIRFLOW_CTX_TASK_ID=local_to_gcs_task
AIRFLOW_CTX_EXECUTION_DATE=2020-08-02T06:00:00+00:00
AIRFLOW_CTX_DAG_RUN_ID=scheduled__2020-08-02T06:00:00+00:00
[2025-01-01 11:49:33,429] {python.py:175} INFO - Done. Returned value was: None
[2025-01-01 11:49:33,448] {taskinstance.py:1277} INFO - Marking task as SUCCESS. dag_id=ingest_data_bigquery_fhvhv, task_id=local_to_gcs_task, execution_date=20200802T060000, start_date=20250101T114908, end_date=20250101T114933
[2025-01-01 11:49:33,525] {local_task_job.py:154} INFO - Task exited with return code 0
[2025-01-01 11:49:33,568] {local_task_job.py:264} INFO - 1 downstream tasks scheduled from follow-on schedule check
