[2024-05-12 12:41:37,236] {taskinstance.py:1032} INFO - Dependencies all met for <TaskInstance: ingest_data_bigquery_gt.download_dataset_task scheduled__2020-04-02T06:00:00+00:00 [queued]>
[2024-05-12 12:41:37,263] {taskinstance.py:1032} INFO - Dependencies all met for <TaskInstance: ingest_data_bigquery_gt.download_dataset_task scheduled__2020-04-02T06:00:00+00:00 [queued]>
[2024-05-12 12:41:37,264] {taskinstance.py:1238} INFO - 
--------------------------------------------------------------------------------
[2024-05-12 12:41:37,264] {taskinstance.py:1239} INFO - Starting attempt 1 of 3
[2024-05-12 12:41:37,264] {taskinstance.py:1240} INFO - 
--------------------------------------------------------------------------------
[2024-05-12 12:41:37,313] {taskinstance.py:1259} INFO - Executing <Task(BashOperator): download_dataset_task> on 2020-04-02 06:00:00+00:00
[2024-05-12 12:41:37,356] {standard_task_runner.py:52} INFO - Started process 581 to run task
[2024-05-12 12:41:37,378] {standard_task_runner.py:76} INFO - Running: ['***', 'tasks', 'run', 'ingest_data_bigquery_gt', 'download_dataset_task', 'scheduled__2020-04-02T06:00:00+00:00', '--job-id', '4826', '--raw', '--subdir', 'DAGS_FOLDER/data_ingestion_gcs_gt_dag .py', '--cfg-path', '/tmp/tmpi_risrwl', '--error-file', '/tmp/tmp56tuo56w']
[2024-05-12 12:41:37,392] {standard_task_runner.py:77} INFO - Job 4826: Subtask download_dataset_task
[2024-05-12 12:41:37,591] {logging_mixin.py:109} INFO - Running <TaskInstance: ingest_data_bigquery_gt.download_dataset_task scheduled__2020-04-02T06:00:00+00:00 [running]> on host 31858b145400
[2024-05-12 12:41:37,713] {warnings.py:99} WARNING - /home/***/.local/lib/python3.6/site-packages/***/utils/context.py:152: AirflowContextDeprecationWarning: Accessing 'execution_date' from the template is deprecated and will be removed in a future version. Please use 'data_interval_start' or 'logical_date' instead.
  warnings.warn(_create_deprecation_warning(key, self._deprecation_replacements[key]))

[2024-05-12 12:41:37,776] {taskinstance.py:1426} INFO - Exporting the following env vars:
AIRFLOW_CTX_DAG_OWNER=***
AIRFLOW_CTX_DAG_ID=ingest_data_bigquery_gt
AIRFLOW_CTX_TASK_ID=download_dataset_task
AIRFLOW_CTX_EXECUTION_DATE=2020-04-02T06:00:00+00:00
AIRFLOW_CTX_DAG_RUN_ID=scheduled__2020-04-02T06:00:00+00:00
[2024-05-12 12:41:37,778] {subprocess.py:62} INFO - Tmp dir root location: 
 /tmp
[2024-05-12 12:41:37,779] {subprocess.py:74} INFO - Running command: ['bash', '-c', 'curl -sSL https://github.com/DataTalksClub/nyc-tlc-data/releases/download/green/green_tripdata_2020-04.csv.gz > /opt/***/raw_data/greentaxi_tripdata_2020-04.csv.gz && gunzip /opt/***/raw_data/greentaxi_tripdata_2020-04.csv.gz']
[2024-05-12 12:41:37,882] {subprocess.py:85} INFO - Output:
[2024-05-12 12:41:39,803] {subprocess.py:93} INFO - Command exited with return code 0
[2024-05-12 12:41:39,858] {taskinstance.py:1277} INFO - Marking task as SUCCESS. dag_id=ingest_data_bigquery_gt, task_id=download_dataset_task, execution_date=20200402T060000, start_date=20240512T124137, end_date=20240512T124139
[2024-05-12 12:41:40,017] {local_task_job.py:154} INFO - Task exited with return code 0
[2024-05-12 12:41:40,105] {local_task_job.py:264} INFO - 1 downstream tasks scheduled from follow-on schedule check
[2024-05-18 11:09:23,592] {taskinstance.py:1032} INFO - Dependencies all met for <TaskInstance: ingest_data_bigquery_gt.download_dataset_task scheduled__2020-04-02T06:00:00+00:00 [queued]>
[2024-05-18 11:09:23,627] {taskinstance.py:1032} INFO - Dependencies all met for <TaskInstance: ingest_data_bigquery_gt.download_dataset_task scheduled__2020-04-02T06:00:00+00:00 [queued]>
[2024-05-18 11:09:23,628] {taskinstance.py:1238} INFO - 
--------------------------------------------------------------------------------
[2024-05-18 11:09:23,628] {taskinstance.py:1239} INFO - Starting attempt 1 of 3
[2024-05-18 11:09:23,628] {taskinstance.py:1240} INFO - 
--------------------------------------------------------------------------------
[2024-05-18 11:09:23,650] {taskinstance.py:1259} INFO - Executing <Task(BashOperator): download_dataset_task> on 2020-04-02 06:00:00+00:00
[2024-05-18 11:09:23,668] {standard_task_runner.py:52} INFO - Started process 1139 to run task
[2024-05-18 11:09:23,704] {standard_task_runner.py:76} INFO - Running: ['***', 'tasks', 'run', 'ingest_data_bigquery_gt', 'download_dataset_task', 'scheduled__2020-04-02T06:00:00+00:00', '--job-id', '4925', '--raw', '--subdir', 'DAGS_FOLDER/data_ingestion_gcs_gt_dag .py', '--cfg-path', '/tmp/tmpvjnxf64u', '--error-file', '/tmp/tmp2148rgqg']
[2024-05-18 11:09:23,713] {standard_task_runner.py:77} INFO - Job 4925: Subtask download_dataset_task
[2024-05-18 11:09:23,849] {logging_mixin.py:109} INFO - Running <TaskInstance: ingest_data_bigquery_gt.download_dataset_task scheduled__2020-04-02T06:00:00+00:00 [running]> on host 45b18388e83d
[2024-05-18 11:09:23,963] {warnings.py:99} WARNING - /home/***/.local/lib/python3.6/site-packages/***/utils/context.py:152: AirflowContextDeprecationWarning: Accessing 'execution_date' from the template is deprecated and will be removed in a future version. Please use 'data_interval_start' or 'logical_date' instead.
  warnings.warn(_create_deprecation_warning(key, self._deprecation_replacements[key]))

[2024-05-18 11:09:24,062] {taskinstance.py:1426} INFO - Exporting the following env vars:
AIRFLOW_CTX_DAG_OWNER=***
AIRFLOW_CTX_DAG_ID=ingest_data_bigquery_gt
AIRFLOW_CTX_TASK_ID=download_dataset_task
AIRFLOW_CTX_EXECUTION_DATE=2020-04-02T06:00:00+00:00
AIRFLOW_CTX_DAG_RUN_ID=scheduled__2020-04-02T06:00:00+00:00
[2024-05-18 11:09:24,064] {subprocess.py:62} INFO - Tmp dir root location: 
 /tmp
[2024-05-18 11:09:24,067] {subprocess.py:74} INFO - Running command: ['bash', '-c', 'curl -sSL https://github.com/DataTalksClub/nyc-tlc-data/releases/download/green/green_tripdata_2020-04.csv.gz > /opt/***/raw_data/greentaxi_tripdata_2020-04.csv.gz && gunzip /opt/***/raw_data/greentaxi_tripdata_2020-04.csv.gz']
[2024-05-18 11:09:24,191] {subprocess.py:85} INFO - Output:
[2024-05-18 11:09:26,764] {subprocess.py:93} INFO - Command exited with return code 0
[2024-05-18 11:09:26,913] {taskinstance.py:1277} INFO - Marking task as SUCCESS. dag_id=ingest_data_bigquery_gt, task_id=download_dataset_task, execution_date=20200402T060000, start_date=20240518T110923, end_date=20240518T110926
[2024-05-18 11:09:27,055] {local_task_job.py:154} INFO - Task exited with return code 0
[2024-05-18 11:09:27,380] {local_task_job.py:264} INFO - 1 downstream tasks scheduled from follow-on schedule check
