[2024-05-03 17:11:47,300] {taskinstance.py:1032} INFO - Dependencies all met for <TaskInstance: ingest_data_bigquery_yt.bigquery_external_table_task scheduled__2021-05-02T06:00:00+00:00 [queued]>
[2024-05-03 17:11:47,313] {taskinstance.py:1032} INFO - Dependencies all met for <TaskInstance: ingest_data_bigquery_yt.bigquery_external_table_task scheduled__2021-05-02T06:00:00+00:00 [queued]>
[2024-05-03 17:11:47,313] {taskinstance.py:1238} INFO - 
--------------------------------------------------------------------------------
[2024-05-03 17:11:47,314] {taskinstance.py:1239} INFO - Starting attempt 1 of 3
[2024-05-03 17:11:47,314] {taskinstance.py:1240} INFO - 
--------------------------------------------------------------------------------
[2024-05-03 17:11:47,327] {taskinstance.py:1259} INFO - Executing <Task(BigQueryCreateExternalTableOperator): bigquery_external_table_task> on 2021-05-02 06:00:00+00:00
[2024-05-03 17:11:47,334] {standard_task_runner.py:52} INFO - Started process 889 to run task
[2024-05-03 17:11:47,340] {standard_task_runner.py:76} INFO - Running: ['***', 'tasks', 'run', 'ingest_data_bigquery_yt', 'bigquery_external_table_task', 'scheduled__2021-05-02T06:00:00+00:00', '--job-id', '4295', '--raw', '--subdir', 'DAGS_FOLDER/data_ingstion_gcs_yt_dag.py', '--cfg-path', '/tmp/tmplqia11ev', '--error-file', '/tmp/tmpmpp3qr3_']
[2024-05-03 17:11:47,346] {standard_task_runner.py:77} INFO - Job 4295: Subtask bigquery_external_table_task
[2024-05-03 17:11:47,439] {logging_mixin.py:109} INFO - Running <TaskInstance: ingest_data_bigquery_yt.bigquery_external_table_task scheduled__2021-05-02T06:00:00+00:00 [running]> on host f0ab9bf9b587
[2024-05-03 17:11:47,524] {taskinstance.py:1426} INFO - Exporting the following env vars:
AIRFLOW_CTX_DAG_OWNER=***
AIRFLOW_CTX_DAG_ID=ingest_data_bigquery_yt
AIRFLOW_CTX_TASK_ID=bigquery_external_table_task
AIRFLOW_CTX_EXECUTION_DATE=2021-05-02T06:00:00+00:00
AIRFLOW_CTX_DAG_RUN_ID=scheduled__2021-05-02T06:00:00+00:00
[2024-05-03 17:11:47,533] {crypto.py:82} WARNING - empty cryptography key - values will not be stored encrypted.
[2024-05-03 17:11:47,545] {warnings.py:99} WARNING - /home/***/.local/lib/python3.6/site-packages/***/providers/google/cloud/hooks/bigquery.py:637: DeprecationWarning: This method is deprecated. Please use `BigQueryHook.create_empty_table` method with passing the `table_resource` object. This gives more flexibility than this method.
  DeprecationWarning,

[2024-05-03 17:11:47,546] {bigquery.py:700} INFO - Creating external table: nyc_tlc_data.yellowtaxi_trips
[2024-05-03 17:11:47,824] {bigquery.py:704} INFO - External table created successfully: nyc_tlc_data.yellowtaxi_trips
[2024-05-03 17:11:48,208] {taskinstance.py:1277} INFO - Marking task as SUCCESS. dag_id=ingest_data_bigquery_yt, task_id=bigquery_external_table_task, execution_date=20210502T060000, start_date=20240503T171147, end_date=20240503T171148
[2024-05-03 17:11:48,264] {local_task_job.py:154} INFO - Task exited with return code 0
[2024-05-03 17:11:48,313] {local_task_job.py:264} INFO - 0 downstream tasks scheduled from follow-on schedule check
[2024-05-06 09:27:07,825] {taskinstance.py:1032} INFO - Dependencies all met for <TaskInstance: ingest_data_bigquery_yt.bigquery_external_table_task scheduled__2021-05-02T06:00:00+00:00 [queued]>
[2024-05-06 09:27:07,857] {taskinstance.py:1032} INFO - Dependencies all met for <TaskInstance: ingest_data_bigquery_yt.bigquery_external_table_task scheduled__2021-05-02T06:00:00+00:00 [queued]>
[2024-05-06 09:27:07,858] {taskinstance.py:1238} INFO - 
--------------------------------------------------------------------------------
[2024-05-06 09:27:07,858] {taskinstance.py:1239} INFO - Starting attempt 1 of 3
[2024-05-06 09:27:07,859] {taskinstance.py:1240} INFO - 
--------------------------------------------------------------------------------
[2024-05-06 09:27:07,902] {taskinstance.py:1259} INFO - Executing <Task(BigQueryCreateExternalTableOperator): bigquery_external_table_task> on 2021-05-02 06:00:00+00:00
[2024-05-06 09:27:07,928] {standard_task_runner.py:52} INFO - Started process 517 to run task
[2024-05-06 09:27:07,953] {standard_task_runner.py:76} INFO - Running: ['***', 'tasks', 'run', 'ingest_data_bigquery_yt', 'bigquery_external_table_task', 'scheduled__2021-05-02T06:00:00+00:00', '--job-id', '4614', '--raw', '--subdir', 'DAGS_FOLDER/data_ingstion_gcs_yt_dag.py', '--cfg-path', '/tmp/tmp1vgd4qh3', '--error-file', '/tmp/tmp_yffb7ou']
[2024-05-06 09:27:07,959] {standard_task_runner.py:77} INFO - Job 4614: Subtask bigquery_external_table_task
[2024-05-06 09:27:08,077] {logging_mixin.py:109} INFO - Running <TaskInstance: ingest_data_bigquery_yt.bigquery_external_table_task scheduled__2021-05-02T06:00:00+00:00 [running]> on host 4d4efceb404e
[2024-05-06 09:27:08,167] {taskinstance.py:1426} INFO - Exporting the following env vars:
AIRFLOW_CTX_DAG_OWNER=***
AIRFLOW_CTX_DAG_ID=ingest_data_bigquery_yt
AIRFLOW_CTX_TASK_ID=bigquery_external_table_task
AIRFLOW_CTX_EXECUTION_DATE=2021-05-02T06:00:00+00:00
AIRFLOW_CTX_DAG_RUN_ID=scheduled__2021-05-02T06:00:00+00:00
[2024-05-06 09:27:08,174] {crypto.py:82} WARNING - empty cryptography key - values will not be stored encrypted.
[2024-05-06 09:27:08,188] {warnings.py:99} WARNING - /home/***/.local/lib/python3.6/site-packages/***/providers/google/cloud/hooks/bigquery.py:637: DeprecationWarning: This method is deprecated. Please use `BigQueryHook.create_empty_table` method with passing the `table_resource` object. This gives more flexibility than this method.
  DeprecationWarning,

[2024-05-06 09:27:08,189] {bigquery.py:700} INFO - Creating external table: nyc_tlc_data.yellowtaxi_trips
[2024-05-06 09:27:08,556] {bigquery.py:704} INFO - External table created successfully: nyc_tlc_data.yellowtaxi_trips
[2024-05-06 09:27:08,572] {taskinstance.py:1277} INFO - Marking task as SUCCESS. dag_id=ingest_data_bigquery_yt, task_id=bigquery_external_table_task, execution_date=20210502T060000, start_date=20240506T092707, end_date=20240506T092708
[2024-05-06 09:27:08,623] {local_task_job.py:154} INFO - Task exited with return code 0
[2024-05-06 09:27:08,671] {local_task_job.py:264} INFO - 0 downstream tasks scheduled from follow-on schedule check
