[2024-03-26 17:33:46,065] {taskinstance.py:1032} INFO - Dependencies all met for <TaskInstance: ingest_data.ingest_to_postgres_task scheduled__2021-10-02T06:00:00+00:00 [queued]>
[2024-03-26 17:33:46,087] {taskinstance.py:1032} INFO - Dependencies all met for <TaskInstance: ingest_data.ingest_to_postgres_task scheduled__2021-10-02T06:00:00+00:00 [queued]>
[2024-03-26 17:33:46,087] {taskinstance.py:1238} INFO - 
--------------------------------------------------------------------------------
[2024-03-26 17:33:46,087] {taskinstance.py:1239} INFO - Starting attempt 1 of 1
[2024-03-26 17:33:46,087] {taskinstance.py:1240} INFO - 
--------------------------------------------------------------------------------
[2024-03-26 17:33:46,432] {taskinstance.py:1259} INFO - Executing <Task(PythonOperator): ingest_to_postgres_task> on 2021-10-02 06:00:00+00:00
[2024-03-26 17:33:46,452] {standard_task_runner.py:52} INFO - Started process 2823 to run task
[2024-03-26 17:33:46,464] {standard_task_runner.py:76} INFO - Running: ['***', 'tasks', 'run', 'ingest_data', 'ingest_to_postgres_task', 'scheduled__2021-10-02T06:00:00+00:00', '--job-id', '407', '--raw', '--subdir', 'DAGS_FOLDER/data_ingestion_dag.py', '--cfg-path', '/tmp/tmpg0ai8xw_', '--error-file', '/tmp/tmpscfnbjch']
[2024-03-26 17:33:46,464] {standard_task_runner.py:77} INFO - Job 407: Subtask ingest_to_postgres_task
[2024-03-26 17:33:46,881] {logging_mixin.py:109} INFO - Running <TaskInstance: ingest_data.ingest_to_postgres_task scheduled__2021-10-02T06:00:00+00:00 [running]> on host d71984e59113
[2024-03-26 17:33:47,225] {warnings.py:99} WARNING - /home/***/.local/lib/python3.6/site-packages/***/utils/context.py:152: AirflowContextDeprecationWarning: Accessing 'execution_date' from the template is deprecated and will be removed in a future version. Please use 'data_interval_start' or 'logical_date' instead.
  warnings.warn(_create_deprecation_warning(key, self._deprecation_replacements[key]))

[2024-03-26 17:33:47,675] {taskinstance.py:1426} INFO - Exporting the following env vars:
AIRFLOW_CTX_DAG_OWNER=***
AIRFLOW_CTX_DAG_ID=ingest_data
AIRFLOW_CTX_TASK_ID=ingest_to_postgres_task
AIRFLOW_CTX_EXECUTION_DATE=2021-10-02T06:00:00+00:00
AIRFLOW_CTX_DAG_RUN_ID=scheduled__2021-10-02T06:00:00+00:00
[2024-03-26 17:33:47,676] {logging_mixin.py:109} INFO - yellow_taxi_2021_10 /opt/***/yellowtaxi_tripdata_2021-10.parquet 2021-10-02T06:00:00+00:00
[2024-03-26 17:33:47,676] {logging_mixin.py:109} INFO - Starting data ingestion process...
[2024-03-26 17:33:47,699] {taskinstance.py:1700} ERROR - Task failed with exception
Traceback (most recent call last):
  File "/home/airflow/.local/lib/python3.6/site-packages/airflow/models/taskinstance.py", line 1329, in _run_raw_task
    self._execute_task_with_callbacks(context)
  File "/home/airflow/.local/lib/python3.6/site-packages/airflow/models/taskinstance.py", line 1455, in _execute_task_with_callbacks
    result = self._execute_task(context, self.task)
  File "/home/airflow/.local/lib/python3.6/site-packages/airflow/models/taskinstance.py", line 1511, in _execute_task
    result = execute_callable(context=context)
  File "/home/airflow/.local/lib/python3.6/site-packages/airflow/operators/python.py", line 174, in execute
    return_value = self.execute_callable()
  File "/home/airflow/.local/lib/python3.6/site-packages/airflow/operators/python.py", line 185, in execute_callable
    return self.python_callable(*self.op_args, **self.op_kwargs)
  File "/opt/airflow/dags/ingest_scipt.py", line 22, in ingest_callable
    df = pd.read_csv(parquet_file)
  File "/home/airflow/.local/lib/python3.6/site-packages/pandas/io/parsers.py", line 688, in read_csv
    return _read(filepath_or_buffer, kwds)
  File "/home/airflow/.local/lib/python3.6/site-packages/pandas/io/parsers.py", line 460, in _read
    data = parser.read(nrows)
  File "/home/airflow/.local/lib/python3.6/site-packages/pandas/io/parsers.py", line 1198, in read
    ret = self._engine.read(nrows)
  File "/home/airflow/.local/lib/python3.6/site-packages/pandas/io/parsers.py", line 2157, in read
    data = self._reader.read(nrows)
  File "pandas/_libs/parsers.pyx", line 847, in pandas._libs.parsers.TextReader.read
  File "pandas/_libs/parsers.pyx", line 862, in pandas._libs.parsers.TextReader._read_low_memory
  File "pandas/_libs/parsers.pyx", line 918, in pandas._libs.parsers.TextReader._read_rows
  File "pandas/_libs/parsers.pyx", line 905, in pandas._libs.parsers.TextReader._tokenize_rows
  File "pandas/_libs/parsers.pyx", line 2042, in pandas._libs.parsers.raise_parser_error
pandas.errors.ParserError: Error tokenizing data. C error: Expected 2 fields in line 5, saw 3

[2024-03-26 17:33:47,812] {taskinstance.py:1277} INFO - Marking task as FAILED. dag_id=ingest_data, task_id=ingest_to_postgres_task, execution_date=20211002T060000, start_date=20240326T173346, end_date=20240326T173347
[2024-03-26 17:33:48,095] {standard_task_runner.py:92} ERROR - Failed to execute job 407 for task ingest_to_postgres_task
Traceback (most recent call last):
  File "/home/airflow/.local/lib/python3.6/site-packages/airflow/task/task_runner/standard_task_runner.py", line 85, in _start_by_fork
    args.func(args, dag=self.dag)
  File "/home/airflow/.local/lib/python3.6/site-packages/airflow/cli/cli_parser.py", line 48, in command
    return func(*args, **kwargs)
  File "/home/airflow/.local/lib/python3.6/site-packages/airflow/utils/cli.py", line 92, in wrapper
    return f(*args, **kwargs)
  File "/home/airflow/.local/lib/python3.6/site-packages/airflow/cli/commands/task_command.py", line 298, in task_run
    _run_task_by_selected_method(args, dag, ti)
  File "/home/airflow/.local/lib/python3.6/site-packages/airflow/cli/commands/task_command.py", line 107, in _run_task_by_selected_method
    _run_raw_task(args, ti)
  File "/home/airflow/.local/lib/python3.6/site-packages/airflow/cli/commands/task_command.py", line 184, in _run_raw_task
    error_file=args.error_file,
  File "/home/airflow/.local/lib/python3.6/site-packages/airflow/utils/session.py", line 70, in wrapper
    return func(*args, session=session, **kwargs)
  File "/home/airflow/.local/lib/python3.6/site-packages/airflow/models/taskinstance.py", line 1329, in _run_raw_task
    self._execute_task_with_callbacks(context)
  File "/home/airflow/.local/lib/python3.6/site-packages/airflow/models/taskinstance.py", line 1455, in _execute_task_with_callbacks
    result = self._execute_task(context, self.task)
  File "/home/airflow/.local/lib/python3.6/site-packages/airflow/models/taskinstance.py", line 1511, in _execute_task
    result = execute_callable(context=context)
  File "/home/airflow/.local/lib/python3.6/site-packages/airflow/operators/python.py", line 174, in execute
    return_value = self.execute_callable()
  File "/home/airflow/.local/lib/python3.6/site-packages/airflow/operators/python.py", line 185, in execute_callable
    return self.python_callable(*self.op_args, **self.op_kwargs)
  File "/opt/airflow/dags/ingest_scipt.py", line 22, in ingest_callable
    df = pd.read_csv(parquet_file)
  File "/home/airflow/.local/lib/python3.6/site-packages/pandas/io/parsers.py", line 688, in read_csv
    return _read(filepath_or_buffer, kwds)
  File "/home/airflow/.local/lib/python3.6/site-packages/pandas/io/parsers.py", line 460, in _read
    data = parser.read(nrows)
  File "/home/airflow/.local/lib/python3.6/site-packages/pandas/io/parsers.py", line 1198, in read
    ret = self._engine.read(nrows)
  File "/home/airflow/.local/lib/python3.6/site-packages/pandas/io/parsers.py", line 2157, in read
    data = self._reader.read(nrows)
  File "pandas/_libs/parsers.pyx", line 847, in pandas._libs.parsers.TextReader.read
  File "pandas/_libs/parsers.pyx", line 862, in pandas._libs.parsers.TextReader._read_low_memory
  File "pandas/_libs/parsers.pyx", line 918, in pandas._libs.parsers.TextReader._read_rows
  File "pandas/_libs/parsers.pyx", line 905, in pandas._libs.parsers.TextReader._tokenize_rows
  File "pandas/_libs/parsers.pyx", line 2042, in pandas._libs.parsers.raise_parser_error
pandas.errors.ParserError: Error tokenizing data. C error: Expected 2 fields in line 5, saw 3

[2024-03-26 17:33:48,128] {local_task_job.py:154} INFO - Task exited with return code 1
[2024-03-26 17:33:48,419] {local_task_job.py:264} INFO - 0 downstream tasks scheduled from follow-on schedule check
[2024-03-26 17:48:33,333] {taskinstance.py:1032} INFO - Dependencies all met for <TaskInstance: ingest_data.ingest_to_postgres_task scheduled__2021-10-02T06:00:00+00:00 [queued]>
[2024-03-26 17:48:33,377] {taskinstance.py:1032} INFO - Dependencies all met for <TaskInstance: ingest_data.ingest_to_postgres_task scheduled__2021-10-02T06:00:00+00:00 [queued]>
[2024-03-26 17:48:33,381] {taskinstance.py:1238} INFO - 
--------------------------------------------------------------------------------
[2024-03-26 17:48:33,382] {taskinstance.py:1239} INFO - Starting attempt 1 of 1
[2024-03-26 17:48:33,382] {taskinstance.py:1240} INFO - 
--------------------------------------------------------------------------------
[2024-03-26 17:48:33,436] {taskinstance.py:1259} INFO - Executing <Task(PythonOperator): ingest_to_postgres_task> on 2021-10-02 06:00:00+00:00
[2024-03-26 17:48:33,455] {standard_task_runner.py:52} INFO - Started process 237 to run task
[2024-03-26 17:48:33,500] {standard_task_runner.py:76} INFO - Running: ['***', 'tasks', 'run', 'ingest_data', 'ingest_to_postgres_task', 'scheduled__2021-10-02T06:00:00+00:00', '--job-id', '487', '--raw', '--subdir', 'DAGS_FOLDER/data_ingestion_dag.py', '--cfg-path', '/tmp/tmprk2o3wp7', '--error-file', '/tmp/tmpapdu473y']
[2024-03-26 17:48:33,502] {standard_task_runner.py:77} INFO - Job 487: Subtask ingest_to_postgres_task
[2024-03-26 17:48:33,748] {logging_mixin.py:109} INFO - Running <TaskInstance: ingest_data.ingest_to_postgres_task scheduled__2021-10-02T06:00:00+00:00 [running]> on host 05f84def3a12
[2024-03-26 17:48:33,869] {warnings.py:99} WARNING - /home/***/.local/lib/python3.6/site-packages/***/utils/context.py:152: AirflowContextDeprecationWarning: Accessing 'execution_date' from the template is deprecated and will be removed in a future version. Please use 'data_interval_start' or 'logical_date' instead.
  warnings.warn(_create_deprecation_warning(key, self._deprecation_replacements[key]))

[2024-03-26 17:48:33,915] {taskinstance.py:1426} INFO - Exporting the following env vars:
AIRFLOW_CTX_DAG_OWNER=***
AIRFLOW_CTX_DAG_ID=ingest_data
AIRFLOW_CTX_TASK_ID=ingest_to_postgres_task
AIRFLOW_CTX_EXECUTION_DATE=2021-10-02T06:00:00+00:00
AIRFLOW_CTX_DAG_RUN_ID=scheduled__2021-10-02T06:00:00+00:00
[2024-03-26 17:48:33,917] {logging_mixin.py:109} INFO - yellow_taxi_2021_10 /opt/***/yellowtaxi_tripdata_2021-10.parquet 2021-10-02T06:00:00+00:00
[2024-03-26 17:48:33,917] {logging_mixin.py:109} INFO - Starting data ingestion process...
[2024-03-26 17:48:33,939] {taskinstance.py:1700} ERROR - Task failed with exception
Traceback (most recent call last):
  File "/home/airflow/.local/lib/python3.6/site-packages/airflow/models/taskinstance.py", line 1329, in _run_raw_task
    self._execute_task_with_callbacks(context)
  File "/home/airflow/.local/lib/python3.6/site-packages/airflow/models/taskinstance.py", line 1455, in _execute_task_with_callbacks
    result = self._execute_task(context, self.task)
  File "/home/airflow/.local/lib/python3.6/site-packages/airflow/models/taskinstance.py", line 1511, in _execute_task
    result = execute_callable(context=context)
  File "/home/airflow/.local/lib/python3.6/site-packages/airflow/operators/python.py", line 174, in execute
    return_value = self.execute_callable()
  File "/home/airflow/.local/lib/python3.6/site-packages/airflow/operators/python.py", line 185, in execute_callable
    return self.python_callable(*self.op_args, **self.op_kwargs)
  File "/opt/airflow/dags/ingest_scipt.py", line 22, in ingest_callable
    df = pd.read_csv(parquet_file)
  File "/home/airflow/.local/lib/python3.6/site-packages/pandas/io/parsers.py", line 688, in read_csv
    return _read(filepath_or_buffer, kwds)
  File "/home/airflow/.local/lib/python3.6/site-packages/pandas/io/parsers.py", line 460, in _read
    data = parser.read(nrows)
  File "/home/airflow/.local/lib/python3.6/site-packages/pandas/io/parsers.py", line 1198, in read
    ret = self._engine.read(nrows)
  File "/home/airflow/.local/lib/python3.6/site-packages/pandas/io/parsers.py", line 2157, in read
    data = self._reader.read(nrows)
  File "pandas/_libs/parsers.pyx", line 847, in pandas._libs.parsers.TextReader.read
  File "pandas/_libs/parsers.pyx", line 862, in pandas._libs.parsers.TextReader._read_low_memory
  File "pandas/_libs/parsers.pyx", line 918, in pandas._libs.parsers.TextReader._read_rows
  File "pandas/_libs/parsers.pyx", line 905, in pandas._libs.parsers.TextReader._tokenize_rows
  File "pandas/_libs/parsers.pyx", line 2042, in pandas._libs.parsers.raise_parser_error
pandas.errors.ParserError: Error tokenizing data. C error: Expected 2 fields in line 5, saw 3

[2024-03-26 17:48:33,965] {taskinstance.py:1277} INFO - Marking task as FAILED. dag_id=ingest_data, task_id=ingest_to_postgres_task, execution_date=20211002T060000, start_date=20240326T174833, end_date=20240326T174833
[2024-03-26 17:48:33,988] {standard_task_runner.py:92} ERROR - Failed to execute job 487 for task ingest_to_postgres_task
Traceback (most recent call last):
  File "/home/airflow/.local/lib/python3.6/site-packages/airflow/task/task_runner/standard_task_runner.py", line 85, in _start_by_fork
    args.func(args, dag=self.dag)
  File "/home/airflow/.local/lib/python3.6/site-packages/airflow/cli/cli_parser.py", line 48, in command
    return func(*args, **kwargs)
  File "/home/airflow/.local/lib/python3.6/site-packages/airflow/utils/cli.py", line 92, in wrapper
    return f(*args, **kwargs)
  File "/home/airflow/.local/lib/python3.6/site-packages/airflow/cli/commands/task_command.py", line 298, in task_run
    _run_task_by_selected_method(args, dag, ti)
  File "/home/airflow/.local/lib/python3.6/site-packages/airflow/cli/commands/task_command.py", line 107, in _run_task_by_selected_method
    _run_raw_task(args, ti)
  File "/home/airflow/.local/lib/python3.6/site-packages/airflow/cli/commands/task_command.py", line 184, in _run_raw_task
    error_file=args.error_file,
  File "/home/airflow/.local/lib/python3.6/site-packages/airflow/utils/session.py", line 70, in wrapper
    return func(*args, session=session, **kwargs)
  File "/home/airflow/.local/lib/python3.6/site-packages/airflow/models/taskinstance.py", line 1329, in _run_raw_task
    self._execute_task_with_callbacks(context)
  File "/home/airflow/.local/lib/python3.6/site-packages/airflow/models/taskinstance.py", line 1455, in _execute_task_with_callbacks
    result = self._execute_task(context, self.task)
  File "/home/airflow/.local/lib/python3.6/site-packages/airflow/models/taskinstance.py", line 1511, in _execute_task
    result = execute_callable(context=context)
  File "/home/airflow/.local/lib/python3.6/site-packages/airflow/operators/python.py", line 174, in execute
    return_value = self.execute_callable()
  File "/home/airflow/.local/lib/python3.6/site-packages/airflow/operators/python.py", line 185, in execute_callable
    return self.python_callable(*self.op_args, **self.op_kwargs)
  File "/opt/airflow/dags/ingest_scipt.py", line 22, in ingest_callable
    df = pd.read_csv(parquet_file)
  File "/home/airflow/.local/lib/python3.6/site-packages/pandas/io/parsers.py", line 688, in read_csv
    return _read(filepath_or_buffer, kwds)
  File "/home/airflow/.local/lib/python3.6/site-packages/pandas/io/parsers.py", line 460, in _read
    data = parser.read(nrows)
  File "/home/airflow/.local/lib/python3.6/site-packages/pandas/io/parsers.py", line 1198, in read
    ret = self._engine.read(nrows)
  File "/home/airflow/.local/lib/python3.6/site-packages/pandas/io/parsers.py", line 2157, in read
    data = self._reader.read(nrows)
  File "pandas/_libs/parsers.pyx", line 847, in pandas._libs.parsers.TextReader.read
  File "pandas/_libs/parsers.pyx", line 862, in pandas._libs.parsers.TextReader._read_low_memory
  File "pandas/_libs/parsers.pyx", line 918, in pandas._libs.parsers.TextReader._read_rows
  File "pandas/_libs/parsers.pyx", line 905, in pandas._libs.parsers.TextReader._tokenize_rows
  File "pandas/_libs/parsers.pyx", line 2042, in pandas._libs.parsers.raise_parser_error
pandas.errors.ParserError: Error tokenizing data. C error: Expected 2 fields in line 5, saw 3

[2024-03-26 17:48:34,009] {local_task_job.py:154} INFO - Task exited with return code 1
[2024-03-26 17:48:34,085] {local_task_job.py:264} INFO - 0 downstream tasks scheduled from follow-on schedule check
[2024-03-26 17:52:08,625] {taskinstance.py:1032} INFO - Dependencies all met for <TaskInstance: ingest_data.ingest_to_postgres_task scheduled__2021-10-02T06:00:00+00:00 [queued]>
[2024-03-26 17:52:08,663] {taskinstance.py:1032} INFO - Dependencies all met for <TaskInstance: ingest_data.ingest_to_postgres_task scheduled__2021-10-02T06:00:00+00:00 [queued]>
[2024-03-26 17:52:08,663] {taskinstance.py:1238} INFO - 
--------------------------------------------------------------------------------
[2024-03-26 17:52:08,664] {taskinstance.py:1239} INFO - Starting attempt 1 of 1
[2024-03-26 17:52:08,668] {taskinstance.py:1240} INFO - 
--------------------------------------------------------------------------------
[2024-03-26 17:52:08,703] {taskinstance.py:1259} INFO - Executing <Task(PythonOperator): ingest_to_postgres_task> on 2021-10-02 06:00:00+00:00
[2024-03-26 17:52:08,723] {standard_task_runner.py:52} INFO - Started process 660 to run task
[2024-03-26 17:52:08,737] {standard_task_runner.py:76} INFO - Running: ['***', 'tasks', 'run', 'ingest_data', 'ingest_to_postgres_task', 'scheduled__2021-10-02T06:00:00+00:00', '--job-id', '563', '--raw', '--subdir', 'DAGS_FOLDER/data_ingestion_dag.py', '--cfg-path', '/tmp/tmprhux53g_', '--error-file', '/tmp/tmpo1_pfeen']
[2024-03-26 17:52:08,738] {standard_task_runner.py:77} INFO - Job 563: Subtask ingest_to_postgres_task
[2024-03-26 17:52:08,917] {logging_mixin.py:109} INFO - Running <TaskInstance: ingest_data.ingest_to_postgres_task scheduled__2021-10-02T06:00:00+00:00 [running]> on host 05f84def3a12
[2024-03-26 17:52:09,015] {warnings.py:99} WARNING - /home/***/.local/lib/python3.6/site-packages/***/utils/context.py:152: AirflowContextDeprecationWarning: Accessing 'execution_date' from the template is deprecated and will be removed in a future version. Please use 'data_interval_start' or 'logical_date' instead.
  warnings.warn(_create_deprecation_warning(key, self._deprecation_replacements[key]))

[2024-03-26 17:52:09,084] {taskinstance.py:1426} INFO - Exporting the following env vars:
AIRFLOW_CTX_DAG_OWNER=***
AIRFLOW_CTX_DAG_ID=ingest_data
AIRFLOW_CTX_TASK_ID=ingest_to_postgres_task
AIRFLOW_CTX_EXECUTION_DATE=2021-10-02T06:00:00+00:00
AIRFLOW_CTX_DAG_RUN_ID=scheduled__2021-10-02T06:00:00+00:00
[2024-03-26 17:52:09,085] {logging_mixin.py:109} INFO - yellow_taxi_2021_10 /opt/***/yellowtaxi_tripdata_2021-10.parquet 2021-10-02T06:00:00+00:00
[2024-03-26 17:52:09,087] {logging_mixin.py:109} INFO - Starting data ingestion process...
[2024-03-26 17:52:09,111] {taskinstance.py:1700} ERROR - Task failed with exception
Traceback (most recent call last):
  File "/home/airflow/.local/lib/python3.6/site-packages/airflow/models/taskinstance.py", line 1329, in _run_raw_task
    self._execute_task_with_callbacks(context)
  File "/home/airflow/.local/lib/python3.6/site-packages/airflow/models/taskinstance.py", line 1455, in _execute_task_with_callbacks
    result = self._execute_task(context, self.task)
  File "/home/airflow/.local/lib/python3.6/site-packages/airflow/models/taskinstance.py", line 1511, in _execute_task
    result = execute_callable(context=context)
  File "/home/airflow/.local/lib/python3.6/site-packages/airflow/operators/python.py", line 174, in execute
    return_value = self.execute_callable()
  File "/home/airflow/.local/lib/python3.6/site-packages/airflow/operators/python.py", line 185, in execute_callable
    return self.python_callable(*self.op_args, **self.op_kwargs)
  File "/opt/airflow/dags/ingest_scipt.py", line 22, in ingest_callable
    df = pd.read_csv(parquet_file)
  File "/home/airflow/.local/lib/python3.6/site-packages/pandas/io/parsers.py", line 688, in read_csv
    return _read(filepath_or_buffer, kwds)
  File "/home/airflow/.local/lib/python3.6/site-packages/pandas/io/parsers.py", line 460, in _read
    data = parser.read(nrows)
  File "/home/airflow/.local/lib/python3.6/site-packages/pandas/io/parsers.py", line 1198, in read
    ret = self._engine.read(nrows)
  File "/home/airflow/.local/lib/python3.6/site-packages/pandas/io/parsers.py", line 2157, in read
    data = self._reader.read(nrows)
  File "pandas/_libs/parsers.pyx", line 847, in pandas._libs.parsers.TextReader.read
  File "pandas/_libs/parsers.pyx", line 862, in pandas._libs.parsers.TextReader._read_low_memory
  File "pandas/_libs/parsers.pyx", line 918, in pandas._libs.parsers.TextReader._read_rows
  File "pandas/_libs/parsers.pyx", line 905, in pandas._libs.parsers.TextReader._tokenize_rows
  File "pandas/_libs/parsers.pyx", line 2042, in pandas._libs.parsers.raise_parser_error
pandas.errors.ParserError: Error tokenizing data. C error: Expected 2 fields in line 5, saw 3

[2024-03-26 17:52:09,143] {taskinstance.py:1277} INFO - Marking task as FAILED. dag_id=ingest_data, task_id=ingest_to_postgres_task, execution_date=20211002T060000, start_date=20240326T175208, end_date=20240326T175209
[2024-03-26 17:52:09,186] {standard_task_runner.py:92} ERROR - Failed to execute job 563 for task ingest_to_postgres_task
Traceback (most recent call last):
  File "/home/airflow/.local/lib/python3.6/site-packages/airflow/task/task_runner/standard_task_runner.py", line 85, in _start_by_fork
    args.func(args, dag=self.dag)
  File "/home/airflow/.local/lib/python3.6/site-packages/airflow/cli/cli_parser.py", line 48, in command
    return func(*args, **kwargs)
  File "/home/airflow/.local/lib/python3.6/site-packages/airflow/utils/cli.py", line 92, in wrapper
    return f(*args, **kwargs)
  File "/home/airflow/.local/lib/python3.6/site-packages/airflow/cli/commands/task_command.py", line 298, in task_run
    _run_task_by_selected_method(args, dag, ti)
  File "/home/airflow/.local/lib/python3.6/site-packages/airflow/cli/commands/task_command.py", line 107, in _run_task_by_selected_method
    _run_raw_task(args, ti)
  File "/home/airflow/.local/lib/python3.6/site-packages/airflow/cli/commands/task_command.py", line 184, in _run_raw_task
    error_file=args.error_file,
  File "/home/airflow/.local/lib/python3.6/site-packages/airflow/utils/session.py", line 70, in wrapper
    return func(*args, session=session, **kwargs)
  File "/home/airflow/.local/lib/python3.6/site-packages/airflow/models/taskinstance.py", line 1329, in _run_raw_task
    self._execute_task_with_callbacks(context)
  File "/home/airflow/.local/lib/python3.6/site-packages/airflow/models/taskinstance.py", line 1455, in _execute_task_with_callbacks
    result = self._execute_task(context, self.task)
  File "/home/airflow/.local/lib/python3.6/site-packages/airflow/models/taskinstance.py", line 1511, in _execute_task
    result = execute_callable(context=context)
  File "/home/airflow/.local/lib/python3.6/site-packages/airflow/operators/python.py", line 174, in execute
    return_value = self.execute_callable()
  File "/home/airflow/.local/lib/python3.6/site-packages/airflow/operators/python.py", line 185, in execute_callable
    return self.python_callable(*self.op_args, **self.op_kwargs)
  File "/opt/airflow/dags/ingest_scipt.py", line 22, in ingest_callable
    df = pd.read_csv(parquet_file)
  File "/home/airflow/.local/lib/python3.6/site-packages/pandas/io/parsers.py", line 688, in read_csv
    return _read(filepath_or_buffer, kwds)
  File "/home/airflow/.local/lib/python3.6/site-packages/pandas/io/parsers.py", line 460, in _read
    data = parser.read(nrows)
  File "/home/airflow/.local/lib/python3.6/site-packages/pandas/io/parsers.py", line 1198, in read
    ret = self._engine.read(nrows)
  File "/home/airflow/.local/lib/python3.6/site-packages/pandas/io/parsers.py", line 2157, in read
    data = self._reader.read(nrows)
  File "pandas/_libs/parsers.pyx", line 847, in pandas._libs.parsers.TextReader.read
  File "pandas/_libs/parsers.pyx", line 862, in pandas._libs.parsers.TextReader._read_low_memory
  File "pandas/_libs/parsers.pyx", line 918, in pandas._libs.parsers.TextReader._read_rows
  File "pandas/_libs/parsers.pyx", line 905, in pandas._libs.parsers.TextReader._tokenize_rows
  File "pandas/_libs/parsers.pyx", line 2042, in pandas._libs.parsers.raise_parser_error
pandas.errors.ParserError: Error tokenizing data. C error: Expected 2 fields in line 5, saw 3

[2024-03-26 17:52:09,235] {local_task_job.py:154} INFO - Task exited with return code 1
[2024-03-26 17:52:09,474] {local_task_job.py:264} INFO - 0 downstream tasks scheduled from follow-on schedule check
[2024-03-26 18:03:32,664] {taskinstance.py:1032} INFO - Dependencies all met for <TaskInstance: ingest_data.ingest_to_postgres_task scheduled__2021-10-02T06:00:00+00:00 [queued]>
[2024-03-26 18:03:33,068] {taskinstance.py:1032} INFO - Dependencies all met for <TaskInstance: ingest_data.ingest_to_postgres_task scheduled__2021-10-02T06:00:00+00:00 [queued]>
[2024-03-26 18:03:33,069] {taskinstance.py:1238} INFO - 
--------------------------------------------------------------------------------
[2024-03-26 18:03:33,069] {taskinstance.py:1239} INFO - Starting attempt 1 of 1
[2024-03-26 18:03:33,069] {taskinstance.py:1240} INFO - 
--------------------------------------------------------------------------------
[2024-03-26 18:03:33,352] {taskinstance.py:1259} INFO - Executing <Task(PythonOperator): ingest_to_postgres_task> on 2021-10-02 06:00:00+00:00
[2024-03-26 18:03:33,463] {standard_task_runner.py:76} INFO - Running: ['***', 'tasks', 'run', 'ingest_data', 'ingest_to_postgres_task', 'scheduled__2021-10-02T06:00:00+00:00', '--job-id', '645', '--raw', '--subdir', 'DAGS_FOLDER/data_ingestion_dag.py', '--cfg-path', '/tmp/tmpz420p2ze', '--error-file', '/tmp/tmpq4lix7dz']
[2024-03-26 18:03:33,465] {standard_task_runner.py:77} INFO - Job 645: Subtask ingest_to_postgres_task
[2024-03-26 18:03:33,551] {standard_task_runner.py:52} INFO - Started process 1522 to run task
[2024-03-26 18:03:34,630] {logging_mixin.py:109} INFO - Running <TaskInstance: ingest_data.ingest_to_postgres_task scheduled__2021-10-02T06:00:00+00:00 [running]> on host 05f84def3a12
[2024-03-26 18:03:35,340] {warnings.py:99} WARNING - /home/***/.local/lib/python3.6/site-packages/***/utils/context.py:152: AirflowContextDeprecationWarning: Accessing 'execution_date' from the template is deprecated and will be removed in a future version. Please use 'data_interval_start' or 'logical_date' instead.
  warnings.warn(_create_deprecation_warning(key, self._deprecation_replacements[key]))

[2024-03-26 18:03:35,621] {taskinstance.py:1426} INFO - Exporting the following env vars:
AIRFLOW_CTX_DAG_OWNER=***
AIRFLOW_CTX_DAG_ID=ingest_data
AIRFLOW_CTX_TASK_ID=ingest_to_postgres_task
AIRFLOW_CTX_EXECUTION_DATE=2021-10-02T06:00:00+00:00
AIRFLOW_CTX_DAG_RUN_ID=scheduled__2021-10-02T06:00:00+00:00
[2024-03-26 18:03:35,623] {logging_mixin.py:109} INFO - yellow_taxi_2021_10 /opt/***/yellowtaxi_tripdata_2021-10.parquet 2021-10-02T06:00:00+00:00
[2024-03-26 18:03:35,623] {logging_mixin.py:109} INFO - Starting data ingestion process...
[2024-03-26 18:04:01,866] {local_task_job.py:154} INFO - Task exited with return code Negsignal.SIGKILL
[2024-03-26 18:04:16,327] {taskinstance.py:1277} INFO - Marking task as FAILED. dag_id=ingest_data, task_id=ingest_to_postgres_task, execution_date=20211002T060000, start_date=20240326T180332, end_date=20240326T180416
[2024-03-26 18:04:16,981] {local_task_job.py:264} INFO - 0 downstream tasks scheduled from follow-on schedule check
[2024-03-27 02:48:05,144] {taskinstance.py:1032} INFO - Dependencies all met for <TaskInstance: ingest_data.ingest_to_postgres_task scheduled__2021-10-02T06:00:00+00:00 [queued]>
[2024-03-27 02:48:05,311] {taskinstance.py:1032} INFO - Dependencies all met for <TaskInstance: ingest_data.ingest_to_postgres_task scheduled__2021-10-02T06:00:00+00:00 [queued]>
[2024-03-27 02:48:05,311] {taskinstance.py:1238} INFO - 
--------------------------------------------------------------------------------
[2024-03-27 02:48:05,312] {taskinstance.py:1239} INFO - Starting attempt 1 of 1
[2024-03-27 02:48:05,312] {taskinstance.py:1240} INFO - 
--------------------------------------------------------------------------------
[2024-03-27 02:48:05,484] {taskinstance.py:1259} INFO - Executing <Task(PythonOperator): ingest_to_postgres_task> on 2021-10-02 06:00:00+00:00
[2024-03-27 02:48:05,565] {standard_task_runner.py:52} INFO - Started process 1458 to run task
[2024-03-27 02:48:05,671] {standard_task_runner.py:76} INFO - Running: ['***', 'tasks', 'run', 'ingest_data', 'ingest_to_postgres_task', 'scheduled__2021-10-02T06:00:00+00:00', '--job-id', '747', '--raw', '--subdir', 'DAGS_FOLDER/data_ingestion_dag.py', '--cfg-path', '/tmp/tmphlgs1ri0', '--error-file', '/tmp/tmp7x_fuwem']
[2024-03-27 02:48:05,673] {standard_task_runner.py:77} INFO - Job 747: Subtask ingest_to_postgres_task
[2024-03-27 02:48:06,349] {logging_mixin.py:109} INFO - Running <TaskInstance: ingest_data.ingest_to_postgres_task scheduled__2021-10-02T06:00:00+00:00 [running]> on host 05f84def3a12
[2024-03-27 02:48:06,636] {warnings.py:99} WARNING - /home/***/.local/lib/python3.6/site-packages/***/utils/context.py:152: AirflowContextDeprecationWarning: Accessing 'execution_date' from the template is deprecated and will be removed in a future version. Please use 'data_interval_start' or 'logical_date' instead.
  warnings.warn(_create_deprecation_warning(key, self._deprecation_replacements[key]))

[2024-03-27 02:48:06,771] {taskinstance.py:1426} INFO - Exporting the following env vars:
AIRFLOW_CTX_DAG_OWNER=***
AIRFLOW_CTX_DAG_ID=ingest_data
AIRFLOW_CTX_TASK_ID=ingest_to_postgres_task
AIRFLOW_CTX_EXECUTION_DATE=2021-10-02T06:00:00+00:00
AIRFLOW_CTX_DAG_RUN_ID=scheduled__2021-10-02T06:00:00+00:00
[2024-03-27 02:48:06,795] {logging_mixin.py:109} INFO - yellow_taxi_2021_10 /opt/***/yellowtaxi_tripdata_2021-10.parquet 2021-10-02T06:00:00+00:00
[2024-03-27 02:48:06,796] {logging_mixin.py:109} INFO - Starting data ingestion process...
[2024-03-27 02:48:20,492] {logging_mixin.py:109} INFO - Writing data to table yellow_taxi_2021_10 in the database...
[2024-03-28 01:58:47,290] {taskinstance.py:1032} INFO - Dependencies all met for <TaskInstance: ingest_data.ingest_to_postgres_task scheduled__2021-10-02T06:00:00+00:00 [queued]>
[2024-03-28 01:58:47,513] {taskinstance.py:1032} INFO - Dependencies all met for <TaskInstance: ingest_data.ingest_to_postgres_task scheduled__2021-10-02T06:00:00+00:00 [queued]>
[2024-03-28 01:58:47,531] {taskinstance.py:1238} INFO - 
--------------------------------------------------------------------------------
[2024-03-28 01:58:47,531] {taskinstance.py:1239} INFO - Starting attempt 1 of 1
[2024-03-28 01:58:47,531] {taskinstance.py:1240} INFO - 
--------------------------------------------------------------------------------
[2024-03-28 01:58:47,782] {taskinstance.py:1259} INFO - Executing <Task(PythonOperator): ingest_to_postgres_task> on 2021-10-02 06:00:00+00:00
[2024-03-28 01:58:47,810] {standard_task_runner.py:52} INFO - Started process 849 to run task
[2024-03-28 01:58:47,860] {standard_task_runner.py:76} INFO - Running: ['***', 'tasks', 'run', 'ingest_data', 'ingest_to_postgres_task', 'scheduled__2021-10-02T06:00:00+00:00', '--job-id', '826', '--raw', '--subdir', 'DAGS_FOLDER/data_ingestion_dag.py', '--cfg-path', '/tmp/tmpanq6kv08', '--error-file', '/tmp/tmphp7j7_0y']
[2024-03-28 01:58:47,883] {standard_task_runner.py:77} INFO - Job 826: Subtask ingest_to_postgres_task
[2024-03-28 01:58:48,218] {logging_mixin.py:109} INFO - Running <TaskInstance: ingest_data.ingest_to_postgres_task scheduled__2021-10-02T06:00:00+00:00 [running]> on host 05f84def3a12
[2024-03-28 01:58:48,658] {warnings.py:99} WARNING - /home/***/.local/lib/python3.6/site-packages/***/utils/context.py:152: AirflowContextDeprecationWarning: Accessing 'execution_date' from the template is deprecated and will be removed in a future version. Please use 'data_interval_start' or 'logical_date' instead.
  warnings.warn(_create_deprecation_warning(key, self._deprecation_replacements[key]))

[2024-03-28 01:58:48,751] {taskinstance.py:1426} INFO - Exporting the following env vars:
AIRFLOW_CTX_DAG_OWNER=***
AIRFLOW_CTX_DAG_ID=ingest_data
AIRFLOW_CTX_TASK_ID=ingest_to_postgres_task
AIRFLOW_CTX_EXECUTION_DATE=2021-10-02T06:00:00+00:00
AIRFLOW_CTX_DAG_RUN_ID=scheduled__2021-10-02T06:00:00+00:00
[2024-03-28 01:58:48,764] {logging_mixin.py:109} INFO - yellow_taxi_2021_10 /opt/***/yellowtaxi_tripdata_2021-10.parquet 2021-10-02T06:00:00+00:00
[2024-03-28 01:58:48,764] {logging_mixin.py:109} INFO - Starting data ingestion process...
[2024-03-28 01:58:56,393] {logging_mixin.py:109} INFO - Writing data to table yellow_taxi_2021_10 in the database...
[2024-03-28 09:01:44,823] {taskinstance.py:1032} INFO - Dependencies all met for <TaskInstance: ingest_data.ingest_to_postgres_task scheduled__2021-10-02T06:00:00+00:00 [queued]>
[2024-03-28 09:01:44,867] {taskinstance.py:1032} INFO - Dependencies all met for <TaskInstance: ingest_data.ingest_to_postgres_task scheduled__2021-10-02T06:00:00+00:00 [queued]>
[2024-03-28 09:01:44,868] {taskinstance.py:1238} INFO - 
--------------------------------------------------------------------------------
[2024-03-28 09:01:44,869] {taskinstance.py:1239} INFO - Starting attempt 1 of 1
[2024-03-28 09:01:44,870] {taskinstance.py:1240} INFO - 
--------------------------------------------------------------------------------
[2024-03-28 09:01:44,936] {taskinstance.py:1259} INFO - Executing <Task(PythonOperator): ingest_to_postgres_task> on 2021-10-02 06:00:00+00:00
[2024-03-28 09:01:45,007] {standard_task_runner.py:52} INFO - Started process 641 to run task
[2024-03-28 09:01:45,073] {standard_task_runner.py:76} INFO - Running: ['***', 'tasks', 'run', 'ingest_data', 'ingest_to_postgres_task', 'scheduled__2021-10-02T06:00:00+00:00', '--job-id', '968', '--raw', '--subdir', 'DAGS_FOLDER/data_ingestion_dag.py', '--cfg-path', '/tmp/tmppa5vq7gn', '--error-file', '/tmp/tmptu6ku692']
[2024-03-28 09:01:45,080] {standard_task_runner.py:77} INFO - Job 968: Subtask ingest_to_postgres_task
[2024-03-28 09:01:45,460] {logging_mixin.py:109} INFO - Running <TaskInstance: ingest_data.ingest_to_postgres_task scheduled__2021-10-02T06:00:00+00:00 [running]> on host 05f84def3a12
[2024-03-28 09:01:46,104] {warnings.py:99} WARNING - /home/***/.local/lib/python3.6/site-packages/***/utils/context.py:152: AirflowContextDeprecationWarning: Accessing 'execution_date' from the template is deprecated and will be removed in a future version. Please use 'data_interval_start' or 'logical_date' instead.
  warnings.warn(_create_deprecation_warning(key, self._deprecation_replacements[key]))

[2024-03-28 09:01:46,210] {taskinstance.py:1426} INFO - Exporting the following env vars:
AIRFLOW_CTX_DAG_OWNER=***
AIRFLOW_CTX_DAG_ID=ingest_data
AIRFLOW_CTX_TASK_ID=ingest_to_postgres_task
AIRFLOW_CTX_EXECUTION_DATE=2021-10-02T06:00:00+00:00
AIRFLOW_CTX_DAG_RUN_ID=scheduled__2021-10-02T06:00:00+00:00
[2024-03-28 09:01:46,213] {logging_mixin.py:109} INFO - yellow_taxi_2021_10 /opt/***/yellowtaxi_tripdata_2021-10.parquet 2021-10-02T06:00:00+00:00
[2024-03-28 09:01:46,218] {logging_mixin.py:109} INFO - Starting data ingestion process...
[2024-03-28 09:02:00,866] {logging_mixin.py:109} INFO - Writing data to table yellow_taxi_2021_10 in the database...
[2024-03-28 10:08:10,273] {taskinstance.py:1032} INFO - Dependencies all met for <TaskInstance: ingest_data.ingest_to_postgres_task scheduled__2021-10-02T06:00:00+00:00 [queued]>
[2024-03-28 10:08:10,431] {taskinstance.py:1032} INFO - Dependencies all met for <TaskInstance: ingest_data.ingest_to_postgres_task scheduled__2021-10-02T06:00:00+00:00 [queued]>
[2024-03-28 10:08:10,432] {taskinstance.py:1238} INFO - 
--------------------------------------------------------------------------------
[2024-03-28 10:08:10,432] {taskinstance.py:1239} INFO - Starting attempt 1 of 1
[2024-03-28 10:08:10,432] {taskinstance.py:1240} INFO - 
--------------------------------------------------------------------------------
[2024-03-28 10:08:10,754] {taskinstance.py:1259} INFO - Executing <Task(PythonOperator): ingest_to_postgres_task> on 2021-10-02 06:00:00+00:00
[2024-03-28 10:08:10,770] {standard_task_runner.py:52} INFO - Started process 568 to run task
[2024-03-28 10:08:10,812] {standard_task_runner.py:76} INFO - Running: ['***', 'tasks', 'run', 'ingest_data', 'ingest_to_postgres_task', 'scheduled__2021-10-02T06:00:00+00:00', '--job-id', '1138', '--raw', '--subdir', 'DAGS_FOLDER/data_ingestion_dag.py', '--cfg-path', '/tmp/tmpoc5hwtvx', '--error-file', '/tmp/tmpvr6y0nh7']
[2024-03-28 10:08:10,813] {standard_task_runner.py:77} INFO - Job 1138: Subtask ingest_to_postgres_task
[2024-03-28 10:08:12,199] {logging_mixin.py:109} INFO - Running <TaskInstance: ingest_data.ingest_to_postgres_task scheduled__2021-10-02T06:00:00+00:00 [running]> on host 05f84def3a12
[2024-03-28 10:08:12,732] {warnings.py:99} WARNING - /home/***/.local/lib/python3.6/site-packages/***/utils/context.py:152: AirflowContextDeprecationWarning: Accessing 'execution_date' from the template is deprecated and will be removed in a future version. Please use 'data_interval_start' or 'logical_date' instead.
  warnings.warn(_create_deprecation_warning(key, self._deprecation_replacements[key]))

[2024-03-28 10:08:13,517] {taskinstance.py:1426} INFO - Exporting the following env vars:
AIRFLOW_CTX_DAG_OWNER=***
AIRFLOW_CTX_DAG_ID=ingest_data
AIRFLOW_CTX_TASK_ID=ingest_to_postgres_task
AIRFLOW_CTX_EXECUTION_DATE=2021-10-02T06:00:00+00:00
AIRFLOW_CTX_DAG_RUN_ID=scheduled__2021-10-02T06:00:00+00:00
[2024-03-28 10:08:13,535] {logging_mixin.py:109} INFO - yellow_taxi_2021_10 /opt/***/yellowtaxi_tripdata_2021-10.parquet 2021-10-02T06:00:00+00:00
[2024-03-28 10:08:13,536] {logging_mixin.py:109} INFO - Starting data ingestion process...
[2024-03-28 10:08:24,431] {logging_mixin.py:109} INFO - Writing data to table yellow_taxi_2021_10 in the database...
