[2024-05-12 12:42:37,365] {taskinstance.py:1032} INFO - Dependencies all met for <TaskInstance: ingest_data_bigquery_gt.local_to_gcs_task scheduled__2020-11-02T06:00:00+00:00 [queued]>
[2024-05-12 12:42:37,443] {taskinstance.py:1032} INFO - Dependencies all met for <TaskInstance: ingest_data_bigquery_gt.local_to_gcs_task scheduled__2020-11-02T06:00:00+00:00 [queued]>
[2024-05-12 12:42:37,443] {taskinstance.py:1238} INFO - 
--------------------------------------------------------------------------------
[2024-05-12 12:42:37,444] {taskinstance.py:1239} INFO - Starting attempt 1 of 3
[2024-05-12 12:42:37,451] {taskinstance.py:1240} INFO - 
--------------------------------------------------------------------------------
[2024-05-12 12:42:37,488] {taskinstance.py:1259} INFO - Executing <Task(PythonOperator): local_to_gcs_task> on 2020-11-02 06:00:00+00:00
[2024-05-12 12:42:37,506] {standard_task_runner.py:52} INFO - Started process 964 to run task
[2024-05-12 12:42:37,528] {standard_task_runner.py:76} INFO - Running: ['***', 'tasks', 'run', 'ingest_data_bigquery_gt', 'local_to_gcs_task', 'scheduled__2020-11-02T06:00:00+00:00', '--job-id', '4885', '--raw', '--subdir', 'DAGS_FOLDER/data_ingestion_gcs_gt_dag .py', '--cfg-path', '/tmp/tmppils_4q6', '--error-file', '/tmp/tmp20ccj21n']
[2024-05-12 12:42:37,567] {standard_task_runner.py:77} INFO - Job 4885: Subtask local_to_gcs_task
[2024-05-12 12:42:37,834] {logging_mixin.py:109} INFO - Running <TaskInstance: ingest_data_bigquery_gt.local_to_gcs_task scheduled__2020-11-02T06:00:00+00:00 [running]> on host 31858b145400
[2024-05-12 12:42:37,951] {warnings.py:99} WARNING - /home/***/.local/lib/python3.6/site-packages/***/utils/context.py:152: AirflowContextDeprecationWarning: Accessing 'execution_date' from the template is deprecated and will be removed in a future version. Please use 'data_interval_start' or 'logical_date' instead.
  warnings.warn(_create_deprecation_warning(key, self._deprecation_replacements[key]))

[2024-05-12 12:42:38,067] {taskinstance.py:1426} INFO - Exporting the following env vars:
AIRFLOW_CTX_DAG_OWNER=***
AIRFLOW_CTX_DAG_ID=ingest_data_bigquery_gt
AIRFLOW_CTX_TASK_ID=local_to_gcs_task
AIRFLOW_CTX_EXECUTION_DATE=2020-11-02T06:00:00+00:00
AIRFLOW_CTX_DAG_RUN_ID=scheduled__2020-11-02T06:00:00+00:00
[2024-05-12 12:42:39,917] {warnings.py:99} WARNING - /home/***/.local/lib/python3.6/site-packages/***/operators/python.py:174: DtypeWarning: Columns (3) have mixed types.Specify dtype option on import or set low_memory=False.
  return_value = self.execute_callable()

[2024-05-12 12:42:42,118] {python.py:175} INFO - Done. Returned value was: None
[2024-05-12 12:42:42,167] {taskinstance.py:1277} INFO - Marking task as SUCCESS. dag_id=ingest_data_bigquery_gt, task_id=local_to_gcs_task, execution_date=20201102T060000, start_date=20240512T124237, end_date=20240512T124242
[2024-05-12 12:42:42,405] {local_task_job.py:154} INFO - Task exited with return code 0
[2024-05-12 12:42:42,507] {local_task_job.py:264} INFO - 1 downstream tasks scheduled from follow-on schedule check
[2024-05-18 11:10:19,384] {taskinstance.py:1032} INFO - Dependencies all met for <TaskInstance: ingest_data_bigquery_gt.local_to_gcs_task scheduled__2020-11-02T06:00:00+00:00 [queued]>
[2024-05-18 11:10:19,441] {taskinstance.py:1032} INFO - Dependencies all met for <TaskInstance: ingest_data_bigquery_gt.local_to_gcs_task scheduled__2020-11-02T06:00:00+00:00 [queued]>
[2024-05-18 11:10:19,442] {taskinstance.py:1238} INFO - 
--------------------------------------------------------------------------------
[2024-05-18 11:10:19,443] {taskinstance.py:1239} INFO - Starting attempt 1 of 3
[2024-05-18 11:10:19,443] {taskinstance.py:1240} INFO - 
--------------------------------------------------------------------------------
[2024-05-18 11:10:19,465] {taskinstance.py:1259} INFO - Executing <Task(PythonOperator): local_to_gcs_task> on 2020-11-02 06:00:00+00:00
[2024-05-18 11:10:19,477] {standard_task_runner.py:52} INFO - Started process 1474 to run task
[2024-05-18 11:10:19,490] {standard_task_runner.py:76} INFO - Running: ['***', 'tasks', 'run', 'ingest_data_bigquery_gt', 'local_to_gcs_task', 'scheduled__2020-11-02T06:00:00+00:00', '--job-id', '4978', '--raw', '--subdir', 'DAGS_FOLDER/data_ingestion_gcs_gt_dag .py', '--cfg-path', '/tmp/tmphqjrqhob', '--error-file', '/tmp/tmpynrtj9i7']
[2024-05-18 11:10:19,494] {standard_task_runner.py:77} INFO - Job 4978: Subtask local_to_gcs_task
[2024-05-18 11:10:19,668] {logging_mixin.py:109} INFO - Running <TaskInstance: ingest_data_bigquery_gt.local_to_gcs_task scheduled__2020-11-02T06:00:00+00:00 [running]> on host 45b18388e83d
[2024-05-18 11:10:19,794] {warnings.py:99} WARNING - /home/***/.local/lib/python3.6/site-packages/***/utils/context.py:152: AirflowContextDeprecationWarning: Accessing 'execution_date' from the template is deprecated and will be removed in a future version. Please use 'data_interval_start' or 'logical_date' instead.
  warnings.warn(_create_deprecation_warning(key, self._deprecation_replacements[key]))

[2024-05-18 11:10:19,870] {taskinstance.py:1426} INFO - Exporting the following env vars:
AIRFLOW_CTX_DAG_OWNER=***
AIRFLOW_CTX_DAG_ID=ingest_data_bigquery_gt
AIRFLOW_CTX_TASK_ID=local_to_gcs_task
AIRFLOW_CTX_EXECUTION_DATE=2020-11-02T06:00:00+00:00
AIRFLOW_CTX_DAG_RUN_ID=scheduled__2020-11-02T06:00:00+00:00
[2024-05-18 11:10:20,429] {warnings.py:99} WARNING - /home/***/.local/lib/python3.6/site-packages/***/operators/python.py:174: DtypeWarning: Columns (3) have mixed types.Specify dtype option on import or set low_memory=False.
  return_value = self.execute_callable()

[2024-05-18 11:10:22,009] {python.py:175} INFO - Done. Returned value was: None
[2024-05-18 11:10:22,026] {taskinstance.py:1277} INFO - Marking task as SUCCESS. dag_id=ingest_data_bigquery_gt, task_id=local_to_gcs_task, execution_date=20201102T060000, start_date=20240518T111019, end_date=20240518T111022
[2024-05-18 11:10:22,250] {local_task_job.py:154} INFO - Task exited with return code 0
[2024-05-18 11:10:22,343] {local_task_job.py:264} INFO - 1 downstream tasks scheduled from follow-on schedule check
