[2024-05-18 12:22:58,656] {taskinstance.py:1032} INFO - Dependencies all met for <TaskInstance: ingest_data_bigquery_fhv.local_to_gcs_task scheduled__2019-11-02T06:00:00+00:00 [queued]>
[2024-05-18 12:22:58,858] {taskinstance.py:1032} INFO - Dependencies all met for <TaskInstance: ingest_data_bigquery_fhv.local_to_gcs_task scheduled__2019-11-02T06:00:00+00:00 [queued]>
[2024-05-18 12:22:58,859] {taskinstance.py:1238} INFO - 
--------------------------------------------------------------------------------
[2024-05-18 12:22:58,863] {taskinstance.py:1239} INFO - Starting attempt 1 of 3
[2024-05-18 12:22:58,867] {taskinstance.py:1240} INFO - 
--------------------------------------------------------------------------------
[2024-05-18 12:22:59,000] {taskinstance.py:1259} INFO - Executing <Task(PythonOperator): local_to_gcs_task> on 2019-11-02 06:00:00+00:00
[2024-05-18 12:22:59,122] {standard_task_runner.py:76} INFO - Running: ['***', 'tasks', 'run', 'ingest_data_bigquery_fhv', 'local_to_gcs_task', 'scheduled__2019-11-02T06:00:00+00:00', '--job-id', '5029', '--raw', '--subdir', 'DAGS_FOLDER/data_ingestion_gcs_fhv_dag .py', '--cfg-path', '/tmp/tmpj7ql5kqq', '--error-file', '/tmp/tmp1v3ynqyc']
[2024-05-18 12:22:59,200] {standard_task_runner.py:77} INFO - Job 5029: Subtask local_to_gcs_task
[2024-05-18 12:22:59,081] {standard_task_runner.py:52} INFO - Started process 5155 to run task
[2024-05-18 12:23:00,419] {logging_mixin.py:109} INFO - Running <TaskInstance: ingest_data_bigquery_fhv.local_to_gcs_task scheduled__2019-11-02T06:00:00+00:00 [running]> on host 45b18388e83d
[2024-05-18 12:23:00,937] {warnings.py:99} WARNING - /home/***/.local/lib/python3.6/site-packages/***/utils/context.py:152: AirflowContextDeprecationWarning: Accessing 'execution_date' from the template is deprecated and will be removed in a future version. Please use 'data_interval_start' or 'logical_date' instead.
  warnings.warn(_create_deprecation_warning(key, self._deprecation_replacements[key]))

[2024-05-18 12:23:01,469] {taskinstance.py:1426} INFO - Exporting the following env vars:
AIRFLOW_CTX_DAG_OWNER=***
AIRFLOW_CTX_DAG_ID=ingest_data_bigquery_fhv
AIRFLOW_CTX_TASK_ID=local_to_gcs_task
AIRFLOW_CTX_EXECUTION_DATE=2019-11-02T06:00:00+00:00
AIRFLOW_CTX_DAG_RUN_ID=scheduled__2019-11-02T06:00:00+00:00
[2024-05-18 12:23:44,800] {python.py:175} INFO - Done. Returned value was: None
[2024-05-18 12:23:44,840] {taskinstance.py:1277} INFO - Marking task as SUCCESS. dag_id=ingest_data_bigquery_fhv, task_id=local_to_gcs_task, execution_date=20191102T060000, start_date=20240518T122258, end_date=20240518T122344
[2024-05-18 12:23:44,945] {local_task_job.py:154} INFO - Task exited with return code 0
[2024-05-18 12:23:45,019] {local_task_job.py:264} INFO - 1 downstream tasks scheduled from follow-on schedule check
[2024-05-18 12:49:23,428] {taskinstance.py:1032} INFO - Dependencies all met for <TaskInstance: ingest_data_bigquery_fhv.local_to_gcs_task scheduled__2019-11-02T06:00:00+00:00 [queued]>
[2024-05-18 12:49:23,503] {taskinstance.py:1032} INFO - Dependencies all met for <TaskInstance: ingest_data_bigquery_fhv.local_to_gcs_task scheduled__2019-11-02T06:00:00+00:00 [queued]>
[2024-05-18 12:49:23,504] {taskinstance.py:1238} INFO - 
--------------------------------------------------------------------------------
[2024-05-18 12:49:23,504] {taskinstance.py:1239} INFO - Starting attempt 1 of 3
[2024-05-18 12:49:23,504] {taskinstance.py:1240} INFO - 
--------------------------------------------------------------------------------
[2024-05-18 12:49:24,000] {taskinstance.py:1259} INFO - Executing <Task(PythonOperator): local_to_gcs_task> on 2019-11-02 06:00:00+00:00
[2024-05-18 12:49:24,051] {standard_task_runner.py:52} INFO - Started process 6880 to run task
[2024-05-18 12:49:24,131] {standard_task_runner.py:76} INFO - Running: ['***', 'tasks', 'run', 'ingest_data_bigquery_fhv', 'local_to_gcs_task', 'scheduled__2019-11-02T06:00:00+00:00', '--job-id', '5142', '--raw', '--subdir', 'DAGS_FOLDER/data_ingestion_gcs_fhv_dag .py', '--cfg-path', '/tmp/tmpmlkirbj3', '--error-file', '/tmp/tmpzquevqs0']
[2024-05-18 12:49:24,216] {standard_task_runner.py:77} INFO - Job 5142: Subtask local_to_gcs_task
[2024-05-18 12:49:24,621] {logging_mixin.py:109} INFO - Running <TaskInstance: ingest_data_bigquery_fhv.local_to_gcs_task scheduled__2019-11-02T06:00:00+00:00 [running]> on host 45b18388e83d
[2024-05-18 12:49:24,725] {warnings.py:99} WARNING - /home/***/.local/lib/python3.6/site-packages/***/utils/context.py:152: AirflowContextDeprecationWarning: Accessing 'execution_date' from the template is deprecated and will be removed in a future version. Please use 'data_interval_start' or 'logical_date' instead.
  warnings.warn(_create_deprecation_warning(key, self._deprecation_replacements[key]))

[2024-05-18 12:49:24,822] {taskinstance.py:1426} INFO - Exporting the following env vars:
AIRFLOW_CTX_DAG_OWNER=***
AIRFLOW_CTX_DAG_ID=ingest_data_bigquery_fhv
AIRFLOW_CTX_TASK_ID=local_to_gcs_task
AIRFLOW_CTX_EXECUTION_DATE=2019-11-02T06:00:00+00:00
AIRFLOW_CTX_DAG_RUN_ID=scheduled__2019-11-02T06:00:00+00:00
[2024-05-18 12:49:53,268] {python.py:175} INFO - Done. Returned value was: None
[2024-05-18 12:49:53,284] {taskinstance.py:1277} INFO - Marking task as SUCCESS. dag_id=ingest_data_bigquery_fhv, task_id=local_to_gcs_task, execution_date=20191102T060000, start_date=20240518T124923, end_date=20240518T124953
[2024-05-18 12:49:53,415] {local_task_job.py:154} INFO - Task exited with return code 0
[2024-05-18 12:49:53,457] {local_task_job.py:264} INFO - 1 downstream tasks scheduled from follow-on schedule check
[2024-05-18 13:03:44,895] {taskinstance.py:1032} INFO - Dependencies all met for <TaskInstance: ingest_data_bigquery_fhv.local_to_gcs_task scheduled__2019-11-02T06:00:00+00:00 [queued]>
[2024-05-18 13:03:44,958] {taskinstance.py:1032} INFO - Dependencies all met for <TaskInstance: ingest_data_bigquery_fhv.local_to_gcs_task scheduled__2019-11-02T06:00:00+00:00 [queued]>
[2024-05-18 13:03:44,966] {taskinstance.py:1238} INFO - 
--------------------------------------------------------------------------------
[2024-05-18 13:03:44,969] {taskinstance.py:1239} INFO - Starting attempt 1 of 3
[2024-05-18 13:03:44,969] {taskinstance.py:1240} INFO - 
--------------------------------------------------------------------------------
[2024-05-18 13:03:44,990] {taskinstance.py:1259} INFO - Executing <Task(PythonOperator): local_to_gcs_task> on 2019-11-02 06:00:00+00:00
[2024-05-18 13:03:45,017] {standard_task_runner.py:52} INFO - Started process 8018 to run task
[2024-05-18 13:03:45,093] {standard_task_runner.py:76} INFO - Running: ['***', 'tasks', 'run', 'ingest_data_bigquery_fhv', 'local_to_gcs_task', 'scheduled__2019-11-02T06:00:00+00:00', '--job-id', '5251', '--raw', '--subdir', 'DAGS_FOLDER/data_ingestion_gcs_fhv_dag .py', '--cfg-path', '/tmp/tmpjd16ago6', '--error-file', '/tmp/tmptee_347j']
[2024-05-18 13:03:45,158] {standard_task_runner.py:77} INFO - Job 5251: Subtask local_to_gcs_task
[2024-05-18 13:03:45,634] {logging_mixin.py:109} INFO - Running <TaskInstance: ingest_data_bigquery_fhv.local_to_gcs_task scheduled__2019-11-02T06:00:00+00:00 [running]> on host 45b18388e83d
[2024-05-18 13:03:45,840] {warnings.py:99} WARNING - /home/***/.local/lib/python3.6/site-packages/***/utils/context.py:152: AirflowContextDeprecationWarning: Accessing 'execution_date' from the template is deprecated and will be removed in a future version. Please use 'data_interval_start' or 'logical_date' instead.
  warnings.warn(_create_deprecation_warning(key, self._deprecation_replacements[key]))

[2024-05-18 13:03:45,896] {taskinstance.py:1426} INFO - Exporting the following env vars:
AIRFLOW_CTX_DAG_OWNER=***
AIRFLOW_CTX_DAG_ID=ingest_data_bigquery_fhv
AIRFLOW_CTX_TASK_ID=local_to_gcs_task
AIRFLOW_CTX_EXECUTION_DATE=2019-11-02T06:00:00+00:00
AIRFLOW_CTX_DAG_RUN_ID=scheduled__2019-11-02T06:00:00+00:00
[2024-05-18 13:04:16,298] {python.py:175} INFO - Done. Returned value was: None
[2024-05-18 13:04:16,319] {taskinstance.py:1277} INFO - Marking task as SUCCESS. dag_id=ingest_data_bigquery_fhv, task_id=local_to_gcs_task, execution_date=20191102T060000, start_date=20240518T130344, end_date=20240518T130416
[2024-05-18 13:04:16,420] {local_task_job.py:154} INFO - Task exited with return code 0
[2024-05-18 13:04:16,603] {local_task_job.py:264} INFO - 0 downstream tasks scheduled from follow-on schedule check
[2024-05-18 13:13:55,793] {taskinstance.py:1032} INFO - Dependencies all met for <TaskInstance: ingest_data_bigquery_fhv.local_to_gcs_task scheduled__2019-11-02T06:00:00+00:00 [queued]>
[2024-05-18 13:13:55,872] {taskinstance.py:1032} INFO - Dependencies all met for <TaskInstance: ingest_data_bigquery_fhv.local_to_gcs_task scheduled__2019-11-02T06:00:00+00:00 [queued]>
[2024-05-18 13:13:55,875] {taskinstance.py:1238} INFO - 
--------------------------------------------------------------------------------
[2024-05-18 13:13:55,876] {taskinstance.py:1239} INFO - Starting attempt 1 of 3
[2024-05-18 13:13:55,876] {taskinstance.py:1240} INFO - 
--------------------------------------------------------------------------------
[2024-05-18 13:13:55,944] {taskinstance.py:1259} INFO - Executing <Task(PythonOperator): local_to_gcs_task> on 2019-11-02 06:00:00+00:00
[2024-05-18 13:13:55,984] {standard_task_runner.py:52} INFO - Started process 8992 to run task
[2024-05-18 13:13:56,033] {standard_task_runner.py:76} INFO - Running: ['***', 'tasks', 'run', 'ingest_data_bigquery_fhv', 'local_to_gcs_task', 'scheduled__2019-11-02T06:00:00+00:00', '--job-id', '5345', '--raw', '--subdir', 'DAGS_FOLDER/data_ingestion_gcs_fhv_dag .py', '--cfg-path', '/tmp/tmpr_irj8zw', '--error-file', '/tmp/tmpxmbz2s8n']
[2024-05-18 13:13:56,103] {standard_task_runner.py:77} INFO - Job 5345: Subtask local_to_gcs_task
[2024-05-18 13:13:56,348] {logging_mixin.py:109} INFO - Running <TaskInstance: ingest_data_bigquery_fhv.local_to_gcs_task scheduled__2019-11-02T06:00:00+00:00 [running]> on host 45b18388e83d
[2024-05-18 13:13:56,435] {warnings.py:99} WARNING - /home/***/.local/lib/python3.6/site-packages/***/utils/context.py:152: AirflowContextDeprecationWarning: Accessing 'execution_date' from the template is deprecated and will be removed in a future version. Please use 'data_interval_start' or 'logical_date' instead.
  warnings.warn(_create_deprecation_warning(key, self._deprecation_replacements[key]))

[2024-05-18 13:13:56,496] {taskinstance.py:1426} INFO - Exporting the following env vars:
AIRFLOW_CTX_DAG_OWNER=***
AIRFLOW_CTX_DAG_ID=ingest_data_bigquery_fhv
AIRFLOW_CTX_TASK_ID=local_to_gcs_task
AIRFLOW_CTX_EXECUTION_DATE=2019-11-02T06:00:00+00:00
AIRFLOW_CTX_DAG_RUN_ID=scheduled__2019-11-02T06:00:00+00:00
[2024-05-18 13:14:29,194] {python.py:175} INFO - Done. Returned value was: None
[2024-05-18 13:14:29,262] {taskinstance.py:1277} INFO - Marking task as SUCCESS. dag_id=ingest_data_bigquery_fhv, task_id=local_to_gcs_task, execution_date=20191102T060000, start_date=20240518T131355, end_date=20240518T131429
[2024-05-18 13:14:29,413] {local_task_job.py:154} INFO - Task exited with return code 0
[2024-05-18 13:14:29,490] {local_task_job.py:264} INFO - 1 downstream tasks scheduled from follow-on schedule check
