[2024-12-29 15:26:49,090] {taskinstance.py:1032} INFO - Dependencies all met for <TaskInstance: ingest_data_bigquery_fhvhv.bigquery_external_table_task scheduled__2019-04-02T06:00:00+00:00 [queued]>
[2024-12-29 15:26:49,124] {taskinstance.py:1032} INFO - Dependencies all met for <TaskInstance: ingest_data_bigquery_fhvhv.bigquery_external_table_task scheduled__2019-04-02T06:00:00+00:00 [queued]>
[2024-12-29 15:26:49,125] {taskinstance.py:1238} INFO - 
--------------------------------------------------------------------------------
[2024-12-29 15:26:49,125] {taskinstance.py:1239} INFO - Starting attempt 1 of 3
[2024-12-29 15:26:49,126] {taskinstance.py:1240} INFO - 
--------------------------------------------------------------------------------
[2024-12-29 15:26:49,144] {taskinstance.py:1259} INFO - Executing <Task(BigQueryCreateExternalTableOperator): bigquery_external_table_task> on 2019-04-02 06:00:00+00:00
[2024-12-29 15:26:49,153] {standard_task_runner.py:52} INFO - Started process 967 to run task
[2024-12-29 15:26:49,159] {standard_task_runner.py:76} INFO - Running: ['***', 'tasks', 'run', 'ingest_data_bigquery_fhvhv', 'bigquery_external_table_task', 'scheduled__2019-04-02T06:00:00+00:00', '--job-id', '5983', '--raw', '--subdir', 'DAGS_FOLDER/data_ingestion_gcs_fhvhv_dag.py', '--cfg-path', '/tmp/tmpd1hijq6f', '--error-file', '/tmp/tmpyhlw34j7']
[2024-12-29 15:26:49,165] {standard_task_runner.py:77} INFO - Job 5983: Subtask bigquery_external_table_task
[2024-12-29 15:26:49,255] {logging_mixin.py:109} INFO - Running <TaskInstance: ingest_data_bigquery_fhvhv.bigquery_external_table_task scheduled__2019-04-02T06:00:00+00:00 [running]> on host a180708a7c2c
[2024-12-29 15:26:49,361] {taskinstance.py:1426} INFO - Exporting the following env vars:
AIRFLOW_CTX_DAG_OWNER=***
AIRFLOW_CTX_DAG_ID=ingest_data_bigquery_fhvhv
AIRFLOW_CTX_TASK_ID=bigquery_external_table_task
AIRFLOW_CTX_EXECUTION_DATE=2019-04-02T06:00:00+00:00
AIRFLOW_CTX_DAG_RUN_ID=scheduled__2019-04-02T06:00:00+00:00
[2024-12-29 15:26:49,365] {crypto.py:82} WARNING - empty cryptography key - values will not be stored encrypted.
[2024-12-29 15:26:49,379] {warnings.py:99} WARNING - /home/***/.local/lib/python3.6/site-packages/***/providers/google/cloud/hooks/bigquery.py:637: DeprecationWarning: This method is deprecated. Please use `BigQueryHook.create_empty_table` method with passing the `table_resource` object. This gives more flexibility than this method.
  DeprecationWarning,

[2024-12-29 15:26:49,380] {bigquery.py:700} INFO - Creating external table: nyc_tlc_data.fhvhvtaxi_trips
[2024-12-29 15:26:49,752] {bigquery.py:704} INFO - External table created successfully: nyc_tlc_data.fhvhvtaxi_trips
[2024-12-29 15:26:49,769] {taskinstance.py:1277} INFO - Marking task as SUCCESS. dag_id=ingest_data_bigquery_fhvhv, task_id=bigquery_external_table_task, execution_date=20190402T060000, start_date=20241229T152649, end_date=20241229T152649
[2024-12-29 15:26:49,836] {local_task_job.py:154} INFO - Task exited with return code 0
[2024-12-29 15:26:49,882] {local_task_job.py:264} INFO - 0 downstream tasks scheduled from follow-on schedule check
[2025-01-01 04:45:22,809] {taskinstance.py:1032} INFO - Dependencies all met for <TaskInstance: ingest_data_bigquery_fhvhv.bigquery_external_table_task scheduled__2019-04-02T06:00:00+00:00 [queued]>
[2025-01-01 04:45:22,823] {taskinstance.py:1032} INFO - Dependencies all met for <TaskInstance: ingest_data_bigquery_fhvhv.bigquery_external_table_task scheduled__2019-04-02T06:00:00+00:00 [queued]>
[2025-01-01 04:45:22,823] {taskinstance.py:1238} INFO - 
--------------------------------------------------------------------------------
[2025-01-01 04:45:22,823] {taskinstance.py:1239} INFO - Starting attempt 1 of 3
[2025-01-01 04:45:22,823] {taskinstance.py:1240} INFO - 
--------------------------------------------------------------------------------
[2025-01-01 04:45:22,835] {taskinstance.py:1259} INFO - Executing <Task(BigQueryCreateExternalTableOperator): bigquery_external_table_task> on 2019-04-02 06:00:00+00:00
[2025-01-01 04:45:22,843] {standard_task_runner.py:52} INFO - Started process 2882 to run task
[2025-01-01 04:45:22,850] {standard_task_runner.py:76} INFO - Running: ['***', 'tasks', 'run', 'ingest_data_bigquery_fhvhv', 'bigquery_external_table_task', 'scheduled__2019-04-02T06:00:00+00:00', '--job-id', '6174', '--raw', '--subdir', 'DAGS_FOLDER/data_ingestion_gcs_fhvhv_dag.py', '--cfg-path', '/tmp/tmplaqo0yhe', '--error-file', '/tmp/tmpti452oxn']
[2025-01-01 04:45:22,857] {standard_task_runner.py:77} INFO - Job 6174: Subtask bigquery_external_table_task
[2025-01-01 04:45:22,932] {logging_mixin.py:109} INFO - Running <TaskInstance: ingest_data_bigquery_fhvhv.bigquery_external_table_task scheduled__2019-04-02T06:00:00+00:00 [running]> on host 4228b0d90dbc
[2025-01-01 04:45:23,006] {taskinstance.py:1426} INFO - Exporting the following env vars:
AIRFLOW_CTX_DAG_OWNER=***
AIRFLOW_CTX_DAG_ID=ingest_data_bigquery_fhvhv
AIRFLOW_CTX_TASK_ID=bigquery_external_table_task
AIRFLOW_CTX_EXECUTION_DATE=2019-04-02T06:00:00+00:00
AIRFLOW_CTX_DAG_RUN_ID=scheduled__2019-04-02T06:00:00+00:00
[2025-01-01 04:45:23,011] {crypto.py:82} WARNING - empty cryptography key - values will not be stored encrypted.
[2025-01-01 04:45:23,026] {warnings.py:99} WARNING - /home/***/.local/lib/python3.6/site-packages/***/providers/google/cloud/hooks/bigquery.py:637: DeprecationWarning: This method is deprecated. Please use `BigQueryHook.create_empty_table` method with passing the `table_resource` object. This gives more flexibility than this method.
  DeprecationWarning,

[2025-01-01 04:45:23,028] {bigquery.py:700} INFO - Creating external table: nyc_tlc_data.fhvhvtaxi_trips
[2025-01-01 04:45:23,323] {bigquery.py:704} INFO - External table created successfully: nyc_tlc_data.fhvhvtaxi_trips
[2025-01-01 04:45:23,336] {taskinstance.py:1277} INFO - Marking task as SUCCESS. dag_id=ingest_data_bigquery_fhvhv, task_id=bigquery_external_table_task, execution_date=20190402T060000, start_date=20250101T044522, end_date=20250101T044523
[2025-01-01 04:45:23,392] {local_task_job.py:154} INFO - Task exited with return code 0
[2025-01-01 04:45:23,428] {local_task_job.py:264} INFO - 0 downstream tasks scheduled from follow-on schedule check
[2025-01-01 11:23:35,159] {taskinstance.py:1032} INFO - Dependencies all met for <TaskInstance: ingest_data_bigquery_fhvhv.bigquery_external_table_task scheduled__2019-04-02T06:00:00+00:00 [queued]>
[2025-01-01 11:23:35,182] {taskinstance.py:1032} INFO - Dependencies all met for <TaskInstance: ingest_data_bigquery_fhvhv.bigquery_external_table_task scheduled__2019-04-02T06:00:00+00:00 [queued]>
[2025-01-01 11:23:35,183] {taskinstance.py:1238} INFO - 
--------------------------------------------------------------------------------
[2025-01-01 11:23:35,183] {taskinstance.py:1239} INFO - Starting attempt 1 of 3
[2025-01-01 11:23:35,184] {taskinstance.py:1240} INFO - 
--------------------------------------------------------------------------------
[2025-01-01 11:23:35,204] {taskinstance.py:1259} INFO - Executing <Task(BigQueryCreateExternalTableOperator): bigquery_external_table_task> on 2019-04-02 06:00:00+00:00
[2025-01-01 11:23:35,216] {standard_task_runner.py:52} INFO - Started process 5931 to run task
[2025-01-01 11:23:35,224] {standard_task_runner.py:76} INFO - Running: ['***', 'tasks', 'run', 'ingest_data_bigquery_fhvhv', 'bigquery_external_table_task', 'scheduled__2019-04-02T06:00:00+00:00', '--job-id', '6290', '--raw', '--subdir', 'DAGS_FOLDER/data_ingestion_gcs_fhvhv_dag.py', '--cfg-path', '/tmp/tmpymfszmfv', '--error-file', '/tmp/tmp3s0rkz5y']
[2025-01-01 11:23:35,231] {standard_task_runner.py:77} INFO - Job 6290: Subtask bigquery_external_table_task
[2025-01-01 11:23:35,348] {logging_mixin.py:109} INFO - Running <TaskInstance: ingest_data_bigquery_fhvhv.bigquery_external_table_task scheduled__2019-04-02T06:00:00+00:00 [running]> on host b9549a156c09
[2025-01-01 11:23:35,454] {taskinstance.py:1426} INFO - Exporting the following env vars:
AIRFLOW_CTX_DAG_OWNER=***
AIRFLOW_CTX_DAG_ID=ingest_data_bigquery_fhvhv
AIRFLOW_CTX_TASK_ID=bigquery_external_table_task
AIRFLOW_CTX_EXECUTION_DATE=2019-04-02T06:00:00+00:00
AIRFLOW_CTX_DAG_RUN_ID=scheduled__2019-04-02T06:00:00+00:00
[2025-01-01 11:23:35,460] {crypto.py:82} WARNING - empty cryptography key - values will not be stored encrypted.
[2025-01-01 11:23:35,476] {warnings.py:99} WARNING - /home/***/.local/lib/python3.6/site-packages/***/providers/google/cloud/hooks/bigquery.py:637: DeprecationWarning: This method is deprecated. Please use `BigQueryHook.create_empty_table` method with passing the `table_resource` object. This gives more flexibility than this method.
  DeprecationWarning,

[2025-01-01 11:23:35,478] {bigquery.py:700} INFO - Creating external table: nyc_tlc_data.fhvhvtaxi_trips
[2025-01-01 11:23:35,803] {bigquery.py:704} INFO - External table created successfully: nyc_tlc_data.fhvhvtaxi_trips
[2025-01-01 11:23:35,827] {taskinstance.py:1277} INFO - Marking task as SUCCESS. dag_id=ingest_data_bigquery_fhvhv, task_id=bigquery_external_table_task, execution_date=20190402T060000, start_date=20250101T112335, end_date=20250101T112335
[2025-01-01 11:23:35,892] {local_task_job.py:154} INFO - Task exited with return code 0
[2025-01-01 11:23:35,948] {local_task_job.py:264} INFO - 0 downstream tasks scheduled from follow-on schedule check
