[2025-01-14 15:13:14,228] {processor.py:163} INFO - Started process (PID=993) to work on /opt/airflow/dags/data_ingestion_gcs_gt_dag_2022.py
[2025-01-14 15:13:14,229] {processor.py:642} INFO - Processing file /opt/airflow/dags/data_ingestion_gcs_gt_dag_2022.py for tasks to queue
[2025-01-14 15:13:14,230] {logging_mixin.py:109} INFO - [2025-01-14 15:13:14,230] {dagbag.py:500} INFO - Filling up the DagBag from /opt/airflow/dags/data_ingestion_gcs_gt_dag_2022.py
[2025-01-14 15:13:15,156] {processor.py:654} INFO - DAG(s) dict_keys(['ingest_data_bigquery_gt']) retrieved from /opt/airflow/dags/data_ingestion_gcs_gt_dag_2022.py
[2025-01-14 15:13:15,381] {logging_mixin.py:109} INFO - [2025-01-14 15:13:15,380] {dag.py:2396} INFO - Sync 1 DAGs
[2025-01-14 15:13:15,398] {logging_mixin.py:109} INFO - [2025-01-14 15:13:15,398] {dag.py:2935} INFO - Setting next_dagrun for ingest_data_bigquery_gt to 2022-01-02 06:00:00+00:00
[2025-01-14 15:13:15,413] {processor.py:171} INFO - Processing /opt/airflow/dags/data_ingestion_gcs_gt_dag_2022.py took 1.190 seconds
[2025-01-14 15:13:45,563] {processor.py:163} INFO - Started process (PID=1043) to work on /opt/airflow/dags/data_ingestion_gcs_gt_dag_2022.py
[2025-01-14 15:13:45,567] {processor.py:642} INFO - Processing file /opt/airflow/dags/data_ingestion_gcs_gt_dag_2022.py for tasks to queue
[2025-01-14 15:13:45,567] {logging_mixin.py:109} INFO - [2025-01-14 15:13:45,567] {dagbag.py:500} INFO - Filling up the DagBag from /opt/airflow/dags/data_ingestion_gcs_gt_dag_2022.py
[2025-01-14 15:13:46,455] {processor.py:654} INFO - DAG(s) dict_keys(['ingest_data_bigquery_gt']) retrieved from /opt/airflow/dags/data_ingestion_gcs_gt_dag_2022.py
[2025-01-14 15:13:46,467] {logging_mixin.py:109} INFO - [2025-01-14 15:13:46,466] {dag.py:2396} INFO - Sync 1 DAGs
[2025-01-14 15:13:46,486] {logging_mixin.py:109} INFO - [2025-01-14 15:13:46,486] {dag.py:2935} INFO - Setting next_dagrun for ingest_data_bigquery_gt to 2022-01-02 06:00:00+00:00
[2025-01-14 15:13:46,495] {processor.py:171} INFO - Processing /opt/airflow/dags/data_ingestion_gcs_gt_dag_2022.py took 0.937 seconds
[2025-01-14 15:14:16,668] {processor.py:163} INFO - Started process (PID=1093) to work on /opt/airflow/dags/data_ingestion_gcs_gt_dag_2022.py
[2025-01-14 15:14:16,670] {processor.py:642} INFO - Processing file /opt/airflow/dags/data_ingestion_gcs_gt_dag_2022.py for tasks to queue
[2025-01-14 15:14:16,670] {logging_mixin.py:109} INFO - [2025-01-14 15:14:16,670] {dagbag.py:500} INFO - Filling up the DagBag from /opt/airflow/dags/data_ingestion_gcs_gt_dag_2022.py
[2025-01-14 15:14:17,804] {processor.py:654} INFO - DAG(s) dict_keys(['ingest_data_bigquery_gt']) retrieved from /opt/airflow/dags/data_ingestion_gcs_gt_dag_2022.py
[2025-01-14 15:14:17,813] {logging_mixin.py:109} INFO - [2025-01-14 15:14:17,811] {dag.py:2396} INFO - Sync 1 DAGs
[2025-01-14 15:14:17,844] {logging_mixin.py:109} INFO - [2025-01-14 15:14:17,844] {dag.py:2935} INFO - Setting next_dagrun for ingest_data_bigquery_gt to 2022-01-02 06:00:00+00:00
[2025-01-14 15:14:17,857] {processor.py:171} INFO - Processing /opt/airflow/dags/data_ingestion_gcs_gt_dag_2022.py took 1.194 seconds
[2025-01-14 15:14:48,238] {processor.py:163} INFO - Started process (PID=1154) to work on /opt/airflow/dags/data_ingestion_gcs_gt_dag_2022.py
[2025-01-14 15:14:48,241] {processor.py:642} INFO - Processing file /opt/airflow/dags/data_ingestion_gcs_gt_dag_2022.py for tasks to queue
[2025-01-14 15:14:48,242] {logging_mixin.py:109} INFO - [2025-01-14 15:14:48,242] {dagbag.py:500} INFO - Filling up the DagBag from /opt/airflow/dags/data_ingestion_gcs_gt_dag_2022.py
[2025-01-14 15:14:49,167] {processor.py:654} INFO - DAG(s) dict_keys(['ingest_data_bigquery_gt']) retrieved from /opt/airflow/dags/data_ingestion_gcs_gt_dag_2022.py
[2025-01-14 15:14:49,397] {logging_mixin.py:109} INFO - [2025-01-14 15:14:49,395] {dag.py:2396} INFO - Sync 1 DAGs
[2025-01-14 15:14:49,415] {logging_mixin.py:109} INFO - [2025-01-14 15:14:49,414] {dag.py:2935} INFO - Setting next_dagrun for ingest_data_bigquery_gt to 2022-01-02 06:00:00+00:00
[2025-01-14 15:14:49,426] {processor.py:171} INFO - Processing /opt/airflow/dags/data_ingestion_gcs_gt_dag_2022.py took 1.192 seconds
[2025-01-14 15:14:53,332] {processor.py:163} INFO - Started process (PID=1164) to work on /opt/airflow/dags/data_ingestion_gcs_gt_dag_2022.py
[2025-01-14 15:14:53,333] {processor.py:642} INFO - Processing file /opt/airflow/dags/data_ingestion_gcs_gt_dag_2022.py for tasks to queue
[2025-01-14 15:14:53,334] {logging_mixin.py:109} INFO - [2025-01-14 15:14:53,334] {dagbag.py:500} INFO - Filling up the DagBag from /opt/airflow/dags/data_ingestion_gcs_gt_dag_2022.py
[2025-01-14 15:14:54,249] {processor.py:654} INFO - DAG(s) dict_keys(['ingest_data_bigquery_gt']) retrieved from /opt/airflow/dags/data_ingestion_gcs_gt_dag_2022.py
[2025-01-14 15:14:54,255] {logging_mixin.py:109} INFO - [2025-01-14 15:14:54,254] {dag.py:2396} INFO - Sync 1 DAGs
[2025-01-14 15:14:54,278] {logging_mixin.py:109} INFO - [2025-01-14 15:14:54,278] {dag.py:2935} INFO - Setting next_dagrun for ingest_data_bigquery_gt to 2022-01-02 06:00:00+00:00
[2025-01-14 15:14:54,291] {processor.py:171} INFO - Processing /opt/airflow/dags/data_ingestion_gcs_gt_dag_2022.py took 0.963 seconds
[2025-01-14 15:15:24,644] {processor.py:163} INFO - Started process (PID=1225) to work on /opt/airflow/dags/data_ingestion_gcs_gt_dag_2022.py
[2025-01-14 15:15:24,647] {processor.py:642} INFO - Processing file /opt/airflow/dags/data_ingestion_gcs_gt_dag_2022.py for tasks to queue
[2025-01-14 15:15:24,648] {logging_mixin.py:109} INFO - [2025-01-14 15:15:24,647] {dagbag.py:500} INFO - Filling up the DagBag from /opt/airflow/dags/data_ingestion_gcs_gt_dag_2022.py
[2025-01-14 15:15:25,887] {processor.py:654} INFO - DAG(s) dict_keys(['ingest_data_bigquery_gt']) retrieved from /opt/airflow/dags/data_ingestion_gcs_gt_dag_2022.py
[2025-01-14 15:15:25,893] {logging_mixin.py:109} INFO - [2025-01-14 15:15:25,891] {dag.py:2396} INFO - Sync 1 DAGs
[2025-01-14 15:15:25,920] {logging_mixin.py:109} INFO - [2025-01-14 15:15:25,920] {dag.py:2935} INFO - Setting next_dagrun for ingest_data_bigquery_gt to 2022-01-02 06:00:00+00:00
[2025-01-14 15:15:25,932] {processor.py:171} INFO - Processing /opt/airflow/dags/data_ingestion_gcs_gt_dag_2022.py took 1.295 seconds
[2025-01-14 15:15:56,169] {processor.py:163} INFO - Started process (PID=1275) to work on /opt/airflow/dags/data_ingestion_gcs_gt_dag_2022.py
[2025-01-14 15:15:56,171] {processor.py:642} INFO - Processing file /opt/airflow/dags/data_ingestion_gcs_gt_dag_2022.py for tasks to queue
[2025-01-14 15:15:56,172] {logging_mixin.py:109} INFO - [2025-01-14 15:15:56,172] {dagbag.py:500} INFO - Filling up the DagBag from /opt/airflow/dags/data_ingestion_gcs_gt_dag_2022.py
[2025-01-14 15:15:57,076] {processor.py:654} INFO - DAG(s) dict_keys(['ingest_data_bigquery_gt']) retrieved from /opt/airflow/dags/data_ingestion_gcs_gt_dag_2022.py
[2025-01-14 15:15:57,297] {logging_mixin.py:109} INFO - [2025-01-14 15:15:57,296] {dag.py:2396} INFO - Sync 1 DAGs
[2025-01-14 15:15:57,314] {logging_mixin.py:109} INFO - [2025-01-14 15:15:57,314] {dag.py:2935} INFO - Setting next_dagrun for ingest_data_bigquery_gt to 2022-01-02 06:00:00+00:00
[2025-01-14 15:15:57,326] {processor.py:171} INFO - Processing /opt/airflow/dags/data_ingestion_gcs_gt_dag_2022.py took 1.162 seconds
[2025-01-14 15:16:00,199] {processor.py:163} INFO - Started process (PID=1285) to work on /opt/airflow/dags/data_ingestion_gcs_gt_dag_2022.py
[2025-01-14 15:16:00,201] {processor.py:642} INFO - Processing file /opt/airflow/dags/data_ingestion_gcs_gt_dag_2022.py for tasks to queue
[2025-01-14 15:16:00,202] {logging_mixin.py:109} INFO - [2025-01-14 15:16:00,201] {dagbag.py:500} INFO - Filling up the DagBag from /opt/airflow/dags/data_ingestion_gcs_gt_dag_2022.py
[2025-01-14 15:16:01,180] {processor.py:654} INFO - DAG(s) dict_keys(['ingest_data_bigquery_gt']) retrieved from /opt/airflow/dags/data_ingestion_gcs_gt_dag_2022.py
[2025-01-14 15:16:01,186] {logging_mixin.py:109} INFO - [2025-01-14 15:16:01,185] {dag.py:2396} INFO - Sync 1 DAGs
[2025-01-14 15:16:01,207] {logging_mixin.py:109} INFO - [2025-01-14 15:16:01,207] {dag.py:2935} INFO - Setting next_dagrun for ingest_data_bigquery_gt to 2022-01-02 06:00:00+00:00
[2025-01-14 15:16:01,220] {processor.py:171} INFO - Processing /opt/airflow/dags/data_ingestion_gcs_gt_dag_2022.py took 1.025 seconds
[2025-01-14 15:16:31,469] {processor.py:163} INFO - Started process (PID=1345) to work on /opt/airflow/dags/data_ingestion_gcs_gt_dag_2022.py
[2025-01-14 15:16:31,471] {processor.py:642} INFO - Processing file /opt/airflow/dags/data_ingestion_gcs_gt_dag_2022.py for tasks to queue
[2025-01-14 15:16:31,472] {logging_mixin.py:109} INFO - [2025-01-14 15:16:31,472] {dagbag.py:500} INFO - Filling up the DagBag from /opt/airflow/dags/data_ingestion_gcs_gt_dag_2022.py
[2025-01-14 15:16:32,412] {processor.py:654} INFO - DAG(s) dict_keys(['ingest_data_bigquery_gt']) retrieved from /opt/airflow/dags/data_ingestion_gcs_gt_dag_2022.py
[2025-01-14 15:16:32,424] {logging_mixin.py:109} INFO - [2025-01-14 15:16:32,423] {dag.py:2396} INFO - Sync 1 DAGs
[2025-01-14 15:16:32,442] {logging_mixin.py:109} INFO - [2025-01-14 15:16:32,442] {dag.py:2935} INFO - Setting next_dagrun for ingest_data_bigquery_gt to 2022-01-02 06:00:00+00:00
[2025-01-14 15:16:32,455] {processor.py:171} INFO - Processing /opt/airflow/dags/data_ingestion_gcs_gt_dag_2022.py took 0.990 seconds
[2025-01-14 15:17:02,648] {processor.py:163} INFO - Started process (PID=1395) to work on /opt/airflow/dags/data_ingestion_gcs_gt_dag_2022.py
[2025-01-14 15:17:02,650] {processor.py:642} INFO - Processing file /opt/airflow/dags/data_ingestion_gcs_gt_dag_2022.py for tasks to queue
[2025-01-14 15:17:02,651] {logging_mixin.py:109} INFO - [2025-01-14 15:17:02,651] {dagbag.py:500} INFO - Filling up the DagBag from /opt/airflow/dags/data_ingestion_gcs_gt_dag_2022.py
[2025-01-14 15:17:03,526] {processor.py:654} INFO - DAG(s) dict_keys(['ingest_data_bigquery_gt']) retrieved from /opt/airflow/dags/data_ingestion_gcs_gt_dag_2022.py
[2025-01-14 15:17:03,534] {logging_mixin.py:109} INFO - [2025-01-14 15:17:03,532] {dag.py:2396} INFO - Sync 1 DAGs
[2025-01-14 15:17:03,555] {logging_mixin.py:109} INFO - [2025-01-14 15:17:03,555] {dag.py:2935} INFO - Setting next_dagrun for ingest_data_bigquery_gt to 2022-01-02 06:00:00+00:00
[2025-01-14 15:17:03,565] {processor.py:171} INFO - Processing /opt/airflow/dags/data_ingestion_gcs_gt_dag_2022.py took 0.922 seconds
[2025-01-14 15:17:33,849] {processor.py:163} INFO - Started process (PID=1455) to work on /opt/airflow/dags/data_ingestion_gcs_gt_dag_2022.py
[2025-01-14 15:17:33,851] {processor.py:642} INFO - Processing file /opt/airflow/dags/data_ingestion_gcs_gt_dag_2022.py for tasks to queue
[2025-01-14 15:17:33,852] {logging_mixin.py:109} INFO - [2025-01-14 15:17:33,852] {dagbag.py:500} INFO - Filling up the DagBag from /opt/airflow/dags/data_ingestion_gcs_gt_dag_2022.py
[2025-01-14 15:17:34,803] {processor.py:654} INFO - DAG(s) dict_keys(['ingest_data_bigquery_gt']) retrieved from /opt/airflow/dags/data_ingestion_gcs_gt_dag_2022.py
[2025-01-14 15:17:35,024] {logging_mixin.py:109} INFO - [2025-01-14 15:17:35,023] {dag.py:2396} INFO - Sync 1 DAGs
[2025-01-14 15:17:35,045] {logging_mixin.py:109} INFO - [2025-01-14 15:17:35,044] {dag.py:2935} INFO - Setting next_dagrun for ingest_data_bigquery_gt to 2022-01-02 06:00:00+00:00
[2025-01-14 15:17:35,058] {processor.py:171} INFO - Processing /opt/airflow/dags/data_ingestion_gcs_gt_dag_2022.py took 1.214 seconds
[2025-01-14 15:18:05,154] {processor.py:163} INFO - Started process (PID=1505) to work on /opt/airflow/dags/data_ingestion_gcs_gt_dag_2022.py
[2025-01-14 15:18:05,158] {processor.py:642} INFO - Processing file /opt/airflow/dags/data_ingestion_gcs_gt_dag_2022.py for tasks to queue
[2025-01-14 15:18:05,160] {logging_mixin.py:109} INFO - [2025-01-14 15:18:05,159] {dagbag.py:500} INFO - Filling up the DagBag from /opt/airflow/dags/data_ingestion_gcs_gt_dag_2022.py
[2025-01-14 15:18:06,036] {processor.py:654} INFO - DAG(s) dict_keys(['ingest_data_bigquery_gt']) retrieved from /opt/airflow/dags/data_ingestion_gcs_gt_dag_2022.py
[2025-01-14 15:18:06,053] {logging_mixin.py:109} INFO - [2025-01-14 15:18:06,052] {dag.py:2396} INFO - Sync 1 DAGs
[2025-01-14 15:18:06,084] {logging_mixin.py:109} INFO - [2025-01-14 15:18:06,084] {dag.py:2935} INFO - Setting next_dagrun for ingest_data_bigquery_gt to 2022-01-02 06:00:00+00:00
[2025-01-14 15:18:06,096] {processor.py:171} INFO - Processing /opt/airflow/dags/data_ingestion_gcs_gt_dag_2022.py took 0.948 seconds
[2025-01-14 15:18:37,106] {processor.py:163} INFO - Started process (PID=1565) to work on /opt/airflow/dags/data_ingestion_gcs_gt_dag_2022.py
[2025-01-14 15:18:37,107] {processor.py:642} INFO - Processing file /opt/airflow/dags/data_ingestion_gcs_gt_dag_2022.py for tasks to queue
[2025-01-14 15:18:37,108] {logging_mixin.py:109} INFO - [2025-01-14 15:18:37,108] {dagbag.py:500} INFO - Filling up the DagBag from /opt/airflow/dags/data_ingestion_gcs_gt_dag_2022.py
[2025-01-14 15:18:38,059] {processor.py:654} INFO - DAG(s) dict_keys(['ingest_data_bigquery_gt']) retrieved from /opt/airflow/dags/data_ingestion_gcs_gt_dag_2022.py
[2025-01-14 15:18:38,064] {logging_mixin.py:109} INFO - [2025-01-14 15:18:38,062] {dag.py:2396} INFO - Sync 1 DAGs
[2025-01-14 15:18:38,084] {logging_mixin.py:109} INFO - [2025-01-14 15:18:38,084] {dag.py:2935} INFO - Setting next_dagrun for ingest_data_bigquery_gt to 2022-01-02 06:00:00+00:00
[2025-01-14 15:18:38,094] {processor.py:171} INFO - Processing /opt/airflow/dags/data_ingestion_gcs_gt_dag_2022.py took 0.992 seconds
[2025-01-14 15:19:08,294] {processor.py:163} INFO - Started process (PID=1615) to work on /opt/airflow/dags/data_ingestion_gcs_gt_dag_2022.py
[2025-01-14 15:19:08,296] {processor.py:642} INFO - Processing file /opt/airflow/dags/data_ingestion_gcs_gt_dag_2022.py for tasks to queue
[2025-01-14 15:19:08,297] {logging_mixin.py:109} INFO - [2025-01-14 15:19:08,297] {dagbag.py:500} INFO - Filling up the DagBag from /opt/airflow/dags/data_ingestion_gcs_gt_dag_2022.py
[2025-01-14 15:19:09,166] {processor.py:654} INFO - DAG(s) dict_keys(['ingest_data_bigquery_gt']) retrieved from /opt/airflow/dags/data_ingestion_gcs_gt_dag_2022.py
[2025-01-14 15:19:09,447] {logging_mixin.py:109} INFO - [2025-01-14 15:19:09,446] {dag.py:2396} INFO - Sync 1 DAGs
[2025-01-14 15:19:09,467] {logging_mixin.py:109} INFO - [2025-01-14 15:19:09,467] {dag.py:2935} INFO - Setting next_dagrun for ingest_data_bigquery_gt to 2022-01-02 06:00:00+00:00
[2025-01-14 15:19:09,479] {processor.py:171} INFO - Processing /opt/airflow/dags/data_ingestion_gcs_gt_dag_2022.py took 1.189 seconds
[2025-01-14 15:19:40,351] {processor.py:163} INFO - Started process (PID=1674) to work on /opt/airflow/dags/data_ingestion_gcs_gt_dag_2022.py
[2025-01-14 15:19:40,353] {processor.py:642} INFO - Processing file /opt/airflow/dags/data_ingestion_gcs_gt_dag_2022.py for tasks to queue
[2025-01-14 15:19:40,354] {logging_mixin.py:109} INFO - [2025-01-14 15:19:40,354] {dagbag.py:500} INFO - Filling up the DagBag from /opt/airflow/dags/data_ingestion_gcs_gt_dag_2022.py
[2025-01-14 15:19:41,673] {processor.py:654} INFO - DAG(s) dict_keys(['ingest_data_bigquery_gt']) retrieved from /opt/airflow/dags/data_ingestion_gcs_gt_dag_2022.py
[2025-01-14 15:19:41,693] {logging_mixin.py:109} INFO - [2025-01-14 15:19:41,691] {dag.py:2396} INFO - Sync 1 DAGs
[2025-01-14 15:19:41,721] {logging_mixin.py:109} INFO - [2025-01-14 15:19:41,721] {dag.py:2935} INFO - Setting next_dagrun for ingest_data_bigquery_gt to 2022-01-02 06:00:00+00:00
[2025-01-14 15:19:41,738] {processor.py:171} INFO - Processing /opt/airflow/dags/data_ingestion_gcs_gt_dag_2022.py took 1.392 seconds
[2025-01-14 15:19:58,195] {processor.py:163} INFO - Started process (PID=1705) to work on /opt/airflow/dags/data_ingestion_gcs_gt_dag_2022.py
[2025-01-14 15:19:58,198] {processor.py:642} INFO - Processing file /opt/airflow/dags/data_ingestion_gcs_gt_dag_2022.py for tasks to queue
[2025-01-14 15:19:58,199] {logging_mixin.py:109} INFO - [2025-01-14 15:19:58,199] {dagbag.py:500} INFO - Filling up the DagBag from /opt/airflow/dags/data_ingestion_gcs_gt_dag_2022.py
[2025-01-14 15:19:59,609] {processor.py:690} INFO - Deactivated 1 DAGs which are no longer present in /opt/airflow/dags/data_ingestion_gcs_gt_dag_2022.py
[2025-01-14 15:19:59,610] {processor.py:654} INFO - DAG(s) dict_keys(['ingest_data_bigquery_gt_2022']) retrieved from /opt/airflow/dags/data_ingestion_gcs_gt_dag_2022.py
[2025-01-14 15:20:03,084] {logging_mixin.py:109} INFO - [2025-01-14 15:20:03,084] {manager.py:496} INFO - Created Permission View: can read on DAG:ingest_data_bigquery_gt_2022
[2025-01-14 15:20:03,093] {logging_mixin.py:109} INFO - [2025-01-14 15:20:03,093] {manager.py:496} INFO - Created Permission View: can edit on DAG:ingest_data_bigquery_gt_2022
[2025-01-14 15:20:03,095] {logging_mixin.py:109} INFO - [2025-01-14 15:20:03,094] {dag.py:2396} INFO - Sync 1 DAGs
[2025-01-14 15:20:03,106] {logging_mixin.py:109} INFO - [2025-01-14 15:20:03,105] {dag.py:2415} INFO - Creating ORM DAG for ingest_data_bigquery_gt_2022
[2025-01-14 15:20:03,116] {logging_mixin.py:109} INFO - [2025-01-14 15:20:03,116] {dag.py:2935} INFO - Setting next_dagrun for ingest_data_bigquery_gt_2022 to 2022-01-02 06:00:00+00:00
[2025-01-14 15:20:03,133] {processor.py:171} INFO - Processing /opt/airflow/dags/data_ingestion_gcs_gt_dag_2022.py took 4.944 seconds
[2025-01-14 15:20:33,402] {processor.py:163} INFO - Started process (PID=1765) to work on /opt/airflow/dags/data_ingestion_gcs_gt_dag_2022.py
[2025-01-14 15:20:33,404] {processor.py:642} INFO - Processing file /opt/airflow/dags/data_ingestion_gcs_gt_dag_2022.py for tasks to queue
[2025-01-14 15:20:33,405] {logging_mixin.py:109} INFO - [2025-01-14 15:20:33,405] {dagbag.py:500} INFO - Filling up the DagBag from /opt/airflow/dags/data_ingestion_gcs_gt_dag_2022.py
[2025-01-14 15:20:34,319] {processor.py:654} INFO - DAG(s) dict_keys(['ingest_data_bigquery_gt_2022']) retrieved from /opt/airflow/dags/data_ingestion_gcs_gt_dag_2022.py
[2025-01-14 15:20:34,340] {logging_mixin.py:109} INFO - [2025-01-14 15:20:34,338] {dag.py:2396} INFO - Sync 1 DAGs
[2025-01-14 15:20:34,364] {logging_mixin.py:109} INFO - [2025-01-14 15:20:34,364] {dag.py:2935} INFO - Setting next_dagrun for ingest_data_bigquery_gt_2022 to 2022-01-02 06:00:00+00:00
[2025-01-14 15:20:34,375] {processor.py:171} INFO - Processing /opt/airflow/dags/data_ingestion_gcs_gt_dag_2022.py took 0.977 seconds
[2025-01-14 15:21:04,637] {processor.py:163} INFO - Started process (PID=1820) to work on /opt/airflow/dags/data_ingestion_gcs_gt_dag_2022.py
[2025-01-14 15:21:04,639] {processor.py:642} INFO - Processing file /opt/airflow/dags/data_ingestion_gcs_gt_dag_2022.py for tasks to queue
[2025-01-14 15:21:04,640] {logging_mixin.py:109} INFO - [2025-01-14 15:21:04,640] {dagbag.py:500} INFO - Filling up the DagBag from /opt/airflow/dags/data_ingestion_gcs_gt_dag_2022.py
[2025-01-14 15:21:06,012] {processor.py:654} INFO - DAG(s) dict_keys(['ingest_data_bigquery_gt_2022']) retrieved from /opt/airflow/dags/data_ingestion_gcs_gt_dag_2022.py
[2025-01-14 15:21:06,031] {logging_mixin.py:109} INFO - [2025-01-14 15:21:06,029] {dag.py:2396} INFO - Sync 1 DAGs
[2025-01-14 15:21:06,058] {logging_mixin.py:109} INFO - [2025-01-14 15:21:06,058] {dag.py:2935} INFO - Setting next_dagrun for ingest_data_bigquery_gt_2022 to 2022-01-02 06:00:00+00:00
[2025-01-14 15:21:06,074] {processor.py:171} INFO - Processing /opt/airflow/dags/data_ingestion_gcs_gt_dag_2022.py took 1.444 seconds
[2025-01-14 15:21:36,422] {processor.py:163} INFO - Started process (PID=1878) to work on /opt/airflow/dags/data_ingestion_gcs_gt_dag_2022.py
[2025-01-14 15:21:36,425] {processor.py:642} INFO - Processing file /opt/airflow/dags/data_ingestion_gcs_gt_dag_2022.py for tasks to queue
[2025-01-14 15:21:36,426] {logging_mixin.py:109} INFO - [2025-01-14 15:21:36,426] {dagbag.py:500} INFO - Filling up the DagBag from /opt/airflow/dags/data_ingestion_gcs_gt_dag_2022.py
[2025-01-14 15:21:37,407] {processor.py:654} INFO - DAG(s) dict_keys(['ingest_data_bigquery_gt_2022']) retrieved from /opt/airflow/dags/data_ingestion_gcs_gt_dag_2022.py
[2025-01-14 15:21:37,425] {logging_mixin.py:109} INFO - [2025-01-14 15:21:37,424] {dag.py:2396} INFO - Sync 1 DAGs
[2025-01-14 15:21:37,452] {logging_mixin.py:109} INFO - [2025-01-14 15:21:37,452] {dag.py:2935} INFO - Setting next_dagrun for ingest_data_bigquery_gt_2022 to 2022-01-02 06:00:00+00:00
[2025-01-14 15:21:37,465] {processor.py:171} INFO - Processing /opt/airflow/dags/data_ingestion_gcs_gt_dag_2022.py took 1.051 seconds
[2025-01-14 15:21:49,939] {processor.py:163} INFO - Started process (PID=1914) to work on /opt/airflow/dags/data_ingestion_gcs_gt_dag_2022.py
[2025-01-14 15:21:49,941] {processor.py:642} INFO - Processing file /opt/airflow/dags/data_ingestion_gcs_gt_dag_2022.py for tasks to queue
[2025-01-14 15:21:49,942] {logging_mixin.py:109} INFO - [2025-01-14 15:21:49,942] {dagbag.py:500} INFO - Filling up the DagBag from /opt/airflow/dags/data_ingestion_gcs_gt_dag_2022.py
[2025-01-14 15:21:51,086] {processor.py:654} INFO - DAG(s) dict_keys(['ingest_data_bigquery_gt_2022']) retrieved from /opt/airflow/dags/data_ingestion_gcs_gt_dag_2022.py
[2025-01-14 15:21:51,313] {logging_mixin.py:109} INFO - [2025-01-14 15:21:51,312] {dag.py:2396} INFO - Sync 1 DAGs
[2025-01-14 15:21:51,331] {logging_mixin.py:109} INFO - [2025-01-14 15:21:51,331] {dag.py:2935} INFO - Setting next_dagrun for ingest_data_bigquery_gt_2022 to 2022-01-02 06:00:00+00:00
[2025-01-14 15:21:51,344] {processor.py:171} INFO - Processing /opt/airflow/dags/data_ingestion_gcs_gt_dag_2022.py took 1.410 seconds
[2025-01-14 15:22:21,485] {processor.py:163} INFO - Started process (PID=1964) to work on /opt/airflow/dags/data_ingestion_gcs_gt_dag_2022.py
[2025-01-14 15:22:21,487] {processor.py:642} INFO - Processing file /opt/airflow/dags/data_ingestion_gcs_gt_dag_2022.py for tasks to queue
[2025-01-14 15:22:21,488] {logging_mixin.py:109} INFO - [2025-01-14 15:22:21,488] {dagbag.py:500} INFO - Filling up the DagBag from /opt/airflow/dags/data_ingestion_gcs_gt_dag_2022.py
[2025-01-14 15:22:22,364] {processor.py:654} INFO - DAG(s) dict_keys(['ingest_data_bigquery_gt_2022']) retrieved from /opt/airflow/dags/data_ingestion_gcs_gt_dag_2022.py
[2025-01-14 15:22:22,377] {logging_mixin.py:109} INFO - [2025-01-14 15:22:22,375] {dag.py:2396} INFO - Sync 1 DAGs
[2025-01-14 15:22:22,396] {logging_mixin.py:109} INFO - [2025-01-14 15:22:22,396] {dag.py:2935} INFO - Setting next_dagrun for ingest_data_bigquery_gt_2022 to 2022-01-02 06:00:00+00:00
[2025-01-14 15:22:22,405] {processor.py:171} INFO - Processing /opt/airflow/dags/data_ingestion_gcs_gt_dag_2022.py took 0.925 seconds
[2025-01-14 15:22:25,440] {processor.py:163} INFO - Started process (PID=1969) to work on /opt/airflow/dags/data_ingestion_gcs_gt_dag_2022.py
[2025-01-14 15:22:25,443] {processor.py:642} INFO - Processing file /opt/airflow/dags/data_ingestion_gcs_gt_dag_2022.py for tasks to queue
[2025-01-14 15:22:25,444] {logging_mixin.py:109} INFO - [2025-01-14 15:22:25,443] {dagbag.py:500} INFO - Filling up the DagBag from /opt/airflow/dags/data_ingestion_gcs_gt_dag_2022.py
[2025-01-14 15:22:26,754] {processor.py:654} INFO - DAG(s) dict_keys(['ingest_data_bigquery_gt_2022']) retrieved from /opt/airflow/dags/data_ingestion_gcs_gt_dag_2022.py
[2025-01-14 15:22:27,066] {logging_mixin.py:109} INFO - [2025-01-14 15:22:27,063] {dag.py:2396} INFO - Sync 1 DAGs
[2025-01-14 15:22:27,101] {logging_mixin.py:109} INFO - [2025-01-14 15:22:27,101] {dag.py:2935} INFO - Setting next_dagrun for ingest_data_bigquery_gt_2022 to 2022-01-02 06:00:00+00:00
[2025-01-14 15:22:27,117] {processor.py:171} INFO - Processing /opt/airflow/dags/data_ingestion_gcs_gt_dag_2022.py took 1.682 seconds
[2025-01-14 15:22:57,920] {processor.py:163} INFO - Started process (PID=2030) to work on /opt/airflow/dags/data_ingestion_gcs_gt_dag_2022.py
[2025-01-14 15:22:57,923] {processor.py:642} INFO - Processing file /opt/airflow/dags/data_ingestion_gcs_gt_dag_2022.py for tasks to queue
[2025-01-14 15:22:57,924] {logging_mixin.py:109} INFO - [2025-01-14 15:22:57,924] {dagbag.py:500} INFO - Filling up the DagBag from /opt/airflow/dags/data_ingestion_gcs_gt_dag_2022.py
[2025-01-14 15:22:58,918] {processor.py:654} INFO - DAG(s) dict_keys(['ingest_data_bigquery_gt_2022']) retrieved from /opt/airflow/dags/data_ingestion_gcs_gt_dag_2022.py
[2025-01-14 15:22:58,931] {logging_mixin.py:109} INFO - [2025-01-14 15:22:58,930] {dag.py:2396} INFO - Sync 1 DAGs
[2025-01-14 15:22:58,952] {logging_mixin.py:109} INFO - [2025-01-14 15:22:58,952] {dag.py:2935} INFO - Setting next_dagrun for ingest_data_bigquery_gt_2022 to 2022-01-02 06:00:00+00:00
[2025-01-14 15:22:58,961] {processor.py:171} INFO - Processing /opt/airflow/dags/data_ingestion_gcs_gt_dag_2022.py took 1.045 seconds
[2025-01-14 15:23:23,126] {processor.py:163} INFO - Started process (PID=2070) to work on /opt/airflow/dags/data_ingestion_gcs_gt_dag_2022.py
[2025-01-14 15:23:23,129] {processor.py:642} INFO - Processing file /opt/airflow/dags/data_ingestion_gcs_gt_dag_2022.py for tasks to queue
[2025-01-14 15:23:23,130] {logging_mixin.py:109} INFO - [2025-01-14 15:23:23,130] {dagbag.py:500} INFO - Filling up the DagBag from /opt/airflow/dags/data_ingestion_gcs_gt_dag_2022.py
[2025-01-14 15:23:24,066] {processor.py:654} INFO - DAG(s) dict_keys(['ingest_data_bigquery_gt_2022']) retrieved from /opt/airflow/dags/data_ingestion_gcs_gt_dag_2022.py
[2025-01-14 15:23:24,313] {logging_mixin.py:109} INFO - [2025-01-14 15:23:24,312] {dag.py:2396} INFO - Sync 1 DAGs
[2025-01-14 15:23:24,332] {logging_mixin.py:109} INFO - [2025-01-14 15:23:24,332] {dag.py:2935} INFO - Setting next_dagrun for ingest_data_bigquery_gt_2022 to 2022-01-02 06:00:00+00:00
[2025-01-14 15:23:24,346] {processor.py:171} INFO - Processing /opt/airflow/dags/data_ingestion_gcs_gt_dag_2022.py took 1.224 seconds
[2025-01-14 15:23:54,462] {processor.py:163} INFO - Started process (PID=2120) to work on /opt/airflow/dags/data_ingestion_gcs_gt_dag_2022.py
[2025-01-14 15:23:54,464] {processor.py:642} INFO - Processing file /opt/airflow/dags/data_ingestion_gcs_gt_dag_2022.py for tasks to queue
[2025-01-14 15:23:54,464] {logging_mixin.py:109} INFO - [2025-01-14 15:23:54,464] {dagbag.py:500} INFO - Filling up the DagBag from /opt/airflow/dags/data_ingestion_gcs_gt_dag_2022.py
[2025-01-14 15:23:55,536] {processor.py:654} INFO - DAG(s) dict_keys(['ingest_data_bigquery_gt_2022']) retrieved from /opt/airflow/dags/data_ingestion_gcs_gt_dag_2022.py
[2025-01-14 15:23:55,554] {logging_mixin.py:109} INFO - [2025-01-14 15:23:55,552] {dag.py:2396} INFO - Sync 1 DAGs
[2025-01-14 15:23:55,583] {logging_mixin.py:109} INFO - [2025-01-14 15:23:55,583] {dag.py:2935} INFO - Setting next_dagrun for ingest_data_bigquery_gt_2022 to 2022-01-02 06:00:00+00:00
[2025-01-14 15:23:55,594] {processor.py:171} INFO - Processing /opt/airflow/dags/data_ingestion_gcs_gt_dag_2022.py took 1.137 seconds
[2025-01-14 15:24:25,757] {processor.py:163} INFO - Started process (PID=2180) to work on /opt/airflow/dags/data_ingestion_gcs_gt_dag_2022.py
[2025-01-14 15:24:25,760] {processor.py:642} INFO - Processing file /opt/airflow/dags/data_ingestion_gcs_gt_dag_2022.py for tasks to queue
[2025-01-14 15:24:25,761] {logging_mixin.py:109} INFO - [2025-01-14 15:24:25,761] {dagbag.py:500} INFO - Filling up the DagBag from /opt/airflow/dags/data_ingestion_gcs_gt_dag_2022.py
[2025-01-14 15:24:26,845] {processor.py:654} INFO - DAG(s) dict_keys(['ingest_data_bigquery_gt_2022']) retrieved from /opt/airflow/dags/data_ingestion_gcs_gt_dag_2022.py
[2025-01-14 15:24:26,862] {logging_mixin.py:109} INFO - [2025-01-14 15:24:26,861] {dag.py:2396} INFO - Sync 1 DAGs
[2025-01-14 15:24:26,891] {logging_mixin.py:109} INFO - [2025-01-14 15:24:26,891] {dag.py:2935} INFO - Setting next_dagrun for ingest_data_bigquery_gt_2022 to 2022-01-02 06:00:00+00:00
[2025-01-14 15:24:26,903] {processor.py:171} INFO - Processing /opt/airflow/dags/data_ingestion_gcs_gt_dag_2022.py took 1.151 seconds
[2025-01-14 15:24:35,015] {processor.py:163} INFO - Started process (PID=2200) to work on /opt/airflow/dags/data_ingestion_gcs_gt_dag_2022.py
[2025-01-14 15:24:35,018] {processor.py:642} INFO - Processing file /opt/airflow/dags/data_ingestion_gcs_gt_dag_2022.py for tasks to queue
[2025-01-14 15:24:35,019] {logging_mixin.py:109} INFO - [2025-01-14 15:24:35,019] {dagbag.py:500} INFO - Filling up the DagBag from /opt/airflow/dags/data_ingestion_gcs_gt_dag_2022.py
[2025-01-14 15:24:35,954] {processor.py:654} INFO - DAG(s) dict_keys(['ingest_data_bigquery_gt_2022']) retrieved from /opt/airflow/dags/data_ingestion_gcs_gt_dag_2022.py
[2025-01-14 15:24:36,177] {logging_mixin.py:109} INFO - [2025-01-14 15:24:36,175] {dag.py:2396} INFO - Sync 1 DAGs
[2025-01-14 15:24:36,196] {logging_mixin.py:109} INFO - [2025-01-14 15:24:36,196] {dag.py:2935} INFO - Setting next_dagrun for ingest_data_bigquery_gt_2022 to 2022-01-02 06:00:00+00:00
[2025-01-14 15:24:36,211] {processor.py:171} INFO - Processing /opt/airflow/dags/data_ingestion_gcs_gt_dag_2022.py took 1.200 seconds
[2025-01-14 15:24:44,055] {processor.py:163} INFO - Started process (PID=2215) to work on /opt/airflow/dags/data_ingestion_gcs_gt_dag_2022.py
[2025-01-14 15:24:44,057] {processor.py:642} INFO - Processing file /opt/airflow/dags/data_ingestion_gcs_gt_dag_2022.py for tasks to queue
[2025-01-14 15:24:44,058] {logging_mixin.py:109} INFO - [2025-01-14 15:24:44,058] {dagbag.py:500} INFO - Filling up the DagBag from /opt/airflow/dags/data_ingestion_gcs_gt_dag_2022.py
[2025-01-14 15:24:45,055] {processor.py:654} INFO - DAG(s) dict_keys(['ingest_data_bigquery_gt_2022']) retrieved from /opt/airflow/dags/data_ingestion_gcs_gt_dag_2022.py
[2025-01-14 15:24:45,060] {logging_mixin.py:109} INFO - [2025-01-14 15:24:45,059] {dag.py:2396} INFO - Sync 1 DAGs
[2025-01-14 15:24:45,078] {logging_mixin.py:109} INFO - [2025-01-14 15:24:45,078] {dag.py:2935} INFO - Setting next_dagrun for ingest_data_bigquery_gt_2022 to 2022-01-02 06:00:00+00:00
[2025-01-14 15:24:45,089] {processor.py:171} INFO - Processing /opt/airflow/dags/data_ingestion_gcs_gt_dag_2022.py took 1.038 seconds
[2025-01-14 15:25:15,189] {processor.py:163} INFO - Started process (PID=2265) to work on /opt/airflow/dags/data_ingestion_gcs_gt_dag_2022.py
[2025-01-14 15:25:15,194] {processor.py:642} INFO - Processing file /opt/airflow/dags/data_ingestion_gcs_gt_dag_2022.py for tasks to queue
[2025-01-14 15:25:15,195] {logging_mixin.py:109} INFO - [2025-01-14 15:25:15,195] {dagbag.py:500} INFO - Filling up the DagBag from /opt/airflow/dags/data_ingestion_gcs_gt_dag_2022.py
[2025-01-14 15:25:16,123] {processor.py:654} INFO - DAG(s) dict_keys(['ingest_data_bigquery_gt_2022']) retrieved from /opt/airflow/dags/data_ingestion_gcs_gt_dag_2022.py
[2025-01-14 15:25:16,137] {logging_mixin.py:109} INFO - [2025-01-14 15:25:16,136] {dag.py:2396} INFO - Sync 1 DAGs
[2025-01-14 15:25:16,157] {logging_mixin.py:109} INFO - [2025-01-14 15:25:16,156] {dag.py:2935} INFO - Setting next_dagrun for ingest_data_bigquery_gt_2022 to 2022-01-02 06:00:00+00:00
[2025-01-14 15:25:16,166] {processor.py:171} INFO - Processing /opt/airflow/dags/data_ingestion_gcs_gt_dag_2022.py took 0.983 seconds
[2025-01-14 15:25:46,606] {processor.py:163} INFO - Started process (PID=2326) to work on /opt/airflow/dags/data_ingestion_gcs_gt_dag_2022.py
[2025-01-14 15:25:46,608] {processor.py:642} INFO - Processing file /opt/airflow/dags/data_ingestion_gcs_gt_dag_2022.py for tasks to queue
[2025-01-14 15:25:46,609] {logging_mixin.py:109} INFO - [2025-01-14 15:25:46,609] {dagbag.py:500} INFO - Filling up the DagBag from /opt/airflow/dags/data_ingestion_gcs_gt_dag_2022.py
[2025-01-14 15:25:47,496] {processor.py:654} INFO - DAG(s) dict_keys(['ingest_data_bigquery_gt_2022']) retrieved from /opt/airflow/dags/data_ingestion_gcs_gt_dag_2022.py
[2025-01-14 15:25:47,508] {logging_mixin.py:109} INFO - [2025-01-14 15:25:47,507] {dag.py:2396} INFO - Sync 1 DAGs
[2025-01-14 15:25:47,527] {logging_mixin.py:109} INFO - [2025-01-14 15:25:47,527] {dag.py:2935} INFO - Setting next_dagrun for ingest_data_bigquery_gt_2022 to 2022-01-02 06:00:00+00:00
[2025-01-14 15:25:47,536] {processor.py:171} INFO - Processing /opt/airflow/dags/data_ingestion_gcs_gt_dag_2022.py took 0.935 seconds
[2025-01-14 15:26:17,980] {processor.py:163} INFO - Started process (PID=2376) to work on /opt/airflow/dags/data_ingestion_gcs_gt_dag_2022.py
[2025-01-14 15:26:17,981] {processor.py:642} INFO - Processing file /opt/airflow/dags/data_ingestion_gcs_gt_dag_2022.py for tasks to queue
[2025-01-14 15:26:17,982] {logging_mixin.py:109} INFO - [2025-01-14 15:26:17,982] {dagbag.py:500} INFO - Filling up the DagBag from /opt/airflow/dags/data_ingestion_gcs_gt_dag_2022.py
[2025-01-14 15:26:18,868] {processor.py:654} INFO - DAG(s) dict_keys(['ingest_data_bigquery_gt_2022']) retrieved from /opt/airflow/dags/data_ingestion_gcs_gt_dag_2022.py
[2025-01-14 15:26:18,880] {logging_mixin.py:109} INFO - [2025-01-14 15:26:18,879] {dag.py:2396} INFO - Sync 1 DAGs
[2025-01-14 15:26:18,899] {logging_mixin.py:109} INFO - [2025-01-14 15:26:18,899] {dag.py:2935} INFO - Setting next_dagrun for ingest_data_bigquery_gt_2022 to 2022-01-02 06:00:00+00:00
[2025-01-14 15:26:18,910] {processor.py:171} INFO - Processing /opt/airflow/dags/data_ingestion_gcs_gt_dag_2022.py took 0.935 seconds
[2025-01-14 15:26:34,112] {processor.py:163} INFO - Started process (PID=2421) to work on /opt/airflow/dags/data_ingestion_gcs_gt_dag_2022.py
[2025-01-14 15:26:34,118] {processor.py:642} INFO - Processing file /opt/airflow/dags/data_ingestion_gcs_gt_dag_2022.py for tasks to queue
[2025-01-14 15:26:34,119] {logging_mixin.py:109} INFO - [2025-01-14 15:26:34,119] {dagbag.py:500} INFO - Filling up the DagBag from /opt/airflow/dags/data_ingestion_gcs_gt_dag_2022.py
[2025-01-14 15:26:35,482] {processor.py:654} INFO - DAG(s) dict_keys(['ingest_data_bigquery_gt_2022']) retrieved from /opt/airflow/dags/data_ingestion_gcs_gt_dag_2022.py
[2025-01-14 15:26:35,844] {logging_mixin.py:109} INFO - [2025-01-14 15:26:35,842] {dag.py:2396} INFO - Sync 1 DAGs
[2025-01-14 15:26:35,871] {logging_mixin.py:109} INFO - [2025-01-14 15:26:35,871] {dag.py:2935} INFO - Setting next_dagrun for ingest_data_bigquery_gt_2022 to 2022-01-02 06:00:00+00:00
[2025-01-14 15:26:35,888] {processor.py:171} INFO - Processing /opt/airflow/dags/data_ingestion_gcs_gt_dag_2022.py took 1.789 seconds
[2025-01-14 15:26:53,455] {processor.py:163} INFO - Started process (PID=2441) to work on /opt/airflow/dags/data_ingestion_gcs_gt_dag_2022.py
[2025-01-14 15:26:53,457] {processor.py:642} INFO - Processing file /opt/airflow/dags/data_ingestion_gcs_gt_dag_2022.py for tasks to queue
[2025-01-14 15:26:53,458] {logging_mixin.py:109} INFO - [2025-01-14 15:26:53,458] {dagbag.py:500} INFO - Filling up the DagBag from /opt/airflow/dags/data_ingestion_gcs_gt_dag_2022.py
[2025-01-14 15:26:54,367] {processor.py:654} INFO - DAG(s) dict_keys(['ingest_data_bigquery_gt_2022']) retrieved from /opt/airflow/dags/data_ingestion_gcs_gt_dag_2022.py
[2025-01-14 15:26:54,372] {logging_mixin.py:109} INFO - [2025-01-14 15:26:54,371] {dag.py:2396} INFO - Sync 1 DAGs
[2025-01-14 15:26:54,391] {logging_mixin.py:109} INFO - [2025-01-14 15:26:54,391] {dag.py:2935} INFO - Setting next_dagrun for ingest_data_bigquery_gt_2022 to 2022-01-02 06:00:00+00:00
[2025-01-14 15:26:54,402] {processor.py:171} INFO - Processing /opt/airflow/dags/data_ingestion_gcs_gt_dag_2022.py took 0.951 seconds
[2025-01-14 15:27:24,519] {processor.py:163} INFO - Started process (PID=2499) to work on /opt/airflow/dags/data_ingestion_gcs_gt_dag_2022.py
[2025-01-14 15:27:24,530] {processor.py:642} INFO - Processing file /opt/airflow/dags/data_ingestion_gcs_gt_dag_2022.py for tasks to queue
[2025-01-14 15:27:24,532] {logging_mixin.py:109} INFO - [2025-01-14 15:27:24,531] {dagbag.py:500} INFO - Filling up the DagBag from /opt/airflow/dags/data_ingestion_gcs_gt_dag_2022.py
[2025-01-14 15:27:27,050] {processor.py:654} INFO - DAG(s) dict_keys(['ingest_data_bigquery_gt_2022']) retrieved from /opt/airflow/dags/data_ingestion_gcs_gt_dag_2022.py
[2025-01-14 15:27:27,984] {logging_mixin.py:109} INFO - [2025-01-14 15:27:27,982] {dag.py:2396} INFO - Sync 1 DAGs
[2025-01-14 15:27:28,089] {logging_mixin.py:109} INFO - [2025-01-14 15:27:28,089] {dag.py:2935} INFO - Setting next_dagrun for ingest_data_bigquery_gt_2022 to None
[2025-01-14 15:27:28,141] {processor.py:171} INFO - Processing /opt/airflow/dags/data_ingestion_gcs_gt_dag_2022.py took 3.627 seconds
[2025-01-14 15:27:58,522] {processor.py:163} INFO - Started process (PID=2569) to work on /opt/airflow/dags/data_ingestion_gcs_gt_dag_2022.py
[2025-01-14 15:27:58,525] {processor.py:642} INFO - Processing file /opt/airflow/dags/data_ingestion_gcs_gt_dag_2022.py for tasks to queue
[2025-01-14 15:27:58,526] {logging_mixin.py:109} INFO - [2025-01-14 15:27:58,526] {dagbag.py:500} INFO - Filling up the DagBag from /opt/airflow/dags/data_ingestion_gcs_gt_dag_2022.py
[2025-01-14 15:27:59,496] {processor.py:654} INFO - DAG(s) dict_keys(['ingest_data_bigquery_gt_2022']) retrieved from /opt/airflow/dags/data_ingestion_gcs_gt_dag_2022.py
[2025-01-14 15:27:59,515] {logging_mixin.py:109} INFO - [2025-01-14 15:27:59,513] {dag.py:2396} INFO - Sync 1 DAGs
[2025-01-14 15:27:59,543] {logging_mixin.py:109} INFO - [2025-01-14 15:27:59,543] {dag.py:2935} INFO - Setting next_dagrun for ingest_data_bigquery_gt_2022 to None
[2025-01-14 15:27:59,555] {processor.py:171} INFO - Processing /opt/airflow/dags/data_ingestion_gcs_gt_dag_2022.py took 1.038 seconds
[2025-01-14 15:28:29,865] {processor.py:163} INFO - Started process (PID=2620) to work on /opt/airflow/dags/data_ingestion_gcs_gt_dag_2022.py
[2025-01-14 15:28:29,866] {processor.py:642} INFO - Processing file /opt/airflow/dags/data_ingestion_gcs_gt_dag_2022.py for tasks to queue
[2025-01-14 15:28:29,867] {logging_mixin.py:109} INFO - [2025-01-14 15:28:29,867] {dagbag.py:500} INFO - Filling up the DagBag from /opt/airflow/dags/data_ingestion_gcs_gt_dag_2022.py
[2025-01-14 15:28:30,760] {processor.py:654} INFO - DAG(s) dict_keys(['ingest_data_bigquery_gt_2022']) retrieved from /opt/airflow/dags/data_ingestion_gcs_gt_dag_2022.py
[2025-01-14 15:28:30,771] {logging_mixin.py:109} INFO - [2025-01-14 15:28:30,770] {dag.py:2396} INFO - Sync 1 DAGs
[2025-01-14 15:28:30,790] {logging_mixin.py:109} INFO - [2025-01-14 15:28:30,789] {dag.py:2935} INFO - Setting next_dagrun for ingest_data_bigquery_gt_2022 to None
[2025-01-14 15:28:30,799] {processor.py:171} INFO - Processing /opt/airflow/dags/data_ingestion_gcs_gt_dag_2022.py took 0.939 seconds
[2025-01-14 15:29:00,942] {processor.py:163} INFO - Started process (PID=2680) to work on /opt/airflow/dags/data_ingestion_gcs_gt_dag_2022.py
[2025-01-14 15:29:00,944] {processor.py:642} INFO - Processing file /opt/airflow/dags/data_ingestion_gcs_gt_dag_2022.py for tasks to queue
[2025-01-14 15:29:00,945] {logging_mixin.py:109} INFO - [2025-01-14 15:29:00,945] {dagbag.py:500} INFO - Filling up the DagBag from /opt/airflow/dags/data_ingestion_gcs_gt_dag_2022.py
[2025-01-14 15:29:01,955] {processor.py:654} INFO - DAG(s) dict_keys(['ingest_data_bigquery_gt_2022']) retrieved from /opt/airflow/dags/data_ingestion_gcs_gt_dag_2022.py
[2025-01-14 15:29:01,973] {logging_mixin.py:109} INFO - [2025-01-14 15:29:01,971] {dag.py:2396} INFO - Sync 1 DAGs
[2025-01-14 15:29:02,015] {logging_mixin.py:109} INFO - [2025-01-14 15:29:02,015] {dag.py:2935} INFO - Setting next_dagrun for ingest_data_bigquery_gt_2022 to None
[2025-01-14 15:29:02,037] {processor.py:171} INFO - Processing /opt/airflow/dags/data_ingestion_gcs_gt_dag_2022.py took 1.100 seconds
[2025-01-14 15:29:32,178] {processor.py:163} INFO - Started process (PID=2731) to work on /opt/airflow/dags/data_ingestion_gcs_gt_dag_2022.py
[2025-01-14 15:29:32,180] {processor.py:642} INFO - Processing file /opt/airflow/dags/data_ingestion_gcs_gt_dag_2022.py for tasks to queue
[2025-01-14 15:29:32,181] {logging_mixin.py:109} INFO - [2025-01-14 15:29:32,181] {dagbag.py:500} INFO - Filling up the DagBag from /opt/airflow/dags/data_ingestion_gcs_gt_dag_2022.py
[2025-01-14 15:29:33,134] {processor.py:654} INFO - DAG(s) dict_keys(['ingest_data_bigquery_gt_2022']) retrieved from /opt/airflow/dags/data_ingestion_gcs_gt_dag_2022.py
[2025-01-14 15:29:33,149] {logging_mixin.py:109} INFO - [2025-01-14 15:29:33,147] {dag.py:2396} INFO - Sync 1 DAGs
[2025-01-14 15:29:33,171] {logging_mixin.py:109} INFO - [2025-01-14 15:29:33,170] {dag.py:2935} INFO - Setting next_dagrun for ingest_data_bigquery_gt_2022 to None
[2025-01-14 15:29:33,185] {processor.py:171} INFO - Processing /opt/airflow/dags/data_ingestion_gcs_gt_dag_2022.py took 1.011 seconds
[2025-01-14 15:30:03,230] {processor.py:163} INFO - Started process (PID=2788) to work on /opt/airflow/dags/data_ingestion_gcs_gt_dag_2022.py
[2025-01-14 15:30:03,232] {processor.py:642} INFO - Processing file /opt/airflow/dags/data_ingestion_gcs_gt_dag_2022.py for tasks to queue
[2025-01-14 15:30:03,233] {logging_mixin.py:109} INFO - [2025-01-14 15:30:03,233] {dagbag.py:500} INFO - Filling up the DagBag from /opt/airflow/dags/data_ingestion_gcs_gt_dag_2022.py
[2025-01-14 15:30:04,276] {processor.py:654} INFO - DAG(s) dict_keys(['ingest_data_bigquery_gt_2022']) retrieved from /opt/airflow/dags/data_ingestion_gcs_gt_dag_2022.py
[2025-01-14 15:30:04,289] {logging_mixin.py:109} INFO - [2025-01-14 15:30:04,287] {dag.py:2396} INFO - Sync 1 DAGs
[2025-01-14 15:30:04,313] {logging_mixin.py:109} INFO - [2025-01-14 15:30:04,313] {dag.py:2935} INFO - Setting next_dagrun for ingest_data_bigquery_gt_2022 to None
[2025-01-14 15:30:04,324] {processor.py:171} INFO - Processing /opt/airflow/dags/data_ingestion_gcs_gt_dag_2022.py took 1.099 seconds
[2025-01-14 15:30:34,516] {processor.py:163} INFO - Started process (PID=2841) to work on /opt/airflow/dags/data_ingestion_gcs_gt_dag_2022.py
[2025-01-14 15:30:34,518] {processor.py:642} INFO - Processing file /opt/airflow/dags/data_ingestion_gcs_gt_dag_2022.py for tasks to queue
[2025-01-14 15:30:34,518] {logging_mixin.py:109} INFO - [2025-01-14 15:30:34,518] {dagbag.py:500} INFO - Filling up the DagBag from /opt/airflow/dags/data_ingestion_gcs_gt_dag_2022.py
[2025-01-14 15:30:35,413] {processor.py:654} INFO - DAG(s) dict_keys(['ingest_data_bigquery_gt_2022']) retrieved from /opt/airflow/dags/data_ingestion_gcs_gt_dag_2022.py
[2025-01-14 15:30:35,425] {logging_mixin.py:109} INFO - [2025-01-14 15:30:35,424] {dag.py:2396} INFO - Sync 1 DAGs
[2025-01-14 15:30:35,443] {logging_mixin.py:109} INFO - [2025-01-14 15:30:35,443] {dag.py:2935} INFO - Setting next_dagrun for ingest_data_bigquery_gt_2022 to None
[2025-01-14 15:30:35,453] {processor.py:171} INFO - Processing /opt/airflow/dags/data_ingestion_gcs_gt_dag_2022.py took 0.941 seconds
[2025-01-14 15:31:05,485] {processor.py:163} INFO - Started process (PID=2892) to work on /opt/airflow/dags/data_ingestion_gcs_gt_dag_2022.py
[2025-01-14 15:31:05,494] {processor.py:642} INFO - Processing file /opt/airflow/dags/data_ingestion_gcs_gt_dag_2022.py for tasks to queue
[2025-01-14 15:31:05,495] {logging_mixin.py:109} INFO - [2025-01-14 15:31:05,495] {dagbag.py:500} INFO - Filling up the DagBag from /opt/airflow/dags/data_ingestion_gcs_gt_dag_2022.py
[2025-01-14 15:31:06,393] {processor.py:654} INFO - DAG(s) dict_keys(['ingest_data_bigquery_gt_2022']) retrieved from /opt/airflow/dags/data_ingestion_gcs_gt_dag_2022.py
[2025-01-14 15:31:06,410] {logging_mixin.py:109} INFO - [2025-01-14 15:31:06,408] {dag.py:2396} INFO - Sync 1 DAGs
[2025-01-14 15:31:06,437] {logging_mixin.py:109} INFO - [2025-01-14 15:31:06,436] {dag.py:2935} INFO - Setting next_dagrun for ingest_data_bigquery_gt_2022 to None
[2025-01-14 15:31:06,448] {processor.py:171} INFO - Processing /opt/airflow/dags/data_ingestion_gcs_gt_dag_2022.py took 0.967 seconds
[2025-01-14 15:31:36,662] {processor.py:163} INFO - Started process (PID=2952) to work on /opt/airflow/dags/data_ingestion_gcs_gt_dag_2022.py
[2025-01-14 15:31:36,669] {processor.py:642} INFO - Processing file /opt/airflow/dags/data_ingestion_gcs_gt_dag_2022.py for tasks to queue
[2025-01-14 15:31:36,670] {logging_mixin.py:109} INFO - [2025-01-14 15:31:36,669] {dagbag.py:500} INFO - Filling up the DagBag from /opt/airflow/dags/data_ingestion_gcs_gt_dag_2022.py
[2025-01-14 15:31:37,603] {processor.py:654} INFO - DAG(s) dict_keys(['ingest_data_bigquery_gt_2022']) retrieved from /opt/airflow/dags/data_ingestion_gcs_gt_dag_2022.py
[2025-01-14 15:31:37,614] {logging_mixin.py:109} INFO - [2025-01-14 15:31:37,613] {dag.py:2396} INFO - Sync 1 DAGs
[2025-01-14 15:31:37,633] {logging_mixin.py:109} INFO - [2025-01-14 15:31:37,633] {dag.py:2935} INFO - Setting next_dagrun for ingest_data_bigquery_gt_2022 to None
[2025-01-14 15:31:37,642] {processor.py:171} INFO - Processing /opt/airflow/dags/data_ingestion_gcs_gt_dag_2022.py took 0.985 seconds
[2025-01-14 15:32:07,946] {processor.py:163} INFO - Started process (PID=3002) to work on /opt/airflow/dags/data_ingestion_gcs_gt_dag_2022.py
[2025-01-14 15:32:07,954] {processor.py:642} INFO - Processing file /opt/airflow/dags/data_ingestion_gcs_gt_dag_2022.py for tasks to queue
[2025-01-14 15:32:07,955] {logging_mixin.py:109} INFO - [2025-01-14 15:32:07,955] {dagbag.py:500} INFO - Filling up the DagBag from /opt/airflow/dags/data_ingestion_gcs_gt_dag_2022.py
[2025-01-14 15:32:08,842] {processor.py:654} INFO - DAG(s) dict_keys(['ingest_data_bigquery_gt_2022']) retrieved from /opt/airflow/dags/data_ingestion_gcs_gt_dag_2022.py
[2025-01-14 15:32:08,856] {logging_mixin.py:109} INFO - [2025-01-14 15:32:08,855] {dag.py:2396} INFO - Sync 1 DAGs
[2025-01-14 15:32:08,874] {logging_mixin.py:109} INFO - [2025-01-14 15:32:08,874] {dag.py:2935} INFO - Setting next_dagrun for ingest_data_bigquery_gt_2022 to None
[2025-01-14 15:32:08,884] {processor.py:171} INFO - Processing /opt/airflow/dags/data_ingestion_gcs_gt_dag_2022.py took 0.943 seconds
[2025-01-14 15:32:38,937] {processor.py:163} INFO - Started process (PID=3075) to work on /opt/airflow/dags/data_ingestion_gcs_gt_dag_2022.py
[2025-01-14 15:32:38,938] {processor.py:642} INFO - Processing file /opt/airflow/dags/data_ingestion_gcs_gt_dag_2022.py for tasks to queue
[2025-01-14 15:32:38,939] {logging_mixin.py:109} INFO - [2025-01-14 15:32:38,939] {dagbag.py:500} INFO - Filling up the DagBag from /opt/airflow/dags/data_ingestion_gcs_gt_dag_2022.py
[2025-01-14 15:32:39,930] {processor.py:654} INFO - DAG(s) dict_keys(['ingest_data_bigquery_gt_2022']) retrieved from /opt/airflow/dags/data_ingestion_gcs_gt_dag_2022.py
[2025-01-14 15:32:39,946] {logging_mixin.py:109} INFO - [2025-01-14 15:32:39,944] {dag.py:2396} INFO - Sync 1 DAGs
[2025-01-14 15:32:39,974] {logging_mixin.py:109} INFO - [2025-01-14 15:32:39,974] {dag.py:2935} INFO - Setting next_dagrun for ingest_data_bigquery_gt_2022 to None
[2025-01-14 15:32:39,987] {processor.py:171} INFO - Processing /opt/airflow/dags/data_ingestion_gcs_gt_dag_2022.py took 1.054 seconds
[2025-01-14 15:33:10,082] {processor.py:163} INFO - Started process (PID=3127) to work on /opt/airflow/dags/data_ingestion_gcs_gt_dag_2022.py
[2025-01-14 15:33:10,089] {processor.py:642} INFO - Processing file /opt/airflow/dags/data_ingestion_gcs_gt_dag_2022.py for tasks to queue
[2025-01-14 15:33:10,090] {logging_mixin.py:109} INFO - [2025-01-14 15:33:10,090] {dagbag.py:500} INFO - Filling up the DagBag from /opt/airflow/dags/data_ingestion_gcs_gt_dag_2022.py
[2025-01-14 15:33:11,053] {processor.py:654} INFO - DAG(s) dict_keys(['ingest_data_bigquery_gt_2022']) retrieved from /opt/airflow/dags/data_ingestion_gcs_gt_dag_2022.py
[2025-01-14 15:33:11,072] {logging_mixin.py:109} INFO - [2025-01-14 15:33:11,070] {dag.py:2396} INFO - Sync 1 DAGs
[2025-01-14 15:33:11,103] {logging_mixin.py:109} INFO - [2025-01-14 15:33:11,103] {dag.py:2935} INFO - Setting next_dagrun for ingest_data_bigquery_gt_2022 to None
[2025-01-14 15:33:11,116] {processor.py:171} INFO - Processing /opt/airflow/dags/data_ingestion_gcs_gt_dag_2022.py took 1.038 seconds
[2025-01-14 15:33:34,338] {processor.py:163} INFO - Started process (PID=3177) to work on /opt/airflow/dags/data_ingestion_gcs_gt_dag_2022.py
[2025-01-14 15:33:34,340] {processor.py:642} INFO - Processing file /opt/airflow/dags/data_ingestion_gcs_gt_dag_2022.py for tasks to queue
[2025-01-14 15:33:34,340] {logging_mixin.py:109} INFO - [2025-01-14 15:33:34,340] {dagbag.py:500} INFO - Filling up the DagBag from /opt/airflow/dags/data_ingestion_gcs_gt_dag_2022.py
[2025-01-14 15:33:35,240] {processor.py:654} INFO - DAG(s) dict_keys(['ingest_data_bigquery_gt_2022']) retrieved from /opt/airflow/dags/data_ingestion_gcs_gt_dag_2022.py
[2025-01-14 15:33:35,253] {logging_mixin.py:109} INFO - [2025-01-14 15:33:35,251] {dag.py:2396} INFO - Sync 1 DAGs
[2025-01-14 15:33:35,274] {logging_mixin.py:109} INFO - [2025-01-14 15:33:35,273] {dag.py:2935} INFO - Setting next_dagrun for ingest_data_bigquery_gt_2022 to None
[2025-01-14 15:33:35,285] {processor.py:171} INFO - Processing /opt/airflow/dags/data_ingestion_gcs_gt_dag_2022.py took 0.951 seconds
[2025-01-14 15:34:05,796] {processor.py:163} INFO - Started process (PID=3227) to work on /opt/airflow/dags/data_ingestion_gcs_gt_dag_2022.py
[2025-01-14 15:34:05,801] {processor.py:642} INFO - Processing file /opt/airflow/dags/data_ingestion_gcs_gt_dag_2022.py for tasks to queue
[2025-01-14 15:34:05,802] {logging_mixin.py:109} INFO - [2025-01-14 15:34:05,802] {dagbag.py:500} INFO - Filling up the DagBag from /opt/airflow/dags/data_ingestion_gcs_gt_dag_2022.py
[2025-01-14 15:34:06,866] {processor.py:654} INFO - DAG(s) dict_keys(['ingest_data_bigquery_gt_2022']) retrieved from /opt/airflow/dags/data_ingestion_gcs_gt_dag_2022.py
[2025-01-14 15:34:06,884] {logging_mixin.py:109} INFO - [2025-01-14 15:34:06,882] {dag.py:2396} INFO - Sync 1 DAGs
[2025-01-14 15:34:06,915] {logging_mixin.py:109} INFO - [2025-01-14 15:34:06,915] {dag.py:2935} INFO - Setting next_dagrun for ingest_data_bigquery_gt_2022 to None
[2025-01-14 15:34:06,927] {processor.py:171} INFO - Processing /opt/airflow/dags/data_ingestion_gcs_gt_dag_2022.py took 1.136 seconds
[2025-01-14 15:34:21,997] {processor.py:163} INFO - Started process (PID=3252) to work on /opt/airflow/dags/data_ingestion_gcs_gt_dag_2022.py
[2025-01-14 15:34:21,999] {processor.py:642} INFO - Processing file /opt/airflow/dags/data_ingestion_gcs_gt_dag_2022.py for tasks to queue
[2025-01-14 15:34:22,000] {logging_mixin.py:109} INFO - [2025-01-14 15:34:22,000] {dagbag.py:500} INFO - Filling up the DagBag from /opt/airflow/dags/data_ingestion_gcs_gt_dag_2022.py
[2025-01-14 15:34:23,243] {processor.py:654} INFO - DAG(s) dict_keys(['ingest_data_bigquery_gt_2022']) retrieved from /opt/airflow/dags/data_ingestion_gcs_gt_dag_2022.py
[2025-01-14 15:34:23,262] {logging_mixin.py:109} INFO - [2025-01-14 15:34:23,260] {dag.py:2396} INFO - Sync 1 DAGs
[2025-01-14 15:34:23,293] {logging_mixin.py:109} INFO - [2025-01-14 15:34:23,293] {dag.py:2935} INFO - Setting next_dagrun for ingest_data_bigquery_gt_2022 to None
[2025-01-14 15:34:23,308] {processor.py:171} INFO - Processing /opt/airflow/dags/data_ingestion_gcs_gt_dag_2022.py took 1.317 seconds
[2025-01-14 15:34:53,602] {processor.py:163} INFO - Started process (PID=3312) to work on /opt/airflow/dags/data_ingestion_gcs_gt_dag_2022.py
[2025-01-14 15:34:53,604] {processor.py:642} INFO - Processing file /opt/airflow/dags/data_ingestion_gcs_gt_dag_2022.py for tasks to queue
[2025-01-14 15:34:53,604] {logging_mixin.py:109} INFO - [2025-01-14 15:34:53,604] {dagbag.py:500} INFO - Filling up the DagBag from /opt/airflow/dags/data_ingestion_gcs_gt_dag_2022.py
[2025-01-14 15:34:54,470] {processor.py:654} INFO - DAG(s) dict_keys(['ingest_data_bigquery_gt_2022']) retrieved from /opt/airflow/dags/data_ingestion_gcs_gt_dag_2022.py
[2025-01-14 15:34:54,482] {logging_mixin.py:109} INFO - [2025-01-14 15:34:54,481] {dag.py:2396} INFO - Sync 1 DAGs
[2025-01-14 15:34:54,502] {logging_mixin.py:109} INFO - [2025-01-14 15:34:54,502] {dag.py:2935} INFO - Setting next_dagrun for ingest_data_bigquery_gt_2022 to 2022-01-02 06:00:00+00:00
[2025-01-14 15:34:54,511] {processor.py:171} INFO - Processing /opt/airflow/dags/data_ingestion_gcs_gt_dag_2022.py took 0.913 seconds
[2025-01-14 15:35:25,217] {processor.py:163} INFO - Started process (PID=3398) to work on /opt/airflow/dags/data_ingestion_gcs_gt_dag_2022.py
[2025-01-14 15:35:25,224] {processor.py:642} INFO - Processing file /opt/airflow/dags/data_ingestion_gcs_gt_dag_2022.py for tasks to queue
[2025-01-14 15:35:25,225] {logging_mixin.py:109} INFO - [2025-01-14 15:35:25,225] {dagbag.py:500} INFO - Filling up the DagBag from /opt/airflow/dags/data_ingestion_gcs_gt_dag_2022.py
[2025-01-14 15:35:26,794] {processor.py:654} INFO - DAG(s) dict_keys(['ingest_data_bigquery_gt_2022']) retrieved from /opt/airflow/dags/data_ingestion_gcs_gt_dag_2022.py
[2025-01-14 15:35:26,816] {logging_mixin.py:109} INFO - [2025-01-14 15:35:26,814] {dag.py:2396} INFO - Sync 1 DAGs
[2025-01-14 15:35:26,846] {logging_mixin.py:109} INFO - [2025-01-14 15:35:26,845] {dag.py:2935} INFO - Setting next_dagrun for ingest_data_bigquery_gt_2022 to None
[2025-01-14 15:35:26,858] {processor.py:171} INFO - Processing /opt/airflow/dags/data_ingestion_gcs_gt_dag_2022.py took 1.651 seconds
[2025-01-14 15:35:57,243] {processor.py:163} INFO - Started process (PID=3448) to work on /opt/airflow/dags/data_ingestion_gcs_gt_dag_2022.py
[2025-01-14 15:35:57,245] {processor.py:642} INFO - Processing file /opt/airflow/dags/data_ingestion_gcs_gt_dag_2022.py for tasks to queue
[2025-01-14 15:35:57,245] {logging_mixin.py:109} INFO - [2025-01-14 15:35:57,245] {dagbag.py:500} INFO - Filling up the DagBag from /opt/airflow/dags/data_ingestion_gcs_gt_dag_2022.py
[2025-01-14 15:35:58,149] {processor.py:654} INFO - DAG(s) dict_keys(['ingest_data_bigquery_gt_2022']) retrieved from /opt/airflow/dags/data_ingestion_gcs_gt_dag_2022.py
[2025-01-14 15:35:58,164] {logging_mixin.py:109} INFO - [2025-01-14 15:35:58,163] {dag.py:2396} INFO - Sync 1 DAGs
[2025-01-14 15:35:58,183] {logging_mixin.py:109} INFO - [2025-01-14 15:35:58,183] {dag.py:2935} INFO - Setting next_dagrun for ingest_data_bigquery_gt_2022 to None
[2025-01-14 15:35:58,193] {processor.py:171} INFO - Processing /opt/airflow/dags/data_ingestion_gcs_gt_dag_2022.py took 0.955 seconds
[2025-01-14 15:36:28,581] {processor.py:163} INFO - Started process (PID=3508) to work on /opt/airflow/dags/data_ingestion_gcs_gt_dag_2022.py
[2025-01-14 15:36:28,583] {processor.py:642} INFO - Processing file /opt/airflow/dags/data_ingestion_gcs_gt_dag_2022.py for tasks to queue
[2025-01-14 15:36:28,584] {logging_mixin.py:109} INFO - [2025-01-14 15:36:28,584] {dagbag.py:500} INFO - Filling up the DagBag from /opt/airflow/dags/data_ingestion_gcs_gt_dag_2022.py
[2025-01-14 15:36:29,530] {processor.py:654} INFO - DAG(s) dict_keys(['ingest_data_bigquery_gt_2022']) retrieved from /opt/airflow/dags/data_ingestion_gcs_gt_dag_2022.py
[2025-01-14 15:36:29,546] {logging_mixin.py:109} INFO - [2025-01-14 15:36:29,544] {dag.py:2396} INFO - Sync 1 DAGs
[2025-01-14 15:36:29,565] {logging_mixin.py:109} INFO - [2025-01-14 15:36:29,564] {dag.py:2935} INFO - Setting next_dagrun for ingest_data_bigquery_gt_2022 to None
[2025-01-14 15:36:29,574] {processor.py:171} INFO - Processing /opt/airflow/dags/data_ingestion_gcs_gt_dag_2022.py took 0.998 seconds
[2025-01-14 15:36:59,678] {processor.py:163} INFO - Started process (PID=3558) to work on /opt/airflow/dags/data_ingestion_gcs_gt_dag_2022.py
[2025-01-14 15:36:59,680] {processor.py:642} INFO - Processing file /opt/airflow/dags/data_ingestion_gcs_gt_dag_2022.py for tasks to queue
[2025-01-14 15:36:59,681] {logging_mixin.py:109} INFO - [2025-01-14 15:36:59,681] {dagbag.py:500} INFO - Filling up the DagBag from /opt/airflow/dags/data_ingestion_gcs_gt_dag_2022.py
[2025-01-14 15:37:00,875] {processor.py:654} INFO - DAG(s) dict_keys(['ingest_data_bigquery_gt_2022']) retrieved from /opt/airflow/dags/data_ingestion_gcs_gt_dag_2022.py
[2025-01-14 15:37:00,893] {logging_mixin.py:109} INFO - [2025-01-14 15:37:00,891] {dag.py:2396} INFO - Sync 1 DAGs
[2025-01-14 15:37:00,916] {logging_mixin.py:109} INFO - [2025-01-14 15:37:00,916] {dag.py:2935} INFO - Setting next_dagrun for ingest_data_bigquery_gt_2022 to None
[2025-01-14 15:37:00,925] {processor.py:171} INFO - Processing /opt/airflow/dags/data_ingestion_gcs_gt_dag_2022.py took 1.257 seconds
