[2024-05-12 12:42:29,061] {taskinstance.py:1032} INFO - Dependencies all met for <TaskInstance: ingest_data_bigquery_gt.download_dataset_task scheduled__2021-06-02T06:00:00+00:00 [queued]>
[2024-05-12 12:42:29,118] {taskinstance.py:1032} INFO - Dependencies all met for <TaskInstance: ingest_data_bigquery_gt.download_dataset_task scheduled__2021-06-02T06:00:00+00:00 [queued]>
[2024-05-12 12:42:29,118] {taskinstance.py:1238} INFO - 
--------------------------------------------------------------------------------
[2024-05-12 12:42:29,118] {taskinstance.py:1239} INFO - Starting attempt 1 of 3
[2024-05-12 12:42:29,118] {taskinstance.py:1240} INFO - 
--------------------------------------------------------------------------------
[2024-05-12 12:42:29,266] {taskinstance.py:1259} INFO - Executing <Task(BashOperator): download_dataset_task> on 2021-06-02 06:00:00+00:00
[2024-05-12 12:42:29,341] {standard_task_runner.py:76} INFO - Running: ['***', 'tasks', 'run', 'ingest_data_bigquery_gt', 'download_dataset_task', 'scheduled__2021-06-02T06:00:00+00:00', '--job-id', '4874', '--raw', '--subdir', 'DAGS_FOLDER/data_ingestion_gcs_gt_dag .py', '--cfg-path', '/tmp/tmp9cw3m1v1', '--error-file', '/tmp/tmp5q56h70t']
[2024-05-12 12:42:29,347] {standard_task_runner.py:77} INFO - Job 4874: Subtask download_dataset_task
[2024-05-12 12:42:29,337] {standard_task_runner.py:52} INFO - Started process 882 to run task
[2024-05-12 12:42:29,550] {logging_mixin.py:109} INFO - Running <TaskInstance: ingest_data_bigquery_gt.download_dataset_task scheduled__2021-06-02T06:00:00+00:00 [running]> on host 31858b145400
[2024-05-12 12:42:29,761] {warnings.py:99} WARNING - /home/***/.local/lib/python3.6/site-packages/***/utils/context.py:152: AirflowContextDeprecationWarning: Accessing 'execution_date' from the template is deprecated and will be removed in a future version. Please use 'data_interval_start' or 'logical_date' instead.
  warnings.warn(_create_deprecation_warning(key, self._deprecation_replacements[key]))

[2024-05-12 12:42:29,840] {taskinstance.py:1426} INFO - Exporting the following env vars:
AIRFLOW_CTX_DAG_OWNER=***
AIRFLOW_CTX_DAG_ID=ingest_data_bigquery_gt
AIRFLOW_CTX_TASK_ID=download_dataset_task
AIRFLOW_CTX_EXECUTION_DATE=2021-06-02T06:00:00+00:00
AIRFLOW_CTX_DAG_RUN_ID=scheduled__2021-06-02T06:00:00+00:00
[2024-05-12 12:42:29,841] {subprocess.py:62} INFO - Tmp dir root location: 
 /tmp
[2024-05-12 12:42:29,842] {subprocess.py:74} INFO - Running command: ['bash', '-c', 'curl -sSL https://github.com/DataTalksClub/nyc-tlc-data/releases/download/green/green_tripdata_2021-06.csv.gz > /opt/***/raw_data/greentaxi_tripdata_2021-06.csv.gz && gunzip /opt/***/raw_data/greentaxi_tripdata_2021-06.csv.gz']
[2024-05-12 12:42:30,023] {subprocess.py:85} INFO - Output:
[2024-05-12 12:42:32,241] {subprocess.py:93} INFO - Command exited with return code 0
[2024-05-12 12:42:32,378] {taskinstance.py:1277} INFO - Marking task as SUCCESS. dag_id=ingest_data_bigquery_gt, task_id=download_dataset_task, execution_date=20210602T060000, start_date=20240512T124229, end_date=20240512T124232
[2024-05-12 12:42:32,472] {local_task_job.py:154} INFO - Task exited with return code 0
[2024-05-12 12:42:32,578] {local_task_job.py:264} INFO - 1 downstream tasks scheduled from follow-on schedule check
[2024-05-18 11:10:16,306] {taskinstance.py:1032} INFO - Dependencies all met for <TaskInstance: ingest_data_bigquery_gt.download_dataset_task scheduled__2021-06-02T06:00:00+00:00 [queued]>
[2024-05-18 11:10:16,336] {taskinstance.py:1032} INFO - Dependencies all met for <TaskInstance: ingest_data_bigquery_gt.download_dataset_task scheduled__2021-06-02T06:00:00+00:00 [queued]>
[2024-05-18 11:10:16,337] {taskinstance.py:1238} INFO - 
--------------------------------------------------------------------------------
[2024-05-18 11:10:16,337] {taskinstance.py:1239} INFO - Starting attempt 1 of 3
[2024-05-18 11:10:16,337] {taskinstance.py:1240} INFO - 
--------------------------------------------------------------------------------
[2024-05-18 11:10:16,362] {taskinstance.py:1259} INFO - Executing <Task(BashOperator): download_dataset_task> on 2021-06-02 06:00:00+00:00
[2024-05-18 11:10:16,372] {standard_task_runner.py:52} INFO - Started process 1442 to run task
[2024-05-18 11:10:16,387] {standard_task_runner.py:76} INFO - Running: ['***', 'tasks', 'run', 'ingest_data_bigquery_gt', 'download_dataset_task', 'scheduled__2021-06-02T06:00:00+00:00', '--job-id', '4971', '--raw', '--subdir', 'DAGS_FOLDER/data_ingestion_gcs_gt_dag .py', '--cfg-path', '/tmp/tmp_d4ims1t', '--error-file', '/tmp/tmp6sllc5dw']
[2024-05-18 11:10:16,404] {standard_task_runner.py:77} INFO - Job 4971: Subtask download_dataset_task
[2024-05-18 11:10:16,535] {logging_mixin.py:109} INFO - Running <TaskInstance: ingest_data_bigquery_gt.download_dataset_task scheduled__2021-06-02T06:00:00+00:00 [running]> on host 45b18388e83d
[2024-05-18 11:10:16,641] {warnings.py:99} WARNING - /home/***/.local/lib/python3.6/site-packages/***/utils/context.py:152: AirflowContextDeprecationWarning: Accessing 'execution_date' from the template is deprecated and will be removed in a future version. Please use 'data_interval_start' or 'logical_date' instead.
  warnings.warn(_create_deprecation_warning(key, self._deprecation_replacements[key]))

[2024-05-18 11:10:16,695] {taskinstance.py:1426} INFO - Exporting the following env vars:
AIRFLOW_CTX_DAG_OWNER=***
AIRFLOW_CTX_DAG_ID=ingest_data_bigquery_gt
AIRFLOW_CTX_TASK_ID=download_dataset_task
AIRFLOW_CTX_EXECUTION_DATE=2021-06-02T06:00:00+00:00
AIRFLOW_CTX_DAG_RUN_ID=scheduled__2021-06-02T06:00:00+00:00
[2024-05-18 11:10:16,696] {subprocess.py:62} INFO - Tmp dir root location: 
 /tmp
[2024-05-18 11:10:16,697] {subprocess.py:74} INFO - Running command: ['bash', '-c', 'curl -sSL https://github.com/DataTalksClub/nyc-tlc-data/releases/download/green/green_tripdata_2021-06.csv.gz > /opt/***/raw_data/greentaxi_tripdata_2021-06.csv.gz && gunzip /opt/***/raw_data/greentaxi_tripdata_2021-06.csv.gz']
[2024-05-18 11:10:16,747] {subprocess.py:85} INFO - Output:
[2024-05-18 11:10:19,003] {subprocess.py:93} INFO - Command exited with return code 0
[2024-05-18 11:10:19,121] {taskinstance.py:1277} INFO - Marking task as SUCCESS. dag_id=ingest_data_bigquery_gt, task_id=download_dataset_task, execution_date=20210602T060000, start_date=20240518T111016, end_date=20240518T111019
[2024-05-18 11:10:19,244] {local_task_job.py:154} INFO - Task exited with return code 0
[2024-05-18 11:10:19,405] {local_task_job.py:264} INFO - 1 downstream tasks scheduled from follow-on schedule check
