[2024-05-12 12:41:41,896] {taskinstance.py:1032} INFO - Dependencies all met for <TaskInstance: ingest_data_bigquery_gt.local_to_gcs_task scheduled__2019-01-02T06:00:00+00:00 [queued]>
[2024-05-12 12:41:41,967] {taskinstance.py:1032} INFO - Dependencies all met for <TaskInstance: ingest_data_bigquery_gt.local_to_gcs_task scheduled__2019-01-02T06:00:00+00:00 [queued]>
[2024-05-12 12:41:41,978] {taskinstance.py:1238} INFO - 
--------------------------------------------------------------------------------
[2024-05-12 12:41:41,978] {taskinstance.py:1239} INFO - Starting attempt 1 of 3
[2024-05-12 12:41:41,978] {taskinstance.py:1240} INFO - 
--------------------------------------------------------------------------------
[2024-05-12 12:41:42,035] {taskinstance.py:1259} INFO - Executing <Task(PythonOperator): local_to_gcs_task> on 2019-01-02 06:00:00+00:00
[2024-05-12 12:41:42,123] {standard_task_runner.py:52} INFO - Started process 620 to run task
[2024-05-12 12:41:42,190] {standard_task_runner.py:76} INFO - Running: ['***', 'tasks', 'run', 'ingest_data_bigquery_gt', 'local_to_gcs_task', 'scheduled__2019-01-02T06:00:00+00:00', '--job-id', '4830', '--raw', '--subdir', 'DAGS_FOLDER/data_ingestion_gcs_gt_dag .py', '--cfg-path', '/tmp/tmpw0reentg', '--error-file', '/tmp/tmp_71m35m6']
[2024-05-12 12:41:42,232] {standard_task_runner.py:77} INFO - Job 4830: Subtask local_to_gcs_task
[2024-05-12 12:41:42,533] {logging_mixin.py:109} INFO - Running <TaskInstance: ingest_data_bigquery_gt.local_to_gcs_task scheduled__2019-01-02T06:00:00+00:00 [running]> on host 31858b145400
[2024-05-12 12:41:42,611] {warnings.py:99} WARNING - /home/***/.local/lib/python3.6/site-packages/***/utils/context.py:152: AirflowContextDeprecationWarning: Accessing 'execution_date' from the template is deprecated and will be removed in a future version. Please use 'data_interval_start' or 'logical_date' instead.
  warnings.warn(_create_deprecation_warning(key, self._deprecation_replacements[key]))

[2024-05-12 12:41:42,814] {taskinstance.py:1426} INFO - Exporting the following env vars:
AIRFLOW_CTX_DAG_OWNER=***
AIRFLOW_CTX_DAG_ID=ingest_data_bigquery_gt
AIRFLOW_CTX_TASK_ID=local_to_gcs_task
AIRFLOW_CTX_EXECUTION_DATE=2019-01-02T06:00:00+00:00
AIRFLOW_CTX_DAG_RUN_ID=scheduled__2019-01-02T06:00:00+00:00
[2024-05-12 12:42:00,699] {python.py:175} INFO - Done. Returned value was: None
[2024-05-12 12:42:00,722] {taskinstance.py:1277} INFO - Marking task as SUCCESS. dag_id=ingest_data_bigquery_gt, task_id=local_to_gcs_task, execution_date=20190102T060000, start_date=20240512T124141, end_date=20240512T124200
[2024-05-12 12:42:00,908] {local_task_job.py:154} INFO - Task exited with return code 0
[2024-05-12 12:42:01,008] {local_task_job.py:264} INFO - 1 downstream tasks scheduled from follow-on schedule check
[2024-05-18 11:09:25,552] {taskinstance.py:1032} INFO - Dependencies all met for <TaskInstance: ingest_data_bigquery_gt.local_to_gcs_task scheduled__2019-01-02T06:00:00+00:00 [queued]>
[2024-05-18 11:09:25,603] {taskinstance.py:1032} INFO - Dependencies all met for <TaskInstance: ingest_data_bigquery_gt.local_to_gcs_task scheduled__2019-01-02T06:00:00+00:00 [queued]>
[2024-05-18 11:09:25,603] {taskinstance.py:1238} INFO - 
--------------------------------------------------------------------------------
[2024-05-18 11:09:25,604] {taskinstance.py:1239} INFO - Starting attempt 1 of 3
[2024-05-18 11:09:25,604] {taskinstance.py:1240} INFO - 
--------------------------------------------------------------------------------
[2024-05-18 11:09:25,658] {taskinstance.py:1259} INFO - Executing <Task(PythonOperator): local_to_gcs_task> on 2019-01-02 06:00:00+00:00
[2024-05-18 11:09:25,678] {standard_task_runner.py:52} INFO - Started process 1167 to run task
[2024-05-18 11:09:25,715] {standard_task_runner.py:76} INFO - Running: ['***', 'tasks', 'run', 'ingest_data_bigquery_gt', 'local_to_gcs_task', 'scheduled__2019-01-02T06:00:00+00:00', '--job-id', '4927', '--raw', '--subdir', 'DAGS_FOLDER/data_ingestion_gcs_gt_dag .py', '--cfg-path', '/tmp/tmpcwcath9k', '--error-file', '/tmp/tmppnwleunw']
[2024-05-18 11:09:25,719] {standard_task_runner.py:77} INFO - Job 4927: Subtask local_to_gcs_task
[2024-05-18 11:09:25,985] {logging_mixin.py:109} INFO - Running <TaskInstance: ingest_data_bigquery_gt.local_to_gcs_task scheduled__2019-01-02T06:00:00+00:00 [running]> on host 45b18388e83d
[2024-05-18 11:09:26,175] {warnings.py:99} WARNING - /home/***/.local/lib/python3.6/site-packages/***/utils/context.py:152: AirflowContextDeprecationWarning: Accessing 'execution_date' from the template is deprecated and will be removed in a future version. Please use 'data_interval_start' or 'logical_date' instead.
  warnings.warn(_create_deprecation_warning(key, self._deprecation_replacements[key]))

[2024-05-18 11:09:26,250] {taskinstance.py:1426} INFO - Exporting the following env vars:
AIRFLOW_CTX_DAG_OWNER=***
AIRFLOW_CTX_DAG_ID=ingest_data_bigquery_gt
AIRFLOW_CTX_TASK_ID=local_to_gcs_task
AIRFLOW_CTX_EXECUTION_DATE=2019-01-02T06:00:00+00:00
AIRFLOW_CTX_DAG_RUN_ID=scheduled__2019-01-02T06:00:00+00:00
[2024-05-18 11:09:46,918] {python.py:175} INFO - Done. Returned value was: None
[2024-05-18 11:09:46,934] {taskinstance.py:1277} INFO - Marking task as SUCCESS. dag_id=ingest_data_bigquery_gt, task_id=local_to_gcs_task, execution_date=20190102T060000, start_date=20240518T110925, end_date=20240518T110946
[2024-05-18 11:09:47,055] {local_task_job.py:154} INFO - Task exited with return code 0
[2024-05-18 11:09:47,321] {local_task_job.py:264} INFO - 0 downstream tasks scheduled from follow-on schedule check
