[2024-12-28 14:54:01,423] {processor.py:163} INFO - Started process (PID=67) to work on /opt/airflow/dags/data_ingestion_gcs_yt_dag.py
[2024-12-28 14:54:01,424] {processor.py:642} INFO - Processing file /opt/airflow/dags/data_ingestion_gcs_yt_dag.py for tasks to queue
[2024-12-28 14:54:01,425] {logging_mixin.py:109} INFO - [2024-12-28 14:54:01,425] {dagbag.py:500} INFO - Filling up the DagBag from /opt/airflow/dags/data_ingestion_gcs_yt_dag.py
[2024-12-28 14:54:04,345] {processor.py:654} INFO - DAG(s) dict_keys(['ingest_data_bigquery_yt']) retrieved from /opt/airflow/dags/data_ingestion_gcs_yt_dag.py
[2024-12-28 14:54:04,368] {logging_mixin.py:109} INFO - [2024-12-28 14:54:04,366] {dag.py:2396} INFO - Sync 1 DAGs
[2024-12-28 14:54:04,400] {logging_mixin.py:109} INFO - [2024-12-28 14:54:04,399] {dag.py:2935} INFO - Setting next_dagrun for ingest_data_bigquery_yt to 2019-01-02 06:00:00+00:00
[2024-12-28 14:54:04,413] {processor.py:171} INFO - Processing /opt/airflow/dags/data_ingestion_gcs_yt_dag.py took 3.013 seconds
[2024-12-28 14:54:34,805] {processor.py:163} INFO - Started process (PID=107) to work on /opt/airflow/dags/data_ingestion_gcs_yt_dag.py
[2024-12-28 14:54:34,807] {processor.py:642} INFO - Processing file /opt/airflow/dags/data_ingestion_gcs_yt_dag.py for tasks to queue
[2024-12-28 14:54:34,808] {logging_mixin.py:109} INFO - [2024-12-28 14:54:34,808] {dagbag.py:500} INFO - Filling up the DagBag from /opt/airflow/dags/data_ingestion_gcs_yt_dag.py
[2024-12-28 14:54:35,795] {processor.py:654} INFO - DAG(s) dict_keys(['ingest_data_bigquery_yt']) retrieved from /opt/airflow/dags/data_ingestion_gcs_yt_dag.py
[2024-12-28 14:54:35,814] {logging_mixin.py:109} INFO - [2024-12-28 14:54:35,813] {dag.py:2396} INFO - Sync 1 DAGs
[2024-12-28 14:54:35,833] {logging_mixin.py:109} INFO - [2024-12-28 14:54:35,833] {dag.py:2935} INFO - Setting next_dagrun for ingest_data_bigquery_yt to 2019-01-02 06:00:00+00:00
[2024-12-28 14:54:35,842] {processor.py:171} INFO - Processing /opt/airflow/dags/data_ingestion_gcs_yt_dag.py took 1.041 seconds
[2024-12-28 14:55:05,978] {processor.py:163} INFO - Started process (PID=157) to work on /opt/airflow/dags/data_ingestion_gcs_yt_dag.py
[2024-12-28 14:55:05,981] {processor.py:642} INFO - Processing file /opt/airflow/dags/data_ingestion_gcs_yt_dag.py for tasks to queue
[2024-12-28 14:55:05,982] {logging_mixin.py:109} INFO - [2024-12-28 14:55:05,982] {dagbag.py:500} INFO - Filling up the DagBag from /opt/airflow/dags/data_ingestion_gcs_yt_dag.py
[2024-12-28 14:55:07,060] {processor.py:654} INFO - DAG(s) dict_keys(['ingest_data_bigquery_yt']) retrieved from /opt/airflow/dags/data_ingestion_gcs_yt_dag.py
[2024-12-28 14:55:07,074] {logging_mixin.py:109} INFO - [2024-12-28 14:55:07,072] {dag.py:2396} INFO - Sync 1 DAGs
[2024-12-28 14:55:07,092] {logging_mixin.py:109} INFO - [2024-12-28 14:55:07,092] {dag.py:2935} INFO - Setting next_dagrun for ingest_data_bigquery_yt to 2019-01-02 06:00:00+00:00
[2024-12-28 14:55:07,102] {processor.py:171} INFO - Processing /opt/airflow/dags/data_ingestion_gcs_yt_dag.py took 1.129 seconds
[2024-12-28 14:55:37,176] {processor.py:163} INFO - Started process (PID=198) to work on /opt/airflow/dags/data_ingestion_gcs_yt_dag.py
[2024-12-28 14:55:37,182] {processor.py:642} INFO - Processing file /opt/airflow/dags/data_ingestion_gcs_yt_dag.py for tasks to queue
[2024-12-28 14:55:37,183] {logging_mixin.py:109} INFO - [2024-12-28 14:55:37,183] {dagbag.py:500} INFO - Filling up the DagBag from /opt/airflow/dags/data_ingestion_gcs_yt_dag.py
[2024-12-28 14:55:38,240] {processor.py:654} INFO - DAG(s) dict_keys(['ingest_data_bigquery_yt']) retrieved from /opt/airflow/dags/data_ingestion_gcs_yt_dag.py
[2024-12-28 14:55:38,253] {logging_mixin.py:109} INFO - [2024-12-28 14:55:38,252] {dag.py:2396} INFO - Sync 1 DAGs
[2024-12-28 14:55:38,270] {logging_mixin.py:109} INFO - [2024-12-28 14:55:38,270] {dag.py:2935} INFO - Setting next_dagrun for ingest_data_bigquery_yt to 2019-01-02 06:00:00+00:00
[2024-12-28 14:55:38,279] {processor.py:171} INFO - Processing /opt/airflow/dags/data_ingestion_gcs_yt_dag.py took 1.109 seconds
[2024-12-28 14:56:08,446] {processor.py:163} INFO - Started process (PID=248) to work on /opt/airflow/dags/data_ingestion_gcs_yt_dag.py
[2024-12-28 14:56:08,449] {processor.py:642} INFO - Processing file /opt/airflow/dags/data_ingestion_gcs_yt_dag.py for tasks to queue
[2024-12-28 14:56:08,450] {logging_mixin.py:109} INFO - [2024-12-28 14:56:08,450] {dagbag.py:500} INFO - Filling up the DagBag from /opt/airflow/dags/data_ingestion_gcs_yt_dag.py
[2024-12-28 14:56:09,478] {processor.py:654} INFO - DAG(s) dict_keys(['ingest_data_bigquery_yt']) retrieved from /opt/airflow/dags/data_ingestion_gcs_yt_dag.py
[2024-12-28 14:56:09,490] {logging_mixin.py:109} INFO - [2024-12-28 14:56:09,489] {dag.py:2396} INFO - Sync 1 DAGs
[2024-12-28 14:56:09,510] {logging_mixin.py:109} INFO - [2024-12-28 14:56:09,510] {dag.py:2935} INFO - Setting next_dagrun for ingest_data_bigquery_yt to 2019-01-02 06:00:00+00:00
[2024-12-28 14:56:09,520] {processor.py:171} INFO - Processing /opt/airflow/dags/data_ingestion_gcs_yt_dag.py took 1.079 seconds
[2024-12-28 14:56:39,672] {processor.py:163} INFO - Started process (PID=289) to work on /opt/airflow/dags/data_ingestion_gcs_yt_dag.py
[2024-12-28 14:56:39,674] {processor.py:642} INFO - Processing file /opt/airflow/dags/data_ingestion_gcs_yt_dag.py for tasks to queue
[2024-12-28 14:56:39,675] {logging_mixin.py:109} INFO - [2024-12-28 14:56:39,675] {dagbag.py:500} INFO - Filling up the DagBag from /opt/airflow/dags/data_ingestion_gcs_yt_dag.py
[2024-12-28 14:56:40,543] {processor.py:654} INFO - DAG(s) dict_keys(['ingest_data_bigquery_yt']) retrieved from /opt/airflow/dags/data_ingestion_gcs_yt_dag.py
[2024-12-28 14:56:40,555] {logging_mixin.py:109} INFO - [2024-12-28 14:56:40,554] {dag.py:2396} INFO - Sync 1 DAGs
[2024-12-28 14:56:40,573] {logging_mixin.py:109} INFO - [2024-12-28 14:56:40,573] {dag.py:2935} INFO - Setting next_dagrun for ingest_data_bigquery_yt to 2019-01-02 06:00:00+00:00
[2024-12-28 14:56:40,582] {processor.py:171} INFO - Processing /opt/airflow/dags/data_ingestion_gcs_yt_dag.py took 0.914 seconds
[2024-12-28 14:57:11,046] {processor.py:163} INFO - Started process (PID=329) to work on /opt/airflow/dags/data_ingestion_gcs_yt_dag.py
[2024-12-28 14:57:11,049] {processor.py:642} INFO - Processing file /opt/airflow/dags/data_ingestion_gcs_yt_dag.py for tasks to queue
[2024-12-28 14:57:11,049] {logging_mixin.py:109} INFO - [2024-12-28 14:57:11,049] {dagbag.py:500} INFO - Filling up the DagBag from /opt/airflow/dags/data_ingestion_gcs_yt_dag.py
[2024-12-28 14:57:12,035] {processor.py:654} INFO - DAG(s) dict_keys(['ingest_data_bigquery_yt']) retrieved from /opt/airflow/dags/data_ingestion_gcs_yt_dag.py
[2024-12-28 14:57:12,053] {logging_mixin.py:109} INFO - [2024-12-28 14:57:12,051] {dag.py:2396} INFO - Sync 1 DAGs
[2024-12-28 14:57:12,071] {logging_mixin.py:109} INFO - [2024-12-28 14:57:12,071] {dag.py:2935} INFO - Setting next_dagrun for ingest_data_bigquery_yt to 2019-01-02 06:00:00+00:00
[2024-12-28 14:57:12,081] {processor.py:171} INFO - Processing /opt/airflow/dags/data_ingestion_gcs_yt_dag.py took 1.040 seconds
[2024-12-28 14:57:42,203] {processor.py:163} INFO - Started process (PID=381) to work on /opt/airflow/dags/data_ingestion_gcs_yt_dag.py
[2024-12-28 14:57:42,205] {processor.py:642} INFO - Processing file /opt/airflow/dags/data_ingestion_gcs_yt_dag.py for tasks to queue
[2024-12-28 14:57:42,206] {logging_mixin.py:109} INFO - [2024-12-28 14:57:42,206] {dagbag.py:500} INFO - Filling up the DagBag from /opt/airflow/dags/data_ingestion_gcs_yt_dag.py
[2024-12-28 14:57:43,059] {processor.py:654} INFO - DAG(s) dict_keys(['ingest_data_bigquery_yt']) retrieved from /opt/airflow/dags/data_ingestion_gcs_yt_dag.py
[2024-12-28 14:57:43,071] {logging_mixin.py:109} INFO - [2024-12-28 14:57:43,069] {dag.py:2396} INFO - Sync 1 DAGs
[2024-12-28 14:57:43,093] {logging_mixin.py:109} INFO - [2024-12-28 14:57:43,093] {dag.py:2935} INFO - Setting next_dagrun for ingest_data_bigquery_yt to 2019-01-02 06:00:00+00:00
[2024-12-28 14:57:43,104] {processor.py:171} INFO - Processing /opt/airflow/dags/data_ingestion_gcs_yt_dag.py took 0.906 seconds
[2024-12-28 14:58:13,496] {processor.py:163} INFO - Started process (PID=421) to work on /opt/airflow/dags/data_ingestion_gcs_yt_dag.py
[2024-12-28 14:58:13,498] {processor.py:642} INFO - Processing file /opt/airflow/dags/data_ingestion_gcs_yt_dag.py for tasks to queue
[2024-12-28 14:58:13,499] {logging_mixin.py:109} INFO - [2024-12-28 14:58:13,499] {dagbag.py:500} INFO - Filling up the DagBag from /opt/airflow/dags/data_ingestion_gcs_yt_dag.py
[2024-12-28 14:58:14,405] {processor.py:654} INFO - DAG(s) dict_keys(['ingest_data_bigquery_yt']) retrieved from /opt/airflow/dags/data_ingestion_gcs_yt_dag.py
[2024-12-28 14:58:14,416] {logging_mixin.py:109} INFO - [2024-12-28 14:58:14,415] {dag.py:2396} INFO - Sync 1 DAGs
[2024-12-28 14:58:14,435] {logging_mixin.py:109} INFO - [2024-12-28 14:58:14,435] {dag.py:2935} INFO - Setting next_dagrun for ingest_data_bigquery_yt to 2019-01-02 06:00:00+00:00
[2024-12-28 14:58:14,445] {processor.py:171} INFO - Processing /opt/airflow/dags/data_ingestion_gcs_yt_dag.py took 0.954 seconds
[2024-12-28 14:58:44,872] {processor.py:163} INFO - Started process (PID=471) to work on /opt/airflow/dags/data_ingestion_gcs_yt_dag.py
[2024-12-28 14:58:44,874] {processor.py:642} INFO - Processing file /opt/airflow/dags/data_ingestion_gcs_yt_dag.py for tasks to queue
[2024-12-28 14:58:44,874] {logging_mixin.py:109} INFO - [2024-12-28 14:58:44,874] {dagbag.py:500} INFO - Filling up the DagBag from /opt/airflow/dags/data_ingestion_gcs_yt_dag.py
[2024-12-28 14:58:45,776] {processor.py:654} INFO - DAG(s) dict_keys(['ingest_data_bigquery_yt']) retrieved from /opt/airflow/dags/data_ingestion_gcs_yt_dag.py
[2024-12-28 14:58:45,788] {logging_mixin.py:109} INFO - [2024-12-28 14:58:45,787] {dag.py:2396} INFO - Sync 1 DAGs
[2024-12-28 14:58:45,808] {logging_mixin.py:109} INFO - [2024-12-28 14:58:45,808] {dag.py:2935} INFO - Setting next_dagrun for ingest_data_bigquery_yt to 2019-01-02 06:00:00+00:00
[2024-12-28 14:58:45,818] {processor.py:171} INFO - Processing /opt/airflow/dags/data_ingestion_gcs_yt_dag.py took 0.951 seconds
[2024-12-28 14:59:15,911] {processor.py:163} INFO - Started process (PID=511) to work on /opt/airflow/dags/data_ingestion_gcs_yt_dag.py
[2024-12-28 14:59:15,914] {processor.py:642} INFO - Processing file /opt/airflow/dags/data_ingestion_gcs_yt_dag.py for tasks to queue
[2024-12-28 14:59:15,915] {logging_mixin.py:109} INFO - [2024-12-28 14:59:15,915] {dagbag.py:500} INFO - Filling up the DagBag from /opt/airflow/dags/data_ingestion_gcs_yt_dag.py
[2024-12-28 14:59:16,770] {processor.py:654} INFO - DAG(s) dict_keys(['ingest_data_bigquery_yt']) retrieved from /opt/airflow/dags/data_ingestion_gcs_yt_dag.py
[2024-12-28 14:59:16,782] {logging_mixin.py:109} INFO - [2024-12-28 14:59:16,781] {dag.py:2396} INFO - Sync 1 DAGs
[2024-12-28 14:59:16,800] {logging_mixin.py:109} INFO - [2024-12-28 14:59:16,800] {dag.py:2935} INFO - Setting next_dagrun for ingest_data_bigquery_yt to 2019-01-02 06:00:00+00:00
[2024-12-28 14:59:16,809] {processor.py:171} INFO - Processing /opt/airflow/dags/data_ingestion_gcs_yt_dag.py took 0.902 seconds
[2024-12-28 14:59:46,922] {processor.py:163} INFO - Started process (PID=560) to work on /opt/airflow/dags/data_ingestion_gcs_yt_dag.py
[2024-12-28 14:59:46,924] {processor.py:642} INFO - Processing file /opt/airflow/dags/data_ingestion_gcs_yt_dag.py for tasks to queue
[2024-12-28 14:59:46,925] {logging_mixin.py:109} INFO - [2024-12-28 14:59:46,925] {dagbag.py:500} INFO - Filling up the DagBag from /opt/airflow/dags/data_ingestion_gcs_yt_dag.py
[2024-12-28 14:59:47,811] {processor.py:654} INFO - DAG(s) dict_keys(['ingest_data_bigquery_yt']) retrieved from /opt/airflow/dags/data_ingestion_gcs_yt_dag.py
[2024-12-28 14:59:47,824] {logging_mixin.py:109} INFO - [2024-12-28 14:59:47,823] {dag.py:2396} INFO - Sync 1 DAGs
[2024-12-28 14:59:47,843] {logging_mixin.py:109} INFO - [2024-12-28 14:59:47,843] {dag.py:2935} INFO - Setting next_dagrun for ingest_data_bigquery_yt to 2019-01-02 06:00:00+00:00
[2024-12-28 14:59:47,853] {processor.py:171} INFO - Processing /opt/airflow/dags/data_ingestion_gcs_yt_dag.py took 0.935 seconds
[2024-12-28 15:00:18,786] {processor.py:163} INFO - Started process (PID=600) to work on /opt/airflow/dags/data_ingestion_gcs_yt_dag.py
[2024-12-28 15:00:18,789] {processor.py:642} INFO - Processing file /opt/airflow/dags/data_ingestion_gcs_yt_dag.py for tasks to queue
[2024-12-28 15:00:18,790] {logging_mixin.py:109} INFO - [2024-12-28 15:00:18,790] {dagbag.py:500} INFO - Filling up the DagBag from /opt/airflow/dags/data_ingestion_gcs_yt_dag.py
[2024-12-28 15:00:19,647] {processor.py:654} INFO - DAG(s) dict_keys(['ingest_data_bigquery_yt']) retrieved from /opt/airflow/dags/data_ingestion_gcs_yt_dag.py
[2024-12-28 15:00:19,658] {logging_mixin.py:109} INFO - [2024-12-28 15:00:19,657] {dag.py:2396} INFO - Sync 1 DAGs
[2024-12-28 15:00:19,676] {logging_mixin.py:109} INFO - [2024-12-28 15:00:19,676] {dag.py:2935} INFO - Setting next_dagrun for ingest_data_bigquery_yt to 2019-01-02 06:00:00+00:00
[2024-12-28 15:00:19,684] {processor.py:171} INFO - Processing /opt/airflow/dags/data_ingestion_gcs_yt_dag.py took 0.903 seconds
[2024-12-28 15:00:49,912] {processor.py:163} INFO - Started process (PID=650) to work on /opt/airflow/dags/data_ingestion_gcs_yt_dag.py
[2024-12-28 15:00:49,914] {processor.py:642} INFO - Processing file /opt/airflow/dags/data_ingestion_gcs_yt_dag.py for tasks to queue
[2024-12-28 15:00:49,915] {logging_mixin.py:109} INFO - [2024-12-28 15:00:49,914] {dagbag.py:500} INFO - Filling up the DagBag from /opt/airflow/dags/data_ingestion_gcs_yt_dag.py
[2024-12-28 15:00:50,831] {processor.py:654} INFO - DAG(s) dict_keys(['ingest_data_bigquery_yt']) retrieved from /opt/airflow/dags/data_ingestion_gcs_yt_dag.py
[2024-12-28 15:00:50,843] {logging_mixin.py:109} INFO - [2024-12-28 15:00:50,842] {dag.py:2396} INFO - Sync 1 DAGs
[2024-12-28 15:00:50,862] {logging_mixin.py:109} INFO - [2024-12-28 15:00:50,861] {dag.py:2935} INFO - Setting next_dagrun for ingest_data_bigquery_yt to 2019-01-02 06:00:00+00:00
[2024-12-28 15:00:50,878] {processor.py:171} INFO - Processing /opt/airflow/dags/data_ingestion_gcs_yt_dag.py took 0.971 seconds
[2024-12-28 15:01:21,005] {processor.py:163} INFO - Started process (PID=690) to work on /opt/airflow/dags/data_ingestion_gcs_yt_dag.py
[2024-12-28 15:01:21,007] {processor.py:642} INFO - Processing file /opt/airflow/dags/data_ingestion_gcs_yt_dag.py for tasks to queue
[2024-12-28 15:01:21,008] {logging_mixin.py:109} INFO - [2024-12-28 15:01:21,008] {dagbag.py:500} INFO - Filling up the DagBag from /opt/airflow/dags/data_ingestion_gcs_yt_dag.py
[2024-12-28 15:01:21,956] {processor.py:654} INFO - DAG(s) dict_keys(['ingest_data_bigquery_yt']) retrieved from /opt/airflow/dags/data_ingestion_gcs_yt_dag.py
[2024-12-28 15:01:21,969] {logging_mixin.py:109} INFO - [2024-12-28 15:01:21,968] {dag.py:2396} INFO - Sync 1 DAGs
[2024-12-28 15:01:21,990] {logging_mixin.py:109} INFO - [2024-12-28 15:01:21,989] {dag.py:2935} INFO - Setting next_dagrun for ingest_data_bigquery_yt to 2019-01-02 06:00:00+00:00
[2024-12-28 15:01:22,000] {processor.py:171} INFO - Processing /opt/airflow/dags/data_ingestion_gcs_yt_dag.py took 1.000 seconds
[2024-12-28 15:01:52,586] {processor.py:163} INFO - Started process (PID=740) to work on /opt/airflow/dags/data_ingestion_gcs_yt_dag.py
[2024-12-28 15:01:52,589] {processor.py:642} INFO - Processing file /opt/airflow/dags/data_ingestion_gcs_yt_dag.py for tasks to queue
[2024-12-28 15:01:52,590] {logging_mixin.py:109} INFO - [2024-12-28 15:01:52,590] {dagbag.py:500} INFO - Filling up the DagBag from /opt/airflow/dags/data_ingestion_gcs_yt_dag.py
[2024-12-28 15:01:53,527] {processor.py:654} INFO - DAG(s) dict_keys(['ingest_data_bigquery_yt']) retrieved from /opt/airflow/dags/data_ingestion_gcs_yt_dag.py
[2024-12-28 15:01:53,539] {logging_mixin.py:109} INFO - [2024-12-28 15:01:53,537] {dag.py:2396} INFO - Sync 1 DAGs
[2024-12-28 15:01:53,557] {logging_mixin.py:109} INFO - [2024-12-28 15:01:53,556] {dag.py:2935} INFO - Setting next_dagrun for ingest_data_bigquery_yt to 2019-01-02 06:00:00+00:00
[2024-12-28 15:01:53,565] {processor.py:171} INFO - Processing /opt/airflow/dags/data_ingestion_gcs_yt_dag.py took 0.984 seconds
[2024-12-28 15:02:23,677] {processor.py:163} INFO - Started process (PID=776) to work on /opt/airflow/dags/data_ingestion_gcs_yt_dag.py
[2024-12-28 15:02:23,679] {processor.py:642} INFO - Processing file /opt/airflow/dags/data_ingestion_gcs_yt_dag.py for tasks to queue
[2024-12-28 15:02:23,680] {logging_mixin.py:109} INFO - [2024-12-28 15:02:23,680] {dagbag.py:500} INFO - Filling up the DagBag from /opt/airflow/dags/data_ingestion_gcs_yt_dag.py
[2024-12-28 15:02:24,619] {processor.py:654} INFO - DAG(s) dict_keys(['ingest_data_bigquery_yt']) retrieved from /opt/airflow/dags/data_ingestion_gcs_yt_dag.py
[2024-12-28 15:02:24,632] {logging_mixin.py:109} INFO - [2024-12-28 15:02:24,630] {dag.py:2396} INFO - Sync 1 DAGs
[2024-12-28 15:02:24,653] {logging_mixin.py:109} INFO - [2024-12-28 15:02:24,653] {dag.py:2935} INFO - Setting next_dagrun for ingest_data_bigquery_yt to 2019-01-02 06:00:00+00:00
[2024-12-28 15:02:24,664] {processor.py:171} INFO - Processing /opt/airflow/dags/data_ingestion_gcs_yt_dag.py took 0.990 seconds
[2024-12-28 15:02:54,909] {processor.py:163} INFO - Started process (PID=816) to work on /opt/airflow/dags/data_ingestion_gcs_yt_dag.py
[2024-12-28 15:02:54,911] {processor.py:642} INFO - Processing file /opt/airflow/dags/data_ingestion_gcs_yt_dag.py for tasks to queue
[2024-12-28 15:02:54,912] {logging_mixin.py:109} INFO - [2024-12-28 15:02:54,912] {dagbag.py:500} INFO - Filling up the DagBag from /opt/airflow/dags/data_ingestion_gcs_yt_dag.py
[2024-12-28 15:02:56,172] {processor.py:654} INFO - DAG(s) dict_keys(['ingest_data_bigquery_yt']) retrieved from /opt/airflow/dags/data_ingestion_gcs_yt_dag.py
[2024-12-28 15:02:56,190] {logging_mixin.py:109} INFO - [2024-12-28 15:02:56,188] {dag.py:2396} INFO - Sync 1 DAGs
[2024-12-28 15:02:56,217] {logging_mixin.py:109} INFO - [2024-12-28 15:02:56,216] {dag.py:2935} INFO - Setting next_dagrun for ingest_data_bigquery_yt to 2019-01-02 06:00:00+00:00
[2024-12-28 15:02:56,229] {processor.py:171} INFO - Processing /opt/airflow/dags/data_ingestion_gcs_yt_dag.py took 1.326 seconds
[2024-12-28 15:03:26,327] {processor.py:163} INFO - Started process (PID=866) to work on /opt/airflow/dags/data_ingestion_gcs_yt_dag.py
[2024-12-28 15:03:26,329] {processor.py:642} INFO - Processing file /opt/airflow/dags/data_ingestion_gcs_yt_dag.py for tasks to queue
[2024-12-28 15:03:26,330] {logging_mixin.py:109} INFO - [2024-12-28 15:03:26,330] {dagbag.py:500} INFO - Filling up the DagBag from /opt/airflow/dags/data_ingestion_gcs_yt_dag.py
[2024-12-28 15:03:27,322] {processor.py:654} INFO - DAG(s) dict_keys(['ingest_data_bigquery_yt']) retrieved from /opt/airflow/dags/data_ingestion_gcs_yt_dag.py
[2024-12-28 15:03:27,337] {logging_mixin.py:109} INFO - [2024-12-28 15:03:27,336] {dag.py:2396} INFO - Sync 1 DAGs
[2024-12-28 15:03:27,357] {logging_mixin.py:109} INFO - [2024-12-28 15:03:27,356] {dag.py:2935} INFO - Setting next_dagrun for ingest_data_bigquery_yt to 2019-01-02 06:00:00+00:00
[2024-12-28 15:03:27,365] {processor.py:171} INFO - Processing /opt/airflow/dags/data_ingestion_gcs_yt_dag.py took 1.045 seconds
[2024-12-28 15:03:57,466] {processor.py:163} INFO - Started process (PID=905) to work on /opt/airflow/dags/data_ingestion_gcs_yt_dag.py
[2024-12-28 15:03:57,468] {processor.py:642} INFO - Processing file /opt/airflow/dags/data_ingestion_gcs_yt_dag.py for tasks to queue
[2024-12-28 15:03:57,470] {logging_mixin.py:109} INFO - [2024-12-28 15:03:57,470] {dagbag.py:500} INFO - Filling up the DagBag from /opt/airflow/dags/data_ingestion_gcs_yt_dag.py
[2024-12-28 15:03:58,518] {processor.py:654} INFO - DAG(s) dict_keys(['ingest_data_bigquery_yt']) retrieved from /opt/airflow/dags/data_ingestion_gcs_yt_dag.py
[2024-12-28 15:03:58,530] {logging_mixin.py:109} INFO - [2024-12-28 15:03:58,529] {dag.py:2396} INFO - Sync 1 DAGs
[2024-12-28 15:03:58,548] {logging_mixin.py:109} INFO - [2024-12-28 15:03:58,548] {dag.py:2935} INFO - Setting next_dagrun for ingest_data_bigquery_yt to 2019-01-02 06:00:00+00:00
[2024-12-28 15:03:58,557] {processor.py:171} INFO - Processing /opt/airflow/dags/data_ingestion_gcs_yt_dag.py took 1.098 seconds
[2024-12-28 15:04:28,591] {processor.py:163} INFO - Started process (PID=954) to work on /opt/airflow/dags/data_ingestion_gcs_yt_dag.py
[2024-12-28 15:04:28,594] {processor.py:642} INFO - Processing file /opt/airflow/dags/data_ingestion_gcs_yt_dag.py for tasks to queue
[2024-12-28 15:04:28,595] {logging_mixin.py:109} INFO - [2024-12-28 15:04:28,594] {dagbag.py:500} INFO - Filling up the DagBag from /opt/airflow/dags/data_ingestion_gcs_yt_dag.py
[2024-12-28 15:04:29,550] {processor.py:654} INFO - DAG(s) dict_keys(['ingest_data_bigquery_yt']) retrieved from /opt/airflow/dags/data_ingestion_gcs_yt_dag.py
[2024-12-28 15:04:29,568] {logging_mixin.py:109} INFO - [2024-12-28 15:04:29,566] {dag.py:2396} INFO - Sync 1 DAGs
[2024-12-28 15:04:29,593] {logging_mixin.py:109} INFO - [2024-12-28 15:04:29,593] {dag.py:2935} INFO - Setting next_dagrun for ingest_data_bigquery_yt to 2019-01-02 06:00:00+00:00
[2024-12-28 15:04:29,605] {processor.py:171} INFO - Processing /opt/airflow/dags/data_ingestion_gcs_yt_dag.py took 1.019 seconds
[2024-12-28 15:04:59,963] {processor.py:163} INFO - Started process (PID=995) to work on /opt/airflow/dags/data_ingestion_gcs_yt_dag.py
[2024-12-28 15:04:59,966] {processor.py:642} INFO - Processing file /opt/airflow/dags/data_ingestion_gcs_yt_dag.py for tasks to queue
[2024-12-28 15:04:59,967] {logging_mixin.py:109} INFO - [2024-12-28 15:04:59,967] {dagbag.py:500} INFO - Filling up the DagBag from /opt/airflow/dags/data_ingestion_gcs_yt_dag.py
[2024-12-28 15:05:00,937] {processor.py:654} INFO - DAG(s) dict_keys(['ingest_data_bigquery_yt']) retrieved from /opt/airflow/dags/data_ingestion_gcs_yt_dag.py
[2024-12-28 15:05:00,954] {logging_mixin.py:109} INFO - [2024-12-28 15:05:00,952] {dag.py:2396} INFO - Sync 1 DAGs
[2024-12-28 15:05:00,976] {logging_mixin.py:109} INFO - [2024-12-28 15:05:00,976] {dag.py:2935} INFO - Setting next_dagrun for ingest_data_bigquery_yt to 2019-01-02 06:00:00+00:00
[2024-12-28 15:05:00,985] {processor.py:171} INFO - Processing /opt/airflow/dags/data_ingestion_gcs_yt_dag.py took 1.028 seconds
[2024-12-28 15:05:31,120] {processor.py:163} INFO - Started process (PID=1045) to work on /opt/airflow/dags/data_ingestion_gcs_yt_dag.py
[2024-12-28 15:05:31,122] {processor.py:642} INFO - Processing file /opt/airflow/dags/data_ingestion_gcs_yt_dag.py for tasks to queue
[2024-12-28 15:05:31,123] {logging_mixin.py:109} INFO - [2024-12-28 15:05:31,123] {dagbag.py:500} INFO - Filling up the DagBag from /opt/airflow/dags/data_ingestion_gcs_yt_dag.py
[2024-12-28 15:05:32,280] {processor.py:654} INFO - DAG(s) dict_keys(['ingest_data_bigquery_yt']) retrieved from /opt/airflow/dags/data_ingestion_gcs_yt_dag.py
[2024-12-28 15:05:32,292] {logging_mixin.py:109} INFO - [2024-12-28 15:05:32,291] {dag.py:2396} INFO - Sync 1 DAGs
[2024-12-28 15:05:32,311] {logging_mixin.py:109} INFO - [2024-12-28 15:05:32,311] {dag.py:2935} INFO - Setting next_dagrun for ingest_data_bigquery_yt to 2019-01-02 06:00:00+00:00
[2024-12-28 15:05:32,320] {processor.py:171} INFO - Processing /opt/airflow/dags/data_ingestion_gcs_yt_dag.py took 1.206 seconds
[2024-12-28 15:06:02,396] {processor.py:163} INFO - Started process (PID=1088) to work on /opt/airflow/dags/data_ingestion_gcs_yt_dag.py
[2024-12-28 15:06:02,397] {processor.py:642} INFO - Processing file /opt/airflow/dags/data_ingestion_gcs_yt_dag.py for tasks to queue
[2024-12-28 15:06:02,398] {logging_mixin.py:109} INFO - [2024-12-28 15:06:02,398] {dagbag.py:500} INFO - Filling up the DagBag from /opt/airflow/dags/data_ingestion_gcs_yt_dag.py
[2024-12-28 15:06:03,328] {processor.py:654} INFO - DAG(s) dict_keys(['ingest_data_bigquery_yt']) retrieved from /opt/airflow/dags/data_ingestion_gcs_yt_dag.py
[2024-12-28 15:06:03,346] {logging_mixin.py:109} INFO - [2024-12-28 15:06:03,344] {dag.py:2396} INFO - Sync 1 DAGs
[2024-12-28 15:06:03,369] {logging_mixin.py:109} INFO - [2024-12-28 15:06:03,369] {dag.py:2935} INFO - Setting next_dagrun for ingest_data_bigquery_yt to 2019-01-02 06:00:00+00:00
[2024-12-28 15:06:03,378] {processor.py:171} INFO - Processing /opt/airflow/dags/data_ingestion_gcs_yt_dag.py took 0.986 seconds
[2024-12-28 15:06:33,473] {processor.py:163} INFO - Started process (PID=1134) to work on /opt/airflow/dags/data_ingestion_gcs_yt_dag.py
[2024-12-28 15:06:33,476] {processor.py:642} INFO - Processing file /opt/airflow/dags/data_ingestion_gcs_yt_dag.py for tasks to queue
[2024-12-28 15:06:33,477] {logging_mixin.py:109} INFO - [2024-12-28 15:06:33,476] {dagbag.py:500} INFO - Filling up the DagBag from /opt/airflow/dags/data_ingestion_gcs_yt_dag.py
[2024-12-28 15:06:34,712] {processor.py:654} INFO - DAG(s) dict_keys(['ingest_data_bigquery_yt']) retrieved from /opt/airflow/dags/data_ingestion_gcs_yt_dag.py
[2024-12-28 15:06:34,728] {logging_mixin.py:109} INFO - [2024-12-28 15:06:34,727] {dag.py:2396} INFO - Sync 1 DAGs
[2024-12-28 15:06:34,748] {logging_mixin.py:109} INFO - [2024-12-28 15:06:34,748] {dag.py:2935} INFO - Setting next_dagrun for ingest_data_bigquery_yt to 2019-01-02 06:00:00+00:00
[2024-12-28 15:06:34,757] {processor.py:171} INFO - Processing /opt/airflow/dags/data_ingestion_gcs_yt_dag.py took 1.289 seconds
[2024-12-28 15:07:04,842] {processor.py:163} INFO - Started process (PID=1174) to work on /opt/airflow/dags/data_ingestion_gcs_yt_dag.py
[2024-12-28 15:07:04,846] {processor.py:642} INFO - Processing file /opt/airflow/dags/data_ingestion_gcs_yt_dag.py for tasks to queue
[2024-12-28 15:07:04,847] {logging_mixin.py:109} INFO - [2024-12-28 15:07:04,846] {dagbag.py:500} INFO - Filling up the DagBag from /opt/airflow/dags/data_ingestion_gcs_yt_dag.py
[2024-12-28 15:07:05,859] {processor.py:654} INFO - DAG(s) dict_keys(['ingest_data_bigquery_yt']) retrieved from /opt/airflow/dags/data_ingestion_gcs_yt_dag.py
[2024-12-28 15:07:05,871] {logging_mixin.py:109} INFO - [2024-12-28 15:07:05,870] {dag.py:2396} INFO - Sync 1 DAGs
[2024-12-28 15:07:05,892] {logging_mixin.py:109} INFO - [2024-12-28 15:07:05,891] {dag.py:2935} INFO - Setting next_dagrun for ingest_data_bigquery_yt to 2019-01-02 06:00:00+00:00
[2024-12-28 15:07:05,901] {processor.py:171} INFO - Processing /opt/airflow/dags/data_ingestion_gcs_yt_dag.py took 1.064 seconds
[2024-12-28 15:07:36,014] {processor.py:163} INFO - Started process (PID=1215) to work on /opt/airflow/dags/data_ingestion_gcs_yt_dag.py
[2024-12-28 15:07:36,016] {processor.py:642} INFO - Processing file /opt/airflow/dags/data_ingestion_gcs_yt_dag.py for tasks to queue
[2024-12-28 15:07:36,017] {logging_mixin.py:109} INFO - [2024-12-28 15:07:36,017] {dagbag.py:500} INFO - Filling up the DagBag from /opt/airflow/dags/data_ingestion_gcs_yt_dag.py
[2024-12-28 15:07:36,950] {processor.py:654} INFO - DAG(s) dict_keys(['ingest_data_bigquery_yt']) retrieved from /opt/airflow/dags/data_ingestion_gcs_yt_dag.py
[2024-12-28 15:07:36,962] {logging_mixin.py:109} INFO - [2024-12-28 15:07:36,961] {dag.py:2396} INFO - Sync 1 DAGs
[2024-12-28 15:07:36,983] {logging_mixin.py:109} INFO - [2024-12-28 15:07:36,983] {dag.py:2935} INFO - Setting next_dagrun for ingest_data_bigquery_yt to 2019-01-02 06:00:00+00:00
[2024-12-28 15:07:36,993] {processor.py:171} INFO - Processing /opt/airflow/dags/data_ingestion_gcs_yt_dag.py took 0.985 seconds
[2024-12-28 15:08:07,133] {processor.py:163} INFO - Started process (PID=1265) to work on /opt/airflow/dags/data_ingestion_gcs_yt_dag.py
[2024-12-28 15:08:07,134] {processor.py:642} INFO - Processing file /opt/airflow/dags/data_ingestion_gcs_yt_dag.py for tasks to queue
[2024-12-28 15:08:07,135] {logging_mixin.py:109} INFO - [2024-12-28 15:08:07,135] {dagbag.py:500} INFO - Filling up the DagBag from /opt/airflow/dags/data_ingestion_gcs_yt_dag.py
[2024-12-28 15:08:08,079] {processor.py:654} INFO - DAG(s) dict_keys(['ingest_data_bigquery_yt']) retrieved from /opt/airflow/dags/data_ingestion_gcs_yt_dag.py
[2024-12-28 15:08:08,091] {logging_mixin.py:109} INFO - [2024-12-28 15:08:08,089] {dag.py:2396} INFO - Sync 1 DAGs
[2024-12-28 15:08:08,110] {logging_mixin.py:109} INFO - [2024-12-28 15:08:08,110] {dag.py:2935} INFO - Setting next_dagrun for ingest_data_bigquery_yt to 2019-01-02 06:00:00+00:00
[2024-12-28 15:08:08,119] {processor.py:171} INFO - Processing /opt/airflow/dags/data_ingestion_gcs_yt_dag.py took 0.991 seconds
[2024-12-28 15:08:38,199] {processor.py:163} INFO - Started process (PID=1304) to work on /opt/airflow/dags/data_ingestion_gcs_yt_dag.py
[2024-12-28 15:08:38,201] {processor.py:642} INFO - Processing file /opt/airflow/dags/data_ingestion_gcs_yt_dag.py for tasks to queue
[2024-12-28 15:08:38,202] {logging_mixin.py:109} INFO - [2024-12-28 15:08:38,202] {dagbag.py:500} INFO - Filling up the DagBag from /opt/airflow/dags/data_ingestion_gcs_yt_dag.py
[2024-12-28 15:08:39,061] {processor.py:654} INFO - DAG(s) dict_keys(['ingest_data_bigquery_yt']) retrieved from /opt/airflow/dags/data_ingestion_gcs_yt_dag.py
[2024-12-28 15:08:39,073] {logging_mixin.py:109} INFO - [2024-12-28 15:08:39,072] {dag.py:2396} INFO - Sync 1 DAGs
[2024-12-28 15:08:39,095] {logging_mixin.py:109} INFO - [2024-12-28 15:08:39,095] {dag.py:2935} INFO - Setting next_dagrun for ingest_data_bigquery_yt to 2019-01-02 06:00:00+00:00
[2024-12-28 15:08:39,104] {processor.py:171} INFO - Processing /opt/airflow/dags/data_ingestion_gcs_yt_dag.py took 0.910 seconds
[2024-12-28 15:09:09,133] {processor.py:163} INFO - Started process (PID=1354) to work on /opt/airflow/dags/data_ingestion_gcs_yt_dag.py
[2024-12-28 15:09:09,134] {processor.py:642} INFO - Processing file /opt/airflow/dags/data_ingestion_gcs_yt_dag.py for tasks to queue
[2024-12-28 15:09:09,135] {logging_mixin.py:109} INFO - [2024-12-28 15:09:09,135] {dagbag.py:500} INFO - Filling up the DagBag from /opt/airflow/dags/data_ingestion_gcs_yt_dag.py
[2024-12-28 15:09:10,067] {processor.py:654} INFO - DAG(s) dict_keys(['ingest_data_bigquery_yt']) retrieved from /opt/airflow/dags/data_ingestion_gcs_yt_dag.py
[2024-12-28 15:09:10,079] {logging_mixin.py:109} INFO - [2024-12-28 15:09:10,078] {dag.py:2396} INFO - Sync 1 DAGs
[2024-12-28 15:09:10,100] {logging_mixin.py:109} INFO - [2024-12-28 15:09:10,100] {dag.py:2935} INFO - Setting next_dagrun for ingest_data_bigquery_yt to 2019-01-02 06:00:00+00:00
[2024-12-28 15:09:10,110] {processor.py:171} INFO - Processing /opt/airflow/dags/data_ingestion_gcs_yt_dag.py took 0.982 seconds
[2024-12-28 15:09:40,147] {processor.py:163} INFO - Started process (PID=1394) to work on /opt/airflow/dags/data_ingestion_gcs_yt_dag.py
[2024-12-28 15:09:40,149] {processor.py:642} INFO - Processing file /opt/airflow/dags/data_ingestion_gcs_yt_dag.py for tasks to queue
[2024-12-28 15:09:40,150] {logging_mixin.py:109} INFO - [2024-12-28 15:09:40,150] {dagbag.py:500} INFO - Filling up the DagBag from /opt/airflow/dags/data_ingestion_gcs_yt_dag.py
[2024-12-28 15:09:41,044] {processor.py:654} INFO - DAG(s) dict_keys(['ingest_data_bigquery_yt']) retrieved from /opt/airflow/dags/data_ingestion_gcs_yt_dag.py
[2024-12-28 15:09:41,061] {logging_mixin.py:109} INFO - [2024-12-28 15:09:41,059] {dag.py:2396} INFO - Sync 1 DAGs
[2024-12-28 15:09:41,093] {logging_mixin.py:109} INFO - [2024-12-28 15:09:41,093] {dag.py:2935} INFO - Setting next_dagrun for ingest_data_bigquery_yt to 2019-01-02 06:00:00+00:00
[2024-12-28 15:09:41,104] {processor.py:171} INFO - Processing /opt/airflow/dags/data_ingestion_gcs_yt_dag.py took 0.962 seconds
[2024-12-28 15:10:11,189] {processor.py:163} INFO - Started process (PID=1445) to work on /opt/airflow/dags/data_ingestion_gcs_yt_dag.py
[2024-12-28 15:10:11,190] {processor.py:642} INFO - Processing file /opt/airflow/dags/data_ingestion_gcs_yt_dag.py for tasks to queue
[2024-12-28 15:10:11,191] {logging_mixin.py:109} INFO - [2024-12-28 15:10:11,191] {dagbag.py:500} INFO - Filling up the DagBag from /opt/airflow/dags/data_ingestion_gcs_yt_dag.py
[2024-12-28 15:10:12,141] {processor.py:654} INFO - DAG(s) dict_keys(['ingest_data_bigquery_yt']) retrieved from /opt/airflow/dags/data_ingestion_gcs_yt_dag.py
[2024-12-28 15:10:12,154] {logging_mixin.py:109} INFO - [2024-12-28 15:10:12,153] {dag.py:2396} INFO - Sync 1 DAGs
[2024-12-28 15:10:12,179] {logging_mixin.py:109} INFO - [2024-12-28 15:10:12,179] {dag.py:2935} INFO - Setting next_dagrun for ingest_data_bigquery_yt to 2019-01-02 06:00:00+00:00
[2024-12-28 15:10:12,194] {processor.py:171} INFO - Processing /opt/airflow/dags/data_ingestion_gcs_yt_dag.py took 1.010 seconds
[2024-12-28 15:10:42,315] {processor.py:163} INFO - Started process (PID=1485) to work on /opt/airflow/dags/data_ingestion_gcs_yt_dag.py
[2024-12-28 15:10:42,318] {processor.py:642} INFO - Processing file /opt/airflow/dags/data_ingestion_gcs_yt_dag.py for tasks to queue
[2024-12-28 15:10:42,319] {logging_mixin.py:109} INFO - [2024-12-28 15:10:42,319] {dagbag.py:500} INFO - Filling up the DagBag from /opt/airflow/dags/data_ingestion_gcs_yt_dag.py
[2024-12-28 15:10:43,229] {processor.py:654} INFO - DAG(s) dict_keys(['ingest_data_bigquery_yt']) retrieved from /opt/airflow/dags/data_ingestion_gcs_yt_dag.py
[2024-12-28 15:10:43,244] {logging_mixin.py:109} INFO - [2024-12-28 15:10:43,243] {dag.py:2396} INFO - Sync 1 DAGs
[2024-12-28 15:10:43,264] {logging_mixin.py:109} INFO - [2024-12-28 15:10:43,264] {dag.py:2935} INFO - Setting next_dagrun for ingest_data_bigquery_yt to 2019-01-02 06:00:00+00:00
[2024-12-28 15:10:43,273] {processor.py:171} INFO - Processing /opt/airflow/dags/data_ingestion_gcs_yt_dag.py took 0.962 seconds
[2024-12-28 15:11:13,315] {processor.py:163} INFO - Started process (PID=1525) to work on /opt/airflow/dags/data_ingestion_gcs_yt_dag.py
[2024-12-28 15:11:13,316] {processor.py:642} INFO - Processing file /opt/airflow/dags/data_ingestion_gcs_yt_dag.py for tasks to queue
[2024-12-28 15:11:13,317] {logging_mixin.py:109} INFO - [2024-12-28 15:11:13,317] {dagbag.py:500} INFO - Filling up the DagBag from /opt/airflow/dags/data_ingestion_gcs_yt_dag.py
[2024-12-28 15:11:14,418] {processor.py:654} INFO - DAG(s) dict_keys(['ingest_data_bigquery_yt']) retrieved from /opt/airflow/dags/data_ingestion_gcs_yt_dag.py
[2024-12-28 15:11:14,487] {logging_mixin.py:109} INFO - [2024-12-28 15:11:14,485] {dag.py:2396} INFO - Sync 1 DAGs
[2024-12-28 15:11:14,515] {logging_mixin.py:109} INFO - [2024-12-28 15:11:14,515] {dag.py:2935} INFO - Setting next_dagrun for ingest_data_bigquery_yt to 2019-01-02 06:00:00+00:00
[2024-12-28 15:11:14,527] {processor.py:171} INFO - Processing /opt/airflow/dags/data_ingestion_gcs_yt_dag.py took 1.216 seconds
[2024-12-28 15:11:44,763] {processor.py:163} INFO - Started process (PID=1575) to work on /opt/airflow/dags/data_ingestion_gcs_yt_dag.py
[2024-12-28 15:11:44,765] {processor.py:642} INFO - Processing file /opt/airflow/dags/data_ingestion_gcs_yt_dag.py for tasks to queue
[2024-12-28 15:11:44,766] {logging_mixin.py:109} INFO - [2024-12-28 15:11:44,766] {dagbag.py:500} INFO - Filling up the DagBag from /opt/airflow/dags/data_ingestion_gcs_yt_dag.py
[2024-12-28 15:11:45,681] {processor.py:654} INFO - DAG(s) dict_keys(['ingest_data_bigquery_yt']) retrieved from /opt/airflow/dags/data_ingestion_gcs_yt_dag.py
[2024-12-28 15:11:45,693] {logging_mixin.py:109} INFO - [2024-12-28 15:11:45,692] {dag.py:2396} INFO - Sync 1 DAGs
[2024-12-28 15:11:45,711] {logging_mixin.py:109} INFO - [2024-12-28 15:11:45,711] {dag.py:2935} INFO - Setting next_dagrun for ingest_data_bigquery_yt to 2019-01-02 06:00:00+00:00
[2024-12-28 15:11:45,720] {processor.py:171} INFO - Processing /opt/airflow/dags/data_ingestion_gcs_yt_dag.py took 0.962 seconds
[2024-12-28 15:12:15,854] {processor.py:163} INFO - Started process (PID=1614) to work on /opt/airflow/dags/data_ingestion_gcs_yt_dag.py
[2024-12-28 15:12:15,855] {processor.py:642} INFO - Processing file /opt/airflow/dags/data_ingestion_gcs_yt_dag.py for tasks to queue
[2024-12-28 15:12:15,856] {logging_mixin.py:109} INFO - [2024-12-28 15:12:15,856] {dagbag.py:500} INFO - Filling up the DagBag from /opt/airflow/dags/data_ingestion_gcs_yt_dag.py
[2024-12-28 15:12:16,771] {processor.py:654} INFO - DAG(s) dict_keys(['ingest_data_bigquery_yt']) retrieved from /opt/airflow/dags/data_ingestion_gcs_yt_dag.py
[2024-12-28 15:12:16,789] {logging_mixin.py:109} INFO - [2024-12-28 15:12:16,787] {dag.py:2396} INFO - Sync 1 DAGs
[2024-12-28 15:12:16,815] {logging_mixin.py:109} INFO - [2024-12-28 15:12:16,815] {dag.py:2935} INFO - Setting next_dagrun for ingest_data_bigquery_yt to 2019-01-02 06:00:00+00:00
[2024-12-28 15:12:16,825] {processor.py:171} INFO - Processing /opt/airflow/dags/data_ingestion_gcs_yt_dag.py took 0.975 seconds
[2024-12-28 15:12:46,962] {processor.py:163} INFO - Started process (PID=1664) to work on /opt/airflow/dags/data_ingestion_gcs_yt_dag.py
[2024-12-28 15:12:46,964] {processor.py:642} INFO - Processing file /opt/airflow/dags/data_ingestion_gcs_yt_dag.py for tasks to queue
[2024-12-28 15:12:46,965] {logging_mixin.py:109} INFO - [2024-12-28 15:12:46,965] {dagbag.py:500} INFO - Filling up the DagBag from /opt/airflow/dags/data_ingestion_gcs_yt_dag.py
[2024-12-28 15:12:47,890] {processor.py:654} INFO - DAG(s) dict_keys(['ingest_data_bigquery_yt']) retrieved from /opt/airflow/dags/data_ingestion_gcs_yt_dag.py
[2024-12-28 15:12:47,908] {logging_mixin.py:109} INFO - [2024-12-28 15:12:47,907] {dag.py:2396} INFO - Sync 1 DAGs
[2024-12-28 15:12:47,929] {logging_mixin.py:109} INFO - [2024-12-28 15:12:47,928] {dag.py:2935} INFO - Setting next_dagrun for ingest_data_bigquery_yt to 2019-01-02 06:00:00+00:00
[2024-12-28 15:12:47,939] {processor.py:171} INFO - Processing /opt/airflow/dags/data_ingestion_gcs_yt_dag.py took 0.982 seconds
[2024-12-28 15:13:18,099] {processor.py:163} INFO - Started process (PID=1704) to work on /opt/airflow/dags/data_ingestion_gcs_yt_dag.py
[2024-12-28 15:13:18,100] {processor.py:642} INFO - Processing file /opt/airflow/dags/data_ingestion_gcs_yt_dag.py for tasks to queue
[2024-12-28 15:13:18,101] {logging_mixin.py:109} INFO - [2024-12-28 15:13:18,101] {dagbag.py:500} INFO - Filling up the DagBag from /opt/airflow/dags/data_ingestion_gcs_yt_dag.py
[2024-12-28 15:13:18,978] {processor.py:654} INFO - DAG(s) dict_keys(['ingest_data_bigquery_yt']) retrieved from /opt/airflow/dags/data_ingestion_gcs_yt_dag.py
[2024-12-28 15:13:18,990] {logging_mixin.py:109} INFO - [2024-12-28 15:13:18,989] {dag.py:2396} INFO - Sync 1 DAGs
[2024-12-28 15:13:19,010] {logging_mixin.py:109} INFO - [2024-12-28 15:13:19,009] {dag.py:2935} INFO - Setting next_dagrun for ingest_data_bigquery_yt to 2019-01-02 06:00:00+00:00
[2024-12-28 15:13:19,020] {processor.py:171} INFO - Processing /opt/airflow/dags/data_ingestion_gcs_yt_dag.py took 0.925 seconds
[2024-12-28 15:13:49,621] {processor.py:163} INFO - Started process (PID=1754) to work on /opt/airflow/dags/data_ingestion_gcs_yt_dag.py
[2024-12-28 15:13:49,624] {processor.py:642} INFO - Processing file /opt/airflow/dags/data_ingestion_gcs_yt_dag.py for tasks to queue
[2024-12-28 15:13:49,625] {logging_mixin.py:109} INFO - [2024-12-28 15:13:49,625] {dagbag.py:500} INFO - Filling up the DagBag from /opt/airflow/dags/data_ingestion_gcs_yt_dag.py
[2024-12-28 15:13:50,585] {processor.py:654} INFO - DAG(s) dict_keys(['ingest_data_bigquery_yt']) retrieved from /opt/airflow/dags/data_ingestion_gcs_yt_dag.py
[2024-12-28 15:13:50,597] {logging_mixin.py:109} INFO - [2024-12-28 15:13:50,596] {dag.py:2396} INFO - Sync 1 DAGs
[2024-12-28 15:13:50,615] {logging_mixin.py:109} INFO - [2024-12-28 15:13:50,615] {dag.py:2935} INFO - Setting next_dagrun for ingest_data_bigquery_yt to 2019-01-02 06:00:00+00:00
[2024-12-28 15:13:50,626] {processor.py:171} INFO - Processing /opt/airflow/dags/data_ingestion_gcs_yt_dag.py took 1.010 seconds
[2024-12-28 15:14:20,667] {processor.py:163} INFO - Started process (PID=1794) to work on /opt/airflow/dags/data_ingestion_gcs_yt_dag.py
[2024-12-28 15:14:20,668] {processor.py:642} INFO - Processing file /opt/airflow/dags/data_ingestion_gcs_yt_dag.py for tasks to queue
[2024-12-28 15:14:20,669] {logging_mixin.py:109} INFO - [2024-12-28 15:14:20,669] {dagbag.py:500} INFO - Filling up the DagBag from /opt/airflow/dags/data_ingestion_gcs_yt_dag.py
[2024-12-28 15:14:21,620] {processor.py:654} INFO - DAG(s) dict_keys(['ingest_data_bigquery_yt']) retrieved from /opt/airflow/dags/data_ingestion_gcs_yt_dag.py
[2024-12-28 15:14:21,632] {logging_mixin.py:109} INFO - [2024-12-28 15:14:21,631] {dag.py:2396} INFO - Sync 1 DAGs
[2024-12-28 15:14:21,651] {logging_mixin.py:109} INFO - [2024-12-28 15:14:21,651] {dag.py:2935} INFO - Setting next_dagrun for ingest_data_bigquery_yt to 2019-01-02 06:00:00+00:00
[2024-12-28 15:14:21,661] {processor.py:171} INFO - Processing /opt/airflow/dags/data_ingestion_gcs_yt_dag.py took 0.999 seconds
[2024-12-28 15:14:52,302] {processor.py:163} INFO - Started process (PID=1844) to work on /opt/airflow/dags/data_ingestion_gcs_yt_dag.py
[2024-12-28 15:14:52,305] {processor.py:642} INFO - Processing file /opt/airflow/dags/data_ingestion_gcs_yt_dag.py for tasks to queue
[2024-12-28 15:14:52,306] {logging_mixin.py:109} INFO - [2024-12-28 15:14:52,306] {dagbag.py:500} INFO - Filling up the DagBag from /opt/airflow/dags/data_ingestion_gcs_yt_dag.py
[2024-12-28 15:14:53,366] {processor.py:654} INFO - DAG(s) dict_keys(['ingest_data_bigquery_yt']) retrieved from /opt/airflow/dags/data_ingestion_gcs_yt_dag.py
[2024-12-28 15:14:53,412] {logging_mixin.py:109} INFO - [2024-12-28 15:14:53,410] {dag.py:2396} INFO - Sync 1 DAGs
[2024-12-28 15:14:53,464] {logging_mixin.py:109} INFO - [2024-12-28 15:14:53,463] {dag.py:2935} INFO - Setting next_dagrun for ingest_data_bigquery_yt to 2019-01-02 06:00:00+00:00
[2024-12-28 15:14:53,475] {processor.py:171} INFO - Processing /opt/airflow/dags/data_ingestion_gcs_yt_dag.py took 1.179 seconds
[2024-12-28 15:15:24,441] {processor.py:163} INFO - Started process (PID=1885) to work on /opt/airflow/dags/data_ingestion_gcs_yt_dag.py
[2024-12-28 15:15:24,443] {processor.py:642} INFO - Processing file /opt/airflow/dags/data_ingestion_gcs_yt_dag.py for tasks to queue
[2024-12-28 15:15:24,444] {logging_mixin.py:109} INFO - [2024-12-28 15:15:24,444] {dagbag.py:500} INFO - Filling up the DagBag from /opt/airflow/dags/data_ingestion_gcs_yt_dag.py
[2024-12-28 15:15:25,418] {processor.py:654} INFO - DAG(s) dict_keys(['ingest_data_bigquery_yt']) retrieved from /opt/airflow/dags/data_ingestion_gcs_yt_dag.py
[2024-12-28 15:15:25,435] {logging_mixin.py:109} INFO - [2024-12-28 15:15:25,433] {dag.py:2396} INFO - Sync 1 DAGs
[2024-12-28 15:15:25,462] {logging_mixin.py:109} INFO - [2024-12-28 15:15:25,462] {dag.py:2935} INFO - Setting next_dagrun for ingest_data_bigquery_yt to 2019-01-02 06:00:00+00:00
[2024-12-28 15:15:25,473] {processor.py:171} INFO - Processing /opt/airflow/dags/data_ingestion_gcs_yt_dag.py took 1.037 seconds
[2024-12-28 15:15:55,648] {processor.py:163} INFO - Started process (PID=1936) to work on /opt/airflow/dags/data_ingestion_gcs_yt_dag.py
[2024-12-28 15:15:55,650] {processor.py:642} INFO - Processing file /opt/airflow/dags/data_ingestion_gcs_yt_dag.py for tasks to queue
[2024-12-28 15:15:55,651] {logging_mixin.py:109} INFO - [2024-12-28 15:15:55,651] {dagbag.py:500} INFO - Filling up the DagBag from /opt/airflow/dags/data_ingestion_gcs_yt_dag.py
[2024-12-28 15:15:57,843] {processor.py:654} INFO - DAG(s) dict_keys(['ingest_data_bigquery_yt']) retrieved from /opt/airflow/dags/data_ingestion_gcs_yt_dag.py
[2024-12-28 15:15:57,862] {logging_mixin.py:109} INFO - [2024-12-28 15:15:57,860] {dag.py:2396} INFO - Sync 1 DAGs
[2024-12-28 15:15:57,892] {logging_mixin.py:109} INFO - [2024-12-28 15:15:57,892] {dag.py:2935} INFO - Setting next_dagrun for ingest_data_bigquery_yt to 2019-01-02 06:00:00+00:00
[2024-12-28 15:15:57,914] {processor.py:171} INFO - Processing /opt/airflow/dags/data_ingestion_gcs_yt_dag.py took 2.272 seconds
[2024-12-28 15:16:28,591] {processor.py:163} INFO - Started process (PID=1977) to work on /opt/airflow/dags/data_ingestion_gcs_yt_dag.py
[2024-12-28 15:16:28,593] {processor.py:642} INFO - Processing file /opt/airflow/dags/data_ingestion_gcs_yt_dag.py for tasks to queue
[2024-12-28 15:16:28,594] {logging_mixin.py:109} INFO - [2024-12-28 15:16:28,593] {dagbag.py:500} INFO - Filling up the DagBag from /opt/airflow/dags/data_ingestion_gcs_yt_dag.py
[2024-12-28 15:16:29,586] {processor.py:654} INFO - DAG(s) dict_keys(['ingest_data_bigquery_yt']) retrieved from /opt/airflow/dags/data_ingestion_gcs_yt_dag.py
[2024-12-28 15:16:29,599] {logging_mixin.py:109} INFO - [2024-12-28 15:16:29,597] {dag.py:2396} INFO - Sync 1 DAGs
[2024-12-28 15:16:29,619] {logging_mixin.py:109} INFO - [2024-12-28 15:16:29,619] {dag.py:2935} INFO - Setting next_dagrun for ingest_data_bigquery_yt to 2019-01-02 06:00:00+00:00
[2024-12-28 15:16:29,628] {processor.py:171} INFO - Processing /opt/airflow/dags/data_ingestion_gcs_yt_dag.py took 1.041 seconds
[2024-12-28 15:16:59,797] {processor.py:163} INFO - Started process (PID=2017) to work on /opt/airflow/dags/data_ingestion_gcs_yt_dag.py
[2024-12-28 15:16:59,799] {processor.py:642} INFO - Processing file /opt/airflow/dags/data_ingestion_gcs_yt_dag.py for tasks to queue
[2024-12-28 15:16:59,800] {logging_mixin.py:109} INFO - [2024-12-28 15:16:59,800] {dagbag.py:500} INFO - Filling up the DagBag from /opt/airflow/dags/data_ingestion_gcs_yt_dag.py
[2024-12-28 15:17:01,024] {processor.py:654} INFO - DAG(s) dict_keys(['ingest_data_bigquery_yt']) retrieved from /opt/airflow/dags/data_ingestion_gcs_yt_dag.py
[2024-12-28 15:17:01,036] {logging_mixin.py:109} INFO - [2024-12-28 15:17:01,035] {dag.py:2396} INFO - Sync 1 DAGs
[2024-12-28 15:17:01,055] {logging_mixin.py:109} INFO - [2024-12-28 15:17:01,055] {dag.py:2935} INFO - Setting next_dagrun for ingest_data_bigquery_yt to 2019-01-02 06:00:00+00:00
[2024-12-28 15:17:01,065] {processor.py:171} INFO - Processing /opt/airflow/dags/data_ingestion_gcs_yt_dag.py took 1.273 seconds
[2024-12-28 15:17:31,932] {processor.py:163} INFO - Started process (PID=2073) to work on /opt/airflow/dags/data_ingestion_gcs_yt_dag.py
[2024-12-28 15:17:31,934] {processor.py:642} INFO - Processing file /opt/airflow/dags/data_ingestion_gcs_yt_dag.py for tasks to queue
[2024-12-28 15:17:31,935] {logging_mixin.py:109} INFO - [2024-12-28 15:17:31,935] {dagbag.py:500} INFO - Filling up the DagBag from /opt/airflow/dags/data_ingestion_gcs_yt_dag.py
[2024-12-28 15:17:32,857] {processor.py:654} INFO - DAG(s) dict_keys(['ingest_data_bigquery_yt']) retrieved from /opt/airflow/dags/data_ingestion_gcs_yt_dag.py
[2024-12-28 15:17:32,870] {logging_mixin.py:109} INFO - [2024-12-28 15:17:32,868] {dag.py:2396} INFO - Sync 1 DAGs
[2024-12-28 15:17:32,889] {logging_mixin.py:109} INFO - [2024-12-28 15:17:32,888] {dag.py:2935} INFO - Setting next_dagrun for ingest_data_bigquery_yt to 2019-01-02 06:00:00+00:00
[2024-12-28 15:17:32,898] {processor.py:171} INFO - Processing /opt/airflow/dags/data_ingestion_gcs_yt_dag.py took 0.971 seconds
[2024-12-28 15:18:03,177] {processor.py:163} INFO - Started process (PID=2113) to work on /opt/airflow/dags/data_ingestion_gcs_yt_dag.py
[2024-12-28 15:18:03,179] {processor.py:642} INFO - Processing file /opt/airflow/dags/data_ingestion_gcs_yt_dag.py for tasks to queue
[2024-12-28 15:18:03,179] {logging_mixin.py:109} INFO - [2024-12-28 15:18:03,179] {dagbag.py:500} INFO - Filling up the DagBag from /opt/airflow/dags/data_ingestion_gcs_yt_dag.py
[2024-12-28 15:18:04,039] {processor.py:654} INFO - DAG(s) dict_keys(['ingest_data_bigquery_yt']) retrieved from /opt/airflow/dags/data_ingestion_gcs_yt_dag.py
[2024-12-28 15:18:04,052] {logging_mixin.py:109} INFO - [2024-12-28 15:18:04,050] {dag.py:2396} INFO - Sync 1 DAGs
[2024-12-28 15:18:04,072] {logging_mixin.py:109} INFO - [2024-12-28 15:18:04,072] {dag.py:2935} INFO - Setting next_dagrun for ingest_data_bigquery_yt to 2019-01-02 06:00:00+00:00
[2024-12-28 15:18:04,081] {processor.py:171} INFO - Processing /opt/airflow/dags/data_ingestion_gcs_yt_dag.py took 0.909 seconds
[2024-12-28 15:18:34,345] {processor.py:163} INFO - Started process (PID=2164) to work on /opt/airflow/dags/data_ingestion_gcs_yt_dag.py
[2024-12-28 15:18:34,347] {processor.py:642} INFO - Processing file /opt/airflow/dags/data_ingestion_gcs_yt_dag.py for tasks to queue
[2024-12-28 15:18:34,348] {logging_mixin.py:109} INFO - [2024-12-28 15:18:34,348] {dagbag.py:500} INFO - Filling up the DagBag from /opt/airflow/dags/data_ingestion_gcs_yt_dag.py
[2024-12-28 15:18:35,195] {processor.py:654} INFO - DAG(s) dict_keys(['ingest_data_bigquery_yt']) retrieved from /opt/airflow/dags/data_ingestion_gcs_yt_dag.py
[2024-12-28 15:18:35,207] {logging_mixin.py:109} INFO - [2024-12-28 15:18:35,206] {dag.py:2396} INFO - Sync 1 DAGs
[2024-12-28 15:18:35,225] {logging_mixin.py:109} INFO - [2024-12-28 15:18:35,225] {dag.py:2935} INFO - Setting next_dagrun for ingest_data_bigquery_yt to 2019-01-02 06:00:00+00:00
[2024-12-28 15:18:35,234] {processor.py:171} INFO - Processing /opt/airflow/dags/data_ingestion_gcs_yt_dag.py took 0.894 seconds
[2024-12-28 15:19:05,421] {processor.py:163} INFO - Started process (PID=2204) to work on /opt/airflow/dags/data_ingestion_gcs_yt_dag.py
[2024-12-28 15:19:05,423] {processor.py:642} INFO - Processing file /opt/airflow/dags/data_ingestion_gcs_yt_dag.py for tasks to queue
[2024-12-28 15:19:05,423] {logging_mixin.py:109} INFO - [2024-12-28 15:19:05,423] {dagbag.py:500} INFO - Filling up the DagBag from /opt/airflow/dags/data_ingestion_gcs_yt_dag.py
[2024-12-28 15:19:06,338] {processor.py:654} INFO - DAG(s) dict_keys(['ingest_data_bigquery_yt']) retrieved from /opt/airflow/dags/data_ingestion_gcs_yt_dag.py
[2024-12-28 15:19:06,356] {logging_mixin.py:109} INFO - [2024-12-28 15:19:06,354] {dag.py:2396} INFO - Sync 1 DAGs
[2024-12-28 15:19:06,382] {logging_mixin.py:109} INFO - [2024-12-28 15:19:06,382] {dag.py:2935} INFO - Setting next_dagrun for ingest_data_bigquery_yt to 2019-01-02 06:00:00+00:00
[2024-12-28 15:19:06,394] {processor.py:171} INFO - Processing /opt/airflow/dags/data_ingestion_gcs_yt_dag.py took 0.977 seconds
[2024-12-28 15:19:36,531] {processor.py:163} INFO - Started process (PID=2254) to work on /opt/airflow/dags/data_ingestion_gcs_yt_dag.py
[2024-12-28 15:19:36,533] {processor.py:642} INFO - Processing file /opt/airflow/dags/data_ingestion_gcs_yt_dag.py for tasks to queue
[2024-12-28 15:19:36,534] {logging_mixin.py:109} INFO - [2024-12-28 15:19:36,534] {dagbag.py:500} INFO - Filling up the DagBag from /opt/airflow/dags/data_ingestion_gcs_yt_dag.py
[2024-12-28 15:19:37,408] {processor.py:654} INFO - DAG(s) dict_keys(['ingest_data_bigquery_yt']) retrieved from /opt/airflow/dags/data_ingestion_gcs_yt_dag.py
[2024-12-28 15:19:37,420] {logging_mixin.py:109} INFO - [2024-12-28 15:19:37,419] {dag.py:2396} INFO - Sync 1 DAGs
[2024-12-28 15:19:37,439] {logging_mixin.py:109} INFO - [2024-12-28 15:19:37,439] {dag.py:2935} INFO - Setting next_dagrun for ingest_data_bigquery_yt to 2019-01-02 06:00:00+00:00
[2024-12-28 15:19:37,448] {processor.py:171} INFO - Processing /opt/airflow/dags/data_ingestion_gcs_yt_dag.py took 0.921 seconds
[2024-12-28 15:20:07,841] {processor.py:163} INFO - Started process (PID=2294) to work on /opt/airflow/dags/data_ingestion_gcs_yt_dag.py
[2024-12-28 15:20:07,843] {processor.py:642} INFO - Processing file /opt/airflow/dags/data_ingestion_gcs_yt_dag.py for tasks to queue
[2024-12-28 15:20:07,843] {logging_mixin.py:109} INFO - [2024-12-28 15:20:07,843] {dagbag.py:500} INFO - Filling up the DagBag from /opt/airflow/dags/data_ingestion_gcs_yt_dag.py
[2024-12-28 15:20:08,695] {processor.py:654} INFO - DAG(s) dict_keys(['ingest_data_bigquery_yt']) retrieved from /opt/airflow/dags/data_ingestion_gcs_yt_dag.py
[2024-12-28 15:20:08,708] {logging_mixin.py:109} INFO - [2024-12-28 15:20:08,707] {dag.py:2396} INFO - Sync 1 DAGs
[2024-12-28 15:20:08,727] {logging_mixin.py:109} INFO - [2024-12-28 15:20:08,727] {dag.py:2935} INFO - Setting next_dagrun for ingest_data_bigquery_yt to 2019-01-02 06:00:00+00:00
[2024-12-28 15:20:08,737] {processor.py:171} INFO - Processing /opt/airflow/dags/data_ingestion_gcs_yt_dag.py took 0.900 seconds
[2024-12-28 15:20:39,037] {processor.py:163} INFO - Started process (PID=2343) to work on /opt/airflow/dags/data_ingestion_gcs_yt_dag.py
[2024-12-28 15:20:39,039] {processor.py:642} INFO - Processing file /opt/airflow/dags/data_ingestion_gcs_yt_dag.py for tasks to queue
[2024-12-28 15:20:39,041] {logging_mixin.py:109} INFO - [2024-12-28 15:20:39,040] {dagbag.py:500} INFO - Filling up the DagBag from /opt/airflow/dags/data_ingestion_gcs_yt_dag.py
[2024-12-28 15:20:40,344] {processor.py:654} INFO - DAG(s) dict_keys(['ingest_data_bigquery_yt']) retrieved from /opt/airflow/dags/data_ingestion_gcs_yt_dag.py
[2024-12-28 15:20:40,360] {logging_mixin.py:109} INFO - [2024-12-28 15:20:40,358] {dag.py:2396} INFO - Sync 1 DAGs
[2024-12-28 15:20:40,386] {logging_mixin.py:109} INFO - [2024-12-28 15:20:40,386] {dag.py:2935} INFO - Setting next_dagrun for ingest_data_bigquery_yt to 2019-01-02 06:00:00+00:00
[2024-12-28 15:20:40,398] {processor.py:171} INFO - Processing /opt/airflow/dags/data_ingestion_gcs_yt_dag.py took 1.367 seconds
[2024-12-28 15:21:10,511] {processor.py:163} INFO - Started process (PID=2384) to work on /opt/airflow/dags/data_ingestion_gcs_yt_dag.py
[2024-12-28 15:21:10,513] {processor.py:642} INFO - Processing file /opt/airflow/dags/data_ingestion_gcs_yt_dag.py for tasks to queue
[2024-12-28 15:21:10,514] {logging_mixin.py:109} INFO - [2024-12-28 15:21:10,514] {dagbag.py:500} INFO - Filling up the DagBag from /opt/airflow/dags/data_ingestion_gcs_yt_dag.py
[2024-12-28 15:21:11,455] {processor.py:654} INFO - DAG(s) dict_keys(['ingest_data_bigquery_yt']) retrieved from /opt/airflow/dags/data_ingestion_gcs_yt_dag.py
[2024-12-28 15:21:11,467] {logging_mixin.py:109} INFO - [2024-12-28 15:21:11,466] {dag.py:2396} INFO - Sync 1 DAGs
[2024-12-28 15:21:11,486] {logging_mixin.py:109} INFO - [2024-12-28 15:21:11,486] {dag.py:2935} INFO - Setting next_dagrun for ingest_data_bigquery_yt to 2019-01-02 06:00:00+00:00
[2024-12-28 15:21:11,496] {processor.py:171} INFO - Processing /opt/airflow/dags/data_ingestion_gcs_yt_dag.py took 0.990 seconds
[2024-12-28 15:21:41,564] {processor.py:163} INFO - Started process (PID=2424) to work on /opt/airflow/dags/data_ingestion_gcs_yt_dag.py
[2024-12-28 15:21:41,566] {processor.py:642} INFO - Processing file /opt/airflow/dags/data_ingestion_gcs_yt_dag.py for tasks to queue
[2024-12-28 15:21:41,567] {logging_mixin.py:109} INFO - [2024-12-28 15:21:41,567] {dagbag.py:500} INFO - Filling up the DagBag from /opt/airflow/dags/data_ingestion_gcs_yt_dag.py
[2024-12-28 15:21:42,473] {processor.py:654} INFO - DAG(s) dict_keys(['ingest_data_bigquery_yt']) retrieved from /opt/airflow/dags/data_ingestion_gcs_yt_dag.py
[2024-12-28 15:21:42,486] {logging_mixin.py:109} INFO - [2024-12-28 15:21:42,484] {dag.py:2396} INFO - Sync 1 DAGs
[2024-12-28 15:21:42,505] {logging_mixin.py:109} INFO - [2024-12-28 15:21:42,504] {dag.py:2935} INFO - Setting next_dagrun for ingest_data_bigquery_yt to 2019-01-02 06:00:00+00:00
[2024-12-28 15:21:42,514] {processor.py:171} INFO - Processing /opt/airflow/dags/data_ingestion_gcs_yt_dag.py took 0.955 seconds
[2024-12-28 15:22:12,836] {processor.py:163} INFO - Started process (PID=2474) to work on /opt/airflow/dags/data_ingestion_gcs_yt_dag.py
[2024-12-28 15:22:12,837] {processor.py:642} INFO - Processing file /opt/airflow/dags/data_ingestion_gcs_yt_dag.py for tasks to queue
[2024-12-28 15:22:12,838] {logging_mixin.py:109} INFO - [2024-12-28 15:22:12,838] {dagbag.py:500} INFO - Filling up the DagBag from /opt/airflow/dags/data_ingestion_gcs_yt_dag.py
[2024-12-28 15:22:13,769] {processor.py:654} INFO - DAG(s) dict_keys(['ingest_data_bigquery_yt']) retrieved from /opt/airflow/dags/data_ingestion_gcs_yt_dag.py
[2024-12-28 15:22:13,786] {logging_mixin.py:109} INFO - [2024-12-28 15:22:13,784] {dag.py:2396} INFO - Sync 1 DAGs
[2024-12-28 15:22:13,812] {logging_mixin.py:109} INFO - [2024-12-28 15:22:13,812] {dag.py:2935} INFO - Setting next_dagrun for ingest_data_bigquery_yt to 2019-01-02 06:00:00+00:00
[2024-12-28 15:22:13,823] {processor.py:171} INFO - Processing /opt/airflow/dags/data_ingestion_gcs_yt_dag.py took 0.993 seconds
[2024-12-28 15:22:43,910] {processor.py:163} INFO - Started process (PID=2514) to work on /opt/airflow/dags/data_ingestion_gcs_yt_dag.py
[2024-12-28 15:22:43,912] {processor.py:642} INFO - Processing file /opt/airflow/dags/data_ingestion_gcs_yt_dag.py for tasks to queue
[2024-12-28 15:22:43,913] {logging_mixin.py:109} INFO - [2024-12-28 15:22:43,913] {dagbag.py:500} INFO - Filling up the DagBag from /opt/airflow/dags/data_ingestion_gcs_yt_dag.py
[2024-12-28 15:22:44,785] {processor.py:654} INFO - DAG(s) dict_keys(['ingest_data_bigquery_yt']) retrieved from /opt/airflow/dags/data_ingestion_gcs_yt_dag.py
[2024-12-28 15:22:44,798] {logging_mixin.py:109} INFO - [2024-12-28 15:22:44,797] {dag.py:2396} INFO - Sync 1 DAGs
[2024-12-28 15:22:44,817] {logging_mixin.py:109} INFO - [2024-12-28 15:22:44,817] {dag.py:2935} INFO - Setting next_dagrun for ingest_data_bigquery_yt to 2019-01-02 06:00:00+00:00
[2024-12-28 15:22:44,827] {processor.py:171} INFO - Processing /opt/airflow/dags/data_ingestion_gcs_yt_dag.py took 0.921 seconds
[2024-12-28 15:23:15,086] {processor.py:163} INFO - Started process (PID=2564) to work on /opt/airflow/dags/data_ingestion_gcs_yt_dag.py
[2024-12-28 15:23:15,087] {processor.py:642} INFO - Processing file /opt/airflow/dags/data_ingestion_gcs_yt_dag.py for tasks to queue
[2024-12-28 15:23:15,088] {logging_mixin.py:109} INFO - [2024-12-28 15:23:15,088] {dagbag.py:500} INFO - Filling up the DagBag from /opt/airflow/dags/data_ingestion_gcs_yt_dag.py
[2024-12-28 15:23:15,948] {processor.py:654} INFO - DAG(s) dict_keys(['ingest_data_bigquery_yt']) retrieved from /opt/airflow/dags/data_ingestion_gcs_yt_dag.py
[2024-12-28 15:23:15,960] {logging_mixin.py:109} INFO - [2024-12-28 15:23:15,959] {dag.py:2396} INFO - Sync 1 DAGs
[2024-12-28 15:23:15,980] {logging_mixin.py:109} INFO - [2024-12-28 15:23:15,980] {dag.py:2935} INFO - Setting next_dagrun for ingest_data_bigquery_yt to 2019-01-02 06:00:00+00:00
[2024-12-28 15:23:15,989] {processor.py:171} INFO - Processing /opt/airflow/dags/data_ingestion_gcs_yt_dag.py took 0.908 seconds
[2024-12-28 15:23:46,286] {processor.py:163} INFO - Started process (PID=2604) to work on /opt/airflow/dags/data_ingestion_gcs_yt_dag.py
[2024-12-28 15:23:46,288] {processor.py:642} INFO - Processing file /opt/airflow/dags/data_ingestion_gcs_yt_dag.py for tasks to queue
[2024-12-28 15:23:46,289] {logging_mixin.py:109} INFO - [2024-12-28 15:23:46,288] {dagbag.py:500} INFO - Filling up the DagBag from /opt/airflow/dags/data_ingestion_gcs_yt_dag.py
[2024-12-28 15:23:47,193] {processor.py:654} INFO - DAG(s) dict_keys(['ingest_data_bigquery_yt']) retrieved from /opt/airflow/dags/data_ingestion_gcs_yt_dag.py
[2024-12-28 15:23:47,205] {logging_mixin.py:109} INFO - [2024-12-28 15:23:47,204] {dag.py:2396} INFO - Sync 1 DAGs
[2024-12-28 15:23:47,223] {logging_mixin.py:109} INFO - [2024-12-28 15:23:47,223] {dag.py:2935} INFO - Setting next_dagrun for ingest_data_bigquery_yt to 2019-01-02 06:00:00+00:00
[2024-12-28 15:23:47,232] {processor.py:171} INFO - Processing /opt/airflow/dags/data_ingestion_gcs_yt_dag.py took 0.951 seconds
[2024-12-28 15:24:17,352] {processor.py:163} INFO - Started process (PID=2654) to work on /opt/airflow/dags/data_ingestion_gcs_yt_dag.py
[2024-12-28 15:24:17,354] {processor.py:642} INFO - Processing file /opt/airflow/dags/data_ingestion_gcs_yt_dag.py for tasks to queue
[2024-12-28 15:24:17,354] {logging_mixin.py:109} INFO - [2024-12-28 15:24:17,354] {dagbag.py:500} INFO - Filling up the DagBag from /opt/airflow/dags/data_ingestion_gcs_yt_dag.py
[2024-12-28 15:24:18,204] {processor.py:654} INFO - DAG(s) dict_keys(['ingest_data_bigquery_yt']) retrieved from /opt/airflow/dags/data_ingestion_gcs_yt_dag.py
[2024-12-28 15:24:18,216] {logging_mixin.py:109} INFO - [2024-12-28 15:24:18,215] {dag.py:2396} INFO - Sync 1 DAGs
[2024-12-28 15:24:18,238] {logging_mixin.py:109} INFO - [2024-12-28 15:24:18,238] {dag.py:2935} INFO - Setting next_dagrun for ingest_data_bigquery_yt to 2019-01-02 06:00:00+00:00
[2024-12-28 15:24:18,248] {processor.py:171} INFO - Processing /opt/airflow/dags/data_ingestion_gcs_yt_dag.py took 0.900 seconds
[2024-12-28 15:24:48,476] {processor.py:163} INFO - Started process (PID=2694) to work on /opt/airflow/dags/data_ingestion_gcs_yt_dag.py
[2024-12-28 15:24:48,478] {processor.py:642} INFO - Processing file /opt/airflow/dags/data_ingestion_gcs_yt_dag.py for tasks to queue
[2024-12-28 15:24:48,479] {logging_mixin.py:109} INFO - [2024-12-28 15:24:48,479] {dagbag.py:500} INFO - Filling up the DagBag from /opt/airflow/dags/data_ingestion_gcs_yt_dag.py
[2024-12-28 15:24:49,343] {processor.py:654} INFO - DAG(s) dict_keys(['ingest_data_bigquery_yt']) retrieved from /opt/airflow/dags/data_ingestion_gcs_yt_dag.py
[2024-12-28 15:24:49,356] {logging_mixin.py:109} INFO - [2024-12-28 15:24:49,354] {dag.py:2396} INFO - Sync 1 DAGs
[2024-12-28 15:24:49,377] {logging_mixin.py:109} INFO - [2024-12-28 15:24:49,377] {dag.py:2935} INFO - Setting next_dagrun for ingest_data_bigquery_yt to 2019-01-02 06:00:00+00:00
[2024-12-28 15:24:49,386] {processor.py:171} INFO - Processing /opt/airflow/dags/data_ingestion_gcs_yt_dag.py took 0.916 seconds
[2024-12-28 15:25:19,492] {processor.py:163} INFO - Started process (PID=2744) to work on /opt/airflow/dags/data_ingestion_gcs_yt_dag.py
[2024-12-28 15:25:19,494] {processor.py:642} INFO - Processing file /opt/airflow/dags/data_ingestion_gcs_yt_dag.py for tasks to queue
[2024-12-28 15:25:19,496] {logging_mixin.py:109} INFO - [2024-12-28 15:25:19,496] {dagbag.py:500} INFO - Filling up the DagBag from /opt/airflow/dags/data_ingestion_gcs_yt_dag.py
[2024-12-28 15:25:20,560] {processor.py:654} INFO - DAG(s) dict_keys(['ingest_data_bigquery_yt']) retrieved from /opt/airflow/dags/data_ingestion_gcs_yt_dag.py
[2024-12-28 15:25:20,579] {logging_mixin.py:109} INFO - [2024-12-28 15:25:20,577] {dag.py:2396} INFO - Sync 1 DAGs
[2024-12-28 15:25:20,610] {logging_mixin.py:109} INFO - [2024-12-28 15:25:20,610] {dag.py:2935} INFO - Setting next_dagrun for ingest_data_bigquery_yt to 2019-01-02 06:00:00+00:00
[2024-12-28 15:25:20,622] {processor.py:171} INFO - Processing /opt/airflow/dags/data_ingestion_gcs_yt_dag.py took 1.136 seconds
[2024-12-28 15:25:50,688] {processor.py:163} INFO - Started process (PID=2784) to work on /opt/airflow/dags/data_ingestion_gcs_yt_dag.py
[2024-12-28 15:25:50,690] {processor.py:642} INFO - Processing file /opt/airflow/dags/data_ingestion_gcs_yt_dag.py for tasks to queue
[2024-12-28 15:25:50,691] {logging_mixin.py:109} INFO - [2024-12-28 15:25:50,691] {dagbag.py:500} INFO - Filling up the DagBag from /opt/airflow/dags/data_ingestion_gcs_yt_dag.py
[2024-12-28 15:25:51,598] {processor.py:654} INFO - DAG(s) dict_keys(['ingest_data_bigquery_yt']) retrieved from /opt/airflow/dags/data_ingestion_gcs_yt_dag.py
[2024-12-28 15:25:51,610] {logging_mixin.py:109} INFO - [2024-12-28 15:25:51,608] {dag.py:2396} INFO - Sync 1 DAGs
[2024-12-28 15:25:51,630] {logging_mixin.py:109} INFO - [2024-12-28 15:25:51,630] {dag.py:2935} INFO - Setting next_dagrun for ingest_data_bigquery_yt to 2019-01-02 06:00:00+00:00
[2024-12-28 15:25:51,639] {processor.py:171} INFO - Processing /opt/airflow/dags/data_ingestion_gcs_yt_dag.py took 0.955 seconds
[2024-12-28 15:26:22,048] {processor.py:163} INFO - Started process (PID=2833) to work on /opt/airflow/dags/data_ingestion_gcs_yt_dag.py
[2024-12-28 15:26:22,050] {processor.py:642} INFO - Processing file /opt/airflow/dags/data_ingestion_gcs_yt_dag.py for tasks to queue
[2024-12-28 15:26:22,050] {logging_mixin.py:109} INFO - [2024-12-28 15:26:22,050] {dagbag.py:500} INFO - Filling up the DagBag from /opt/airflow/dags/data_ingestion_gcs_yt_dag.py
[2024-12-28 15:26:23,001] {processor.py:654} INFO - DAG(s) dict_keys(['ingest_data_bigquery_yt']) retrieved from /opt/airflow/dags/data_ingestion_gcs_yt_dag.py
[2024-12-28 15:26:23,013] {logging_mixin.py:109} INFO - [2024-12-28 15:26:23,011] {dag.py:2396} INFO - Sync 1 DAGs
[2024-12-28 15:26:23,033] {logging_mixin.py:109} INFO - [2024-12-28 15:26:23,033] {dag.py:2935} INFO - Setting next_dagrun for ingest_data_bigquery_yt to 2019-01-02 06:00:00+00:00
[2024-12-28 15:26:23,043] {processor.py:171} INFO - Processing /opt/airflow/dags/data_ingestion_gcs_yt_dag.py took 1.000 seconds
[2024-12-28 15:26:53,503] {processor.py:163} INFO - Started process (PID=2874) to work on /opt/airflow/dags/data_ingestion_gcs_yt_dag.py
[2024-12-28 15:26:53,505] {processor.py:642} INFO - Processing file /opt/airflow/dags/data_ingestion_gcs_yt_dag.py for tasks to queue
[2024-12-28 15:26:53,506] {logging_mixin.py:109} INFO - [2024-12-28 15:26:53,506] {dagbag.py:500} INFO - Filling up the DagBag from /opt/airflow/dags/data_ingestion_gcs_yt_dag.py
[2024-12-28 15:26:54,422] {processor.py:654} INFO - DAG(s) dict_keys(['ingest_data_bigquery_yt']) retrieved from /opt/airflow/dags/data_ingestion_gcs_yt_dag.py
[2024-12-28 15:26:54,436] {logging_mixin.py:109} INFO - [2024-12-28 15:26:54,435] {dag.py:2396} INFO - Sync 1 DAGs
[2024-12-28 15:26:54,462] {logging_mixin.py:109} INFO - [2024-12-28 15:26:54,462] {dag.py:2935} INFO - Setting next_dagrun for ingest_data_bigquery_yt to 2019-01-02 06:00:00+00:00
[2024-12-28 15:26:54,471] {processor.py:171} INFO - Processing /opt/airflow/dags/data_ingestion_gcs_yt_dag.py took 0.972 seconds
[2024-12-28 15:27:24,604] {processor.py:163} INFO - Started process (PID=2914) to work on /opt/airflow/dags/data_ingestion_gcs_yt_dag.py
[2024-12-28 15:27:24,606] {processor.py:642} INFO - Processing file /opt/airflow/dags/data_ingestion_gcs_yt_dag.py for tasks to queue
[2024-12-28 15:27:24,606] {logging_mixin.py:109} INFO - [2024-12-28 15:27:24,606] {dagbag.py:500} INFO - Filling up the DagBag from /opt/airflow/dags/data_ingestion_gcs_yt_dag.py
[2024-12-28 15:27:25,485] {processor.py:654} INFO - DAG(s) dict_keys(['ingest_data_bigquery_yt']) retrieved from /opt/airflow/dags/data_ingestion_gcs_yt_dag.py
[2024-12-28 15:27:25,499] {logging_mixin.py:109} INFO - [2024-12-28 15:27:25,498] {dag.py:2396} INFO - Sync 1 DAGs
[2024-12-28 15:27:25,517] {logging_mixin.py:109} INFO - [2024-12-28 15:27:25,517] {dag.py:2935} INFO - Setting next_dagrun for ingest_data_bigquery_yt to 2019-01-02 06:00:00+00:00
[2024-12-28 15:27:25,527] {processor.py:171} INFO - Processing /opt/airflow/dags/data_ingestion_gcs_yt_dag.py took 0.927 seconds
[2024-12-28 15:27:56,155] {processor.py:163} INFO - Started process (PID=2964) to work on /opt/airflow/dags/data_ingestion_gcs_yt_dag.py
[2024-12-28 15:27:56,157] {processor.py:642} INFO - Processing file /opt/airflow/dags/data_ingestion_gcs_yt_dag.py for tasks to queue
[2024-12-28 15:27:56,158] {logging_mixin.py:109} INFO - [2024-12-28 15:27:56,158] {dagbag.py:500} INFO - Filling up the DagBag from /opt/airflow/dags/data_ingestion_gcs_yt_dag.py
[2024-12-28 15:27:57,024] {processor.py:654} INFO - DAG(s) dict_keys(['ingest_data_bigquery_yt']) retrieved from /opt/airflow/dags/data_ingestion_gcs_yt_dag.py
[2024-12-28 15:27:57,036] {logging_mixin.py:109} INFO - [2024-12-28 15:27:57,035] {dag.py:2396} INFO - Sync 1 DAGs
[2024-12-28 15:27:57,055] {logging_mixin.py:109} INFO - [2024-12-28 15:27:57,055] {dag.py:2935} INFO - Setting next_dagrun for ingest_data_bigquery_yt to 2019-01-02 06:00:00+00:00
[2024-12-28 15:27:57,064] {processor.py:171} INFO - Processing /opt/airflow/dags/data_ingestion_gcs_yt_dag.py took 0.913 seconds
[2024-12-28 15:28:27,358] {processor.py:163} INFO - Started process (PID=3004) to work on /opt/airflow/dags/data_ingestion_gcs_yt_dag.py
[2024-12-28 15:28:27,360] {processor.py:642} INFO - Processing file /opt/airflow/dags/data_ingestion_gcs_yt_dag.py for tasks to queue
[2024-12-28 15:28:27,360] {logging_mixin.py:109} INFO - [2024-12-28 15:28:27,360] {dagbag.py:500} INFO - Filling up the DagBag from /opt/airflow/dags/data_ingestion_gcs_yt_dag.py
[2024-12-28 15:28:28,278] {processor.py:654} INFO - DAG(s) dict_keys(['ingest_data_bigquery_yt']) retrieved from /opt/airflow/dags/data_ingestion_gcs_yt_dag.py
[2024-12-28 15:28:28,296] {logging_mixin.py:109} INFO - [2024-12-28 15:28:28,294] {dag.py:2396} INFO - Sync 1 DAGs
[2024-12-28 15:28:28,325] {logging_mixin.py:109} INFO - [2024-12-28 15:28:28,325] {dag.py:2935} INFO - Setting next_dagrun for ingest_data_bigquery_yt to 2019-01-02 06:00:00+00:00
[2024-12-28 15:28:28,341] {processor.py:171} INFO - Processing /opt/airflow/dags/data_ingestion_gcs_yt_dag.py took 0.987 seconds
[2024-12-28 15:28:58,761] {processor.py:163} INFO - Started process (PID=3054) to work on /opt/airflow/dags/data_ingestion_gcs_yt_dag.py
[2024-12-28 15:28:58,768] {processor.py:642} INFO - Processing file /opt/airflow/dags/data_ingestion_gcs_yt_dag.py for tasks to queue
[2024-12-28 15:28:58,769] {logging_mixin.py:109} INFO - [2024-12-28 15:28:58,769] {dagbag.py:500} INFO - Filling up the DagBag from /opt/airflow/dags/data_ingestion_gcs_yt_dag.py
[2024-12-28 15:28:59,694] {processor.py:654} INFO - DAG(s) dict_keys(['ingest_data_bigquery_yt']) retrieved from /opt/airflow/dags/data_ingestion_gcs_yt_dag.py
[2024-12-28 15:28:59,706] {logging_mixin.py:109} INFO - [2024-12-28 15:28:59,704] {dag.py:2396} INFO - Sync 1 DAGs
[2024-12-28 15:28:59,723] {logging_mixin.py:109} INFO - [2024-12-28 15:28:59,723] {dag.py:2935} INFO - Setting next_dagrun for ingest_data_bigquery_yt to 2019-01-02 06:00:00+00:00
[2024-12-28 15:28:59,733] {processor.py:171} INFO - Processing /opt/airflow/dags/data_ingestion_gcs_yt_dag.py took 0.977 seconds
[2024-12-28 15:29:29,819] {processor.py:163} INFO - Started process (PID=3094) to work on /opt/airflow/dags/data_ingestion_gcs_yt_dag.py
[2024-12-28 15:29:29,821] {processor.py:642} INFO - Processing file /opt/airflow/dags/data_ingestion_gcs_yt_dag.py for tasks to queue
[2024-12-28 15:29:29,822] {logging_mixin.py:109} INFO - [2024-12-28 15:29:29,822] {dagbag.py:500} INFO - Filling up the DagBag from /opt/airflow/dags/data_ingestion_gcs_yt_dag.py
[2024-12-28 15:29:30,696] {processor.py:654} INFO - DAG(s) dict_keys(['ingest_data_bigquery_yt']) retrieved from /opt/airflow/dags/data_ingestion_gcs_yt_dag.py
[2024-12-28 15:29:30,709] {logging_mixin.py:109} INFO - [2024-12-28 15:29:30,708] {dag.py:2396} INFO - Sync 1 DAGs
[2024-12-28 15:29:30,728] {logging_mixin.py:109} INFO - [2024-12-28 15:29:30,727] {dag.py:2935} INFO - Setting next_dagrun for ingest_data_bigquery_yt to 2019-01-02 06:00:00+00:00
[2024-12-28 15:29:30,736] {processor.py:171} INFO - Processing /opt/airflow/dags/data_ingestion_gcs_yt_dag.py took 0.922 seconds
[2024-12-28 15:30:00,966] {processor.py:163} INFO - Started process (PID=3144) to work on /opt/airflow/dags/data_ingestion_gcs_yt_dag.py
[2024-12-28 15:30:00,968] {processor.py:642} INFO - Processing file /opt/airflow/dags/data_ingestion_gcs_yt_dag.py for tasks to queue
[2024-12-28 15:30:00,969] {logging_mixin.py:109} INFO - [2024-12-28 15:30:00,969] {dagbag.py:500} INFO - Filling up the DagBag from /opt/airflow/dags/data_ingestion_gcs_yt_dag.py
[2024-12-28 15:30:02,284] {processor.py:654} INFO - DAG(s) dict_keys(['ingest_data_bigquery_yt']) retrieved from /opt/airflow/dags/data_ingestion_gcs_yt_dag.py
[2024-12-28 15:30:02,302] {logging_mixin.py:109} INFO - [2024-12-28 15:30:02,300] {dag.py:2396} INFO - Sync 1 DAGs
[2024-12-28 15:30:02,329] {logging_mixin.py:109} INFO - [2024-12-28 15:30:02,329] {dag.py:2935} INFO - Setting next_dagrun for ingest_data_bigquery_yt to 2019-01-02 06:00:00+00:00
[2024-12-28 15:30:02,341] {processor.py:171} INFO - Processing /opt/airflow/dags/data_ingestion_gcs_yt_dag.py took 1.381 seconds
[2024-12-28 15:30:32,996] {processor.py:163} INFO - Started process (PID=3184) to work on /opt/airflow/dags/data_ingestion_gcs_yt_dag.py
[2024-12-28 15:30:32,998] {processor.py:642} INFO - Processing file /opt/airflow/dags/data_ingestion_gcs_yt_dag.py for tasks to queue
[2024-12-28 15:30:32,999] {logging_mixin.py:109} INFO - [2024-12-28 15:30:32,999] {dagbag.py:500} INFO - Filling up the DagBag from /opt/airflow/dags/data_ingestion_gcs_yt_dag.py
[2024-12-28 15:30:33,872] {processor.py:654} INFO - DAG(s) dict_keys(['ingest_data_bigquery_yt']) retrieved from /opt/airflow/dags/data_ingestion_gcs_yt_dag.py
[2024-12-28 15:30:33,885] {logging_mixin.py:109} INFO - [2024-12-28 15:30:33,883] {dag.py:2396} INFO - Sync 1 DAGs
[2024-12-28 15:30:33,903] {logging_mixin.py:109} INFO - [2024-12-28 15:30:33,903] {dag.py:2935} INFO - Setting next_dagrun for ingest_data_bigquery_yt to 2019-01-02 06:00:00+00:00
[2024-12-28 15:30:33,912] {processor.py:171} INFO - Processing /opt/airflow/dags/data_ingestion_gcs_yt_dag.py took 0.920 seconds
[2024-12-28 15:31:04,219] {processor.py:163} INFO - Started process (PID=3234) to work on /opt/airflow/dags/data_ingestion_gcs_yt_dag.py
[2024-12-28 15:31:04,221] {processor.py:642} INFO - Processing file /opt/airflow/dags/data_ingestion_gcs_yt_dag.py for tasks to queue
[2024-12-28 15:31:04,221] {logging_mixin.py:109} INFO - [2024-12-28 15:31:04,221] {dagbag.py:500} INFO - Filling up the DagBag from /opt/airflow/dags/data_ingestion_gcs_yt_dag.py
[2024-12-28 15:31:05,071] {processor.py:654} INFO - DAG(s) dict_keys(['ingest_data_bigquery_yt']) retrieved from /opt/airflow/dags/data_ingestion_gcs_yt_dag.py
[2024-12-28 15:31:05,083] {logging_mixin.py:109} INFO - [2024-12-28 15:31:05,082] {dag.py:2396} INFO - Sync 1 DAGs
[2024-12-28 15:31:05,102] {logging_mixin.py:109} INFO - [2024-12-28 15:31:05,102] {dag.py:2935} INFO - Setting next_dagrun for ingest_data_bigquery_yt to 2019-01-02 06:00:00+00:00
[2024-12-28 15:31:05,112] {processor.py:171} INFO - Processing /opt/airflow/dags/data_ingestion_gcs_yt_dag.py took 0.897 seconds
[2024-12-28 15:31:35,430] {processor.py:163} INFO - Started process (PID=3275) to work on /opt/airflow/dags/data_ingestion_gcs_yt_dag.py
[2024-12-28 15:31:35,433] {processor.py:642} INFO - Processing file /opt/airflow/dags/data_ingestion_gcs_yt_dag.py for tasks to queue
[2024-12-28 15:31:35,433] {logging_mixin.py:109} INFO - [2024-12-28 15:31:35,433] {dagbag.py:500} INFO - Filling up the DagBag from /opt/airflow/dags/data_ingestion_gcs_yt_dag.py
[2024-12-28 15:31:36,401] {processor.py:654} INFO - DAG(s) dict_keys(['ingest_data_bigquery_yt']) retrieved from /opt/airflow/dags/data_ingestion_gcs_yt_dag.py
[2024-12-28 15:31:36,418] {logging_mixin.py:109} INFO - [2024-12-28 15:31:36,416] {dag.py:2396} INFO - Sync 1 DAGs
[2024-12-28 15:31:36,439] {logging_mixin.py:109} INFO - [2024-12-28 15:31:36,439] {dag.py:2935} INFO - Setting next_dagrun for ingest_data_bigquery_yt to 2019-01-02 06:00:00+00:00
[2024-12-28 15:31:36,449] {processor.py:171} INFO - Processing /opt/airflow/dags/data_ingestion_gcs_yt_dag.py took 1.023 seconds
[2024-12-28 15:32:06,574] {processor.py:163} INFO - Started process (PID=3325) to work on /opt/airflow/dags/data_ingestion_gcs_yt_dag.py
[2024-12-28 15:32:06,576] {processor.py:642} INFO - Processing file /opt/airflow/dags/data_ingestion_gcs_yt_dag.py for tasks to queue
[2024-12-28 15:32:06,577] {logging_mixin.py:109} INFO - [2024-12-28 15:32:06,577] {dagbag.py:500} INFO - Filling up the DagBag from /opt/airflow/dags/data_ingestion_gcs_yt_dag.py
[2024-12-28 15:32:07,575] {processor.py:654} INFO - DAG(s) dict_keys(['ingest_data_bigquery_yt']) retrieved from /opt/airflow/dags/data_ingestion_gcs_yt_dag.py
[2024-12-28 15:32:07,587] {logging_mixin.py:109} INFO - [2024-12-28 15:32:07,586] {dag.py:2396} INFO - Sync 1 DAGs
[2024-12-28 15:32:07,608] {logging_mixin.py:109} INFO - [2024-12-28 15:32:07,608] {dag.py:2935} INFO - Setting next_dagrun for ingest_data_bigquery_yt to 2019-01-02 06:00:00+00:00
[2024-12-28 15:32:07,618] {processor.py:171} INFO - Processing /opt/airflow/dags/data_ingestion_gcs_yt_dag.py took 1.050 seconds
[2024-12-28 15:32:37,703] {processor.py:163} INFO - Started process (PID=3366) to work on /opt/airflow/dags/data_ingestion_gcs_yt_dag.py
[2024-12-28 15:32:37,711] {processor.py:642} INFO - Processing file /opt/airflow/dags/data_ingestion_gcs_yt_dag.py for tasks to queue
[2024-12-28 15:32:37,711] {logging_mixin.py:109} INFO - [2024-12-28 15:32:37,711] {dagbag.py:500} INFO - Filling up the DagBag from /opt/airflow/dags/data_ingestion_gcs_yt_dag.py
[2024-12-28 15:32:38,577] {processor.py:654} INFO - DAG(s) dict_keys(['ingest_data_bigquery_yt']) retrieved from /opt/airflow/dags/data_ingestion_gcs_yt_dag.py
[2024-12-28 15:32:38,589] {logging_mixin.py:109} INFO - [2024-12-28 15:32:38,588] {dag.py:2396} INFO - Sync 1 DAGs
[2024-12-28 15:32:38,607] {logging_mixin.py:109} INFO - [2024-12-28 15:32:38,607] {dag.py:2935} INFO - Setting next_dagrun for ingest_data_bigquery_yt to 2019-01-02 06:00:00+00:00
[2024-12-28 15:32:38,616] {processor.py:171} INFO - Processing /opt/airflow/dags/data_ingestion_gcs_yt_dag.py took 0.918 seconds
[2024-12-28 15:33:08,663] {processor.py:163} INFO - Started process (PID=3407) to work on /opt/airflow/dags/data_ingestion_gcs_yt_dag.py
[2024-12-28 15:33:08,664] {processor.py:642} INFO - Processing file /opt/airflow/dags/data_ingestion_gcs_yt_dag.py for tasks to queue
[2024-12-28 15:33:08,665] {logging_mixin.py:109} INFO - [2024-12-28 15:33:08,665] {dagbag.py:500} INFO - Filling up the DagBag from /opt/airflow/dags/data_ingestion_gcs_yt_dag.py
[2024-12-28 15:33:09,793] {processor.py:654} INFO - DAG(s) dict_keys(['ingest_data_bigquery_yt']) retrieved from /opt/airflow/dags/data_ingestion_gcs_yt_dag.py
[2024-12-28 15:33:09,811] {logging_mixin.py:109} INFO - [2024-12-28 15:33:09,809] {dag.py:2396} INFO - Sync 1 DAGs
[2024-12-28 15:33:09,839] {logging_mixin.py:109} INFO - [2024-12-28 15:33:09,839] {dag.py:2935} INFO - Setting next_dagrun for ingest_data_bigquery_yt to 2019-01-02 06:00:00+00:00
[2024-12-28 15:33:09,852] {processor.py:171} INFO - Processing /opt/airflow/dags/data_ingestion_gcs_yt_dag.py took 1.194 seconds
[2024-12-28 15:33:39,949] {processor.py:163} INFO - Started process (PID=3457) to work on /opt/airflow/dags/data_ingestion_gcs_yt_dag.py
[2024-12-28 15:33:39,951] {processor.py:642} INFO - Processing file /opt/airflow/dags/data_ingestion_gcs_yt_dag.py for tasks to queue
[2024-12-28 15:33:39,952] {logging_mixin.py:109} INFO - [2024-12-28 15:33:39,952] {dagbag.py:500} INFO - Filling up the DagBag from /opt/airflow/dags/data_ingestion_gcs_yt_dag.py
[2024-12-28 15:33:40,811] {processor.py:654} INFO - DAG(s) dict_keys(['ingest_data_bigquery_yt']) retrieved from /opt/airflow/dags/data_ingestion_gcs_yt_dag.py
[2024-12-28 15:33:40,823] {logging_mixin.py:109} INFO - [2024-12-28 15:33:40,822] {dag.py:2396} INFO - Sync 1 DAGs
[2024-12-28 15:33:40,842] {logging_mixin.py:109} INFO - [2024-12-28 15:33:40,841] {dag.py:2935} INFO - Setting next_dagrun for ingest_data_bigquery_yt to 2019-01-02 06:00:00+00:00
[2024-12-28 15:33:40,851] {processor.py:171} INFO - Processing /opt/airflow/dags/data_ingestion_gcs_yt_dag.py took 0.907 seconds
[2024-12-28 15:34:11,695] {processor.py:163} INFO - Started process (PID=3497) to work on /opt/airflow/dags/data_ingestion_gcs_yt_dag.py
[2024-12-28 15:34:11,696] {processor.py:642} INFO - Processing file /opt/airflow/dags/data_ingestion_gcs_yt_dag.py for tasks to queue
[2024-12-28 15:34:11,697] {logging_mixin.py:109} INFO - [2024-12-28 15:34:11,697] {dagbag.py:500} INFO - Filling up the DagBag from /opt/airflow/dags/data_ingestion_gcs_yt_dag.py
[2024-12-28 15:34:12,549] {processor.py:654} INFO - DAG(s) dict_keys(['ingest_data_bigquery_yt']) retrieved from /opt/airflow/dags/data_ingestion_gcs_yt_dag.py
[2024-12-28 15:34:12,561] {logging_mixin.py:109} INFO - [2024-12-28 15:34:12,560] {dag.py:2396} INFO - Sync 1 DAGs
[2024-12-28 15:34:12,580] {logging_mixin.py:109} INFO - [2024-12-28 15:34:12,580] {dag.py:2935} INFO - Setting next_dagrun for ingest_data_bigquery_yt to 2019-01-02 06:00:00+00:00
[2024-12-28 15:34:12,590] {processor.py:171} INFO - Processing /opt/airflow/dags/data_ingestion_gcs_yt_dag.py took 0.900 seconds
[2024-12-28 15:34:42,696] {processor.py:163} INFO - Started process (PID=3547) to work on /opt/airflow/dags/data_ingestion_gcs_yt_dag.py
[2024-12-28 15:34:42,698] {processor.py:642} INFO - Processing file /opt/airflow/dags/data_ingestion_gcs_yt_dag.py for tasks to queue
[2024-12-28 15:34:42,699] {logging_mixin.py:109} INFO - [2024-12-28 15:34:42,699] {dagbag.py:500} INFO - Filling up the DagBag from /opt/airflow/dags/data_ingestion_gcs_yt_dag.py
[2024-12-28 15:34:43,622] {processor.py:654} INFO - DAG(s) dict_keys(['ingest_data_bigquery_yt']) retrieved from /opt/airflow/dags/data_ingestion_gcs_yt_dag.py
[2024-12-28 15:34:43,639] {logging_mixin.py:109} INFO - [2024-12-28 15:34:43,638] {dag.py:2396} INFO - Sync 1 DAGs
[2024-12-28 15:34:43,667] {logging_mixin.py:109} INFO - [2024-12-28 15:34:43,666] {dag.py:2935} INFO - Setting next_dagrun for ingest_data_bigquery_yt to 2019-01-02 06:00:00+00:00
[2024-12-28 15:34:43,678] {processor.py:171} INFO - Processing /opt/airflow/dags/data_ingestion_gcs_yt_dag.py took 0.986 seconds
[2024-12-28 15:35:13,852] {processor.py:163} INFO - Started process (PID=3586) to work on /opt/airflow/dags/data_ingestion_gcs_yt_dag.py
[2024-12-28 15:35:13,854] {processor.py:642} INFO - Processing file /opt/airflow/dags/data_ingestion_gcs_yt_dag.py for tasks to queue
[2024-12-28 15:35:13,855] {logging_mixin.py:109} INFO - [2024-12-28 15:35:13,854] {dagbag.py:500} INFO - Filling up the DagBag from /opt/airflow/dags/data_ingestion_gcs_yt_dag.py
[2024-12-28 15:35:14,714] {processor.py:654} INFO - DAG(s) dict_keys(['ingest_data_bigquery_yt']) retrieved from /opt/airflow/dags/data_ingestion_gcs_yt_dag.py
[2024-12-28 15:35:14,726] {logging_mixin.py:109} INFO - [2024-12-28 15:35:14,725] {dag.py:2396} INFO - Sync 1 DAGs
[2024-12-28 15:35:14,744] {logging_mixin.py:109} INFO - [2024-12-28 15:35:14,744] {dag.py:2935} INFO - Setting next_dagrun for ingest_data_bigquery_yt to 2019-01-02 06:00:00+00:00
[2024-12-28 15:35:14,754] {processor.py:171} INFO - Processing /opt/airflow/dags/data_ingestion_gcs_yt_dag.py took 0.906 seconds
[2024-12-28 15:35:44,883] {processor.py:163} INFO - Started process (PID=3636) to work on /opt/airflow/dags/data_ingestion_gcs_yt_dag.py
[2024-12-28 15:35:44,886] {processor.py:642} INFO - Processing file /opt/airflow/dags/data_ingestion_gcs_yt_dag.py for tasks to queue
[2024-12-28 15:35:44,886] {logging_mixin.py:109} INFO - [2024-12-28 15:35:44,886] {dagbag.py:500} INFO - Filling up the DagBag from /opt/airflow/dags/data_ingestion_gcs_yt_dag.py
[2024-12-28 15:35:45,753] {processor.py:654} INFO - DAG(s) dict_keys(['ingest_data_bigquery_yt']) retrieved from /opt/airflow/dags/data_ingestion_gcs_yt_dag.py
[2024-12-28 15:35:45,769] {logging_mixin.py:109} INFO - [2024-12-28 15:35:45,767] {dag.py:2396} INFO - Sync 1 DAGs
[2024-12-28 15:35:45,788] {logging_mixin.py:109} INFO - [2024-12-28 15:35:45,787] {dag.py:2935} INFO - Setting next_dagrun for ingest_data_bigquery_yt to 2019-01-02 06:00:00+00:00
[2024-12-28 15:35:45,797] {processor.py:171} INFO - Processing /opt/airflow/dags/data_ingestion_gcs_yt_dag.py took 0.918 seconds
[2024-12-28 15:36:15,852] {processor.py:163} INFO - Started process (PID=3676) to work on /opt/airflow/dags/data_ingestion_gcs_yt_dag.py
[2024-12-28 15:36:15,854] {processor.py:642} INFO - Processing file /opt/airflow/dags/data_ingestion_gcs_yt_dag.py for tasks to queue
[2024-12-28 15:36:15,854] {logging_mixin.py:109} INFO - [2024-12-28 15:36:15,854] {dagbag.py:500} INFO - Filling up the DagBag from /opt/airflow/dags/data_ingestion_gcs_yt_dag.py
[2024-12-28 15:36:16,759] {processor.py:654} INFO - DAG(s) dict_keys(['ingest_data_bigquery_yt']) retrieved from /opt/airflow/dags/data_ingestion_gcs_yt_dag.py
[2024-12-28 15:36:16,775] {logging_mixin.py:109} INFO - [2024-12-28 15:36:16,773] {dag.py:2396} INFO - Sync 1 DAGs
[2024-12-28 15:36:16,800] {logging_mixin.py:109} INFO - [2024-12-28 15:36:16,800] {dag.py:2935} INFO - Setting next_dagrun for ingest_data_bigquery_yt to 2019-01-02 06:00:00+00:00
[2024-12-28 15:36:16,810] {processor.py:171} INFO - Processing /opt/airflow/dags/data_ingestion_gcs_yt_dag.py took 0.962 seconds
[2024-12-28 15:36:46,951] {processor.py:163} INFO - Started process (PID=3727) to work on /opt/airflow/dags/data_ingestion_gcs_yt_dag.py
[2024-12-28 15:36:46,955] {processor.py:642} INFO - Processing file /opt/airflow/dags/data_ingestion_gcs_yt_dag.py for tasks to queue
[2024-12-28 15:36:46,955] {logging_mixin.py:109} INFO - [2024-12-28 15:36:46,955] {dagbag.py:500} INFO - Filling up the DagBag from /opt/airflow/dags/data_ingestion_gcs_yt_dag.py
[2024-12-28 15:36:47,895] {processor.py:654} INFO - DAG(s) dict_keys(['ingest_data_bigquery_yt']) retrieved from /opt/airflow/dags/data_ingestion_gcs_yt_dag.py
[2024-12-28 15:36:47,913] {logging_mixin.py:109} INFO - [2024-12-28 15:36:47,911] {dag.py:2396} INFO - Sync 1 DAGs
[2024-12-28 15:36:47,939] {logging_mixin.py:109} INFO - [2024-12-28 15:36:47,939] {dag.py:2935} INFO - Setting next_dagrun for ingest_data_bigquery_yt to 2019-01-02 06:00:00+00:00
[2024-12-28 15:36:47,950] {processor.py:171} INFO - Processing /opt/airflow/dags/data_ingestion_gcs_yt_dag.py took 1.003 seconds
[2024-12-28 15:37:18,246] {processor.py:163} INFO - Started process (PID=3767) to work on /opt/airflow/dags/data_ingestion_gcs_yt_dag.py
[2024-12-28 15:37:18,247] {processor.py:642} INFO - Processing file /opt/airflow/dags/data_ingestion_gcs_yt_dag.py for tasks to queue
[2024-12-28 15:37:18,248] {logging_mixin.py:109} INFO - [2024-12-28 15:37:18,248] {dagbag.py:500} INFO - Filling up the DagBag from /opt/airflow/dags/data_ingestion_gcs_yt_dag.py
[2024-12-28 15:37:19,103] {processor.py:654} INFO - DAG(s) dict_keys(['ingest_data_bigquery_yt']) retrieved from /opt/airflow/dags/data_ingestion_gcs_yt_dag.py
[2024-12-28 15:37:19,115] {logging_mixin.py:109} INFO - [2024-12-28 15:37:19,114] {dag.py:2396} INFO - Sync 1 DAGs
[2024-12-28 15:37:19,133] {logging_mixin.py:109} INFO - [2024-12-28 15:37:19,133] {dag.py:2935} INFO - Setting next_dagrun for ingest_data_bigquery_yt to 2019-01-02 06:00:00+00:00
[2024-12-28 15:37:19,141] {processor.py:171} INFO - Processing /opt/airflow/dags/data_ingestion_gcs_yt_dag.py took 0.900 seconds
[2024-12-28 15:37:49,231] {processor.py:163} INFO - Started process (PID=3808) to work on /opt/airflow/dags/data_ingestion_gcs_yt_dag.py
[2024-12-28 15:37:49,234] {processor.py:642} INFO - Processing file /opt/airflow/dags/data_ingestion_gcs_yt_dag.py for tasks to queue
[2024-12-28 15:37:49,235] {logging_mixin.py:109} INFO - [2024-12-28 15:37:49,235] {dagbag.py:500} INFO - Filling up the DagBag from /opt/airflow/dags/data_ingestion_gcs_yt_dag.py
[2024-12-28 15:37:50,103] {processor.py:654} INFO - DAG(s) dict_keys(['ingest_data_bigquery_yt']) retrieved from /opt/airflow/dags/data_ingestion_gcs_yt_dag.py
[2024-12-28 15:37:50,116] {logging_mixin.py:109} INFO - [2024-12-28 15:37:50,115] {dag.py:2396} INFO - Sync 1 DAGs
[2024-12-28 15:37:50,134] {logging_mixin.py:109} INFO - [2024-12-28 15:37:50,134] {dag.py:2935} INFO - Setting next_dagrun for ingest_data_bigquery_yt to 2019-01-02 06:00:00+00:00
[2024-12-28 15:37:50,142] {processor.py:171} INFO - Processing /opt/airflow/dags/data_ingestion_gcs_yt_dag.py took 0.915 seconds
[2024-12-28 15:38:20,225] {processor.py:163} INFO - Started process (PID=3858) to work on /opt/airflow/dags/data_ingestion_gcs_yt_dag.py
[2024-12-28 15:38:20,226] {processor.py:642} INFO - Processing file /opt/airflow/dags/data_ingestion_gcs_yt_dag.py for tasks to queue
[2024-12-28 15:38:20,227] {logging_mixin.py:109} INFO - [2024-12-28 15:38:20,227] {dagbag.py:500} INFO - Filling up the DagBag from /opt/airflow/dags/data_ingestion_gcs_yt_dag.py
[2024-12-28 15:38:21,146] {processor.py:654} INFO - DAG(s) dict_keys(['ingest_data_bigquery_yt']) retrieved from /opt/airflow/dags/data_ingestion_gcs_yt_dag.py
[2024-12-28 15:38:21,162] {logging_mixin.py:109} INFO - [2024-12-28 15:38:21,161] {dag.py:2396} INFO - Sync 1 DAGs
[2024-12-28 15:38:21,183] {logging_mixin.py:109} INFO - [2024-12-28 15:38:21,183] {dag.py:2935} INFO - Setting next_dagrun for ingest_data_bigquery_yt to 2019-01-02 06:00:00+00:00
[2024-12-28 15:38:21,192] {processor.py:171} INFO - Processing /opt/airflow/dags/data_ingestion_gcs_yt_dag.py took 0.972 seconds
[2024-12-28 15:38:51,246] {processor.py:163} INFO - Started process (PID=3899) to work on /opt/airflow/dags/data_ingestion_gcs_yt_dag.py
[2024-12-28 15:38:51,248] {processor.py:642} INFO - Processing file /opt/airflow/dags/data_ingestion_gcs_yt_dag.py for tasks to queue
[2024-12-28 15:38:51,249] {logging_mixin.py:109} INFO - [2024-12-28 15:38:51,249] {dagbag.py:500} INFO - Filling up the DagBag from /opt/airflow/dags/data_ingestion_gcs_yt_dag.py
[2024-12-28 15:38:52,116] {processor.py:654} INFO - DAG(s) dict_keys(['ingest_data_bigquery_yt']) retrieved from /opt/airflow/dags/data_ingestion_gcs_yt_dag.py
[2024-12-28 15:38:52,129] {logging_mixin.py:109} INFO - [2024-12-28 15:38:52,128] {dag.py:2396} INFO - Sync 1 DAGs
[2024-12-28 15:38:52,148] {logging_mixin.py:109} INFO - [2024-12-28 15:38:52,148] {dag.py:2935} INFO - Setting next_dagrun for ingest_data_bigquery_yt to 2019-01-02 06:00:00+00:00
[2024-12-28 15:38:52,158] {processor.py:171} INFO - Processing /opt/airflow/dags/data_ingestion_gcs_yt_dag.py took 0.917 seconds
[2024-12-28 15:39:22,253] {processor.py:163} INFO - Started process (PID=3949) to work on /opt/airflow/dags/data_ingestion_gcs_yt_dag.py
[2024-12-28 15:39:22,254] {processor.py:642} INFO - Processing file /opt/airflow/dags/data_ingestion_gcs_yt_dag.py for tasks to queue
[2024-12-28 15:39:22,255] {logging_mixin.py:109} INFO - [2024-12-28 15:39:22,255] {dagbag.py:500} INFO - Filling up the DagBag from /opt/airflow/dags/data_ingestion_gcs_yt_dag.py
[2024-12-28 15:39:23,175] {processor.py:654} INFO - DAG(s) dict_keys(['ingest_data_bigquery_yt']) retrieved from /opt/airflow/dags/data_ingestion_gcs_yt_dag.py
[2024-12-28 15:39:23,187] {logging_mixin.py:109} INFO - [2024-12-28 15:39:23,186] {dag.py:2396} INFO - Sync 1 DAGs
[2024-12-28 15:39:23,206] {logging_mixin.py:109} INFO - [2024-12-28 15:39:23,206] {dag.py:2935} INFO - Setting next_dagrun for ingest_data_bigquery_yt to 2019-01-02 06:00:00+00:00
[2024-12-28 15:39:23,216] {processor.py:171} INFO - Processing /opt/airflow/dags/data_ingestion_gcs_yt_dag.py took 0.969 seconds
[2024-12-28 15:39:53,571] {processor.py:163} INFO - Started process (PID=3989) to work on /opt/airflow/dags/data_ingestion_gcs_yt_dag.py
[2024-12-28 15:39:53,575] {processor.py:642} INFO - Processing file /opt/airflow/dags/data_ingestion_gcs_yt_dag.py for tasks to queue
[2024-12-28 15:39:53,576] {logging_mixin.py:109} INFO - [2024-12-28 15:39:53,576] {dagbag.py:500} INFO - Filling up the DagBag from /opt/airflow/dags/data_ingestion_gcs_yt_dag.py
[2024-12-28 15:39:54,568] {processor.py:654} INFO - DAG(s) dict_keys(['ingest_data_bigquery_yt']) retrieved from /opt/airflow/dags/data_ingestion_gcs_yt_dag.py
[2024-12-28 15:39:54,585] {logging_mixin.py:109} INFO - [2024-12-28 15:39:54,583] {dag.py:2396} INFO - Sync 1 DAGs
[2024-12-28 15:39:54,611] {logging_mixin.py:109} INFO - [2024-12-28 15:39:54,611] {dag.py:2935} INFO - Setting next_dagrun for ingest_data_bigquery_yt to 2019-01-02 06:00:00+00:00
[2024-12-28 15:39:54,622] {processor.py:171} INFO - Processing /opt/airflow/dags/data_ingestion_gcs_yt_dag.py took 1.055 seconds
[2024-12-28 15:40:24,721] {processor.py:163} INFO - Started process (PID=4040) to work on /opt/airflow/dags/data_ingestion_gcs_yt_dag.py
[2024-12-28 15:40:24,722] {processor.py:642} INFO - Processing file /opt/airflow/dags/data_ingestion_gcs_yt_dag.py for tasks to queue
[2024-12-28 15:40:24,723] {logging_mixin.py:109} INFO - [2024-12-28 15:40:24,723] {dagbag.py:500} INFO - Filling up the DagBag from /opt/airflow/dags/data_ingestion_gcs_yt_dag.py
[2024-12-28 15:40:25,663] {processor.py:654} INFO - DAG(s) dict_keys(['ingest_data_bigquery_yt']) retrieved from /opt/airflow/dags/data_ingestion_gcs_yt_dag.py
[2024-12-28 15:40:25,680] {logging_mixin.py:109} INFO - [2024-12-28 15:40:25,678] {dag.py:2396} INFO - Sync 1 DAGs
[2024-12-28 15:40:25,709] {logging_mixin.py:109} INFO - [2024-12-28 15:40:25,709] {dag.py:2935} INFO - Setting next_dagrun for ingest_data_bigquery_yt to 2019-01-02 06:00:00+00:00
[2024-12-28 15:40:25,721] {processor.py:171} INFO - Processing /opt/airflow/dags/data_ingestion_gcs_yt_dag.py took 1.004 seconds
