[2024-03-25 11:27:50,557] {taskinstance.py:1032} INFO - Dependencies all met for <TaskInstance: LocalIngestionDAG.wget scheduled__2023-05-02T06:00:00+00:00 [queued]>
[2024-03-25 11:27:50,578] {taskinstance.py:1032} INFO - Dependencies all met for <TaskInstance: LocalIngestionDAG.wget scheduled__2023-05-02T06:00:00+00:00 [queued]>
[2024-03-25 11:27:50,578] {taskinstance.py:1238} INFO - 
--------------------------------------------------------------------------------
[2024-03-25 11:27:50,579] {taskinstance.py:1239} INFO - Starting attempt 1 of 1
[2024-03-25 11:27:50,579] {taskinstance.py:1240} INFO - 
--------------------------------------------------------------------------------
[2024-03-25 11:27:50,604] {taskinstance.py:1259} INFO - Executing <Task(BashOperator): wget> on 2023-05-02 06:00:00+00:00
[2024-03-25 11:27:50,612] {standard_task_runner.py:52} INFO - Started process 11271 to run task
[2024-03-25 11:27:50,627] {standard_task_runner.py:76} INFO - Running: ['***', 'tasks', 'run', 'LocalIngestionDAG', 'wget', 'scheduled__2023-05-02T06:00:00+00:00', '--job-id', '112', '--raw', '--subdir', 'DAGS_FOLDER/data_ingestion_local.py', '--cfg-path', '/tmp/tmpap86nhc5', '--error-file', '/tmp/tmpl2jzmbl6']
[2024-03-25 11:27:50,629] {standard_task_runner.py:77} INFO - Job 112: Subtask wget
[2024-03-25 11:27:50,725] {logging_mixin.py:109} INFO - Running <TaskInstance: LocalIngestionDAG.wget scheduled__2023-05-02T06:00:00+00:00 [running]> on host 91ae2bae4e06
[2024-03-25 11:27:50,833] {taskinstance.py:1426} INFO - Exporting the following env vars:
AIRFLOW_CTX_DAG_OWNER=***
AIRFLOW_CTX_DAG_ID=LocalIngestionDAG
AIRFLOW_CTX_TASK_ID=wget
AIRFLOW_CTX_EXECUTION_DATE=2023-05-02T06:00:00+00:00
AIRFLOW_CTX_DAG_RUN_ID=scheduled__2023-05-02T06:00:00+00:00
[2024-03-25 11:27:50,834] {subprocess.py:62} INFO - Tmp dir root location: 
 /tmp
[2024-03-25 11:27:50,835] {subprocess.py:74} INFO - Running command: ['bash', '-c', 'echo "hello world"']
[2024-03-25 11:27:50,867] {subprocess.py:85} INFO - Output:
[2024-03-25 11:27:50,869] {subprocess.py:89} INFO - hello world
[2024-03-25 11:27:50,870] {subprocess.py:93} INFO - Command exited with return code 0
[2024-03-25 11:27:50,951] {taskinstance.py:1277} INFO - Marking task as SUCCESS. dag_id=LocalIngestionDAG, task_id=wget, execution_date=20230502T060000, start_date=20240325T112750, end_date=20240325T112750
[2024-03-25 11:27:51,049] {local_task_job.py:154} INFO - Task exited with return code 0
[2024-03-25 11:27:51,162] {local_task_job.py:264} INFO - 1 downstream tasks scheduled from follow-on schedule check
