[2024-03-25 11:27:30,992] {taskinstance.py:1032} INFO - Dependencies all met for <TaskInstance: LocalIngestionDAG.wget scheduled__2021-12-02T06:00:00+00:00 [queued]>
[2024-03-25 11:27:31,012] {taskinstance.py:1032} INFO - Dependencies all met for <TaskInstance: LocalIngestionDAG.wget scheduled__2021-12-02T06:00:00+00:00 [queued]>
[2024-03-25 11:27:31,013] {taskinstance.py:1238} INFO - 
--------------------------------------------------------------------------------
[2024-03-25 11:27:31,013] {taskinstance.py:1239} INFO - Starting attempt 1 of 1
[2024-03-25 11:27:31,013] {taskinstance.py:1240} INFO - 
--------------------------------------------------------------------------------
[2024-03-25 11:27:31,043] {taskinstance.py:1259} INFO - Executing <Task(BashOperator): wget> on 2021-12-02 06:00:00+00:00
[2024-03-25 11:27:31,050] {standard_task_runner.py:52} INFO - Started process 11152 to run task
[2024-03-25 11:27:31,072] {standard_task_runner.py:76} INFO - Running: ['***', 'tasks', 'run', 'LocalIngestionDAG', 'wget', 'scheduled__2021-12-02T06:00:00+00:00', '--job-id', '76', '--raw', '--subdir', 'DAGS_FOLDER/data_ingestion_local.py', '--cfg-path', '/tmp/tmp__7yra6t', '--error-file', '/tmp/tmp7gf6pjtb']
[2024-03-25 11:27:31,081] {standard_task_runner.py:77} INFO - Job 76: Subtask wget
[2024-03-25 11:27:31,262] {logging_mixin.py:109} INFO - Running <TaskInstance: LocalIngestionDAG.wget scheduled__2021-12-02T06:00:00+00:00 [running]> on host 91ae2bae4e06
[2024-03-25 11:27:31,445] {taskinstance.py:1426} INFO - Exporting the following env vars:
AIRFLOW_CTX_DAG_OWNER=***
AIRFLOW_CTX_DAG_ID=LocalIngestionDAG
AIRFLOW_CTX_TASK_ID=wget
AIRFLOW_CTX_EXECUTION_DATE=2021-12-02T06:00:00+00:00
AIRFLOW_CTX_DAG_RUN_ID=scheduled__2021-12-02T06:00:00+00:00
[2024-03-25 11:27:31,446] {subprocess.py:62} INFO - Tmp dir root location: 
 /tmp
[2024-03-25 11:27:31,447] {subprocess.py:74} INFO - Running command: ['bash', '-c', 'echo "hello world"']
[2024-03-25 11:27:31,471] {subprocess.py:85} INFO - Output:
[2024-03-25 11:27:31,477] {subprocess.py:89} INFO - hello world
[2024-03-25 11:27:31,479] {subprocess.py:93} INFO - Command exited with return code 0
[2024-03-25 11:27:31,554] {taskinstance.py:1277} INFO - Marking task as SUCCESS. dag_id=LocalIngestionDAG, task_id=wget, execution_date=20211202T060000, start_date=20240325T112730, end_date=20240325T112731
[2024-03-25 11:27:31,619] {local_task_job.py:154} INFO - Task exited with return code 0
[2024-03-25 11:27:31,829] {local_task_job.py:264} INFO - 0 downstream tasks scheduled from follow-on schedule check
