[2024-03-29 07:36:22,999] {taskinstance.py:1032} INFO - Dependencies all met for <TaskInstance: ingest_data_bigquery.bigquery_external_table_task scheduled__2022-02-02T06:00:00+00:00 [queued]>
[2024-03-29 07:36:23,062] {taskinstance.py:1032} INFO - Dependencies all met for <TaskInstance: ingest_data_bigquery.bigquery_external_table_task scheduled__2022-02-02T06:00:00+00:00 [queued]>
[2024-03-29 07:36:23,068] {taskinstance.py:1238} INFO - 
--------------------------------------------------------------------------------
[2024-03-29 07:36:23,068] {taskinstance.py:1239} INFO - Starting attempt 2 of 4
[2024-03-29 07:36:23,068] {taskinstance.py:1240} INFO - 
--------------------------------------------------------------------------------
[2024-03-29 07:36:23,136] {taskinstance.py:1259} INFO - Executing <Task(BigQueryCreateExternalTableOperator): bigquery_external_table_task> on 2022-02-02 06:00:00+00:00
[2024-03-29 07:36:23,181] {standard_task_runner.py:52} INFO - Started process 1413 to run task
[2024-03-29 07:36:23,208] {standard_task_runner.py:76} INFO - Running: ['***', 'tasks', 'run', 'ingest_data_bigquery', 'bigquery_external_table_task', 'scheduled__2022-02-02T06:00:00+00:00', '--job-id', '1556', '--raw', '--subdir', 'DAGS_FOLDER/data_ingestion_gcs_dag.py', '--cfg-path', '/tmp/tmp20vvbb4z', '--error-file', '/tmp/tmpx15t_ml2']
[2024-03-29 07:36:23,240] {standard_task_runner.py:77} INFO - Job 1556: Subtask bigquery_external_table_task
[2024-03-29 07:36:23,525] {logging_mixin.py:109} INFO - Running <TaskInstance: ingest_data_bigquery.bigquery_external_table_task scheduled__2022-02-02T06:00:00+00:00 [running]> on host b8c510ab3cfc
[2024-03-29 07:36:23,784] {taskinstance.py:1426} INFO - Exporting the following env vars:
AIRFLOW_CTX_DAG_OWNER=***
AIRFLOW_CTX_DAG_ID=ingest_data_bigquery
AIRFLOW_CTX_TASK_ID=bigquery_external_table_task
AIRFLOW_CTX_EXECUTION_DATE=2022-02-02T06:00:00+00:00
AIRFLOW_CTX_DAG_RUN_ID=scheduled__2022-02-02T06:00:00+00:00
[2024-03-29 07:36:23,793] {crypto.py:82} WARNING - empty cryptography key - values will not be stored encrypted.
[2024-03-29 07:36:25,011] {taskinstance.py:1700} ERROR - Task failed with exception
Traceback (most recent call last):
  File "/home/airflow/.local/lib/python3.6/site-packages/airflow/models/taskinstance.py", line 1329, in _run_raw_task
    self._execute_task_with_callbacks(context)
  File "/home/airflow/.local/lib/python3.6/site-packages/airflow/models/taskinstance.py", line 1455, in _execute_task_with_callbacks
    result = self._execute_task(context, self.task)
  File "/home/airflow/.local/lib/python3.6/site-packages/airflow/models/taskinstance.py", line 1511, in _execute_task
    result = execute_callable(context=context)
  File "/home/airflow/.local/lib/python3.6/site-packages/airflow/providers/google/cloud/operators/bigquery.py", line 1196, in execute
    table_resource=self.table_resource,
  File "/home/airflow/.local/lib/python3.6/site-packages/airflow/providers/google/common/hooks/base_google.py", line 430, in inner_wrapper
    return func(self, *args, **kwargs)
  File "/home/airflow/.local/lib/python3.6/site-packages/airflow/providers/google/cloud/hooks/bigquery.py", line 408, in create_empty_table
    table=table, exists_ok=exists_ok, retry=retry
  File "/home/airflow/.local/lib/python3.6/site-packages/google/cloud/bigquery/client.py", line 755, in create_table
    timeout=timeout,
  File "/home/airflow/.local/lib/python3.6/site-packages/google/cloud/bigquery/client.py", line 782, in _call_api
    return call()
  File "/home/airflow/.local/lib/python3.6/site-packages/google/api_core/retry.py", line 291, in retry_wrapped_func
    on_error=on_error,
  File "/home/airflow/.local/lib/python3.6/site-packages/google/api_core/retry.py", line 189, in retry_target
    return target()
  File "/home/airflow/.local/lib/python3.6/site-packages/google/cloud/_http.py", line 484, in api_request
    raise exceptions.from_http_response(response)
google.api_core.exceptions.BadRequest: 400 POST https://bigquery.googleapis.com/bigquery/v2/projects/ny-rides-peter-415106/datasets/test_dataset/tables?prettyPrint=false: Error while reading table: external_table, error message: Failed to expand table external_table with file pattern gs://test_bucket_415106/yellowtaxi_tripdata/{ execution_date.strftime('%Y-%m') }.parquet: matched no files. File: gs://test_bucket_415106/yellowtaxi_tripdata/{ execution_date.strftime('%Y-%m') }.parquet
[2024-03-29 07:36:25,037] {taskinstance.py:1277} INFO - Marking task as UP_FOR_RETRY. dag_id=ingest_data_bigquery, task_id=bigquery_external_table_task, execution_date=20220202T060000, start_date=20240329T073623, end_date=20240329T073625
[2024-03-29 07:36:25,063] {standard_task_runner.py:92} ERROR - Failed to execute job 1556 for task bigquery_external_table_task
Traceback (most recent call last):
  File "/home/airflow/.local/lib/python3.6/site-packages/airflow/task/task_runner/standard_task_runner.py", line 85, in _start_by_fork
    args.func(args, dag=self.dag)
  File "/home/airflow/.local/lib/python3.6/site-packages/airflow/cli/cli_parser.py", line 48, in command
    return func(*args, **kwargs)
  File "/home/airflow/.local/lib/python3.6/site-packages/airflow/utils/cli.py", line 92, in wrapper
    return f(*args, **kwargs)
  File "/home/airflow/.local/lib/python3.6/site-packages/airflow/cli/commands/task_command.py", line 298, in task_run
    _run_task_by_selected_method(args, dag, ti)
  File "/home/airflow/.local/lib/python3.6/site-packages/airflow/cli/commands/task_command.py", line 107, in _run_task_by_selected_method
    _run_raw_task(args, ti)
  File "/home/airflow/.local/lib/python3.6/site-packages/airflow/cli/commands/task_command.py", line 184, in _run_raw_task
    error_file=args.error_file,
  File "/home/airflow/.local/lib/python3.6/site-packages/airflow/utils/session.py", line 70, in wrapper
    return func(*args, session=session, **kwargs)
  File "/home/airflow/.local/lib/python3.6/site-packages/airflow/models/taskinstance.py", line 1329, in _run_raw_task
    self._execute_task_with_callbacks(context)
  File "/home/airflow/.local/lib/python3.6/site-packages/airflow/models/taskinstance.py", line 1455, in _execute_task_with_callbacks
    result = self._execute_task(context, self.task)
  File "/home/airflow/.local/lib/python3.6/site-packages/airflow/models/taskinstance.py", line 1511, in _execute_task
    result = execute_callable(context=context)
  File "/home/airflow/.local/lib/python3.6/site-packages/airflow/providers/google/cloud/operators/bigquery.py", line 1196, in execute
    table_resource=self.table_resource,
  File "/home/airflow/.local/lib/python3.6/site-packages/airflow/providers/google/common/hooks/base_google.py", line 430, in inner_wrapper
    return func(self, *args, **kwargs)
  File "/home/airflow/.local/lib/python3.6/site-packages/airflow/providers/google/cloud/hooks/bigquery.py", line 408, in create_empty_table
    table=table, exists_ok=exists_ok, retry=retry
  File "/home/airflow/.local/lib/python3.6/site-packages/google/cloud/bigquery/client.py", line 755, in create_table
    timeout=timeout,
  File "/home/airflow/.local/lib/python3.6/site-packages/google/cloud/bigquery/client.py", line 782, in _call_api
    return call()
  File "/home/airflow/.local/lib/python3.6/site-packages/google/api_core/retry.py", line 291, in retry_wrapped_func
    on_error=on_error,
  File "/home/airflow/.local/lib/python3.6/site-packages/google/api_core/retry.py", line 189, in retry_target
    return target()
  File "/home/airflow/.local/lib/python3.6/site-packages/google/cloud/_http.py", line 484, in api_request
    raise exceptions.from_http_response(response)
google.api_core.exceptions.BadRequest: 400 POST https://bigquery.googleapis.com/bigquery/v2/projects/ny-rides-peter-415106/datasets/test_dataset/tables?prettyPrint=false: Error while reading table: external_table, error message: Failed to expand table external_table with file pattern gs://test_bucket_415106/yellowtaxi_tripdata/{ execution_date.strftime('%Y-%m') }.parquet: matched no files. File: gs://test_bucket_415106/yellowtaxi_tripdata/{ execution_date.strftime('%Y-%m') }.parquet
[2024-03-29 07:36:25,087] {local_task_job.py:154} INFO - Task exited with return code 1
[2024-03-29 07:36:25,153] {local_task_job.py:264} INFO - 0 downstream tasks scheduled from follow-on schedule check
[2024-03-29 07:43:02,087] {taskinstance.py:1032} INFO - Dependencies all met for <TaskInstance: ingest_data_bigquery.bigquery_external_table_task scheduled__2022-02-02T06:00:00+00:00 [queued]>
[2024-03-29 07:43:02,122] {taskinstance.py:1032} INFO - Dependencies all met for <TaskInstance: ingest_data_bigquery.bigquery_external_table_task scheduled__2022-02-02T06:00:00+00:00 [queued]>
[2024-03-29 07:43:02,123] {taskinstance.py:1238} INFO - 
--------------------------------------------------------------------------------
[2024-03-29 07:43:02,123] {taskinstance.py:1239} INFO - Starting attempt 2 of 4
[2024-03-29 07:43:02,124] {taskinstance.py:1240} INFO - 
--------------------------------------------------------------------------------
[2024-03-29 07:43:02,154] {taskinstance.py:1259} INFO - Executing <Task(BigQueryCreateExternalTableOperator): bigquery_external_table_task> on 2022-02-02 06:00:00+00:00
[2024-03-29 07:43:02,163] {standard_task_runner.py:52} INFO - Started process 1935 to run task
[2024-03-29 07:43:02,183] {standard_task_runner.py:76} INFO - Running: ['***', 'tasks', 'run', 'ingest_data_bigquery', 'bigquery_external_table_task', 'scheduled__2022-02-02T06:00:00+00:00', '--job-id', '1617', '--raw', '--subdir', 'DAGS_FOLDER/data_ingestion_gcs_dag.py', '--cfg-path', '/tmp/tmp0n96h8i6', '--error-file', '/tmp/tmp98fjz3b5']
[2024-03-29 07:43:02,194] {standard_task_runner.py:77} INFO - Job 1617: Subtask bigquery_external_table_task
[2024-03-29 07:43:02,358] {logging_mixin.py:109} INFO - Running <TaskInstance: ingest_data_bigquery.bigquery_external_table_task scheduled__2022-02-02T06:00:00+00:00 [running]> on host b8c510ab3cfc
[2024-03-29 07:43:02,482] {taskinstance.py:1426} INFO - Exporting the following env vars:
AIRFLOW_CTX_DAG_OWNER=***
AIRFLOW_CTX_DAG_ID=ingest_data_bigquery
AIRFLOW_CTX_TASK_ID=bigquery_external_table_task
AIRFLOW_CTX_EXECUTION_DATE=2022-02-02T06:00:00+00:00
AIRFLOW_CTX_DAG_RUN_ID=scheduled__2022-02-02T06:00:00+00:00
[2024-03-29 07:43:02,486] {crypto.py:82} WARNING - empty cryptography key - values will not be stored encrypted.
[2024-03-29 07:43:03,434] {taskinstance.py:1700} ERROR - Task failed with exception
Traceback (most recent call last):
  File "/home/airflow/.local/lib/python3.6/site-packages/airflow/models/taskinstance.py", line 1329, in _run_raw_task
    self._execute_task_with_callbacks(context)
  File "/home/airflow/.local/lib/python3.6/site-packages/airflow/models/taskinstance.py", line 1455, in _execute_task_with_callbacks
    result = self._execute_task(context, self.task)
  File "/home/airflow/.local/lib/python3.6/site-packages/airflow/models/taskinstance.py", line 1511, in _execute_task
    result = execute_callable(context=context)
  File "/home/airflow/.local/lib/python3.6/site-packages/airflow/providers/google/cloud/operators/bigquery.py", line 1196, in execute
    table_resource=self.table_resource,
  File "/home/airflow/.local/lib/python3.6/site-packages/airflow/providers/google/common/hooks/base_google.py", line 430, in inner_wrapper
    return func(self, *args, **kwargs)
  File "/home/airflow/.local/lib/python3.6/site-packages/airflow/providers/google/cloud/hooks/bigquery.py", line 408, in create_empty_table
    table=table, exists_ok=exists_ok, retry=retry
  File "/home/airflow/.local/lib/python3.6/site-packages/google/cloud/bigquery/client.py", line 755, in create_table
    timeout=timeout,
  File "/home/airflow/.local/lib/python3.6/site-packages/google/cloud/bigquery/client.py", line 782, in _call_api
    return call()
  File "/home/airflow/.local/lib/python3.6/site-packages/google/api_core/retry.py", line 291, in retry_wrapped_func
    on_error=on_error,
  File "/home/airflow/.local/lib/python3.6/site-packages/google/api_core/retry.py", line 189, in retry_target
    return target()
  File "/home/airflow/.local/lib/python3.6/site-packages/google/cloud/_http.py", line 484, in api_request
    raise exceptions.from_http_response(response)
google.api_core.exceptions.BadRequest: 400 POST https://bigquery.googleapis.com/bigquery/v2/projects/ny-rides-peter-415106/datasets/test_dataset/tables?prettyPrint=false: Error while reading table: external_table, error message: Failed to expand table external_table with file pattern gs://test_bucket_415106/yellowtaxi_tripdata/{ execution_date.strftime('%Y-%m') }.parquet: matched no files. File: gs://test_bucket_415106/yellowtaxi_tripdata/{ execution_date.strftime('%Y-%m') }.parquet
[2024-03-29 07:43:03,452] {taskinstance.py:1277} INFO - Marking task as UP_FOR_RETRY. dag_id=ingest_data_bigquery, task_id=bigquery_external_table_task, execution_date=20220202T060000, start_date=20240329T074302, end_date=20240329T074303
[2024-03-29 07:43:03,466] {standard_task_runner.py:92} ERROR - Failed to execute job 1617 for task bigquery_external_table_task
Traceback (most recent call last):
  File "/home/airflow/.local/lib/python3.6/site-packages/airflow/task/task_runner/standard_task_runner.py", line 85, in _start_by_fork
    args.func(args, dag=self.dag)
  File "/home/airflow/.local/lib/python3.6/site-packages/airflow/cli/cli_parser.py", line 48, in command
    return func(*args, **kwargs)
  File "/home/airflow/.local/lib/python3.6/site-packages/airflow/utils/cli.py", line 92, in wrapper
    return f(*args, **kwargs)
  File "/home/airflow/.local/lib/python3.6/site-packages/airflow/cli/commands/task_command.py", line 298, in task_run
    _run_task_by_selected_method(args, dag, ti)
  File "/home/airflow/.local/lib/python3.6/site-packages/airflow/cli/commands/task_command.py", line 107, in _run_task_by_selected_method
    _run_raw_task(args, ti)
  File "/home/airflow/.local/lib/python3.6/site-packages/airflow/cli/commands/task_command.py", line 184, in _run_raw_task
    error_file=args.error_file,
  File "/home/airflow/.local/lib/python3.6/site-packages/airflow/utils/session.py", line 70, in wrapper
    return func(*args, session=session, **kwargs)
  File "/home/airflow/.local/lib/python3.6/site-packages/airflow/models/taskinstance.py", line 1329, in _run_raw_task
    self._execute_task_with_callbacks(context)
  File "/home/airflow/.local/lib/python3.6/site-packages/airflow/models/taskinstance.py", line 1455, in _execute_task_with_callbacks
    result = self._execute_task(context, self.task)
  File "/home/airflow/.local/lib/python3.6/site-packages/airflow/models/taskinstance.py", line 1511, in _execute_task
    result = execute_callable(context=context)
  File "/home/airflow/.local/lib/python3.6/site-packages/airflow/providers/google/cloud/operators/bigquery.py", line 1196, in execute
    table_resource=self.table_resource,
  File "/home/airflow/.local/lib/python3.6/site-packages/airflow/providers/google/common/hooks/base_google.py", line 430, in inner_wrapper
    return func(self, *args, **kwargs)
  File "/home/airflow/.local/lib/python3.6/site-packages/airflow/providers/google/cloud/hooks/bigquery.py", line 408, in create_empty_table
    table=table, exists_ok=exists_ok, retry=retry
  File "/home/airflow/.local/lib/python3.6/site-packages/google/cloud/bigquery/client.py", line 755, in create_table
    timeout=timeout,
  File "/home/airflow/.local/lib/python3.6/site-packages/google/cloud/bigquery/client.py", line 782, in _call_api
    return call()
  File "/home/airflow/.local/lib/python3.6/site-packages/google/api_core/retry.py", line 291, in retry_wrapped_func
    on_error=on_error,
  File "/home/airflow/.local/lib/python3.6/site-packages/google/api_core/retry.py", line 189, in retry_target
    return target()
  File "/home/airflow/.local/lib/python3.6/site-packages/google/cloud/_http.py", line 484, in api_request
    raise exceptions.from_http_response(response)
google.api_core.exceptions.BadRequest: 400 POST https://bigquery.googleapis.com/bigquery/v2/projects/ny-rides-peter-415106/datasets/test_dataset/tables?prettyPrint=false: Error while reading table: external_table, error message: Failed to expand table external_table with file pattern gs://test_bucket_415106/yellowtaxi_tripdata/{ execution_date.strftime('%Y-%m') }.parquet: matched no files. File: gs://test_bucket_415106/yellowtaxi_tripdata/{ execution_date.strftime('%Y-%m') }.parquet
[2024-03-29 07:43:03,500] {local_task_job.py:154} INFO - Task exited with return code 1
[2024-03-29 07:43:03,547] {local_task_job.py:264} INFO - 0 downstream tasks scheduled from follow-on schedule check
[2024-03-29 08:16:34,196] {taskinstance.py:1032} INFO - Dependencies all met for <TaskInstance: ingest_data_bigquery.bigquery_external_table_task scheduled__2022-02-02T06:00:00+00:00 [queued]>
[2024-03-29 08:16:34,225] {taskinstance.py:1032} INFO - Dependencies all met for <TaskInstance: ingest_data_bigquery.bigquery_external_table_task scheduled__2022-02-02T06:00:00+00:00 [queued]>
[2024-03-29 08:16:34,226] {taskinstance.py:1238} INFO - 
--------------------------------------------------------------------------------
[2024-03-29 08:16:34,226] {taskinstance.py:1239} INFO - Starting attempt 2 of 4
[2024-03-29 08:16:34,226] {taskinstance.py:1240} INFO - 
--------------------------------------------------------------------------------
[2024-03-29 08:16:34,263] {taskinstance.py:1259} INFO - Executing <Task(BigQueryCreateExternalTableOperator): bigquery_external_table_task> on 2022-02-02 06:00:00+00:00
[2024-03-29 08:16:34,275] {standard_task_runner.py:52} INFO - Started process 915 to run task
[2024-03-29 08:16:34,313] {standard_task_runner.py:76} INFO - Running: ['***', 'tasks', 'run', 'ingest_data_bigquery', 'bigquery_external_table_task', 'scheduled__2022-02-02T06:00:00+00:00', '--job-id', '1725', '--raw', '--subdir', 'DAGS_FOLDER/data_ingestion_gcs_dag.py', '--cfg-path', '/tmp/tmpxlqhst_4', '--error-file', '/tmp/tmpd_r_n05a']
[2024-03-29 08:16:34,321] {standard_task_runner.py:77} INFO - Job 1725: Subtask bigquery_external_table_task
[2024-03-29 08:16:34,495] {logging_mixin.py:109} INFO - Running <TaskInstance: ingest_data_bigquery.bigquery_external_table_task scheduled__2022-02-02T06:00:00+00:00 [running]> on host b5e5a5778b83
[2024-03-29 08:16:34,597] {warnings.py:99} WARNING - /home/***/.local/lib/python3.6/site-packages/***/utils/context.py:152: AirflowContextDeprecationWarning: Accessing 'execution_date' from the template is deprecated and will be removed in a future version. Please use 'data_interval_start' or 'logical_date' instead.
  warnings.warn(_create_deprecation_warning(key, self._deprecation_replacements[key]))

[2024-03-29 08:16:34,680] {taskinstance.py:1426} INFO - Exporting the following env vars:
AIRFLOW_CTX_DAG_OWNER=***
AIRFLOW_CTX_DAG_ID=ingest_data_bigquery
AIRFLOW_CTX_TASK_ID=bigquery_external_table_task
AIRFLOW_CTX_EXECUTION_DATE=2022-02-02T06:00:00+00:00
AIRFLOW_CTX_DAG_RUN_ID=scheduled__2022-02-02T06:00:00+00:00
[2024-03-29 08:16:34,682] {crypto.py:82} WARNING - empty cryptography key - values will not be stored encrypted.
[2024-03-29 08:16:34,695] {warnings.py:99} WARNING - /home/***/.local/lib/python3.6/site-packages/***/providers/google/cloud/hooks/bigquery.py:637: DeprecationWarning: This method is deprecated. Please use `BigQueryHook.create_empty_table` method with passing the `table_resource` object. This gives more flexibility than this method.
  DeprecationWarning,

[2024-03-29 08:16:34,695] {bigquery.py:700} INFO - Creating external table: test_dataset.external_table
[2024-03-29 08:16:34,996] {taskinstance.py:1700} ERROR - Task failed with exception
Traceback (most recent call last):
  File "/home/airflow/.local/lib/python3.6/site-packages/airflow/models/taskinstance.py", line 1329, in _run_raw_task
    self._execute_task_with_callbacks(context)
  File "/home/airflow/.local/lib/python3.6/site-packages/airflow/models/taskinstance.py", line 1455, in _execute_task_with_callbacks
    result = self._execute_task(context, self.task)
  File "/home/airflow/.local/lib/python3.6/site-packages/airflow/models/taskinstance.py", line 1511, in _execute_task
    result = execute_callable(context=context)
  File "/home/airflow/.local/lib/python3.6/site-packages/airflow/providers/google/cloud/operators/bigquery.py", line 1226, in execute
    encryption_configuration=self.encryption_configuration,
  File "/home/airflow/.local/lib/python3.6/site-packages/airflow/providers/google/common/hooks/base_google.py", line 430, in inner_wrapper
    return func(self, *args, **kwargs)
  File "/home/airflow/.local/lib/python3.6/site-packages/airflow/providers/google/cloud/hooks/bigquery.py", line 702, in create_external_table
    table_resource=table.to_api_repr(), project_id=project_id, location=location, exists_ok=True
  File "/home/airflow/.local/lib/python3.6/site-packages/airflow/providers/google/common/hooks/base_google.py", line 430, in inner_wrapper
    return func(self, *args, **kwargs)
  File "/home/airflow/.local/lib/python3.6/site-packages/airflow/providers/google/cloud/hooks/bigquery.py", line 408, in create_empty_table
    table=table, exists_ok=exists_ok, retry=retry
  File "/home/airflow/.local/lib/python3.6/site-packages/google/cloud/bigquery/client.py", line 755, in create_table
    timeout=timeout,
  File "/home/airflow/.local/lib/python3.6/site-packages/google/cloud/bigquery/client.py", line 782, in _call_api
    return call()
  File "/home/airflow/.local/lib/python3.6/site-packages/google/api_core/retry.py", line 291, in retry_wrapped_func
    on_error=on_error,
  File "/home/airflow/.local/lib/python3.6/site-packages/google/api_core/retry.py", line 189, in retry_target
    return target()
  File "/home/airflow/.local/lib/python3.6/site-packages/google/cloud/_http.py", line 484, in api_request
    raise exceptions.from_http_response(response)
google.api_core.exceptions.BadRequest: 400 POST https://bigquery.googleapis.com/bigquery/v2/projects/ny-rides-peter-415106/datasets/test_dataset/tables?prettyPrint=false: When defining a table with an ExternalDataConfiguration, a schema must be present on either the Table or the ExternalDataConfiguration. If the schema is present on both, the schemas must be the same.
[2024-03-29 08:16:35,030] {taskinstance.py:1277} INFO - Marking task as UP_FOR_RETRY. dag_id=ingest_data_bigquery, task_id=bigquery_external_table_task, execution_date=20220202T060000, start_date=20240329T081634, end_date=20240329T081635
[2024-03-29 08:16:35,064] {standard_task_runner.py:92} ERROR - Failed to execute job 1725 for task bigquery_external_table_task
Traceback (most recent call last):
  File "/home/airflow/.local/lib/python3.6/site-packages/airflow/task/task_runner/standard_task_runner.py", line 85, in _start_by_fork
    args.func(args, dag=self.dag)
  File "/home/airflow/.local/lib/python3.6/site-packages/airflow/cli/cli_parser.py", line 48, in command
    return func(*args, **kwargs)
  File "/home/airflow/.local/lib/python3.6/site-packages/airflow/utils/cli.py", line 92, in wrapper
    return f(*args, **kwargs)
  File "/home/airflow/.local/lib/python3.6/site-packages/airflow/cli/commands/task_command.py", line 298, in task_run
    _run_task_by_selected_method(args, dag, ti)
  File "/home/airflow/.local/lib/python3.6/site-packages/airflow/cli/commands/task_command.py", line 107, in _run_task_by_selected_method
    _run_raw_task(args, ti)
  File "/home/airflow/.local/lib/python3.6/site-packages/airflow/cli/commands/task_command.py", line 184, in _run_raw_task
    error_file=args.error_file,
  File "/home/airflow/.local/lib/python3.6/site-packages/airflow/utils/session.py", line 70, in wrapper
    return func(*args, session=session, **kwargs)
  File "/home/airflow/.local/lib/python3.6/site-packages/airflow/models/taskinstance.py", line 1329, in _run_raw_task
    self._execute_task_with_callbacks(context)
  File "/home/airflow/.local/lib/python3.6/site-packages/airflow/models/taskinstance.py", line 1455, in _execute_task_with_callbacks
    result = self._execute_task(context, self.task)
  File "/home/airflow/.local/lib/python3.6/site-packages/airflow/models/taskinstance.py", line 1511, in _execute_task
    result = execute_callable(context=context)
  File "/home/airflow/.local/lib/python3.6/site-packages/airflow/providers/google/cloud/operators/bigquery.py", line 1226, in execute
    encryption_configuration=self.encryption_configuration,
  File "/home/airflow/.local/lib/python3.6/site-packages/airflow/providers/google/common/hooks/base_google.py", line 430, in inner_wrapper
    return func(self, *args, **kwargs)
  File "/home/airflow/.local/lib/python3.6/site-packages/airflow/providers/google/cloud/hooks/bigquery.py", line 702, in create_external_table
    table_resource=table.to_api_repr(), project_id=project_id, location=location, exists_ok=True
  File "/home/airflow/.local/lib/python3.6/site-packages/airflow/providers/google/common/hooks/base_google.py", line 430, in inner_wrapper
    return func(self, *args, **kwargs)
  File "/home/airflow/.local/lib/python3.6/site-packages/airflow/providers/google/cloud/hooks/bigquery.py", line 408, in create_empty_table
    table=table, exists_ok=exists_ok, retry=retry
  File "/home/airflow/.local/lib/python3.6/site-packages/google/cloud/bigquery/client.py", line 755, in create_table
    timeout=timeout,
  File "/home/airflow/.local/lib/python3.6/site-packages/google/cloud/bigquery/client.py", line 782, in _call_api
    return call()
  File "/home/airflow/.local/lib/python3.6/site-packages/google/api_core/retry.py", line 291, in retry_wrapped_func
    on_error=on_error,
  File "/home/airflow/.local/lib/python3.6/site-packages/google/api_core/retry.py", line 189, in retry_target
    return target()
  File "/home/airflow/.local/lib/python3.6/site-packages/google/cloud/_http.py", line 484, in api_request
    raise exceptions.from_http_response(response)
google.api_core.exceptions.BadRequest: 400 POST https://bigquery.googleapis.com/bigquery/v2/projects/ny-rides-peter-415106/datasets/test_dataset/tables?prettyPrint=false: When defining a table with an ExternalDataConfiguration, a schema must be present on either the Table or the ExternalDataConfiguration. If the schema is present on both, the schemas must be the same.
[2024-03-29 08:16:35,116] {local_task_job.py:154} INFO - Task exited with return code 1
[2024-03-29 08:16:35,252] {local_task_job.py:264} INFO - 0 downstream tasks scheduled from follow-on schedule check
[2024-03-30 03:35:40,261] {taskinstance.py:1032} INFO - Dependencies all met for <TaskInstance: ingest_data_bigquery.bigquery_external_table_task scheduled__2022-02-02T06:00:00+00:00 [queued]>
[2024-03-30 03:35:40,316] {taskinstance.py:1032} INFO - Dependencies all met for <TaskInstance: ingest_data_bigquery.bigquery_external_table_task scheduled__2022-02-02T06:00:00+00:00 [queued]>
[2024-03-30 03:35:40,317] {taskinstance.py:1238} INFO - 
--------------------------------------------------------------------------------
[2024-03-30 03:35:40,318] {taskinstance.py:1239} INFO - Starting attempt 2 of 4
[2024-03-30 03:35:40,318] {taskinstance.py:1240} INFO - 
--------------------------------------------------------------------------------
[2024-03-30 03:35:40,364] {taskinstance.py:1259} INFO - Executing <Task(BigQueryCreateExternalTableOperator): bigquery_external_table_task> on 2022-02-02 06:00:00+00:00
[2024-03-30 03:35:40,400] {standard_task_runner.py:52} INFO - Started process 885 to run task
[2024-03-30 03:35:40,424] {standard_task_runner.py:76} INFO - Running: ['***', 'tasks', 'run', 'ingest_data_bigquery', 'bigquery_external_table_task', 'scheduled__2022-02-02T06:00:00+00:00', '--job-id', '1872', '--raw', '--subdir', 'DAGS_FOLDER/data_ingestion_gcs_dag.py', '--cfg-path', '/tmp/tmplz6pygnj', '--error-file', '/tmp/tmp1b74mk6y']
[2024-03-30 03:35:40,472] {standard_task_runner.py:77} INFO - Job 1872: Subtask bigquery_external_table_task
[2024-03-30 03:35:40,669] {logging_mixin.py:109} INFO - Running <TaskInstance: ingest_data_bigquery.bigquery_external_table_task scheduled__2022-02-02T06:00:00+00:00 [running]> on host 98c5b3fde4c4
[2024-03-30 03:35:40,791] {warnings.py:99} WARNING - /home/***/.local/lib/python3.6/site-packages/***/utils/context.py:152: AirflowContextDeprecationWarning: Accessing 'execution_date' from the template is deprecated and will be removed in a future version. Please use 'data_interval_start' or 'logical_date' instead.
  warnings.warn(_create_deprecation_warning(key, self._deprecation_replacements[key]))

[2024-03-30 03:35:40,879] {taskinstance.py:1426} INFO - Exporting the following env vars:
AIRFLOW_CTX_DAG_OWNER=***
AIRFLOW_CTX_DAG_ID=ingest_data_bigquery
AIRFLOW_CTX_TASK_ID=bigquery_external_table_task
AIRFLOW_CTX_EXECUTION_DATE=2022-02-02T06:00:00+00:00
AIRFLOW_CTX_DAG_RUN_ID=scheduled__2022-02-02T06:00:00+00:00
[2024-03-30 03:35:40,881] {crypto.py:82} WARNING - empty cryptography key - values will not be stored encrypted.
[2024-03-30 03:35:40,920] {warnings.py:99} WARNING - /home/***/.local/lib/python3.6/site-packages/***/providers/google/cloud/hooks/bigquery.py:637: DeprecationWarning: This method is deprecated. Please use `BigQueryHook.create_empty_table` method with passing the `table_resource` object. This gives more flexibility than this method.
  DeprecationWarning,

[2024-03-30 03:35:40,935] {bigquery.py:700} INFO - Creating external table: test_dataset.external_table
[2024-03-30 03:35:41,206] {taskinstance.py:1700} ERROR - Task failed with exception
Traceback (most recent call last):
  File "/home/airflow/.local/lib/python3.6/site-packages/airflow/models/taskinstance.py", line 1329, in _run_raw_task
    self._execute_task_with_callbacks(context)
  File "/home/airflow/.local/lib/python3.6/site-packages/airflow/models/taskinstance.py", line 1455, in _execute_task_with_callbacks
    result = self._execute_task(context, self.task)
  File "/home/airflow/.local/lib/python3.6/site-packages/airflow/models/taskinstance.py", line 1511, in _execute_task
    result = execute_callable(context=context)
  File "/home/airflow/.local/lib/python3.6/site-packages/airflow/providers/google/cloud/operators/bigquery.py", line 1226, in execute
    encryption_configuration=self.encryption_configuration,
  File "/home/airflow/.local/lib/python3.6/site-packages/airflow/providers/google/common/hooks/base_google.py", line 430, in inner_wrapper
    return func(self, *args, **kwargs)
  File "/home/airflow/.local/lib/python3.6/site-packages/airflow/providers/google/cloud/hooks/bigquery.py", line 702, in create_external_table
    table_resource=table.to_api_repr(), project_id=project_id, location=location, exists_ok=True
  File "/home/airflow/.local/lib/python3.6/site-packages/airflow/providers/google/common/hooks/base_google.py", line 430, in inner_wrapper
    return func(self, *args, **kwargs)
  File "/home/airflow/.local/lib/python3.6/site-packages/airflow/providers/google/cloud/hooks/bigquery.py", line 408, in create_empty_table
    table=table, exists_ok=exists_ok, retry=retry
  File "/home/airflow/.local/lib/python3.6/site-packages/google/cloud/bigquery/client.py", line 755, in create_table
    timeout=timeout,
  File "/home/airflow/.local/lib/python3.6/site-packages/google/cloud/bigquery/client.py", line 782, in _call_api
    return call()
  File "/home/airflow/.local/lib/python3.6/site-packages/google/api_core/retry.py", line 291, in retry_wrapped_func
    on_error=on_error,
  File "/home/airflow/.local/lib/python3.6/site-packages/google/api_core/retry.py", line 189, in retry_target
    return target()
  File "/home/airflow/.local/lib/python3.6/site-packages/google/cloud/_http.py", line 484, in api_request
    raise exceptions.from_http_response(response)
google.api_core.exceptions.BadRequest: 400 POST https://bigquery.googleapis.com/bigquery/v2/projects/ny-rides-peter-415106/datasets/test_dataset/tables?prettyPrint=false: When defining a table with an ExternalDataConfiguration, a schema must be present on either the Table or the ExternalDataConfiguration. If the schema is present on both, the schemas must be the same.
[2024-03-30 03:35:41,228] {taskinstance.py:1277} INFO - Marking task as UP_FOR_RETRY. dag_id=ingest_data_bigquery, task_id=bigquery_external_table_task, execution_date=20220202T060000, start_date=20240330T033540, end_date=20240330T033541
[2024-03-30 03:35:41,251] {standard_task_runner.py:92} ERROR - Failed to execute job 1872 for task bigquery_external_table_task
Traceback (most recent call last):
  File "/home/airflow/.local/lib/python3.6/site-packages/airflow/task/task_runner/standard_task_runner.py", line 85, in _start_by_fork
    args.func(args, dag=self.dag)
  File "/home/airflow/.local/lib/python3.6/site-packages/airflow/cli/cli_parser.py", line 48, in command
    return func(*args, **kwargs)
  File "/home/airflow/.local/lib/python3.6/site-packages/airflow/utils/cli.py", line 92, in wrapper
    return f(*args, **kwargs)
  File "/home/airflow/.local/lib/python3.6/site-packages/airflow/cli/commands/task_command.py", line 298, in task_run
    _run_task_by_selected_method(args, dag, ti)
  File "/home/airflow/.local/lib/python3.6/site-packages/airflow/cli/commands/task_command.py", line 107, in _run_task_by_selected_method
    _run_raw_task(args, ti)
  File "/home/airflow/.local/lib/python3.6/site-packages/airflow/cli/commands/task_command.py", line 184, in _run_raw_task
    error_file=args.error_file,
  File "/home/airflow/.local/lib/python3.6/site-packages/airflow/utils/session.py", line 70, in wrapper
    return func(*args, session=session, **kwargs)
  File "/home/airflow/.local/lib/python3.6/site-packages/airflow/models/taskinstance.py", line 1329, in _run_raw_task
    self._execute_task_with_callbacks(context)
  File "/home/airflow/.local/lib/python3.6/site-packages/airflow/models/taskinstance.py", line 1455, in _execute_task_with_callbacks
    result = self._execute_task(context, self.task)
  File "/home/airflow/.local/lib/python3.6/site-packages/airflow/models/taskinstance.py", line 1511, in _execute_task
    result = execute_callable(context=context)
  File "/home/airflow/.local/lib/python3.6/site-packages/airflow/providers/google/cloud/operators/bigquery.py", line 1226, in execute
    encryption_configuration=self.encryption_configuration,
  File "/home/airflow/.local/lib/python3.6/site-packages/airflow/providers/google/common/hooks/base_google.py", line 430, in inner_wrapper
    return func(self, *args, **kwargs)
  File "/home/airflow/.local/lib/python3.6/site-packages/airflow/providers/google/cloud/hooks/bigquery.py", line 702, in create_external_table
    table_resource=table.to_api_repr(), project_id=project_id, location=location, exists_ok=True
  File "/home/airflow/.local/lib/python3.6/site-packages/airflow/providers/google/common/hooks/base_google.py", line 430, in inner_wrapper
    return func(self, *args, **kwargs)
  File "/home/airflow/.local/lib/python3.6/site-packages/airflow/providers/google/cloud/hooks/bigquery.py", line 408, in create_empty_table
    table=table, exists_ok=exists_ok, retry=retry
  File "/home/airflow/.local/lib/python3.6/site-packages/google/cloud/bigquery/client.py", line 755, in create_table
    timeout=timeout,
  File "/home/airflow/.local/lib/python3.6/site-packages/google/cloud/bigquery/client.py", line 782, in _call_api
    return call()
  File "/home/airflow/.local/lib/python3.6/site-packages/google/api_core/retry.py", line 291, in retry_wrapped_func
    on_error=on_error,
  File "/home/airflow/.local/lib/python3.6/site-packages/google/api_core/retry.py", line 189, in retry_target
    return target()
  File "/home/airflow/.local/lib/python3.6/site-packages/google/cloud/_http.py", line 484, in api_request
    raise exceptions.from_http_response(response)
google.api_core.exceptions.BadRequest: 400 POST https://bigquery.googleapis.com/bigquery/v2/projects/ny-rides-peter-415106/datasets/test_dataset/tables?prettyPrint=false: When defining a table with an ExternalDataConfiguration, a schema must be present on either the Table or the ExternalDataConfiguration. If the schema is present on both, the schemas must be the same.
[2024-03-30 03:35:41,285] {local_task_job.py:154} INFO - Task exited with return code 1
[2024-03-30 03:35:41,351] {local_task_job.py:264} INFO - 0 downstream tasks scheduled from follow-on schedule check
[2024-03-30 03:47:32,498] {taskinstance.py:1032} INFO - Dependencies all met for <TaskInstance: ingest_data_bigquery.bigquery_external_table_task scheduled__2022-02-02T06:00:00+00:00 [queued]>
[2024-03-30 03:47:32,538] {taskinstance.py:1032} INFO - Dependencies all met for <TaskInstance: ingest_data_bigquery.bigquery_external_table_task scheduled__2022-02-02T06:00:00+00:00 [queued]>
[2024-03-30 03:47:32,538] {taskinstance.py:1238} INFO - 
--------------------------------------------------------------------------------
[2024-03-30 03:47:32,538] {taskinstance.py:1239} INFO - Starting attempt 2 of 4
[2024-03-30 03:47:32,538] {taskinstance.py:1240} INFO - 
--------------------------------------------------------------------------------
[2024-03-30 03:47:32,576] {taskinstance.py:1259} INFO - Executing <Task(BigQueryCreateExternalTableOperator): bigquery_external_table_task> on 2022-02-02 06:00:00+00:00
[2024-03-30 03:47:32,607] {standard_task_runner.py:52} INFO - Started process 1692 to run task
[2024-03-30 03:47:32,644] {standard_task_runner.py:76} INFO - Running: ['***', 'tasks', 'run', 'ingest_data_bigquery', 'bigquery_external_table_task', 'scheduled__2022-02-02T06:00:00+00:00', '--job-id', '1948', '--raw', '--subdir', 'DAGS_FOLDER/data_ingestion_gcs_dag.py', '--cfg-path', '/tmp/tmpvhoyq96h', '--error-file', '/tmp/tmpb6e0qynm']
[2024-03-30 03:47:32,655] {standard_task_runner.py:77} INFO - Job 1948: Subtask bigquery_external_table_task
[2024-03-30 03:47:32,802] {logging_mixin.py:109} INFO - Running <TaskInstance: ingest_data_bigquery.bigquery_external_table_task scheduled__2022-02-02T06:00:00+00:00 [running]> on host 98c5b3fde4c4
[2024-03-30 03:47:32,877] {warnings.py:99} WARNING - /home/***/.local/lib/python3.6/site-packages/***/utils/context.py:152: AirflowContextDeprecationWarning: Accessing 'execution_date' from the template is deprecated and will be removed in a future version. Please use 'data_interval_start' or 'logical_date' instead.
  warnings.warn(_create_deprecation_warning(key, self._deprecation_replacements[key]))

[2024-03-30 03:47:32,961] {taskinstance.py:1426} INFO - Exporting the following env vars:
AIRFLOW_CTX_DAG_OWNER=***
AIRFLOW_CTX_DAG_ID=ingest_data_bigquery
AIRFLOW_CTX_TASK_ID=bigquery_external_table_task
AIRFLOW_CTX_EXECUTION_DATE=2022-02-02T06:00:00+00:00
AIRFLOW_CTX_DAG_RUN_ID=scheduled__2022-02-02T06:00:00+00:00
[2024-03-30 03:47:32,963] {crypto.py:82} WARNING - empty cryptography key - values will not be stored encrypted.
[2024-03-30 03:47:32,977] {warnings.py:99} WARNING - /home/***/.local/lib/python3.6/site-packages/***/providers/google/cloud/hooks/bigquery.py:637: DeprecationWarning: This method is deprecated. Please use `BigQueryHook.create_empty_table` method with passing the `table_resource` object. This gives more flexibility than this method.
  DeprecationWarning,

[2024-03-30 03:47:32,978] {bigquery.py:700} INFO - Creating external table: test_dataset.external_table
[2024-03-30 03:47:33,166] {taskinstance.py:1700} ERROR - Task failed with exception
Traceback (most recent call last):
  File "/home/airflow/.local/lib/python3.6/site-packages/airflow/models/taskinstance.py", line 1329, in _run_raw_task
    self._execute_task_with_callbacks(context)
  File "/home/airflow/.local/lib/python3.6/site-packages/airflow/models/taskinstance.py", line 1455, in _execute_task_with_callbacks
    result = self._execute_task(context, self.task)
  File "/home/airflow/.local/lib/python3.6/site-packages/airflow/models/taskinstance.py", line 1511, in _execute_task
    result = execute_callable(context=context)
  File "/home/airflow/.local/lib/python3.6/site-packages/airflow/providers/google/cloud/operators/bigquery.py", line 1226, in execute
    encryption_configuration=self.encryption_configuration,
  File "/home/airflow/.local/lib/python3.6/site-packages/airflow/providers/google/common/hooks/base_google.py", line 430, in inner_wrapper
    return func(self, *args, **kwargs)
  File "/home/airflow/.local/lib/python3.6/site-packages/airflow/providers/google/cloud/hooks/bigquery.py", line 702, in create_external_table
    table_resource=table.to_api_repr(), project_id=project_id, location=location, exists_ok=True
  File "/home/airflow/.local/lib/python3.6/site-packages/airflow/providers/google/common/hooks/base_google.py", line 430, in inner_wrapper
    return func(self, *args, **kwargs)
  File "/home/airflow/.local/lib/python3.6/site-packages/airflow/providers/google/cloud/hooks/bigquery.py", line 408, in create_empty_table
    table=table, exists_ok=exists_ok, retry=retry
  File "/home/airflow/.local/lib/python3.6/site-packages/google/cloud/bigquery/client.py", line 755, in create_table
    timeout=timeout,
  File "/home/airflow/.local/lib/python3.6/site-packages/google/cloud/bigquery/client.py", line 782, in _call_api
    return call()
  File "/home/airflow/.local/lib/python3.6/site-packages/google/api_core/retry.py", line 291, in retry_wrapped_func
    on_error=on_error,
  File "/home/airflow/.local/lib/python3.6/site-packages/google/api_core/retry.py", line 189, in retry_target
    return target()
  File "/home/airflow/.local/lib/python3.6/site-packages/google/cloud/_http.py", line 484, in api_request
    raise exceptions.from_http_response(response)
google.api_core.exceptions.BadRequest: 400 POST https://bigquery.googleapis.com/bigquery/v2/projects/ny-rides-peter-415106/datasets/test_dataset/tables?prettyPrint=false: Invalid value for type: NUMBER is not a valid value
[2024-03-30 03:47:33,190] {taskinstance.py:1277} INFO - Marking task as UP_FOR_RETRY. dag_id=ingest_data_bigquery, task_id=bigquery_external_table_task, execution_date=20220202T060000, start_date=20240330T034732, end_date=20240330T034733
[2024-03-30 03:47:33,214] {standard_task_runner.py:92} ERROR - Failed to execute job 1948 for task bigquery_external_table_task
Traceback (most recent call last):
  File "/home/airflow/.local/lib/python3.6/site-packages/airflow/task/task_runner/standard_task_runner.py", line 85, in _start_by_fork
    args.func(args, dag=self.dag)
  File "/home/airflow/.local/lib/python3.6/site-packages/airflow/cli/cli_parser.py", line 48, in command
    return func(*args, **kwargs)
  File "/home/airflow/.local/lib/python3.6/site-packages/airflow/utils/cli.py", line 92, in wrapper
    return f(*args, **kwargs)
  File "/home/airflow/.local/lib/python3.6/site-packages/airflow/cli/commands/task_command.py", line 298, in task_run
    _run_task_by_selected_method(args, dag, ti)
  File "/home/airflow/.local/lib/python3.6/site-packages/airflow/cli/commands/task_command.py", line 107, in _run_task_by_selected_method
    _run_raw_task(args, ti)
  File "/home/airflow/.local/lib/python3.6/site-packages/airflow/cli/commands/task_command.py", line 184, in _run_raw_task
    error_file=args.error_file,
  File "/home/airflow/.local/lib/python3.6/site-packages/airflow/utils/session.py", line 70, in wrapper
    return func(*args, session=session, **kwargs)
  File "/home/airflow/.local/lib/python3.6/site-packages/airflow/models/taskinstance.py", line 1329, in _run_raw_task
    self._execute_task_with_callbacks(context)
  File "/home/airflow/.local/lib/python3.6/site-packages/airflow/models/taskinstance.py", line 1455, in _execute_task_with_callbacks
    result = self._execute_task(context, self.task)
  File "/home/airflow/.local/lib/python3.6/site-packages/airflow/models/taskinstance.py", line 1511, in _execute_task
    result = execute_callable(context=context)
  File "/home/airflow/.local/lib/python3.6/site-packages/airflow/providers/google/cloud/operators/bigquery.py", line 1226, in execute
    encryption_configuration=self.encryption_configuration,
  File "/home/airflow/.local/lib/python3.6/site-packages/airflow/providers/google/common/hooks/base_google.py", line 430, in inner_wrapper
    return func(self, *args, **kwargs)
  File "/home/airflow/.local/lib/python3.6/site-packages/airflow/providers/google/cloud/hooks/bigquery.py", line 702, in create_external_table
    table_resource=table.to_api_repr(), project_id=project_id, location=location, exists_ok=True
  File "/home/airflow/.local/lib/python3.6/site-packages/airflow/providers/google/common/hooks/base_google.py", line 430, in inner_wrapper
    return func(self, *args, **kwargs)
  File "/home/airflow/.local/lib/python3.6/site-packages/airflow/providers/google/cloud/hooks/bigquery.py", line 408, in create_empty_table
    table=table, exists_ok=exists_ok, retry=retry
  File "/home/airflow/.local/lib/python3.6/site-packages/google/cloud/bigquery/client.py", line 755, in create_table
    timeout=timeout,
  File "/home/airflow/.local/lib/python3.6/site-packages/google/cloud/bigquery/client.py", line 782, in _call_api
    return call()
  File "/home/airflow/.local/lib/python3.6/site-packages/google/api_core/retry.py", line 291, in retry_wrapped_func
    on_error=on_error,
  File "/home/airflow/.local/lib/python3.6/site-packages/google/api_core/retry.py", line 189, in retry_target
    return target()
  File "/home/airflow/.local/lib/python3.6/site-packages/google/cloud/_http.py", line 484, in api_request
    raise exceptions.from_http_response(response)
google.api_core.exceptions.BadRequest: 400 POST https://bigquery.googleapis.com/bigquery/v2/projects/ny-rides-peter-415106/datasets/test_dataset/tables?prettyPrint=false: Invalid value for type: NUMBER is not a valid value
[2024-03-30 03:47:33,258] {local_task_job.py:154} INFO - Task exited with return code 1
[2024-03-30 03:47:33,318] {local_task_job.py:264} INFO - 0 downstream tasks scheduled from follow-on schedule check
[2024-03-30 04:44:36,767] {taskinstance.py:1032} INFO - Dependencies all met for <TaskInstance: ingest_data_bigquery.bigquery_external_table_task scheduled__2022-02-02T06:00:00+00:00 [queued]>
[2024-03-30 04:44:36,875] {taskinstance.py:1032} INFO - Dependencies all met for <TaskInstance: ingest_data_bigquery.bigquery_external_table_task scheduled__2022-02-02T06:00:00+00:00 [queued]>
[2024-03-30 04:44:36,875] {taskinstance.py:1238} INFO - 
--------------------------------------------------------------------------------
[2024-03-30 04:44:36,876] {taskinstance.py:1239} INFO - Starting attempt 2 of 4
[2024-03-30 04:44:36,876] {taskinstance.py:1240} INFO - 
--------------------------------------------------------------------------------
[2024-03-30 04:44:36,945] {taskinstance.py:1259} INFO - Executing <Task(BigQueryCreateExternalTableOperator): bigquery_external_table_task> on 2022-02-02 06:00:00+00:00
[2024-03-30 04:44:36,984] {standard_task_runner.py:52} INFO - Started process 5703 to run task
[2024-03-30 04:44:37,025] {standard_task_runner.py:76} INFO - Running: ['***', 'tasks', 'run', 'ingest_data_bigquery', 'bigquery_external_table_task', 'scheduled__2022-02-02T06:00:00+00:00', '--job-id', '2346', '--raw', '--subdir', 'DAGS_FOLDER/data_ingestion_gcs_dag.py', '--cfg-path', '/tmp/tmpw64wy039', '--error-file', '/tmp/tmpwlcgi2a3']
[2024-03-30 04:44:37,111] {standard_task_runner.py:77} INFO - Job 2346: Subtask bigquery_external_table_task
[2024-03-30 04:44:37,659] {logging_mixin.py:109} INFO - Running <TaskInstance: ingest_data_bigquery.bigquery_external_table_task scheduled__2022-02-02T06:00:00+00:00 [running]> on host 98c5b3fde4c4
[2024-03-30 04:44:37,798] {warnings.py:99} WARNING - /home/***/.local/lib/python3.6/site-packages/***/utils/context.py:152: AirflowContextDeprecationWarning: Accessing 'execution_date' from the template is deprecated and will be removed in a future version. Please use 'data_interval_start' or 'logical_date' instead.
  warnings.warn(_create_deprecation_warning(key, self._deprecation_replacements[key]))

[2024-03-30 04:44:37,843] {taskinstance.py:1426} INFO - Exporting the following env vars:
AIRFLOW_CTX_DAG_OWNER=***
AIRFLOW_CTX_DAG_ID=ingest_data_bigquery
AIRFLOW_CTX_TASK_ID=bigquery_external_table_task
AIRFLOW_CTX_EXECUTION_DATE=2022-02-02T06:00:00+00:00
AIRFLOW_CTX_DAG_RUN_ID=scheduled__2022-02-02T06:00:00+00:00
[2024-03-30 04:44:37,845] {crypto.py:82} WARNING - empty cryptography key - values will not be stored encrypted.
[2024-03-30 04:44:37,865] {warnings.py:99} WARNING - /home/***/.local/lib/python3.6/site-packages/***/providers/google/cloud/hooks/bigquery.py:637: DeprecationWarning: This method is deprecated. Please use `BigQueryHook.create_empty_table` method with passing the `table_resource` object. This gives more flexibility than this method.
  DeprecationWarning,

[2024-03-30 04:44:37,878] {bigquery.py:700} INFO - Creating external table: test_dataset.yellowtaxi_trips
[2024-03-30 04:44:38,257] {bigquery.py:704} INFO - External table created successfully: test_dataset.yellowtaxi_trips
[2024-03-30 04:44:38,283] {taskinstance.py:1277} INFO - Marking task as SUCCESS. dag_id=ingest_data_bigquery, task_id=bigquery_external_table_task, execution_date=20220202T060000, start_date=20240330T044436, end_date=20240330T044438
[2024-03-30 04:44:38,339] {local_task_job.py:154} INFO - Task exited with return code 0
[2024-03-30 04:44:38,411] {local_task_job.py:264} INFO - 0 downstream tasks scheduled from follow-on schedule check
