[2024-05-12 12:42:31,544] {taskinstance.py:1032} INFO - Dependencies all met for <TaskInstance: ingest_data_bigquery_gt.download_dataset_task scheduled__2021-07-02T06:00:00+00:00 [queued]>
[2024-05-12 12:42:31,621] {taskinstance.py:1032} INFO - Dependencies all met for <TaskInstance: ingest_data_bigquery_gt.download_dataset_task scheduled__2021-07-02T06:00:00+00:00 [queued]>
[2024-05-12 12:42:31,621] {taskinstance.py:1238} INFO - 
--------------------------------------------------------------------------------
[2024-05-12 12:42:31,621] {taskinstance.py:1239} INFO - Starting attempt 1 of 3
[2024-05-12 12:42:31,621] {taskinstance.py:1240} INFO - 
--------------------------------------------------------------------------------
[2024-05-12 12:42:31,696] {taskinstance.py:1259} INFO - Executing <Task(BashOperator): download_dataset_task> on 2021-07-02 06:00:00+00:00
[2024-05-12 12:42:31,735] {standard_task_runner.py:52} INFO - Started process 911 to run task
[2024-05-12 12:42:31,756] {standard_task_runner.py:76} INFO - Running: ['***', 'tasks', 'run', 'ingest_data_bigquery_gt', 'download_dataset_task', 'scheduled__2021-07-02T06:00:00+00:00', '--job-id', '4877', '--raw', '--subdir', 'DAGS_FOLDER/data_ingestion_gcs_gt_dag .py', '--cfg-path', '/tmp/tmpd_rbrwda', '--error-file', '/tmp/tmp9xyn_317']
[2024-05-12 12:42:31,782] {standard_task_runner.py:77} INFO - Job 4877: Subtask download_dataset_task
[2024-05-12 12:42:32,059] {logging_mixin.py:109} INFO - Running <TaskInstance: ingest_data_bigquery_gt.download_dataset_task scheduled__2021-07-02T06:00:00+00:00 [running]> on host 31858b145400
[2024-05-12 12:42:32,306] {warnings.py:99} WARNING - /home/***/.local/lib/python3.6/site-packages/***/utils/context.py:152: AirflowContextDeprecationWarning: Accessing 'execution_date' from the template is deprecated and will be removed in a future version. Please use 'data_interval_start' or 'logical_date' instead.
  warnings.warn(_create_deprecation_warning(key, self._deprecation_replacements[key]))

[2024-05-12 12:42:32,448] {taskinstance.py:1426} INFO - Exporting the following env vars:
AIRFLOW_CTX_DAG_OWNER=***
AIRFLOW_CTX_DAG_ID=ingest_data_bigquery_gt
AIRFLOW_CTX_TASK_ID=download_dataset_task
AIRFLOW_CTX_EXECUTION_DATE=2021-07-02T06:00:00+00:00
AIRFLOW_CTX_DAG_RUN_ID=scheduled__2021-07-02T06:00:00+00:00
[2024-05-12 12:42:32,448] {subprocess.py:62} INFO - Tmp dir root location: 
 /tmp
[2024-05-12 12:42:32,449] {subprocess.py:74} INFO - Running command: ['bash', '-c', 'curl -sSL https://github.com/DataTalksClub/nyc-tlc-data/releases/download/green/green_tripdata_2021-07.csv.gz > /opt/***/raw_data/greentaxi_tripdata_2021-07.csv.gz && gunzip /opt/***/raw_data/greentaxi_tripdata_2021-07.csv.gz']
[2024-05-12 12:42:32,561] {subprocess.py:85} INFO - Output:
[2024-05-12 12:42:34,796] {subprocess.py:93} INFO - Command exited with return code 0
[2024-05-12 12:42:34,993] {taskinstance.py:1277} INFO - Marking task as SUCCESS. dag_id=ingest_data_bigquery_gt, task_id=download_dataset_task, execution_date=20210702T060000, start_date=20240512T124231, end_date=20240512T124234
[2024-05-12 12:42:35,098] {local_task_job.py:154} INFO - Task exited with return code 0
[2024-05-12 12:42:35,503] {local_task_job.py:264} INFO - 0 downstream tasks scheduled from follow-on schedule check
[2024-05-18 11:10:19,079] {taskinstance.py:1032} INFO - Dependencies all met for <TaskInstance: ingest_data_bigquery_gt.download_dataset_task scheduled__2021-07-02T06:00:00+00:00 [queued]>
[2024-05-18 11:10:19,148] {taskinstance.py:1032} INFO - Dependencies all met for <TaskInstance: ingest_data_bigquery_gt.download_dataset_task scheduled__2021-07-02T06:00:00+00:00 [queued]>
[2024-05-18 11:10:19,152] {taskinstance.py:1238} INFO - 
--------------------------------------------------------------------------------
[2024-05-18 11:10:19,154] {taskinstance.py:1239} INFO - Starting attempt 1 of 3
[2024-05-18 11:10:19,154] {taskinstance.py:1240} INFO - 
--------------------------------------------------------------------------------
[2024-05-18 11:10:19,236] {taskinstance.py:1259} INFO - Executing <Task(BashOperator): download_dataset_task> on 2021-07-02 06:00:00+00:00
[2024-05-18 11:10:19,321] {standard_task_runner.py:52} INFO - Started process 1471 to run task
[2024-05-18 11:10:19,339] {standard_task_runner.py:76} INFO - Running: ['***', 'tasks', 'run', 'ingest_data_bigquery_gt', 'download_dataset_task', 'scheduled__2021-07-02T06:00:00+00:00', '--job-id', '4977', '--raw', '--subdir', 'DAGS_FOLDER/data_ingestion_gcs_gt_dag .py', '--cfg-path', '/tmp/tmpiv89vwa8', '--error-file', '/tmp/tmp1z1d121m']
[2024-05-18 11:10:19,375] {standard_task_runner.py:77} INFO - Job 4977: Subtask download_dataset_task
[2024-05-18 11:10:19,635] {logging_mixin.py:109} INFO - Running <TaskInstance: ingest_data_bigquery_gt.download_dataset_task scheduled__2021-07-02T06:00:00+00:00 [running]> on host 45b18388e83d
[2024-05-18 11:10:19,739] {warnings.py:99} WARNING - /home/***/.local/lib/python3.6/site-packages/***/utils/context.py:152: AirflowContextDeprecationWarning: Accessing 'execution_date' from the template is deprecated and will be removed in a future version. Please use 'data_interval_start' or 'logical_date' instead.
  warnings.warn(_create_deprecation_warning(key, self._deprecation_replacements[key]))

[2024-05-18 11:10:19,841] {taskinstance.py:1426} INFO - Exporting the following env vars:
AIRFLOW_CTX_DAG_OWNER=***
AIRFLOW_CTX_DAG_ID=ingest_data_bigquery_gt
AIRFLOW_CTX_TASK_ID=download_dataset_task
AIRFLOW_CTX_EXECUTION_DATE=2021-07-02T06:00:00+00:00
AIRFLOW_CTX_DAG_RUN_ID=scheduled__2021-07-02T06:00:00+00:00
[2024-05-18 11:10:19,842] {subprocess.py:62} INFO - Tmp dir root location: 
 /tmp
[2024-05-18 11:10:19,843] {subprocess.py:74} INFO - Running command: ['bash', '-c', 'curl -sSL https://github.com/DataTalksClub/nyc-tlc-data/releases/download/green/green_tripdata_2021-07.csv.gz > /opt/***/raw_data/greentaxi_tripdata_2021-07.csv.gz && gunzip /opt/***/raw_data/greentaxi_tripdata_2021-07.csv.gz']
[2024-05-18 11:10:19,955] {subprocess.py:85} INFO - Output:
[2024-05-18 11:10:22,040] {subprocess.py:93} INFO - Command exited with return code 0
[2024-05-18 11:10:22,112] {taskinstance.py:1277} INFO - Marking task as SUCCESS. dag_id=ingest_data_bigquery_gt, task_id=download_dataset_task, execution_date=20210702T060000, start_date=20240518T111019, end_date=20240518T111022
[2024-05-18 11:10:22,183] {local_task_job.py:154} INFO - Task exited with return code 0
[2024-05-18 11:10:22,351] {local_task_job.py:264} INFO - 1 downstream tasks scheduled from follow-on schedule check
