[2024-05-12 12:42:09,464] {taskinstance.py:1032} INFO - Dependencies all met for <TaskInstance: ingest_data_bigquery_gt.bigquery_external_table_task scheduled__2019-08-02T06:00:00+00:00 [queued]>
[2024-05-12 12:42:09,483] {taskinstance.py:1032} INFO - Dependencies all met for <TaskInstance: ingest_data_bigquery_gt.bigquery_external_table_task scheduled__2019-08-02T06:00:00+00:00 [queued]>
[2024-05-12 12:42:09,483] {taskinstance.py:1238} INFO - 
--------------------------------------------------------------------------------
[2024-05-12 12:42:09,483] {taskinstance.py:1239} INFO - Starting attempt 1 of 3
[2024-05-12 12:42:09,483] {taskinstance.py:1240} INFO - 
--------------------------------------------------------------------------------
[2024-05-12 12:42:09,519] {taskinstance.py:1259} INFO - Executing <Task(BigQueryCreateExternalTableOperator): bigquery_external_table_task> on 2019-08-02 06:00:00+00:00
[2024-05-12 12:42:09,539] {standard_task_runner.py:52} INFO - Started process 777 to run task
[2024-05-12 12:42:09,581] {standard_task_runner.py:76} INFO - Running: ['***', 'tasks', 'run', 'ingest_data_bigquery_gt', 'bigquery_external_table_task', 'scheduled__2019-08-02T06:00:00+00:00', '--job-id', '4855', '--raw', '--subdir', 'DAGS_FOLDER/data_ingestion_gcs_gt_dag .py', '--cfg-path', '/tmp/tmpycs8peef', '--error-file', '/tmp/tmptte05m57']
[2024-05-12 12:42:09,607] {standard_task_runner.py:77} INFO - Job 4855: Subtask bigquery_external_table_task
[2024-05-12 12:42:10,127] {logging_mixin.py:109} INFO - Running <TaskInstance: ingest_data_bigquery_gt.bigquery_external_table_task scheduled__2019-08-02T06:00:00+00:00 [running]> on host 31858b145400
[2024-05-12 12:42:10,412] {taskinstance.py:1426} INFO - Exporting the following env vars:
AIRFLOW_CTX_DAG_OWNER=***
AIRFLOW_CTX_DAG_ID=ingest_data_bigquery_gt
AIRFLOW_CTX_TASK_ID=bigquery_external_table_task
AIRFLOW_CTX_EXECUTION_DATE=2019-08-02T06:00:00+00:00
AIRFLOW_CTX_DAG_RUN_ID=scheduled__2019-08-02T06:00:00+00:00
[2024-05-12 12:42:10,428] {crypto.py:82} WARNING - empty cryptography key - values will not be stored encrypted.
[2024-05-12 12:42:10,437] {warnings.py:99} WARNING - /home/***/.local/lib/python3.6/site-packages/***/providers/google/cloud/hooks/bigquery.py:637: DeprecationWarning: This method is deprecated. Please use `BigQueryHook.create_empty_table` method with passing the `table_resource` object. This gives more flexibility than this method.
  DeprecationWarning,

[2024-05-12 12:42:10,438] {bigquery.py:700} INFO - Creating external table: nyc_tlc_data.greentaxi_trips
[2024-05-12 12:42:10,831] {bigquery.py:704} INFO - External table created successfully: nyc_tlc_data.greentaxi_trips
[2024-05-12 12:42:10,861] {taskinstance.py:1277} INFO - Marking task as SUCCESS. dag_id=ingest_data_bigquery_gt, task_id=bigquery_external_table_task, execution_date=20190802T060000, start_date=20240512T124209, end_date=20240512T124210
[2024-05-12 12:42:10,956] {local_task_job.py:154} INFO - Task exited with return code 0
[2024-05-12 12:42:11,063] {local_task_job.py:264} INFO - 0 downstream tasks scheduled from follow-on schedule check
[2024-05-18 11:09:59,855] {taskinstance.py:1032} INFO - Dependencies all met for <TaskInstance: ingest_data_bigquery_gt.bigquery_external_table_task scheduled__2019-08-02T06:00:00+00:00 [queued]>
[2024-05-18 11:09:59,875] {taskinstance.py:1032} INFO - Dependencies all met for <TaskInstance: ingest_data_bigquery_gt.bigquery_external_table_task scheduled__2019-08-02T06:00:00+00:00 [queued]>
[2024-05-18 11:09:59,875] {taskinstance.py:1238} INFO - 
--------------------------------------------------------------------------------
[2024-05-18 11:09:59,876] {taskinstance.py:1239} INFO - Starting attempt 1 of 3
[2024-05-18 11:09:59,876] {taskinstance.py:1240} INFO - 
--------------------------------------------------------------------------------
[2024-05-18 11:09:59,997] {taskinstance.py:1259} INFO - Executing <Task(BigQueryCreateExternalTableOperator): bigquery_external_table_task> on 2019-08-02 06:00:00+00:00
[2024-05-18 11:10:00,037] {standard_task_runner.py:52} INFO - Started process 1324 to run task
[2024-05-18 11:10:00,056] {standard_task_runner.py:76} INFO - Running: ['***', 'tasks', 'run', 'ingest_data_bigquery_gt', 'bigquery_external_table_task', 'scheduled__2019-08-02T06:00:00+00:00', '--job-id', '4955', '--raw', '--subdir', 'DAGS_FOLDER/data_ingestion_gcs_gt_dag .py', '--cfg-path', '/tmp/tmp48l0i6yn', '--error-file', '/tmp/tmpcgs8120o']
[2024-05-18 11:10:00,085] {standard_task_runner.py:77} INFO - Job 4955: Subtask bigquery_external_table_task
[2024-05-18 11:10:00,406] {logging_mixin.py:109} INFO - Running <TaskInstance: ingest_data_bigquery_gt.bigquery_external_table_task scheduled__2019-08-02T06:00:00+00:00 [running]> on host 45b18388e83d
[2024-05-18 11:10:00,967] {taskinstance.py:1426} INFO - Exporting the following env vars:
AIRFLOW_CTX_DAG_OWNER=***
AIRFLOW_CTX_DAG_ID=ingest_data_bigquery_gt
AIRFLOW_CTX_TASK_ID=bigquery_external_table_task
AIRFLOW_CTX_EXECUTION_DATE=2019-08-02T06:00:00+00:00
AIRFLOW_CTX_DAG_RUN_ID=scheduled__2019-08-02T06:00:00+00:00
[2024-05-18 11:10:00,975] {crypto.py:82} WARNING - empty cryptography key - values will not be stored encrypted.
[2024-05-18 11:10:01,031] {warnings.py:99} WARNING - /home/***/.local/lib/python3.6/site-packages/***/providers/google/cloud/hooks/bigquery.py:637: DeprecationWarning: This method is deprecated. Please use `BigQueryHook.create_empty_table` method with passing the `table_resource` object. This gives more flexibility than this method.
  DeprecationWarning,

[2024-05-18 11:10:01,031] {bigquery.py:700} INFO - Creating external table: nyc_tlc_data.greentaxi_trips
[2024-05-18 11:10:01,313] {bigquery.py:704} INFO - External table created successfully: nyc_tlc_data.greentaxi_trips
[2024-05-18 11:10:01,332] {taskinstance.py:1277} INFO - Marking task as SUCCESS. dag_id=ingest_data_bigquery_gt, task_id=bigquery_external_table_task, execution_date=20190802T060000, start_date=20240518T110959, end_date=20240518T111001
[2024-05-18 11:10:01,395] {local_task_job.py:154} INFO - Task exited with return code 0
[2024-05-18 11:10:01,445] {local_task_job.py:264} INFO - 0 downstream tasks scheduled from follow-on schedule check
