[2024-05-12 12:42:47,773] {taskinstance.py:1032} INFO - Dependencies all met for <TaskInstance: ingest_data_bigquery_gt.bigquery_external_table_task scheduled__2020-11-02T06:00:00+00:00 [queued]>
[2024-05-12 12:42:47,803] {taskinstance.py:1032} INFO - Dependencies all met for <TaskInstance: ingest_data_bigquery_gt.bigquery_external_table_task scheduled__2020-11-02T06:00:00+00:00 [queued]>
[2024-05-12 12:42:47,804] {taskinstance.py:1238} INFO - 
--------------------------------------------------------------------------------
[2024-05-12 12:42:47,804] {taskinstance.py:1239} INFO - Starting attempt 1 of 3
[2024-05-12 12:42:47,804] {taskinstance.py:1240} INFO - 
--------------------------------------------------------------------------------
[2024-05-12 12:42:47,839] {taskinstance.py:1259} INFO - Executing <Task(BigQueryCreateExternalTableOperator): bigquery_external_table_task> on 2020-11-02 06:00:00+00:00
[2024-05-12 12:42:47,868] {standard_task_runner.py:52} INFO - Started process 1051 to run task
[2024-05-12 12:42:47,903] {standard_task_runner.py:76} INFO - Running: ['***', 'tasks', 'run', 'ingest_data_bigquery_gt', 'bigquery_external_table_task', 'scheduled__2020-11-02T06:00:00+00:00', '--job-id', '4899', '--raw', '--subdir', 'DAGS_FOLDER/data_ingestion_gcs_gt_dag .py', '--cfg-path', '/tmp/tmpxujwjpkx', '--error-file', '/tmp/tmphy2fv79k']
[2024-05-12 12:42:47,916] {standard_task_runner.py:77} INFO - Job 4899: Subtask bigquery_external_table_task
[2024-05-12 12:42:48,124] {logging_mixin.py:109} INFO - Running <TaskInstance: ingest_data_bigquery_gt.bigquery_external_table_task scheduled__2020-11-02T06:00:00+00:00 [running]> on host 31858b145400
[2024-05-12 12:42:48,372] {taskinstance.py:1426} INFO - Exporting the following env vars:
AIRFLOW_CTX_DAG_OWNER=***
AIRFLOW_CTX_DAG_ID=ingest_data_bigquery_gt
AIRFLOW_CTX_TASK_ID=bigquery_external_table_task
AIRFLOW_CTX_EXECUTION_DATE=2020-11-02T06:00:00+00:00
AIRFLOW_CTX_DAG_RUN_ID=scheduled__2020-11-02T06:00:00+00:00
[2024-05-12 12:42:48,389] {crypto.py:82} WARNING - empty cryptography key - values will not be stored encrypted.
[2024-05-12 12:42:48,425] {warnings.py:99} WARNING - /home/***/.local/lib/python3.6/site-packages/***/providers/google/cloud/hooks/bigquery.py:637: DeprecationWarning: This method is deprecated. Please use `BigQueryHook.create_empty_table` method with passing the `table_resource` object. This gives more flexibility than this method.
  DeprecationWarning,

[2024-05-12 12:42:48,429] {bigquery.py:700} INFO - Creating external table: nyc_tlc_data.greentaxi_trips
[2024-05-12 12:42:48,714] {bigquery.py:704} INFO - External table created successfully: nyc_tlc_data.greentaxi_trips
[2024-05-12 12:42:48,740] {taskinstance.py:1277} INFO - Marking task as SUCCESS. dag_id=ingest_data_bigquery_gt, task_id=bigquery_external_table_task, execution_date=20201102T060000, start_date=20240512T124247, end_date=20240512T124248
[2024-05-12 12:42:48,865] {local_task_job.py:154} INFO - Task exited with return code 0
[2024-05-12 12:42:48,914] {local_task_job.py:264} INFO - 0 downstream tasks scheduled from follow-on schedule check
[2024-05-18 11:10:32,123] {taskinstance.py:1032} INFO - Dependencies all met for <TaskInstance: ingest_data_bigquery_gt.bigquery_external_table_task scheduled__2020-11-02T06:00:00+00:00 [queued]>
[2024-05-18 11:10:32,296] {taskinstance.py:1032} INFO - Dependencies all met for <TaskInstance: ingest_data_bigquery_gt.bigquery_external_table_task scheduled__2020-11-02T06:00:00+00:00 [queued]>
[2024-05-18 11:10:32,297] {taskinstance.py:1238} INFO - 
--------------------------------------------------------------------------------
[2024-05-18 11:10:32,297] {taskinstance.py:1239} INFO - Starting attempt 1 of 3
[2024-05-18 11:10:32,311] {taskinstance.py:1240} INFO - 
--------------------------------------------------------------------------------
[2024-05-18 11:10:32,437] {taskinstance.py:1259} INFO - Executing <Task(BigQueryCreateExternalTableOperator): bigquery_external_table_task> on 2020-11-02 06:00:00+00:00
[2024-05-18 11:10:32,666] {standard_task_runner.py:52} INFO - Started process 1563 to run task
[2024-05-18 11:10:32,713] {standard_task_runner.py:76} INFO - Running: ['***', 'tasks', 'run', 'ingest_data_bigquery_gt', 'bigquery_external_table_task', 'scheduled__2020-11-02T06:00:00+00:00', '--job-id', '4991', '--raw', '--subdir', 'DAGS_FOLDER/data_ingestion_gcs_gt_dag .py', '--cfg-path', '/tmp/tmpynlfr40g', '--error-file', '/tmp/tmpagi9rlww']
[2024-05-18 11:10:32,774] {standard_task_runner.py:77} INFO - Job 4991: Subtask bigquery_external_table_task
[2024-05-18 11:10:33,602] {logging_mixin.py:109} INFO - Running <TaskInstance: ingest_data_bigquery_gt.bigquery_external_table_task scheduled__2020-11-02T06:00:00+00:00 [running]> on host 45b18388e83d
[2024-05-18 11:10:34,316] {taskinstance.py:1426} INFO - Exporting the following env vars:
AIRFLOW_CTX_DAG_OWNER=***
AIRFLOW_CTX_DAG_ID=ingest_data_bigquery_gt
AIRFLOW_CTX_TASK_ID=bigquery_external_table_task
AIRFLOW_CTX_EXECUTION_DATE=2020-11-02T06:00:00+00:00
AIRFLOW_CTX_DAG_RUN_ID=scheduled__2020-11-02T06:00:00+00:00
[2024-05-18 11:10:34,332] {crypto.py:82} WARNING - empty cryptography key - values will not be stored encrypted.
[2024-05-18 11:10:34,347] {warnings.py:99} WARNING - /home/***/.local/lib/python3.6/site-packages/***/providers/google/cloud/hooks/bigquery.py:637: DeprecationWarning: This method is deprecated. Please use `BigQueryHook.create_empty_table` method with passing the `table_resource` object. This gives more flexibility than this method.
  DeprecationWarning,

[2024-05-18 11:10:34,348] {bigquery.py:700} INFO - Creating external table: nyc_tlc_data.greentaxi_trips
[2024-05-18 11:10:34,833] {bigquery.py:704} INFO - External table created successfully: nyc_tlc_data.greentaxi_trips
[2024-05-18 11:10:34,910] {taskinstance.py:1277} INFO - Marking task as SUCCESS. dag_id=ingest_data_bigquery_gt, task_id=bigquery_external_table_task, execution_date=20201102T060000, start_date=20240518T111032, end_date=20240518T111034
[2024-05-18 11:10:35,308] {local_task_job.py:154} INFO - Task exited with return code 0
[2024-05-18 11:10:35,788] {local_task_job.py:264} INFO - 0 downstream tasks scheduled from follow-on schedule check
