[2024-03-29 07:24:44,778] {taskinstance.py:1032} INFO - Dependencies all met for <TaskInstance: ingest_data_bigquery.local_to_gcs_task scheduled__2021-08-02T06:00:00+00:00 [queued]>
[2024-03-29 07:24:44,882] {taskinstance.py:1032} INFO - Dependencies all met for <TaskInstance: ingest_data_bigquery.local_to_gcs_task scheduled__2021-08-02T06:00:00+00:00 [queued]>
[2024-03-29 07:24:44,892] {taskinstance.py:1238} INFO - 
--------------------------------------------------------------------------------
[2024-03-29 07:24:44,894] {taskinstance.py:1239} INFO - Starting attempt 1 of 4
[2024-03-29 07:24:44,896] {taskinstance.py:1240} INFO - 
--------------------------------------------------------------------------------
[2024-03-29 07:24:45,042] {taskinstance.py:1259} INFO - Executing <Task(PythonOperator): local_to_gcs_task> on 2021-08-02 06:00:00+00:00
[2024-03-29 07:24:45,097] {standard_task_runner.py:52} INFO - Started process 592 to run task
[2024-03-29 07:24:45,136] {standard_task_runner.py:76} INFO - Running: ['***', 'tasks', 'run', 'ingest_data_bigquery', 'local_to_gcs_task', 'scheduled__2021-08-02T06:00:00+00:00', '--job-id', '1463', '--raw', '--subdir', 'DAGS_FOLDER/data_ingestion_gcs_dag.py', '--cfg-path', '/tmp/tmpkrwpk80s', '--error-file', '/tmp/tmpu83qz6aw']
[2024-03-29 07:24:45,187] {standard_task_runner.py:77} INFO - Job 1463: Subtask local_to_gcs_task
[2024-03-29 07:24:45,824] {logging_mixin.py:109} INFO - Running <TaskInstance: ingest_data_bigquery.local_to_gcs_task scheduled__2021-08-02T06:00:00+00:00 [running]> on host b8c510ab3cfc
[2024-03-29 07:24:46,376] {warnings.py:99} WARNING - /home/***/.local/lib/python3.6/site-packages/***/utils/context.py:152: AirflowContextDeprecationWarning: Accessing 'execution_date' from the template is deprecated and will be removed in a future version. Please use 'data_interval_start' or 'logical_date' instead.
  warnings.warn(_create_deprecation_warning(key, self._deprecation_replacements[key]))

[2024-03-29 07:24:46,639] {taskinstance.py:1426} INFO - Exporting the following env vars:
AIRFLOW_CTX_DAG_OWNER=***
AIRFLOW_CTX_DAG_ID=ingest_data_bigquery
AIRFLOW_CTX_TASK_ID=local_to_gcs_task
AIRFLOW_CTX_EXECUTION_DATE=2021-08-02T06:00:00+00:00
AIRFLOW_CTX_DAG_RUN_ID=scheduled__2021-08-02T06:00:00+00:00
[2024-03-29 07:24:47,591] {logging_mixin.py:109} INFO - File /opt/***/yellowtaxi_tripdata_2021-08.parquet uploaded to yellowtaxi_tripdata/2021-08.parquet.
[2024-03-29 07:24:47,591] {python.py:175} INFO - Done. Returned value was: None
[2024-03-29 07:24:48,557] {taskinstance.py:1277} INFO - Marking task as SUCCESS. dag_id=ingest_data_bigquery, task_id=local_to_gcs_task, execution_date=20210802T060000, start_date=20240329T072444, end_date=20240329T072448
[2024-03-29 07:24:48,986] {local_task_job.py:154} INFO - Task exited with return code 0
[2024-03-29 07:24:49,101] {local_task_job.py:264} INFO - 1 downstream tasks scheduled from follow-on schedule check
[2024-03-29 07:31:02,879] {taskinstance.py:1032} INFO - Dependencies all met for <TaskInstance: ingest_data_bigquery.local_to_gcs_task scheduled__2021-08-02T06:00:00+00:00 [queued]>
[2024-03-29 07:31:02,952] {taskinstance.py:1032} INFO - Dependencies all met for <TaskInstance: ingest_data_bigquery.local_to_gcs_task scheduled__2021-08-02T06:00:00+00:00 [queued]>
[2024-03-29 07:31:02,957] {taskinstance.py:1238} INFO - 
--------------------------------------------------------------------------------
[2024-03-29 07:31:02,957] {taskinstance.py:1239} INFO - Starting attempt 1 of 4
[2024-03-29 07:31:02,957] {taskinstance.py:1240} INFO - 
--------------------------------------------------------------------------------
[2024-03-29 07:31:03,034] {taskinstance.py:1259} INFO - Executing <Task(PythonOperator): local_to_gcs_task> on 2021-08-02 06:00:00+00:00
[2024-03-29 07:31:03,076] {standard_task_runner.py:52} INFO - Started process 1091 to run task
[2024-03-29 07:31:03,190] {standard_task_runner.py:76} INFO - Running: ['***', 'tasks', 'run', 'ingest_data_bigquery', 'local_to_gcs_task', 'scheduled__2021-08-02T06:00:00+00:00', '--job-id', '1524', '--raw', '--subdir', 'DAGS_FOLDER/data_ingestion_gcs_dag.py', '--cfg-path', '/tmp/tmpmvln4h8f', '--error-file', '/tmp/tmp7fpx7jgt']
[2024-03-29 07:31:03,240] {standard_task_runner.py:77} INFO - Job 1524: Subtask local_to_gcs_task
[2024-03-29 07:31:03,583] {logging_mixin.py:109} INFO - Running <TaskInstance: ingest_data_bigquery.local_to_gcs_task scheduled__2021-08-02T06:00:00+00:00 [running]> on host b8c510ab3cfc
[2024-03-29 07:31:03,797] {warnings.py:99} WARNING - /home/***/.local/lib/python3.6/site-packages/***/utils/context.py:152: AirflowContextDeprecationWarning: Accessing 'execution_date' from the template is deprecated and will be removed in a future version. Please use 'data_interval_start' or 'logical_date' instead.
  warnings.warn(_create_deprecation_warning(key, self._deprecation_replacements[key]))

[2024-03-29 07:31:03,983] {taskinstance.py:1426} INFO - Exporting the following env vars:
AIRFLOW_CTX_DAG_OWNER=***
AIRFLOW_CTX_DAG_ID=ingest_data_bigquery
AIRFLOW_CTX_TASK_ID=local_to_gcs_task
AIRFLOW_CTX_EXECUTION_DATE=2021-08-02T06:00:00+00:00
AIRFLOW_CTX_DAG_RUN_ID=scheduled__2021-08-02T06:00:00+00:00
[2024-03-29 07:31:05,111] {logging_mixin.py:109} INFO - File /opt/***/yellowtaxi_tripdata_2021-08.parquet uploaded to yellowtaxi_tripdata/2021-08.parquet.
[2024-03-29 07:31:05,112] {python.py:175} INFO - Done. Returned value was: None
[2024-03-29 07:31:05,143] {taskinstance.py:1277} INFO - Marking task as SUCCESS. dag_id=ingest_data_bigquery, task_id=local_to_gcs_task, execution_date=20210802T060000, start_date=20240329T073102, end_date=20240329T073105
[2024-03-29 07:31:05,293] {local_task_job.py:154} INFO - Task exited with return code 0
[2024-03-29 07:31:05,553] {local_task_job.py:264} INFO - 1 downstream tasks scheduled from follow-on schedule check
[2024-03-29 07:37:46,362] {taskinstance.py:1032} INFO - Dependencies all met for <TaskInstance: ingest_data_bigquery.local_to_gcs_task scheduled__2021-08-02T06:00:00+00:00 [queued]>
[2024-03-29 07:37:46,395] {taskinstance.py:1032} INFO - Dependencies all met for <TaskInstance: ingest_data_bigquery.local_to_gcs_task scheduled__2021-08-02T06:00:00+00:00 [queued]>
[2024-03-29 07:37:46,397] {taskinstance.py:1238} INFO - 
--------------------------------------------------------------------------------
[2024-03-29 07:37:46,400] {taskinstance.py:1239} INFO - Starting attempt 1 of 4
[2024-03-29 07:37:46,401] {taskinstance.py:1240} INFO - 
--------------------------------------------------------------------------------
[2024-03-29 07:37:46,438] {taskinstance.py:1259} INFO - Executing <Task(PythonOperator): local_to_gcs_task> on 2021-08-02 06:00:00+00:00
[2024-03-29 07:37:46,455] {standard_task_runner.py:52} INFO - Started process 1615 to run task
[2024-03-29 07:37:46,508] {standard_task_runner.py:76} INFO - Running: ['***', 'tasks', 'run', 'ingest_data_bigquery', 'local_to_gcs_task', 'scheduled__2021-08-02T06:00:00+00:00', '--job-id', '1586', '--raw', '--subdir', 'DAGS_FOLDER/data_ingestion_gcs_dag.py', '--cfg-path', '/tmp/tmptxcqx9fw', '--error-file', '/tmp/tmp2d58jeh_']
[2024-03-29 07:37:46,548] {standard_task_runner.py:77} INFO - Job 1586: Subtask local_to_gcs_task
[2024-03-29 07:37:46,816] {logging_mixin.py:109} INFO - Running <TaskInstance: ingest_data_bigquery.local_to_gcs_task scheduled__2021-08-02T06:00:00+00:00 [running]> on host b8c510ab3cfc
[2024-03-29 07:37:46,885] {warnings.py:99} WARNING - /home/***/.local/lib/python3.6/site-packages/***/utils/context.py:152: AirflowContextDeprecationWarning: Accessing 'execution_date' from the template is deprecated and will be removed in a future version. Please use 'data_interval_start' or 'logical_date' instead.
  warnings.warn(_create_deprecation_warning(key, self._deprecation_replacements[key]))

[2024-03-29 07:37:46,927] {taskinstance.py:1426} INFO - Exporting the following env vars:
AIRFLOW_CTX_DAG_OWNER=***
AIRFLOW_CTX_DAG_ID=ingest_data_bigquery
AIRFLOW_CTX_TASK_ID=local_to_gcs_task
AIRFLOW_CTX_EXECUTION_DATE=2021-08-02T06:00:00+00:00
AIRFLOW_CTX_DAG_RUN_ID=scheduled__2021-08-02T06:00:00+00:00
[2024-03-29 07:37:47,696] {logging_mixin.py:109} INFO - File /opt/***/yellowtaxi_tripdata_2021-08.parquet uploaded to yellowtaxi_tripdata/2021-08.parquet.
[2024-03-29 07:37:47,697] {python.py:175} INFO - Done. Returned value was: None
[2024-03-29 07:37:47,726] {taskinstance.py:1277} INFO - Marking task as SUCCESS. dag_id=ingest_data_bigquery, task_id=local_to_gcs_task, execution_date=20210802T060000, start_date=20240329T073746, end_date=20240329T073747
[2024-03-29 07:37:47,819] {local_task_job.py:154} INFO - Task exited with return code 0
[2024-03-29 07:37:47,932] {local_task_job.py:264} INFO - 1 downstream tasks scheduled from follow-on schedule check
[2024-03-29 08:08:45,947] {taskinstance.py:1032} INFO - Dependencies all met for <TaskInstance: ingest_data_bigquery.local_to_gcs_task scheduled__2021-08-02T06:00:00+00:00 [queued]>
[2024-03-29 08:08:46,031] {taskinstance.py:1032} INFO - Dependencies all met for <TaskInstance: ingest_data_bigquery.local_to_gcs_task scheduled__2021-08-02T06:00:00+00:00 [queued]>
[2024-03-29 08:08:46,133] {taskinstance.py:1238} INFO - 
--------------------------------------------------------------------------------
[2024-03-29 08:08:46,136] {taskinstance.py:1239} INFO - Starting attempt 1 of 4
[2024-03-29 08:08:46,137] {taskinstance.py:1240} INFO - 
--------------------------------------------------------------------------------
[2024-03-29 08:08:46,620] {taskinstance.py:1259} INFO - Executing <Task(PythonOperator): local_to_gcs_task> on 2021-08-02 06:00:00+00:00
[2024-03-29 08:08:46,803] {standard_task_runner.py:52} INFO - Started process 306 to run task
[2024-03-29 08:08:46,824] {standard_task_runner.py:76} INFO - Running: ['***', 'tasks', 'run', 'ingest_data_bigquery', 'local_to_gcs_task', 'scheduled__2021-08-02T06:00:00+00:00', '--job-id', '1646', '--raw', '--subdir', 'DAGS_FOLDER/data_ingestion_gcs_dag.py', '--cfg-path', '/tmp/tmpyhu33bim', '--error-file', '/tmp/tmpd_auml3q']
[2024-03-29 08:08:46,882] {standard_task_runner.py:77} INFO - Job 1646: Subtask local_to_gcs_task
[2024-03-29 08:08:47,516] {logging_mixin.py:109} INFO - Running <TaskInstance: ingest_data_bigquery.local_to_gcs_task scheduled__2021-08-02T06:00:00+00:00 [running]> on host b5e5a5778b83
[2024-03-29 08:08:47,710] {warnings.py:99} WARNING - /home/***/.local/lib/python3.6/site-packages/***/utils/context.py:152: AirflowContextDeprecationWarning: Accessing 'execution_date' from the template is deprecated and will be removed in a future version. Please use 'data_interval_start' or 'logical_date' instead.
  warnings.warn(_create_deprecation_warning(key, self._deprecation_replacements[key]))

[2024-03-29 08:08:47,836] {taskinstance.py:1426} INFO - Exporting the following env vars:
AIRFLOW_CTX_DAG_OWNER=***
AIRFLOW_CTX_DAG_ID=ingest_data_bigquery
AIRFLOW_CTX_TASK_ID=local_to_gcs_task
AIRFLOW_CTX_EXECUTION_DATE=2021-08-02T06:00:00+00:00
AIRFLOW_CTX_DAG_RUN_ID=scheduled__2021-08-02T06:00:00+00:00
[2024-03-29 08:08:48,804] {logging_mixin.py:109} INFO - File /opt/***/yellowtaxi_tripdata_2021-08.parquet uploaded to yellowtaxi_tripdata/{TABLE_NAME_TEMPLATE}.parquet.
[2024-03-29 08:08:48,804] {python.py:175} INFO - Done. Returned value was: None
[2024-03-29 08:08:49,055] {taskinstance.py:1277} INFO - Marking task as SUCCESS. dag_id=ingest_data_bigquery, task_id=local_to_gcs_task, execution_date=20210802T060000, start_date=20240329T080845, end_date=20240329T080849
[2024-03-29 08:08:49,200] {local_task_job.py:154} INFO - Task exited with return code 0
[2024-03-29 08:08:49,432] {local_task_job.py:264} INFO - 1 downstream tasks scheduled from follow-on schedule check
[2024-03-29 08:11:18,597] {taskinstance.py:1032} INFO - Dependencies all met for <TaskInstance: ingest_data_bigquery.local_to_gcs_task scheduled__2021-08-02T06:00:00+00:00 [queued]>
[2024-03-29 08:11:18,756] {taskinstance.py:1032} INFO - Dependencies all met for <TaskInstance: ingest_data_bigquery.local_to_gcs_task scheduled__2021-08-02T06:00:00+00:00 [queued]>
[2024-03-29 08:11:18,760] {taskinstance.py:1238} INFO - 
--------------------------------------------------------------------------------
[2024-03-29 08:11:18,764] {taskinstance.py:1239} INFO - Starting attempt 1 of 4
[2024-03-29 08:11:18,767] {taskinstance.py:1240} INFO - 
--------------------------------------------------------------------------------
[2024-03-29 08:11:18,885] {taskinstance.py:1259} INFO - Executing <Task(PythonOperator): local_to_gcs_task> on 2021-08-02 06:00:00+00:00
[2024-03-29 08:11:18,974] {standard_task_runner.py:76} INFO - Running: ['***', 'tasks', 'run', 'ingest_data_bigquery', 'local_to_gcs_task', 'scheduled__2021-08-02T06:00:00+00:00', '--job-id', '1696', '--raw', '--subdir', 'DAGS_FOLDER/data_ingestion_gcs_dag.py', '--cfg-path', '/tmp/tmp4s4ucfg3', '--error-file', '/tmp/tmpus7_wgq5']
[2024-03-29 08:11:18,984] {standard_task_runner.py:77} INFO - Job 1696: Subtask local_to_gcs_task
[2024-03-29 08:11:18,960] {standard_task_runner.py:52} INFO - Started process 599 to run task
[2024-03-29 08:11:19,215] {logging_mixin.py:109} INFO - Running <TaskInstance: ingest_data_bigquery.local_to_gcs_task scheduled__2021-08-02T06:00:00+00:00 [running]> on host b5e5a5778b83
[2024-03-29 08:11:19,403] {warnings.py:99} WARNING - /home/***/.local/lib/python3.6/site-packages/***/utils/context.py:152: AirflowContextDeprecationWarning: Accessing 'execution_date' from the template is deprecated and will be removed in a future version. Please use 'data_interval_start' or 'logical_date' instead.
  warnings.warn(_create_deprecation_warning(key, self._deprecation_replacements[key]))

[2024-03-29 08:11:19,512] {taskinstance.py:1426} INFO - Exporting the following env vars:
AIRFLOW_CTX_DAG_OWNER=***
AIRFLOW_CTX_DAG_ID=ingest_data_bigquery
AIRFLOW_CTX_TASK_ID=local_to_gcs_task
AIRFLOW_CTX_EXECUTION_DATE=2021-08-02T06:00:00+00:00
AIRFLOW_CTX_DAG_RUN_ID=scheduled__2021-08-02T06:00:00+00:00
[2024-03-29 08:11:20,894] {logging_mixin.py:109} INFO - File /opt/***/yellowtaxi_tripdata_2021-08.parquet uploaded to yellowtaxi_tripdata/yellow_taxi_2021_08.parquet.
[2024-03-29 08:11:20,894] {python.py:175} INFO - Done. Returned value was: None
[2024-03-29 08:11:20,924] {taskinstance.py:1277} INFO - Marking task as SUCCESS. dag_id=ingest_data_bigquery, task_id=local_to_gcs_task, execution_date=20210802T060000, start_date=20240329T081118, end_date=20240329T081120
[2024-03-29 08:11:21,027] {local_task_job.py:154} INFO - Task exited with return code 0
[2024-03-29 08:11:21,461] {local_task_job.py:264} INFO - 0 downstream tasks scheduled from follow-on schedule check
[2024-03-30 03:30:21,384] {taskinstance.py:1032} INFO - Dependencies all met for <TaskInstance: ingest_data_bigquery.local_to_gcs_task scheduled__2021-08-02T06:00:00+00:00 [queued]>
[2024-03-30 03:30:21,562] {taskinstance.py:1032} INFO - Dependencies all met for <TaskInstance: ingest_data_bigquery.local_to_gcs_task scheduled__2021-08-02T06:00:00+00:00 [queued]>
[2024-03-30 03:30:21,562] {taskinstance.py:1238} INFO - 
--------------------------------------------------------------------------------
[2024-03-30 03:30:21,562] {taskinstance.py:1239} INFO - Starting attempt 1 of 4
[2024-03-30 03:30:21,562] {taskinstance.py:1240} INFO - 
--------------------------------------------------------------------------------
[2024-03-30 03:30:21,711] {taskinstance.py:1259} INFO - Executing <Task(PythonOperator): local_to_gcs_task> on 2021-08-02 06:00:00+00:00
[2024-03-30 03:30:21,778] {standard_task_runner.py:52} INFO - Started process 541 to run task
[2024-03-30 03:30:21,868] {standard_task_runner.py:76} INFO - Running: ['***', 'tasks', 'run', 'ingest_data_bigquery', 'local_to_gcs_task', 'scheduled__2021-08-02T06:00:00+00:00', '--job-id', '1840', '--raw', '--subdir', 'DAGS_FOLDER/data_ingestion_gcs_dag.py', '--cfg-path', '/tmp/tmpfxedq980', '--error-file', '/tmp/tmpdnas776k']
[2024-03-30 03:30:21,959] {standard_task_runner.py:77} INFO - Job 1840: Subtask local_to_gcs_task
[2024-03-30 03:30:22,535] {logging_mixin.py:109} INFO - Running <TaskInstance: ingest_data_bigquery.local_to_gcs_task scheduled__2021-08-02T06:00:00+00:00 [running]> on host 98c5b3fde4c4
[2024-03-30 03:30:22,932] {warnings.py:99} WARNING - /home/***/.local/lib/python3.6/site-packages/***/utils/context.py:152: AirflowContextDeprecationWarning: Accessing 'execution_date' from the template is deprecated and will be removed in a future version. Please use 'data_interval_start' or 'logical_date' instead.
  warnings.warn(_create_deprecation_warning(key, self._deprecation_replacements[key]))

[2024-03-30 03:30:23,107] {taskinstance.py:1426} INFO - Exporting the following env vars:
AIRFLOW_CTX_DAG_OWNER=***
AIRFLOW_CTX_DAG_ID=ingest_data_bigquery
AIRFLOW_CTX_TASK_ID=local_to_gcs_task
AIRFLOW_CTX_EXECUTION_DATE=2021-08-02T06:00:00+00:00
AIRFLOW_CTX_DAG_RUN_ID=scheduled__2021-08-02T06:00:00+00:00
[2024-03-30 03:30:25,093] {logging_mixin.py:109} INFO - File /opt/***/yellowtaxi_tripdata_2021-08.parquet uploaded to yellowtaxi_tripdata/yellow_taxi_2021_08.parquet.
[2024-03-30 03:30:25,094] {python.py:175} INFO - Done. Returned value was: None
[2024-03-30 03:30:25,162] {taskinstance.py:1277} INFO - Marking task as SUCCESS. dag_id=ingest_data_bigquery, task_id=local_to_gcs_task, execution_date=20210802T060000, start_date=20240330T033021, end_date=20240330T033025
[2024-03-30 03:30:25,334] {local_task_job.py:154} INFO - Task exited with return code 0
[2024-03-30 03:30:25,486] {local_task_job.py:264} INFO - 1 downstream tasks scheduled from follow-on schedule check
[2024-03-30 03:42:13,132] {taskinstance.py:1032} INFO - Dependencies all met for <TaskInstance: ingest_data_bigquery.local_to_gcs_task scheduled__2021-08-02T06:00:00+00:00 [queued]>
[2024-03-30 03:42:13,258] {taskinstance.py:1032} INFO - Dependencies all met for <TaskInstance: ingest_data_bigquery.local_to_gcs_task scheduled__2021-08-02T06:00:00+00:00 [queued]>
[2024-03-30 03:42:13,259] {taskinstance.py:1238} INFO - 
--------------------------------------------------------------------------------
[2024-03-30 03:42:13,259] {taskinstance.py:1239} INFO - Starting attempt 1 of 4
[2024-03-30 03:42:13,259] {taskinstance.py:1240} INFO - 
--------------------------------------------------------------------------------
[2024-03-30 03:42:13,292] {taskinstance.py:1259} INFO - Executing <Task(PythonOperator): local_to_gcs_task> on 2021-08-02 06:00:00+00:00
[2024-03-30 03:42:13,308] {standard_task_runner.py:52} INFO - Started process 1367 to run task
[2024-03-30 03:42:13,393] {standard_task_runner.py:76} INFO - Running: ['***', 'tasks', 'run', 'ingest_data_bigquery', 'local_to_gcs_task', 'scheduled__2021-08-02T06:00:00+00:00', '--job-id', '1917', '--raw', '--subdir', 'DAGS_FOLDER/data_ingestion_gcs_dag.py', '--cfg-path', '/tmp/tmpagh7jpmw', '--error-file', '/tmp/tmpt_07zfnp']
[2024-03-30 03:42:13,490] {standard_task_runner.py:77} INFO - Job 1917: Subtask local_to_gcs_task
[2024-03-30 03:42:13,894] {logging_mixin.py:109} INFO - Running <TaskInstance: ingest_data_bigquery.local_to_gcs_task scheduled__2021-08-02T06:00:00+00:00 [running]> on host 98c5b3fde4c4
[2024-03-30 03:42:14,120] {warnings.py:99} WARNING - /home/***/.local/lib/python3.6/site-packages/***/utils/context.py:152: AirflowContextDeprecationWarning: Accessing 'execution_date' from the template is deprecated and will be removed in a future version. Please use 'data_interval_start' or 'logical_date' instead.
  warnings.warn(_create_deprecation_warning(key, self._deprecation_replacements[key]))

[2024-03-30 03:42:14,230] {taskinstance.py:1426} INFO - Exporting the following env vars:
AIRFLOW_CTX_DAG_OWNER=***
AIRFLOW_CTX_DAG_ID=ingest_data_bigquery
AIRFLOW_CTX_TASK_ID=local_to_gcs_task
AIRFLOW_CTX_EXECUTION_DATE=2021-08-02T06:00:00+00:00
AIRFLOW_CTX_DAG_RUN_ID=scheduled__2021-08-02T06:00:00+00:00
[2024-03-30 03:42:15,444] {logging_mixin.py:109} INFO - File /opt/***/yellowtaxi_tripdata_2021-08.parquet uploaded to yellowtaxi_tripdata/yellow_taxi_2021_08.parquet.
[2024-03-30 03:42:15,444] {python.py:175} INFO - Done. Returned value was: None
[2024-03-30 03:42:15,478] {taskinstance.py:1277} INFO - Marking task as SUCCESS. dag_id=ingest_data_bigquery, task_id=local_to_gcs_task, execution_date=20210802T060000, start_date=20240330T034213, end_date=20240330T034215
[2024-03-30 03:42:15,616] {local_task_job.py:154} INFO - Task exited with return code 0
[2024-03-30 03:42:15,729] {local_task_job.py:264} INFO - 1 downstream tasks scheduled from follow-on schedule check
[2024-03-30 04:18:29,972] {taskinstance.py:1032} INFO - Dependencies all met for <TaskInstance: ingest_data_bigquery.local_to_gcs_task scheduled__2021-08-02T06:00:00+00:00 [queued]>
[2024-03-30 04:18:30,046] {taskinstance.py:1032} INFO - Dependencies all met for <TaskInstance: ingest_data_bigquery.local_to_gcs_task scheduled__2021-08-02T06:00:00+00:00 [queued]>
[2024-03-30 04:18:30,046] {taskinstance.py:1238} INFO - 
--------------------------------------------------------------------------------
[2024-03-30 04:18:30,046] {taskinstance.py:1239} INFO - Starting attempt 1 of 4
[2024-03-30 04:18:30,046] {taskinstance.py:1240} INFO - 
--------------------------------------------------------------------------------
[2024-03-30 04:18:30,450] {taskinstance.py:1259} INFO - Executing <Task(PythonOperator): local_to_gcs_task> on 2021-08-02 06:00:00+00:00
[2024-03-30 04:18:30,836] {standard_task_runner.py:52} INFO - Started process 3633 to run task
[2024-03-30 04:18:30,921] {standard_task_runner.py:76} INFO - Running: ['***', 'tasks', 'run', 'ingest_data_bigquery', 'local_to_gcs_task', 'scheduled__2021-08-02T06:00:00+00:00', '--job-id', '2098', '--raw', '--subdir', 'DAGS_FOLDER/data_ingestion_gcs_dag.py', '--cfg-path', '/tmp/tmpq__itwr0', '--error-file', '/tmp/tmp_448a2up']
[2024-03-30 04:18:31,066] {standard_task_runner.py:77} INFO - Job 2098: Subtask local_to_gcs_task
[2024-03-30 04:18:31,701] {logging_mixin.py:109} INFO - Running <TaskInstance: ingest_data_bigquery.local_to_gcs_task scheduled__2021-08-02T06:00:00+00:00 [running]> on host 98c5b3fde4c4
[2024-03-30 04:18:31,939] {warnings.py:99} WARNING - /home/***/.local/lib/python3.6/site-packages/***/utils/context.py:152: AirflowContextDeprecationWarning: Accessing 'execution_date' from the template is deprecated and will be removed in a future version. Please use 'data_interval_start' or 'logical_date' instead.
  warnings.warn(_create_deprecation_warning(key, self._deprecation_replacements[key]))

[2024-03-30 04:18:32,126] {taskinstance.py:1426} INFO - Exporting the following env vars:
AIRFLOW_CTX_DAG_OWNER=***
AIRFLOW_CTX_DAG_ID=ingest_data_bigquery
AIRFLOW_CTX_TASK_ID=local_to_gcs_task
AIRFLOW_CTX_EXECUTION_DATE=2021-08-02T06:00:00+00:00
AIRFLOW_CTX_DAG_RUN_ID=scheduled__2021-08-02T06:00:00+00:00
[2024-03-30 04:18:33,464] {logging_mixin.py:109} INFO - File /opt/***/yellowtaxi_tripdata_2021-08.parquet uploaded to yellowtaxi_tripdata/yellow_taxi_2021_08.parquet.
[2024-03-30 04:18:33,465] {python.py:175} INFO - Done. Returned value was: None
[2024-03-30 04:18:33,488] {taskinstance.py:1277} INFO - Marking task as SUCCESS. dag_id=ingest_data_bigquery, task_id=local_to_gcs_task, execution_date=20210802T060000, start_date=20240330T041829, end_date=20240330T041833
[2024-03-30 04:18:33,654] {local_task_job.py:154} INFO - Task exited with return code 0
[2024-03-30 04:18:33,811] {local_task_job.py:264} INFO - 0 downstream tasks scheduled from follow-on schedule check
[2024-03-30 04:24:59,690] {taskinstance.py:1032} INFO - Dependencies all met for <TaskInstance: ingest_data_bigquery.local_to_gcs_task scheduled__2021-08-02T06:00:00+00:00 [queued]>
[2024-03-30 04:24:59,741] {taskinstance.py:1032} INFO - Dependencies all met for <TaskInstance: ingest_data_bigquery.local_to_gcs_task scheduled__2021-08-02T06:00:00+00:00 [queued]>
[2024-03-30 04:24:59,742] {taskinstance.py:1238} INFO - 
--------------------------------------------------------------------------------
[2024-03-30 04:24:59,742] {taskinstance.py:1239} INFO - Starting attempt 1 of 4
[2024-03-30 04:24:59,742] {taskinstance.py:1240} INFO - 
--------------------------------------------------------------------------------
[2024-03-30 04:24:59,847] {taskinstance.py:1259} INFO - Executing <Task(PythonOperator): local_to_gcs_task> on 2021-08-02 06:00:00+00:00
[2024-03-30 04:24:59,881] {standard_task_runner.py:52} INFO - Started process 4243 to run task
[2024-03-30 04:24:59,948] {standard_task_runner.py:76} INFO - Running: ['***', 'tasks', 'run', 'ingest_data_bigquery', 'local_to_gcs_task', 'scheduled__2021-08-02T06:00:00+00:00', '--job-id', '2175', '--raw', '--subdir', 'DAGS_FOLDER/data_ingestion_gcs_dag.py', '--cfg-path', '/tmp/tmp7yqubsmh', '--error-file', '/tmp/tmpwrak165p']
[2024-03-30 04:25:00,006] {standard_task_runner.py:77} INFO - Job 2175: Subtask local_to_gcs_task
[2024-03-30 04:25:00,235] {logging_mixin.py:109} INFO - Running <TaskInstance: ingest_data_bigquery.local_to_gcs_task scheduled__2021-08-02T06:00:00+00:00 [running]> on host 98c5b3fde4c4
[2024-03-30 04:25:00,468] {warnings.py:99} WARNING - /home/***/.local/lib/python3.6/site-packages/***/utils/context.py:152: AirflowContextDeprecationWarning: Accessing 'execution_date' from the template is deprecated and will be removed in a future version. Please use 'data_interval_start' or 'logical_date' instead.
  warnings.warn(_create_deprecation_warning(key, self._deprecation_replacements[key]))

[2024-03-30 04:25:00,567] {taskinstance.py:1426} INFO - Exporting the following env vars:
AIRFLOW_CTX_DAG_OWNER=***
AIRFLOW_CTX_DAG_ID=ingest_data_bigquery
AIRFLOW_CTX_TASK_ID=local_to_gcs_task
AIRFLOW_CTX_EXECUTION_DATE=2021-08-02T06:00:00+00:00
AIRFLOW_CTX_DAG_RUN_ID=scheduled__2021-08-02T06:00:00+00:00
[2024-03-30 04:25:01,818] {logging_mixin.py:109} INFO - File /opt/***/yellowtaxi_tripdata_2021-08.parquet uploaded to yellowtaxi_tripdata/yellow_taxi_2021_08.parquet.
[2024-03-30 04:25:01,819] {python.py:175} INFO - Done. Returned value was: None
[2024-03-30 04:25:01,856] {taskinstance.py:1277} INFO - Marking task as SUCCESS. dag_id=ingest_data_bigquery, task_id=local_to_gcs_task, execution_date=20210802T060000, start_date=20240330T042459, end_date=20240330T042501
[2024-03-30 04:25:01,918] {local_task_job.py:154} INFO - Task exited with return code 0
[2024-03-30 04:25:02,106] {local_task_job.py:264} INFO - 1 downstream tasks scheduled from follow-on schedule check
[2024-03-30 04:39:13,236] {taskinstance.py:1032} INFO - Dependencies all met for <TaskInstance: ingest_data_bigquery.local_to_gcs_task scheduled__2021-08-02T06:00:00+00:00 [queued]>
[2024-03-30 04:39:13,332] {taskinstance.py:1032} INFO - Dependencies all met for <TaskInstance: ingest_data_bigquery.local_to_gcs_task scheduled__2021-08-02T06:00:00+00:00 [queued]>
[2024-03-30 04:39:13,337] {taskinstance.py:1238} INFO - 
--------------------------------------------------------------------------------
[2024-03-30 04:39:13,341] {taskinstance.py:1239} INFO - Starting attempt 1 of 4
[2024-03-30 04:39:13,342] {taskinstance.py:1240} INFO - 
--------------------------------------------------------------------------------
[2024-03-30 04:39:13,395] {taskinstance.py:1259} INFO - Executing <Task(PythonOperator): local_to_gcs_task> on 2021-08-02 06:00:00+00:00
[2024-03-30 04:39:13,445] {standard_task_runner.py:52} INFO - Started process 5307 to run task
[2024-03-30 04:39:13,492] {standard_task_runner.py:76} INFO - Running: ['***', 'tasks', 'run', 'ingest_data_bigquery', 'local_to_gcs_task', 'scheduled__2021-08-02T06:00:00+00:00', '--job-id', '2297', '--raw', '--subdir', 'DAGS_FOLDER/data_ingestion_gcs_dag.py', '--cfg-path', '/tmp/tmpfbafjhtb', '--error-file', '/tmp/tmpumzvggsi']
[2024-03-30 04:39:13,541] {standard_task_runner.py:77} INFO - Job 2297: Subtask local_to_gcs_task
[2024-03-30 04:39:14,045] {logging_mixin.py:109} INFO - Running <TaskInstance: ingest_data_bigquery.local_to_gcs_task scheduled__2021-08-02T06:00:00+00:00 [running]> on host 98c5b3fde4c4
[2024-03-30 04:39:14,244] {warnings.py:99} WARNING - /home/***/.local/lib/python3.6/site-packages/***/utils/context.py:152: AirflowContextDeprecationWarning: Accessing 'execution_date' from the template is deprecated and will be removed in a future version. Please use 'data_interval_start' or 'logical_date' instead.
  warnings.warn(_create_deprecation_warning(key, self._deprecation_replacements[key]))

[2024-03-30 04:39:14,363] {taskinstance.py:1426} INFO - Exporting the following env vars:
AIRFLOW_CTX_DAG_OWNER=***
AIRFLOW_CTX_DAG_ID=ingest_data_bigquery
AIRFLOW_CTX_TASK_ID=local_to_gcs_task
AIRFLOW_CTX_EXECUTION_DATE=2021-08-02T06:00:00+00:00
AIRFLOW_CTX_DAG_RUN_ID=scheduled__2021-08-02T06:00:00+00:00
[2024-03-30 04:39:15,980] {logging_mixin.py:109} INFO - File /opt/***/yellowtaxi_tripdata_2021-08.parquet uploaded to yellowtaxi_tripdata/yellow_taxi_2021_08.parquet.
[2024-03-30 04:39:15,981] {python.py:175} INFO - Done. Returned value was: None
[2024-03-30 04:39:16,147] {taskinstance.py:1277} INFO - Marking task as SUCCESS. dag_id=ingest_data_bigquery, task_id=local_to_gcs_task, execution_date=20210802T060000, start_date=20240330T043913, end_date=20240330T043916
[2024-03-30 04:39:16,319] {local_task_job.py:154} INFO - Task exited with return code 0
[2024-03-30 04:39:16,482] {local_task_job.py:264} INFO - 1 downstream tasks scheduled from follow-on schedule check
[2024-03-30 04:59:41,960] {taskinstance.py:1032} INFO - Dependencies all met for <TaskInstance: ingest_data_bigquery.local_to_gcs_task scheduled__2021-08-02T06:00:00+00:00 [queued]>
[2024-03-30 04:59:42,130] {taskinstance.py:1032} INFO - Dependencies all met for <TaskInstance: ingest_data_bigquery.local_to_gcs_task scheduled__2021-08-02T06:00:00+00:00 [queued]>
[2024-03-30 04:59:42,135] {taskinstance.py:1238} INFO - 
--------------------------------------------------------------------------------
[2024-03-30 04:59:42,142] {taskinstance.py:1239} INFO - Starting attempt 1 of 4
[2024-03-30 04:59:42,145] {taskinstance.py:1240} INFO - 
--------------------------------------------------------------------------------
[2024-03-30 04:59:42,274] {taskinstance.py:1259} INFO - Executing <Task(PythonOperator): local_to_gcs_task> on 2021-08-02 06:00:00+00:00
[2024-03-30 04:59:42,314] {standard_task_runner.py:52} INFO - Started process 6701 to run task
[2024-03-30 04:59:42,366] {standard_task_runner.py:76} INFO - Running: ['***', 'tasks', 'run', 'ingest_data_bigquery', 'local_to_gcs_task', 'scheduled__2021-08-02T06:00:00+00:00', '--job-id', '2429', '--raw', '--subdir', 'DAGS_FOLDER/data_ingestion_gcs_dag.py', '--cfg-path', '/tmp/tmpr3onvftd', '--error-file', '/tmp/tmpbphosse0']
[2024-03-30 04:59:42,449] {standard_task_runner.py:77} INFO - Job 2429: Subtask local_to_gcs_task
[2024-03-30 04:59:42,774] {logging_mixin.py:109} INFO - Running <TaskInstance: ingest_data_bigquery.local_to_gcs_task scheduled__2021-08-02T06:00:00+00:00 [running]> on host 98c5b3fde4c4
[2024-03-30 04:59:43,144] {warnings.py:99} WARNING - /home/***/.local/lib/python3.6/site-packages/***/utils/context.py:152: AirflowContextDeprecationWarning: Accessing 'execution_date' from the template is deprecated and will be removed in a future version. Please use 'data_interval_start' or 'logical_date' instead.
  warnings.warn(_create_deprecation_warning(key, self._deprecation_replacements[key]))

[2024-03-30 04:59:43,339] {taskinstance.py:1426} INFO - Exporting the following env vars:
AIRFLOW_CTX_DAG_OWNER=***
AIRFLOW_CTX_DAG_ID=ingest_data_bigquery
AIRFLOW_CTX_TASK_ID=local_to_gcs_task
AIRFLOW_CTX_EXECUTION_DATE=2021-08-02T06:00:00+00:00
AIRFLOW_CTX_DAG_RUN_ID=scheduled__2021-08-02T06:00:00+00:00
[2024-03-30 04:59:45,168] {logging_mixin.py:109} INFO - File /opt/***/yellowtaxi_tripdata_2021-08.parquet uploaded to yellowtaxi_tripdata/yellow_taxi_2021_08.parquet.
[2024-03-30 04:59:45,168] {python.py:175} INFO - Done. Returned value was: None
[2024-03-30 04:59:45,407] {taskinstance.py:1277} INFO - Marking task as SUCCESS. dag_id=ingest_data_bigquery, task_id=local_to_gcs_task, execution_date=20210802T060000, start_date=20240330T045942, end_date=20240330T045945
[2024-03-30 04:59:45,741] {local_task_job.py:154} INFO - Task exited with return code 0
[2024-03-30 04:59:45,948] {local_task_job.py:264} INFO - 1 downstream tasks scheduled from follow-on schedule check
[2024-03-30 09:01:44,420] {taskinstance.py:1032} INFO - Dependencies all met for <TaskInstance: ingest_data_bigquery.local_to_gcs_task scheduled__2021-08-02T06:00:00+00:00 [queued]>
[2024-03-30 09:01:44,495] {taskinstance.py:1032} INFO - Dependencies all met for <TaskInstance: ingest_data_bigquery.local_to_gcs_task scheduled__2021-08-02T06:00:00+00:00 [queued]>
[2024-03-30 09:01:44,495] {taskinstance.py:1238} INFO - 
--------------------------------------------------------------------------------
[2024-03-30 09:01:44,495] {taskinstance.py:1239} INFO - Starting attempt 1 of 4
[2024-03-30 09:01:44,496] {taskinstance.py:1240} INFO - 
--------------------------------------------------------------------------------
[2024-03-30 09:01:44,593] {taskinstance.py:1259} INFO - Executing <Task(PythonOperator): local_to_gcs_task> on 2021-08-02 06:00:00+00:00
[2024-03-30 09:01:44,659] {standard_task_runner.py:52} INFO - Started process 18193 to run task
[2024-03-30 09:01:44,679] {standard_task_runner.py:76} INFO - Running: ['***', 'tasks', 'run', 'ingest_data_bigquery', 'local_to_gcs_task', 'scheduled__2021-08-02T06:00:00+00:00', '--job-id', '2536', '--raw', '--subdir', 'DAGS_FOLDER/data_ingestion_gcs_dag.py', '--cfg-path', '/tmp/tmpov_shuvo', '--error-file', '/tmp/tmp_ro3a1vf']
[2024-03-30 09:01:44,723] {standard_task_runner.py:77} INFO - Job 2536: Subtask local_to_gcs_task
[2024-03-30 09:01:45,272] {logging_mixin.py:109} INFO - Running <TaskInstance: ingest_data_bigquery.local_to_gcs_task scheduled__2021-08-02T06:00:00+00:00 [running]> on host 98c5b3fde4c4
[2024-03-30 09:01:45,694] {warnings.py:99} WARNING - /home/***/.local/lib/python3.6/site-packages/***/utils/context.py:152: AirflowContextDeprecationWarning: Accessing 'execution_date' from the template is deprecated and will be removed in a future version. Please use 'data_interval_start' or 'logical_date' instead.
  warnings.warn(_create_deprecation_warning(key, self._deprecation_replacements[key]))

[2024-03-30 09:01:45,939] {taskinstance.py:1426} INFO - Exporting the following env vars:
AIRFLOW_CTX_DAG_OWNER=***
AIRFLOW_CTX_DAG_ID=ingest_data_bigquery
AIRFLOW_CTX_TASK_ID=local_to_gcs_task
AIRFLOW_CTX_EXECUTION_DATE=2021-08-02T06:00:00+00:00
AIRFLOW_CTX_DAG_RUN_ID=scheduled__2021-08-02T06:00:00+00:00
[2024-03-30 09:01:47,217] {logging_mixin.py:109} INFO - File /opt/***/yellowtaxi_tripdata_2021-08.parquet uploaded to yellowtaxi_tripdata/yellow_taxi_2021_08.parquet.
[2024-03-30 09:01:47,217] {python.py:175} INFO - Done. Returned value was: None
[2024-03-30 09:01:47,651] {taskinstance.py:1277} INFO - Marking task as SUCCESS. dag_id=ingest_data_bigquery, task_id=local_to_gcs_task, execution_date=20210802T060000, start_date=20240330T090144, end_date=20240330T090147
[2024-03-30 09:01:47,811] {local_task_job.py:154} INFO - Task exited with return code 0
[2024-03-30 09:01:47,980] {local_task_job.py:264} INFO - 1 downstream tasks scheduled from follow-on schedule check
[2024-03-30 11:04:15,288] {taskinstance.py:1032} INFO - Dependencies all met for <TaskInstance: ingest_data_bigquery.local_to_gcs_task scheduled__2021-08-02T06:00:00+00:00 [queued]>
[2024-03-30 11:04:15,320] {taskinstance.py:1032} INFO - Dependencies all met for <TaskInstance: ingest_data_bigquery.local_to_gcs_task scheduled__2021-08-02T06:00:00+00:00 [queued]>
[2024-03-30 11:04:15,321] {taskinstance.py:1238} INFO - 
--------------------------------------------------------------------------------
[2024-03-30 11:04:15,322] {taskinstance.py:1239} INFO - Starting attempt 1 of 4
[2024-03-30 11:04:15,322] {taskinstance.py:1240} INFO - 
--------------------------------------------------------------------------------
[2024-03-30 11:04:15,362] {taskinstance.py:1259} INFO - Executing <Task(PythonOperator): local_to_gcs_task> on 2021-08-02 06:00:00+00:00
[2024-03-30 11:04:15,386] {standard_task_runner.py:76} INFO - Running: ['***', 'tasks', 'run', 'ingest_data_bigquery', 'local_to_gcs_task', 'scheduled__2021-08-02T06:00:00+00:00', '--job-id', '2695', '--raw', '--subdir', 'DAGS_FOLDER/data_ingestion_gcs_dag.py', '--cfg-path', '/tmp/tmpbruqlwux', '--error-file', '/tmp/tmpac996yp7']
[2024-03-30 11:04:15,387] {standard_task_runner.py:52} INFO - Started process 24450 to run task
[2024-03-30 11:04:15,467] {standard_task_runner.py:77} INFO - Job 2695: Subtask local_to_gcs_task
[2024-03-30 11:04:16,391] {logging_mixin.py:109} INFO - Running <TaskInstance: ingest_data_bigquery.local_to_gcs_task scheduled__2021-08-02T06:00:00+00:00 [running]> on host 98c5b3fde4c4
[2024-03-30 11:04:17,082] {warnings.py:99} WARNING - /home/***/.local/lib/python3.6/site-packages/***/utils/context.py:152: AirflowContextDeprecationWarning: Accessing 'execution_date' from the template is deprecated and will be removed in a future version. Please use 'data_interval_start' or 'logical_date' instead.
  warnings.warn(_create_deprecation_warning(key, self._deprecation_replacements[key]))

[2024-03-30 11:04:17,947] {taskinstance.py:1426} INFO - Exporting the following env vars:
AIRFLOW_CTX_DAG_OWNER=***
AIRFLOW_CTX_DAG_ID=ingest_data_bigquery
AIRFLOW_CTX_TASK_ID=local_to_gcs_task
AIRFLOW_CTX_EXECUTION_DATE=2021-08-02T06:00:00+00:00
AIRFLOW_CTX_DAG_RUN_ID=scheduled__2021-08-02T06:00:00+00:00
[2024-03-30 11:04:44,138] {local_task_job.py:154} INFO - Task exited with return code Negsignal.SIGKILL
[2024-03-30 11:04:44,640] {taskinstance.py:1277} INFO - Marking task as UP_FOR_RETRY. dag_id=ingest_data_bigquery, task_id=local_to_gcs_task, execution_date=20210802T060000, start_date=20240330T110415, end_date=20240330T110444
[2024-03-30 11:04:44,861] {local_task_job.py:264} INFO - 0 downstream tasks scheduled from follow-on schedule check
[2024-03-30 11:15:27,901] {taskinstance.py:1032} INFO - Dependencies all met for <TaskInstance: ingest_data_bigquery.local_to_gcs_task scheduled__2021-08-02T06:00:00+00:00 [queued]>
[2024-03-30 11:15:28,167] {taskinstance.py:1032} INFO - Dependencies all met for <TaskInstance: ingest_data_bigquery.local_to_gcs_task scheduled__2021-08-02T06:00:00+00:00 [queued]>
[2024-03-30 11:15:28,170] {taskinstance.py:1238} INFO - 
--------------------------------------------------------------------------------
[2024-03-30 11:15:28,174] {taskinstance.py:1239} INFO - Starting attempt 1 of 4
[2024-03-30 11:15:28,175] {taskinstance.py:1240} INFO - 
--------------------------------------------------------------------------------
[2024-03-30 11:15:28,305] {taskinstance.py:1259} INFO - Executing <Task(PythonOperator): local_to_gcs_task> on 2021-08-02 06:00:00+00:00
[2024-03-30 11:15:28,385] {standard_task_runner.py:76} INFO - Running: ['***', 'tasks', 'run', 'ingest_data_bigquery', 'local_to_gcs_task', 'scheduled__2021-08-02T06:00:00+00:00', '--job-id', '2742', '--raw', '--subdir', 'DAGS_FOLDER/data_ingestion_gcs_dag.py', '--cfg-path', '/tmp/tmpr6vjyjgx', '--error-file', '/tmp/tmpd0aaqk0r']
[2024-03-30 11:15:28,453] {standard_task_runner.py:77} INFO - Job 2742: Subtask local_to_gcs_task
[2024-03-30 11:15:28,386] {standard_task_runner.py:52} INFO - Started process 25382 to run task
[2024-03-30 11:15:29,156] {logging_mixin.py:109} INFO - Running <TaskInstance: ingest_data_bigquery.local_to_gcs_task scheduled__2021-08-02T06:00:00+00:00 [running]> on host 98c5b3fde4c4
[2024-03-30 11:15:29,478] {warnings.py:99} WARNING - /home/***/.local/lib/python3.6/site-packages/***/utils/context.py:152: AirflowContextDeprecationWarning: Accessing 'execution_date' from the template is deprecated and will be removed in a future version. Please use 'data_interval_start' or 'logical_date' instead.
  warnings.warn(_create_deprecation_warning(key, self._deprecation_replacements[key]))

[2024-03-30 11:15:29,590] {taskinstance.py:1426} INFO - Exporting the following env vars:
AIRFLOW_CTX_DAG_OWNER=***
AIRFLOW_CTX_DAG_ID=ingest_data_bigquery
AIRFLOW_CTX_TASK_ID=local_to_gcs_task
AIRFLOW_CTX_EXECUTION_DATE=2021-08-02T06:00:00+00:00
AIRFLOW_CTX_DAG_RUN_ID=scheduled__2021-08-02T06:00:00+00:00
[2024-03-30 11:16:04,064] {local_task_job.py:154} INFO - Task exited with return code Negsignal.SIGKILL
[2024-03-30 11:16:05,155] {taskinstance.py:1277} INFO - Marking task as UP_FOR_RETRY. dag_id=ingest_data_bigquery, task_id=local_to_gcs_task, execution_date=20210802T060000, start_date=20240330T111527, end_date=20240330T111605
[2024-03-30 11:16:05,631] {local_task_job.py:264} INFO - 0 downstream tasks scheduled from follow-on schedule check
[2024-03-30 11:34:11,012] {taskinstance.py:1032} INFO - Dependencies all met for <TaskInstance: ingest_data_bigquery.local_to_gcs_task scheduled__2021-08-02T06:00:00+00:00 [queued]>
[2024-03-30 11:34:11,175] {taskinstance.py:1032} INFO - Dependencies all met for <TaskInstance: ingest_data_bigquery.local_to_gcs_task scheduled__2021-08-02T06:00:00+00:00 [queued]>
[2024-03-30 11:34:11,175] {taskinstance.py:1238} INFO - 
--------------------------------------------------------------------------------
[2024-03-30 11:34:11,175] {taskinstance.py:1239} INFO - Starting attempt 1 of 4
[2024-03-30 11:34:11,175] {taskinstance.py:1240} INFO - 
--------------------------------------------------------------------------------
[2024-03-30 11:34:11,307] {taskinstance.py:1259} INFO - Executing <Task(PythonOperator): local_to_gcs_task> on 2021-08-02 06:00:00+00:00
[2024-03-30 11:34:11,408] {standard_task_runner.py:76} INFO - Running: ['***', 'tasks', 'run', 'ingest_data_bigquery', 'local_to_gcs_task', 'scheduled__2021-08-02T06:00:00+00:00', '--job-id', '2818', '--raw', '--subdir', 'DAGS_FOLDER/data_ingestion_gcs_dag.py', '--cfg-path', '/tmp/tmpqlm757wn', '--error-file', '/tmp/tmpzvi1etvm']
[2024-03-30 11:34:11,467] {standard_task_runner.py:77} INFO - Job 2818: Subtask local_to_gcs_task
[2024-03-30 11:34:11,372] {standard_task_runner.py:52} INFO - Started process 26960 to run task
[2024-03-30 11:34:11,837] {logging_mixin.py:109} INFO - Running <TaskInstance: ingest_data_bigquery.local_to_gcs_task scheduled__2021-08-02T06:00:00+00:00 [running]> on host 98c5b3fde4c4
[2024-03-30 11:34:12,191] {warnings.py:99} WARNING - /home/***/.local/lib/python3.6/site-packages/***/utils/context.py:152: AirflowContextDeprecationWarning: Accessing 'execution_date' from the template is deprecated and will be removed in a future version. Please use 'data_interval_start' or 'logical_date' instead.
  warnings.warn(_create_deprecation_warning(key, self._deprecation_replacements[key]))

[2024-03-30 11:34:12,323] {taskinstance.py:1426} INFO - Exporting the following env vars:
AIRFLOW_CTX_DAG_OWNER=***
AIRFLOW_CTX_DAG_ID=ingest_data_bigquery
AIRFLOW_CTX_TASK_ID=local_to_gcs_task
AIRFLOW_CTX_EXECUTION_DATE=2021-08-02T06:00:00+00:00
AIRFLOW_CTX_DAG_RUN_ID=scheduled__2021-08-02T06:00:00+00:00
[2024-03-30 11:40:32,631] {base_job.py:230} ERROR - LocalTaskJob heartbeat got an exception
Traceback (most recent call last):
  File "/home/airflow/.local/lib/python3.6/site-packages/sqlalchemy/engine/base.py", line 2336, in _wrap_pool_connect
    return fn()
  File "/home/airflow/.local/lib/python3.6/site-packages/sqlalchemy/pool/base.py", line 364, in connect
    return _ConnectionFairy._checkout(self)
  File "/home/airflow/.local/lib/python3.6/site-packages/sqlalchemy/pool/base.py", line 778, in _checkout
    fairy = _ConnectionRecord.checkout(pool)
  File "/home/airflow/.local/lib/python3.6/site-packages/sqlalchemy/pool/base.py", line 495, in checkout
    rec = pool._do_get()
  File "/home/airflow/.local/lib/python3.6/site-packages/sqlalchemy/pool/impl.py", line 241, in _do_get
    return self._create_connection()
  File "/home/airflow/.local/lib/python3.6/site-packages/sqlalchemy/pool/base.py", line 309, in _create_connection
    return _ConnectionRecord(self)
  File "/home/airflow/.local/lib/python3.6/site-packages/sqlalchemy/pool/base.py", line 440, in __init__
    self.__connect(first_connect_check=True)
  File "/home/airflow/.local/lib/python3.6/site-packages/sqlalchemy/pool/base.py", line 661, in __connect
    pool.logger.debug("Error on connect(): %s", e)
  File "/home/airflow/.local/lib/python3.6/site-packages/sqlalchemy/util/langhelpers.py", line 70, in __exit__
    with_traceback=exc_tb,
  File "/home/airflow/.local/lib/python3.6/site-packages/sqlalchemy/util/compat.py", line 182, in raise_
    raise exception
  File "/home/airflow/.local/lib/python3.6/site-packages/sqlalchemy/pool/base.py", line 656, in __connect
    connection = pool._invoke_creator(self)
  File "/home/airflow/.local/lib/python3.6/site-packages/sqlalchemy/engine/strategies.py", line 114, in connect
    return dialect.connect(*cargs, **cparams)
  File "/home/airflow/.local/lib/python3.6/site-packages/sqlalchemy/engine/default.py", line 508, in connect
    return self.dbapi.connect(*cargs, **cparams)
  File "/home/airflow/.local/lib/python3.6/site-packages/psycopg2/__init__.py", line 122, in connect
    conn = _connect(dsn, connection_factory=connection_factory, **kwasync)
psycopg2.OperationalError: connection to server at "postgres" (172.18.0.3), port 5432 failed: server closed the connection unexpectedly
	This probably means the server terminated abnormally
	before or while processing the request.


The above exception was the direct cause of the following exception:

Traceback (most recent call last):
  File "/home/airflow/.local/lib/python3.6/site-packages/airflow/jobs/base_job.py", line 220, in heartbeat
    session.merge(self)
  File "/home/airflow/.local/lib/python3.6/site-packages/sqlalchemy/orm/session.py", line 2171, in merge
    _resolve_conflict_map=_resolve_conflict_map,
  File "/home/airflow/.local/lib/python3.6/site-packages/sqlalchemy/orm/session.py", line 2244, in _merge
    merged = self.query(mapper.class_).get(key[1])
  File "/home/airflow/.local/lib/python3.6/site-packages/sqlalchemy/orm/query.py", line 1018, in get
    return self._get_impl(ident, loading.load_on_pk_identity)
  File "/home/airflow/.local/lib/python3.6/site-packages/sqlalchemy/orm/query.py", line 1135, in _get_impl
    return db_load_fn(self, primary_key_identity)
  File "/home/airflow/.local/lib/python3.6/site-packages/sqlalchemy/orm/loading.py", line 286, in load_on_pk_identity
    return q.one()
  File "/home/airflow/.local/lib/python3.6/site-packages/sqlalchemy/orm/query.py", line 3490, in one
    ret = self.one_or_none()
  File "/home/airflow/.local/lib/python3.6/site-packages/sqlalchemy/orm/query.py", line 3459, in one_or_none
    ret = list(self)
  File "/home/airflow/.local/lib/python3.6/site-packages/sqlalchemy/orm/query.py", line 3535, in __iter__
    return self._execute_and_instances(context)
  File "/home/airflow/.local/lib/python3.6/site-packages/sqlalchemy/orm/query.py", line 3557, in _execute_and_instances
    querycontext, self._connection_from_session, close_with_result=True
  File "/home/airflow/.local/lib/python3.6/site-packages/sqlalchemy/orm/query.py", line 3572, in _get_bind_args
    mapper=self._bind_mapper(), clause=querycontext.statement, **kw
  File "/home/airflow/.local/lib/python3.6/site-packages/sqlalchemy/orm/query.py", line 3550, in _connection_from_session
    conn = self.session.connection(**kw)
  File "/home/airflow/.local/lib/python3.6/site-packages/sqlalchemy/orm/session.py", line 1145, in connection
    execution_options=execution_options,
  File "/home/airflow/.local/lib/python3.6/site-packages/sqlalchemy/orm/session.py", line 1151, in _connection_for_bind
    engine, execution_options
  File "/home/airflow/.local/lib/python3.6/site-packages/sqlalchemy/orm/session.py", line 433, in _connection_for_bind
    conn = bind._contextual_connect()
  File "/home/airflow/.local/lib/python3.6/site-packages/sqlalchemy/engine/base.py", line 2302, in _contextual_connect
    self._wrap_pool_connect(self.pool.connect, None),
  File "/home/airflow/.local/lib/python3.6/site-packages/sqlalchemy/engine/base.py", line 2340, in _wrap_pool_connect
    e, dialect, self
  File "/home/airflow/.local/lib/python3.6/site-packages/sqlalchemy/engine/base.py", line 1584, in _handle_dbapi_exception_noconnection
    sqlalchemy_exception, with_traceback=exc_info[2], from_=e
  File "/home/airflow/.local/lib/python3.6/site-packages/sqlalchemy/util/compat.py", line 182, in raise_
    raise exception
  File "/home/airflow/.local/lib/python3.6/site-packages/sqlalchemy/engine/base.py", line 2336, in _wrap_pool_connect
    return fn()
  File "/home/airflow/.local/lib/python3.6/site-packages/sqlalchemy/pool/base.py", line 364, in connect
    return _ConnectionFairy._checkout(self)
  File "/home/airflow/.local/lib/python3.6/site-packages/sqlalchemy/pool/base.py", line 778, in _checkout
    fairy = _ConnectionRecord.checkout(pool)
  File "/home/airflow/.local/lib/python3.6/site-packages/sqlalchemy/pool/base.py", line 495, in checkout
    rec = pool._do_get()
  File "/home/airflow/.local/lib/python3.6/site-packages/sqlalchemy/pool/impl.py", line 241, in _do_get
    return self._create_connection()
  File "/home/airflow/.local/lib/python3.6/site-packages/sqlalchemy/pool/base.py", line 309, in _create_connection
    return _ConnectionRecord(self)
  File "/home/airflow/.local/lib/python3.6/site-packages/sqlalchemy/pool/base.py", line 440, in __init__
    self.__connect(first_connect_check=True)
  File "/home/airflow/.local/lib/python3.6/site-packages/sqlalchemy/pool/base.py", line 661, in __connect
    pool.logger.debug("Error on connect(): %s", e)
  File "/home/airflow/.local/lib/python3.6/site-packages/sqlalchemy/util/langhelpers.py", line 70, in __exit__
    with_traceback=exc_tb,
  File "/home/airflow/.local/lib/python3.6/site-packages/sqlalchemy/util/compat.py", line 182, in raise_
    raise exception
  File "/home/airflow/.local/lib/python3.6/site-packages/sqlalchemy/pool/base.py", line 656, in __connect
    connection = pool._invoke_creator(self)
  File "/home/airflow/.local/lib/python3.6/site-packages/sqlalchemy/engine/strategies.py", line 114, in connect
    return dialect.connect(*cargs, **cparams)
  File "/home/airflow/.local/lib/python3.6/site-packages/sqlalchemy/engine/default.py", line 508, in connect
    return self.dbapi.connect(*cargs, **cparams)
  File "/home/airflow/.local/lib/python3.6/site-packages/psycopg2/__init__.py", line 122, in connect
    conn = _connect(dsn, connection_factory=connection_factory, **kwasync)
sqlalchemy.exc.OperationalError: (psycopg2.OperationalError) connection to server at "postgres" (172.18.0.3), port 5432 failed: server closed the connection unexpectedly
	This probably means the server terminated abnormally
	before or while processing the request.

(Background on this error at: http://sqlalche.me/e/13/e3q8)
[2024-03-30 11:40:32,833] {local_task_job.py:142} ERROR - Heartbeat time limit exceeded!
[2024-03-30 11:40:32,834] {standard_task_runner.py:135} ERROR - Job 2818 was killed before it finished (likely due to running out of memory)
[2024-04-28 09:15:46,637] {taskinstance.py:1032} INFO - Dependencies all met for <TaskInstance: ingest_data_bigquery.local_to_gcs_task scheduled__2021-08-02T06:00:00+00:00 [queued]>
[2024-04-28 09:15:46,752] {taskinstance.py:1032} INFO - Dependencies all met for <TaskInstance: ingest_data_bigquery.local_to_gcs_task scheduled__2021-08-02T06:00:00+00:00 [queued]>
[2024-04-28 09:15:46,775] {taskinstance.py:1238} INFO - 
--------------------------------------------------------------------------------
[2024-04-28 09:15:46,776] {taskinstance.py:1239} INFO - Starting attempt 1 of 4
[2024-04-28 09:15:46,776] {taskinstance.py:1240} INFO - 
--------------------------------------------------------------------------------
[2024-04-28 09:15:46,889] {taskinstance.py:1259} INFO - Executing <Task(PythonOperator): local_to_gcs_task> on 2021-08-02 06:00:00+00:00
[2024-04-28 09:15:46,983] {standard_task_runner.py:76} INFO - Running: ['***', 'tasks', 'run', 'ingest_data_bigquery', 'local_to_gcs_task', 'scheduled__2021-08-02T06:00:00+00:00', '--job-id', '3016', '--raw', '--subdir', 'DAGS_FOLDER/data_ingestion_gcs_dag.py', '--cfg-path', '/tmp/tmpe3yeeyji', '--error-file', '/tmp/tmp2diijq9m']
[2024-04-28 09:15:47,019] {standard_task_runner.py:77} INFO - Job 3016: Subtask local_to_gcs_task
[2024-04-28 09:15:46,930] {standard_task_runner.py:52} INFO - Started process 1531 to run task
[2024-04-28 09:15:47,427] {logging_mixin.py:109} INFO - Running <TaskInstance: ingest_data_bigquery.local_to_gcs_task scheduled__2021-08-02T06:00:00+00:00 [running]> on host 6c6a4ca9ff8e
[2024-04-28 09:15:47,612] {warnings.py:99} WARNING - /home/***/.local/lib/python3.6/site-packages/***/utils/context.py:152: AirflowContextDeprecationWarning: Accessing 'execution_date' from the template is deprecated and will be removed in a future version. Please use 'data_interval_start' or 'logical_date' instead.
  warnings.warn(_create_deprecation_warning(key, self._deprecation_replacements[key]))

[2024-04-28 09:15:47,715] {taskinstance.py:1426} INFO - Exporting the following env vars:
AIRFLOW_CTX_DAG_OWNER=***
AIRFLOW_CTX_DAG_ID=ingest_data_bigquery
AIRFLOW_CTX_TASK_ID=local_to_gcs_task
AIRFLOW_CTX_EXECUTION_DATE=2021-08-02T06:00:00+00:00
AIRFLOW_CTX_DAG_RUN_ID=scheduled__2021-08-02T06:00:00+00:00
[2024-04-28 09:16:37,028] {taskinstance.py:1700} ERROR - Task failed with exception
Traceback (most recent call last):
  File "/home/airflow/.local/lib/python3.6/site-packages/airflow/models/taskinstance.py", line 1329, in _run_raw_task
    self._execute_task_with_callbacks(context)
  File "/home/airflow/.local/lib/python3.6/site-packages/airflow/models/taskinstance.py", line 1455, in _execute_task_with_callbacks
    result = self._execute_task(context, self.task)
  File "/home/airflow/.local/lib/python3.6/site-packages/airflow/models/taskinstance.py", line 1511, in _execute_task
    result = execute_callable(context=context)
  File "/home/airflow/.local/lib/python3.6/site-packages/airflow/operators/python.py", line 174, in execute
    return_value = self.execute_callable()
  File "/home/airflow/.local/lib/python3.6/site-packages/airflow/operators/python.py", line 185, in execute_callable
    return self.python_callable(*self.op_args, **self.op_kwargs)
  File "/opt/airflow/dags/data_ingestion_gcs_dag.py", line 68, in upload_to_gcs
    df.to_parquet(clean_file_name, index=False)
  File "/home/airflow/.local/lib/python3.6/site-packages/pandas/util/_decorators.py", line 199, in wrapper
    return func(*args, **kwargs)
  File "/home/airflow/.local/lib/python3.6/site-packages/pandas/core/frame.py", line 2372, in to_parquet
    **kwargs,
  File "/home/airflow/.local/lib/python3.6/site-packages/pandas/io/parquet.py", line 276, in to_parquet
    **kwargs,
  File "/home/airflow/.local/lib/python3.6/site-packages/pandas/io/parquet.py", line 101, in write
    table = self.api.Table.from_pandas(df, **from_pandas_kwargs)
  File "pyarrow/table.pxi", line 1561, in pyarrow.lib.Table.from_pandas
  File "/home/airflow/.local/lib/python3.6/site-packages/pyarrow/pandas_compat.py", line 607, in dataframe_to_arrays
    arrays[i] = maybe_fut.result()
  File "/usr/local/lib/python3.6/concurrent/futures/_base.py", line 425, in result
    return self.__get_result()
  File "/usr/local/lib/python3.6/concurrent/futures/_base.py", line 384, in __get_result
    raise self._exception
  File "/usr/local/lib/python3.6/concurrent/futures/thread.py", line 56, in run
    result = self.fn(*self.args, **self.kwargs)
  File "/home/airflow/.local/lib/python3.6/site-packages/pyarrow/pandas_compat.py", line 581, in convert_column
    raise e
  File "/home/airflow/.local/lib/python3.6/site-packages/pyarrow/pandas_compat.py", line 575, in convert_column
    result = pa.array(col, type=type_, from_pandas=True, safe=safe)
  File "pyarrow/array.pxi", line 302, in pyarrow.lib.array
  File "pyarrow/array.pxi", line 83, in pyarrow.lib._ndarray_to_array
  File "pyarrow/error.pxi", line 122, in pyarrow.lib.check_status
pyarrow.lib.ArrowTypeError: ("Expected bytes, got a 'int' object", 'Conversion failed for column store_and_fwd_flag with type object')
[2024-04-28 09:16:37,066] {taskinstance.py:1277} INFO - Marking task as UP_FOR_RETRY. dag_id=ingest_data_bigquery, task_id=local_to_gcs_task, execution_date=20210802T060000, start_date=20240428T091546, end_date=20240428T091637
[2024-04-28 09:16:37,103] {standard_task_runner.py:92} ERROR - Failed to execute job 3016 for task local_to_gcs_task
Traceback (most recent call last):
  File "/home/airflow/.local/lib/python3.6/site-packages/airflow/task/task_runner/standard_task_runner.py", line 85, in _start_by_fork
    args.func(args, dag=self.dag)
  File "/home/airflow/.local/lib/python3.6/site-packages/airflow/cli/cli_parser.py", line 48, in command
    return func(*args, **kwargs)
  File "/home/airflow/.local/lib/python3.6/site-packages/airflow/utils/cli.py", line 92, in wrapper
    return f(*args, **kwargs)
  File "/home/airflow/.local/lib/python3.6/site-packages/airflow/cli/commands/task_command.py", line 298, in task_run
    _run_task_by_selected_method(args, dag, ti)
  File "/home/airflow/.local/lib/python3.6/site-packages/airflow/cli/commands/task_command.py", line 107, in _run_task_by_selected_method
    _run_raw_task(args, ti)
  File "/home/airflow/.local/lib/python3.6/site-packages/airflow/cli/commands/task_command.py", line 184, in _run_raw_task
    error_file=args.error_file,
  File "/home/airflow/.local/lib/python3.6/site-packages/airflow/utils/session.py", line 70, in wrapper
    return func(*args, session=session, **kwargs)
  File "/home/airflow/.local/lib/python3.6/site-packages/airflow/models/taskinstance.py", line 1329, in _run_raw_task
    self._execute_task_with_callbacks(context)
  File "/home/airflow/.local/lib/python3.6/site-packages/airflow/models/taskinstance.py", line 1455, in _execute_task_with_callbacks
    result = self._execute_task(context, self.task)
  File "/home/airflow/.local/lib/python3.6/site-packages/airflow/models/taskinstance.py", line 1511, in _execute_task
    result = execute_callable(context=context)
  File "/home/airflow/.local/lib/python3.6/site-packages/airflow/operators/python.py", line 174, in execute
    return_value = self.execute_callable()
  File "/home/airflow/.local/lib/python3.6/site-packages/airflow/operators/python.py", line 185, in execute_callable
    return self.python_callable(*self.op_args, **self.op_kwargs)
  File "/opt/airflow/dags/data_ingestion_gcs_dag.py", line 68, in upload_to_gcs
    df.to_parquet(clean_file_name, index=False)
  File "/home/airflow/.local/lib/python3.6/site-packages/pandas/util/_decorators.py", line 199, in wrapper
    return func(*args, **kwargs)
  File "/home/airflow/.local/lib/python3.6/site-packages/pandas/core/frame.py", line 2372, in to_parquet
    **kwargs,
  File "/home/airflow/.local/lib/python3.6/site-packages/pandas/io/parquet.py", line 276, in to_parquet
    **kwargs,
  File "/home/airflow/.local/lib/python3.6/site-packages/pandas/io/parquet.py", line 101, in write
    table = self.api.Table.from_pandas(df, **from_pandas_kwargs)
  File "pyarrow/table.pxi", line 1561, in pyarrow.lib.Table.from_pandas
  File "/home/airflow/.local/lib/python3.6/site-packages/pyarrow/pandas_compat.py", line 607, in dataframe_to_arrays
    arrays[i] = maybe_fut.result()
  File "/usr/local/lib/python3.6/concurrent/futures/_base.py", line 425, in result
    return self.__get_result()
  File "/usr/local/lib/python3.6/concurrent/futures/_base.py", line 384, in __get_result
    raise self._exception
  File "/usr/local/lib/python3.6/concurrent/futures/thread.py", line 56, in run
    result = self.fn(*self.args, **self.kwargs)
  File "/home/airflow/.local/lib/python3.6/site-packages/pyarrow/pandas_compat.py", line 581, in convert_column
    raise e
  File "/home/airflow/.local/lib/python3.6/site-packages/pyarrow/pandas_compat.py", line 575, in convert_column
    result = pa.array(col, type=type_, from_pandas=True, safe=safe)
  File "pyarrow/array.pxi", line 302, in pyarrow.lib.array
  File "pyarrow/array.pxi", line 83, in pyarrow.lib._ndarray_to_array
  File "pyarrow/error.pxi", line 122, in pyarrow.lib.check_status
pyarrow.lib.ArrowTypeError: ("Expected bytes, got a 'int' object", 'Conversion failed for column store_and_fwd_flag with type object')
[2024-04-28 09:16:37,477] {local_task_job.py:154} INFO - Task exited with return code 1
[2024-04-28 09:16:37,525] {local_task_job.py:264} INFO - 0 downstream tasks scheduled from follow-on schedule check
[2024-04-30 02:14:01,057] {taskinstance.py:1032} INFO - Dependencies all met for <TaskInstance: ingest_data_bigquery.local_to_gcs_task scheduled__2021-08-02T06:00:00+00:00 [queued]>
[2024-04-30 02:14:01,180] {taskinstance.py:1032} INFO - Dependencies all met for <TaskInstance: ingest_data_bigquery.local_to_gcs_task scheduled__2021-08-02T06:00:00+00:00 [queued]>
[2024-04-30 02:14:01,180] {taskinstance.py:1238} INFO - 
--------------------------------------------------------------------------------
[2024-04-30 02:14:01,180] {taskinstance.py:1239} INFO - Starting attempt 1 of 4
[2024-04-30 02:14:01,181] {taskinstance.py:1240} INFO - 
--------------------------------------------------------------------------------
[2024-04-30 02:14:01,320] {taskinstance.py:1259} INFO - Executing <Task(PythonOperator): local_to_gcs_task> on 2021-08-02 06:00:00+00:00
[2024-04-30 02:14:01,369] {standard_task_runner.py:52} INFO - Started process 412 to run task
[2024-04-30 02:14:01,421] {standard_task_runner.py:76} INFO - Running: ['***', 'tasks', 'run', 'ingest_data_bigquery', 'local_to_gcs_task', 'scheduled__2021-08-02T06:00:00+00:00', '--job-id', '3041', '--raw', '--subdir', 'DAGS_FOLDER/data_ingestion_gcs_dag.py', '--cfg-path', '/tmp/tmpdt9kihi4', '--error-file', '/tmp/tmpfigb831u']
[2024-04-30 02:14:01,477] {standard_task_runner.py:77} INFO - Job 3041: Subtask local_to_gcs_task
[2024-04-30 02:14:01,956] {logging_mixin.py:109} INFO - Running <TaskInstance: ingest_data_bigquery.local_to_gcs_task scheduled__2021-08-02T06:00:00+00:00 [running]> on host a1ae6a0259c5
[2024-04-30 02:14:02,226] {warnings.py:99} WARNING - /home/***/.local/lib/python3.6/site-packages/***/utils/context.py:152: AirflowContextDeprecationWarning: Accessing 'execution_date' from the template is deprecated and will be removed in a future version. Please use 'data_interval_start' or 'logical_date' instead.
  warnings.warn(_create_deprecation_warning(key, self._deprecation_replacements[key]))

[2024-04-30 02:14:02,428] {taskinstance.py:1426} INFO - Exporting the following env vars:
AIRFLOW_CTX_DAG_OWNER=***
AIRFLOW_CTX_DAG_ID=ingest_data_bigquery
AIRFLOW_CTX_TASK_ID=local_to_gcs_task
AIRFLOW_CTX_EXECUTION_DATE=2021-08-02T06:00:00+00:00
AIRFLOW_CTX_DAG_RUN_ID=scheduled__2021-08-02T06:00:00+00:00
[2024-04-30 02:14:53,251] {local_task_job.py:154} INFO - Task exited with return code Negsignal.SIGKILL
[2024-04-30 02:14:53,817] {taskinstance.py:1277} INFO - Marking task as UP_FOR_RETRY. dag_id=ingest_data_bigquery, task_id=local_to_gcs_task, execution_date=20210802T060000, start_date=20240430T021401, end_date=20240430T021453
[2024-04-30 02:14:54,436] {local_task_job.py:264} INFO - 0 downstream tasks scheduled from follow-on schedule check
[2024-04-30 02:58:26,032] {taskinstance.py:1032} INFO - Dependencies all met for <TaskInstance: ingest_data_bigquery.local_to_gcs_task scheduled__2021-08-02T06:00:00+00:00 [queued]>
[2024-04-30 02:58:26,083] {taskinstance.py:1032} INFO - Dependencies all met for <TaskInstance: ingest_data_bigquery.local_to_gcs_task scheduled__2021-08-02T06:00:00+00:00 [queued]>
[2024-04-30 02:58:26,084] {taskinstance.py:1238} INFO - 
--------------------------------------------------------------------------------
[2024-04-30 02:58:26,084] {taskinstance.py:1239} INFO - Starting attempt 1 of 2
[2024-04-30 02:58:26,085] {taskinstance.py:1240} INFO - 
--------------------------------------------------------------------------------
[2024-04-30 02:58:26,562] {taskinstance.py:1259} INFO - Executing <Task(PythonOperator): local_to_gcs_task> on 2021-08-02 06:00:00+00:00
[2024-04-30 02:58:26,576] {standard_task_runner.py:52} INFO - Started process 476 to run task
[2024-04-30 02:58:26,605] {standard_task_runner.py:76} INFO - Running: ['***', 'tasks', 'run', 'ingest_data_bigquery', 'local_to_gcs_task', 'scheduled__2021-08-02T06:00:00+00:00', '--job-id', '3112', '--raw', '--subdir', 'DAGS_FOLDER/data_ingestion_gcs_dag.py', '--cfg-path', '/tmp/tmpjsvacoz_', '--error-file', '/tmp/tmpdq0_2dtp']
[2024-04-30 02:58:26,630] {standard_task_runner.py:77} INFO - Job 3112: Subtask local_to_gcs_task
[2024-04-30 02:58:27,003] {logging_mixin.py:109} INFO - Running <TaskInstance: ingest_data_bigquery.local_to_gcs_task scheduled__2021-08-02T06:00:00+00:00 [running]> on host 02dc49e0e362
[2024-04-30 02:58:27,481] {warnings.py:99} WARNING - /home/***/.local/lib/python3.6/site-packages/***/utils/context.py:152: AirflowContextDeprecationWarning: Accessing 'execution_date' from the template is deprecated and will be removed in a future version. Please use 'data_interval_start' or 'logical_date' instead.
  warnings.warn(_create_deprecation_warning(key, self._deprecation_replacements[key]))

[2024-04-30 02:58:27,821] {taskinstance.py:1426} INFO - Exporting the following env vars:
AIRFLOW_CTX_DAG_OWNER=***
AIRFLOW_CTX_DAG_ID=ingest_data_bigquery
AIRFLOW_CTX_TASK_ID=local_to_gcs_task
AIRFLOW_CTX_EXECUTION_DATE=2021-08-02T06:00:00+00:00
AIRFLOW_CTX_DAG_RUN_ID=scheduled__2021-08-02T06:00:00+00:00
[2024-04-30 02:58:27,941] {taskinstance.py:1700} ERROR - Task failed with exception
Traceback (most recent call last):
  File "/home/airflow/.local/lib/python3.6/site-packages/airflow/models/taskinstance.py", line 1329, in _run_raw_task
    self._execute_task_with_callbacks(context)
  File "/home/airflow/.local/lib/python3.6/site-packages/airflow/models/taskinstance.py", line 1455, in _execute_task_with_callbacks
    result = self._execute_task(context, self.task)
  File "/home/airflow/.local/lib/python3.6/site-packages/airflow/models/taskinstance.py", line 1511, in _execute_task
    result = execute_callable(context=context)
  File "/home/airflow/.local/lib/python3.6/site-packages/airflow/operators/python.py", line 174, in execute
    return_value = self.execute_callable()
  File "/home/airflow/.local/lib/python3.6/site-packages/airflow/operators/python.py", line 185, in execute_callable
    return self.python_callable(*self.op_args, **self.op_kwargs)
  File "/opt/airflow/dags/data_ingestion_gcs_dag.py", line 92, in upload_to_gcs
    blob.upload_from_filename(clean_file_name)
  File "/home/airflow/.local/lib/python3.6/site-packages/google/cloud/storage/blob.py", line 2720, in upload_from_filename
    with open(filename, "rb") as file_obj:
FileNotFoundError: [Errno 2] No such file or directory: '/opt/airflow/cleaned_data/yellowtaxi_tripdata_2021-08.parquet'
[2024-04-30 02:58:28,042] {taskinstance.py:1277} INFO - Marking task as UP_FOR_RETRY. dag_id=ingest_data_bigquery, task_id=local_to_gcs_task, execution_date=20210802T060000, start_date=20240430T025826, end_date=20240430T025828
[2024-04-30 02:58:28,139] {standard_task_runner.py:92} ERROR - Failed to execute job 3112 for task local_to_gcs_task
Traceback (most recent call last):
  File "/home/airflow/.local/lib/python3.6/site-packages/airflow/task/task_runner/standard_task_runner.py", line 85, in _start_by_fork
    args.func(args, dag=self.dag)
  File "/home/airflow/.local/lib/python3.6/site-packages/airflow/cli/cli_parser.py", line 48, in command
    return func(*args, **kwargs)
  File "/home/airflow/.local/lib/python3.6/site-packages/airflow/utils/cli.py", line 92, in wrapper
    return f(*args, **kwargs)
  File "/home/airflow/.local/lib/python3.6/site-packages/airflow/cli/commands/task_command.py", line 298, in task_run
    _run_task_by_selected_method(args, dag, ti)
  File "/home/airflow/.local/lib/python3.6/site-packages/airflow/cli/commands/task_command.py", line 107, in _run_task_by_selected_method
    _run_raw_task(args, ti)
  File "/home/airflow/.local/lib/python3.6/site-packages/airflow/cli/commands/task_command.py", line 184, in _run_raw_task
    error_file=args.error_file,
  File "/home/airflow/.local/lib/python3.6/site-packages/airflow/utils/session.py", line 70, in wrapper
    return func(*args, session=session, **kwargs)
  File "/home/airflow/.local/lib/python3.6/site-packages/airflow/models/taskinstance.py", line 1329, in _run_raw_task
    self._execute_task_with_callbacks(context)
  File "/home/airflow/.local/lib/python3.6/site-packages/airflow/models/taskinstance.py", line 1455, in _execute_task_with_callbacks
    result = self._execute_task(context, self.task)
  File "/home/airflow/.local/lib/python3.6/site-packages/airflow/models/taskinstance.py", line 1511, in _execute_task
    result = execute_callable(context=context)
  File "/home/airflow/.local/lib/python3.6/site-packages/airflow/operators/python.py", line 174, in execute
    return_value = self.execute_callable()
  File "/home/airflow/.local/lib/python3.6/site-packages/airflow/operators/python.py", line 185, in execute_callable
    return self.python_callable(*self.op_args, **self.op_kwargs)
  File "/opt/airflow/dags/data_ingestion_gcs_dag.py", line 92, in upload_to_gcs
    blob.upload_from_filename(clean_file_name)
  File "/home/airflow/.local/lib/python3.6/site-packages/google/cloud/storage/blob.py", line 2720, in upload_from_filename
    with open(filename, "rb") as file_obj:
FileNotFoundError: [Errno 2] No such file or directory: '/opt/airflow/cleaned_data/yellowtaxi_tripdata_2021-08.parquet'
[2024-04-30 02:58:28,230] {local_task_job.py:154} INFO - Task exited with return code 1
[2024-04-30 02:58:28,655] {local_task_job.py:264} INFO - 0 downstream tasks scheduled from follow-on schedule check
[2024-04-30 03:01:19,337] {taskinstance.py:1032} INFO - Dependencies all met for <TaskInstance: ingest_data_bigquery.local_to_gcs_task scheduled__2021-08-02T06:00:00+00:00 [queued]>
[2024-04-30 03:01:19,462] {taskinstance.py:1032} INFO - Dependencies all met for <TaskInstance: ingest_data_bigquery.local_to_gcs_task scheduled__2021-08-02T06:00:00+00:00 [queued]>
[2024-04-30 03:01:19,462] {taskinstance.py:1238} INFO - 
--------------------------------------------------------------------------------
[2024-04-30 03:01:19,462] {taskinstance.py:1239} INFO - Starting attempt 1 of 2
[2024-04-30 03:01:19,463] {taskinstance.py:1240} INFO - 
--------------------------------------------------------------------------------
[2024-04-30 03:01:19,570] {taskinstance.py:1259} INFO - Executing <Task(PythonOperator): local_to_gcs_task> on 2021-08-02 06:00:00+00:00
[2024-04-30 03:01:19,635] {standard_task_runner.py:52} INFO - Started process 742 to run task
[2024-04-30 03:01:19,680] {standard_task_runner.py:76} INFO - Running: ['***', 'tasks', 'run', 'ingest_data_bigquery', 'local_to_gcs_task', 'scheduled__2021-08-02T06:00:00+00:00', '--job-id', '3145', '--raw', '--subdir', 'DAGS_FOLDER/data_ingestion_gcs_dag.py', '--cfg-path', '/tmp/tmpbofu4xd_', '--error-file', '/tmp/tmpv91lzhvm']
[2024-04-30 03:01:19,715] {standard_task_runner.py:77} INFO - Job 3145: Subtask local_to_gcs_task
[2024-04-30 03:01:19,954] {logging_mixin.py:109} INFO - Running <TaskInstance: ingest_data_bigquery.local_to_gcs_task scheduled__2021-08-02T06:00:00+00:00 [running]> on host 02dc49e0e362
[2024-04-30 03:01:20,129] {warnings.py:99} WARNING - /home/***/.local/lib/python3.6/site-packages/***/utils/context.py:152: AirflowContextDeprecationWarning: Accessing 'execution_date' from the template is deprecated and will be removed in a future version. Please use 'data_interval_start' or 'logical_date' instead.
  warnings.warn(_create_deprecation_warning(key, self._deprecation_replacements[key]))

[2024-04-30 03:01:20,206] {taskinstance.py:1426} INFO - Exporting the following env vars:
AIRFLOW_CTX_DAG_OWNER=***
AIRFLOW_CTX_DAG_ID=ingest_data_bigquery
AIRFLOW_CTX_TASK_ID=local_to_gcs_task
AIRFLOW_CTX_EXECUTION_DATE=2021-08-02T06:00:00+00:00
AIRFLOW_CTX_DAG_RUN_ID=scheduled__2021-08-02T06:00:00+00:00
[2024-04-30 03:01:21,988] {python.py:175} INFO - Done. Returned value was: None
[2024-04-30 03:01:22,049] {taskinstance.py:1277} INFO - Marking task as SUCCESS. dag_id=ingest_data_bigquery, task_id=local_to_gcs_task, execution_date=20210802T060000, start_date=20240430T030119, end_date=20240430T030122
[2024-04-30 03:01:22,246] {local_task_job.py:154} INFO - Task exited with return code 0
[2024-04-30 03:01:22,342] {local_task_job.py:264} INFO - 1 downstream tasks scheduled from follow-on schedule check
[2024-04-30 04:30:19,662] {taskinstance.py:1032} INFO - Dependencies all met for <TaskInstance: ingest_data_bigquery.local_to_gcs_task scheduled__2021-08-02T06:00:00+00:00 [queued]>
[2024-04-30 04:30:19,834] {taskinstance.py:1032} INFO - Dependencies all met for <TaskInstance: ingest_data_bigquery.local_to_gcs_task scheduled__2021-08-02T06:00:00+00:00 [queued]>
[2024-04-30 04:30:19,842] {taskinstance.py:1238} INFO - 
--------------------------------------------------------------------------------
[2024-04-30 04:30:19,850] {taskinstance.py:1239} INFO - Starting attempt 1 of 2
[2024-04-30 04:30:19,850] {taskinstance.py:1240} INFO - 
--------------------------------------------------------------------------------
[2024-04-30 04:30:20,049] {taskinstance.py:1259} INFO - Executing <Task(PythonOperator): local_to_gcs_task> on 2021-08-02 06:00:00+00:00
[2024-04-30 04:30:20,158] {standard_task_runner.py:52} INFO - Started process 5332 to run task
[2024-04-30 04:30:20,226] {standard_task_runner.py:76} INFO - Running: ['***', 'tasks', 'run', 'ingest_data_bigquery', 'local_to_gcs_task', 'scheduled__2021-08-02T06:00:00+00:00', '--job-id', '3260', '--raw', '--subdir', 'DAGS_FOLDER/data_ingestion_gcs_dag.py', '--cfg-path', '/tmp/tmpasvkcq8_', '--error-file', '/tmp/tmpnyho9q5c']
[2024-04-30 04:30:20,299] {standard_task_runner.py:77} INFO - Job 3260: Subtask local_to_gcs_task
[2024-04-30 04:30:20,555] {logging_mixin.py:109} INFO - Running <TaskInstance: ingest_data_bigquery.local_to_gcs_task scheduled__2021-08-02T06:00:00+00:00 [running]> on host 02dc49e0e362
[2024-04-30 04:30:20,840] {warnings.py:99} WARNING - /home/***/.local/lib/python3.6/site-packages/***/utils/context.py:152: AirflowContextDeprecationWarning: Accessing 'execution_date' from the template is deprecated and will be removed in a future version. Please use 'data_interval_start' or 'logical_date' instead.
  warnings.warn(_create_deprecation_warning(key, self._deprecation_replacements[key]))

[2024-04-30 04:30:21,270] {taskinstance.py:1426} INFO - Exporting the following env vars:
AIRFLOW_CTX_DAG_OWNER=***
AIRFLOW_CTX_DAG_ID=ingest_data_bigquery
AIRFLOW_CTX_TASK_ID=local_to_gcs_task
AIRFLOW_CTX_EXECUTION_DATE=2021-08-02T06:00:00+00:00
AIRFLOW_CTX_DAG_RUN_ID=scheduled__2021-08-02T06:00:00+00:00
[2024-04-30 04:33:13,789] {python.py:175} INFO - Done. Returned value was: None
[2024-04-30 04:33:14,488] {taskinstance.py:1277} INFO - Marking task as SUCCESS. dag_id=ingest_data_bigquery, task_id=local_to_gcs_task, execution_date=20210802T060000, start_date=20240430T043019, end_date=20240430T043314
[2024-04-30 04:33:14,938] {local_task_job.py:154} INFO - Task exited with return code 0
[2024-04-30 04:33:15,044] {local_task_job.py:264} INFO - 1 downstream tasks scheduled from follow-on schedule check
