[2024-03-26 14:34:32,843] {taskinstance.py:1032} INFO - Dependencies all met for <TaskInstance: LocalIngestionDag.wget scheduled__2022-07-02T06:00:00+00:00 [queued]>
[2024-03-26 14:34:32,875] {taskinstance.py:1032} INFO - Dependencies all met for <TaskInstance: LocalIngestionDag.wget scheduled__2022-07-02T06:00:00+00:00 [queued]>
[2024-03-26 14:34:32,876] {taskinstance.py:1238} INFO - 
--------------------------------------------------------------------------------
[2024-03-26 14:34:32,876] {taskinstance.py:1239} INFO - Starting attempt 1 of 1
[2024-03-26 14:34:32,876] {taskinstance.py:1240} INFO - 
--------------------------------------------------------------------------------
[2024-03-26 14:34:32,921] {taskinstance.py:1259} INFO - Executing <Task(BashOperator): wget> on 2022-07-02 06:00:00+00:00
[2024-03-26 14:34:32,930] {standard_task_runner.py:52} INFO - Started process 244 to run task
[2024-03-26 14:34:32,944] {standard_task_runner.py:76} INFO - Running: ['***', 'tasks', 'run', 'LocalIngestionDag', 'wget', 'scheduled__2022-07-02T06:00:00+00:00', '--job-id', '176', '--raw', '--subdir', 'DAGS_FOLDER/data_ingestion_local.py', '--cfg-path', '/tmp/tmp5ycee0dh', '--error-file', '/tmp/tmpoen8lvoq']
[2024-03-26 14:34:32,945] {standard_task_runner.py:77} INFO - Job 176: Subtask wget
[2024-03-26 14:34:33,062] {logging_mixin.py:109} INFO - Running <TaskInstance: LocalIngestionDag.wget scheduled__2022-07-02T06:00:00+00:00 [running]> on host 55b5831905d1
[2024-03-26 14:34:33,194] {warnings.py:99} WARNING - /home/***/.local/lib/python3.6/site-packages/***/utils/context.py:152: AirflowContextDeprecationWarning: Accessing 'execution_date' from the template is deprecated and will be removed in a future version. Please use 'data_interval_start' or 'logical_date' instead.
  warnings.warn(_create_deprecation_warning(key, self._deprecation_replacements[key]))

[2024-03-26 14:34:33,241] {taskinstance.py:1426} INFO - Exporting the following env vars:
AIRFLOW_CTX_DAG_OWNER=***
AIRFLOW_CTX_DAG_ID=LocalIngestionDag
AIRFLOW_CTX_TASK_ID=wget
AIRFLOW_CTX_EXECUTION_DATE=2022-07-02T06:00:00+00:00
AIRFLOW_CTX_DAG_RUN_ID=scheduled__2022-07-02T06:00:00+00:00
[2024-03-26 14:34:33,242] {subprocess.py:62} INFO - Tmp dir root location: 
 /tmp
[2024-03-26 14:34:33,243] {subprocess.py:74} INFO - Running command: ['bash', '-c', 'curl -sSL https://s3.amazonaws.com/nyc-tlc/trip+data/yellow_tripdata_2022-07.csv > /opt/***/output_2022-07.csv']
[2024-03-26 14:34:33,263] {subprocess.py:85} INFO - Output:
[2024-03-26 14:34:34,241] {subprocess.py:93} INFO - Command exited with return code 0
[2024-03-26 14:34:34,667] {taskinstance.py:1277} INFO - Marking task as SUCCESS. dag_id=LocalIngestionDag, task_id=wget, execution_date=20220702T060000, start_date=20240326T143432, end_date=20240326T143434
[2024-03-26 14:34:34,756] {local_task_job.py:154} INFO - Task exited with return code 0
[2024-03-26 14:34:34,903] {local_task_job.py:264} INFO - 1 downstream tasks scheduled from follow-on schedule check
[2024-03-26 15:30:09,646] {taskinstance.py:1032} INFO - Dependencies all met for <TaskInstance: LocalIngestionDag.wget scheduled__2022-07-02T06:00:00+00:00 [queued]>
[2024-03-26 15:30:09,673] {taskinstance.py:1032} INFO - Dependencies all met for <TaskInstance: LocalIngestionDag.wget scheduled__2022-07-02T06:00:00+00:00 [queued]>
[2024-03-26 15:30:09,674] {taskinstance.py:1238} INFO - 
--------------------------------------------------------------------------------
[2024-03-26 15:30:09,674] {taskinstance.py:1239} INFO - Starting attempt 1 of 1
[2024-03-26 15:30:09,675] {taskinstance.py:1240} INFO - 
--------------------------------------------------------------------------------
[2024-03-26 15:30:09,695] {taskinstance.py:1259} INFO - Executing <Task(BashOperator): wget> on 2022-07-02 06:00:00+00:00
[2024-03-26 15:30:09,707] {standard_task_runner.py:52} INFO - Started process 998 to run task
[2024-03-26 15:30:09,746] {standard_task_runner.py:76} INFO - Running: ['***', 'tasks', 'run', 'LocalIngestionDag', 'wget', 'scheduled__2022-07-02T06:00:00+00:00', '--job-id', '294', '--raw', '--subdir', 'DAGS_FOLDER/data_ingestion_local.py', '--cfg-path', '/tmp/tmp_kkeatqu', '--error-file', '/tmp/tmpuexblcrn']
[2024-03-26 15:30:09,747] {standard_task_runner.py:77} INFO - Job 294: Subtask wget
[2024-03-26 15:30:10,058] {logging_mixin.py:109} INFO - Running <TaskInstance: LocalIngestionDag.wget scheduled__2022-07-02T06:00:00+00:00 [running]> on host 153a478eba08
[2024-03-26 15:30:10,272] {warnings.py:99} WARNING - /home/***/.local/lib/python3.6/site-packages/***/utils/context.py:152: AirflowContextDeprecationWarning: Accessing 'execution_date' from the template is deprecated and will be removed in a future version. Please use 'data_interval_start' or 'logical_date' instead.
  warnings.warn(_create_deprecation_warning(key, self._deprecation_replacements[key]))

[2024-03-26 15:30:10,341] {taskinstance.py:1426} INFO - Exporting the following env vars:
AIRFLOW_CTX_DAG_OWNER=***
AIRFLOW_CTX_DAG_ID=LocalIngestionDag
AIRFLOW_CTX_TASK_ID=wget
AIRFLOW_CTX_EXECUTION_DATE=2022-07-02T06:00:00+00:00
AIRFLOW_CTX_DAG_RUN_ID=scheduled__2022-07-02T06:00:00+00:00
[2024-03-26 15:30:10,343] {subprocess.py:62} INFO - Tmp dir root location: 
 /tmp
[2024-03-26 15:30:10,344] {subprocess.py:74} INFO - Running command: ['bash', '-c', 'curl -sSL https://s3.amazonaws.com/nyc-tlc/trip+data/yellow_tripdata_2022-07.csv > /opt/***/output_2022-07.csv']
[2024-03-26 15:30:10,375] {subprocess.py:85} INFO - Output:
[2024-03-26 15:30:11,335] {subprocess.py:93} INFO - Command exited with return code 0
[2024-03-26 15:30:11,623] {taskinstance.py:1277} INFO - Marking task as SUCCESS. dag_id=LocalIngestionDag, task_id=wget, execution_date=20220702T060000, start_date=20240326T153009, end_date=20240326T153011
[2024-03-26 15:30:11,688] {local_task_job.py:154} INFO - Task exited with return code 0
[2024-03-26 15:30:11,829] {local_task_job.py:264} INFO - 1 downstream tasks scheduled from follow-on schedule check
