[2024-05-18 12:24:01,815] {taskinstance.py:1032} INFO - Dependencies all met for <TaskInstance: ingest_data_bigquery_fhv.download_dataset_task scheduled__2020-11-02T06:00:00+00:00 [queued]>
[2024-05-18 12:24:01,855] {taskinstance.py:1032} INFO - Dependencies all met for <TaskInstance: ingest_data_bigquery_fhv.download_dataset_task scheduled__2020-11-02T06:00:00+00:00 [queued]>
[2024-05-18 12:24:01,859] {taskinstance.py:1238} INFO - 
--------------------------------------------------------------------------------
[2024-05-18 12:24:01,859] {taskinstance.py:1239} INFO - Starting attempt 1 of 3
[2024-05-18 12:24:01,860] {taskinstance.py:1240} INFO - 
--------------------------------------------------------------------------------
[2024-05-18 12:24:01,903] {taskinstance.py:1259} INFO - Executing <Task(BashOperator): download_dataset_task> on 2020-11-02 06:00:00+00:00
[2024-05-18 12:24:01,949] {standard_task_runner.py:76} INFO - Running: ['***', 'tasks', 'run', 'ingest_data_bigquery_fhv', 'download_dataset_task', 'scheduled__2020-11-02T06:00:00+00:00', '--job-id', '5054', '--raw', '--subdir', 'DAGS_FOLDER/data_ingestion_gcs_fhv_dag .py', '--cfg-path', '/tmp/tmpv9slrgn2', '--error-file', '/tmp/tmpxzwxo2q0']
[2024-05-18 12:24:01,955] {standard_task_runner.py:77} INFO - Job 5054: Subtask download_dataset_task
[2024-05-18 12:24:01,916] {standard_task_runner.py:52} INFO - Started process 5321 to run task
[2024-05-18 12:24:02,134] {logging_mixin.py:109} INFO - Running <TaskInstance: ingest_data_bigquery_fhv.download_dataset_task scheduled__2020-11-02T06:00:00+00:00 [running]> on host 45b18388e83d
[2024-05-18 12:24:02,235] {warnings.py:99} WARNING - /home/***/.local/lib/python3.6/site-packages/***/utils/context.py:152: AirflowContextDeprecationWarning: Accessing 'execution_date' from the template is deprecated and will be removed in a future version. Please use 'data_interval_start' or 'logical_date' instead.
  warnings.warn(_create_deprecation_warning(key, self._deprecation_replacements[key]))

[2024-05-18 12:24:02,309] {taskinstance.py:1426} INFO - Exporting the following env vars:
AIRFLOW_CTX_DAG_OWNER=***
AIRFLOW_CTX_DAG_ID=ingest_data_bigquery_fhv
AIRFLOW_CTX_TASK_ID=download_dataset_task
AIRFLOW_CTX_EXECUTION_DATE=2020-11-02T06:00:00+00:00
AIRFLOW_CTX_DAG_RUN_ID=scheduled__2020-11-02T06:00:00+00:00
[2024-05-18 12:24:02,311] {subprocess.py:62} INFO - Tmp dir root location: 
 /tmp
[2024-05-18 12:24:02,311] {subprocess.py:74} INFO - Running command: ['bash', '-c', 'curl -sSL https://github.com/DataTalksClub/nyc-tlc-data/releases/download/fhv/fhv_tripdata_2020-11.csv.gz > /opt/***/raw_data/fhvtaxi_tripdata_2020-11.csv.gz && gunzip /opt/***/raw_data/fhvtaxi_tripdata_2020-11.csv.gz']
[2024-05-18 12:24:02,413] {subprocess.py:85} INFO - Output:
[2024-05-18 12:25:36,071] {subprocess.py:93} INFO - Command exited with return code 0
[2024-05-18 12:25:36,106] {taskinstance.py:1277} INFO - Marking task as SUCCESS. dag_id=ingest_data_bigquery_fhv, task_id=download_dataset_task, execution_date=20201102T060000, start_date=20240518T122401, end_date=20240518T122536
[2024-05-18 12:25:36,172] {local_task_job.py:154} INFO - Task exited with return code 0
[2024-05-18 12:25:36,432] {local_task_job.py:264} INFO - 0 downstream tasks scheduled from follow-on schedule check
[2024-05-18 12:50:08,374] {taskinstance.py:1032} INFO - Dependencies all met for <TaskInstance: ingest_data_bigquery_fhv.download_dataset_task scheduled__2020-11-02T06:00:00+00:00 [queued]>
[2024-05-18 12:50:08,406] {taskinstance.py:1032} INFO - Dependencies all met for <TaskInstance: ingest_data_bigquery_fhv.download_dataset_task scheduled__2020-11-02T06:00:00+00:00 [queued]>
[2024-05-18 12:50:08,406] {taskinstance.py:1238} INFO - 
--------------------------------------------------------------------------------
[2024-05-18 12:50:08,407] {taskinstance.py:1239} INFO - Starting attempt 1 of 3
[2024-05-18 12:50:08,407] {taskinstance.py:1240} INFO - 
--------------------------------------------------------------------------------
[2024-05-18 12:50:08,440] {taskinstance.py:1259} INFO - Executing <Task(BashOperator): download_dataset_task> on 2020-11-02 06:00:00+00:00
[2024-05-18 12:50:08,468] {standard_task_runner.py:52} INFO - Started process 7031 to run task
[2024-05-18 12:50:08,480] {standard_task_runner.py:76} INFO - Running: ['***', 'tasks', 'run', 'ingest_data_bigquery_fhv', 'download_dataset_task', 'scheduled__2020-11-02T06:00:00+00:00', '--job-id', '5165', '--raw', '--subdir', 'DAGS_FOLDER/data_ingestion_gcs_fhv_dag .py', '--cfg-path', '/tmp/tmp4ahxro52', '--error-file', '/tmp/tmps2giyugn']
[2024-05-18 12:50:08,499] {standard_task_runner.py:77} INFO - Job 5165: Subtask download_dataset_task
[2024-05-18 12:50:08,610] {logging_mixin.py:109} INFO - Running <TaskInstance: ingest_data_bigquery_fhv.download_dataset_task scheduled__2020-11-02T06:00:00+00:00 [running]> on host 45b18388e83d
[2024-05-18 12:50:08,698] {warnings.py:99} WARNING - /home/***/.local/lib/python3.6/site-packages/***/utils/context.py:152: AirflowContextDeprecationWarning: Accessing 'execution_date' from the template is deprecated and will be removed in a future version. Please use 'data_interval_start' or 'logical_date' instead.
  warnings.warn(_create_deprecation_warning(key, self._deprecation_replacements[key]))

[2024-05-18 12:50:08,763] {taskinstance.py:1426} INFO - Exporting the following env vars:
AIRFLOW_CTX_DAG_OWNER=***
AIRFLOW_CTX_DAG_ID=ingest_data_bigquery_fhv
AIRFLOW_CTX_TASK_ID=download_dataset_task
AIRFLOW_CTX_EXECUTION_DATE=2020-11-02T06:00:00+00:00
AIRFLOW_CTX_DAG_RUN_ID=scheduled__2020-11-02T06:00:00+00:00
[2024-05-18 12:50:08,764] {subprocess.py:62} INFO - Tmp dir root location: 
 /tmp
[2024-05-18 12:50:08,765] {subprocess.py:74} INFO - Running command: ['bash', '-c', 'curl -sSL https://github.com/DataTalksClub/nyc-tlc-data/releases/download/fhv/fhv_tripdata_2020-11.csv.gz > /opt/***/raw_data/fhvtaxi_tripdata_2020-11.csv.gz && gunzip /opt/***/raw_data/fhvtaxi_tripdata_2020-11.csv.gz']
[2024-05-18 12:50:08,865] {subprocess.py:85} INFO - Output:
[2024-05-18 12:50:11,413] {subprocess.py:93} INFO - Command exited with return code 0
[2024-05-18 12:50:11,484] {taskinstance.py:1277} INFO - Marking task as SUCCESS. dag_id=ingest_data_bigquery_fhv, task_id=download_dataset_task, execution_date=20201102T060000, start_date=20240518T125008, end_date=20240518T125011
[2024-05-18 12:50:11,735] {local_task_job.py:154} INFO - Task exited with return code 0
[2024-05-18 12:50:12,336] {local_task_job.py:264} INFO - 0 downstream tasks scheduled from follow-on schedule check
[2024-05-18 13:04:48,464] {taskinstance.py:1032} INFO - Dependencies all met for <TaskInstance: ingest_data_bigquery_fhv.download_dataset_task scheduled__2020-11-02T06:00:00+00:00 [queued]>
[2024-05-18 13:04:48,616] {taskinstance.py:1032} INFO - Dependencies all met for <TaskInstance: ingest_data_bigquery_fhv.download_dataset_task scheduled__2020-11-02T06:00:00+00:00 [queued]>
[2024-05-18 13:04:48,616] {taskinstance.py:1238} INFO - 
--------------------------------------------------------------------------------
[2024-05-18 13:04:48,616] {taskinstance.py:1239} INFO - Starting attempt 1 of 3
[2024-05-18 13:04:48,616] {taskinstance.py:1240} INFO - 
--------------------------------------------------------------------------------
[2024-05-18 13:04:48,776] {taskinstance.py:1259} INFO - Executing <Task(BashOperator): download_dataset_task> on 2020-11-02 06:00:00+00:00
[2024-05-18 13:04:48,846] {standard_task_runner.py:52} INFO - Started process 8236 to run task
[2024-05-18 13:04:48,926] {standard_task_runner.py:76} INFO - Running: ['***', 'tasks', 'run', 'ingest_data_bigquery_fhv', 'download_dataset_task', 'scheduled__2020-11-02T06:00:00+00:00', '--job-id', '5279', '--raw', '--subdir', 'DAGS_FOLDER/data_ingestion_gcs_fhv_dag .py', '--cfg-path', '/tmp/tmpmynj8r_n', '--error-file', '/tmp/tmpips9iu41']
[2024-05-18 13:04:49,005] {standard_task_runner.py:77} INFO - Job 5279: Subtask download_dataset_task
[2024-05-18 13:04:49,757] {logging_mixin.py:109} INFO - Running <TaskInstance: ingest_data_bigquery_fhv.download_dataset_task scheduled__2020-11-02T06:00:00+00:00 [running]> on host 45b18388e83d
[2024-05-18 13:04:50,553] {warnings.py:99} WARNING - /home/***/.local/lib/python3.6/site-packages/***/utils/context.py:152: AirflowContextDeprecationWarning: Accessing 'execution_date' from the template is deprecated and will be removed in a future version. Please use 'data_interval_start' or 'logical_date' instead.
  warnings.warn(_create_deprecation_warning(key, self._deprecation_replacements[key]))

[2024-05-18 13:04:51,028] {taskinstance.py:1426} INFO - Exporting the following env vars:
AIRFLOW_CTX_DAG_OWNER=***
AIRFLOW_CTX_DAG_ID=ingest_data_bigquery_fhv
AIRFLOW_CTX_TASK_ID=download_dataset_task
AIRFLOW_CTX_EXECUTION_DATE=2020-11-02T06:00:00+00:00
AIRFLOW_CTX_DAG_RUN_ID=scheduled__2020-11-02T06:00:00+00:00
[2024-05-18 13:04:51,030] {subprocess.py:62} INFO - Tmp dir root location: 
 /tmp
[2024-05-18 13:04:51,129] {subprocess.py:74} INFO - Running command: ['bash', '-c', 'curl -sSL https://github.com/DataTalksClub/nyc-tlc-data/releases/download/fhv/fhv_tripdata_2020-11.csv.gz > /opt/***/raw_data/fhvtaxi_tripdata_2020-11.csv.gz && gunzip /opt/***/raw_data/fhvtaxi_tripdata_2020-11.csv.gz']
[2024-05-18 13:04:51,646] {subprocess.py:85} INFO - Output:
[2024-05-18 13:04:59,819] {subprocess.py:93} INFO - Command exited with return code 0
[2024-05-18 13:04:59,900] {taskinstance.py:1277} INFO - Marking task as SUCCESS. dag_id=ingest_data_bigquery_fhv, task_id=download_dataset_task, execution_date=20201102T060000, start_date=20240518T130448, end_date=20240518T130459
[2024-05-18 13:05:00,004] {local_task_job.py:154} INFO - Task exited with return code 0
[2024-05-18 13:05:00,166] {local_task_job.py:264} INFO - 1 downstream tasks scheduled from follow-on schedule check
[2024-05-18 13:14:57,996] {taskinstance.py:1032} INFO - Dependencies all met for <TaskInstance: ingest_data_bigquery_fhv.download_dataset_task scheduled__2020-11-02T06:00:00+00:00 [queued]>
[2024-05-18 13:14:58,144] {taskinstance.py:1032} INFO - Dependencies all met for <TaskInstance: ingest_data_bigquery_fhv.download_dataset_task scheduled__2020-11-02T06:00:00+00:00 [queued]>
[2024-05-18 13:14:58,144] {taskinstance.py:1238} INFO - 
--------------------------------------------------------------------------------
[2024-05-18 13:14:58,145] {taskinstance.py:1239} INFO - Starting attempt 1 of 3
[2024-05-18 13:14:58,145] {taskinstance.py:1240} INFO - 
--------------------------------------------------------------------------------
[2024-05-18 13:14:58,254] {taskinstance.py:1259} INFO - Executing <Task(BashOperator): download_dataset_task> on 2020-11-02 06:00:00+00:00
[2024-05-18 13:14:58,327] {standard_task_runner.py:76} INFO - Running: ['***', 'tasks', 'run', 'ingest_data_bigquery_fhv', 'download_dataset_task', 'scheduled__2020-11-02T06:00:00+00:00', '--job-id', '5375', '--raw', '--subdir', 'DAGS_FOLDER/data_ingestion_gcs_fhv_dag .py', '--cfg-path', '/tmp/tmppdts5bec', '--error-file', '/tmp/tmpnivrn_yd']
[2024-05-18 13:14:58,340] {standard_task_runner.py:77} INFO - Job 5375: Subtask download_dataset_task
[2024-05-18 13:14:58,309] {standard_task_runner.py:52} INFO - Started process 9206 to run task
[2024-05-18 13:14:58,757] {logging_mixin.py:109} INFO - Running <TaskInstance: ingest_data_bigquery_fhv.download_dataset_task scheduled__2020-11-02T06:00:00+00:00 [running]> on host 45b18388e83d
[2024-05-18 13:14:59,022] {warnings.py:99} WARNING - /home/***/.local/lib/python3.6/site-packages/***/utils/context.py:152: AirflowContextDeprecationWarning: Accessing 'execution_date' from the template is deprecated and will be removed in a future version. Please use 'data_interval_start' or 'logical_date' instead.
  warnings.warn(_create_deprecation_warning(key, self._deprecation_replacements[key]))

[2024-05-18 13:14:59,304] {taskinstance.py:1426} INFO - Exporting the following env vars:
AIRFLOW_CTX_DAG_OWNER=***
AIRFLOW_CTX_DAG_ID=ingest_data_bigquery_fhv
AIRFLOW_CTX_TASK_ID=download_dataset_task
AIRFLOW_CTX_EXECUTION_DATE=2020-11-02T06:00:00+00:00
AIRFLOW_CTX_DAG_RUN_ID=scheduled__2020-11-02T06:00:00+00:00
[2024-05-18 13:14:59,307] {subprocess.py:62} INFO - Tmp dir root location: 
 /tmp
[2024-05-18 13:14:59,308] {subprocess.py:74} INFO - Running command: ['bash', '-c', 'curl -sSL https://github.com/DataTalksClub/nyc-tlc-data/releases/download/fhv/fhv_tripdata_2020-11.csv.gz > /opt/***/raw_data/fhvtaxi_tripdata_2020-11.csv.gz && gunzip /opt/***/raw_data/fhvtaxi_tripdata_2020-11.csv.gz']
[2024-05-18 13:14:59,437] {subprocess.py:85} INFO - Output:
[2024-05-18 13:15:06,407] {subprocess.py:93} INFO - Command exited with return code 0
[2024-05-18 13:15:06,480] {taskinstance.py:1277} INFO - Marking task as SUCCESS. dag_id=ingest_data_bigquery_fhv, task_id=download_dataset_task, execution_date=20201102T060000, start_date=20240518T131458, end_date=20240518T131506
[2024-05-18 13:15:06,548] {local_task_job.py:154} INFO - Task exited with return code 0
[2024-05-18 13:15:06,619] {local_task_job.py:264} INFO - 1 downstream tasks scheduled from follow-on schedule check
