[2024-03-30 12:02:53,715] {taskinstance.py:1032} INFO - Dependencies all met for <TaskInstance: ingest_data_bigquery.local_to_gcs_task scheduled__2023-04-02T06:00:00+00:00 [queued]>
[2024-03-30 12:02:53,783] {taskinstance.py:1032} INFO - Dependencies all met for <TaskInstance: ingest_data_bigquery.local_to_gcs_task scheduled__2023-04-02T06:00:00+00:00 [queued]>
[2024-03-30 12:02:53,783] {taskinstance.py:1238} INFO - 
--------------------------------------------------------------------------------
[2024-03-30 12:02:53,783] {taskinstance.py:1239} INFO - Starting attempt 2 of 4
[2024-03-30 12:02:53,783] {taskinstance.py:1240} INFO - 
--------------------------------------------------------------------------------
[2024-03-30 12:02:53,820] {taskinstance.py:1259} INFO - Executing <Task(PythonOperator): local_to_gcs_task> on 2023-04-02 06:00:00+00:00
[2024-03-30 12:02:53,837] {standard_task_runner.py:52} INFO - Started process 29083 to run task
[2024-03-30 12:02:53,856] {standard_task_runner.py:76} INFO - Running: ['***', 'tasks', 'run', 'ingest_data_bigquery', 'local_to_gcs_task', 'scheduled__2023-04-02T06:00:00+00:00', '--job-id', '2925', '--raw', '--subdir', 'DAGS_FOLDER/data_ingestion_gcs_dag.py', '--cfg-path', '/tmp/tmp9191kkp8', '--error-file', '/tmp/tmpk74m4ugo']
[2024-03-30 12:02:53,861] {standard_task_runner.py:77} INFO - Job 2925: Subtask local_to_gcs_task
[2024-03-30 12:02:53,994] {logging_mixin.py:109} INFO - Running <TaskInstance: ingest_data_bigquery.local_to_gcs_task scheduled__2023-04-02T06:00:00+00:00 [running]> on host 98c5b3fde4c4
[2024-03-30 12:02:54,061] {warnings.py:99} WARNING - /home/***/.local/lib/python3.6/site-packages/***/utils/context.py:152: AirflowContextDeprecationWarning: Accessing 'execution_date' from the template is deprecated and will be removed in a future version. Please use 'data_interval_start' or 'logical_date' instead.
  warnings.warn(_create_deprecation_warning(key, self._deprecation_replacements[key]))

[2024-03-30 12:02:54,115] {taskinstance.py:1426} INFO - Exporting the following env vars:
AIRFLOW_CTX_DAG_OWNER=***
AIRFLOW_CTX_DAG_ID=ingest_data_bigquery
AIRFLOW_CTX_TASK_ID=local_to_gcs_task
AIRFLOW_CTX_EXECUTION_DATE=2023-04-02T06:00:00+00:00
AIRFLOW_CTX_DAG_RUN_ID=scheduled__2023-04-02T06:00:00+00:00
[2024-03-30 12:03:02,621] {local_task_job.py:154} INFO - Task exited with return code Negsignal.SIGKILL
[2024-03-30 12:03:03,354] {taskinstance.py:1277} INFO - Marking task as UP_FOR_RETRY. dag_id=ingest_data_bigquery, task_id=local_to_gcs_task, execution_date=20230402T060000, start_date=20240330T120253, end_date=20240330T120303
[2024-03-30 12:03:03,504] {local_task_job.py:264} INFO - 0 downstream tasks scheduled from follow-on schedule check
