[2024-05-02 04:02:58,968] {taskinstance.py:1032} INFO - Dependencies all met for <TaskInstance: ingest_data_bigquery_yt.download_dataset_task scheduled__2019-01-02T06:00:00+00:00 [queued]>
[2024-05-02 04:02:58,979] {taskinstance.py:1032} INFO - Dependencies all met for <TaskInstance: ingest_data_bigquery_yt.download_dataset_task scheduled__2019-01-02T06:00:00+00:00 [queued]>
[2024-05-02 04:02:58,979] {taskinstance.py:1238} INFO - 
--------------------------------------------------------------------------------
[2024-05-02 04:02:58,979] {taskinstance.py:1239} INFO - Starting attempt 2 of 2
[2024-05-02 04:02:58,980] {taskinstance.py:1240} INFO - 
--------------------------------------------------------------------------------
[2024-05-02 04:02:58,990] {taskinstance.py:1259} INFO - Executing <Task(BashOperator): download_dataset_task> on 2019-01-02 06:00:00+00:00
[2024-05-02 04:02:58,996] {standard_task_runner.py:52} INFO - Started process 5047 to run task
[2024-05-02 04:02:59,002] {standard_task_runner.py:76} INFO - Running: ['***', 'tasks', 'run', 'ingest_data_bigquery_yt', 'download_dataset_task', 'scheduled__2019-01-02T06:00:00+00:00', '--job-id', '3721', '--raw', '--subdir', 'DAGS_FOLDER/data_ingestion_gcs_yt_dag.py', '--cfg-path', '/tmp/tmpr5borfuw', '--error-file', '/tmp/tmp36lebc8z']
[2024-05-02 04:02:59,007] {standard_task_runner.py:77} INFO - Job 3721: Subtask download_dataset_task
[2024-05-02 04:02:59,068] {logging_mixin.py:109} INFO - Running <TaskInstance: ingest_data_bigquery_yt.download_dataset_task scheduled__2019-01-02T06:00:00+00:00 [running]> on host bef445d594dc
[2024-05-02 04:02:59,102] {warnings.py:99} WARNING - /home/***/.local/lib/python3.6/site-packages/***/utils/context.py:152: AirflowContextDeprecationWarning: Accessing 'execution_date' from the template is deprecated and will be removed in a future version. Please use 'data_interval_start' or 'logical_date' instead.
  warnings.warn(_create_deprecation_warning(key, self._deprecation_replacements[key]))

[2024-05-02 04:02:59,124] {taskinstance.py:1426} INFO - Exporting the following env vars:
AIRFLOW_CTX_DAG_OWNER=***
AIRFLOW_CTX_DAG_ID=ingest_data_bigquery_yt
AIRFLOW_CTX_TASK_ID=download_dataset_task
AIRFLOW_CTX_EXECUTION_DATE=2019-01-02T06:00:00+00:00
AIRFLOW_CTX_DAG_RUN_ID=scheduled__2019-01-02T06:00:00+00:00
[2024-05-02 04:02:59,126] {subprocess.py:62} INFO - Tmp dir root location: 
 /tmp
[2024-05-02 04:02:59,127] {subprocess.py:74} INFO - Running command: ['bash', '-c', 'curl -sSL https://github.com/DataTalksClub/nyc-tlc-data/releases/download/yellow/yellow_tripdata_2019-01.csv.gz > /opt/***/raw_data/yellowtaxi_tripdata_2019-01.csv.gz | gzip -d > /opt/***/raw_data/yellowtaxi_tripdata_2019-01.csv && rm /opt/***/raw_data/yellowtaxi_tripdata_2019-01.csv.gz']
[2024-05-02 04:02:59,140] {subprocess.py:85} INFO - Output:
[2024-05-02 04:02:59,162] {subprocess.py:89} INFO - 
[2024-05-02 04:02:59,163] {subprocess.py:89} INFO - gzip: stdin: unexpected end of file
[2024-05-02 04:03:01,628] {subprocess.py:93} INFO - Command exited with return code 1
[2024-05-02 04:03:01,652] {taskinstance.py:1700} ERROR - Task failed with exception
Traceback (most recent call last):
  File "/home/airflow/.local/lib/python3.6/site-packages/airflow/models/taskinstance.py", line 1329, in _run_raw_task
    self._execute_task_with_callbacks(context)
  File "/home/airflow/.local/lib/python3.6/site-packages/airflow/models/taskinstance.py", line 1455, in _execute_task_with_callbacks
    result = self._execute_task(context, self.task)
  File "/home/airflow/.local/lib/python3.6/site-packages/airflow/models/taskinstance.py", line 1511, in _execute_task
    result = execute_callable(context=context)
  File "/home/airflow/.local/lib/python3.6/site-packages/airflow/operators/bash.py", line 188, in execute
    f'Bash command failed. The command returned a non-zero exit code {result.exit_code}.'
airflow.exceptions.AirflowException: Bash command failed. The command returned a non-zero exit code 1.
[2024-05-02 04:03:01,660] {taskinstance.py:1277} INFO - Marking task as FAILED. dag_id=ingest_data_bigquery_yt, task_id=download_dataset_task, execution_date=20190102T060000, start_date=20240502T040258, end_date=20240502T040301
[2024-05-02 04:03:01,688] {standard_task_runner.py:92} ERROR - Failed to execute job 3721 for task download_dataset_task
Traceback (most recent call last):
  File "/home/airflow/.local/lib/python3.6/site-packages/airflow/task/task_runner/standard_task_runner.py", line 85, in _start_by_fork
    args.func(args, dag=self.dag)
  File "/home/airflow/.local/lib/python3.6/site-packages/airflow/cli/cli_parser.py", line 48, in command
    return func(*args, **kwargs)
  File "/home/airflow/.local/lib/python3.6/site-packages/airflow/utils/cli.py", line 92, in wrapper
    return f(*args, **kwargs)
  File "/home/airflow/.local/lib/python3.6/site-packages/airflow/cli/commands/task_command.py", line 298, in task_run
    _run_task_by_selected_method(args, dag, ti)
  File "/home/airflow/.local/lib/python3.6/site-packages/airflow/cli/commands/task_command.py", line 107, in _run_task_by_selected_method
    _run_raw_task(args, ti)
  File "/home/airflow/.local/lib/python3.6/site-packages/airflow/cli/commands/task_command.py", line 184, in _run_raw_task
    error_file=args.error_file,
  File "/home/airflow/.local/lib/python3.6/site-packages/airflow/utils/session.py", line 70, in wrapper
    return func(*args, session=session, **kwargs)
  File "/home/airflow/.local/lib/python3.6/site-packages/airflow/models/taskinstance.py", line 1329, in _run_raw_task
    self._execute_task_with_callbacks(context)
  File "/home/airflow/.local/lib/python3.6/site-packages/airflow/models/taskinstance.py", line 1455, in _execute_task_with_callbacks
    result = self._execute_task(context, self.task)
  File "/home/airflow/.local/lib/python3.6/site-packages/airflow/models/taskinstance.py", line 1511, in _execute_task
    result = execute_callable(context=context)
  File "/home/airflow/.local/lib/python3.6/site-packages/airflow/operators/bash.py", line 188, in execute
    f'Bash command failed. The command returned a non-zero exit code {result.exit_code}.'
airflow.exceptions.AirflowException: Bash command failed. The command returned a non-zero exit code 1.
[2024-05-02 04:03:01,711] {local_task_job.py:154} INFO - Task exited with return code 1
[2024-05-02 04:03:01,834] {local_task_job.py:264} INFO - 0 downstream tasks scheduled from follow-on schedule check
[2024-05-02 17:56:46,820] {taskinstance.py:1032} INFO - Dependencies all met for <TaskInstance: ingest_data_bigquery_yt.download_dataset_task scheduled__2019-01-02T06:00:00+00:00 [queued]>
[2024-05-02 17:56:46,836] {taskinstance.py:1032} INFO - Dependencies all met for <TaskInstance: ingest_data_bigquery_yt.download_dataset_task scheduled__2019-01-02T06:00:00+00:00 [queued]>
[2024-05-02 17:56:46,836] {taskinstance.py:1238} INFO - 
--------------------------------------------------------------------------------
[2024-05-02 17:56:46,836] {taskinstance.py:1239} INFO - Starting attempt 2 of 3
[2024-05-02 17:56:46,836] {taskinstance.py:1240} INFO - 
--------------------------------------------------------------------------------
[2024-05-02 17:56:46,851] {taskinstance.py:1259} INFO - Executing <Task(BashOperator): download_dataset_task> on 2019-01-02 06:00:00+00:00
[2024-05-02 17:56:46,859] {standard_task_runner.py:52} INFO - Started process 4497 to run task
[2024-05-02 17:56:46,867] {standard_task_runner.py:76} INFO - Running: ['***', 'tasks', 'run', 'ingest_data_bigquery_yt', 'download_dataset_task', 'scheduled__2019-01-02T06:00:00+00:00', '--job-id', '3841', '--raw', '--subdir', 'DAGS_FOLDER/data_ingestion_gcs_yt_dag.py', '--cfg-path', '/tmp/tmpsdlee7vf', '--error-file', '/tmp/tmprgfe56h_']
[2024-05-02 17:56:46,873] {standard_task_runner.py:77} INFO - Job 3841: Subtask download_dataset_task
[2024-05-02 17:56:46,946] {logging_mixin.py:109} INFO - Running <TaskInstance: ingest_data_bigquery_yt.download_dataset_task scheduled__2019-01-02T06:00:00+00:00 [running]> on host 1ed1a38cd1e3
[2024-05-02 17:56:46,991] {warnings.py:99} WARNING - /home/***/.local/lib/python3.6/site-packages/***/utils/context.py:152: AirflowContextDeprecationWarning: Accessing 'execution_date' from the template is deprecated and will be removed in a future version. Please use 'data_interval_start' or 'logical_date' instead.
  warnings.warn(_create_deprecation_warning(key, self._deprecation_replacements[key]))

[2024-05-02 17:56:47,024] {taskinstance.py:1426} INFO - Exporting the following env vars:
AIRFLOW_CTX_DAG_OWNER=***
AIRFLOW_CTX_DAG_ID=ingest_data_bigquery_yt
AIRFLOW_CTX_TASK_ID=download_dataset_task
AIRFLOW_CTX_EXECUTION_DATE=2019-01-02T06:00:00+00:00
AIRFLOW_CTX_DAG_RUN_ID=scheduled__2019-01-02T06:00:00+00:00
[2024-05-02 17:56:47,025] {subprocess.py:62} INFO - Tmp dir root location: 
 /tmp
[2024-05-02 17:56:47,026] {subprocess.py:74} INFO - Running command: ['bash', '-c', 'curl -sSL https://github.com/DataTalksClub/nyc-tlc-data/releases/download/yellow/yellow_tripdata_2019-01.csv.gz > /opt/***/raw_data/yellowtaxi_tripdata_2019-01.csv.gz && gunzip /opt/***/raw_data/yellowtaxi_tripdata_2019-01.csv.gz']
[2024-05-02 17:56:47,042] {subprocess.py:85} INFO - Output:
[2024-05-02 17:56:54,596] {subprocess.py:93} INFO - Command exited with return code 0
[2024-05-02 17:56:54,621] {taskinstance.py:1700} ERROR - Task failed with exception
Traceback (most recent call last):
  File "/home/airflow/.local/lib/python3.6/site-packages/sqlalchemy/engine/base.py", line 1277, in _execute_context
    cursor, statement, parameters, context
  File "/home/airflow/.local/lib/python3.6/site-packages/sqlalchemy/engine/default.py", line 608, in do_execute
    cursor.execute(statement, parameters)
psycopg2.errors.DiskFull: could not extend file "base/16384/16530": No space left on device
HINT:  Check free disk space.


The above exception was the direct cause of the following exception:

Traceback (most recent call last):
  File "/home/airflow/.local/lib/python3.6/site-packages/airflow/models/taskinstance.py", line 1329, in _run_raw_task
    self._execute_task_with_callbacks(context)
  File "/home/airflow/.local/lib/python3.6/site-packages/airflow/models/taskinstance.py", line 1455, in _execute_task_with_callbacks
    result = self._execute_task(context, self.task)
  File "/home/airflow/.local/lib/python3.6/site-packages/airflow/models/taskinstance.py", line 1514, in _execute_task
    self.xcom_push(key=XCOM_RETURN_KEY, value=result)
  File "/home/airflow/.local/lib/python3.6/site-packages/airflow/utils/session.py", line 70, in wrapper
    return func(*args, session=session, **kwargs)
  File "/home/airflow/.local/lib/python3.6/site-packages/airflow/models/taskinstance.py", line 2141, in xcom_push
    session=session,
  File "/home/airflow/.local/lib/python3.6/site-packages/airflow/utils/session.py", line 67, in wrapper
    return func(*args, **kwargs)
  File "/home/airflow/.local/lib/python3.6/site-packages/airflow/models/xcom.py", line 112, in set
    session.flush()
  File "/home/airflow/.local/lib/python3.6/site-packages/sqlalchemy/orm/session.py", line 2540, in flush
    self._flush(objects)
  File "/home/airflow/.local/lib/python3.6/site-packages/sqlalchemy/orm/session.py", line 2682, in _flush
    transaction.rollback(_capture_exception=True)
  File "/home/airflow/.local/lib/python3.6/site-packages/sqlalchemy/util/langhelpers.py", line 70, in __exit__
    with_traceback=exc_tb,
  File "/home/airflow/.local/lib/python3.6/site-packages/sqlalchemy/util/compat.py", line 182, in raise_
    raise exception
  File "/home/airflow/.local/lib/python3.6/site-packages/sqlalchemy/orm/session.py", line 2642, in _flush
    flush_context.execute()
  File "/home/airflow/.local/lib/python3.6/site-packages/sqlalchemy/orm/unitofwork.py", line 422, in execute
    rec.execute(self)
  File "/home/airflow/.local/lib/python3.6/site-packages/sqlalchemy/orm/unitofwork.py", line 589, in execute
    uow,
  File "/home/airflow/.local/lib/python3.6/site-packages/sqlalchemy/orm/persistence.py", line 245, in save_obj
    insert,
  File "/home/airflow/.local/lib/python3.6/site-packages/sqlalchemy/orm/persistence.py", line 1083, in _emit_insert_statements
    c = cached_connectio[2024-05-03 15:23:40,664] {taskinstance.py:1032} INFO - Dependencies all met for <TaskInstance: ingest_data_bigquery_yt.download_dataset_task scheduled__2019-01-02T06:00:00+00:00 [queued]>
[2024-05-03 15:23:40,782] {taskinstance.py:1032} INFO - Dependencies all met for <TaskInstance: ingest_data_bigquery_yt.download_dataset_task scheduled__2019-01-02T06:00:00+00:00 [queued]>
[2024-05-03 15:23:40,790] {taskinstance.py:1238} INFO - 
--------------------------------------------------------------------------------
[2024-05-03 15:23:40,795] {taskinstance.py:1239} INFO - Starting attempt 2 of 3
[2024-05-03 15:23:40,799] {taskinstance.py:1240} INFO - 
--------------------------------------------------------------------------------
[2024-05-03 15:23:40,893] {taskinstance.py:1259} INFO - Executing <Task(BashOperator): download_dataset_task> on 2019-01-02 06:00:00+00:00
[2024-05-03 15:23:41,057] {standard_task_runner.py:76} INFO - Running: ['***', 'tasks', 'run', 'ingest_data_bigquery_yt', 'download_dataset_task', 'scheduled__2019-01-02T06:00:00+00:00', '--job-id', '4060', '--raw', '--subdir', 'DAGS_FOLDER/data_ingstion_gcs_yt_dag.py', '--cfg-path', '/tmp/tmpnomo6uem', '--error-file', '/tmp/tmp06yqrbk8']
[2024-05-03 15:23:40,958] {standard_task_runner.py:52} INFO - Started process 113 to run task
[2024-05-03 15:23:41,200] {standard_task_runner.py:77} INFO - Job 4060: Subtask download_dataset_task
[2024-05-03 15:23:41,865] {logging_mixin.py:109} INFO - Running <TaskInstance: ingest_data_bigquery_yt.download_dataset_task scheduled__2019-01-02T06:00:00+00:00 [running]> on host 269238f68a58
[2024-05-03 15:23:42,330] {warnings.py:99} WARNING - /home/***/.local/lib/python3.6/site-packages/***/utils/context.py:152: AirflowContextDeprecationWarning: Accessing 'execution_date' from the template is deprecated and will be removed in a future version. Please use 'data_interval_start' or 'logical_date' instead.
  warnings.warn(_create_deprecation_warning(key, self._deprecation_replacements[key]))

[2024-05-03 15:23:42,460] {taskinstance.py:1426} INFO - Exporting the following env vars:
AIRFLOW_CTX_DAG_OWNER=***
AIRFLOW_CTX_DAG_ID=ingest_data_bigquery_yt
AIRFLOW_CTX_TASK_ID=download_dataset_task
AIRFLOW_CTX_EXECUTION_DATE=2019-01-02T06:00:00+00:00
AIRFLOW_CTX_DAG_RUN_ID=scheduled__2019-01-02T06:00:00+00:00
[2024-05-03 15:23:42,468] {subprocess.py:62} INFO - Tmp dir root location: 
 /tmp
[2024-05-03 15:23:42,468] {subprocess.py:74} INFO - Running command: ['bash', '-c', 'curl -sSL https://github.com/DataTalksClub/nyc-tlc-data/releases/download/yellow/yellow_tripdata_2019-01.csv.gz > /opt/***/raw_data/yellowtaxi_tripdata_2019-01.csv.gz && gunzip /opt/***/raw_data/yellowtaxi_tripdata_2019-01.csv.gz']
[2024-05-03 15:23:42,611] {subprocess.py:85} INFO - Output:
[2024-05-03 15:24:05,648] {subprocess.py:89} INFO - 
[2024-05-03 15:24:05,650] {subprocess.py:89} INFO - gzip: /opt/***/raw_data/yellowtaxi_tripdata_2019-01.csv: No space left on device
[2024-05-03 15:24:05,900] {subprocess.py:93} INFO - Command exited with return code 1
[2024-05-03 15:24:05,935] {taskinstance.py:1700} ERROR - Task failed with exception
Traceback (most recent call last):
  File "/home/airflow/.local/lib/python3.6/site-packages/airflow/models/taskinstance.py", line 1329, in _run_raw_task
    self._execute_task_with_callbacks(context)
  File "/home/airflow/.local/lib/python3.6/site-packages/airflow/models/taskinstance.py", line 1455, in _execute_task_with_callbacks
    result = self._execute_task(context, self.task)
  File "/home/airflow/.local/lib/python3.6/site-packages/airflow/models/taskinstance.py", line 1511, in _execute_task
    result = execute_callable(context=context)
  File "/home/airflow/.local/lib/python3.6/site-packages/airflow/operators/bash.py", line 188, in execute
    f'Bash command failed. The command returned a non-zero exit code {result.exit_code}.'
airflow.exceptions.AirflowException: Bash command failed. The command returned a non-zero exit code 1.
[2024-05-03 15:24:05,950] {taskinstance.py:1277} INFO - Marking task as UP_FOR_RETRY. dag_id=ingest_data_bigquery_yt, task_id=download_dataset_task, execution_date=20190102T060000, start_date=20240503T152340, end_date=20240503T152405
[2024-05-03 15:24:06,083] {standard_task_runner.py:92} ERROR - Failed to execute job 4060 for task download_dataset_task
Traceback (most recent call last):
  File "/home/airflow/.local/lib/python3.6/site-packages/airflow/task/task_runner/standard_task_runner.py", line 85, in _start_by_fork
    args.func(args, dag=self.dag)
  File "/home/airflow/.local/lib/python3.6/site-packages/airflow/cli/cli_parser.py", line 48, in command
    return func(*args, **kwargs)
  File "/home/airflow/.local/lib/python3.6/site-packages/airflow/utils/cli.py", line 92, in wrapper
    return f(*args, **kwargs)
  File "/home/airflow/.local/lib/python3.6/site-packages/airflow/cli/commands/task_command.py", line 298, in task_run
    _run_task_by_selected_method(args, dag, ti)
  File "/home/airflow/.local/lib/python3.6/site-packages/airflow/cli/commands/task_command.py", line 107, in _run_task_by_selected_method
    _run_raw_task(args, ti)
  File "/home/airflow/.local/lib/python3.6/site-packages/airflow/cli/commands/task_command.py", line 184, in _run_raw_task
    error_file=args.error_file,
  File "/home/airflow/.local/lib/python3.6/site-packages/airflow/utils/session.py", line 70, in wrapper
    return func(*args, session=session, **kwargs)
  File "/home/airflow/.local/lib/python3.6/site-packages/airflow/models/taskinstance.py", line 1329, in _run_raw_task
    self._execute_task_with_callbacks(context)
  File "/home/airflow/.local/lib/python3.6/site-packages/airflow/models/taskinstance.py", line 1455, in _execute_task_with_callbacks
    result = self._execute_task(context, self.task)
  File "/home/airflow/.local/lib/python3.6/site-packages/airflow/models/taskinstance.py", line 1511, in _execute_task
    result = execute_callable(context=context)
  File "/home/airflow/.local/lib/python3.6/site-packages/airflow/operators/bash.py", line 188, in execute
    f'Bash command failed. The command returned a non-zero exit code {result.exit_code}.'
airflow.exceptions.AirflowException: Bash command failed. The command returned a non-zero exit code 1.
[2024-05-03 15:24:06,121] {local_task_job.py:154} INFO - Task exited with return code 1
[2024-05-03 15:24:06,249] {local_task_job.py:264} INFO - 0 downstream tasks scheduled from follow-on schedule check
[2024-05-06 09:29:22,978] {taskinstance.py:1032} INFO - Dependencies all met for <TaskInstance: ingest_data_bigquery_yt.download_dataset_task scheduled__2019-01-02T06:00:00+00:00 [queued]>
[2024-05-06 09:29:22,991] {taskinstance.py:1032} INFO - Dependencies all met for <TaskInstance: ingest_data_bigquery_yt.download_dataset_task scheduled__2019-01-02T06:00:00+00:00 [queued]>
[2024-05-06 09:29:22,991] {taskinstance.py:1238} INFO - 
--------------------------------------------------------------------------------
[2024-05-06 09:29:22,991] {taskinstance.py:1239} INFO - Starting attempt 2 of 4
[2024-05-06 09:29:22,991] {taskinstance.py:1240} INFO - 
--------------------------------------------------------------------------------
[2024-05-06 09:29:23,003] {taskinstance.py:1259} INFO - Executing <Task(BashOperator): download_dataset_task> on 2019-01-02 06:00:00+00:00
[2024-05-06 09:29:23,010] {standard_task_runner.py:52} INFO - Started process 634 to run task
[2024-05-06 09:29:23,014] {standard_task_runner.py:76} INFO - Running: ['***', 'tasks', 'run', 'ingest_data_bigquery_yt', 'download_dataset_task', 'scheduled__2019-01-02T06:00:00+00:00', '--job-id', '4617', '--raw', '--subdir', 'DAGS_FOLDER/data_ingstion_gcs_yt_dag.py', '--cfg-path', '/tmp/tmp6y1bi9_8', '--error-file', '/tmp/tmp9ed61y7i']
[2024-05-06 09:29:23,018] {standard_task_runner.py:77} INFO - Job 4617: Subtask download_dataset_task
[2024-05-06 09:29:23,080] {logging_mixin.py:109} INFO - Running <TaskInstance: ingest_data_bigquery_yt.download_dataset_task scheduled__2019-01-02T06:00:00+00:00 [running]> on host 4d4efceb404e
[2024-05-06 09:29:23,118] {warnings.py:99} WARNING - /home/***/.local/lib/python3.6/site-packages/***/utils/context.py:152: AirflowContextDeprecationWarning: Accessing 'execution_date' from the template is deprecated and will be removed in a future version. Please use 'data_interval_start' or 'logical_date' instead.
  warnings.warn(_create_deprecation_warning(key, self._deprecation_replacements[key]))

[2024-05-06 09:29:23,143] {taskinstance.py:1426} INFO - Exporting the following env vars:
AIRFLOW_CTX_DAG_OWNER=***
AIRFLOW_CTX_DAG_ID=ingest_data_bigquery_yt
AIRFLOW_CTX_TASK_ID=download_dataset_task
AIRFLOW_CTX_EXECUTION_DATE=2019-01-02T06:00:00+00:00
AIRFLOW_CTX_DAG_RUN_ID=scheduled__2019-01-02T06:00:00+00:00
[2024-05-06 09:29:23,144] {subprocess.py:62} INFO - Tmp dir root location: 
 /tmp
[2024-05-06 09:29:23,145] {subprocess.py:74} INFO - Running command: ['bash', '-c', 'curl -sSL https://github.com/DataTalksClub/nyc-tlc-data/releases/download/yellow/yellow_tripdata_2019-01.csv.gz > /opt/***/raw_data/yellowtaxi_tripdata_2019-01.csv.gz && gunzip /opt/***/raw_data/yellowtaxi_tripdata_2019-01.csv.gz']
[2024-05-06 09:29:23,158] {subprocess.py:85} INFO - Output:
[2024-05-06 09:29:30,753] {subprocess.py:93} INFO - Command exited with return code 0
[2024-05-06 09:29:30,787] {taskinstance.py:1277} INFO - Marking task as SUCCESS. dag_id=ingest_data_bigquery_yt, task_id=download_dataset_task, execution_date=20190102T060000, start_date=20240506T092922, end_date=20240506T092930
[2024-05-06 09:29:30,836] {local_task_job.py:154} INFO - Task exited with return code 0
[2024-05-06 09:29:30,876] {local_task_job.py:264} INFO - 1 downstream tasks scheduled from follow-on schedule check
