[2025-01-14 15:35:28,469] {taskinstance.py:1032} INFO - Dependencies all met for <TaskInstance: ingest_data_bigquery_gt_2022.bigquery_external_table_task scheduled__2022-09-02T06:00:00+00:00 [queued]>
[2025-01-14 15:35:28,525] {taskinstance.py:1032} INFO - Dependencies all met for <TaskInstance: ingest_data_bigquery_gt_2022.bigquery_external_table_task scheduled__2022-09-02T06:00:00+00:00 [queued]>
[2025-01-14 15:35:28,526] {taskinstance.py:1238} INFO - 
--------------------------------------------------------------------------------
[2025-01-14 15:35:28,526] {taskinstance.py:1239} INFO - Starting attempt 1 of 3
[2025-01-14 15:35:28,527] {taskinstance.py:1240} INFO - 
--------------------------------------------------------------------------------
[2025-01-14 15:35:28,571] {taskinstance.py:1259} INFO - Executing <Task(BigQueryCreateExternalTableOperator): bigquery_external_table_task> on 2022-09-02 06:00:00+00:00
[2025-01-14 15:35:28,592] {standard_task_runner.py:52} INFO - Started process 1978 to run task
[2025-01-14 15:35:28,598] {standard_task_runner.py:76} INFO - Running: ['***', 'tasks', 'run', 'ingest_data_bigquery_gt_2022', 'bigquery_external_table_task', 'scheduled__2022-09-02T06:00:00+00:00', '--job-id', '6469', '--raw', '--subdir', 'DAGS_FOLDER/data_ingestion_gcs_gt_dag_2022.py', '--cfg-path', '/tmp/tmplt3sqfig', '--error-file', '/tmp/tmp3xlyzwr3']
[2025-01-14 15:35:28,608] {standard_task_runner.py:77} INFO - Job 6469: Subtask bigquery_external_table_task
[2025-01-14 15:35:28,765] {logging_mixin.py:109} INFO - Running <TaskInstance: ingest_data_bigquery_gt_2022.bigquery_external_table_task scheduled__2022-09-02T06:00:00+00:00 [running]> on host d4593c1e0983
[2025-01-14 15:35:28,889] {taskinstance.py:1426} INFO - Exporting the following env vars:
AIRFLOW_CTX_DAG_OWNER=***
AIRFLOW_CTX_DAG_ID=ingest_data_bigquery_gt_2022
AIRFLOW_CTX_TASK_ID=bigquery_external_table_task
AIRFLOW_CTX_EXECUTION_DATE=2022-09-02T06:00:00+00:00
AIRFLOW_CTX_DAG_RUN_ID=scheduled__2022-09-02T06:00:00+00:00
[2025-01-14 15:35:28,899] {crypto.py:82} WARNING - empty cryptography key - values will not be stored encrypted.
[2025-01-14 15:35:28,913] {warnings.py:99} WARNING - /home/***/.local/lib/python3.6/site-packages/***/providers/google/cloud/hooks/bigquery.py:637: DeprecationWarning: This method is deprecated. Please use `BigQueryHook.create_empty_table` method with passing the `table_resource` object. This gives more flexibility than this method.
  DeprecationWarning,

[2025-01-14 15:35:28,914] {bigquery.py:700} INFO - Creating external table: nyc_tlc_data.greentaxi_trips
[2025-01-14 15:35:29,229] {bigquery.py:704} INFO - External table created successfully: nyc_tlc_data.greentaxi_trips
[2025-01-14 15:35:29,278] {taskinstance.py:1277} INFO - Marking task as SUCCESS. dag_id=ingest_data_bigquery_gt_2022, task_id=bigquery_external_table_task, execution_date=20220902T060000, start_date=20250114T153528, end_date=20250114T153529
[2025-01-14 15:35:29,333] {local_task_job.py:154} INFO - Task exited with return code 0
[2025-01-14 15:35:29,420] {local_task_job.py:264} INFO - 0 downstream tasks scheduled from follow-on schedule check
