[2024-03-26 14:34:15,813] {taskinstance.py:1032} INFO - Dependencies all met for <TaskInstance: LocalIngestionDag.wget scheduled__2021-08-02T06:00:00+00:00 [queued]>
[2024-03-26 14:34:15,879] {taskinstance.py:1032} INFO - Dependencies all met for <TaskInstance: LocalIngestionDag.wget scheduled__2021-08-02T06:00:00+00:00 [queued]>
[2024-03-26 14:34:15,879] {taskinstance.py:1238} INFO - 
--------------------------------------------------------------------------------
[2024-03-26 14:34:15,880] {taskinstance.py:1239} INFO - Starting attempt 1 of 1
[2024-03-26 14:34:15,880] {taskinstance.py:1240} INFO - 
--------------------------------------------------------------------------------
[2024-03-26 14:34:15,970] {taskinstance.py:1259} INFO - Executing <Task(BashOperator): wget> on 2021-08-02 06:00:00+00:00
[2024-03-26 14:34:16,013] {standard_task_runner.py:52} INFO - Started process 152 to run task
[2024-03-26 14:34:16,075] {standard_task_runner.py:76} INFO - Running: ['***', 'tasks', 'run', 'LocalIngestionDag', 'wget', 'scheduled__2021-08-02T06:00:00+00:00', '--job-id', '149', '--raw', '--subdir', 'DAGS_FOLDER/data_ingestion_local.py', '--cfg-path', '/tmp/tmp5hqwuwqx', '--error-file', '/tmp/tmpoj5zgv11']
[2024-03-26 14:34:16,076] {standard_task_runner.py:77} INFO - Job 149: Subtask wget
[2024-03-26 14:34:16,338] {logging_mixin.py:109} INFO - Running <TaskInstance: LocalIngestionDag.wget scheduled__2021-08-02T06:00:00+00:00 [running]> on host 55b5831905d1
[2024-03-26 14:34:16,546] {warnings.py:99} WARNING - /home/***/.local/lib/python3.6/site-packages/***/utils/context.py:152: AirflowContextDeprecationWarning: Accessing 'execution_date' from the template is deprecated and will be removed in a future version. Please use 'data_interval_start' or 'logical_date' instead.
  warnings.warn(_create_deprecation_warning(key, self._deprecation_replacements[key]))

[2024-03-26 14:34:16,671] {taskinstance.py:1426} INFO - Exporting the following env vars:
AIRFLOW_CTX_DAG_OWNER=***
AIRFLOW_CTX_DAG_ID=LocalIngestionDag
AIRFLOW_CTX_TASK_ID=wget
AIRFLOW_CTX_EXECUTION_DATE=2021-08-02T06:00:00+00:00
AIRFLOW_CTX_DAG_RUN_ID=scheduled__2021-08-02T06:00:00+00:00
[2024-03-26 14:34:16,672] {subprocess.py:62} INFO - Tmp dir root location: 
 /tmp
[2024-03-26 14:34:16,673] {subprocess.py:74} INFO - Running command: ['bash', '-c', 'curl -sSL https://s3.amazonaws.com/nyc-tlc/trip+data/yellow_tripdata_2021-08.csv > /opt/***/output_2021-08.csv']
[2024-03-26 14:34:16,757] {subprocess.py:85} INFO - Output:
[2024-03-26 14:34:18,222] {subprocess.py:93} INFO - Command exited with return code 0
[2024-03-26 14:34:18,436] {taskinstance.py:1277} INFO - Marking task as SUCCESS. dag_id=LocalIngestionDag, task_id=wget, execution_date=20210802T060000, start_date=20240326T143415, end_date=20240326T143418
[2024-03-26 14:34:18,621] {local_task_job.py:154} INFO - Task exited with return code 0
[2024-03-26 14:34:19,051] {local_task_job.py:264} INFO - 0 downstream tasks scheduled from follow-on schedule check
[2024-03-26 15:29:57,179] {taskinstance.py:1032} INFO - Dependencies all met for <TaskInstance: LocalIngestionDag.wget scheduled__2021-08-02T06:00:00+00:00 [queued]>
[2024-03-26 15:29:57,294] {taskinstance.py:1032} INFO - Dependencies all met for <TaskInstance: LocalIngestionDag.wget scheduled__2021-08-02T06:00:00+00:00 [queued]>
[2024-03-26 15:29:57,295] {taskinstance.py:1238} INFO - 
--------------------------------------------------------------------------------
[2024-03-26 15:29:57,302] {taskinstance.py:1239} INFO - Starting attempt 1 of 1
[2024-03-26 15:29:57,306] {taskinstance.py:1240} INFO - 
--------------------------------------------------------------------------------
[2024-03-26 15:29:57,389] {taskinstance.py:1259} INFO - Executing <Task(BashOperator): wget> on 2021-08-02 06:00:00+00:00
[2024-03-26 15:29:57,428] {standard_task_runner.py:76} INFO - Running: ['***', 'tasks', 'run', 'LocalIngestionDag', 'wget', 'scheduled__2021-08-02T06:00:00+00:00', '--job-id', '270', '--raw', '--subdir', 'DAGS_FOLDER/data_ingestion_local.py', '--cfg-path', '/tmp/tmpb5bcrimm', '--error-file', '/tmp/tmpisy75r1q']
[2024-03-26 15:29:57,430] {standard_task_runner.py:77} INFO - Job 270: Subtask wget
[2024-03-26 15:29:57,430] {standard_task_runner.py:52} INFO - Started process 913 to run task
[2024-03-26 15:29:57,648] {logging_mixin.py:109} INFO - Running <TaskInstance: LocalIngestionDag.wget scheduled__2021-08-02T06:00:00+00:00 [running]> on host 153a478eba08
[2024-03-26 15:29:57,849] {warnings.py:99} WARNING - /home/***/.local/lib/python3.6/site-packages/***/utils/context.py:152: AirflowContextDeprecationWarning: Accessing 'execution_date' from the template is deprecated and will be removed in a future version. Please use 'data_interval_start' or 'logical_date' instead.
  warnings.warn(_create_deprecation_warning(key, self._deprecation_replacements[key]))

[2024-03-26 15:29:57,915] {taskinstance.py:1426} INFO - Exporting the following env vars:
AIRFLOW_CTX_DAG_OWNER=***
AIRFLOW_CTX_DAG_ID=LocalIngestionDag
AIRFLOW_CTX_TASK_ID=wget
AIRFLOW_CTX_EXECUTION_DATE=2021-08-02T06:00:00+00:00
AIRFLOW_CTX_DAG_RUN_ID=scheduled__2021-08-02T06:00:00+00:00
[2024-03-26 15:29:57,917] {subprocess.py:62} INFO - Tmp dir root location: 
 /tmp
[2024-03-26 15:29:57,918] {subprocess.py:74} INFO - Running command: ['bash', '-c', 'curl -sSL https://s3.amazonaws.com/nyc-tlc/trip+data/yellow_tripdata_2021-08.csv > /opt/***/output_2021-08.csv']
[2024-03-26 15:29:57,967] {subprocess.py:85} INFO - Output:
[2024-03-26 15:29:58,989] {subprocess.py:93} INFO - Command exited with return code 0
[2024-03-26 15:29:59,080] {taskinstance.py:1277} INFO - Marking task as SUCCESS. dag_id=LocalIngestionDag, task_id=wget, execution_date=20210802T060000, start_date=20240326T152957, end_date=20240326T152959
[2024-03-26 15:29:59,223] {local_task_job.py:154} INFO - Task exited with return code 0
[2024-03-26 15:29:59,315] {local_task_job.py:264} INFO - 1 downstream tasks scheduled from follow-on schedule check
