[2024-05-02 08:19:53,623] {taskinstance.py:1032} INFO - Dependencies all met for <TaskInstance: ingest_data_bigquery_yt.download_dataset_task scheduled__2019-08-02T06:00:00+00:00 [queued]>
[2024-05-02 08:19:53,632] {taskinstance.py:1032} INFO - Dependencies all met for <TaskInstance: ingest_data_bigquery_yt.download_dataset_task scheduled__2019-08-02T06:00:00+00:00 [queued]>
[2024-05-02 08:19:53,633] {taskinstance.py:1238} INFO - 
--------------------------------------------------------------------------------
[2024-05-02 08:19:53,633] {taskinstance.py:1239} INFO - Starting attempt 3 of 4
[2024-05-02 08:19:53,633] {taskinstance.py:1240} INFO - 
--------------------------------------------------------------------------------
[2024-05-02 08:19:53,642] {taskinstance.py:1259} INFO - Executing <Task(BashOperator): download_dataset_task> on 2019-08-02 06:00:00+00:00
[2024-05-02 08:19:53,649] {standard_task_runner.py:52} INFO - Started process 1036 to run task
[2024-05-02 08:19:53,653] {standard_task_runner.py:76} INFO - Running: ['***', 'tasks', 'run', 'ingest_data_bigquery_yt', 'download_dataset_task', 'scheduled__2019-08-02T06:00:00+00:00', '--job-id', '3777', '--raw', '--subdir', 'DAGS_FOLDER/data_ingestion_gcs_yt_dag.py', '--cfg-path', '/tmp/tmplmoe42ym', '--error-file', '/tmp/tmpj18dwsai']
[2024-05-02 08:19:53,656] {standard_task_runner.py:77} INFO - Job 3777: Subtask download_dataset_task
[2024-05-02 08:19:53,708] {logging_mixin.py:109} INFO - Running <TaskInstance: ingest_data_bigquery_yt.download_dataset_task scheduled__2019-08-02T06:00:00+00:00 [running]> on host 1b6fe6e4a3b5
[2024-05-02 08:19:53,737] {warnings.py:99} WARNING - /home/***/.local/lib/python3.6/site-packages/***/utils/context.py:152: AirflowContextDeprecationWarning: Accessing 'execution_date' from the template is deprecated and will be removed in a future version. Please use 'data_interval_start' or 'logical_date' instead.
  warnings.warn(_create_deprecation_warning(key, self._deprecation_replacements[key]))

[2024-05-02 08:19:53,756] {taskinstance.py:1426} INFO - Exporting the following env vars:
AIRFLOW_CTX_DAG_OWNER=***
AIRFLOW_CTX_DAG_ID=ingest_data_bigquery_yt
AIRFLOW_CTX_TASK_ID=download_dataset_task
AIRFLOW_CTX_EXECUTION_DATE=2019-08-02T06:00:00+00:00
AIRFLOW_CTX_DAG_RUN_ID=scheduled__2019-08-02T06:00:00+00:00
[2024-05-02 08:19:53,757] {subprocess.py:62} INFO - Tmp dir root location: 
 /tmp
[2024-05-02 08:19:53,757] {subprocess.py:74} INFO - Running command: ['bash', '-c', 'curl -sSL https://github.com/DataTalksClub/nyc-tlc-data/releases/download/yellow/yellow_tripdata_2019-08.csv.gz > /opt/***/raw_data/yellowtaxi_tripdata_2019-08.csv.gz && gunzip /opt/***/raw_data/yellowtaxi_tripdata_2019-08.csv.gz && rm /opt/***/raw_data/yellowtaxi_tripdata_2019-08.csv.gz']
[2024-05-02 08:19:53,768] {subprocess.py:85} INFO - Output:
[2024-05-02 08:19:59,471] {subprocess.py:89} INFO - rm: cannot remove '/opt/***/raw_data/yellowtaxi_tripdata_2019-08.csv.gz': No such file or directory
[2024-05-02 08:19:59,472] {subprocess.py:93} INFO - Command exited with return code 1
[2024-05-02 08:19:59,490] {taskinstance.py:1700} ERROR - Task failed with exception
Traceback (most recent call last):
  File "/home/airflow/.local/lib/python3.6/site-packages/airflow/models/taskinstance.py", line 1329, in _run_raw_task
    self._execute_task_with_callbacks(context)
  File "/home/airflow/.local/lib/python3.6/site-packages/airflow/models/taskinstance.py", line 1455, in _execute_task_with_callbacks
    result = self._execute_task(context, self.task)
  File "/home/airflow/.local/lib/python3.6/site-packages/airflow/models/taskinstance.py", line 1511, in _execute_task
    result = execute_callable(context=context)
  File "/home/airflow/.local/lib/python3.6/site-packages/airflow/operators/bash.py", line 188, in execute
    f'Bash command failed. The command returned a non-zero exit code {result.exit_code}.'
airflow.exceptions.AirflowException: Bash command failed. The command returned a non-zero exit code 1.
[2024-05-02 08:19:59,496] {taskinstance.py:1277} INFO - Marking task as UP_FOR_RETRY. dag_id=ingest_data_bigquery_yt, task_id=download_dataset_task, execution_date=20190802T060000, start_date=20240502T081953, end_date=20240502T081959
[2024-05-02 08:19:59,508] {standard_task_runner.py:92} ERROR - Failed to execute job 3777 for task download_dataset_task
Traceback (most recent call last):
  File "/home/airflow/.local/lib/python3.6/site-packages/airflow/task/task_runner/standard_task_runner.py", line 85, in _start_by_fork
    args.func(args, dag=self.dag)
  File "/home/airflow/.local/lib/python3.6/site-packages/airflow/cli/cli_parser.py", line 48, in command
    return func(*args, **kwargs)
  File "/home/airflow/.local/lib/python3.6/site-packages/airflow/utils/cli.py", line 92, in wrapper
    return f(*args, **kwargs)
  File "/home/airflow/.local/lib/python3.6/site-packages/airflow/cli/commands/task_command.py", line 298, in task_run
    _run_task_by_selected_method(args, dag, ti)
  File "/home/airflow/.local/lib/python3.6/site-packages/airflow/cli/commands/task_command.py", line 107, in _run_task_by_selected_method
    _run_raw_task(args, ti)
  File "/home/airflow/.local/lib/python3.6/site-packages/airflow/cli/commands/task_command.py", line 184, in _run_raw_task
    error_file=args.error_file,
  File "/home/airflow/.local/lib/python3.6/site-packages/airflow/utils/session.py", line 70, in wrapper
    return func(*args, session=session, **kwargs)
  File "/home/airflow/.local/lib/python3.6/site-packages/airflow/models/taskinstance.py", line 1329, in _run_raw_task
    self._execute_task_with_callbacks(context)
  File "/home/airflow/.local/lib/python3.6/site-packages/airflow/models/taskinstance.py", line 1455, in _execute_task_with_callbacks
    result = self._execute_task(context, self.task)
  File "/home/airflow/.local/lib/python3.6/site-packages/airflow/models/taskinstance.py", line 1511, in _execute_task
    result = execute_callable(context=context)
  File "/home/airflow/.local/lib/python3.6/site-packages/airflow/operators/bash.py", line 188, in execute
    f'Bash command failed. The command returned a non-zero exit code {result.exit_code}.'
airflow.exceptions.AirflowException: Bash command failed. The command returned a non-zero exit code 1.
[2024-05-02 08:19:59,545] {local_task_job.py:154} INFO - Task exited with return code 1
[2024-05-02 08:19:59,591] {local_task_job.py:264} INFO - 0 downstream tasks scheduled from follow-on schedule check
[2024-05-03 15:56:52,557] {taskinstance.py:1032} INFO - Dependencies all met for <TaskInstance: ingest_data_bigquery_yt.download_dataset_task scheduled__2019-08-02T06:00:00+00:00 [queued]>
[2024-05-03 15:56:52,676] {taskinstance.py:1032} INFO - Dependencies all met for <TaskInstance: ingest_data_bigquery_yt.download_dataset_task scheduled__2019-08-02T06:00:00+00:00 [queued]>
[2024-05-03 15:56:52,679] {taskinstance.py:1238} INFO - 
--------------------------------------------------------------------------------
[2024-05-03 15:56:52,683] {taskinstance.py:1239} INFO - Starting attempt 3 of 3
[2024-05-03 15:56:52,684] {taskinstance.py:1240} INFO - 
--------------------------------------------------------------------------------
[2024-05-03 15:56:52,883] {taskinstance.py:1259} INFO - Executing <Task(BashOperator): download_dataset_task> on 2019-08-02 06:00:00+00:00
[2024-05-03 15:56:52,955] {standard_task_runner.py:52} INFO - Started process 124 to run task
[2024-05-03 15:56:53,021] {standard_task_runner.py:76} INFO - Running: ['***', 'tasks', 'run', 'ingest_data_bigquery_yt', 'download_dataset_task', 'scheduled__2019-08-02T06:00:00+00:00', '--job-id', '4141', '--raw', '--subdir', 'DAGS_FOLDER/data_ingstion_gcs_yt_dag.py', '--cfg-path', '/tmp/tmphjy0cuee', '--error-file', '/tmp/tmp7wn422ku']
[2024-05-03 15:56:53,120] {standard_task_runner.py:77} INFO - Job 4141: Subtask download_dataset_task
[2024-05-03 15:56:53,683] {logging_mixin.py:109} INFO - Running <TaskInstance: ingest_data_bigquery_yt.download_dataset_task scheduled__2019-08-02T06:00:00+00:00 [running]> on host f603d4872b21
[2024-05-03 15:56:53,989] {warnings.py:99} WARNING - /home/***/.local/lib/python3.6/site-packages/***/utils/context.py:152: AirflowContextDeprecationWarning: Accessing 'execution_date' from the template is deprecated and will be removed in a future version. Please use 'data_interval_start' or 'logical_date' instead.
  warnings.warn(_create_deprecation_warning(key, self._deprecation_replacements[key]))

[2024-05-03 15:56:54,119] {taskinstance.py:1426} INFO - Exporting the following env vars:
AIRFLOW_CTX_DAG_OWNER=***
AIRFLOW_CTX_DAG_ID=ingest_data_bigquery_yt
AIRFLOW_CTX_TASK_ID=download_dataset_task
AIRFLOW_CTX_EXECUTION_DATE=2019-08-02T06:00:00+00:00
AIRFLOW_CTX_DAG_RUN_ID=scheduled__2019-08-02T06:00:00+00:00
[2024-05-03 15:56:54,121] {subprocess.py:62} INFO - Tmp dir root location: 
 /tmp
[2024-05-03 15:56:54,122] {subprocess.py:74} INFO - Running command: ['bash', '-c', 'curl -sSL https://github.com/DataTalksClub/nyc-tlc-data/releases/download/yellow/yellow_tripdata_2019-08.csv.gz > /opt/***/raw_data/yellowtaxi_tripdata_2019-08.csv.gz && gunzip /opt/***/raw_data/yellowtaxi_tripdata_2019-08.csv.gz']
[2024-05-03 15:56:54,294] {subprocess.py:85} INFO - Output:
[2024-05-03 15:57:29,756] {subprocess.py:93} INFO - Command exited with return code 0
[2024-05-03 15:57:30,225] {taskinstance.py:1277} INFO - Marking task as SUCCESS. dag_id=ingest_data_bigquery_yt, task_id=download_dataset_task, execution_date=20190802T060000, start_date=20240503T155652, end_date=20240503T155730
[2024-05-03 15:57:30,480] {local_task_job.py:154} INFO - Task exited with return code 0
[2024-05-03 15:57:31,022] {local_task_job.py:264} INFO - 1 downstream tasks scheduled from follow-on schedule check
[2024-05-12 10:41:13,717] {taskinstance.py:1026} INFO - Dependencies not met for <TaskInstance: ingest_data_bigquery_yt.download_dataset_task scheduled__2019-08-02T06:00:00+00:00 [success]>, dependency 'Task Instance State' FAILED: Task is in the 'success' state.
[2024-05-12 10:41:13,723] {local_task_job.py:99} INFO - Task is not able to be run
[2024-05-12 11:05:20,389] {taskinstance.py:1032} INFO - Dependencies all met for <TaskInstance: ingest_data_bigquery_yt.download_dataset_task scheduled__2019-08-02T06:00:00+00:00 [queued]>
[2024-05-12 11:05:20,460] {taskinstance.py:1032} INFO - Dependencies all met for <TaskInstance: ingest_data_bigquery_yt.download_dataset_task scheduled__2019-08-02T06:00:00+00:00 [queued]>
[2024-05-12 11:05:20,461] {taskinstance.py:1238} INFO - 
--------------------------------------------------------------------------------
[2024-05-12 11:05:20,462] {taskinstance.py:1239} INFO - Starting attempt 3 of 5
[2024-05-12 11:05:20,462] {taskinstance.py:1240} INFO - 
--------------------------------------------------------------------------------
[2024-05-12 11:05:20,497] {taskinstance.py:1259} INFO - Executing <Task(BashOperator): download_dataset_task> on 2019-08-02 06:00:00+00:00
[2024-05-12 11:05:20,547] {standard_task_runner.py:76} INFO - Running: ['***', 'tasks', 'run', 'ingest_data_bigquery_yt', 'download_dataset_task', 'scheduled__2019-08-02T06:00:00+00:00', '--job-id', '4729', '--raw', '--subdir', 'DAGS_FOLDER/data_ingstion_gcs_yt_dag.py', '--cfg-path', '/tmp/tmpu1blzi78', '--error-file', '/tmp/tmp_goaq213']
[2024-05-12 11:05:20,575] {standard_task_runner.py:77} INFO - Job 4729: Subtask download_dataset_task
[2024-05-12 11:05:20,524] {standard_task_runner.py:52} INFO - Started process 556 to run task
[2024-05-12 11:05:20,967] {logging_mixin.py:109} INFO - Running <TaskInstance: ingest_data_bigquery_yt.download_dataset_task scheduled__2019-08-02T06:00:00+00:00 [running]> on host 14618ddd22a7
[2024-05-12 11:05:21,076] {warnings.py:99} WARNING - /home/***/.local/lib/python3.6/site-packages/***/utils/context.py:152: AirflowContextDeprecationWarning: Accessing 'execution_date' from the template is deprecated and will be removed in a future version. Please use 'data_interval_start' or 'logical_date' instead.
  warnings.warn(_create_deprecation_warning(key, self._deprecation_replacements[key]))

[2024-05-12 11:05:21,126] {taskinstance.py:1426} INFO - Exporting the following env vars:
AIRFLOW_CTX_DAG_OWNER=***
AIRFLOW_CTX_DAG_ID=ingest_data_bigquery_yt
AIRFLOW_CTX_TASK_ID=download_dataset_task
AIRFLOW_CTX_EXECUTION_DATE=2019-08-02T06:00:00+00:00
AIRFLOW_CTX_DAG_RUN_ID=scheduled__2019-08-02T06:00:00+00:00
[2024-05-12 11:05:21,127] {subprocess.py:62} INFO - Tmp dir root location: 
 /tmp
[2024-05-12 11:05:21,128] {subprocess.py:74} INFO - Running command: ['bash', '-c', 'curl -sSL https://github.com/DataTalksClub/nyc-tlc-data/releases/download/yellow/yellow_tripdata_2019-08.csv.gz > /opt/***/raw_data/yellowtaxi_tripdata_2019-08.csv.gz && gunzip /opt/***/raw_data/yellowtaxi_tripdata_2019-08.csv.gz']
[2024-05-12 11:05:21,151] {subprocess.py:85} INFO - Output:
[2024-05-12 11:05:32,935] {subprocess.py:93} INFO - Command exited with return code 0
[2024-05-12 11:05:33,382] {taskinstance.py:1277} INFO - Marking task as SUCCESS. dag_id=ingest_data_bigquery_yt, task_id=download_dataset_task, execution_date=20190802T060000, start_date=20240512T110520, end_date=20240512T110533
[2024-05-12 11:05:33,861] {local_task_job.py:154} INFO - Task exited with return code 0
[2024-05-12 11:05:34,239] {local_task_job.py:264} INFO - 1 downstream tasks scheduled from follow-on schedule check
