[2024-03-26 15:16:21,054] {taskinstance.py:1032} INFO - Dependencies all met for <TaskInstance: ingest_data.download_dataset_task scheduled__2021-02-02T06:00:00+00:00 [queued]>
[2024-03-26 15:16:21,214] {taskinstance.py:1032} INFO - Dependencies all met for <TaskInstance: ingest_data.download_dataset_task scheduled__2021-02-02T06:00:00+00:00 [queued]>
[2024-03-26 15:16:21,215] {taskinstance.py:1238} INFO - 
--------------------------------------------------------------------------------
[2024-03-26 15:16:21,215] {taskinstance.py:1239} INFO - Starting attempt 1 of 1
[2024-03-26 15:16:21,215] {taskinstance.py:1240} INFO - 
--------------------------------------------------------------------------------
[2024-03-26 15:16:21,350] {taskinstance.py:1259} INFO - Executing <Task(BashOperator): download_dataset_task> on 2021-02-02 06:00:00+00:00
[2024-03-26 15:16:21,426] {standard_task_runner.py:52} INFO - Started process 149 to run task
[2024-03-26 15:16:21,469] {standard_task_runner.py:76} INFO - Running: ['***', 'tasks', 'run', 'ingest_data', 'download_dataset_task', 'scheduled__2021-02-02T06:00:00+00:00', '--job-id', '223', '--raw', '--subdir', 'DAGS_FOLDER/data_ingestion_dag.py', '--cfg-path', '/tmp/tmpvrj4kaem', '--error-file', '/tmp/tmpstrj0fds']
[2024-03-26 15:16:21,470] {standard_task_runner.py:77} INFO - Job 223: Subtask download_dataset_task
[2024-03-26 15:16:21,931] {logging_mixin.py:109} INFO - Running <TaskInstance: ingest_data.download_dataset_task scheduled__2021-02-02T06:00:00+00:00 [running]> on host 153a478eba08
[2024-03-26 15:16:22,337] {warnings.py:99} WARNING - /home/***/.local/lib/python3.6/site-packages/***/utils/context.py:152: AirflowContextDeprecationWarning: Accessing 'execution_date' from the template is deprecated and will be removed in a future version. Please use 'data_interval_start' or 'logical_date' instead.
  warnings.warn(_create_deprecation_warning(key, self._deprecation_replacements[key]))

[2024-03-26 15:16:22,454] {taskinstance.py:1426} INFO - Exporting the following env vars:
AIRFLOW_CTX_DAG_OWNER=***
AIRFLOW_CTX_DAG_ID=ingest_data
AIRFLOW_CTX_TASK_ID=download_dataset_task
AIRFLOW_CTX_EXECUTION_DATE=2021-02-02T06:00:00+00:00
AIRFLOW_CTX_DAG_RUN_ID=scheduled__2021-02-02T06:00:00+00:00
[2024-03-26 15:16:22,463] {subprocess.py:62} INFO - Tmp dir root location: 
 /tmp
[2024-03-26 15:16:22,464] {subprocess.py:74} INFO - Running command: ['bash', '-c', 'curl -sSL <***.models.param.DagParam object at 0x7f7764ffe208> > /opt/***/raw_data/yellowtaxi _tripdata_2021-02.csv']
[2024-03-26 15:16:22,588] {subprocess.py:85} INFO - Output:
[2024-03-26 15:16:22,593] {subprocess.py:89} INFO - bash: -c: line 0: syntax error near unexpected token `>'
[2024-03-26 15:16:22,603] {subprocess.py:89} INFO - bash: -c: line 0: `curl -sSL <***.models.param.DagParam object at 0x7f7764ffe208> > /opt/***/raw_data/yellowtaxi _tripdata_2021-02.csv'
[2024-03-26 15:16:22,604] {subprocess.py:93} INFO - Command exited with return code 1
[2024-03-26 15:16:23,238] {taskinstance.py:1700} ERROR - Task failed with exception
Traceback (most recent call last):
  File "/home/airflow/.local/lib/python3.6/site-packages/airflow/models/taskinstance.py", line 1329, in _run_raw_task
    self._execute_task_with_callbacks(context)
  File "/home/airflow/.local/lib/python3.6/site-packages/airflow/models/taskinstance.py", line 1455, in _execute_task_with_callbacks
    result = self._execute_task(context, self.task)
  File "/home/airflow/.local/lib/python3.6/site-packages/airflow/models/taskinstance.py", line 1511, in _execute_task
    result = execute_callable(context=context)
  File "/home/airflow/.local/lib/python3.6/site-packages/airflow/operators/bash.py", line 188, in execute
    f'Bash command failed. The command returned a non-zero exit code {result.exit_code}.'
airflow.exceptions.AirflowException: Bash command failed. The command returned a non-zero exit code 1.
[2024-03-26 15:16:23,327] {taskinstance.py:1277} INFO - Marking task as FAILED. dag_id=ingest_data, task_id=download_dataset_task, execution_date=20210202T060000, start_date=20240326T151621, end_date=20240326T151623
[2024-03-26 15:16:23,442] {standard_task_runner.py:92} ERROR - Failed to execute job 223 for task download_dataset_task
Traceback (most recent call last):
  File "/home/airflow/.local/lib/python3.6/site-packages/airflow/task/task_runner/standard_task_runner.py", line 85, in _start_by_fork
    args.func(args, dag=self.dag)
  File "/home/airflow/.local/lib/python3.6/site-packages/airflow/cli/cli_parser.py", line 48, in command
    return func(*args, **kwargs)
  File "/home/airflow/.local/lib/python3.6/site-packages/airflow/utils/cli.py", line 92, in wrapper
    return f(*args, **kwargs)
  File "/home/airflow/.local/lib/python3.6/site-packages/airflow/cli/commands/task_command.py", line 298, in task_run
    _run_task_by_selected_method(args, dag, ti)
  File "/home/airflow/.local/lib/python3.6/site-packages/airflow/cli/commands/task_command.py", line 107, in _run_task_by_selected_method
    _run_raw_task(args, ti)
  File "/home/airflow/.local/lib/python3.6/site-packages/airflow/cli/commands/task_command.py", line 184, in _run_raw_task
    error_file=args.error_file,
  File "/home/airflow/.local/lib/python3.6/site-packages/airflow/utils/session.py", line 70, in wrapper
    return func(*args, session=session, **kwargs)
  File "/home/airflow/.local/lib/python3.6/site-packages/airflow/models/taskinstance.py", line 1329, in _run_raw_task
    self._execute_task_with_callbacks(context)
  File "/home/airflow/.local/lib/python3.6/site-packages/airflow/models/taskinstance.py", line 1455, in _execute_task_with_callbacks
    result = self._execute_task(context, self.task)
  File "/home/airflow/.local/lib/python3.6/site-packages/airflow/models/taskinstance.py", line 1511, in _execute_task
    result = execute_callable(context=context)
  File "/home/airflow/.local/lib/python3.6/site-packages/airflow/operators/bash.py", line 188, in execute
    f'Bash command failed. The command returned a non-zero exit code {result.exit_code}.'
airflow.exceptions.AirflowException: Bash command failed. The command returned a non-zero exit code 1.
[2024-03-26 15:16:23,511] {local_task_job.py:154} INFO - Task exited with return code 1
[2024-03-26 15:16:24,024] {local_task_job.py:264} INFO - 0 downstream tasks scheduled from follow-on schedule check
[2024-03-26 17:33:31,344] {taskinstance.py:1032} INFO - Dependencies all met for <TaskInstance: ingest_data.download_dataset_task scheduled__2021-02-02T06:00:00+00:00 [queued]>
[2024-03-26 17:33:31,388] {taskinstance.py:1032} INFO - Dependencies all met for <TaskInstance: ingest_data.download_dataset_task scheduled__2021-02-02T06:00:00+00:00 [queued]>
[2024-03-26 17:33:31,388] {taskinstance.py:1238} INFO - 
--------------------------------------------------------------------------------
[2024-03-26 17:33:31,389] {taskinstance.py:1239} INFO - Starting attempt 1 of 1
[2024-03-26 17:33:31,389] {taskinstance.py:1240} INFO - 
--------------------------------------------------------------------------------
[2024-03-26 17:33:31,435] {taskinstance.py:1259} INFO - Executing <Task(BashOperator): download_dataset_task> on 2021-02-02 06:00:00+00:00
[2024-03-26 17:33:31,447] {standard_task_runner.py:52} INFO - Started process 2732 to run task
[2024-03-26 17:33:31,464] {standard_task_runner.py:76} INFO - Running: ['***', 'tasks', 'run', 'ingest_data', 'download_dataset_task', 'scheduled__2021-02-02T06:00:00+00:00', '--job-id', '383', '--raw', '--subdir', 'DAGS_FOLDER/data_ingestion_dag.py', '--cfg-path', '/tmp/tmpy8xaqylg', '--error-file', '/tmp/tmpcestj8we']
[2024-03-26 17:33:31,465] {standard_task_runner.py:77} INFO - Job 383: Subtask download_dataset_task
[2024-03-26 17:33:31,657] {logging_mixin.py:109} INFO - Running <TaskInstance: ingest_data.download_dataset_task scheduled__2021-02-02T06:00:00+00:00 [running]> on host d71984e59113
[2024-03-26 17:33:31,788] {warnings.py:99} WARNING - /home/***/.local/lib/python3.6/site-packages/***/utils/context.py:152: AirflowContextDeprecationWarning: Accessing 'execution_date' from the template is deprecated and will be removed in a future version. Please use 'data_interval_start' or 'logical_date' instead.
  warnings.warn(_create_deprecation_warning(key, self._deprecation_replacements[key]))

[2024-03-26 17:33:31,845] {taskinstance.py:1426} INFO - Exporting the following env vars:
AIRFLOW_CTX_DAG_OWNER=***
AIRFLOW_CTX_DAG_ID=ingest_data
AIRFLOW_CTX_TASK_ID=download_dataset_task
AIRFLOW_CTX_EXECUTION_DATE=2021-02-02T06:00:00+00:00
AIRFLOW_CTX_DAG_RUN_ID=scheduled__2021-02-02T06:00:00+00:00
[2024-03-26 17:33:31,846] {subprocess.py:62} INFO - Tmp dir root location: 
 /tmp
[2024-03-26 17:33:31,847] {subprocess.py:74} INFO - Running command: ['bash', '-c', 'curl -sSL https://d37ci6vzurychx.cloudfront.net/trip-data/yellow_tripdata_2021-02.parquet > /opt/***/yellowtaxi_tripdata_2021-02.parquet']
[2024-03-26 17:33:31,888] {subprocess.py:85} INFO - Output:
[2024-03-26 17:33:36,337] {subprocess.py:93} INFO - Command exited with return code 0
[2024-03-26 17:33:36,449] {taskinstance.py:1277} INFO - Marking task as SUCCESS. dag_id=ingest_data, task_id=download_dataset_task, execution_date=20210202T060000, start_date=20240326T173331, end_date=20240326T173336
[2024-03-26 17:33:36,629] {local_task_job.py:154} INFO - Task exited with return code 0
[2024-03-26 17:33:36,838] {local_task_job.py:264} INFO - 1 downstream tasks scheduled from follow-on schedule check
[2024-03-26 17:48:17,859] {taskinstance.py:1032} INFO - Dependencies all met for <TaskInstance: ingest_data.download_dataset_task scheduled__2021-02-02T06:00:00+00:00 [queued]>
[2024-03-26 17:48:17,923] {taskinstance.py:1032} INFO - Dependencies all met for <TaskInstance: ingest_data.download_dataset_task scheduled__2021-02-02T06:00:00+00:00 [queued]>
[2024-03-26 17:48:17,923] {taskinstance.py:1238} INFO - 
--------------------------------------------------------------------------------
[2024-03-26 17:48:17,923] {taskinstance.py:1239} INFO - Starting attempt 1 of 1
[2024-03-26 17:48:17,924] {taskinstance.py:1240} INFO - 
--------------------------------------------------------------------------------
[2024-03-26 17:48:17,966] {taskinstance.py:1259} INFO - Executing <Task(BashOperator): download_dataset_task> on 2021-02-02 06:00:00+00:00
[2024-03-26 17:48:17,992] {standard_task_runner.py:52} INFO - Started process 133 to run task
[2024-03-26 17:48:18,000] {standard_task_runner.py:76} INFO - Running: ['***', 'tasks', 'run', 'ingest_data', 'download_dataset_task', 'scheduled__2021-02-02T06:00:00+00:00', '--job-id', '462', '--raw', '--subdir', 'DAGS_FOLDER/data_ingestion_dag.py', '--cfg-path', '/tmp/tmpr5caaj_0', '--error-file', '/tmp/tmpcka31eu6']
[2024-03-26 17:48:18,000] {standard_task_runner.py:77} INFO - Job 462: Subtask download_dataset_task
[2024-03-26 17:48:18,205] {logging_mixin.py:109} INFO - Running <TaskInstance: ingest_data.download_dataset_task scheduled__2021-02-02T06:00:00+00:00 [running]> on host 05f84def3a12
[2024-03-26 17:48:18,352] {warnings.py:99} WARNING - /home/***/.local/lib/python3.6/site-packages/***/utils/context.py:152: AirflowContextDeprecationWarning: Accessing 'execution_date' from the template is deprecated and will be removed in a future version. Please use 'data_interval_start' or 'logical_date' instead.
  warnings.warn(_create_deprecation_warning(key, self._deprecation_replacements[key]))

[2024-03-26 17:48:18,432] {taskinstance.py:1426} INFO - Exporting the following env vars:
AIRFLOW_CTX_DAG_OWNER=***
AIRFLOW_CTX_DAG_ID=ingest_data
AIRFLOW_CTX_TASK_ID=download_dataset_task
AIRFLOW_CTX_EXECUTION_DATE=2021-02-02T06:00:00+00:00
AIRFLOW_CTX_DAG_RUN_ID=scheduled__2021-02-02T06:00:00+00:00
[2024-03-26 17:48:18,434] {subprocess.py:62} INFO - Tmp dir root location: 
 /tmp
[2024-03-26 17:48:18,435] {subprocess.py:74} INFO - Running command: ['bash', '-c', 'curl -sSL https://d37ci6vzurychx.cloudfront.net/trip-data/yellow_tripdata_2021-02.parquet > /opt/***/yellowtaxi_tripdata_2021-02.parquet']
[2024-03-26 17:48:18,454] {subprocess.py:85} INFO - Output:
[2024-03-26 17:48:22,473] {subprocess.py:93} INFO - Command exited with return code 0
[2024-03-26 17:48:22,554] {taskinstance.py:1277} INFO - Marking task as SUCCESS. dag_id=ingest_data, task_id=download_dataset_task, execution_date=20210202T060000, start_date=20240326T174817, end_date=20240326T174822
[2024-03-26 17:48:22,654] {local_task_job.py:154} INFO - Task exited with return code 0
[2024-03-26 17:48:22,850] {local_task_job.py:264} INFO - 1 downstream tasks scheduled from follow-on schedule check
[2024-03-26 17:51:53,164] {taskinstance.py:1032} INFO - Dependencies all met for <TaskInstance: ingest_data.download_dataset_task scheduled__2021-02-02T06:00:00+00:00 [queued]>
[2024-03-26 17:51:53,205] {taskinstance.py:1032} INFO - Dependencies all met for <TaskInstance: ingest_data.download_dataset_task scheduled__2021-02-02T06:00:00+00:00 [queued]>
[2024-03-26 17:51:53,205] {taskinstance.py:1238} INFO - 
--------------------------------------------------------------------------------
[2024-03-26 17:51:53,205] {taskinstance.py:1239} INFO - Starting attempt 1 of 1
[2024-03-26 17:51:53,206] {taskinstance.py:1240} INFO - 
--------------------------------------------------------------------------------
[2024-03-26 17:51:53,238] {taskinstance.py:1259} INFO - Executing <Task(BashOperator): download_dataset_task> on 2021-02-02 06:00:00+00:00
[2024-03-26 17:51:53,254] {standard_task_runner.py:52} INFO - Started process 560 to run task
[2024-03-26 17:51:53,266] {standard_task_runner.py:76} INFO - Running: ['***', 'tasks', 'run', 'ingest_data', 'download_dataset_task', 'scheduled__2021-02-02T06:00:00+00:00', '--job-id', '540', '--raw', '--subdir', 'DAGS_FOLDER/data_ingestion_dag.py', '--cfg-path', '/tmp/tmpf_3woy72', '--error-file', '/tmp/tmprsl_92kp']
[2024-03-26 17:51:53,270] {standard_task_runner.py:77} INFO - Job 540: Subtask download_dataset_task
[2024-03-26 17:51:53,400] {logging_mixin.py:109} INFO - Running <TaskInstance: ingest_data.download_dataset_task scheduled__2021-02-02T06:00:00+00:00 [running]> on host 05f84def3a12
[2024-03-26 17:51:53,535] {warnings.py:99} WARNING - /home/***/.local/lib/python3.6/site-packages/***/utils/context.py:152: AirflowContextDeprecationWarning: Accessing 'execution_date' from the template is deprecated and will be removed in a future version. Please use 'data_interval_start' or 'logical_date' instead.
  warnings.warn(_create_deprecation_warning(key, self._deprecation_replacements[key]))

[2024-03-26 17:51:53,592] {taskinstance.py:1426} INFO - Exporting the following env vars:
AIRFLOW_CTX_DAG_OWNER=***
AIRFLOW_CTX_DAG_ID=ingest_data
AIRFLOW_CTX_TASK_ID=download_dataset_task
AIRFLOW_CTX_EXECUTION_DATE=2021-02-02T06:00:00+00:00
AIRFLOW_CTX_DAG_RUN_ID=scheduled__2021-02-02T06:00:00+00:00
[2024-03-26 17:51:53,598] {subprocess.py:62} INFO - Tmp dir root location: 
 /tmp
[2024-03-26 17:51:53,600] {subprocess.py:74} INFO - Running command: ['bash', '-c', 'curl -sSL https://d37ci6vzurychx.cloudfront.net/trip-data/yellow_tripdata_2021-02.parquet > /opt/***/yellowtaxi_tripdata_2021-02.parquet']
[2024-03-26 17:51:53,675] {subprocess.py:85} INFO - Output:
[2024-03-26 17:51:57,690] {subprocess.py:93} INFO - Command exited with return code 0
[2024-03-26 17:51:57,928] {taskinstance.py:1277} INFO - Marking task as SUCCESS. dag_id=ingest_data, task_id=download_dataset_task, execution_date=20210202T060000, start_date=20240326T175153, end_date=20240326T175157
[2024-03-26 17:51:58,173] {local_task_job.py:154} INFO - Task exited with return code 0
[2024-03-26 17:51:58,348] {local_task_job.py:264} INFO - 1 downstream tasks scheduled from follow-on schedule check
[2024-03-26 18:02:35,402] {taskinstance.py:1032} INFO - Dependencies all met for <TaskInstance: ingest_data.download_dataset_task scheduled__2021-02-02T06:00:00+00:00 [queued]>
[2024-03-26 18:02:35,475] {taskinstance.py:1032} INFO - Dependencies all met for <TaskInstance: ingest_data.download_dataset_task scheduled__2021-02-02T06:00:00+00:00 [queued]>
[2024-03-26 18:02:35,475] {taskinstance.py:1238} INFO - 
--------------------------------------------------------------------------------
[2024-03-26 18:02:35,475] {taskinstance.py:1239} INFO - Starting attempt 1 of 1
[2024-03-26 18:02:35,475] {taskinstance.py:1240} INFO - 
--------------------------------------------------------------------------------
[2024-03-26 18:02:35,528] {taskinstance.py:1259} INFO - Executing <Task(BashOperator): download_dataset_task> on 2021-02-02 06:00:00+00:00
[2024-03-26 18:02:35,537] {standard_task_runner.py:52} INFO - Started process 1296 to run task
[2024-03-26 18:02:35,575] {standard_task_runner.py:76} INFO - Running: ['***', 'tasks', 'run', 'ingest_data', 'download_dataset_task', 'scheduled__2021-02-02T06:00:00+00:00', '--job-id', '619', '--raw', '--subdir', 'DAGS_FOLDER/data_ingestion_dag.py', '--cfg-path', '/tmp/tmp_s4dzuk1', '--error-file', '/tmp/tmpy2s_u_s8']
[2024-03-26 18:02:35,576] {standard_task_runner.py:77} INFO - Job 619: Subtask download_dataset_task
[2024-03-26 18:02:35,821] {logging_mixin.py:109} INFO - Running <TaskInstance: ingest_data.download_dataset_task scheduled__2021-02-02T06:00:00+00:00 [running]> on host 05f84def3a12
[2024-03-26 18:02:35,999] {warnings.py:99} WARNING - /home/***/.local/lib/python3.6/site-packages/***/utils/context.py:152: AirflowContextDeprecationWarning: Accessing 'execution_date' from the template is deprecated and will be removed in a future version. Please use 'data_interval_start' or 'logical_date' instead.
  warnings.warn(_create_deprecation_warning(key, self._deprecation_replacements[key]))

[2024-03-26 18:02:36,074] {taskinstance.py:1426} INFO - Exporting the following env vars:
AIRFLOW_CTX_DAG_OWNER=***
AIRFLOW_CTX_DAG_ID=ingest_data
AIRFLOW_CTX_TASK_ID=download_dataset_task
AIRFLOW_CTX_EXECUTION_DATE=2021-02-02T06:00:00+00:00
AIRFLOW_CTX_DAG_RUN_ID=scheduled__2021-02-02T06:00:00+00:00
[2024-03-26 18:02:36,076] {subprocess.py:62} INFO - Tmp dir root location: 
 /tmp
[2024-03-26 18:02:36,077] {subprocess.py:74} INFO - Running command: ['bash', '-c', 'curl -sSL https://d37ci6vzurychx.cloudfront.net/trip-data/yellow_tripdata_2021-02.parquet > /opt/***/yellowtaxi_tripdata_2021-02.parquet']
[2024-03-26 18:02:36,116] {subprocess.py:85} INFO - Output:
[2024-03-26 18:02:40,047] {subprocess.py:93} INFO - Command exited with return code 0
[2024-03-26 18:02:40,097] {taskinstance.py:1277} INFO - Marking task as SUCCESS. dag_id=ingest_data, task_id=download_dataset_task, execution_date=20210202T060000, start_date=20240326T180235, end_date=20240326T180240
[2024-03-26 18:02:40,125] {local_task_job.py:154} INFO - Task exited with return code 0
[2024-03-26 18:02:40,178] {local_task_job.py:264} INFO - 1 downstream tasks scheduled from follow-on schedule check
[2024-03-27 02:47:45,947] {taskinstance.py:1032} INFO - Dependencies all met for <TaskInstance: ingest_data.download_dataset_task scheduled__2021-02-02T06:00:00+00:00 [queued]>
[2024-03-27 02:47:45,971] {taskinstance.py:1032} INFO - Dependencies all met for <TaskInstance: ingest_data.download_dataset_task scheduled__2021-02-02T06:00:00+00:00 [queued]>
[2024-03-27 02:47:45,972] {taskinstance.py:1238} INFO - 
--------------------------------------------------------------------------------
[2024-03-27 02:47:45,972] {taskinstance.py:1239} INFO - Starting attempt 1 of 1
[2024-03-27 02:47:45,972] {taskinstance.py:1240} INFO - 
--------------------------------------------------------------------------------
[2024-03-27 02:47:46,014] {taskinstance.py:1259} INFO - Executing <Task(BashOperator): download_dataset_task> on 2021-02-02 06:00:00+00:00
[2024-03-27 02:47:46,022] {standard_task_runner.py:52} INFO - Started process 1307 to run task
[2024-03-27 02:47:46,030] {standard_task_runner.py:76} INFO - Running: ['***', 'tasks', 'run', 'ingest_data', 'download_dataset_task', 'scheduled__2021-02-02T06:00:00+00:00', '--job-id', '723', '--raw', '--subdir', 'DAGS_FOLDER/data_ingestion_dag.py', '--cfg-path', '/tmp/tmpf_4tm9lc', '--error-file', '/tmp/tmp_b5ty9n1']
[2024-03-27 02:47:46,031] {standard_task_runner.py:77} INFO - Job 723: Subtask download_dataset_task
[2024-03-27 02:47:46,169] {logging_mixin.py:109} INFO - Running <TaskInstance: ingest_data.download_dataset_task scheduled__2021-02-02T06:00:00+00:00 [running]> on host 05f84def3a12
[2024-03-27 02:47:46,315] {warnings.py:99} WARNING - /home/***/.local/lib/python3.6/site-packages/***/utils/context.py:152: AirflowContextDeprecationWarning: Accessing 'execution_date' from the template is deprecated and will be removed in a future version. Please use 'data_interval_start' or 'logical_date' instead.
  warnings.warn(_create_deprecation_warning(key, self._deprecation_replacements[key]))

[2024-03-27 02:47:46,383] {taskinstance.py:1426} INFO - Exporting the following env vars:
AIRFLOW_CTX_DAG_OWNER=***
AIRFLOW_CTX_DAG_ID=ingest_data
AIRFLOW_CTX_TASK_ID=download_dataset_task
AIRFLOW_CTX_EXECUTION_DATE=2021-02-02T06:00:00+00:00
AIRFLOW_CTX_DAG_RUN_ID=scheduled__2021-02-02T06:00:00+00:00
[2024-03-27 02:47:46,385] {subprocess.py:62} INFO - Tmp dir root location: 
 /tmp
[2024-03-27 02:47:46,388] {subprocess.py:74} INFO - Running command: ['bash', '-c', 'curl -sSL https://d37ci6vzurychx.cloudfront.net/trip-data/yellow_tripdata_2021-02.parquet > /opt/***/yellowtaxi_tripdata_2021-02.parquet']
[2024-03-27 02:47:46,446] {subprocess.py:85} INFO - Output:
[2024-03-27 02:47:50,420] {subprocess.py:93} INFO - Command exited with return code 0
[2024-03-27 02:47:50,506] {taskinstance.py:1277} INFO - Marking task as SUCCESS. dag_id=ingest_data, task_id=download_dataset_task, execution_date=20210202T060000, start_date=20240327T024745, end_date=20240327T024750
[2024-03-27 02:47:50,675] {local_task_job.py:154} INFO - Task exited with return code 0
[2024-03-27 02:47:50,802] {local_task_job.py:264} INFO - 1 downstream tasks scheduled from follow-on schedule check
[2024-03-28 01:58:30,045] {taskinstance.py:1032} INFO - Dependencies all met for <TaskInstance: ingest_data.download_dataset_task scheduled__2021-02-02T06:00:00+00:00 [queued]>
[2024-03-28 01:58:30,079] {taskinstance.py:1032} INFO - Dependencies all met for <TaskInstance: ingest_data.download_dataset_task scheduled__2021-02-02T06:00:00+00:00 [queued]>
[2024-03-28 01:58:30,082] {taskinstance.py:1238} INFO - 
--------------------------------------------------------------------------------
[2024-03-28 01:58:30,083] {taskinstance.py:1239} INFO - Starting attempt 1 of 1
[2024-03-28 01:58:30,084] {taskinstance.py:1240} INFO - 
--------------------------------------------------------------------------------
[2024-03-28 01:58:30,130] {taskinstance.py:1259} INFO - Executing <Task(BashOperator): download_dataset_task> on 2021-02-02 06:00:00+00:00
[2024-03-28 01:58:30,141] {standard_task_runner.py:52} INFO - Started process 676 to run task
[2024-03-28 01:58:30,164] {standard_task_runner.py:76} INFO - Running: ['***', 'tasks', 'run', 'ingest_data', 'download_dataset_task', 'scheduled__2021-02-02T06:00:00+00:00', '--job-id', '801', '--raw', '--subdir', 'DAGS_FOLDER/data_ingestion_dag.py', '--cfg-path', '/tmp/tmp_gwv0bv0', '--error-file', '/tmp/tmp1m4frqzz']
[2024-03-28 01:58:30,165] {standard_task_runner.py:77} INFO - Job 801: Subtask download_dataset_task
[2024-03-28 01:58:30,350] {logging_mixin.py:109} INFO - Running <TaskInstance: ingest_data.download_dataset_task scheduled__2021-02-02T06:00:00+00:00 [running]> on host 05f84def3a12
[2024-03-28 01:58:30,445] {warnings.py:99} WARNING - /home/***/.local/lib/python3.6/site-packages/***/utils/context.py:152: AirflowContextDeprecationWarning: Accessing 'execution_date' from the template is deprecated and will be removed in a future version. Please use 'data_interval_start' or 'logical_date' instead.
  warnings.warn(_create_deprecation_warning(key, self._deprecation_replacements[key]))

[2024-03-28 01:58:30,520] {taskinstance.py:1426} INFO - Exporting the following env vars:
AIRFLOW_CTX_DAG_OWNER=***
AIRFLOW_CTX_DAG_ID=ingest_data
AIRFLOW_CTX_TASK_ID=download_dataset_task
AIRFLOW_CTX_EXECUTION_DATE=2021-02-02T06:00:00+00:00
AIRFLOW_CTX_DAG_RUN_ID=scheduled__2021-02-02T06:00:00+00:00
[2024-03-28 01:58:30,522] {subprocess.py:62} INFO - Tmp dir root location: 
 /tmp
[2024-03-28 01:58:30,523] {subprocess.py:74} INFO - Running command: ['bash', '-c', 'curl -sSL https://d37ci6vzurychx.cloudfront.net/trip-data/yellow_tripdata_2021-02.parquet > /opt/***/yellowtaxi_tripdata_2021-02.parquet']
[2024-03-28 01:58:30,571] {subprocess.py:85} INFO - Output:
[2024-03-28 01:58:34,903] {subprocess.py:93} INFO - Command exited with return code 0
[2024-03-28 01:58:35,037] {taskinstance.py:1277} INFO - Marking task as SUCCESS. dag_id=ingest_data, task_id=download_dataset_task, execution_date=20210202T060000, start_date=20240328T015830, end_date=20240328T015835
[2024-03-28 01:58:35,180] {local_task_job.py:154} INFO - Task exited with return code 0
[2024-03-28 01:58:35,796] {local_task_job.py:264} INFO - 0 downstream tasks scheduled from follow-on schedule check
