[2024-05-12 11:55:27,546] {taskinstance.py:1032} INFO - Dependencies all met for <TaskInstance: ingest_data_bigquery_yt.local_to_gcs_task scheduled__2020-02-02T06:00:00+00:00 [queued]>
[2024-05-12 11:55:27,554] {taskinstance.py:1032} INFO - Dependencies all met for <TaskInstance: ingest_data_bigquery_yt.local_to_gcs_task scheduled__2020-02-02T06:00:00+00:00 [queued]>
[2024-05-12 11:55:27,555] {taskinstance.py:1238} INFO - 
--------------------------------------------------------------------------------
[2024-05-12 11:55:27,555] {taskinstance.py:1239} INFO - Starting attempt 9 of 11
[2024-05-12 11:55:27,555] {taskinstance.py:1240} INFO - 
--------------------------------------------------------------------------------
[2024-05-12 11:55:27,564] {taskinstance.py:1259} INFO - Executing <Task(PythonOperator): local_to_gcs_task> on 2020-02-02 06:00:00+00:00
[2024-05-12 11:55:27,572] {standard_task_runner.py:52} INFO - Started process 1352 to run task
[2024-05-12 11:55:27,576] {standard_task_runner.py:76} INFO - Running: ['***', 'tasks', 'run', 'ingest_data_bigquery_yt', 'local_to_gcs_task', 'scheduled__2020-02-02T06:00:00+00:00', '--job-id', '4799', '--raw', '--subdir', 'DAGS_FOLDER/data_ingstion_gcs_yt_dag.py', '--cfg-path', '/tmp/tmpi2ha219d', '--error-file', '/tmp/tmpidrxn8nr']
[2024-05-12 11:55:27,580] {standard_task_runner.py:77} INFO - Job 4799: Subtask local_to_gcs_task
[2024-05-12 11:55:27,634] {logging_mixin.py:109} INFO - Running <TaskInstance: ingest_data_bigquery_yt.local_to_gcs_task scheduled__2020-02-02T06:00:00+00:00 [running]> on host 0d4ef9daeab6
[2024-05-12 11:55:27,672] {warnings.py:99} WARNING - /home/***/.local/lib/python3.6/site-packages/***/utils/context.py:152: AirflowContextDeprecationWarning: Accessing 'execution_date' from the template is deprecated and will be removed in a future version. Please use 'data_interval_start' or 'logical_date' instead.
  warnings.warn(_create_deprecation_warning(key, self._deprecation_replacements[key]))

[2024-05-12 11:55:27,696] {taskinstance.py:1426} INFO - Exporting the following env vars:
AIRFLOW_CTX_DAG_OWNER=***
AIRFLOW_CTX_DAG_ID=ingest_data_bigquery_yt
AIRFLOW_CTX_TASK_ID=local_to_gcs_task
AIRFLOW_CTX_EXECUTION_DATE=2020-02-02T06:00:00+00:00
AIRFLOW_CTX_DAG_RUN_ID=scheduled__2020-02-02T06:00:00+00:00
[2024-05-12 11:55:38,231] {warnings.py:99} WARNING - /home/***/.local/lib/python3.6/site-packages/***/operators/python.py:174: DtypeWarning: Columns (6) have mixed types.Specify dtype option on import or set low_memory=False.
  return_value = self.execute_callable()

[2024-05-12 11:55:48,812] {python.py:175} INFO - Done. Returned value was: None
[2024-05-12 11:55:48,831] {taskinstance.py:1277} INFO - Marking task as SUCCESS. dag_id=ingest_data_bigquery_yt, task_id=local_to_gcs_task, execution_date=20200202T060000, start_date=20240512T115527, end_date=20240512T115548
[2024-05-12 11:55:48,924] {local_task_job.py:154} INFO - Task exited with return code 0
[2024-05-12 11:55:48,958] {local_task_job.py:264} INFO - 1 downstream tasks scheduled from follow-on schedule check
