[2024-03-25 11:27:27,238] {taskinstance.py:1032} INFO - Dependencies all met for <TaskInstance: LocalIngestionDAG.ingest scheduled__2021-08-02T06:00:00+00:00 [queued]>
[2024-03-25 11:27:27,259] {taskinstance.py:1032} INFO - Dependencies all met for <TaskInstance: LocalIngestionDAG.ingest scheduled__2021-08-02T06:00:00+00:00 [queued]>
[2024-03-25 11:27:27,260] {taskinstance.py:1238} INFO - 
--------------------------------------------------------------------------------
[2024-03-25 11:27:27,261] {taskinstance.py:1239} INFO - Starting attempt 1 of 1
[2024-03-25 11:27:27,261] {taskinstance.py:1240} INFO - 
--------------------------------------------------------------------------------
[2024-03-25 11:27:27,286] {taskinstance.py:1259} INFO - Executing <Task(BashOperator): ingest> on 2021-08-02 06:00:00+00:00
[2024-03-25 11:27:27,301] {standard_task_runner.py:76} INFO - Running: ['***', 'tasks', 'run', 'LocalIngestionDAG', 'ingest', 'scheduled__2021-08-02T06:00:00+00:00', '--job-id', '72', '--raw', '--subdir', 'DAGS_FOLDER/data_ingestion_local.py', '--cfg-path', '/tmp/tmpjff2mq65', '--error-file', '/tmp/tmp0l0aq2o_']
[2024-03-25 11:27:27,302] {standard_task_runner.py:77} INFO - Job 72: Subtask ingest
[2024-03-25 11:27:27,294] {standard_task_runner.py:52} INFO - Started process 11139 to run task
[2024-03-25 11:27:27,383] {logging_mixin.py:109} INFO - Running <TaskInstance: LocalIngestionDAG.ingest scheduled__2021-08-02T06:00:00+00:00 [running]> on host 91ae2bae4e06
[2024-03-25 11:27:27,469] {taskinstance.py:1426} INFO - Exporting the following env vars:
AIRFLOW_CTX_DAG_OWNER=***
AIRFLOW_CTX_DAG_ID=LocalIngestionDAG
AIRFLOW_CTX_TASK_ID=ingest
AIRFLOW_CTX_EXECUTION_DATE=2021-08-02T06:00:00+00:00
AIRFLOW_CTX_DAG_RUN_ID=scheduled__2021-08-02T06:00:00+00:00
[2024-03-25 11:27:27,471] {subprocess.py:62} INFO - Tmp dir root location: 
 /tmp
[2024-03-25 11:27:27,472] {subprocess.py:74} INFO - Running command: ['bash', '-c', 'pwd']
[2024-03-25 11:27:27,492] {subprocess.py:85} INFO - Output:
[2024-03-25 11:27:27,498] {subprocess.py:89} INFO - /tmp/***tmpcbl21z9_
[2024-03-25 11:27:27,499] {subprocess.py:93} INFO - Command exited with return code 0
[2024-03-25 11:27:27,548] {taskinstance.py:1277} INFO - Marking task as SUCCESS. dag_id=LocalIngestionDAG, task_id=ingest, execution_date=20210802T060000, start_date=20240325T112727, end_date=20240325T112727
[2024-03-25 11:27:27,602] {local_task_job.py:154} INFO - Task exited with return code 0
[2024-03-25 11:27:27,654] {local_task_job.py:264} INFO - 0 downstream tasks scheduled from follow-on schedule check
