[2024-05-12 12:02:49,113] {taskinstance.py:1032} INFO - Dependencies all met for <TaskInstance: ingest_data_bigquery_yt.download_dataset_task scheduled__2020-03-02T06:00:00+00:00 [queued]>
[2024-05-12 12:02:49,126] {taskinstance.py:1032} INFO - Dependencies all met for <TaskInstance: ingest_data_bigquery_yt.download_dataset_task scheduled__2020-03-02T06:00:00+00:00 [queued]>
[2024-05-12 12:02:49,126] {taskinstance.py:1238} INFO - 
--------------------------------------------------------------------------------
[2024-05-12 12:02:49,126] {taskinstance.py:1239} INFO - Starting attempt 5 of 7
[2024-05-12 12:02:49,126] {taskinstance.py:1240} INFO - 
--------------------------------------------------------------------------------
[2024-05-12 12:02:49,138] {taskinstance.py:1259} INFO - Executing <Task(BashOperator): download_dataset_task> on 2020-03-02 06:00:00+00:00
[2024-05-12 12:02:49,146] {standard_task_runner.py:52} INFO - Started process 1779 to run task
[2024-05-12 12:02:49,150] {standard_task_runner.py:76} INFO - Running: ['***', 'tasks', 'run', 'ingest_data_bigquery_yt', 'download_dataset_task', 'scheduled__2020-03-02T06:00:00+00:00', '--job-id', '4811', '--raw', '--subdir', 'DAGS_FOLDER/data_ingstion_gcs_yt_dag.py', '--cfg-path', '/tmp/tmp_w6qt99i', '--error-file', '/tmp/tmpxt16k98z']
[2024-05-12 12:02:49,154] {standard_task_runner.py:77} INFO - Job 4811: Subtask download_dataset_task
[2024-05-12 12:02:49,221] {logging_mixin.py:109} INFO - Running <TaskInstance: ingest_data_bigquery_yt.download_dataset_task scheduled__2020-03-02T06:00:00+00:00 [running]> on host 0d4ef9daeab6
[2024-05-12 12:02:49,261] {warnings.py:99} WARNING - /home/***/.local/lib/python3.6/site-packages/***/utils/context.py:152: AirflowContextDeprecationWarning: Accessing 'execution_date' from the template is deprecated and will be removed in a future version. Please use 'data_interval_start' or 'logical_date' instead.
  warnings.warn(_create_deprecation_warning(key, self._deprecation_replacements[key]))

[2024-05-12 12:02:49,283] {taskinstance.py:1426} INFO - Exporting the following env vars:
AIRFLOW_CTX_DAG_OWNER=***
AIRFLOW_CTX_DAG_ID=ingest_data_bigquery_yt
AIRFLOW_CTX_TASK_ID=download_dataset_task
AIRFLOW_CTX_EXECUTION_DATE=2020-03-02T06:00:00+00:00
AIRFLOW_CTX_DAG_RUN_ID=scheduled__2020-03-02T06:00:00+00:00
[2024-05-12 12:02:49,284] {subprocess.py:62} INFO - Tmp dir root location: 
 /tmp
[2024-05-12 12:02:49,285] {subprocess.py:74} INFO - Running command: ['bash', '-c', 'curl -sSL https://github.com/DataTalksClub/nyc-tlc-data/releases/download/yellow/yellow_tripdata_2020-03.csv.gz > /opt/***/raw_data/yellowtaxi_tripdata_2020-03.csv.gz && gunzip /opt/***/raw_data/yellowtaxi_tripdata_2020-03.csv.gz']
[2024-05-12 12:02:49,306] {subprocess.py:85} INFO - Output:
[2024-05-12 12:02:52,038] {subprocess.py:93} INFO - Command exited with return code 0
[2024-05-12 12:02:52,076] {taskinstance.py:1277} INFO - Marking task as SUCCESS. dag_id=ingest_data_bigquery_yt, task_id=download_dataset_task, execution_date=20200302T060000, start_date=20240512T120249, end_date=20240512T120252
[2024-05-12 12:02:52,141] {local_task_job.py:154} INFO - Task exited with return code 0
[2024-05-12 12:02:52,188] {local_task_job.py:264} INFO - 1 downstream tasks scheduled from follow-on schedule check
