[2024-03-29 08:27:43,467] {taskinstance.py:1032} INFO - Dependencies all met for <TaskInstance: ingest_data_bigquery.local_to_gcs_task scheduled__2023-06-02T06:00:00+00:00 [queued]>
[2024-03-29 08:27:43,632] {taskinstance.py:1032} INFO - Dependencies all met for <TaskInstance: ingest_data_bigquery.local_to_gcs_task scheduled__2023-06-02T06:00:00+00:00 [queued]>
[2024-03-29 08:27:43,633] {taskinstance.py:1238} INFO - 
--------------------------------------------------------------------------------
[2024-03-29 08:27:43,633] {taskinstance.py:1239} INFO - Starting attempt 1 of 4
[2024-03-29 08:27:43,633] {taskinstance.py:1240} INFO - 
--------------------------------------------------------------------------------
[2024-03-29 08:27:43,945] {taskinstance.py:1259} INFO - Executing <Task(PythonOperator): local_to_gcs_task> on 2023-06-02 06:00:00+00:00
[2024-03-29 08:27:43,964] {standard_task_runner.py:52} INFO - Started process 1656 to run task
[2024-03-29 08:27:44,037] {standard_task_runner.py:76} INFO - Running: ['***', 'tasks', 'run', 'ingest_data_bigquery', 'local_to_gcs_task', 'scheduled__2023-06-02T06:00:00+00:00', '--job-id', '1797', '--raw', '--subdir', 'DAGS_FOLDER/data_ingestion_gcs_dag.py', '--cfg-path', '/tmp/tmp0he30xzx', '--error-file', '/tmp/tmpx39ai881']
[2024-03-29 08:27:44,060] {standard_task_runner.py:77} INFO - Job 1797: Subtask local_to_gcs_task
[2024-03-29 08:27:44,740] {logging_mixin.py:109} INFO - Running <TaskInstance: ingest_data_bigquery.local_to_gcs_task scheduled__2023-06-02T06:00:00+00:00 [running]> on host b5e5a5778b83
[2024-03-29 08:27:44,948] {warnings.py:99} WARNING - /home/***/.local/lib/python3.6/site-packages/***/utils/context.py:152: AirflowContextDeprecationWarning: Accessing 'execution_date' from the template is deprecated and will be removed in a future version. Please use 'data_interval_start' or 'logical_date' instead.
  warnings.warn(_create_deprecation_warning(key, self._deprecation_replacements[key]))

[2024-03-29 08:27:45,086] {taskinstance.py:1426} INFO - Exporting the following env vars:
AIRFLOW_CTX_DAG_OWNER=***
AIRFLOW_CTX_DAG_ID=ingest_data_bigquery
AIRFLOW_CTX_TASK_ID=local_to_gcs_task
AIRFLOW_CTX_EXECUTION_DATE=2023-06-02T06:00:00+00:00
AIRFLOW_CTX_DAG_RUN_ID=scheduled__2023-06-02T06:00:00+00:00
[2024-03-29 08:27:46,524] {logging_mixin.py:109} INFO - File /opt/***/yellowtaxi_tripdata_2023-06.parquet uploaded to yellowtaxi_tripdata/yellow_taxi_2023_06.parquet.
[2024-03-29 08:27:46,524] {python.py:175} INFO - Done. Returned value was: None
[2024-03-29 08:27:46,611] {taskinstance.py:1277} INFO - Marking task as SUCCESS. dag_id=ingest_data_bigquery, task_id=local_to_gcs_task, execution_date=20230602T060000, start_date=20240329T082743, end_date=20240329T082746
[2024-03-29 08:27:46,888] {local_task_job.py:154} INFO - Task exited with return code 0
[2024-03-29 08:27:47,133] {local_task_job.py:264} INFO - 1 downstream tasks scheduled from follow-on schedule check
[2024-03-30 03:53:44,249] {taskinstance.py:1032} INFO - Dependencies all met for <TaskInstance: ingest_data_bigquery.local_to_gcs_task scheduled__2023-06-02T06:00:00+00:00 [queued]>
[2024-03-30 03:53:44,284] {taskinstance.py:1032} INFO - Dependencies all met for <TaskInstance: ingest_data_bigquery.local_to_gcs_task scheduled__2023-06-02T06:00:00+00:00 [queued]>
[2024-03-30 03:53:44,285] {taskinstance.py:1238} INFO - 
--------------------------------------------------------------------------------
[2024-03-30 03:53:44,285] {taskinstance.py:1239} INFO - Starting attempt 1 of 4
[2024-03-30 03:53:44,286] {taskinstance.py:1240} INFO - 
--------------------------------------------------------------------------------
[2024-03-30 03:53:44,708] {taskinstance.py:1259} INFO - Executing <Task(PythonOperator): local_to_gcs_task> on 2023-06-02 06:00:00+00:00
[2024-03-30 03:53:44,727] {standard_task_runner.py:52} INFO - Started process 2188 to run task
[2024-03-30 03:53:44,754] {standard_task_runner.py:76} INFO - Running: ['***', 'tasks', 'run', 'ingest_data_bigquery', 'local_to_gcs_task', 'scheduled__2023-06-02T06:00:00+00:00', '--job-id', '2005', '--raw', '--subdir', 'DAGS_FOLDER/data_ingestion_gcs_dag.py', '--cfg-path', '/tmp/tmp8ttda7u2', '--error-file', '/tmp/tmp4zy45lxf']
[2024-03-30 03:53:44,821] {standard_task_runner.py:77} INFO - Job 2005: Subtask local_to_gcs_task
[2024-03-30 03:53:45,717] {logging_mixin.py:109} INFO - Running <TaskInstance: ingest_data_bigquery.local_to_gcs_task scheduled__2023-06-02T06:00:00+00:00 [running]> on host 98c5b3fde4c4
[2024-03-30 03:53:46,374] {warnings.py:99} WARNING - /home/***/.local/lib/python3.6/site-packages/***/utils/context.py:152: AirflowContextDeprecationWarning: Accessing 'execution_date' from the template is deprecated and will be removed in a future version. Please use 'data_interval_start' or 'logical_date' instead.
  warnings.warn(_create_deprecation_warning(key, self._deprecation_replacements[key]))

[2024-03-30 03:53:46,531] {taskinstance.py:1426} INFO - Exporting the following env vars:
AIRFLOW_CTX_DAG_OWNER=***
AIRFLOW_CTX_DAG_ID=ingest_data_bigquery
AIRFLOW_CTX_TASK_ID=local_to_gcs_task
AIRFLOW_CTX_EXECUTION_DATE=2023-06-02T06:00:00+00:00
AIRFLOW_CTX_DAG_RUN_ID=scheduled__2023-06-02T06:00:00+00:00
[2024-03-30 03:53:48,432] {logging_mixin.py:109} INFO - File /opt/***/yellowtaxi_tripdata_2023-06.parquet uploaded to yellowtaxi_tripdata/yellow_taxi_2023_06.parquet.
[2024-03-30 03:53:48,432] {python.py:175} INFO - Done. Returned value was: None
[2024-03-30 03:53:48,472] {taskinstance.py:1277} INFO - Marking task as SUCCESS. dag_id=ingest_data_bigquery, task_id=local_to_gcs_task, execution_date=20230602T060000, start_date=20240330T035344, end_date=20240330T035348
[2024-03-30 03:53:48,624] {local_task_job.py:154} INFO - Task exited with return code 0
[2024-03-30 03:53:48,796] {local_task_job.py:264} INFO - 1 downstream tasks scheduled from follow-on schedule check
[2024-03-30 04:25:48,675] {taskinstance.py:1032} INFO - Dependencies all met for <TaskInstance: ingest_data_bigquery.local_to_gcs_task scheduled__2023-06-02T06:00:00+00:00 [queued]>
[2024-03-30 04:25:48,737] {taskinstance.py:1032} INFO - Dependencies all met for <TaskInstance: ingest_data_bigquery.local_to_gcs_task scheduled__2023-06-02T06:00:00+00:00 [queued]>
[2024-03-30 04:25:48,738] {taskinstance.py:1238} INFO - 
--------------------------------------------------------------------------------
[2024-03-30 04:25:48,738] {taskinstance.py:1239} INFO - Starting attempt 1 of 4
[2024-03-30 04:25:48,739] {taskinstance.py:1240} INFO - 
--------------------------------------------------------------------------------
[2024-03-30 04:25:48,867] {taskinstance.py:1259} INFO - Executing <Task(PythonOperator): local_to_gcs_task> on 2023-06-02 06:00:00+00:00
[2024-03-30 04:25:48,953] {standard_task_runner.py:52} INFO - Started process 4467 to run task
[2024-03-30 04:25:48,991] {standard_task_runner.py:76} INFO - Running: ['***', 'tasks', 'run', 'ingest_data_bigquery', 'local_to_gcs_task', 'scheduled__2023-06-02T06:00:00+00:00', '--job-id', '2231', '--raw', '--subdir', 'DAGS_FOLDER/data_ingestion_gcs_dag.py', '--cfg-path', '/tmp/tmpyh8eflud', '--error-file', '/tmp/tmpwp0md5dd']
[2024-03-30 04:25:49,006] {standard_task_runner.py:77} INFO - Job 2231: Subtask local_to_gcs_task
[2024-03-30 04:25:49,826] {logging_mixin.py:109} INFO - Running <TaskInstance: ingest_data_bigquery.local_to_gcs_task scheduled__2023-06-02T06:00:00+00:00 [running]> on host 98c5b3fde4c4
[2024-03-30 04:25:50,145] {warnings.py:99} WARNING - /home/***/.local/lib/python3.6/site-packages/***/utils/context.py:152: AirflowContextDeprecationWarning: Accessing 'execution_date' from the template is deprecated and will be removed in a future version. Please use 'data_interval_start' or 'logical_date' instead.
  warnings.warn(_create_deprecation_warning(key, self._deprecation_replacements[key]))

[2024-03-30 04:25:50,234] {taskinstance.py:1426} INFO - Exporting the following env vars:
AIRFLOW_CTX_DAG_OWNER=***
AIRFLOW_CTX_DAG_ID=ingest_data_bigquery
AIRFLOW_CTX_TASK_ID=local_to_gcs_task
AIRFLOW_CTX_EXECUTION_DATE=2023-06-02T06:00:00+00:00
AIRFLOW_CTX_DAG_RUN_ID=scheduled__2023-06-02T06:00:00+00:00
[2024-03-30 04:25:52,025] {logging_mixin.py:109} INFO - File /opt/***/yellowtaxi_tripdata_2023-06.parquet uploaded to yellowtaxi_tripdata/yellow_taxi_2023_06.parquet.
[2024-03-30 04:25:52,029] {python.py:175} INFO - Done. Returned value was: None
[2024-03-30 04:25:52,186] {taskinstance.py:1277} INFO - Marking task as SUCCESS. dag_id=ingest_data_bigquery, task_id=local_to_gcs_task, execution_date=20230602T060000, start_date=20240330T042548, end_date=20240330T042552
[2024-03-30 04:25:52,374] {local_task_job.py:154} INFO - Task exited with return code 0
[2024-03-30 04:25:52,514] {local_task_job.py:264} INFO - 1 downstream tasks scheduled from follow-on schedule check
[2024-03-30 04:45:10,429] {taskinstance.py:1032} INFO - Dependencies all met for <TaskInstance: ingest_data_bigquery.local_to_gcs_task scheduled__2023-06-02T06:00:00+00:00 [queued]>
[2024-03-30 04:45:10,567] {taskinstance.py:1032} INFO - Dependencies all met for <TaskInstance: ingest_data_bigquery.local_to_gcs_task scheduled__2023-06-02T06:00:00+00:00 [queued]>
[2024-03-30 04:45:10,569] {taskinstance.py:1238} INFO - 
--------------------------------------------------------------------------------
[2024-03-30 04:45:10,569] {taskinstance.py:1239} INFO - Starting attempt 1 of 4
[2024-03-30 04:45:10,582] {taskinstance.py:1240} INFO - 
--------------------------------------------------------------------------------
[2024-03-30 04:45:10,778] {taskinstance.py:1259} INFO - Executing <Task(PythonOperator): local_to_gcs_task> on 2023-06-02 06:00:00+00:00
[2024-03-30 04:45:10,847] {standard_task_runner.py:52} INFO - Started process 5866 to run task
[2024-03-30 04:45:10,908] {standard_task_runner.py:76} INFO - Running: ['***', 'tasks', 'run', 'ingest_data_bigquery', 'local_to_gcs_task', 'scheduled__2023-06-02T06:00:00+00:00', '--job-id', '2374', '--raw', '--subdir', 'DAGS_FOLDER/data_ingestion_gcs_dag.py', '--cfg-path', '/tmp/tmp1087wpm0', '--error-file', '/tmp/tmpzicc72yq']
[2024-03-30 04:45:10,984] {standard_task_runner.py:77} INFO - Job 2374: Subtask local_to_gcs_task
[2024-03-30 04:45:11,239] {logging_mixin.py:109} INFO - Running <TaskInstance: ingest_data_bigquery.local_to_gcs_task scheduled__2023-06-02T06:00:00+00:00 [running]> on host 98c5b3fde4c4
[2024-03-30 04:45:11,408] {warnings.py:99} WARNING - /home/***/.local/lib/python3.6/site-packages/***/utils/context.py:152: AirflowContextDeprecationWarning: Accessing 'execution_date' from the template is deprecated and will be removed in a future version. Please use 'data_interval_start' or 'logical_date' instead.
  warnings.warn(_create_deprecation_warning(key, self._deprecation_replacements[key]))

[2024-03-30 04:45:11,481] {taskinstance.py:1426} INFO - Exporting the following env vars:
AIRFLOW_CTX_DAG_OWNER=***
AIRFLOW_CTX_DAG_ID=ingest_data_bigquery
AIRFLOW_CTX_TASK_ID=local_to_gcs_task
AIRFLOW_CTX_EXECUTION_DATE=2023-06-02T06:00:00+00:00
AIRFLOW_CTX_DAG_RUN_ID=scheduled__2023-06-02T06:00:00+00:00
[2024-03-30 04:45:12,680] {logging_mixin.py:109} INFO - File /opt/***/yellowtaxi_tripdata_2023-06.parquet uploaded to yellowtaxi_tripdata/yellow_taxi_2023_06.parquet.
[2024-03-30 04:45:12,681] {python.py:175} INFO - Done. Returned value was: None
[2024-03-30 04:45:12,708] {taskinstance.py:1277} INFO - Marking task as SUCCESS. dag_id=ingest_data_bigquery, task_id=local_to_gcs_task, execution_date=20230602T060000, start_date=20240330T044510, end_date=20240330T044512
[2024-03-30 04:45:12,806] {local_task_job.py:154} INFO - Task exited with return code 0
[2024-03-30 04:45:12,886] {local_task_job.py:264} INFO - 1 downstream tasks scheduled from follow-on schedule check
[2024-03-30 05:00:25,800] {taskinstance.py:1032} INFO - Dependencies all met for <TaskInstance: ingest_data_bigquery.local_to_gcs_task scheduled__2023-06-02T06:00:00+00:00 [queued]>
[2024-03-30 05:00:25,858] {taskinstance.py:1032} INFO - Dependencies all met for <TaskInstance: ingest_data_bigquery.local_to_gcs_task scheduled__2023-06-02T06:00:00+00:00 [queued]>
[2024-03-30 05:00:25,859] {taskinstance.py:1238} INFO - 
--------------------------------------------------------------------------------
[2024-03-30 05:00:25,860] {taskinstance.py:1239} INFO - Starting attempt 1 of 4
[2024-03-30 05:00:25,861] {taskinstance.py:1240} INFO - 
--------------------------------------------------------------------------------
[2024-03-30 05:00:25,998] {taskinstance.py:1259} INFO - Executing <Task(PythonOperator): local_to_gcs_task> on 2023-06-02 06:00:00+00:00
[2024-03-30 05:00:26,026] {standard_task_runner.py:52} INFO - Started process 6905 to run task
[2024-03-30 05:00:26,090] {standard_task_runner.py:76} INFO - Running: ['***', 'tasks', 'run', 'ingest_data_bigquery', 'local_to_gcs_task', 'scheduled__2023-06-02T06:00:00+00:00', '--job-id', '2476', '--raw', '--subdir', 'DAGS_FOLDER/data_ingestion_gcs_dag.py', '--cfg-path', '/tmp/tmpxs5jpw1e', '--error-file', '/tmp/tmpxlixzyqz']
[2024-03-30 05:00:26,174] {standard_task_runner.py:77} INFO - Job 2476: Subtask local_to_gcs_task
[2024-03-30 05:00:26,918] {logging_mixin.py:109} INFO - Running <TaskInstance: ingest_data_bigquery.local_to_gcs_task scheduled__2023-06-02T06:00:00+00:00 [running]> on host 98c5b3fde4c4
[2024-03-30 05:00:27,320] {warnings.py:99} WARNING - /home/***/.local/lib/python3.6/site-packages/***/utils/context.py:152: AirflowContextDeprecationWarning: Accessing 'execution_date' from the template is deprecated and will be removed in a future version. Please use 'data_interval_start' or 'logical_date' instead.
  warnings.warn(_create_deprecation_warning(key, self._deprecation_replacements[key]))

[2024-03-30 05:00:27,421] {taskinstance.py:1426} INFO - Exporting the following env vars:
AIRFLOW_CTX_DAG_OWNER=***
AIRFLOW_CTX_DAG_ID=ingest_data_bigquery
AIRFLOW_CTX_TASK_ID=local_to_gcs_task
AIRFLOW_CTX_EXECUTION_DATE=2023-06-02T06:00:00+00:00
AIRFLOW_CTX_DAG_RUN_ID=scheduled__2023-06-02T06:00:00+00:00
[2024-03-30 05:00:28,765] {logging_mixin.py:109} INFO - File /opt/***/yellowtaxi_tripdata_2023-06.parquet uploaded to yellowtaxi_tripdata/yellow_taxi_2023_06.parquet.
[2024-03-30 05:00:28,771] {python.py:175} INFO - Done. Returned value was: None
[2024-03-30 05:00:28,954] {taskinstance.py:1277} INFO - Marking task as SUCCESS. dag_id=ingest_data_bigquery, task_id=local_to_gcs_task, execution_date=20230602T060000, start_date=20240330T050025, end_date=20240330T050028
[2024-03-30 05:00:29,115] {local_task_job.py:154} INFO - Task exited with return code 0
[2024-03-30 05:00:29,288] {local_task_job.py:264} INFO - 1 downstream tasks scheduled from follow-on schedule check
[2024-03-30 09:03:00,936] {taskinstance.py:1032} INFO - Dependencies all met for <TaskInstance: ingest_data_bigquery.local_to_gcs_task scheduled__2023-06-02T06:00:00+00:00 [queued]>
[2024-03-30 09:03:01,214] {taskinstance.py:1032} INFO - Dependencies all met for <TaskInstance: ingest_data_bigquery.local_to_gcs_task scheduled__2023-06-02T06:00:00+00:00 [queued]>
[2024-03-30 09:03:01,215] {taskinstance.py:1238} INFO - 
--------------------------------------------------------------------------------
[2024-03-30 09:03:01,215] {taskinstance.py:1239} INFO - Starting attempt 1 of 4
[2024-03-30 09:03:01,215] {taskinstance.py:1240} INFO - 
--------------------------------------------------------------------------------
[2024-03-30 09:03:01,407] {taskinstance.py:1259} INFO - Executing <Task(PythonOperator): local_to_gcs_task> on 2023-06-02 06:00:00+00:00
[2024-03-30 09:03:01,548] {standard_task_runner.py:52} INFO - Started process 18443 to run task
[2024-03-30 09:03:01,656] {standard_task_runner.py:76} INFO - Running: ['***', 'tasks', 'run', 'ingest_data_bigquery', 'local_to_gcs_task', 'scheduled__2023-06-02T06:00:00+00:00', '--job-id', '2586', '--raw', '--subdir', 'DAGS_FOLDER/data_ingestion_gcs_dag.py', '--cfg-path', '/tmp/tmpyhmssbu3', '--error-file', '/tmp/tmp8wknt880']
[2024-03-30 09:03:01,754] {standard_task_runner.py:77} INFO - Job 2586: Subtask local_to_gcs_task
[2024-03-30 09:03:02,502] {logging_mixin.py:109} INFO - Running <TaskInstance: ingest_data_bigquery.local_to_gcs_task scheduled__2023-06-02T06:00:00+00:00 [running]> on host 98c5b3fde4c4
[2024-03-30 09:03:02,697] {warnings.py:99} WARNING - /home/***/.local/lib/python3.6/site-packages/***/utils/context.py:152: AirflowContextDeprecationWarning: Accessing 'execution_date' from the template is deprecated and will be removed in a future version. Please use 'data_interval_start' or 'logical_date' instead.
  warnings.warn(_create_deprecation_warning(key, self._deprecation_replacements[key]))

[2024-03-30 09:03:02,959] {taskinstance.py:1426} INFO - Exporting the following env vars:
AIRFLOW_CTX_DAG_OWNER=***
AIRFLOW_CTX_DAG_ID=ingest_data_bigquery
AIRFLOW_CTX_TASK_ID=local_to_gcs_task
AIRFLOW_CTX_EXECUTION_DATE=2023-06-02T06:00:00+00:00
AIRFLOW_CTX_DAG_RUN_ID=scheduled__2023-06-02T06:00:00+00:00
[2024-03-30 09:03:05,033] {logging_mixin.py:109} INFO - File /opt/***/yellowtaxi_tripdata_2023-06.parquet uploaded to yellowtaxi_tripdata/yellow_taxi_2023_06.parquet.
[2024-03-30 09:03:05,033] {python.py:175} INFO - Done. Returned value was: None
[2024-03-30 09:03:05,061] {taskinstance.py:1277} INFO - Marking task as SUCCESS. dag_id=ingest_data_bigquery, task_id=local_to_gcs_task, execution_date=20230602T060000, start_date=20240330T090301, end_date=20240330T090305
[2024-03-30 09:03:05,107] {local_task_job.py:154} INFO - Task exited with return code 0
[2024-03-30 09:03:05,190] {local_task_job.py:264} INFO - 1 downstream tasks scheduled from follow-on schedule check
[2024-03-30 11:57:38,740] {taskinstance.py:1032} INFO - Dependencies all met for <TaskInstance: ingest_data_bigquery.local_to_gcs_task scheduled__2023-06-02T06:00:00+00:00 [queued]>
[2024-03-30 11:57:38,811] {taskinstance.py:1032} INFO - Dependencies all met for <TaskInstance: ingest_data_bigquery.local_to_gcs_task scheduled__2023-06-02T06:00:00+00:00 [queued]>
[2024-03-30 11:57:38,811] {taskinstance.py:1238} INFO - 
--------------------------------------------------------------------------------
[2024-03-30 11:57:38,812] {taskinstance.py:1239} INFO - Starting attempt 1 of 4
[2024-03-30 11:57:38,812] {taskinstance.py:1240} INFO - 
--------------------------------------------------------------------------------
[2024-03-30 11:57:38,838] {taskinstance.py:1259} INFO - Executing <Task(PythonOperator): local_to_gcs_task> on 2023-06-02 06:00:00+00:00
[2024-03-30 11:57:38,854] {standard_task_runner.py:52} INFO - Started process 28659 to run task
[2024-03-30 11:57:38,909] {standard_task_runner.py:76} INFO - Running: ['***', 'tasks', 'run', 'ingest_data_bigquery', 'local_to_gcs_task', 'scheduled__2023-06-02T06:00:00+00:00', '--job-id', '2910', '--raw', '--subdir', 'DAGS_FOLDER/data_ingestion_gcs_dag.py', '--cfg-path', '/tmp/tmp4ceywhgw', '--error-file', '/tmp/tmpwtoe7nxp']
[2024-03-30 11:57:38,942] {standard_task_runner.py:77} INFO - Job 2910: Subtask local_to_gcs_task
[2024-03-30 11:57:39,301] {logging_mixin.py:109} INFO - Running <TaskInstance: ingest_data_bigquery.local_to_gcs_task scheduled__2023-06-02T06:00:00+00:00 [running]> on host 98c5b3fde4c4
[2024-03-30 11:57:39,626] {warnings.py:99} WARNING - /home/***/.local/lib/python3.6/site-packages/***/utils/context.py:152: AirflowContextDeprecationWarning: Accessing 'execution_date' from the template is deprecated and will be removed in a future version. Please use 'data_interval_start' or 'logical_date' instead.
  warnings.warn(_create_deprecation_warning(key, self._deprecation_replacements[key]))

[2024-03-30 11:57:39,937] {taskinstance.py:1426} INFO - Exporting the following env vars:
AIRFLOW_CTX_DAG_OWNER=***
AIRFLOW_CTX_DAG_ID=ingest_data_bigquery
AIRFLOW_CTX_TASK_ID=local_to_gcs_task
AIRFLOW_CTX_EXECUTION_DATE=2023-06-02T06:00:00+00:00
AIRFLOW_CTX_DAG_RUN_ID=scheduled__2023-06-02T06:00:00+00:00
[2024-03-30 11:57:51,488] {taskinstance.py:1700} ERROR - Task failed with exception
Traceback (most recent call last):
  File "/home/airflow/.local/lib/python3.6/site-packages/airflow/models/taskinstance.py", line 1329, in _run_raw_task
    self._execute_task_with_callbacks(context)
  File "/home/airflow/.local/lib/python3.6/site-packages/airflow/models/taskinstance.py", line 1455, in _execute_task_with_callbacks
    result = self._execute_task(context, self.task)
  File "/home/airflow/.local/lib/python3.6/site-packages/airflow/models/taskinstance.py", line 1511, in _execute_task
    result = execute_callable(context=context)
  File "/home/airflow/.local/lib/python3.6/site-packages/airflow/operators/python.py", line 174, in execute
    return_value = self.execute_callable()
  File "/home/airflow/.local/lib/python3.6/site-packages/airflow/operators/python.py", line 185, in execute_callable
    return self.python_callable(*self.op_args, **self.op_kwargs)
  File "/opt/airflow/dags/data_ingestion_gcs_dag.py", line 68, in upload_to_gcs
    df.to_parquet(clean_file_name, index=False)
  File "/home/airflow/.local/lib/python3.6/site-packages/pandas/util/_decorators.py", line 199, in wrapper
    return func(*args, **kwargs)
  File "/home/airflow/.local/lib/python3.6/site-packages/pandas/core/frame.py", line 2372, in to_parquet
    **kwargs,
  File "/home/airflow/.local/lib/python3.6/site-packages/pandas/io/parquet.py", line 276, in to_parquet
    **kwargs,
  File "/home/airflow/.local/lib/python3.6/site-packages/pandas/io/parquet.py", line 101, in write
    table = self.api.Table.from_pandas(df, **from_pandas_kwargs)
  File "pyarrow/table.pxi", line 1561, in pyarrow.lib.Table.from_pandas
  File "/home/airflow/.local/lib/python3.6/site-packages/pyarrow/pandas_compat.py", line 607, in dataframe_to_arrays
    arrays[i] = maybe_fut.result()
  File "/usr/local/lib/python3.6/concurrent/futures/_base.py", line 425, in result
    return self.__get_result()
  File "/usr/local/lib/python3.6/concurrent/futures/_base.py", line 384, in __get_result
    raise self._exception
  File "/usr/local/lib/python3.6/concurrent/futures/thread.py", line 56, in run
    result = self.fn(*self.args, **self.kwargs)
  File "/home/airflow/.local/lib/python3.6/site-packages/pyarrow/pandas_compat.py", line 581, in convert_column
    raise e
  File "/home/airflow/.local/lib/python3.6/site-packages/pyarrow/pandas_compat.py", line 575, in convert_column
    result = pa.array(col, type=type_, from_pandas=True, safe=safe)
  File "pyarrow/array.pxi", line 302, in pyarrow.lib.array
  File "pyarrow/array.pxi", line 83, in pyarrow.lib._ndarray_to_array
  File "pyarrow/error.pxi", line 122, in pyarrow.lib.check_status
pyarrow.lib.ArrowTypeError: ("Expected bytes, got a 'int' object", 'Conversion failed for column store_and_fwd_flag with type object')
[2024-03-30 11:57:51,515] {taskinstance.py:1277} INFO - Marking task as UP_FOR_RETRY. dag_id=ingest_data_bigquery, task_id=local_to_gcs_task, execution_date=20230602T060000, start_date=20240330T115738, end_date=20240330T115751
[2024-03-30 11:57:51,532] {standard_task_runner.py:92} ERROR - Failed to execute job 2910 for task local_to_gcs_task
Traceback (most recent call last):
  File "/home/airflow/.local/lib/python3.6/site-packages/airflow/task/task_runner/standard_task_runner.py", line 85, in _start_by_fork
    args.func(args, dag=self.dag)
  File "/home/airflow/.local/lib/python3.6/site-packages/airflow/cli/cli_parser.py", line 48, in command
    return func(*args, **kwargs)
  File "/home/airflow/.local/lib/python3.6/site-packages/airflow/utils/cli.py", line 92, in wrapper
    return f(*args, **kwargs)
  File "/home/airflow/.local/lib/python3.6/site-packages/airflow/cli/commands/task_command.py", line 298, in task_run
    _run_task_by_selected_method(args, dag, ti)
  File "/home/airflow/.local/lib/python3.6/site-packages/airflow/cli/commands/task_command.py", line 107, in _run_task_by_selected_method
    _run_raw_task(args, ti)
  File "/home/airflow/.local/lib/python3.6/site-packages/airflow/cli/commands/task_command.py", line 184, in _run_raw_task
    error_file=args.error_file,
  File "/home/airflow/.local/lib/python3.6/site-packages/airflow/utils/session.py", line 70, in wrapper
    return func(*args, session=session, **kwargs)
  File "/home/airflow/.local/lib/python3.6/site-packages/airflow/models/taskinstance.py", line 1329, in _run_raw_task
    self._execute_task_with_callbacks(context)
  File "/home/airflow/.local/lib/python3.6/site-packages/airflow/models/taskinstance.py", line 1455, in _execute_task_with_callbacks
    result = self._execute_task(context, self.task)
  File "/home/airflow/.local/lib/python3.6/site-packages/airflow/models/taskinstance.py", line 1511, in _execute_task
    result = execute_callable(context=context)
  File "/home/airflow/.local/lib/python3.6/site-packages/airflow/operators/python.py", line 174, in execute
    return_value = self.execute_callable()
  File "/home/airflow/.local/lib/python3.6/site-packages/airflow/operators/python.py", line 185, in execute_callable
    return self.python_callable(*self.op_args, **self.op_kwargs)
  File "/opt/airflow/dags/data_ingestion_gcs_dag.py", line 68, in upload_to_gcs
    df.to_parquet(clean_file_name, index=False)
  File "/home/airflow/.local/lib/python3.6/site-packages/pandas/util/_decorators.py", line 199, in wrapper
    return func(*args, **kwargs)
  File "/home/airflow/.local/lib/python3.6/site-packages/pandas/core/frame.py", line 2372, in to_parquet
    **kwargs,
  File "/home/airflow/.local/lib/python3.6/site-packages/pandas/io/parquet.py", line 276, in to_parquet
    **kwargs,
  File "/home/airflow/.local/lib/python3.6/site-packages/pandas/io/parquet.py", line 101, in write
    table = self.api.Table.from_pandas(df, **from_pandas_kwargs)
  File "pyarrow/table.pxi", line 1561, in pyarrow.lib.Table.from_pandas
  File "/home/airflow/.local/lib/python3.6/site-packages/pyarrow/pandas_compat.py", line 607, in dataframe_to_arrays
    arrays[i] = maybe_fut.result()
  File "/usr/local/lib/python3.6/concurrent/futures/_base.py", line 425, in result
    return self.__get_result()
  File "/usr/local/lib/python3.6/concurrent/futures/_base.py", line 384, in __get_result
    raise self._exception
  File "/usr/local/lib/python3.6/concurrent/futures/thread.py", line 56, in run
    result = self.fn(*self.args, **self.kwargs)
  File "/home/airflow/.local/lib/python3.6/site-packages/pyarrow/pandas_compat.py", line 581, in convert_column
    raise e
  File "/home/airflow/.local/lib/python3.6/site-packages/pyarrow/pandas_compat.py", line 575, in convert_column
    result = pa.array(col, type=type_, from_pandas=True, safe=safe)
  File "pyarrow/array.pxi", line 302, in pyarrow.lib.array
  File "pyarrow/array.pxi", line 83, in pyarrow.lib._ndarray_to_array
  File "pyarrow/error.pxi", line 122, in pyarrow.lib.check_status
pyarrow.lib.ArrowTypeError: ("Expected bytes, got a 'int' object", 'Conversion failed for column store_and_fwd_flag with type object')
[2024-03-30 11:57:51,595] {local_task_job.py:154} INFO - Task exited with return code 1
[2024-03-30 11:57:51,663] {local_task_job.py:264} INFO - 0 downstream tasks scheduled from follow-on schedule check
[2024-04-30 03:02:09,292] {taskinstance.py:1032} INFO - Dependencies all met for <TaskInstance: ingest_data_bigquery.local_to_gcs_task scheduled__2023-06-02T06:00:00+00:00 [queued]>
[2024-04-30 03:02:09,468] {taskinstance.py:1032} INFO - Dependencies all met for <TaskInstance: ingest_data_bigquery.local_to_gcs_task scheduled__2023-06-02T06:00:00+00:00 [queued]>
[2024-04-30 03:02:09,470] {taskinstance.py:1238} INFO - 
--------------------------------------------------------------------------------
[2024-04-30 03:02:09,473] {taskinstance.py:1239} INFO - Starting attempt 1 of 2
[2024-04-30 03:02:09,474] {taskinstance.py:1240} INFO - 
--------------------------------------------------------------------------------
[2024-04-30 03:02:09,626] {taskinstance.py:1259} INFO - Executing <Task(PythonOperator): local_to_gcs_task> on 2023-06-02 06:00:00+00:00
[2024-04-30 03:02:09,681] {standard_task_runner.py:52} INFO - Started process 964 to run task
[2024-04-30 03:02:09,745] {standard_task_runner.py:76} INFO - Running: ['***', 'tasks', 'run', 'ingest_data_bigquery', 'local_to_gcs_task', 'scheduled__2023-06-02T06:00:00+00:00', '--job-id', '3197', '--raw', '--subdir', 'DAGS_FOLDER/data_ingestion_gcs_dag.py', '--cfg-path', '/tmp/tmpdio5jvjw', '--error-file', '/tmp/tmppmfri1xd']
[2024-04-30 03:02:09,811] {standard_task_runner.py:77} INFO - Job 3197: Subtask local_to_gcs_task
[2024-04-30 03:02:10,187] {logging_mixin.py:109} INFO - Running <TaskInstance: ingest_data_bigquery.local_to_gcs_task scheduled__2023-06-02T06:00:00+00:00 [running]> on host 02dc49e0e362
[2024-04-30 03:02:10,403] {warnings.py:99} WARNING - /home/***/.local/lib/python3.6/site-packages/***/utils/context.py:152: AirflowContextDeprecationWarning: Accessing 'execution_date' from the template is deprecated and will be removed in a future version. Please use 'data_interval_start' or 'logical_date' instead.
  warnings.warn(_create_deprecation_warning(key, self._deprecation_replacements[key]))

[2024-04-30 03:02:10,532] {taskinstance.py:1426} INFO - Exporting the following env vars:
AIRFLOW_CTX_DAG_OWNER=***
AIRFLOW_CTX_DAG_ID=ingest_data_bigquery
AIRFLOW_CTX_TASK_ID=local_to_gcs_task
AIRFLOW_CTX_EXECUTION_DATE=2023-06-02T06:00:00+00:00
AIRFLOW_CTX_DAG_RUN_ID=scheduled__2023-06-02T06:00:00+00:00
[2024-04-30 03:02:12,047] {python.py:175} INFO - Done. Returned value was: None
[2024-04-30 03:02:12,140] {taskinstance.py:1277} INFO - Marking task as SUCCESS. dag_id=ingest_data_bigquery, task_id=local_to_gcs_task, execution_date=20230602T060000, start_date=20240430T030209, end_date=20240430T030212
[2024-04-30 03:02:12,454] {local_task_job.py:154} INFO - Task exited with return code 0
[2024-04-30 03:02:12,600] {local_task_job.py:264} INFO - 1 downstream tasks scheduled from follow-on schedule check
[2024-04-30 04:35:11,204] {taskinstance.py:1032} INFO - Dependencies all met for <TaskInstance: ingest_data_bigquery.local_to_gcs_task scheduled__2023-06-02T06:00:00+00:00 [queued]>
[2024-04-30 04:35:11,221] {taskinstance.py:1032} INFO - Dependencies all met for <TaskInstance: ingest_data_bigquery.local_to_gcs_task scheduled__2023-06-02T06:00:00+00:00 [queued]>
[2024-04-30 04:35:11,222] {taskinstance.py:1238} INFO - 
--------------------------------------------------------------------------------
[2024-04-30 04:35:11,222] {taskinstance.py:1239} INFO - Starting attempt 1 of 2
[2024-04-30 04:35:11,222] {taskinstance.py:1240} INFO - 
--------------------------------------------------------------------------------
[2024-04-30 04:35:11,236] {taskinstance.py:1259} INFO - Executing <Task(PythonOperator): local_to_gcs_task> on 2023-06-02 06:00:00+00:00
[2024-04-30 04:35:11,246] {standard_task_runner.py:52} INFO - Started process 5808 to run task
[2024-04-30 04:35:11,252] {standard_task_runner.py:76} INFO - Running: ['***', 'tasks', 'run', 'ingest_data_bigquery', 'local_to_gcs_task', 'scheduled__2023-06-02T06:00:00+00:00', '--job-id', '3312', '--raw', '--subdir', 'DAGS_FOLDER/data_ingestion_gcs_dag.py', '--cfg-path', '/tmp/tmpzpfj83f_', '--error-file', '/tmp/tmpto_3fxkj']
[2024-04-30 04:35:11,257] {standard_task_runner.py:77} INFO - Job 3312: Subtask local_to_gcs_task
[2024-04-30 04:35:11,347] {logging_mixin.py:109} INFO - Running <TaskInstance: ingest_data_bigquery.local_to_gcs_task scheduled__2023-06-02T06:00:00+00:00 [running]> on host 02dc49e0e362
[2024-04-30 04:35:11,404] {warnings.py:99} WARNING - /home/***/.local/lib/python3.6/site-packages/***/utils/context.py:152: AirflowContextDeprecationWarning: Accessing 'execution_date' from the template is deprecated and will be removed in a future version. Please use 'data_interval_start' or 'logical_date' instead.
  warnings.warn(_create_deprecation_warning(key, self._deprecation_replacements[key]))

[2024-04-30 04:35:11,445] {taskinstance.py:1426} INFO - Exporting the following env vars:
AIRFLOW_CTX_DAG_OWNER=***
AIRFLOW_CTX_DAG_ID=ingest_data_bigquery
AIRFLOW_CTX_TASK_ID=local_to_gcs_task
AIRFLOW_CTX_EXECUTION_DATE=2023-06-02T06:00:00+00:00
AIRFLOW_CTX_DAG_RUN_ID=scheduled__2023-06-02T06:00:00+00:00
[2024-04-30 04:35:24,686] {python.py:175} INFO - Done. Returned value was: None
[2024-04-30 04:35:25,144] {taskinstance.py:1277} INFO - Marking task as SUCCESS. dag_id=ingest_data_bigquery, task_id=local_to_gcs_task, execution_date=20230602T060000, start_date=20240430T043511, end_date=20240430T043525
[2024-04-30 04:35:25,223] {local_task_job.py:154} INFO - Task exited with return code 0
[2024-04-30 04:35:25,298] {local_task_job.py:264} INFO - 1 downstream tasks scheduled from follow-on schedule check
