[2024-03-30 12:08:07,544] {taskinstance.py:1032} INFO - Dependencies all met for <TaskInstance: ingest_data_bigquery.local_to_gcs_task scheduled__2023-06-02T06:00:00+00:00 [queued]>
[2024-03-30 12:08:07,565] {taskinstance.py:1032} INFO - Dependencies all met for <TaskInstance: ingest_data_bigquery.local_to_gcs_task scheduled__2023-06-02T06:00:00+00:00 [queued]>
[2024-03-30 12:08:07,565] {taskinstance.py:1238} INFO - 
--------------------------------------------------------------------------------
[2024-03-30 12:08:07,566] {taskinstance.py:1239} INFO - Starting attempt 3 of 4
[2024-03-30 12:08:07,566] {taskinstance.py:1240} INFO - 
--------------------------------------------------------------------------------
[2024-03-30 12:08:07,588] {taskinstance.py:1259} INFO - Executing <Task(PythonOperator): local_to_gcs_task> on 2023-06-02 06:00:00+00:00
[2024-03-30 12:08:07,615] {standard_task_runner.py:76} INFO - Running: ['***', 'tasks', 'run', 'ingest_data_bigquery', 'local_to_gcs_task', 'scheduled__2023-06-02T06:00:00+00:00', '--job-id', '2949', '--raw', '--subdir', 'DAGS_FOLDER/data_ingestion_gcs_dag.py', '--cfg-path', '/tmp/tmpcnuro9mr', '--error-file', '/tmp/tmpm2b1c5ui']
[2024-03-30 12:08:07,623] {standard_task_runner.py:52} INFO - Started process 29604 to run task
[2024-03-30 12:08:07,634] {standard_task_runner.py:77} INFO - Job 2949: Subtask local_to_gcs_task
[2024-03-30 12:08:07,763] {logging_mixin.py:109} INFO - Running <TaskInstance: ingest_data_bigquery.local_to_gcs_task scheduled__2023-06-02T06:00:00+00:00 [running]> on host 98c5b3fde4c4
[2024-03-30 12:08:07,839] {warnings.py:99} WARNING - /home/***/.local/lib/python3.6/site-packages/***/utils/context.py:152: AirflowContextDeprecationWarning: Accessing 'execution_date' from the template is deprecated and will be removed in a future version. Please use 'data_interval_start' or 'logical_date' instead.
  warnings.warn(_create_deprecation_warning(key, self._deprecation_replacements[key]))

[2024-03-30 12:08:07,888] {taskinstance.py:1426} INFO - Exporting the following env vars:
AIRFLOW_CTX_DAG_OWNER=***
AIRFLOW_CTX_DAG_ID=ingest_data_bigquery
AIRFLOW_CTX_TASK_ID=local_to_gcs_task
AIRFLOW_CTX_EXECUTION_DATE=2023-06-02T06:00:00+00:00
AIRFLOW_CTX_DAG_RUN_ID=scheduled__2023-06-02T06:00:00+00:00
[2024-03-30 12:08:17,399] {local_task_job.py:154} INFO - Task exited with return code Negsignal.SIGKILL
[2024-03-30 12:08:17,897] {taskinstance.py:1277} INFO - Marking task as UP_FOR_RETRY. dag_id=ingest_data_bigquery, task_id=local_to_gcs_task, execution_date=20230602T060000, start_date=20240330T120807, end_date=20240330T120817
[2024-03-30 12:08:18,358] {local_task_job.py:264} INFO - 0 downstream tasks scheduled from follow-on schedule check
